<TA_project created="1213283179.32" name="test-with-images" revision_name="Reset language" source_type="local">
  <project_setup default_encoding="iso-8859-1" index_file_name="/index.htm" original_language="English" scan_file_types="html, htm, php, asp, aspx, shtml, jsp" use_source_encoding="True">
    <common_root>C:\htdocs_orig\ormansoft</common_root>
  </project_setup><ta_source_files>
    <included_files>
      <file md5="e898a4f904f39051f88e8eb550ba8a4c" sentences="2" title="debug - $ppnt_name and $pbnt_name software by OnTheGoSoft" type="html" words="10">/index.htm</file>
      <file md5="ba678c67417f6dfa7a4616be82224635" sentences="31" title="Purchase $ppnt_name and $pbnt_name" type="html" words="206">/buy.htm</file>
      <file md5="495fedcd8f92b9828ff8c3504ac6dd21" sentences="0" title="Partner with OnTheGoSoft" type="html" words="0">/partners.htm</file>
      <file md5="badc4be2bb70c88df133a96055c462de" sentences="0" title="Digital photography related resources" type="html" words="0">/links_nav.htm</file>
      <file md5="5ff16e34c133473e73df7469c9ab4e85" sentences="0" title="Purchase process information" type="html" words="0">/help_buy.htm</file>
      <file md5="090b68f131e59d9c1f706934c50c1fa3" sentences="0" title="OnTheGoSoft SiteMap" type="html" words="0">/sitemap.htm</file>
      <file md5="d32e84d266d0c81a40cdd1e10b966104" sentences="0" title="Additional purchasing options" type="html" words="0">/alternative_processor.htm</file>
      <file md5="f7db11e4da8acb74c4ddc6a09cd05366" sentences="0" title="Printing Child ID Cards with Passport Photo" type="html" words="0">/child_id_cards.htm</file>
      <file md5="39513419227520124bf20e3d51d94211" sentences="0" title="Passport Application - what to do?" type="html" words="0">/passport_application.htm</file>
      <file md5="bb5731c81f160112962ba2850dcf58c9" sentences="0" title="Passport Renewal - what to do?" type="html" words="0">/passport_renewal.htm</file>
      <file md5="09b483112e34a57ce014d8eab442bee0" sentences="0" title="Troubleshooting passport pictures" type="html" words="0">/common_photo_problems.htm</file>
      <file md5="91785de394399dcc78700e7b116c98a7" sentences="0" title="Passport photo requirements" type="html" words="0">/passport_photo_specifications.htm</file>
      <file md5="c8baa6b99f71d3c74705e7046a435bd8" sentences="0" title="Multi-lingual texts for child ID cards" type="html" words="0">/translated-texts-for-id-cards.htm</file>
      <file md5="97adbab721d4c6b79868d66d24ee4c3f" sentences="0" title="Photo Backup overview" type="html" words="0">/overview.htm</file>
      <file md5="7dbf4134fdfa84846706e8f0161a1115" sentences="0" title="Photo Backup features" type="html" words="0">/benefits.htm</file>
      <file md5="dac519af40abf9a3db2056dfbf7cc96e" sentences="0" title="About Photo Backup LE" type="html" words="0">/photo_backup_le.htm</file>
      <file md5="dfc94bb779f170eb50005943c80abf81" sentences="0" title="Archive digital photos to CD or DVD" type="html" words="0">/backup_photos.htm</file>
      <file md5="5124ba1b6c5b33d1ca08685242566eac" sentences="0" title="Easy to use photo organizer" type="html" words="0">/organize_photos.htm</file>
      <file md5="7e4c022e59522b32a226c4e243b26bff" sentences="0" title="Photo Backup versions history" type="html" words="0">/versions.htm</file>
      <file md5="3efacf8c311c9357261cfa0e40effd68" sentences="0" title="Supported photo types" type="html" words="0">/photo_types.htm</file>
      <file md5="4f4a8ec5fdbc6fd26c41cecc0561e49e" sentences="0" title="Burn music files to multiple CDs and DVDs" type="html" words="0">/backup_audio.htm</file>
      <file md5="2e0409d5c1a8775e55d762eda7e2226e" sentences="0" title="Create an index for photos on CDs and DVDs" type="html" words="0">/make_index.htm</file>
      <file md5="605cef207f15b02ea8ad06ed6b63011a" sentences="0" title="CD burning software" type="html" words="0">/cd_burning.htm</file>
      <file md5="23304552469789b1905675f9ff7609c9" sentences="0" title="Irfanviewer - A lightweight flexible image viewer and Editor" type="html" words="0">/irfanview_intro.htm</file>
      <file md5="a70869433a4209cc58dc6b72f9701d03" sentences="0" title="Enable DMA mode in Windows XP" type="html" words="0">/dma_setting_nt.htm</file>
      <file md5="798696b33d1fc6c643c804aa43149616" sentences="0" title="GIMP (Gnu Image Manipulation Package) - Introduction" type="html" words="0">/gimp_intro.htm</file>
      <file md5="0b1ad55d9e2eafb7622ca9f30d10d7da" sentences="0" title="Backup software for photographers" type="html" words="0">/pros.htm</file>
      <file md5="513c616d305024f9cb005433d23e8e03" sentences="0" title="Virus threats to your computer" type="html" words="0">/av.htm</file>
      <file md5="ec2536696bc9199605b9db32713de55f" sentences="0" title="Useful photography related links" type="html" words="0">/links.htm</file>
      <file md5="f01d91ab55075ce13dd3f94961d52e29" sentences="0" title="Photo Backup rating on shareware sites" type="html" words="0">/rating.htm</file>
      <file md5="84fd81b6e20750f87996943f51efd772" sentences="0" title="Photo Backup rating on shareware sites" type="html" words="0">/stats.htm</file>
    </included_files><excluded_files>
      <file title="$ppnt_name and $pbnt_name Free Trial Downloads" type="html">/download.htm</file>
      <file title="Contact OnTheGoSoft with questions and suggestions" type="html">/contact.htm</file>
      <file title="$ppnt_name software - do it yourself" type="html">/passport_photo.htm</file>
      <file title="Support" type="html">/support.htm</file>
      <file title="$ppnt_name download" type="html">/pp_download.htm</file>
      <file title="$spnt_name free download" type="html">/sp_download.htm</file>
      <file title="$pbnt_name download" type="html">/pb_download.htm</file>
      <file title="Professional Digital Photo Backup for Windows" type="html">/photo_backup.htm</file>
      <file title="$spnt_name - Free photo resizer for email, IM, blogging and web galleries" type="html">/shrink_pic.htm</file>
    </excluded_files><support_files>
      <file id="80" type="archive">
        <name>/images/afreego.gif.gz</name>
        <size>4469</size>
        <zipped_size>4303</zipped_size>
        <date>0</date>
        <included_file md5="0c6ea5f5e16a232ce27fa15e73f3e570">/images/afreego.gif</included_file>
        <translation handle_translation="False" requires_translation="False">
          <text_data language="German">
            <text rev_id="-1" status="New" time="1222355861" />
          </text_data><text_data language="Spanish">
            <text rev_id="-1" status="New" time="1222355861" />
          </text_data>
        </translation>
      </file><file id="81" type="archive">
        <name>/images/amazing.gif.gz</name>
        <size>1684</size>
        <zipped_size>1797</zipped_size>
        <date>0</date>
        <included_file md5="487cc06d0a3a384f35eb47fa408a3d88">/images/amazing.gif</included_file>
        <translation handle_translation="False" requires_translation="False">
          <text_data language="German">
            <text rev_id="-1" status="New" time="1222355861" />
          </text_data><text_data language="Spanish">
            <text rev_id="-1" status="New" time="1222355861" />
          </text_data>
        </translation>
      </file><file id="82" type="archive">
        <name>/images/av.gif.gz</name>
        <size>15276</size>
        <zipped_size>15119</zipped_size>
        <date>0</date>
        <included_file md5="9efe171cb83d2aec8bd9259c6d76f665">/images/av.gif</included_file>
        <translation handle_translation="False" requires_translation="False">
          <text_data language="German">
            <text rev_id="-1" status="New" time="1222355861" />
          </text_data><text_data language="Spanish">
            <text rev_id="-1" status="New" time="1222355861" />
          </text_data>
        </translation>
      </file><file id="45" type="archive">
        <name>/images/bluebottom.gif.gz</name>
        <size>118</size>
        <zipped_size>0</zipped_size>
        <date>0</date>
        <included_file md5="23cd9e6ab6c1251a860ebc53bcd007f7">/images/bluebottom.gif</included_file>
        <translation handle_translation="False" requires_translation="False">
          <text_data language="German">
            <text rev_id="-1" status="New" time="1222355861" />
          </text_data><text_data language="Spanish">
            <text rev_id="-1" status="New" time="1222355861" />
          </text_data>
        </translation>
      </file><file id="46" type="archive">
        <name>/images/bluetop.gif.gz</name>
        <size>118</size>
        <zipped_size>0</zipped_size>
        <date>0</date>
        <included_file md5="f73283052fcf83beed3e6485bf7a5ad9">/images/bluetop.gif</included_file>
        <translation handle_translation="False" requires_translation="False">
          <text_data language="German">
            <text rev_id="-1" status="New" time="1222355861" />
          </text_data><text_data language="Spanish">
            <text rev_id="-1" status="New" time="1222355861" />
          </text_data>
        </translation>
      </file><file id="83" type="archive">
        <name>/images/bookmark_us.png.gz</name>
        <size>2014</size>
        <zipped_size>2127</zipped_size>
        <date>0</date>
        <included_file md5="fc8dc1d996c3b94cb3c89ffbd02816c7">/images/bookmark_us.png</included_file>
        <translation handle_translation="False" requires_translation="False">
          <text_data language="German">
            <text rev_id="-1" status="New" time="1222355861" />
          </text_data><text_data language="Spanish">
            <text rev_id="-1" status="New" time="1222355861" />
          </text_data>
        </translation>
      </file><file id="47" type="archive">
        <name>/images/bottomwhite.gif.gz</name>
        <size>462</size>
        <zipped_size>0</zipped_size>
        <date>0</date>
        <included_file md5="6bd47f34a2433cda0ca8c04112aa43f0">/images/bottomwhite.gif</included_file>
        <translation handle_translation="False" requires_translation="False">
          <text_data language="German">
            <text rev_id="-1" status="New" time="1222355861" />
          </text_data><text_data language="Spanish">
            <text rev_id="-1" status="New" time="1222355861" />
          </text_data>
        </translation>
      </file><file id="48" type="archive">
        <name>/images/bottomwhite2.gif.gz</name>
        <size>522</size>
        <zipped_size>0</zipped_size>
        <date>0</date>
        <included_file md5="a298875d8f54ddb08e3187382889d62d">/images/bottomwhite2.gif</included_file>
        <translation handle_translation="False" requires_translation="False">
          <text_data language="German">
            <text rev_id="-1" status="New" time="1222355861" />
          </text_data><text_data language="Spanish">
            <text rev_id="-1" status="New" time="1222355861" />
          </text_data>
        </translation>
      </file><file id="84" type="archive">
        <name>/images/brother.gif.gz</name>
        <size>1163</size>
        <zipped_size>1276</zipped_size>
        <date>0</date>
        <included_file md5="dfb8a9cb8ecbaedef721e8090de50dc2">/images/brother.gif</included_file>
        <translation handle_translation="False" requires_translation="False">
          <text_data language="German">
            <text rev_id="-1" status="New" time="1222355861" />
          </text_data><text_data language="Spanish">
            <text rev_id="-1" status="New" time="1222355861" />
          </text_data>
        </translation>
      </file><file id="49" type="archive">
        <name>/images/buy.gif.gz</name>
        <size>1034</size>
        <zipped_size>0</zipped_size>
        <date>0</date>
        <included_file md5="32d5a2ca0c613b14d5867dd44b25c5ae">/images/buy.gif</included_file>
        <translation handle_translation="False" requires_translation="True">
          <text_data language="German">
            <text rev_id="-1" status="New" time="1222355861" />
          </text_data><text_data language="Spanish">
            <text rev_id="-1" status="New" time="1222355861" />
          </text_data>
        </translation>
      </file><file id="85" type="archive">
        <name>/images/checkmark.gif.gz</name>
        <size>366</size>
        <zipped_size>479</zipped_size>
        <date>0</date>
        <included_file md5="155c71f7cacc434b6af2e51aa0223a6c">/images/checkmark.gif</included_file>
        <translation handle_translation="False" requires_translation="False">
          <text_data language="German">
            <text rev_id="-1" status="New" time="1222355861" />
          </text_data><text_data language="Spanish">
            <text rev_id="-1" status="New" time="1222355861" />
          </text_data>
        </translation>
      </file><file id="86" type="archive">
        <name>/images/corners/white-left-btm.gif.gz</name>
        <size>176</size>
        <zipped_size>285</zipped_size>
        <date>0</date>
        <included_file md5="1a37391c0b9501e0f7e307d6a62cbad4">/images/corners/white-left-btm.gif</included_file>
        <translation handle_translation="False" requires_translation="False">
          <text_data language="German">
            <text rev_id="-1" status="New" time="1222355861" />
          </text_data><text_data language="Spanish">
            <text rev_id="-1" status="New" time="1222355861" />
          </text_data>
        </translation>
      </file><file id="87" type="archive">
        <name>/images/corners/white-left-tp.gif.gz</name>
        <size>176</size>
        <zipped_size>285</zipped_size>
        <date>0</date>
        <included_file md5="88a266ea2326afbb0eecf45dd4ca9375">/images/corners/white-left-tp.gif</included_file>
        <translation handle_translation="False" requires_translation="False">
          <text_data language="German">
            <text rev_id="-1" status="New" time="1222355861" />
          </text_data><text_data language="Spanish">
            <text rev_id="-1" status="New" time="1222355861" />
          </text_data>
        </translation>
      </file><file id="88" type="archive">
        <name>/images/corners/white-right-btm.gif.gz</name>
        <size>176</size>
        <zipped_size>284</zipped_size>
        <date>0</date>
        <included_file md5="d8acf6cd0a59cd42e08b246a1b09f0e3">/images/corners/white-right-btm.gif</included_file>
        <translation handle_translation="False" requires_translation="False">
          <text_data language="German">
            <text rev_id="-1" status="New" time="1222355861" />
          </text_data><text_data language="Spanish">
            <text rev_id="-1" status="New" time="1222355861" />
          </text_data>
        </translation>
      </file><file id="89" type="archive">
        <name>/images/corners/white-right-tp.gif.gz</name>
        <size>176</size>
        <zipped_size>286</zipped_size>
        <date>0</date>
        <included_file md5="f0ad1713be3b71e60b5fae98c99b4dd9">/images/corners/white-right-tp.gif</included_file>
        <translation handle_translation="False" requires_translation="False">
          <text_data language="German">
            <text rev_id="-1" status="New" time="1222355861" />
          </text_data><text_data language="Spanish">
            <text rev_id="-1" status="New" time="1222355861" />
          </text_data>
        </translation>
      </file><file id="50" type="archive">
        <name>/images/download.gif.gz</name>
        <size>1586</size>
        <zipped_size>0</zipped_size>
        <date>0</date>
        <included_file md5="e4602a6fd6beef57cf144d4508a4e29d">/images/download.gif</included_file>
        <translation handle_translation="False" requires_translation="True">
          <text_data language="German">
            <text rev_id="-1" status="New" time="1222355861" />
          </text_data><text_data language="Spanish">
            <text rev_id="-1" status="New" time="1222355861" />
          </text_data>
        </translation>
      </file><file id="90" type="archive">
        <name>/images/exclaim.gif.gz</name>
        <size>1023</size>
        <zipped_size>972</zipped_size>
        <date>0</date>
        <included_file md5="7c87c63ddb65ee7220d9af1c0861d917">/images/exclaim.gif</included_file>
        <translation handle_translation="False" requires_translation="False">
          <text_data language="German">
            <text rev_id="-1" status="New" time="1222355861" />
          </text_data><text_data language="Spanish">
            <text rev_id="-1" status="New" time="1222355861" />
          </text_data>
        </translation>
      </file><file id="91" type="archive">
        <name>/images/file_transit.gif.gz</name>
        <size>5181</size>
        <zipped_size>4807</zipped_size>
        <date>0</date>
        <included_file md5="591d88e88e137149b3fa7c8a6b1cc350">/images/file_transit.gif</included_file>
        <translation handle_translation="False" requires_translation="False">
          <text_data language="German">
            <text rev_id="-1" status="New" time="1222355861" />
          </text_data><text_data language="Spanish">
            <text rev_id="-1" status="New" time="1222355861" />
          </text_data>
        </translation>
      </file><file id="92" type="archive">
        <name>/images/here.gif.gz</name>
        <size>99</size>
        <zipped_size>185</zipped_size>
        <date>0</date>
        <included_file md5="4ab313f68826bcde29071d6b3e88f83e">/images/here.gif</included_file>
        <translation handle_translation="False" requires_translation="False">
          <text_data language="German">
            <text rev_id="-1" status="New" time="1222355861" />
          </text_data><text_data language="Spanish">
            <text rev_id="-1" status="New" time="1222355861" />
          </text_data>
        </translation>
      </file><file id="51" type="archive">
        <name>/images/logo1.gif.gz</name>
        <size>4512</size>
        <zipped_size>0</zipped_size>
        <date>0</date>
        <included_file md5="3bdacea95c3bda7995c1973e920cb93a">/images/logo1.gif</included_file>
        <translation handle_translation="False" requires_translation="True">
          <text_data language="German">
            <text rev_id="-1" status="New" time="1222355861" />
          </text_data><text_data language="Spanish">
            <text rev_id="-1" status="New" time="1222355861" />
          </text_data>
        </translation>
      </file><file id="52" type="archive">
        <name>/images/menutabA1.gif.gz</name>
        <size>431</size>
        <zipped_size>0</zipped_size>
        <date>0</date>
        <included_file md5="cd0b9e4be04820e29e6f10edecc40d0a">/images/menutabA1.gif</included_file>
        <translation handle_translation="False" requires_translation="False">
          <text_data language="German">
            <text rev_id="-1" status="New" time="1222355861" />
          </text_data><text_data language="Spanish">
            <text rev_id="-1" status="New" time="1222355861" />
          </text_data>
        </translation>
      </file><file id="53" type="archive">
        <name>/images/menutabB1.gif.gz</name>
        <size>435</size>
        <zipped_size>0</zipped_size>
        <date>0</date>
        <included_file md5="40802326b6b279c58011e82f289550ea">/images/menutabB1.gif</included_file>
        <translation handle_translation="False" requires_translation="False">
          <text_data language="German">
            <text rev_id="-1" status="New" time="1222355861" />
          </text_data><text_data language="Spanish">
            <text rev_id="-1" status="New" time="1222355861" />
          </text_data>
        </translation>
      </file><file id="93" type="archive">
        <name>/images/mystery.gif.gz</name>
        <size>1321</size>
        <zipped_size>1435</zipped_size>
        <date>0</date>
        <included_file md5="8855e73f57b4f0c4ab22d35f8075918b">/images/mystery.gif</included_file>
        <translation handle_translation="False" requires_translation="False">
          <text_data language="German">
            <text rev_id="-1" status="New" time="1222355861" />
          </text_data><text_data language="Spanish">
            <text rev_id="-1" status="New" time="1222355861" />
          </text_data>
        </translation>
      </file><file id="94" type="archive">
        <name>/images/newsletter/newspaper.png.gz</name>
        <size>2282</size>
        <zipped_size>2396</zipped_size>
        <date>0</date>
        <included_file md5="342ed97d639306f13eb5114257fca8a4">/images/newsletter/newspaper.png</included_file>
        <translation handle_translation="False" requires_translation="False">
          <text_data language="German">
            <text rev_id="-1" status="New" time="1222355861" />
          </text_data><text_data language="Spanish">
            <text rev_id="-1" status="New" time="1222355861" />
          </text_data>
        </translation>
      </file><file id="54" type="archive">
        <name>/images/next.gif.gz</name>
        <size>269</size>
        <zipped_size>0</zipped_size>
        <date>0</date>
        <included_file md5="95ae9c6608feb0239c621044c35ffe16">/images/next.gif</included_file>
        <translation handle_translation="False" requires_translation="False">
          <text_data language="German">
            <text rev_id="-1" status="New" time="1222355861" />
          </text_data><text_data language="Spanish">
            <text rev_id="-1" status="New" time="1222355861" />
          </text_data>
        </translation>
      </file><file id="95" type="archive">
        <name>/images/p4p.jpeg.gz</name>
        <size>1019</size>
        <zipped_size>1074</zipped_size>
        <date>0</date>
        <included_file md5="498a0c9c0973a19ff83b78d72ac62db6">/images/p4p.jpeg</included_file>
        <translation handle_translation="False" requires_translation="False">
          <text_data language="German">
            <text rev_id="-1" status="New" time="1222355861" />
          </text_data><text_data language="Spanish">
            <text rev_id="-1" status="New" time="1222355861" />
          </text_data>
        </translation>
      </file><file id="96" type="archive">
        <name>/images/passport/child_id_card_sample.png.gz</name>
        <size>17679</size>
        <zipped_size>17639</zipped_size>
        <date>0</date>
        <included_file md5="27e09657d4c2e6af5fee937cf89fbce1">/images/passport/child_id_card_sample.png</included_file>
        <translation handle_translation="False" requires_translation="False">
          <text_data language="German">
            <text rev_id="-1" status="New" time="1222355861" />
          </text_data><text_data language="Spanish">
            <text rev_id="-1" status="New" time="1222355861" />
          </text_data>
        </translation>
      </file><file id="97" type="archive">
        <name>/images/passport/samples/amir.jpg.gz</name>
        <size>2491</size>
        <zipped_size>2572</zipped_size>
        <date>0</date>
        <included_file md5="7dde397f08d3333a222ac47b2dbc5cd3">/images/passport/samples/amir.jpg</included_file>
        <translation handle_translation="False" requires_translation="False">
          <text_data language="German">
            <text rev_id="-1" status="New" time="1222355861" />
          </text_data><text_data language="Spanish">
            <text rev_id="-1" status="New" time="1222355861" />
          </text_data>
        </translation>
      </file><file id="98" type="archive">
        <name>/images/passport/samples/blue.jpg.gz</name>
        <size>2399</size>
        <zipped_size>2474</zipped_size>
        <date>0</date>
        <included_file md5="809b0251a0b4c38755618d3b2e140e8d">/images/passport/samples/blue.jpg</included_file>
        <translation handle_translation="False" requires_translation="False">
          <text_data language="German">
            <text rev_id="-1" status="New" time="1222355861" />
          </text_data><text_data language="Spanish">
            <text rev_id="-1" status="New" time="1222355861" />
          </text_data>
        </translation>
      </file><file id="99" type="archive">
        <name>/images/passport/samples/good1.jpg.gz</name>
        <size>5526</size>
        <zipped_size>5601</zipped_size>
        <date>0</date>
        <included_file md5="336194de44f1400530c533da7178cd2e">/images/passport/samples/good1.jpg</included_file>
        <translation handle_translation="False" requires_translation="False">
          <text_data language="German">
            <text rev_id="-1" status="New" time="1222355861" />
          </text_data><text_data language="Spanish">
            <text rev_id="-1" status="New" time="1222355861" />
          </text_data>
        </translation>
      </file><file id="100" type="archive">
        <name>/images/passport/samples/grainy.jpg.gz</name>
        <size>17213</size>
        <zipped_size>16023</zipped_size>
        <date>0</date>
        <included_file md5="d8acdc85e4d2e2c95bb8b1a65933c73c">/images/passport/samples/grainy.jpg</included_file>
        <translation handle_translation="False" requires_translation="False">
          <text_data language="German">
            <text rev_id="-1" status="New" time="1222355861" />
          </text_data><text_data language="Spanish">
            <text rev_id="-1" status="New" time="1222355861" />
          </text_data>
        </translation>
      </file><file id="101" type="archive">
        <name>/images/passport/samples/half_smile.jpg.gz</name>
        <size>2345</size>
        <zipped_size>2416</zipped_size>
        <date>0</date>
        <included_file md5="4e58867c476153a2001ef45b60df6a9f">/images/passport/samples/half_smile.jpg</included_file>
        <translation handle_translation="False" requires_translation="False">
          <text_data language="German">
            <text rev_id="-1" status="New" time="1222355861" />
          </text_data><text_data language="Spanish">
            <text rev_id="-1" status="New" time="1222355861" />
          </text_data>
        </translation>
      </file><file id="102" type="archive">
        <name>/images/passport/samples/pillow.jpg.gz</name>
        <size>5248</size>
        <zipped_size>5296</zipped_size>
        <date>0</date>
        <included_file md5="524d97ab65ef0786eccd9a2ce10df452">/images/passport/samples/pillow.jpg</included_file>
        <translation handle_translation="False" requires_translation="False">
          <text_data language="German">
            <text rev_id="-1" status="New" time="1222355861" />
          </text_data><text_data language="Spanish">
            <text rev_id="-1" status="New" time="1222355861" />
          </text_data>
        </translation>
      </file><file id="103" type="archive">
        <name>/images/passport/samples/reflection.jpg.gz</name>
        <size>21602</size>
        <zipped_size>20513</zipped_size>
        <date>0</date>
        <included_file md5="0a0af3ce0ec520c2735471f93e050bf5">/images/passport/samples/reflection.jpg</included_file>
        <translation handle_translation="False" requires_translation="False">
          <text_data language="German">
            <text rev_id="-1" status="New" time="1222355861" />
          </text_data><text_data language="Spanish">
            <text rev_id="-1" status="New" time="1222355861" />
          </text_data>
        </translation>
      </file><file id="104" type="archive">
        <name>/images/passport/samples/roni_large.png.gz</name>
        <size>19910</size>
        <zipped_size>20029</zipped_size>
        <date>0</date>
        <included_file md5="7defc1c926bbe8789a8e401e90b894e5">/images/passport/samples/roni_large.png</included_file>
        <translation handle_translation="False" requires_translation="False">
          <text_data language="German">
            <text rev_id="-1" status="New" time="1222355861" />
          </text_data><text_data language="Spanish">
            <text rev_id="-1" status="New" time="1222355861" />
          </text_data>
        </translation>
      </file><file id="105" type="archive">
        <name>/images/passport/samples/roni_small.png.gz</name>
        <size>18696</size>
        <zipped_size>18815</zipped_size>
        <date>0</date>
        <included_file md5="d2dfa931d8a8ff9f7930e6ea320f860d">/images/passport/samples/roni_small.png</included_file>
        <translation handle_translation="False" requires_translation="False">
          <text_data language="German">
            <text rev_id="-1" status="New" time="1222355861" />
          </text_data><text_data language="Spanish">
            <text rev_id="-1" status="New" time="1222355861" />
          </text_data>
        </translation>
      </file><file id="106" type="archive">
        <name>/images/photobackup/1.gif.gz</name>
        <size>3037</size>
        <zipped_size>3151</zipped_size>
        <date>0</date>
        <included_file md5="43043e7928bb3cf3d89e6f129dac2597">/images/photobackup/1.gif</included_file>
        <translation handle_translation="False" requires_translation="False">
          <text_data language="German">
            <text rev_id="-1" status="New" time="1222355861" />
          </text_data><text_data language="Spanish">
            <text rev_id="-1" status="New" time="1222355861" />
          </text_data>
        </translation>
      </file><file id="55" type="archive">
        <name>/images/photobackup/1bckgrnd.gif.gz</name>
        <size>124</size>
        <zipped_size>0</zipped_size>
        <date>0</date>
        <included_file md5="50b2dda05fc14c4788a9cfc27d103fcf">/images/photobackup/1bckgrnd.gif</included_file>
        <translation handle_translation="False" requires_translation="False">
          <text_data language="German">
            <text rev_id="-1" status="New" time="1222355861" />
          </text_data><text_data language="Spanish">
            <text rev_id="-1" status="New" time="1222355861" />
          </text_data>
        </translation>
      </file><file id="107" type="archive">
        <name>/images/photobackup/2.gif.gz</name>
        <size>2850</size>
        <zipped_size>2964</zipped_size>
        <date>0</date>
        <included_file md5="df6e404c2d43ff5173890bcfc29c4122">/images/photobackup/2.gif</included_file>
        <translation handle_translation="False" requires_translation="False">
          <text_data language="German">
            <text rev_id="-1" status="New" time="1222355861" />
          </text_data><text_data language="Spanish">
            <text rev_id="-1" status="New" time="1222355861" />
          </text_data>
        </translation>
      </file><file id="56" type="archive">
        <name>/images/photobackup/2bckgrnd.gif.gz</name>
        <size>150</size>
        <zipped_size>0</zipped_size>
        <date>0</date>
        <included_file md5="370a9d9d0da35060a175d78d3780c901">/images/photobackup/2bckgrnd.gif</included_file>
        <translation handle_translation="False" requires_translation="False">
          <text_data language="German">
            <text rev_id="-1" status="New" time="1222355861" />
          </text_data><text_data language="Spanish">
            <text rev_id="-1" status="New" time="1222355861" />
          </text_data>
        </translation>
      </file><file id="108" type="archive">
        <name>/images/photobackup/3.gif.gz</name>
        <size>4263</size>
        <zipped_size>4377</zipped_size>
        <date>0</date>
        <included_file md5="6006b037c0ef7db3fff2d0b7a7bff734">/images/photobackup/3.gif</included_file>
        <translation handle_translation="False" requires_translation="False">
          <text_data language="German">
            <text rev_id="-1" status="New" time="1222355861" />
          </text_data><text_data language="Spanish">
            <text rev_id="-1" status="New" time="1222355861" />
          </text_data>
        </translation>
      </file><file id="57" type="archive">
        <name>/images/photobackup/3bckgrnd.gif.gz</name>
        <size>159</size>
        <zipped_size>0</zipped_size>
        <date>0</date>
        <included_file md5="48b8157f4c6065a84238f484fb8f9cad">/images/photobackup/3bckgrnd.gif</included_file>
        <translation handle_translation="False" requires_translation="False">
          <text_data language="German">
            <text rev_id="-1" status="New" time="1222355861" />
          </text_data><text_data language="Spanish">
            <text rev_id="-1" status="New" time="1222355861" />
          </text_data>
        </translation>
      </file><file id="109" type="archive">
        <name>/images/photobackup/backup_button_201.jpg.gz</name>
        <size>28541</size>
        <zipped_size>26419</zipped_size>
        <date>0</date>
        <included_file md5="4877cef4e3780e01f83b96156ed20bf3">/images/photobackup/backup_button_201.jpg</included_file>
        <translation handle_translation="False" requires_translation="False">
          <text_data language="German">
            <text rev_id="-1" status="New" time="1222355861" />
          </text_data><text_data language="Spanish">
            <text rev_id="-1" status="New" time="1222355861" />
          </text_data>
        </translation>
      </file><file id="110" type="archive">
        <name>/images/photobackup/cd_media.jpg.gz</name>
        <size>1991</size>
        <zipped_size>1952</zipped_size>
        <date>0</date>
        <included_file md5="22b907d36af027b4b18c5e664feb4b96">/images/photobackup/cd_media.jpg</included_file>
        <translation handle_translation="False" requires_translation="False">
          <text_data language="German">
            <text rev_id="-1" status="New" time="1222355861" />
          </text_data><text_data language="Spanish">
            <text rev_id="-1" status="New" time="1222355861" />
          </text_data>
        </translation>
      </file><file id="111" type="archive">
        <name>/images/photobackup/cdrw_drive.jpg.gz</name>
        <size>2269</size>
        <zipped_size>2230</zipped_size>
        <date>0</date>
        <included_file md5="a17c0a1f9a5eea61f4a2789345153246">/images/photobackup/cdrw_drive.jpg</included_file>
        <translation handle_translation="False" requires_translation="False">
          <text_data language="German">
            <text rev_id="-1" status="New" time="1222355861" />
          </text_data><text_data language="Spanish">
            <text rev_id="-1" status="New" time="1222355861" />
          </text_data>
        </translation>
      </file><file id="112" type="archive">
        <name>/images/photobackup/dma1.gif.gz</name>
        <size>3640</size>
        <zipped_size>3754</zipped_size>
        <date>0</date>
        <included_file md5="772ed787a8a73b3cc50188306d0c2280">/images/photobackup/dma1.gif</included_file>
        <translation handle_translation="False" requires_translation="False">
          <text_data language="German">
            <text rev_id="-1" status="New" time="1222355861" />
          </text_data><text_data language="Spanish">
            <text rev_id="-1" status="New" time="1222355861" />
          </text_data>
        </translation>
      </file><file id="113" type="archive">
        <name>/images/photobackup/dma2.gif.gz</name>
        <size>15252</size>
        <zipped_size>15366</zipped_size>
        <date>0</date>
        <included_file md5="91f1b8508847b2a71c647ade842839e5">/images/photobackup/dma2.gif</included_file>
        <translation handle_translation="False" requires_translation="False">
          <text_data language="German">
            <text rev_id="-1" status="New" time="1222355861" />
          </text_data><text_data language="Spanish">
            <text rev_id="-1" status="New" time="1222355861" />
          </text_data>
        </translation>
      </file><file id="114" type="archive">
        <name>/images/photobackup/dma3.gif.gz</name>
        <size>21953</size>
        <zipped_size>22072</zipped_size>
        <date>0</date>
        <included_file md5="8737803d78e8b81b0fc2b3d6a4987b4d">/images/photobackup/dma3.gif</included_file>
        <translation handle_translation="False" requires_translation="False">
          <text_data language="German">
            <text rev_id="-1" status="New" time="1222355861" />
          </text_data><text_data language="Spanish">
            <text rev_id="-1" status="New" time="1222355861" />
          </text_data>
        </translation>
      </file><file id="115" type="archive">
        <name>/images/photobackup/dma4.gif.gz</name>
        <size>12748</size>
        <zipped_size>12862</zipped_size>
        <date>0</date>
        <included_file md5="e87f8308aaf3ae48a2387d619aac5345">/images/photobackup/dma4.gif</included_file>
        <translation handle_translation="False" requires_translation="False">
          <text_data language="German">
            <text rev_id="-1" status="New" time="1222355861" />
          </text_data><text_data language="Spanish">
            <text rev_id="-1" status="New" time="1222355861" />
          </text_data>
        </translation>
      </file><file id="116" type="archive">
        <name>/images/photobackup/graphical_index.jpg.gz</name>
        <size>34047</size>
        <zipped_size>32863</zipped_size>
        <date>0</date>
        <included_file md5="e48b5349afeb585d8fa6d561742fbe89">/images/photobackup/graphical_index.jpg</included_file>
        <translation handle_translation="False" requires_translation="False">
          <text_data language="German">
            <text rev_id="-1" status="New" time="1222355861" />
          </text_data><text_data language="Spanish">
            <text rev_id="-1" status="New" time="1222355861" />
          </text_data>
        </translation>
      </file><file id="117" type="archive">
        <name>/images/photobackup/low_cpu.jpg.gz</name>
        <size>6706</size>
        <zipped_size>5029</zipped_size>
        <date>0</date>
        <included_file md5="6ec3e9d9348bed7a8460394e5b4a2aad">/images/photobackup/low_cpu.jpg</included_file>
        <translation handle_translation="False" requires_translation="False">
          <text_data language="German">
            <text rev_id="-1" status="New" time="1222355861" />
          </text_data><text_data language="Spanish">
            <text rev_id="-1" status="New" time="1222355861" />
          </text_data>
        </translation>
      </file><file id="118" type="archive">
        <name>/images/photobackup/music_folder.jpg.gz</name>
        <size>16724</size>
        <zipped_size>14619</zipped_size>
        <date>0</date>
        <included_file md5="4afb28764be91168571ab2e513f9e3c4">/images/photobackup/music_folder.jpg</included_file>
        <translation handle_translation="False" requires_translation="False">
          <text_data language="German">
            <text rev_id="-1" status="New" time="1222355861" />
          </text_data><text_data language="Spanish">
            <text rev_id="-1" status="New" time="1222355861" />
          </text_data>
        </translation>
      </file><file id="119" type="archive">
        <name>/images/photobackup/photo_backup_large.png.gz</name>
        <size>22395</size>
        <zipped_size>22514</zipped_size>
        <date>0</date>
        <included_file md5="e238f1722e45a5d28d5799159438761d">/images/photobackup/photo_backup_large.png</included_file>
        <translation handle_translation="False" requires_translation="False">
          <text_data language="German">
            <text rev_id="-1" status="New" time="1222355861" />
          </text_data><text_data language="Spanish">
            <text rev_id="-1" status="New" time="1222355861" />
          </text_data>
        </translation>
      </file><file id="120" type="archive">
        <name>/images/photobackup/photo_backup_screen.png.gz</name>
        <size>33237</size>
        <zipped_size>33361</zipped_size>
        <date>0</date>
        <included_file md5="40721d869e9d2dabce39dea768d16b9f">/images/photobackup/photo_backup_screen.png</included_file>
        <translation handle_translation="False" requires_translation="False">
          <text_data language="German">
            <text rev_id="-1" status="New" time="1222355861" />
          </text_data><text_data language="Spanish">
            <text rev_id="-1" status="New" time="1222355861" />
          </text_data>
        </translation>
      </file><file id="58" type="archive">
        <name>/images/photobackup/photo_backup_small.png.gz</name>
        <size>9070</size>
        <zipped_size>0</zipped_size>
        <date>0</date>
        <included_file md5="a9344c093f5a335afb96e07c8f26aeee">/images/photobackup/photo_backup_small.png</included_file>
        <translation handle_translation="False" requires_translation="False">
          <text_data language="German">
            <text rev_id="-1" status="New" time="1222355861" />
          </text_data><text_data language="Spanish">
            <text rev_id="-1" status="New" time="1222355861" />
          </text_data>
        </translation>
      </file><file id="145" type="archive">
        <name>/images/photobackup/photo_backup_tiny.png.gz</name>
        <size>6124</size>
        <zipped_size>6237</zipped_size>
        <date>0</date>
        <included_file md5="cc80e95b249ec1a6ea240867f80b4176">/images/photobackup/photo_backup_tiny.png</included_file>
        <translation handle_translation="False" requires_translation="False">
          <text_data language="German">
            <text rev_id="-1" status="New" time="1222355861" />
          </text_data><text_data language="Spanish">
            <text rev_id="-1" status="New" time="1222355861" />
          </text_data>
        </translation>
      </file><file id="121" type="archive">
        <name>/images/photobackup/pictures_folder.jpg.gz</name>
        <size>15664</size>
        <zipped_size>13867</zipped_size>
        <date>0</date>
        <included_file md5="da3c979456f2bafbade90c434152270c">/images/photobackup/pictures_folder.jpg</included_file>
        <translation handle_translation="False" requires_translation="False">
          <text_data language="German">
            <text rev_id="-1" status="New" time="1222355861" />
          </text_data><text_data language="Spanish">
            <text rev_id="-1" status="New" time="1222355861" />
          </text_data>
        </translation>
      </file><file id="122" type="archive">
        <name>/images/photobackup/restore.jpg.gz</name>
        <size>20583</size>
        <zipped_size>16427</zipped_size>
        <date>0</date>
        <included_file md5="54c43a6e718299fdc600e174e6902912">/images/photobackup/restore.jpg</included_file>
        <translation handle_translation="False" requires_translation="False">
          <text_data language="German">
            <text rev_id="-1" status="New" time="1222355861" />
          </text_data><text_data language="Spanish">
            <text rev_id="-1" status="New" time="1222355861" />
          </text_data>
        </translation>
      </file><file id="123" type="archive">
        <name>/images/photobackup/search.png.gz</name>
        <size>8594</size>
        <zipped_size>8606</zipped_size>
        <date>0</date>
        <included_file md5="c934e04bd557d60de589998418318fa1">/images/photobackup/search.png</included_file>
        <translation handle_translation="False" requires_translation="False">
          <text_data language="German">
            <text rev_id="-1" status="New" time="1222355861" />
          </text_data><text_data language="Spanish">
            <text rev_id="-1" status="New" time="1222355861" />
          </text_data>
        </translation>
      </file><file id="124" type="archive">
        <name>/images/picture.jpeg.gz</name>
        <size>22315</size>
        <zipped_size>22397</zipped_size>
        <date>0</date>
        <included_file md5="830662b78e9c8fe53ea1b01daffb3a4a">/images/picture.jpeg</included_file>
        <translation handle_translation="False" requires_translation="False">
          <text_data language="German">
            <text rev_id="-1" status="New" time="1222355861" />
          </text_data><text_data language="Spanish">
            <text rev_id="-1" status="New" time="1222355861" />
          </text_data>
        </translation>
      </file><file id="59" type="archive">
        <name>/images/printer/passport_photo_small.png.gz</name>
        <size>9877</size>
        <zipped_size>0</zipped_size>
        <date>0</date>
        <included_file md5="97808ece8d92a78f9d5b844e714455f1">/images/printer/passport_photo_small.png</included_file>
        <translation handle_translation="False" requires_translation="False">
          <text_data language="German">
            <text rev_id="-1" status="New" time="1222355861" />
          </text_data><text_data language="Spanish">
            <text rev_id="-1" status="New" time="1222355861" />
          </text_data>
        </translation>
      </file><file id="146" type="archive">
        <name>/images/printer/passport_photo_tiny.png.gz</name>
        <size>6175</size>
        <zipped_size>6288</zipped_size>
        <date>0</date>
        <included_file md5="c5f1936bf0255cbbe4dd6f1ce6080efd">/images/printer/passport_photo_tiny.png</included_file>
        <translation handle_translation="False" requires_translation="False">
          <text_data language="German">
            <text rev_id="-1" status="New" time="1222355861" />
          </text_data><text_data language="Spanish">
            <text rev_id="-1" status="New" time="1222355861" />
          </text_data>
        </translation>
      </file><file id="125" type="archive">
        <name>/images/printer/printer_small.png.gz</name>
        <size>13810</size>
        <zipped_size>13924</zipped_size>
        <date>0</date>
        <included_file md5="c6bdcefdf571bbcc57239625cf585d5c">/images/printer/printer_small.png</included_file>
        <translation handle_translation="False" requires_translation="False">
          <text_data language="German">
            <text rev_id="-1" status="New" time="1222355861" />
          </text_data><text_data language="Spanish">
            <text rev_id="-1" status="New" time="1222355861" />
          </text_data>
        </translation>
      </file><file id="126" type="archive">
        <name>/images/reviews/gimp/gimplogo.jpg.gz</name>
        <size>2671</size>
        <zipped_size>2741</zipped_size>
        <date>0</date>
        <included_file md5="54ef47a36c83e66f7bf5779185248dd3">/images/reviews/gimp/gimplogo.jpg</included_file>
        <translation handle_translation="False" requires_translation="False">
          <text_data language="German">
            <text rev_id="-1" status="New" time="1222355861" />
          </text_data><text_data language="Spanish">
            <text rev_id="-1" status="New" time="1222355861" />
          </text_data>
        </translation>
      </file><file id="127" type="archive">
        <name>/images/reviews/irfan/irfan.jpg.gz</name>
        <size>2967</size>
        <zipped_size>3016</zipped_size>
        <date>0</date>
        <included_file md5="2fcac3bfeb46a3aa5137be1d2b967ef9">/images/reviews/irfan/irfan.jpg</included_file>
        <translation handle_translation="False" requires_translation="False">
          <text_data language="German">
            <text rev_id="-1" status="New" time="1222355861" />
          </text_data><text_data language="Spanish">
            <text rev_id="-1" status="New" time="1222355861" />
          </text_data>
        </translation>
      </file><file id="128" type="archive">
        <name>/images/shareup_logo_5.gif.gz</name>
        <size>2417</size>
        <zipped_size>2186</zipped_size>
        <date>0</date>
        <included_file md5="5647d139f7e091224bfadfb687353e86">/images/shareup_logo_5.gif</included_file>
        <translation handle_translation="False" requires_translation="False">
          <text_data language="German">
            <text rev_id="-1" status="New" time="1222355861" />
          </text_data><text_data language="Spanish">
            <text rev_id="-1" status="New" time="1222355861" />
          </text_data>
        </translation>
      </file><file id="60" type="archive">
        <name>/images/shrink_pic/sp_icon.png.gz</name>
        <size>7249</size>
        <zipped_size>0</zipped_size>
        <date>0</date>
        <included_file md5="faa2ec7197f92dfb7b71de5f37967882">/images/shrink_pic/sp_icon.png</included_file>
        <translation handle_translation="False" requires_translation="False">
          <text_data language="German">
            <text rev_id="-1" status="New" time="1222355861" />
          </text_data><text_data language="Spanish">
            <text rev_id="-1" status="New" time="1222355861" />
          </text_data>
        </translation>
      </file><file id="129" type="archive">
        <name>/images/small_web.gif.gz</name>
        <size>2945</size>
        <zipped_size>3059</zipped_size>
        <date>0</date>
        <included_file md5="30edddbce5cff0109c3192d491d1a176">/images/small_web.gif</included_file>
        <translation handle_translation="False" requires_translation="False">
          <text_data language="German">
            <text rev_id="-1" status="New" time="1222355861" />
          </text_data><text_data language="Spanish">
            <text rev_id="-1" status="New" time="1222355861" />
          </text_data>
        </translation>
      </file><file id="61" type="archive">
        <name>/images/topline1.gif.gz</name>
        <size>79</size>
        <zipped_size>0</zipped_size>
        <date>0</date>
        <included_file md5="6279366c67684beaf5656bd1bfc99422">/images/topline1.gif</included_file>
        <translation handle_translation="False" requires_translation="False">
          <text_data language="German">
            <text rev_id="-1" status="New" time="1222355861" />
          </text_data><text_data language="Spanish">
            <text rev_id="-1" status="New" time="1222355861" />
          </text_data>
        </translation>
      </file><file id="62" type="archive">
        <name>/images/topline2.gif.gz</name>
        <size>70</size>
        <zipped_size>0</zipped_size>
        <date>0</date>
        <included_file md5="16fa18c653b25c7c716bca6c86fd646a">/images/topline2.gif</included_file>
        <translation handle_translation="False" requires_translation="False">
          <text_data language="German">
            <text rev_id="-1" status="New" time="1222355861" />
          </text_data><text_data language="Spanish">
            <text rev_id="-1" status="New" time="1222355861" />
          </text_data>
        </translation>
      </file><file id="63" type="archive">
        <name>/images/topline2WB.gif.gz</name>
        <size>96</size>
        <zipped_size>0</zipped_size>
        <date>0</date>
        <included_file md5="a1d464af9a9e6f760a77fd4b84c0b6c9">/images/topline2WB.gif</included_file>
        <translation handle_translation="False" requires_translation="False">
          <text_data language="German">
            <text rev_id="-1" status="New" time="1222355861" />
          </text_data><text_data language="Spanish">
            <text rev_id="-1" status="New" time="1222355861" />
          </text_data>
        </translation>
      </file><file id="64" type="archive">
        <name>/images/toplineL.gif.gz</name>
        <size>226</size>
        <zipped_size>0</zipped_size>
        <date>0</date>
        <included_file md5="a286f368d8b8ac9697163a74553e6120">/images/toplineL.gif</included_file>
        <translation handle_translation="False" requires_translation="False">
          <text_data language="German">
            <text rev_id="-1" status="New" time="1222355861" />
          </text_data><text_data language="Spanish">
            <text rev_id="-1" status="New" time="1222355861" />
          </text_data>
        </translation>
      </file><file id="65" type="archive">
        <name>/images/toplineLW.gif.gz</name>
        <size>229</size>
        <zipped_size>0</zipped_size>
        <date>0</date>
        <included_file md5="636424371630dbc1da3ddd5044ae5edd">/images/toplineLW.gif</included_file>
        <translation handle_translation="False" requires_translation="False">
          <text_data language="German">
            <text rev_id="-1" status="New" time="1222355861" />
          </text_data><text_data language="Spanish">
            <text rev_id="-1" status="New" time="1222355861" />
          </text_data>
        </translation>
      </file><file id="66" type="archive">
        <name>/images/toplineR.gif.gz</name>
        <size>226</size>
        <zipped_size>0</zipped_size>
        <date>0</date>
        <included_file md5="64d6bc6d552a01b31db7812733b76335">/images/toplineR.gif</included_file>
        <translation handle_translation="False" requires_translation="False">
          <text_data language="German">
            <text rev_id="-1" status="New" time="1222355861" />
          </text_data><text_data language="Spanish">
            <text rev_id="-1" status="New" time="1222355861" />
          </text_data>
        </translation>
      </file><file id="130" type="archive">
        <name>/images/topshareware_logo_88x31.png.gz</name>
        <size>2045</size>
        <zipped_size>2148</zipped_size>
        <date>0</date>
        <included_file md5="1424f7995d47c43d54950020396985c5">/images/topshareware_logo_88x31.png</included_file>
        <translation handle_translation="False" requires_translation="False">
          <text_data language="German">
            <text rev_id="-1" status="New" time="1222355861" />
          </text_data><text_data language="Spanish">
            <text rev_id="-1" status="New" time="1222355861" />
          </text_data>
        </translation>
      </file><file id="67" type="archive">
        <name>/images/topwhite2.gif.gz</name>
        <size>522</size>
        <zipped_size>0</zipped_size>
        <date>0</date>
        <included_file md5="056547f992927d85802e31e289fcff9b">/images/topwhite2.gif</included_file>
        <translation handle_translation="False" requires_translation="False">
          <text_data language="German">
            <text rev_id="-1" status="New" time="1222355861" />
          </text_data><text_data language="Spanish">
            <text rev_id="-1" status="New" time="1222355861" />
          </text_data>
        </translation>
      </file><file id="131" type="archive">
        <name>/images/tucows_rating.gif.gz</name>
        <size>3328</size>
        <zipped_size>3410</zipped_size>
        <date>0</date>
        <included_file md5="43ea6351381201d5dfb0e778f18c9c5e">/images/tucows_rating.gif</included_file>
        <translation handle_translation="False" requires_translation="False">
          <text_data language="German">
            <text rev_id="-1" status="New" time="1222355861" />
          </text_data><text_data language="Spanish">
            <text rev_id="-1" status="New" time="1222355861" />
          </text_data>
        </translation>
      </file><file id="132" type="archive">
        <name>/styles.css.gz</name>
        <size>9082</size>
        <zipped_size>1657</zipped_size>
        <date>0</date>
        <included_file md5="448349b9173e85d7bfa991b9e8dd2275">/styles.css</included_file>
        <translation handle_translation="False" requires_translation="False">
          <text_data language="German">
            <text rev_id="-1" status="New" time="1222355861" />
          </text_data><text_data language="Spanish">
            <text rev_id="-1" status="New" time="1222355861" />
          </text_data>
        </translation>
      </file>
    </support_files><index_pages>
      <index_page full_path="/index.htm" index="/" />
    </index_pages>
  </ta_source_files><ta_buffer encoding="utf-8" format="1" manual="False" original_language="English" source_file="/alternative_processor.htm" type="html">
    <extractor>
      <marked_file MD5="a9975842aa90ac1f28c5bbe4a8fd5e71" encoding="zlib-hex">789cc558dd6edb3614beee80bd03ab6e450bc4561c274ddbd81e12275903a48dd1ba2b7a6550122db1a6488da4ec78177d9d01bbdb33f4c576f8235b761c27c13aac4063513efcce770ecf1fdd797c7ad51f7e1e9ca137c3b79768f0f1e4f2a28f8246187e6af7c3f07478eabed86feeb6d05062aea8a68263168667ef82de8f3f74329d33f844a893119cd82778d65433d2fbfac4fc1b1e8f8617c3cbb327c749e277a3a294718615e529128579a78ce4d74ee8367a949c688c32ad8b06f9bda4d36ed0175c13ae1bc379410214bb5537d0e45a8786c8110254a988ee1aade679048b518ee584c8274185cb289fa04c927137507ace886ac64a05481256bdc808d101d2a0c6a31b01d86e0d0dbda5761189645ee13e6e349016058a30e744b6514452ca51a3e1658d5f70c4089ad14467dde0f0c56e8022211322bb013c624653de0d62b08948308f305660f0194fedd766ad0a1cfb35803eea68d943f069901394119a66e08e03e31a230a606dd090c24a808a277badc383e3d3c09d4b87e6295232ee0634c7295161c44a02ec9b291d1b2e0074c58719f9557c106370469df45253af3ab7c4f2098190e3b541ed4da62ff656a87a099049e874cd1d3db4993513a968ddc1b9fdea30a8eb74a42d5ea5d19b017a7b1b8cb9d3c95b5c1a09ad45fe1dbc7a23bc084f5c703d5a7cc5f194a6d824940bbeb6133026d4c9efad85c8d4fbda710d7a9bfcbf1abbfb2fff55ec769c4540296658a96e90135e8282ca91d8a767330c7a03299232d6aa13e215bfdcbd3b1133ce044e9a501b82dea95fdd03481146624d9275c0a89c3bac9372fe703aa65ee1583b84be5b3c1c45954521a447f9e01637504cc4c01f7362bd5a54af47522d5c2098da5534ad047c3dca5763a0b5bbfbf34a10ac9df27a1418ec057885ee6c05325094c1eb90138b04dc28c2051cce7790f93e28f7919126e76a32555db1856e7146db6a4ee5efa0422ee835612dfb7a09bc227b78f07299d640a4de06ce5be787e7af6ad576fba96e4bedfd8d6d09a1653b9498b21b6569b52a2d22acb54ad907bef9ae327c08bdb83114c53b3c05c3eb55e28dc8894983a73c52c5d1d3541fb9a75b73775d70eb74d2090d8b5a8ead64d2ba8dcbc2fcc8153a1f18fec9cc4a2d67dc95ce88acf491b5590884161b8a150f288d798265559f2ec03f66fb5c94f0c0b9d0e0d3bc604413040a96f8a5b5a913f506783ec0ac1346bd6a131cb312352625d09222953857682c456e76bd27291733b3abe92846d211f8ec314ab393c3ffb1d53b168c89995159e03994338d60a2cb44a25e7b0b8b85816062c96eb1b126c3a80f8aa8d797040e0cf5414459431ae822cfe11d06ab13c2e894c8397af61b557807bdc50a823706d91d749c434a1ab667d785244aeda053aa6201e23bc848a37e46e28905de4167a5146e9b83780be6cd9f7bfac06633b713cc27e1272a899b99c7447a86433c210ab51bfb28c173d09c900282c5061a4799982126e019ccd256702ca475a4f62850b41727dbbc8b843523b484d195c9e6ff81c320b3e120d139bef6eaab5881e89ad2c406ad44b13b4ce3694439a8cc7db598c33bc62c398994e789d1185f3bddf67af1e1c43ec134f7d980415ba553b73f16a081aa2a1e480236c664698f11b562ce1e75a741177c2a684cbc2dc7600585b26848dbf7d6b28818a6da38ca1a07c5d2c41914589d2d32a166e506a59db064b56ab1b73603983bd1eb309ccd664d6973b20916840a264a68472ce445d6a816cd38a5bf504df26e6b77bfbddf802ede6714e21b0a0f31141729ff5351703de23837fe91a24c335425fc62ba0026ff09abd61656d1fd596dedb1d5d294ec4ee1ebbfa941be562fb73fa4eb6eeed8f5e1daef76b3b519086e6c5e65b9203916022ace865be4a6e9bc2ac5b78ecebedfd9bf10baf5e5624f014ccd3c392a32a1856b97cbb0b881e2e8a05bd10cc828c2f1a42c2aace836ac5b3054060936191534f603af5da3018def8b602efb0a744e1dc07ba2202763f2009f480d439c72db077e75dfdd11dc4fe1204ee06319b070561d154b5a68775bac254e2a44ca4803c31832d7345636854c2e50defca2567e92f882a7d8a19880724f0bdc5be446258e638dba28f878dc3878b1ff6af70072efc829805e154f887cf6fc68016743ea8ca78caaac6e5f63a3b10909e1864b2487b2362523a8f0e06725a4bf7f9152ab385bf7dc66a8b1dc06750eb5fbdb9f98de3886cd607013df02760699faed6fc1ee87156d253680e429d3f2db5f6af5b4abec8489b13ecec6a298fbebc130833635239182aa88a0f241da13ee9a14c3a6c3f8d90d435b9629814bfc2862306604378baf196e184c2d8cfe414cfc04bd8b3ee697fe8d695b63e83d891dfa3f798d43af08dad10a73cbfaa9e1798436157ab8c56624156a0ec351eea2355867d8ab7ef170423b17effa4da304ededeeb61bf0e7e5ea786dafabb502b818a74d95f4bfb77542ffc3e33f3424790c</marked_file>
      <paragraph_indexes count="26">94 138 502 578 684 759 764 777 841 920 1170 1200 1232 1273 1313 1343 1375 1413 1445 1483 2206 2351 2427 2454 2497 2617 2626 2680 2739 2871 2895 3004 3028 3136 3160 3260 3274 3345 3369 3462 3497 3625 3647 3775 4045 4464 4640 4958 4971 5144 5153 5262 </paragraph_indexes>
      <support_files>
        <file type="todo">images/bluebottom.gif</file>
        <file type="todo">images/bluetop.gif</file>
        <file type="todo">images/bottomwhite.gif</file>
        <file type="todo">images/bottomwhite2.gif</file>
        <file type="todo">images/logo1.gif</file>
        <file type="todo">images/menutabA1.gif</file>
        <file type="todo">images/menutabB1.gif</file>
        <file type="todo">images/photobackup/1bckgrnd.gif</file>
        <file type="todo">images/photobackup/2bckgrnd.gif</file>
        <file type="todo">images/photobackup/3bckgrnd.gif</file>
        <file type="todo">images/topline1.gif</file>
        <file type="todo">images/topline2.gif</file>
        <file type="todo">images/topline2WB.gif</file>
        <file type="todo">images/toplineL.gif</file>
        <file type="todo">images/toplineLW.gif</file>
        <file type="todo">images/toplineR.gif</file>
        <file type="todo">images/topwhite2.gif</file>
        <file type="todo">styles.css</file>
      </support_files>
    </extractor><translation>
      <languages>
        <language reviewed="False">Spanish</language>
        <language reviewed="False">German</language>
      </languages><sentences count="26">
        <ta_sentence do_translation="yes" encoding="utf-8" format="1" id="1386" original_language="English" type="title">
          <space_before />
          <space_after />
          <text_data language="German">
            <text from_TM="False" rev_id="13" status="New" time="1222355938">Additional purchasing options</text>
          </text_data><text_data language="Spanish">
            <text from_TM="False" rev_id="11" status="Complete" time="1222354203">Spanish :  purchasing options</text>
          </text_data><text_data language="English">
            <text from_TM="False" rev_id="11" status="Complete" time="1222354203">Additional purchasing options</text>
          </text_data>
        </ta_sentence><ta_sentence do_translation="yes" encoding="utf-8" format="1" id="1387" original_language="English">
          <space_before />
          <space_after />
          <text_data language="German">
            <text from_TM="False" rev_id="13" status="New" time="1222355938">OnTheGoSoft</text>
            <marker end="11" id="0" start="0" />
          </text_data><text_data language="Spanish">
            <text from_TM="False" rev_id="11" status="Complete" time="1222354203">Spanish : t</text>
            <marker end="11" id="0" start="0" />
          </text_data><text_data language="English">
            <text from_TM="False" rev_id="11" status="Complete" time="1222354203">OnTheGoSoft</text>
            <marker end="11" id="0" start="0" />
          </text_data><marker_def id="0" type="html">
            <html_marker tag="img">
              <attr name="src" val="images/bluetop.gif" />
              <attr name="alt" val="OnTheGoSoft" />
              <attr name="width" val="760" />
              <attr name="height" val="5" />
            </html_marker>
          </marker_def>
        </ta_sentence><ta_sentence do_translation="yes" encoding="utf-8" format="1" id="1388" original_language="English">
          <space_before />
          <space_after />
          <text_data language="German">
            <text from_TM="False" rev_id="13" status="New" time="1222355938">OnTheGoSoft</text>
            <marker end="11" id="0" start="0" />
          </text_data><text_data language="Spanish">
            <text from_TM="False" rev_id="11" status="Complete" time="1222354203">Spanish : t</text>
            <marker end="11" id="0" start="0" />
          </text_data><text_data language="English">
            <text from_TM="False" rev_id="11" status="Complete" time="1222354203">OnTheGoSoft</text>
            <marker end="11" id="0" start="0" />
          </text_data><marker_def id="0" type="html">
            <html_marker tag="img">
              <attr name="src" val="images/logo1.gif" />
              <attr name="alt" val="OnTheGoSoft" />
              <attr name="width" val="397" />
              <attr name="height" val="62" />
            </html_marker>
          </marker_def>
        </ta_sentence><ta_sentence do_translation="no" encoding="utf-8" format="1" id="1389" original_language="English">
          <space_before> </space_before>
          <space_after />
          <text_data language="German">
            <text from_TM="False" rev_id="13" status="New" time="1222355938" />
          </text_data><text_data language="Spanish">
            <text from_TM="False" rev_id="-1" status="Complete" time="1222355861" />
          </text_data><text_data language="English">
            <text from_TM="False" status="Complete" time="1222355861" />
          </text_data>
        </ta_sentence><ta_sentence do_translation="yes" encoding="utf-8" format="1" id="1390" original_language="English">
          <space_before />
          <space_after />
          <text_data language="German">
            <text from_TM="False" rev_id="13" status="New" time="1222355938">OnTheGoSoft</text>
            <marker end="11" id="0" start="0" />
          </text_data><text_data language="Spanish">
            <text from_TM="False" rev_id="11" status="Complete" time="1222354203">Spanish : t</text>
            <marker end="11" id="0" start="0" />
          </text_data><text_data language="English">
            <text from_TM="False" rev_id="11" status="Complete" time="1222354203">OnTheGoSoft</text>
            <marker end="11" id="0" start="0" />
          </text_data><marker_def id="0" type="html">
            <html_marker tag="img">
              <attr name="src" val="images/bluebottom.gif" />
              <attr name="alt" val="OnTheGoSoft" />
              <attr name="width" val="760" />
              <attr name="height" val="5" />
            </html_marker>
          </marker_def>
        </ta_sentence><ta_sentence do_translation="yes" encoding="utf-8" format="1" id="1391" original_language="English">
          <space_before />
          <space_after />
          <text_data language="German">
            <text from_TM="False" rev_id="13" status="New" time="1222355938">Products</text>
            <marker end="8" id="0" start="0" />
          </text_data><text_data language="Spanish">
            <text from_TM="False" rev_id="11" status="Complete" time="1222354203">Spanish : </text>
            <marker end="8" id="0" start="0" />
          </text_data><text_data language="English">
            <text from_TM="False" rev_id="11" status="Complete" time="1222354203">Products</text>
            <marker end="8" id="0" start="0" />
          </text_data><marker_def id="0" type="html">
            <html_marker tag="a">
              <attr name="href" val="./" />
            </html_marker>
          </marker_def>
        </ta_sentence><ta_sentence do_translation="yes" encoding="utf-8" format="1" id="1392" original_language="English">
          <space_before />
          <space_after />
          <text_data language="German">
            <text from_TM="False" rev_id="13" status="New" time="1222355938">Downloads</text>
            <marker end="9" id="0" start="0" />
          </text_data><text_data language="Spanish">
            <text from_TM="False" rev_id="11" status="Complete" time="1222354203">Spanish : </text>
            <marker end="9" id="0" start="0" />
          </text_data><text_data language="English">
            <text from_TM="False" rev_id="11" status="Complete" time="1222354203">Downloads</text>
            <marker end="9" id="0" start="0" />
          </text_data><marker_def id="0" type="html">
            <html_marker tag="a">
              <attr name="href" val="download.htm" />
            </html_marker>
          </marker_def>
        </ta_sentence><ta_sentence do_translation="yes" encoding="utf-8" format="1" id="1393" original_language="English">
          <space_before />
          <space_after />
          <text_data language="German">
            <text from_TM="False" rev_id="13" status="New" time="1222355938">Buy</text>
            <marker end="3" id="0" start="0" />
          </text_data><text_data language="Spanish">
            <text from_TM="False" rev_id="11" status="Complete" time="1222354203">Spanish : </text>
            <marker end="3" id="0" start="0" />
          </text_data><text_data language="English">
            <text from_TM="False" rev_id="11" status="Complete" time="1222354203">Buy</text>
            <marker end="3" id="0" start="0" />
          </text_data><marker_def id="0" type="html">
            <html_marker tag="a">
              <attr name="href" val="buy.htm" />
            </html_marker>
          </marker_def>
        </ta_sentence><ta_sentence do_translation="yes" encoding="utf-8" format="1" id="1394" original_language="English">
          <space_before />
          <space_after />
          <text_data language="German">
            <text from_TM="False" rev_id="13" status="New" time="1222355938">Contact</text>
            <marker end="7" id="0" start="0" />
          </text_data><text_data language="Spanish">
            <text from_TM="False" rev_id="11" status="Complete" time="1222354203">Spanish : </text>
            <marker end="7" id="0" start="0" />
          </text_data><text_data language="English">
            <text from_TM="False" rev_id="11" status="Complete" time="1222354203">Contact</text>
            <marker end="7" id="0" start="0" />
          </text_data><marker_def id="0" type="html">
            <html_marker tag="a">
              <attr name="href" val="contact.htm" />
            </html_marker>
          </marker_def>
        </ta_sentence><ta_sentence do_translation="yes" encoding="utf-8" format="1" id="1395" original_language="English">
          <space_before />
          <space_after />
          <text_data language="German">
            <text from_TM="False" rev_id="13" status="New" time="1222355938">Support</text>
            <marker end="7" id="0" start="0" />
          </text_data><text_data language="Spanish">
            <text from_TM="False" rev_id="11" status="Complete" time="1222354203">Spanish : </text>
            <marker end="7" id="0" start="0" />
          </text_data><text_data language="English">
            <text from_TM="False" rev_id="11" status="Complete" time="1222354203">Support</text>
            <marker end="7" id="0" start="0" />
          </text_data><marker_def id="0" type="html">
            <html_marker tag="a">
              <attr name="href" val="support.htm" />
            </html_marker>
          </marker_def>
        </ta_sentence><ta_sentence do_translation="yes" encoding="utf-8" format="1" id="1396" original_language="English">
          <space_before />
          <space_after />
          <text_data language="German">
            <text from_TM="False" rev_id="13" status="New" time="1222355938">Home&#160;&gt;&#160;Buy&#160;&gt;&#160;Additional purchasing options</text>
            <marker end="42" id="0" start="0" />
            <marker end="4" id="1" start="0" />
            <marker end="10" id="2" start="7" />
          </text_data><text_data language="Spanish">
            <text from_TM="False" rev_id="11" status="Complete" time="1222354203">Spanish : &#160;&gt;&#160;Additional purchasing options</text>
            <marker end="42" id="0" start="0" />
            <marker end="4" id="1" start="0" />
            <marker end="10" id="2" start="7" />
          </text_data><text_data language="English">
            <text from_TM="False" rev_id="11" status="Complete" time="1222354203">Home&#160;&gt;&#160;Buy&#160;&gt;&#160;Additional purchasing options</text>
            <marker end="42" id="0" start="0" />
            <marker end="4" id="1" start="0" />
            <marker end="10" id="2" start="7" />
          </text_data><marker_def id="0" type="html">
            <html_marker tag="span">
              <attr name="class" val="Text-TopNav" />
            </html_marker>
          </marker_def><marker_def id="1" type="html">
            <html_marker tag="a">
              <attr name="href" val="./" />
            </html_marker>
          </marker_def><marker_def id="2" type="html">
            <html_marker tag="a">
              <attr name="href" val="buy.htm" />
            </html_marker>
          </marker_def>
        </ta_sentence><ta_sentence do_translation="yes" encoding="utf-8" format="1" id="1397" original_language="English">
          <space_before />
          <space_after />
          <text_data language="German">
            <text from_TM="False" rev_id="13" status="New" time="1222355938">Other purchase options</text>
          </text_data><text_data language="Spanish">
            <text from_TM="False" rev_id="11" status="Complete" time="1222354203">Spanish : hase options</text>
          </text_data><text_data language="English">
            <text from_TM="False" rev_id="11" status="Complete" time="1222354203">Other purchase options</text>
          </text_data>
        </ta_sentence><ta_sentence do_translation="yes" encoding="utf-8" format="1" id="1398" original_language="English">
          <space_before />
          <space_after />
          <text_data language="German">
            <text from_TM="False" rev_id="13" status="New" time="1222355938">In case you cannot complete the purchase using PayPal you can also purchase our programs from Regnow.</text>
            <marker end="53" id="0" start="47" />
            <marker end="100" id="1" start="94" />
          </text_data><text_data language="Spanish">
            <text from_TM="False" rev_id="11" status="Complete" time="1222354203">Spanish : u cannot complete the purchase using PayPal you can also purchase our programs from Regnow.</text>
            <marker end="53" id="0" start="47" />
            <marker end="100" id="1" start="94" />
          </text_data><text_data language="English">
            <text from_TM="False" rev_id="11" status="Complete" time="1222354203">In case you cannot complete the purchase using PayPal you can also purchase our programs from Regnow.</text>
            <marker end="53" id="0" start="47" />
            <marker end="100" id="1" start="94" />
          </text_data><marker_def id="0" type="html">
            <html_marker tag="b" />
          </marker_def><marker_def id="1" type="html">
            <html_marker tag="b" />
          </marker_def>
        </ta_sentence><ta_sentence do_translation="yes" encoding="utf-8" format="1" id="1399" original_language="English">
          <space_before />
          <space_after />
          <text_data language="German">
            <text from_TM="False" rev_id="13" status="New" time="1222355938">You can use one of the following payment methods:</text>
          </text_data><text_data language="Spanish">
            <text from_TM="False" rev_id="11" status="Complete" time="1222354203">Spanish : e one of the following payment methods:</text>
          </text_data><text_data language="English">
            <text from_TM="False" rev_id="11" status="Complete" time="1222354203">You can use one of the following payment methods:</text>
          </text_data>
        </ta_sentence><ta_sentence do_translation="yes" encoding="utf-8" format="1" id="1400" original_language="English">
          <space_before />
          <space_after />
          <text_data language="German">
            <text from_TM="False" rev_id="13" status="New" time="1222355938">Credit Cards - Immediate delivery (Visa, Mastercard, American Express, Discover, Visa Check Card, Eurocard, MasterMoney)</text>
            <marker end="12" id="0" start="0" />
          </text_data><text_data language="Spanish">
            <text from_TM="False" rev_id="11" status="Complete" time="1222354203">Spanish : ds - Immediate delivery (Visa, Mastercard, American Express, Discover, Visa Check Card, Eurocard, MasterMoney)</text>
            <marker end="12" id="0" start="0" />
          </text_data><text_data language="English">
            <text from_TM="False" rev_id="11" status="Complete" time="1222354203">Credit Cards - Immediate delivery (Visa, Mastercard, American Express, Discover, Visa Check Card, Eurocard, MasterMoney)</text>
            <marker end="12" id="0" start="0" />
          </text_data><marker_def id="0" type="html">
            <html_marker tag="b" />
          </marker_def>
        </ta_sentence><ta_sentence do_translation="yes" encoding="utf-8" format="1" id="1401" original_language="English">
          <space_before />
          <space_after />
          <text_data language="German">
            <text from_TM="False" rev_id="13" status="New" time="1222355938">Bank/Wire Transfer - Takes 3-4 days, depending on how long it takes for the transfer to complete.</text>
            <marker end="18" id="0" start="0" />
          </text_data><text_data language="Spanish">
            <text from_TM="False" rev_id="11" status="Complete" time="1222354203">Spanish : Transfer - Takes 3-4 days, depending on how long it takes for the transfer to complete.</text>
            <marker end="18" id="0" start="0" />
          </text_data><text_data language="English">
            <text from_TM="False" rev_id="11" status="Complete" time="1222354203">Bank/Wire Transfer - Takes 3-4 days, depending on how long it takes for the transfer to complete.</text>
            <marker end="18" id="0" start="0" />
          </text_data><marker_def id="0" type="html">
            <html_marker tag="b" />
          </marker_def>
        </ta_sentence><ta_sentence do_translation="yes" encoding="utf-8" format="1" id="1402" original_language="English">
          <space_before />
          <space_after />
          <text_data language="German">
            <text from_TM="False" rev_id="13" status="New" time="1222355938">Check/Money Order - Takes 3-4 days, depending on how long it takes for the transfer to complete.</text>
            <marker end="17" id="0" start="0" />
          </text_data><text_data language="Spanish">
            <text from_TM="False" rev_id="11" status="Complete" time="1222354203">Spanish : y Order - Takes 3-4 days, depending on how long it takes for the transfer to complete.</text>
            <marker end="17" id="0" start="0" />
          </text_data><text_data language="English">
            <text from_TM="False" rev_id="11" status="Complete" time="1222354203">Check/Money Order - Takes 3-4 days, depending on how long it takes for the transfer to complete.</text>
            <marker end="17" id="0" start="0" />
          </text_data><marker_def id="0" type="html">
            <html_marker tag="b" />
          </marker_def>
        </ta_sentence><ta_sentence do_translation="yes" encoding="utf-8" format="1" id="1403" original_language="English">
          <space_before />
          <space_after />
          <text_data language="German">
            <text from_TM="False" rev_id="13" status="New" time="1222355938">Phone or Fax - You can provide your credit card information by calling or sending a fax.</text>
            <marker end="12" id="0" start="0" />
          </text_data><text_data language="Spanish">
            <text from_TM="False" rev_id="11" status="Complete" time="1222354203">Spanish : ax - You can provide your credit card information by calling or sending a fax.</text>
            <marker end="12" id="0" start="0" />
          </text_data><text_data language="English">
            <text from_TM="False" rev_id="11" status="Complete" time="1222354203">Phone or Fax - You can provide your credit card information by calling or sending a fax.</text>
            <marker end="12" id="0" start="0" />
          </text_data><marker_def id="0" type="html">
            <html_marker tag="b" />
          </marker_def>
        </ta_sentence><ta_sentence do_translation="yes" encoding="utf-8" format="1" id="1404" original_language="English">
          <space_before> </space_before>
          <space_after />
          <text_data language="German">
            <text from_TM="False" rev_id="13" status="New" time="1222355938">Your activation code is delivered once the transaction completes.</text>
          </text_data><text_data language="Spanish">
            <text from_TM="False" rev_id="11" status="Complete" time="1222354203">Spanish : ation code is delivered once the transaction completes.</text>
          </text_data><text_data language="English">
            <text from_TM="False" rev_id="11" status="Complete" time="1222354203">Your activation code is delivered once the transaction completes.</text>
          </text_data>
        </ta_sentence><ta_sentence do_translation="yes" encoding="utf-8" format="1" id="1405" original_language="English">
          <space_before />
          <space_after />
          <text_data language="German">
            <text from_TM="False" rev_id="13" status="New" time="1222355938">Invoice - A printed invoice can be sent to your address with payment information.</text>
            <marker end="7" id="0" start="0" />
          </text_data><text_data language="Spanish">
            <text from_TM="False" rev_id="11" status="Complete" time="1222354203">Spanish : A printed invoice can be sent to your address with payment information.</text>
            <marker end="7" id="0" start="0" />
          </text_data><text_data language="English">
            <text from_TM="False" rev_id="11" status="Complete" time="1222354203">Invoice - A printed invoice can be sent to your address with payment information.</text>
            <marker end="7" id="0" start="0" />
          </text_data><marker_def id="0" type="html">
            <html_marker tag="b" />
          </marker_def>
        </ta_sentence><ta_sentence do_translation="yes" encoding="utf-8" format="1" id="1406" original_language="English">
          <space_before />
          <space_after />
          <text_data language="German">
            <text from_TM="False" rev_id="13" status="New" time="1222355938">Click here to purchase $ppnt_name through Regnow</text>
            <marker end="48" id="0" start="0" />
          </text_data><text_data language="Spanish">
            <text from_TM="False" rev_id="11" status="Complete" time="1222354203">Spanish :  to purchase $ppnt_name through Regnow</text>
            <marker end="48" id="0" start="0" />
          </text_data><text_data language="English">
            <text from_TM="False" rev_id="11" status="Complete" time="1222354203">Click here to purchase $ppnt_name through Regnow</text>
            <marker end="48" id="0" start="0" />
          </text_data><marker_def id="0" type="html">
            <html_marker tag="a">
              <attr name="href" val="http://www.regnow.com/softsell/nph-softsell.cgi?item=10434-3" />
            </html_marker>
          </marker_def>
        </ta_sentence><ta_sentence do_translation="yes" encoding="utf-8" format="1" id="1407" original_language="English">
          <space_before />
          <space_after />
          <text_data language="German">
            <text from_TM="False" rev_id="13" status="New" time="1222355938">Click here to purchase $pbnt_name through Regnow</text>
            <marker end="48" id="0" start="0" />
          </text_data><text_data language="Spanish">
            <text from_TM="False" rev_id="11" status="Complete" time="1222354203">Spanish :  to purchase $pbnt_name through Regnow</text>
            <marker end="48" id="0" start="0" />
          </text_data><text_data language="English">
            <text from_TM="False" rev_id="11" status="Complete" time="1222354203">Click here to purchase $pbnt_name through Regnow</text>
            <marker end="48" id="0" start="0" />
          </text_data><marker_def id="0" type="html">
            <html_marker tag="a">
              <attr name="href" val="http://www.regnow.com/softsell/nph-softsell.cgi?item=10434-1" />
            </html_marker>
          </marker_def>
        </ta_sentence><ta_sentence do_translation="yes" encoding="utf-8" format="1" id="1408" original_language="English">
          <space_before />
          <space_after />
          <text_data language="German">
            <text from_TM="False" rev_id="13" status="New" time="1222355938">Products&#160;&#160; - &#160;&#160;$ppnt_name&#160;&#160; - &#160;&#160;$pbnt_name&#160;&#160; - &#160;&#160;Shrink Pic&#160;&#160; - &#160;&#160;Resources&#160;&#160; - &#160;&#160;Partners&#160;&#160; - &#160;&#160;Blog</text>
            <marker end="8" id="0" start="0" />
            <marker end="25" id="1" start="15" />
            <marker end="42" id="2" start="32" />
            <marker end="59" id="3" start="49" />
            <marker end="75" id="4" start="66" />
            <marker end="90" id="5" start="82" />
            <marker end="101" id="6" start="97" />
          </text_data><text_data language="Spanish">
            <text from_TM="False" rev_id="11" status="Complete" time="1222354203">Spanish :  - &#160;&#160;$ppnt_name&#160;&#160; - &#160;&#160;$pbnt_name&#160;&#160; - &#160;&#160;Shrink Pic&#160;&#160; - &#160;&#160;Resources&#160;&#160; - &#160;&#160;Partners&#160;&#160; - &#160;&#160;Blog</text>
            <marker end="8" id="0" start="0" />
            <marker end="25" id="1" start="15" />
            <marker end="42" id="2" start="32" />
            <marker end="59" id="3" start="49" />
            <marker end="75" id="4" start="66" />
            <marker end="90" id="5" start="82" />
            <marker end="101" id="6" start="97" />
          </text_data><text_data language="English">
            <text from_TM="False" rev_id="11" status="Complete" time="1222354203">Products&#160;&#160; - &#160;&#160;$ppnt_name&#160;&#160; - &#160;&#160;$pbnt_name&#160;&#160; - &#160;&#160;Shrink Pic&#160;&#160; - &#160;&#160;Resources&#160;&#160; - &#160;&#160;Partners&#160;&#160; - &#160;&#160;Blog</text>
            <marker end="8" id="0" start="0" />
            <marker end="25" id="1" start="15" />
            <marker end="42" id="2" start="32" />
            <marker end="59" id="3" start="49" />
            <marker end="75" id="4" start="66" />
            <marker end="90" id="5" start="82" />
            <marker end="101" id="6" start="97" />
          </text_data><marker_def id="0" type="html">
            <html_marker tag="a">
              <attr name="href" val="./" />
            </html_marker>
          </marker_def><marker_def id="1" type="html">
            <html_marker tag="a">
              <attr name="href" val="passport_photo.htm" />
            </html_marker>
          </marker_def><marker_def id="2" type="html">
            <html_marker tag="a">
              <attr name="href" val="photo_backup.htm" />
            </html_marker>
          </marker_def><marker_def id="3" type="html">
            <html_marker tag="a">
              <attr name="href" val="shrink_pic.htm" />
            </html_marker>
          </marker_def><marker_def id="4" type="html">
            <html_marker tag="a">
              <attr name="href" val="links_nav.htm" />
            </html_marker>
          </marker_def><marker_def id="5" type="html">
            <html_marker tag="a">
              <attr name="href" val="partners.htm" />
            </html_marker>
          </marker_def><marker_def id="6" type="html">
            <html_marker tag="a">
              <attr name="href" val="blog/" />
            </html_marker>
          </marker_def>
        </ta_sentence><ta_sentence do_translation="yes" encoding="utf-8" format="1" id="1409" original_language="English">
          <space_before />
          <space_after />
          <text_data language="German">
            <text from_TM="False" rev_id="13" status="New" time="1222355938">English&#160;&#160;-&#160;&#160;Deutsch&#160;&#160;-&#160;&#160;Fran&#231;ais&#160;&#160;-&#160;&#160;Espa&#241;ol&#160;&#160;-&#160;&#160;Portugu&#234;s</text>
            <marker end="19" id="0" start="12" />
            <marker end="32" id="1" start="24" />
            <marker end="44" id="2" start="37" />
            <marker end="58" id="3" start="49" />
          </text_data><text_data language="Spanish">
            <text from_TM="False" rev_id="11" status="Complete" time="1222354203">Spanish : &#160;&#160;Deutsch&#160;&#160;-&#160;&#160;Fran&#231;ais&#160;&#160;-&#160;&#160;Espa&#241;ol&#160;&#160;-&#160;&#160;Portugu&#234;s</text>
            <marker end="19" id="0" start="12" />
            <marker end="32" id="1" start="24" />
            <marker end="44" id="2" start="37" />
            <marker end="58" id="3" start="49" />
          </text_data><text_data language="English">
            <text from_TM="False" rev_id="11" status="Complete" time="1222354203">English&#160;&#160;-&#160;&#160;Deutsch&#160;&#160;-&#160;&#160;Fran&#231;ais&#160;&#160;-&#160;&#160;Espa&#241;ol&#160;&#160;-&#160;&#160;Portugu&#234;s</text>
            <marker end="19" id="0" start="12" />
            <marker end="32" id="1" start="24" />
            <marker end="44" id="2" start="37" />
            <marker end="58" id="3" start="49" />
          </text_data><marker_def id="0" type="html">
            <html_marker tag="a">
              <attr name="href" val="de/alternative_processor.htm" />
            </html_marker>
          </marker_def><marker_def id="1" type="html">
            <html_marker tag="a">
              <attr name="href" val="fr/alternative_processor.htm" />
            </html_marker>
          </marker_def><marker_def id="2" type="html">
            <html_marker tag="a">
              <attr name="href" val="es/alternative_processor.htm" />
            </html_marker>
          </marker_def><marker_def id="3" type="html">
            <html_marker tag="a">
              <attr name="href" val="br/alternative_processor.htm" />
            </html_marker>
          </marker_def>
        </ta_sentence><ta_sentence do_translation="yes" encoding="utf-8" format="1" id="1410" original_language="English">
          <space_before> </space_before>
          <space_after />
          <text_data language="German">
            <text from_TM="False" rev_id="13" status="New" time="1222355938">This website has been translated using ICanLocalize - Affordable Website Translation</text>
            <marker end="-1" id="0" start="0" />
            <marker end="84" id="1" start="39" />
            <marker end="-1" id="0" start="0" />
          </text_data><text_data language="Spanish">
            <text from_TM="False" rev_id="11" status="Complete" time="1222354203">Spanish : te has been translated using ICanLocalize - Affordable Website Translation</text>
            <marker end="-1" id="0" start="0" />
            <marker end="84" id="1" start="39" />
            <marker end="-1" id="0" start="0" />
          </text_data><text_data language="English">
            <text from_TM="False" rev_id="11" status="Complete" time="1222354203">This website has been translated using ICanLocalize - Affordable Website Translation</text>
            <marker end="-1" id="0" start="0" />
            <marker end="84" id="1" start="39" />
            <marker end="-1" id="0" start="0" />
          </text_data><marker_def id="0" type="html">
            <html_marker tag="span">
              <attr name="class" val="copyright" />
            </html_marker>
          </marker_def><marker_def id="1" type="html">
            <html_marker tag="a">
              <attr name="target" val="_blank" />
              <attr name="href" val="http://www.icanlocalize.com" />
            </html_marker>
          </marker_def>
        </ta_sentence><ta_sentence do_translation="yes" encoding="utf-8" format="1" id="1411" original_language="English">
          <space_before />
          <space_after />
          <text_data language="German">
            <text from_TM="False" rev_id="13" status="New" time="1222355938">&#169; OnTheGoSystems,INC. 2003-2008</text>
            <marker end="21" id="0" start="2" />
            <marker end="31" id="-1" start="-1" />
          </text_data><text_data language="Spanish">
            <text from_TM="False" rev_id="11" status="Complete" time="1222354203">Spanish : ystems,INC. 2003-2008</text>
            <marker end="21" id="0" start="2" />
            <marker end="31" id="-1" start="-1" />
          </text_data><text_data language="English">
            <text from_TM="False" rev_id="11" status="Complete" time="1222354203">&#169; OnTheGoSystems,INC. 2003-2008</text>
            <marker end="21" id="0" start="2" />
            <marker end="31" id="-1" start="-1" />
          </text_data><marker_def id="0" type="html">
            <html_marker tag="a">
              <attr name="href" val="http://www.onthegosystems.com/" />
              <attr name="target" val="_blank" />
            </html_marker>
          </marker_def><marker_def id="-1" type="html">
            <html_marker tag="span" />
          </marker_def>
        </ta_sentence>
      </sentences><html_output_change_data_3 />
    </translation>
  </ta_buffer><ta_buffer encoding="utf-8" format="1" manual="False" original_language="English" source_file="/av.htm" type="html">
    <extractor>
      <marked_file MD5="336946e2102769d799edec3b0ff70184" encoding="zlib-hex">789cd55a5b931337167e66abf63f284e2540952f0c97108267a8b940985d0253c109c5d394dc2dbb95e9967a5b6a1be721bf7dbf73d437db6d0676f765296aecb6a5a373f9ce778e244fbfb978773efb78f552bc9efdf2465cfd76f6e6f25c0c4693c98747e793c9c5ec227cf178fce048cc0a699cf6da1a994e262fdf0e4efefeb769e2b314af424c1325637e87f75efb549dfcf52dfd9b9d5ecf2e676f5e7efbbb2e4a277c5228e9f16ac5c69685886c96975e1534f4afe924ccacc464ca4b91789f8fd4bf4abd3a1e9c5be395f1a3d92657034ce5a7e381579ffc8434792ea244164ef9635a96de5fe3e13a93c50d5618d472536d6e04f4581c0f9cdfa4ca8d23e706a25069fd41a2941f088f652ae93400d3d9d249652a3fcc6dbca9e57e331ac1ae5ccca531aa7824e66aa98d188daab1e418394f9558ebd827c783a73f3c1888b92d62551c0ff056a67a698e07116c5205cc53699acb38d666c95fd3b3cb65543d43e89da92f4e045e49722c12a59709dcf1845c434321ec115658e2c962896f1f1e3d7d727a31088199ea6c295c111d0f742697ca4de669a9a0fd78a917a40b04bd33b344fd6cdfdb059cd155ba5de9a48e5bccfa4ca050d0ab67d97d4d7f78b8a56a35026362bdda71c789e8d73ab54b7b748bce8f9e3d1d74d70c4ab3bc7ac5ca0cac7bd263ccad4efe8c4be7d67b9bfd0fbcba072f65e200ae3bcd5746aef452528e06f03d0a03c884aef20f7720b2aa7c1d741d9cf4f97f1bbb8f7ffcafb03b0d1641a52895ce1d0f32654a2c503b5256e9399e0c4eae0a1b979177d389dcf2cbedb363bb36a995f118dc3038b9a89efe0341f37213649c959baf9f4d3c25231f249c8787af97e2ca3cb74525e57d78d8934248c11f8ad44907cdbb08eac004207a54a3680be85d746fc7fee8c183efb682bf13dddde893ec46782d3dd80a6540c62a55c88526f17a8718eb54fa7f36a6a06ceb8ca9198529ae89d2e7d8a6f6f8a0969ceb4f2a3de28f5bc1616c9dc458bc4bfaaff81ff8f30b82d804ede8e17e543b228f5e3d7df5ac37ae95f467cfbe1b6c2954819910559b32435d1dcd6cfe56ae604a37e35fdb4c11b42bb9f4effba57f2e9a4154c0dd35501cb2e10d3df2041e161a8d596834a6135a739b501b67ef6abfa5f1343fa4f4995efeaa62b87496c039dccbdc18bb16726e4bcfe2eeac3edbec886dadf27d887c4eb32d5d9c97269605b4993a5f58b33c508ae0abb6045dd267c22e8414ac6853878e1e76ead0d16394898420a0082f2d5a8e1abeaf10ded6d34be3035d835b6064d0a88963b0b7f2eb79ed0cb469f15a164ac012e15016f9413ba156365dc1c3639ec7ade4fb337e87c2fdde0a1ad6b8940d412bd737b6c5d1ccc67273d7ed4d83122b859a89cf1574c813edbc8ea457313ee420dfdb2837ec48f289dadc25a5d3cc3a4f0e59a9fb6371a1638a7500844fa4873488ac9789adb9ebd169a29fc5dc569a341b21d96b02ff192c4ec7f0029ec9e904212f6f94589469ca9d6f61536157f88607b7926acb5e88065df597b5e73f9225a464ad8d4cd38d300ac6629928d5d10d69019d3c011c1a40b748e59ed55ce854dde2e58fb6bc0b358df5f09e90ee264896795e40e556f088435e1aaf53a13dc2027b362285dbbb9edeb4d2d44a1916c9100180d978a3d66cb634f05faf6a67c8cb7582b91c91d8169934beb30453c610437494c0e748aa3485ce7528aece87c203eb4b55b880522f0b48b4c50dfbc76c6bdb49f411af789728c0b261bdea7d206d6a16c96ca15ef4c5ae2f9475d22399e6a838b1901eed05b161f5c541103433025555f338a7246d85d01eac14c3023856453614b17251a1e764710de76e3ac0b15121d788a4d9e33bc0588a052439aff2fe1c7da50be7879456954689dc926fc552f93d26ed15350b2e673029e936bd837e5591d20446912177236db1a4ca2490d82e0ae0cf0bbb76342a41966baa9f6a8ed43c10c8b7c068560243552e83c4aa5c8fc5a2b0d96eb2528ef70afa47094eb1b932e46d949fa0d9bd366999af28a7b0d00ab80a0c42414cd040fafbdb56705bcea25877265763cb6572c07f750ce0634042e41acea2748ba5410e90abba84039eaa33a58ecb504432b3e52245a101284908683ec3d6dab5d2b4595026fa4359dbaef15e1b4c31b6520beac3ee92690b5cb8521b2c12976c2198c531cc8641a3855cd9826c6ea59dfede9699b506b58096e6688e3681628dadc347a95e28eab4897d92a614f5e51339cda022b730e75ca26ca68c5085027e0ed4b2d380d5d6bbc1459d102e829b21048871944f6c1c954e116b77331473501c5b4e06d50c3702ade24139824c2bae28836df537912c5d40502cb93518898df2e371afb29ff38019420a3c4500a8e30db7a6d6325132f6088e8ce6865129e7f739990ceef7d6526a5345b71bcada9aba9e595470158809859d4ddc2adf2d10d9b704aa1473e3cd1e9a0f66c916926c99c69d154a1700fa07a5b28ba887a465581f4d9d40d88e527a2014ea938a4a5fd30469d74aba24f81804a44f8d4bdface4911bdeb5cbdcfd4a8bda15df914fcac2a10e0340c43acc37e07050d91a8b758ae4a82eaac1fb3133f44e6bb3b4166652dce00bced0506f0e3a16ad424afd17b2b02ecb5b7069c5378c90aaa5f6e8767d6824a97c70b3c43daa0b5c1911ffd0fc6d97f6a1f98d84aa9454d477a48a9e463bd50922d18b3491fb4a1fcfc80d29c925b6a8eb043ce39ca6ae1ed0642c48b1d421977fd15161096ffd4d04588e92ace3792a56a350c10ac637eb96568dad4763760852da50ef0d6da8c7a93109668267dd362f813b9785cc3244a6bf4fe772b8b730a96314f5afa8116bae0ba11bec14476a9ce7e5926a2808c36063526d128860fab9a1b3a9886e082c055afaa5d17f5246a82d0660c9dc7f3afe32a3786654001a3f23816aa088979f72ec7e43270e8cfbb0f56bc5214fd6923380d8dec4a1e58d6dbf537215e905dc81b41d569a057dd2142d60adfc56fbb326d5ca5cdc038156b970bfa1cd00cade527c18e2a7c195359752a7b7d2e0685b6c417d2488bc60f31a79ce21d354e554da5530d537c4c0872adc6bb9e2f623ceb401ba0bee2e811dbd424fb5a4fd88e7fab916a045ac50b7f6fbfb1a56a66223aa2b6092aad04312e43815ac42c31a255450436c475b914797469bb6dce6652a7935e2b4110a14508aa6b19015267a9df7b946fc43e04271893f2f6eefc26701d3dc7453e350c18a199568b4f23cc28f3cf32af221171b67ecf0e081fd2f31ea8dda74c45030765a74ee2a4a00b7e033856d2a6185d018399b9675679bab62411a858cac147609974199aee5c6858ad413c90c12102842bd5ad8a2b32504aafa333b7417bef117b3034c490ca5d196aaad0bc97d73c2a5513ff5342e657ad2ce9ba63ac4e4674536793d0af06f0a7ccd15847e626b34d569ffdee29f0a848e61651e13e1d520c2023dcb61f3899c43da0278b40134dc26b9aa41234259586685029f20f67cf8758bc877d839842ecb55e44d815074bc52162882bcda9097a8fb0d149ad4d92a4feef882d1d2c24168ce483af1a8bb39e9bb3537f4747454501d81bdcf6536a9378af7e8b8046d0084621b9730419350c3aff76f31e742a5ca7342d6977eae6108af3234e812fa36545d8f193605e50e767b9b08bbb733acd8068f694e87fd8458d2599dc8534985d7b6274370038b486ccac4a28bd0ad137991e108b1ac7b94259a20761ae5d8ad81679894f9c8db11e184983b038317a622de806ee8da9fd51f2b7ea00e0fb96946dbd97027ecd7734a57eab7601a8cde90e30860c340d9cd992addb3fe3499946e9c4512ec3e469a86f05d629b3619a06a1708ddf1e07a9e4a733338f9253ac5303a76bdc54c2a33d4e70cc1419417b052d794c1f9cc7d2af3856c391b5fcaee592a6fd492d08d1e4e3a86044544cca986c654304912e602a7071c7986a118c78bb180d0f4847a926bec348b2a1ff3c47a6a77f204df64a5d35168de1910bcef09523a1b66a8521f60d1011bac8fa8b81057d6276e4ef932dfa16316c3b989204a1f25b738f923cd9e07432a0e9e870302ea9ec0f92253b196078e4278c0abd955b58961fb8306daa8b0b7a494f8592fe57c43e4448d5feb8b2a073afc8f14a49d6a6507e9458c01dda0d1f985131371f1fb851b8bd305198bae8bbe0eea0f1bd62baa139f800255e8c5a60d302abd0d30e183bdc69fda0f9bca090f38c42e0c63297ccac8a0fb66df9fd349a7204cf39d43ee50e6557672b6f9e9a3952bf15aa57fd246f795659a1c8acecdee7482814dc1f9a21ba0afb9f1e9bf2dea5ee956b3c38d2e5d46ed4deeead0f901c3c25a0ac9fe6f17faee84e7c52d17b6df9bb9cb9f87bf60dbee63332787a674c672cd880a573a57d567e28a3edb931454120725d2a4eb00a74a1e7d5225fa97eae59202a5f61a04505dbaf2b3b8d2d1974ad8b9a7fa5555e5f7cb3d5378431babca27e1e94b67cf53bb4438cef0d25e142362d35016c2f55045fbebf57a8c4dfa3255236964baf13a725c01a02ffaa9f11f6eebe7307fc8950c520856e15d23f7c0b8eb12fb6f2f8ec5e0b7d3d1931f1e3f7bf0647434781e169815bce5b977ff79236efff22db2f9a64a46de3c6377cb274ab4179f2b3adda79f28a5bcc704378351e08b9db2b55dedc86c144c935a544d6c12c9e4c1c9e5b9346faa4fe0dcd305a828e6cbd30fd58ab36a21bee5eab89675fe9ef47cbe5759692d3426895a5ab74133960507ef17d69a46c2a0e1e5dbf3315f6e3e7cf0e0d1087f7edcbe3de45bfe4ee6363f0ba1f4ae7e9e349d543fd4fa3792daab71</marked_file>
      <paragraph_indexes count="68">94 139 503 579 685 760 765 778 842 921 1171 1201 1233 1274 1306 1336 1368 1406 1438 1476 2155 2282 2336 2432 2517 2632 2637 2672 2680 2728 2742 2772 2786 3038 3058 3130 3144 3285 3299 3444 3458 3482 3517 3555 3575 3704 3718 3779 3793 3816 3830 3901 3915 3974 3988 4099 4113 4235 4249 4403 4423 4468 4482 4641 4655 4661 4681 4770 4784 4905 4919 5040 5054 5115 5129 5250 5264 5379 5399 5471 5485 5561 5575 5635 5649 5712 5726 5822 5836 5989 6003 6118 6138 6230 6244 6435 6470 6505 6525 6612 6626 6808 6822 6894 6929 6980 6994 7016 7040 7099 7123 7306 7330 7521 7545 7594 7608 7752 7776 7865 7879 7923 7937 8109 8133 8179 8193 8445 8493 8543 8772 9197 9373 9544 9553 9662 </paragraph_indexes>
      <support_files>
        <file type="todo">images/av.gif</file>
        <file type="todo">images/bluebottom.gif</file>
        <file type="todo">images/bluetop.gif</file>
        <file type="todo">images/bottomwhite.gif</file>
        <file type="todo">images/bottomwhite2.gif</file>
        <file type="todo">images/logo1.gif</file>
        <file type="todo">images/menutabA1.gif</file>
        <file type="todo">images/menutabB1.gif</file>
        <file type="todo">images/photobackup/1bckgrnd.gif</file>
        <file type="todo">images/photobackup/2bckgrnd.gif</file>
        <file type="todo">images/photobackup/3bckgrnd.gif</file>
        <file type="todo">images/topline1.gif</file>
        <file type="todo">images/topline2.gif</file>
        <file type="todo">images/topline2WB.gif</file>
        <file type="todo">images/toplineL.gif</file>
        <file type="todo">images/toplineLW.gif</file>
        <file type="todo">images/toplineR.gif</file>
        <file type="todo">images/topwhite2.gif</file>
        <file type="todo">styles.css</file>
      </support_files>
    </extractor><translation>
      <languages>
        <language reviewed="False">Spanish</language>
        <language reviewed="False">German</language>
      </languages><sentences count="68">
        <ta_sentence do_translation="yes" encoding="utf-8" format="1" id="1061" original_language="English" type="title">
          <space_before />
          <space_after />
          <text_data language="German">
            <text from_TM="False" rev_id="13" status="New" time="1222355938">Virus threats to your computer</text>
          </text_data><text_data language="Spanish">
            <text from_TM="False" rev_id="11" status="Complete" time="1222354203">Spanish : ats to your computer</text>
          </text_data><text_data language="English">
            <text from_TM="False" rev_id="11" status="Complete" time="1222354203">Virus threats to your computer</text>
          </text_data>
        </ta_sentence><ta_sentence do_translation="yes" encoding="utf-8" format="1" id="1062" original_language="English">
          <space_before />
          <space_after />
          <text_data language="German">
            <text from_TM="False" rev_id="13" status="New" time="1222355938">OnTheGoSoft</text>
            <marker end="11" id="0" start="0" />
          </text_data><text_data language="Spanish">
            <text from_TM="False" rev_id="11" status="Complete" time="1222354203">Spanish : t</text>
            <marker end="11" id="0" start="0" />
          </text_data><text_data language="English">
            <text from_TM="False" rev_id="11" status="Complete" time="1222354203">OnTheGoSoft</text>
            <marker end="11" id="0" start="0" />
          </text_data><marker_def id="0" type="html">
            <html_marker tag="img">
              <attr name="src" val="images/bluetop.gif" />
              <attr name="alt" val="OnTheGoSoft" />
              <attr name="width" val="760" />
              <attr name="height" val="5" />
            </html_marker>
          </marker_def>
        </ta_sentence><ta_sentence do_translation="yes" encoding="utf-8" format="1" id="1063" original_language="English">
          <space_before />
          <space_after />
          <text_data language="German">
            <text from_TM="False" rev_id="13" status="New" time="1222355938">OnTheGoSoft</text>
            <marker end="11" id="0" start="0" />
          </text_data><text_data language="Spanish">
            <text from_TM="False" rev_id="11" status="Complete" time="1222354203">Spanish : t</text>
            <marker end="11" id="0" start="0" />
          </text_data><text_data language="English">
            <text from_TM="False" rev_id="11" status="Complete" time="1222354203">OnTheGoSoft</text>
            <marker end="11" id="0" start="0" />
          </text_data><marker_def id="0" type="html">
            <html_marker tag="img">
              <attr name="src" val="images/logo1.gif" />
              <attr name="alt" val="OnTheGoSoft" />
              <attr name="width" val="397" />
              <attr name="height" val="62" />
            </html_marker>
          </marker_def>
        </ta_sentence><ta_sentence do_translation="no" encoding="utf-8" format="1" id="1064" original_language="English">
          <space_before> </space_before>
          <space_after />
          <text_data language="German">
            <text from_TM="False" rev_id="13" status="New" time="1222355938" />
          </text_data><text_data language="Spanish">
            <text from_TM="False" rev_id="-1" status="Complete" time="1222355861" />
          </text_data><text_data language="English">
            <text from_TM="False" status="Complete" time="1222355861" />
          </text_data>
        </ta_sentence><ta_sentence do_translation="yes" encoding="utf-8" format="1" id="1065" original_language="English">
          <space_before />
          <space_after />
          <text_data language="German">
            <text from_TM="False" rev_id="13" status="New" time="1222355938">OnTheGoSoft</text>
            <marker end="11" id="0" start="0" />
          </text_data><text_data language="Spanish">
            <text from_TM="False" rev_id="11" status="Complete" time="1222354203">Spanish : t</text>
            <marker end="11" id="0" start="0" />
          </text_data><text_data language="English">
            <text from_TM="False" rev_id="11" status="Complete" time="1222354203">OnTheGoSoft</text>
            <marker end="11" id="0" start="0" />
          </text_data><marker_def id="0" type="html">
            <html_marker tag="img">
              <attr name="src" val="images/bluebottom.gif" />
              <attr name="alt" val="OnTheGoSoft" />
              <attr name="width" val="760" />
              <attr name="height" val="5" />
            </html_marker>
          </marker_def>
        </ta_sentence><ta_sentence do_translation="yes" encoding="utf-8" format="1" id="1066" original_language="English">
          <space_before />
          <space_after />
          <text_data language="German">
            <text from_TM="False" rev_id="13" status="New" time="1222355938">Products</text>
            <marker end="8" id="0" start="0" />
          </text_data><text_data language="Spanish">
            <text from_TM="False" rev_id="11" status="Complete" time="1222354203">Spanish : </text>
            <marker end="8" id="0" start="0" />
          </text_data><text_data language="English">
            <text from_TM="False" rev_id="11" status="Complete" time="1222354203">Products</text>
            <marker end="8" id="0" start="0" />
          </text_data><marker_def id="0" type="html">
            <html_marker tag="a">
              <attr name="href" val="./" />
            </html_marker>
          </marker_def>
        </ta_sentence><ta_sentence do_translation="yes" encoding="utf-8" format="1" id="1067" original_language="English">
          <space_before />
          <space_after />
          <text_data language="German">
            <text from_TM="False" rev_id="13" status="New" time="1222355938">Downloads</text>
            <marker end="9" id="0" start="0" />
          </text_data><text_data language="Spanish">
            <text from_TM="False" rev_id="11" status="Complete" time="1222354203">Spanish : </text>
            <marker end="9" id="0" start="0" />
          </text_data><text_data language="English">
            <text from_TM="False" rev_id="11" status="Complete" time="1222354203">Downloads</text>
            <marker end="9" id="0" start="0" />
          </text_data><marker_def id="0" type="html">
            <html_marker tag="a">
              <attr name="href" val="download.htm" />
            </html_marker>
          </marker_def>
        </ta_sentence><ta_sentence do_translation="yes" encoding="utf-8" format="1" id="1068" original_language="English">
          <space_before />
          <space_after />
          <text_data language="German">
            <text from_TM="False" rev_id="13" status="New" time="1222355938">Buy</text>
            <marker end="3" id="0" start="0" />
          </text_data><text_data language="Spanish">
            <text from_TM="False" rev_id="11" status="Complete" time="1222354203">Spanish : </text>
            <marker end="3" id="0" start="0" />
          </text_data><text_data language="English">
            <text from_TM="False" rev_id="11" status="Complete" time="1222354203">Buy</text>
            <marker end="3" id="0" start="0" />
          </text_data><marker_def id="0" type="html">
            <html_marker tag="a">
              <attr name="href" val="buy.htm" />
            </html_marker>
          </marker_def>
        </ta_sentence><ta_sentence do_translation="yes" encoding="utf-8" format="1" id="1069" original_language="English">
          <space_before />
          <space_after />
          <text_data language="German">
            <text from_TM="False" rev_id="13" status="New" time="1222355938">Contact</text>
            <marker end="7" id="0" start="0" />
          </text_data><text_data language="Spanish">
            <text from_TM="False" rev_id="11" status="Complete" time="1222354203">Spanish : </text>
            <marker end="7" id="0" start="0" />
          </text_data><text_data language="English">
            <text from_TM="False" rev_id="11" status="Complete" time="1222354203">Contact</text>
            <marker end="7" id="0" start="0" />
          </text_data><marker_def id="0" type="html">
            <html_marker tag="a">
              <attr name="href" val="contact.htm" />
            </html_marker>
          </marker_def>
        </ta_sentence><ta_sentence do_translation="yes" encoding="utf-8" format="1" id="1070" original_language="English">
          <space_before />
          <space_after />
          <text_data language="German">
            <text from_TM="False" rev_id="13" status="New" time="1222355938">Support</text>
            <marker end="7" id="0" start="0" />
          </text_data><text_data language="Spanish">
            <text from_TM="False" rev_id="11" status="Complete" time="1222354203">Spanish : </text>
            <marker end="7" id="0" start="0" />
          </text_data><text_data language="English">
            <text from_TM="False" rev_id="11" status="Complete" time="1222354203">Support</text>
            <marker end="7" id="0" start="0" />
          </text_data><marker_def id="0" type="html">
            <html_marker tag="a">
              <attr name="href" val="support.htm" />
            </html_marker>
          </marker_def>
        </ta_sentence><ta_sentence do_translation="yes" encoding="utf-8" format="1" id="1071" original_language="English">
          <space_before />
          <space_after />
          <text_data language="German">
            <text from_TM="False" rev_id="13" status="New" time="1222355938">Home &gt; Links &gt; Virus Threats</text>
            <marker end="28" id="0" start="0" />
            <marker end="4" id="1" start="0" />
            <marker end="12" id="2" start="7" />
          </text_data><text_data language="Spanish">
            <text from_TM="False" rev_id="11" status="Complete" time="1222354203">Spanish : ks &gt; Virus Threats</text>
            <marker end="28" id="0" start="0" />
            <marker end="4" id="1" start="0" />
            <marker end="12" id="2" start="7" />
          </text_data><text_data language="English">
            <text from_TM="False" rev_id="11" status="Complete" time="1222354203">Home &gt; Links &gt; Virus Threats</text>
            <marker end="28" id="0" start="0" />
            <marker end="4" id="1" start="0" />
            <marker end="12" id="2" start="7" />
          </text_data><marker_def id="0" type="html">
            <html_marker tag="span">
              <attr name="class" val="Text-TopNav" />
            </html_marker>
          </marker_def><marker_def id="1" type="html">
            <html_marker tag="a">
              <attr name="href" val="./" />
            </html_marker>
          </marker_def><marker_def id="2" type="html">
            <html_marker tag="a">
              <attr name="href" val="links_nav.htm" />
            </html_marker>
          </marker_def>
        </ta_sentence><ta_sentence do_translation="yes" encoding="utf-8" format="1" id="1072" original_language="English">
          <space_before />
          <space_after />
          <text_data language="German">
            <text from_TM="False" rev_id="13" status="New" time="1222355938"> Things to know about virus threats to your computer </text>
            <marker end="53" id="0" start="0" />
          </text_data><text_data language="Spanish">
            <text from_TM="False" rev_id="11" status="Complete" time="1222354203">Spanish :  know about virus threats to your computer </text>
            <marker end="53" id="0" start="0" />
          </text_data><text_data language="English">
            <text from_TM="False" rev_id="11" status="Complete" time="1222354203"> Things to know about virus threats to your computer </text>
            <marker end="53" id="0" start="0" />
          </text_data><marker_def id="0" type="html">
            <html_marker tag="span">
              <attr name="class" val="Text-BigRed" />
            </html_marker>
          </marker_def>
        </ta_sentence><ta_sentence do_translation="yes" encoding="utf-8" format="1" id="1073" original_language="English">
          <space_before />
          <space_after />
          <text_data language="German">
            <text from_TM="False" rev_id="13" status="New" time="1222355938">Image of a virus</text>
            <marker end="16" id="0" start="0" />
          </text_data><text_data language="Spanish">
            <text from_TM="False" rev_id="11" status="Complete" time="1222354203">Spanish :  virus</text>
            <marker end="16" id="0" start="0" />
          </text_data><text_data language="English">
            <text from_TM="False" rev_id="11" status="Complete" time="1222354203">Image of a virus</text>
            <marker end="16" id="0" start="0" />
          </text_data><marker_def id="0" type="html">
            <html_marker tag="img">
              <attr name="src" val="images/av.gif" />
              <attr name="alt" val="Image of a virus" />
              <attr name="width" val="120" />
              <attr name="height" val="145" />
              <attr name="hspace" val="10" />
              <attr name="border" val="1" />
              <attr name="align" val="right" />
            </html_marker>
          </marker_def>
        </ta_sentence><ta_sentence do_translation="yes" encoding="utf-8" format="1" id="1074" original_language="English">
          <space_before />
          <space_after> </space_after>
          <text_data language="German">
            <text from_TM="False" rev_id="13" status="New" time="1222355938">Introduction</text>
            <marker end="12" id="-1" start="-1" />
          </text_data><text_data language="Spanish">
            <text from_TM="False" rev_id="11" status="Complete" time="1222354203">Spanish : on</text>
            <marker end="12" id="-1" start="-1" />
          </text_data><text_data language="English">
            <text from_TM="False" rev_id="11" status="Complete" time="1222354203">Introduction</text>
            <marker end="12" id="-1" start="-1" />
          </text_data><marker_def id="-1" type="html">
            <html_marker tag="strong" />
          </marker_def>
        </ta_sentence><ta_sentence do_translation="yes" encoding="utf-8" format="1" id="1075" original_language="English">
          <space_before />
          <space_after />
          <text_data language="German">
            <text from_TM="False" rev_id="13" status="New" time="1222355938">Computer hardware and software is evolving.</text>
          </text_data><text_data language="Spanish">
            <text from_TM="False" rev_id="11" status="Complete" time="1222354203">Spanish : ardware and software is evolving.</text>
          </text_data><text_data language="English">
            <text from_TM="False" rev_id="11" status="Complete" time="1222354203">Computer hardware and software is evolving.</text>
          </text_data>
        </ta_sentence><ta_sentence do_translation="yes" encoding="utf-8" format="1" id="1076" original_language="English">
          <space_before> </space_before>
          <space_after />
          <text_data language="German">
            <text from_TM="False" rev_id="13" status="New" time="1222355938">So are computer viruses.</text>
          </text_data><text_data language="Spanish">
            <text from_TM="False" rev_id="11" status="Complete" time="1222354203">Spanish : puter viruses.</text>
          </text_data><text_data language="English">
            <text from_TM="False" rev_id="11" status="Complete" time="1222354203">So are computer viruses.</text>
          </text_data>
        </ta_sentence><ta_sentence do_translation="yes" encoding="utf-8" format="1" id="1077" original_language="English">
          <space_before> </space_before>
          <space_after> </space_after>
          <text_data language="German">
            <text from_TM="False" rev_id="13" status="New" time="1222355938">Today's computer viruses have become sophisticated beings (yes, they're almost alive). Did you know that some viruses don't require any action on your side in order to take full control over your computer?</text>
          </text_data><text_data language="Spanish">
            <text from_TM="False" rev_id="11" status="Complete" time="1222354203">Spanish : mputer viruses have become sophisticated beings (yes, they're almost alive). Did you know that some viruses don't require any action on your side in order to take full control over your computer?</text>
          </text_data><text_data language="English">
            <text from_TM="False" rev_id="11" status="Complete" time="1222354203">Today's computer viruses have become sophisticated beings (yes, they're almost alive). Did you know that some viruses don't require any action on your side in order to take full control over your computer?</text>
          </text_data>
        </ta_sentence><ta_sentence do_translation="yes" encoding="utf-8" format="1" id="1078" original_language="English">
          <space_before />
          <space_after />
          <text_data language="German">
            <text from_TM="False" rev_id="13" status="New" time="1222355938">Yes, you don't really need to click on anything or accept any file.</text>
          </text_data><text_data language="Spanish">
            <text from_TM="False" rev_id="11" status="Complete" time="1222354203">Spanish : on't really need to click on anything or accept any file.</text>
          </text_data><text_data language="English">
            <text from_TM="False" rev_id="11" status="Complete" time="1222354203">Yes, you don't really need to click on anything or accept any file.</text>
          </text_data>
        </ta_sentence><ta_sentence do_translation="yes" encoding="utf-8" format="1" id="1079" original_language="English">
          <space_before> </space_before>
          <space_after />
          <text_data language="German">
            <text from_TM="False" rev_id="13" status="New" time="1222355938">You'll not be asked to approve anything - and until it's very late, you'll not even be aware of your new companion.</text>
          </text_data><text_data language="Spanish">
            <text from_TM="False" rev_id="11" status="Complete" time="1222354203">Spanish :  be asked to approve anything - and until it's very late, you'll not even be aware of your new companion.</text>
          </text_data><text_data language="English">
            <text from_TM="False" rev_id="11" status="Complete" time="1222354203">You'll not be asked to approve anything - and until it's very late, you'll not even be aware of your new companion.</text>
          </text_data>
        </ta_sentence><ta_sentence do_translation="yes" encoding="utf-8" format="1" id="1080" original_language="English">
          <space_before> </space_before>
          <space_after />
          <text_data language="German">
            <text from_TM="False" rev_id="13" status="New" time="1222355938">But when that dormant Virus, which installed on your PC, triggers and start working on your computer - that's too late.</text>
          </text_data><text_data language="Spanish">
            <text from_TM="False" rev_id="11" status="Complete" time="1222354203">Spanish : hat dormant Virus, which installed on your PC, triggers and start working on your computer - that's too late.</text>
          </text_data><text_data language="English">
            <text from_TM="False" rev_id="11" status="Complete" time="1222354203">But when that dormant Virus, which installed on your PC, triggers and start working on your computer - that's too late.</text>
          </text_data>
        </ta_sentence><ta_sentence do_translation="yes" encoding="utf-8" format="1" id="1081" original_language="English">
          <space_before> </space_before>
          <space_after />
          <text_data language="German">
            <text from_TM="False" rev_id="13" status="New" time="1222355938">Want to know more?</text>
          </text_data><text_data language="Spanish">
            <text from_TM="False" rev_id="11" status="Complete" time="1222354203">Spanish : ow more?</text>
          </text_data><text_data language="English">
            <text from_TM="False" rev_id="11" status="Complete" time="1222354203">Want to know more?</text>
          </text_data>
        </ta_sentence><ta_sentence do_translation="yes" encoding="utf-8" format="1" id="1082" original_language="English">
          <space_before />
          <space_after />
          <text_data language="German">
            <text from_TM="False" rev_id="13" status="New" time="1222355938">Combined attacks</text>
            <marker end="16" id="0" start="0" />
          </text_data><text_data language="Spanish">
            <text from_TM="False" rev_id="11" status="Complete" time="1222354203">Spanish : ttacks</text>
            <marker end="16" id="0" start="0" />
          </text_data><text_data language="English">
            <text from_TM="False" rev_id="11" status="Complete" time="1222354203">Combined attacks</text>
            <marker end="16" id="0" start="0" />
          </text_data><marker_def id="0" type="html">
            <html_marker tag="strong" />
          </marker_def>
        </ta_sentence><ta_sentence do_translation="yes" encoding="utf-8" format="1" id="1083" original_language="English">
          <space_before />
          <space_after />
          <text_data language="German">
            <text from_TM="False" rev_id="13" status="New" time="1222355938">Combined virus attacks are a relatively new term, describing viruses that crawl into your computer in a few steps.</text>
          </text_data><text_data language="Spanish">
            <text from_TM="False" rev_id="11" status="Complete" time="1222354203">Spanish : irus attacks are a relatively new term, describing viruses that crawl into your computer in a few steps.</text>
          </text_data><text_data language="English">
            <text from_TM="False" rev_id="11" status="Complete" time="1222354203">Combined virus attacks are a relatively new term, describing viruses that crawl into your computer in a few steps.</text>
          </text_data>
        </ta_sentence><ta_sentence do_translation="yes" encoding="utf-8" format="1" id="1084" original_language="English">
          <space_before> </space_before>
          <space_after />
          <text_data language="German">
            <text from_TM="False" rev_id="13" status="New" time="1222355938">First, the virus has to get to your computer. That's very easy.</text>
          </text_data><text_data language="Spanish">
            <text from_TM="False" rev_id="11" status="Complete" time="1222354203">Spanish :  virus has to get to your computer. That's very easy.</text>
          </text_data><text_data language="English">
            <text from_TM="False" rev_id="11" status="Complete" time="1222354203">First, the virus has to get to your computer. That's very easy.</text>
          </text_data>
        </ta_sentence><ta_sentence do_translation="no" encoding="utf-8" format="1" id="1085" original_language="English">
          <space_before />
          <space_after />
          <text_data language="German">
            <text from_TM="False" rev_id="13" status="New" time="1222355938" />
          </text_data><text_data language="Spanish">
            <text from_TM="False" rev_id="-1" status="Complete" time="1222355861" />
          </text_data><text_data language="English">
            <text from_TM="False" status="Complete" time="1222355861" />
          </text_data>
        </ta_sentence><ta_sentence do_translation="yes" encoding="utf-8" format="1" id="1086" original_language="English">
          <space_before> </space_before>
          <space_after />
          <text_data language="German">
            <text from_TM="False" rev_id="13" status="New" time="1222355938">Receive a malicious email or browse a hostile web site.</text>
          </text_data><text_data language="Spanish">
            <text from_TM="False" rev_id="11" status="Complete" time="1222354203">Spanish : malicious email or browse a hostile web site.</text>
          </text_data><text_data language="English">
            <text from_TM="False" rev_id="11" status="Complete" time="1222354203">Receive a malicious email or browse a hostile web site.</text>
          </text_data>
        </ta_sentence><ta_sentence do_translation="yes" encoding="utf-8" format="1" id="1087" original_language="English">
          <space_before> </space_before>
          <space_after />
          <text_data language="German">
            <text from_TM="False" rev_id="13" status="New" time="1222355938">Not much action is required from your side.</text>
          </text_data><text_data language="Spanish">
            <text from_TM="False" rev_id="11" status="Complete" time="1222354203">Spanish : ction is required from your side.</text>
          </text_data><text_data language="English">
            <text from_TM="False" rev_id="11" status="Complete" time="1222354203">Not much action is required from your side.</text>
          </text_data>
        </ta_sentence><ta_sentence do_translation="yes" encoding="utf-8" format="1" id="1088" original_language="English">
          <space_before> </space_before>
          <space_after />
          <text_data language="German">
            <text from_TM="False" rev_id="13" status="New" time="1222355938">Just opening an email (you don't have to activate any attachment) or entering a site is enough.</text>
          </text_data><text_data language="Spanish">
            <text from_TM="False" rev_id="11" status="Complete" time="1222354203">Spanish : ng an email (you don't have to activate any attachment) or entering a site is enough.</text>
          </text_data><text_data language="English">
            <text from_TM="False" rev_id="11" status="Complete" time="1222354203">Just opening an email (you don't have to activate any attachment) or entering a site is enough.</text>
          </text_data>
        </ta_sentence><ta_sentence do_translation="yes" encoding="utf-8" format="1" id="1089" original_language="English">
          <space_before> </space_before>
          <space_after />
          <text_data language="German">
            <text from_TM="False" rev_id="13" status="New" time="1222355938">The virus puts a piece of dangerous code on your computer, camouflaged as a harmless piece of information.</text>
          </text_data><text_data language="Spanish">
            <text from_TM="False" rev_id="11" status="Complete" time="1222354203">Spanish : puts a piece of dangerous code on your computer, camouflaged as a harmless piece of information.</text>
          </text_data><text_data language="English">
            <text from_TM="False" rev_id="11" status="Complete" time="1222354203">The virus puts a piece of dangerous code on your computer, camouflaged as a harmless piece of information.</text>
          </text_data>
        </ta_sentence><ta_sentence do_translation="yes" encoding="utf-8" format="1" id="1090" original_language="English">
          <space_before> </space_before>
          <space_after />
          <text_data language="German">
            <text from_TM="False" rev_id="13" status="New" time="1222355938">Since no virus is actually conveyed during this step, your favorite AV software will probably take no action and report nothing.</text>
          </text_data><text_data language="Spanish">
            <text from_TM="False" rev_id="11" status="Complete" time="1222354203">Spanish : irus is actually conveyed during this step, your favorite AV software will probably take no action and report nothing.</text>
          </text_data><text_data language="English">
            <text from_TM="False" rev_id="11" status="Complete" time="1222354203">Since no virus is actually conveyed during this step, your favorite AV software will probably take no action and report nothing.</text>
          </text_data>
        </ta_sentence><ta_sentence do_translation="yes" encoding="utf-8" format="1" id="1091" original_language="English">
          <space_before />
          <space_after />
          <text_data language="German">
            <text from_TM="False" rev_id="13" status="New" time="1222355938">The next few steps are more interesting.</text>
          </text_data><text_data language="Spanish">
            <text from_TM="False" rev_id="11" status="Complete" time="1222354203">Spanish : ew steps are more interesting.</text>
          </text_data><text_data language="English">
            <text from_TM="False" rev_id="11" status="Complete" time="1222354203">The next few steps are more interesting.</text>
          </text_data>
        </ta_sentence><ta_sentence do_translation="yes" encoding="utf-8" format="1" id="1092" original_language="English">
          <space_before> </space_before>
          <space_after />
          <text_data language="German">
            <text from_TM="False" rev_id="13" status="New" time="1222355938">A very dangerous piece of code resides in your hard disk, but is still dormant - it doesn't run and doesn't cause any damage - yet... </text>
          </text_data><text_data language="Spanish">
            <text from_TM="False" rev_id="11" status="Complete" time="1222354203">Spanish : gerous piece of code resides in your hard disk, but is still dormant - it doesn't run and doesn't cause any damage - yet... </text>
          </text_data><text_data language="English">
            <text from_TM="False" rev_id="11" status="Complete" time="1222354203">A very dangerous piece of code resides in your hard disk, but is still dormant - it doesn't run and doesn't cause any damage - yet... </text>
          </text_data>
        </ta_sentence><ta_sentence do_translation="no" encoding="utf-8" format="1" id="1093" original_language="English">
          <space_before />
          <space_after />
          <text_data language="German">
            <text from_TM="False" rev_id="13" status="New" time="1222355938" />
          </text_data><text_data language="Spanish">
            <text from_TM="False" rev_id="-1" status="Complete" time="1222355861" />
          </text_data><text_data language="English">
            <text from_TM="False" status="Complete" time="1222355861" />
          </text_data>
        </ta_sentence><ta_sentence do_translation="yes" encoding="utf-8" format="1" id="1094" original_language="English">
          <space_before />
          <space_after />
          <text_data language="German">
            <text from_TM="False" rev_id="13" status="New" time="1222355938">Then, another, harmlessly looking site or email triggers the dormant code.</text>
          </text_data><text_data language="Spanish">
            <text from_TM="False" rev_id="11" status="Complete" time="1222354203">Spanish : her, harmlessly looking site or email triggers the dormant code.</text>
          </text_data><text_data language="English">
            <text from_TM="False" rev_id="11" status="Complete" time="1222354203">Then, another, harmlessly looking site or email triggers the dormant code.</text>
          </text_data>
        </ta_sentence><ta_sentence do_translation="yes" encoding="utf-8" format="1" id="1095" original_language="English">
          <space_before> </space_before>
          <space_after />
          <text_data language="German">
            <text from_TM="False" rev_id="13" status="New" time="1222355938">Again, your AV software doesn't really notice that because the piece of code is already on your computer.</text>
          </text_data><text_data language="Spanish">
            <text from_TM="False" rev_id="11" status="Complete" time="1222354203">Spanish : r AV software doesn't really notice that because the piece of code is already on your computer.</text>
          </text_data><text_data language="English">
            <text from_TM="False" rev_id="11" status="Complete" time="1222354203">Again, your AV software doesn't really notice that because the piece of code is already on your computer.</text>
          </text_data>
        </ta_sentence><ta_sentence do_translation="yes" encoding="utf-8" format="1" id="1096" original_language="English">
          <space_before> </space_before>
          <space_after />
          <text_data language="German">
            <text from_TM="False" rev_id="13" status="New" time="1222355938">The AV software would usually just scan code that is downloaded and executed from the Internet.</text>
          </text_data><text_data language="Spanish">
            <text from_TM="False" rev_id="11" status="Complete" time="1222354203">Spanish : tware would usually just scan code that is downloaded and executed from the Internet.</text>
          </text_data><text_data language="English">
            <text from_TM="False" rev_id="11" status="Complete" time="1222354203">The AV software would usually just scan code that is downloaded and executed from the Internet.</text>
          </text_data>
        </ta_sentence><ta_sentence do_translation="yes" encoding="utf-8" format="1" id="1097" original_language="English">
          <space_before> </space_before>
          <space_after />
          <text_data language="German">
            <text from_TM="False" rev_id="13" status="New" time="1222355938">It usually trusts code that's already on your computer.</text>
          </text_data><text_data language="Spanish">
            <text from_TM="False" rev_id="11" status="Complete" time="1222354203">Spanish :  trusts code that's already on your computer.</text>
          </text_data><text_data language="English">
            <text from_TM="False" rev_id="11" status="Complete" time="1222354203">It usually trusts code that's already on your computer.</text>
          </text_data>
        </ta_sentence><ta_sentence do_translation="yes" encoding="utf-8" format="1" id="1098" original_language="English">
          <space_before> </space_before>
          <space_after />
          <text_data language="German">
            <text from_TM="False" rev_id="13" status="New" time="1222355938">Of course, it you have a firewall installed - that doesn't do you any good against this attack.</text>
          </text_data><text_data language="Spanish">
            <text from_TM="False" rev_id="11" status="Complete" time="1222354203">Spanish :  it you have a firewall installed - that doesn't do you any good against this attack.</text>
          </text_data><text_data language="English">
            <text from_TM="False" rev_id="11" status="Complete" time="1222354203">Of course, it you have a firewall installed - that doesn't do you any good against this attack.</text>
          </text_data>
        </ta_sentence><ta_sentence do_translation="yes" encoding="utf-8" format="1" id="1099" original_language="English">
          <space_before> </space_before>
          <space_after />
          <text_data language="German">
            <text from_TM="False" rev_id="13" status="New" time="1222355938">The application, which triggers the virus is legitimate and has full rights to access the Internet.</text>
          </text_data><text_data language="Spanish">
            <text from_TM="False" rev_id="11" status="Complete" time="1222354203">Spanish : ation, which triggers the virus is legitimate and has full rights to access the Internet.</text>
          </text_data><text_data language="English">
            <text from_TM="False" rev_id="11" status="Complete" time="1222354203">The application, which triggers the virus is legitimate and has full rights to access the Internet.</text>
          </text_data>
        </ta_sentence><ta_sentence do_translation="yes" encoding="utf-8" format="1" id="1100" original_language="English">
          <space_before />
          <space_after />
          <text_data language="German">
            <text from_TM="False" rev_id="13" status="New" time="1222355938">Last but not least - the virus has to be executed on your computer.</text>
          </text_data><text_data language="Spanish">
            <text from_TM="False" rev_id="11" status="Complete" time="1222354203">Spanish : ot least - the virus has to be executed on your computer.</text>
          </text_data><text_data language="English">
            <text from_TM="False" rev_id="11" status="Complete" time="1222354203">Last but not least - the virus has to be executed on your computer.</text>
          </text_data>
        </ta_sentence><ta_sentence do_translation="yes" encoding="utf-8" format="1" id="1101" original_language="English">
          <space_before> </space_before>
          <space_after />
          <text_data language="German">
            <text from_TM="False" rev_id="13" status="New" time="1222355938">This last step requires assistance from a giant - Microsoft.</text>
          </text_data><text_data language="Spanish">
            <text from_TM="False" rev_id="11" status="Complete" time="1222354203">Spanish : step requires assistance from a giant - Microsoft.</text>
          </text_data><text_data language="English">
            <text from_TM="False" rev_id="11" status="Complete" time="1222354203">This last step requires assistance from a giant - Microsoft.</text>
          </text_data>
        </ta_sentence><ta_sentence do_translation="yes" encoding="utf-8" format="1" id="1102" original_language="English">
          <space_before> </space_before>
          <space_after />
          <text_data language="German">
            <text from_TM="False" rev_id="13" status="New" time="1222355938">Writing a web-browser is a complicated task.</text>
          </text_data><text_data language="Spanish">
            <text from_TM="False" rev_id="11" status="Complete" time="1222354203">Spanish : web-browser is a complicated task.</text>
          </text_data><text_data language="English">
            <text from_TM="False" rev_id="11" status="Complete" time="1222354203">Writing a web-browser is a complicated task.</text>
          </text_data>
        </ta_sentence><ta_sentence do_translation="yes" encoding="utf-8" format="1" id="1103" original_language="English">
          <space_before> </space_before>
          <space_after />
          <text_data language="German">
            <text from_TM="False" rev_id="13" status="New" time="1222355938">It involves work from thousands of programmers.</text>
          </text_data><text_data language="Spanish">
            <text from_TM="False" rev_id="11" status="Complete" time="1222354203">Spanish : s work from thousands of programmers.</text>
          </text_data><text_data language="English">
            <text from_TM="False" rev_id="11" status="Complete" time="1222354203">It involves work from thousands of programmers.</text>
          </text_data>
        </ta_sentence><ta_sentence do_translation="yes" encoding="utf-8" format="1" id="1104" original_language="English">
          <space_before> </space_before>
          <space_after />
          <text_data language="German">
            <text from_TM="False" rev_id="13" status="New" time="1222355938">Such a complicated task is never flawless - and some bugs remain here and there.</text>
          </text_data><text_data language="Spanish">
            <text from_TM="False" rev_id="11" status="Complete" time="1222354203">Spanish : plicated task is never flawless - and some bugs remain here and there.</text>
          </text_data><text_data language="English">
            <text from_TM="False" rev_id="11" status="Complete" time="1222354203">Such a complicated task is never flawless - and some bugs remain here and there.</text>
          </text_data>
        </ta_sentence><ta_sentence do_translation="yes" encoding="utf-8" format="1" id="1105" original_language="English">
          <space_before> </space_before>
          <space_after />
          <text_data language="German">
            <text from_TM="False" rev_id="13" status="New" time="1222355938">Computer hackers recognize these bugs and use them to make Microsoft's Internet Explorer to do things it wasn't intended to do.</text>
          </text_data><text_data language="Spanish">
            <text from_TM="False" rev_id="11" status="Complete" time="1222354203">Spanish : ackers recognize these bugs and use them to make Microsoft's Internet Explorer to do things it wasn't intended to do.</text>
          </text_data><text_data language="English">
            <text from_TM="False" rev_id="11" status="Complete" time="1222354203">Computer hackers recognize these bugs and use them to make Microsoft's Internet Explorer to do things it wasn't intended to do.</text>
          </text_data>
        </ta_sentence><ta_sentence do_translation="yes" encoding="utf-8" format="1" id="1106" original_language="English">
          <space_before> </space_before>
          <space_after />
          <text_data language="German">
            <text from_TM="False" rev_id="13" status="New" time="1222355938">Specifically, these bugs allow hackers to wake up (or trigger) dormant virus code on your computer.</text>
          </text_data><text_data language="Spanish">
            <text from_TM="False" rev_id="11" status="Complete" time="1222354203">Spanish : ly, these bugs allow hackers to wake up (or trigger) dormant virus code on your computer.</text>
          </text_data><text_data language="English">
            <text from_TM="False" rev_id="11" status="Complete" time="1222354203">Specifically, these bugs allow hackers to wake up (or trigger) dormant virus code on your computer.</text>
          </text_data>
        </ta_sentence><ta_sentence do_translation="yes" encoding="utf-8" format="1" id="1107" original_language="English">
          <space_before />
          <space_after />
          <text_data language="German">
            <text from_TM="False" rev_id="13" status="New" time="1222355938">And then, your new visitor - the virus - can do whatever it feels like doing.</text>
          </text_data><text_data language="Spanish">
            <text from_TM="False" rev_id="11" status="Complete" time="1222354203">Spanish : your new visitor - the virus - can do whatever it feels like doing.</text>
          </text_data><text_data language="English">
            <text from_TM="False" rev_id="11" status="Complete" time="1222354203">And then, your new visitor - the virus - can do whatever it feels like doing.</text>
          </text_data>
        </ta_sentence><ta_sentence do_translation="yes" encoding="utf-8" format="1" id="1108" original_language="English">
          <space_before> </space_before>
          <space_after />
          <text_data language="German">
            <text from_TM="False" rev_id="13" status="New" time="1222355938">Having administrative privileges, the new owner of your computer can have a look at your files, send them, change them - but most popular of all - simply erase them.</text>
          </text_data><text_data language="Spanish">
            <text from_TM="False" rev_id="11" status="Complete" time="1222354203">Spanish : inistrative privileges, the new owner of your computer can have a look at your files, send them, change them - but most popular of all - simply erase them.</text>
          </text_data><text_data language="English">
            <text from_TM="False" rev_id="11" status="Complete" time="1222354203">Having administrative privileges, the new owner of your computer can have a look at your files, send them, change them - but most popular of all - simply erase them.</text>
          </text_data>
        </ta_sentence><ta_sentence do_translation="yes" encoding="utf-8" format="1" id="1109" original_language="English">
          <space_before />
          <space_after />
          <text_data language="German">
            <text from_TM="False" rev_id="13" status="New" time="1222355938">What do I do?</text>
            <marker end="13" id="0" start="0" />
          </text_data><text_data language="Spanish">
            <text from_TM="False" rev_id="11" status="Complete" time="1222354203">Spanish : do?</text>
            <marker end="13" id="0" start="0" />
          </text_data><text_data language="English">
            <text from_TM="False" rev_id="11" status="Complete" time="1222354203">What do I do?</text>
            <marker end="13" id="0" start="0" />
          </text_data><marker_def id="0" type="html">
            <html_marker tag="strong" />
          </marker_def>
        </ta_sentence><ta_sentence do_translation="yes" encoding="utf-8" format="1" id="1110" original_language="English">
          <space_before />
          <space_after />
          <text_data language="German">
            <text from_TM="False" rev_id="13" status="New" time="1222355938">There are a few things that you can do to protect from computer viruses.</text>
          </text_data><text_data language="Spanish">
            <text from_TM="False" rev_id="11" status="Complete" time="1222354203">Spanish : a few things that you can do to protect from computer viruses.</text>
          </text_data><text_data language="English">
            <text from_TM="False" rev_id="11" status="Complete" time="1222354203">There are a few things that you can do to protect from computer viruses.</text>
          </text_data>
        </ta_sentence><ta_sentence do_translation="yes" encoding="utf-8" format="1" id="1111" original_language="English">
          <space_before> </space_before>
          <space_after />
          <text_data language="German">
            <text from_TM="False" rev_id="13" status="New" time="1222355938">The key to protecting your computer is in understanding that no solution is perfect and that you should always trust your common sense before anything else.</text>
          </text_data><text_data language="Spanish">
            <text from_TM="False" rev_id="11" status="Complete" time="1222354203">Spanish :  protecting your computer is in understanding that no solution is perfect and that you should always trust your common sense before anything else.</text>
          </text_data><text_data language="English">
            <text from_TM="False" rev_id="11" status="Complete" time="1222354203">The key to protecting your computer is in understanding that no solution is perfect and that you should always trust your common sense before anything else.</text>
          </text_data>
        </ta_sentence><ta_sentence do_translation="yes" encoding="utf-8" format="1" id="1112" original_language="English">
          <space_before> </space_before>
          <space_after> </space_after>
          <text_data language="German">
            <text from_TM="False" rev_id="13" status="New" time="1222355938">Then, there are some technical things that can be done:</text>
          </text_data><text_data language="Spanish">
            <text from_TM="False" rev_id="11" status="Complete" time="1222354203">Spanish : e are some technical things that can be done:</text>
          </text_data><text_data language="English">
            <text from_TM="False" rev_id="11" status="Complete" time="1222354203">Then, there are some technical things that can be done:</text>
          </text_data>
        </ta_sentence><ta_sentence do_translation="yes" encoding="utf-8" format="1" id="1113" original_language="English">
          <space_before />
          <space_after />
          <text_data language="German">
            <text from_TM="False" rev_id="13" status="New" time="1222355938">Get anti-virus software and use it frequently. Keep it updated.</text>
          </text_data><text_data language="Spanish">
            <text from_TM="False" rev_id="11" status="Complete" time="1222354203">Spanish : irus software and use it frequently. Keep it updated.</text>
          </text_data><text_data language="English">
            <text from_TM="False" rev_id="11" status="Complete" time="1222354203">Get anti-virus software and use it frequently. Keep it updated.</text>
          </text_data>
        </ta_sentence><ta_sentence do_translation="no" encoding="utf-8" format="1" id="1114" original_language="English">
          <space_before />
          <space_after />
          <text_data language="German">
            <text from_TM="False" rev_id="13" status="New" time="1222355938" />
          </text_data><text_data language="Spanish">
            <text from_TM="False" rev_id="-1" status="Complete" time="1222355861" />
          </text_data><text_data language="English">
            <text from_TM="False" status="Complete" time="1222355861" />
          </text_data>
        </ta_sentence><ta_sentence do_translation="yes" encoding="utf-8" format="1" id="1115" original_language="English">
          <space_before> </space_before>
          <space_after />
          <text_data language="German">
            <text from_TM="False" rev_id="13" status="New" time="1222355938">Visit only known sites and don't follow random links.</text>
          </text_data><text_data language="Spanish">
            <text from_TM="False" rev_id="11" status="Complete" time="1222354203">Spanish :  known sites and don't follow random links.</text>
          </text_data><text_data language="English">
            <text from_TM="False" rev_id="11" status="Complete" time="1222354203">Visit only known sites and don't follow random links.</text>
          </text_data>
        </ta_sentence><ta_sentence do_translation="yes" encoding="utf-8" format="1" id="1116" original_language="English">
          <space_before> </space_before>
          <space_after />
          <text_data language="German">
            <text from_TM="False" rev_id="13" status="New" time="1222355938">Open emails from trusted sources only, and from them also - try to understand if you're looking at legitimate email or at Spam/viruses (they go together hand in hand).</text>
          </text_data><text_data language="Spanish">
            <text from_TM="False" rev_id="11" status="Complete" time="1222354203">Spanish : s from trusted sources only, and from them also - try to understand if you're looking at legitimate email or at Spam/viruses (they go together hand in hand).</text>
          </text_data><text_data language="English">
            <text from_TM="False" rev_id="11" status="Complete" time="1222354203">Open emails from trusted sources only, and from them also - try to understand if you're looking at legitimate email or at Spam/viruses (they go together hand in hand).</text>
          </text_data>
        </ta_sentence><ta_sentence do_translation="yes" encoding="utf-8" format="1" id="1117" original_language="English">
          <space_before> </space_before>
          <space_after />
          <text_data language="German">
            <text from_TM="False" rev_id="13" status="New" time="1222355938">Delete the contents of your temporary Internet contents, and Recycle Bin frequently - this is a great place for viruses to hold their very private data, which goes undetected.</text>
          </text_data><text_data language="Spanish">
            <text from_TM="False" rev_id="11" status="Complete" time="1222354203">Spanish :  contents of your temporary Internet contents, and Recycle Bin frequently - this is a great place for viruses to hold their very private data, which goes undetected.</text>
          </text_data><text_data language="English">
            <text from_TM="False" rev_id="11" status="Complete" time="1222354203">Delete the contents of your temporary Internet contents, and Recycle Bin frequently - this is a great place for viruses to hold their very private data, which goes undetected.</text>
          </text_data>
        </ta_sentence><ta_sentence do_translation="yes" encoding="utf-8" format="1" id="1118" original_language="English">
          <space_before> </space_before>
          <space_after />
          <text_data language="German">
            <text from_TM="False" rev_id="13" status="New" time="1222355938">Keep up-to-date on modern virus techniques.</text>
          </text_data><text_data language="Spanish">
            <text from_TM="False" rev_id="11" status="Complete" time="1222354203">Spanish : -date on modern virus techniques.</text>
          </text_data><text_data language="English">
            <text from_TM="False" rev_id="11" status="Complete" time="1222354203">Keep up-to-date on modern virus techniques.</text>
          </text_data>
        </ta_sentence><ta_sentence do_translation="yes" encoding="utf-8" format="1" id="1119" original_language="English">
          <space_before> </space_before>
          <space_after />
          <text_data language="German">
            <text from_TM="False" rev_id="13" status="New" time="1222355938">You can read non-technical descriptions at plenty of site, like McAfee.</text>
            <marker end="70" id="0" start="64" />
          </text_data><text_data language="Spanish">
            <text from_TM="False" rev_id="11" status="Complete" time="1222354203">Spanish : ad non-technical descriptions at plenty of site, like McAfee.</text>
            <marker end="70" id="0" start="64" />
          </text_data><text_data language="English">
            <text from_TM="False" rev_id="11" status="Complete" time="1222354203">You can read non-technical descriptions at plenty of site, like McAfee.</text>
            <marker end="70" id="0" start="64" />
          </text_data><marker_def id="0" type="html">
            <html_marker tag="a">
              <attr name="href" val="http://us.mcafee.com/virusInfo/" />
              <attr name="target" val="_blank" />
            </html_marker>
          </marker_def>
        </ta_sentence><ta_sentence do_translation="yes" encoding="utf-8" format="1" id="1120" original_language="English">
          <space_before> </space_before>
          <space_after />
          <text_data language="German">
            <text from_TM="False" rev_id="13" status="New" time="1222355938">And last, keep in mind that there's always a change that a virus will hit you.</text>
          </text_data><text_data language="Spanish">
            <text from_TM="False" rev_id="11" status="Complete" time="1222354203">Spanish : keep in mind that there's always a change that a virus will hit you.</text>
          </text_data><text_data language="English">
            <text from_TM="False" rev_id="11" status="Complete" time="1222354203">And last, keep in mind that there's always a change that a virus will hit you.</text>
          </text_data>
        </ta_sentence><ta_sentence do_translation="yes" encoding="utf-8" format="1" id="1121" original_language="English">
          <space_before> </space_before>
          <space_after />
          <text_data language="German">
            <text from_TM="False" rev_id="13" status="New" time="1222355938">Keep your data backed up at all times.</text>
          </text_data><text_data language="Spanish">
            <text from_TM="False" rev_id="11" status="Complete" time="1222354203">Spanish : data backed up at all times.</text>
          </text_data><text_data language="English">
            <text from_TM="False" rev_id="11" status="Complete" time="1222354203">Keep your data backed up at all times.</text>
          </text_data>
        </ta_sentence><ta_sentence do_translation="yes" encoding="utf-8" format="1" id="1122" original_language="English">
          <space_before> </space_before>
          <space_after />
          <text_data language="German">
            <text from_TM="False" rev_id="13" status="New" time="1222355938">Backup your work files, pictures and photographs, music and every other piece of data you'll need in case you need to setup your computer from scratch.</text>
          </text_data><text_data language="Spanish">
            <text from_TM="False" rev_id="11" status="Complete" time="1222354203">Spanish : r work files, pictures and photographs, music and every other piece of data you'll need in case you need to setup your computer from scratch.</text>
          </text_data><text_data language="English">
            <text from_TM="False" rev_id="11" status="Complete" time="1222354203">Backup your work files, pictures and photographs, music and every other piece of data you'll need in case you need to setup your computer from scratch.</text>
          </text_data>
        </ta_sentence><ta_sentence do_translation="yes" encoding="utf-8" format="1" id="1123" original_language="English">
          <space_before> </space_before>
          <space_after />
          <text_data language="German">
            <text from_TM="False" rev_id="13" status="New" time="1222355938">Your backup should be to a remote media.</text>
          </text_data><text_data language="Spanish">
            <text from_TM="False" rev_id="11" status="Complete" time="1222354203">Spanish : p should be to a remote media.</text>
          </text_data><text_data language="English">
            <text from_TM="False" rev_id="11" status="Complete" time="1222354203">Your backup should be to a remote media.</text>
          </text_data>
        </ta_sentence><ta_sentence do_translation="yes" encoding="utf-8" format="1" id="1124" original_language="English">
          <space_before> </space_before>
          <space_after />
          <text_data language="German">
            <text from_TM="False" rev_id="13" status="New" time="1222355938">Remote FTP would work fine, but for Gigabytes of photographs data, you should consider backing up to CDs / DVDs. After making backup, don't forget to verify your data, so that when you need it, you can be sure that it's there!</text>
          </text_data><text_data language="Spanish">
            <text from_TM="False" rev_id="11" status="Complete" time="1222354203">Spanish :  would work fine, but for Gigabytes of photographs data, you should consider backing up to CDs / DVDs. After making backup, don't forget to verify your data, so that when you need it, you can be sure that it's there!</text>
          </text_data><text_data language="English">
            <text from_TM="False" rev_id="11" status="Complete" time="1222354203">Remote FTP would work fine, but for Gigabytes of photographs data, you should consider backing up to CDs / DVDs. After making backup, don't forget to verify your data, so that when you need it, you can be sure that it's there!</text>
          </text_data>
        </ta_sentence><ta_sentence do_translation="yes" encoding="utf-8" format="1" id="1125" original_language="English">
          <space_before />
          <space_after />
          <text_data language="German">
            <text from_TM="False" rev_id="13" status="New" time="1222355938">By:Yoav Helzer, Founder, OnTheGoSoft</text>
            <marker end="36" id="0" start="0" />
          </text_data><text_data language="Spanish">
            <text from_TM="False" rev_id="11" status="Complete" time="1222354203">Spanish : lzer, Founder, OnTheGoSoft</text>
            <marker end="36" id="0" start="0" />
          </text_data><text_data language="English">
            <text from_TM="False" rev_id="11" status="Complete" time="1222354203">By:Yoav Helzer, Founder, OnTheGoSoft</text>
            <marker end="36" id="0" start="0" />
          </text_data><marker_def id="0" type="html">
            <html_marker tag="em" />
          </marker_def>
        </ta_sentence><ta_sentence do_translation="yes" encoding="utf-8" format="1" id="1126" original_language="English">
          <space_before />
          <space_after />
          <text_data language="German">
            <text from_TM="False" rev_id="13" status="New" time="1222355938">Products&#160;&#160; - &#160;&#160;Passport Photo&#160;&#160; - &#160;&#160;Photo Backup&#160;&#160; - &#160;&#160;Shrink Pic&#160;&#160; - &#160;&#160;Resources&#160;&#160; - &#160;&#160;Partners&#160;&#160; - &#160;&#160;Blog</text>
            <marker end="8" id="0" start="0" />
            <marker end="29" id="1" start="15" />
            <marker end="48" id="2" start="36" />
            <marker end="65" id="3" start="55" />
            <marker end="81" id="4" start="72" />
            <marker end="96" id="5" start="88" />
            <marker end="107" id="6" start="103" />
          </text_data><text_data language="Spanish">
            <text from_TM="False" rev_id="11" status="Complete" time="1222354203">Spanish :  - &#160;&#160;Passport Photo&#160;&#160; - &#160;&#160;Photo Backup&#160;&#160; - &#160;&#160;Shrink Pic&#160;&#160; - &#160;&#160;Resources&#160;&#160; - &#160;&#160;Partners&#160;&#160; - &#160;&#160;Blog</text>
            <marker end="8" id="0" start="0" />
            <marker end="29" id="1" start="15" />
            <marker end="48" id="2" start="36" />
            <marker end="65" id="3" start="55" />
            <marker end="81" id="4" start="72" />
            <marker end="96" id="5" start="88" />
            <marker end="107" id="6" start="103" />
          </text_data><text_data language="English">
            <text from_TM="False" rev_id="11" status="Complete" time="1222354203">Products&#160;&#160; - &#160;&#160;Passport Photo&#160;&#160; - &#160;&#160;Photo Backup&#160;&#160; - &#160;&#160;Shrink Pic&#160;&#160; - &#160;&#160;Resources&#160;&#160; - &#160;&#160;Partners&#160;&#160; - &#160;&#160;Blog</text>
            <marker end="8" id="0" start="0" />
            <marker end="29" id="1" start="15" />
            <marker end="48" id="2" start="36" />
            <marker end="65" id="3" start="55" />
            <marker end="81" id="4" start="72" />
            <marker end="96" id="5" start="88" />
            <marker end="107" id="6" start="103" />
          </text_data><marker_def id="0" type="html">
            <html_marker tag="a">
              <attr name="href" val="./" />
            </html_marker>
          </marker_def><marker_def id="1" type="html">
            <html_marker tag="a">
              <attr name="href" val="passport_photo.htm" />
            </html_marker>
          </marker_def><marker_def id="2" type="html">
            <html_marker tag="a">
              <attr name="href" val="photo_backup.htm" />
            </html_marker>
          </marker_def><marker_def id="3" type="html">
            <html_marker tag="a">
              <attr name="href" val="shrink_pic.htm" />
            </html_marker>
          </marker_def><marker_def id="4" type="html">
            <html_marker tag="a">
              <attr name="href" val="links_nav.htm" />
            </html_marker>
          </marker_def><marker_def id="5" type="html">
            <html_marker tag="a">
              <attr name="href" val="partners.htm" />
            </html_marker>
          </marker_def><marker_def id="6" type="html">
            <html_marker tag="a">
              <attr name="href" val="blog/" />
            </html_marker>
          </marker_def>
        </ta_sentence><ta_sentence do_translation="yes" encoding="utf-8" format="1" id="1127" original_language="English">
          <space_before />
          <space_after />
          <text_data language="German">
            <text from_TM="False" rev_id="13" status="New" time="1222355938">This website has been translated using ICanLocalize - Affordable Website Translation</text>
            <marker end="-1" id="0" start="0" />
            <marker end="84" id="1" start="39" />
            <marker end="-1" id="0" start="0" />
          </text_data><text_data language="Spanish">
            <text from_TM="False" rev_id="11" status="Complete" time="1222354203">Spanish : te has been translated using ICanLocalize - Affordable Website Translation</text>
            <marker end="-1" id="0" start="0" />
            <marker end="84" id="1" start="39" />
            <marker end="-1" id="0" start="0" />
          </text_data><text_data language="English">
            <text from_TM="False" rev_id="11" status="Complete" time="1222354203">This website has been translated using ICanLocalize - Affordable Website Translation</text>
            <marker end="-1" id="0" start="0" />
            <marker end="84" id="1" start="39" />
            <marker end="-1" id="0" start="0" />
          </text_data><marker_def id="0" type="html">
            <html_marker tag="span">
              <attr name="class" val="copyright" />
            </html_marker>
          </marker_def><marker_def id="1" type="html">
            <html_marker tag="a">
              <attr name="target" val="_blank" />
              <attr name="href" val="http://www.icanlocalize.com" />
            </html_marker>
          </marker_def>
        </ta_sentence><ta_sentence do_translation="yes" encoding="utf-8" format="1" id="1128" original_language="English">
          <space_before />
          <space_after />
          <text_data language="German">
            <text from_TM="False" rev_id="13" status="New" time="1222355938">&#169; OnTheGoSystems,INC. 2003-2008</text>
            <marker end="21" id="0" start="2" />
            <marker end="31" id="-1" start="-1" />
          </text_data><text_data language="Spanish">
            <text from_TM="False" rev_id="11" status="Complete" time="1222354203">Spanish : ystems,INC. 2003-2008</text>
            <marker end="21" id="0" start="2" />
            <marker end="31" id="-1" start="-1" />
          </text_data><text_data language="English">
            <text from_TM="False" rev_id="11" status="Complete" time="1222354203">&#169; OnTheGoSystems,INC. 2003-2008</text>
            <marker end="21" id="0" start="2" />
            <marker end="31" id="-1" start="-1" />
          </text_data><marker_def id="0" type="html">
            <html_marker tag="a">
              <attr name="href" val="http://www.onthegosystems.com/" />
              <attr name="target" val="_blank" />
            </html_marker>
          </marker_def><marker_def id="-1" type="html">
            <html_marker tag="span" />
          </marker_def>
        </ta_sentence>
      </sentences><html_output_change_data_3 />
    </translation>
  </ta_buffer><ta_buffer encoding="utf-8" format="1" manual="False" original_language="English" source_file="/backup_audio.htm" type="html">
    <extractor>
      <marked_file MD5="2ee4f9515309130448b9fdb061f2c3c1" encoding="zlib-hex">789ccd5a5b73dbb8157e4e67fa1fb0cc24db8c2dc976ec5c6a493bbad84dda5cdc8db29e7dd280242422a6001600ada80ffbdb7b0e008aa444494ed2e9d4e3b1c5db8773fdcec1a1ba3f8d3f8e26bfdf5c913793f7efc8cde7e1bbb72312b43a9ddbe7a34e673c19bb0be7ed9353325154686eb81434ed74ae3e04fd3fffa99b98450aff09e9268cc6f6137c36dca4acffc763fc990ca693b79377578f87b91264916b1e91194f992646c2616a789632321a6b42454cc6bf8d353ef547b7e3403ce282194a1263b216fb57ceef7bc1480ac384694d56190b48e48e7a81615f4d0785ba2451429566a68712e0e7291c4c1754dd31f5382870532eee48a2d8ac1768b302a9da91d601512c2d4e248c99801858c6a3e30df0b855bae3b5b607a18c576b0bd010b45af2d824bde0e58b93808452c54cf502f848533e17bd2002899902e1599a66348eb998dbcb78ac331af9630f09a03fb55a60b48c845408a648169290cdb920ad9617a1f9a76b549fecbe8c37c424617c9e80012fd098b8bcb09fc3391c4910fbf1d9e9cb8bc138705eedf2c59c6815f502bea073a63b619a3310ad3de733d40f803e8a49c2fe263fc91998af6a8872a57ee1e9b8bf47fa0e88bf57b906210fa9db27dd98df6f38024e76e06cff80400ea04b7dd8b43b559b54bc5c358f5ed0349d2e5978c040a75503bd385b5b883e50a807ddd4a0b95300bd4ea2946add0b2610ea139905fd9b4442a20e69749767dd0edee2850a957b6cdf7a76cd2aaca173483906b04ace98d6964dc898cfb981ffd5b508dc315774416652915b2e62b9d4b5f5bfc1573f1a61df9b3e7b922594c6c8c5ff2e5f1ac88301df5aea78b4be28e83d9f53e4f82ab5a005aa4a9e6d90c4bd8f26a753d0186175463c7ff5438cd8b52aa2483eac164ce4b08066298b0c8b0bc3577314c229ce23a33199aa76dc46d97c1a224fa492c66da82b417fec8fbe0328cc570e6398afbefd69ac7134320e61e40ebe1d45e759269547f9e40eb6503084e00f7aac5fc9331f5a4dd1528925972e8f5c5e5493a11e02a727274f6a31b0e1e4cd2040ec357881ee494566482a299b99dba0c8f6e67b20426e8707ee1112eefa3fba4761d655eef16e78e4b3dd7bc95d2caed5bd50983c289033fe95a5a7f674095cbf17a9a7486c10a4da0a5cdb1fac973fe0d11741a183272774df01023a200fdc98ed2865ada14ce33509102e667247315b674a86c5681ada6264d3a586f781de6fd646ba072b9cd658641baaa095bd30f29ea97bce963b303efacb7b314226d88c1bbd03e39a51932ba6f7ab634d833df12e18cf2c2c26d7522da8d98f07726327b00bec377f99bce1da48b57a806cce6dd394ed801c843237f57ee3ddd5c3711396661de849d857c44f9b7c213075c97b2a729aee05867640ce3bbf68a85ca0248f7b170d701fd8d26d900642c85c440ce87dc3a8c8dbd9037200764c3c82662bd74c1fca01afaed57d9777062a4af83dab3771fbfd2dd59c0afe6fb61fd879e7a3bf576d28dbdc5a254cb14a53f5bbcc09558ce0e9f50a7800cff9766adb5648446527e1a36390c75ce236f590c916f48e4dd7a1d1a0d65bbc46aebe422c03113e843da2781ac2e619eede01391a93a1bbe1bb22e2b366b33cb5a488b90a517848c97841713b8d0a4c85d921d59580ea802a8edf0fc87b19b366e11a6ac803fabfeda6b3ac5de7af7676de52dee108609aeb7626e63e4a86fe2c3109d724833bd7dac42ce51197b9ae36df764f5158056c62a70542ce649aca65e04d84c38abf763a00d0468476ae3b99d4e6975ca53dbcf6e4f9e0c9d935fc2e97cb367473099b4b0dcd7f3b920b38eb338f62d8a17d9fd245766947223d74f5911da41cd941ca919147c520e50822f40878e2080729013154cd1968380d532aee1a7cb4565d8abab32b72d7dbc37a7398f59f8a506797e8cbad1e71b3a2974d6253ebf2ddadcac5eb97bb5b95d3eb97d7af7facf7dcea548ca23c3dd0aaac1bdfd3ba6cbb3211f6dad621b53dcb1bb9b049e36cfc746e2ebdb577f6285b2dc9e6a37be96cabc9df54b4f4e0662b5ed3d19dc6a1e0a9d3f75b677ff0dc1ae3073c77e1442965dd081cc4aa054ed523da805054159bc95aafe0b10889c08dd80c9015541a2469e010600b7852133923ef6f9e1f935ba03fd44f428e2b12fb32b96031a725d0da2cc0e5de1870ab8ef431486b1242736039704244d05fb616585bd901eba7e1e3c7a46079ac79b1143f9b129c10c1a01543a3db7e245d01cb296387b9e5ca319fcda0340ae316dec0b7d8e4efb9aee1ba3a094a3302f4074ed1d6124b0a2800692d82ea4440a377643818fde3f34d9b548a804772b5a038c8fa5b17d7bb9f47c5006f4f5c9c1e888b731f1795c06808e30a8d0c87e331ee307695513eff157b8537b0534b71b756a4d51a9b789da1cc36c75879a39d4abb95c827bec00c410b7261727018345a36e93df2a3a295523e73e0d166a89182ce9e917bae0c448007a169982ff4a147ff9983f32066521921846bdaa07fc4daeec598a5ec2b477f844a2ef1c2214ccb089902ad6cfe037d2eb8c80d6b14a6dbc9d34a04ac77b98f1a0b49e57af572494a956bc99993e7f4191941f9c61e1c9472b96913a320a4b3f2996c870b4973cf61cde528ba632970ea32a5fd252b1a906b7bc2257a8525d773c0b317a7e51cf0ecfc6c3d30c30a5bed63dfdb870b490b569929b9a8647791a8c85d21b3390ae4400df400918bb522a8e20a143005d5c81f2b470fb6af56f83646b1b85dcb68efebb26f2c4e4db0f5fe5913014424e1f13dac846258f6702ab42c2f2a45c5dc6e7d2a8241cb0674c74a8644a4070a349819b03b32569448a9995dcdbeec7125c99bea987c41deab9318f26c89b4e4698ad6ccc0d619ee7b716c5d180c231c0eb1c0e139541b6c46b6642c587067989e3d23c5a0a0b490146039c196df1cb02e13af60f7bd22862f98354431a7b08836188f91de0bbf152eb32b337c149a66cf03ce12744eb928edbf1d02c4250349dc6e1e1da8e93d8b8fad4ab02df53171c780162265fd0d8ce5bb9ca6aa548507b4255d6d18c506ab0bf43d92b9478fbd19b08216daa2108b105334a1060c415360d37805b076ef1b374a35b2e1522ee002c725184ae70b2f205af1843436c9fc767a4be243b1f1fc194e1b80726c35f630ff5dfa828da8a5c60a754571f9f2eae4bc64a9572f6be5d8f3951f65968435a8d8473314da5675fbd6d96ea2894ea0a0b8a602a390301a25444b08398c1b08a01dd6c7f444862bf121b2dc0ecf01835b235713531ab254db8c059681bf36dbe1ba93c85eb0ce6af0c4dedc2a64a0a996057bd5da601a456023cc1f586d4d36a3f1318951b00afb2a57ab379bbe2a73ec1d10bb4dd3776cb59a27cad5d73ffe69b711c7a95775c25e791d558a628f70833193120978eb3576e31ba4ca8ebbf9b58edfebd8bf5031aa87e58e0964c5c9a41b3df93d933fe746575b48c5cbb45d880fdd83ed954b27d00bdd4d331ef95733f698dcf0e8a108f855063d85cd9a03f8956999ab887d83659411107f854ddcd1439fb643cca03f847fb5314f57478a67c6518a9f89e0c4632ee53c652d20ac7405355be3d8a393236989f6175dfbc2c5177a4f1d0a8695fbb4c6dd71df3487d432a44782cf83d6c58bf3d72717add3e0d22d3051e01aa6fef2ec720db7ddd847325b79ba729581859a434e2650c043c6046e8e854e29d67ad70a832d36e72db55110aa0ddd89c0363a85ee0a550efa6f4754bcf367c0b88319b04d6c49f0d6af38f10bd9b9dce698f029ca7949d67ea8ac550c9556dab08533f0d644a85fbc7676371dbffd306ae322e4ece4e4790bfebc6a78e75ec9dcf54000d3db7f01a6dbf1df0afa0f7b69d294</marked_file>
      <paragraph_indexes count="62">94 150 564 640 840 930 1033 1079 1088 1207 1377 1456 1754 1784 1816 1857 1889 1919 1951 1989 2021 2059 2772 2820 2829 2896 2905 2967 2976 3035 3044 3103 3112 3183 3192 3259 3268 3347 3356 3436 3445 3524 3544 3592 3601 3679 3688 3761 3772 3839 3844 3899 3908 3982 3991 4054 4074 4128 4137 4211 4315 4397 4415 4621 4630 4650 4980 5130 5220 5266 5415 5566 5584 5662 5676 5752 5937 5996 6043 6092 6118 6151 6177 6235 6261 6292 6405 6435 6479 6599 6604 6730 6753 6875 6898 7039 7084 7124 7167 7259 7268 7348 7362 7413 7422 7498 7512 7591 7624 7650 7694 7800 7805 7880 7894 7985 8027 8115 8369 8794 8970 9141 9150 9259 </paragraph_indexes>
      <support_files>
        <file type="todo">images/bluebottom.gif</file>
        <file type="todo">images/bluetop.gif</file>
        <file type="todo">images/bookmark_us.png</file>
        <file type="todo">images/bottomwhite.gif</file>
        <file type="todo">images/bottomwhite2.gif</file>
        <file type="todo">images/here.gif</file>
        <file type="todo">images/menutabA1.gif</file>
        <file type="todo">images/menutabB1.gif</file>
        <file type="todo">images/photobackup/1bckgrnd.gif</file>
        <file type="todo">images/photobackup/2bckgrnd.gif</file>
        <file type="todo">images/photobackup/3bckgrnd.gif</file>
        <file type="todo">images/photobackup/cd_media.jpg</file>
        <file type="todo">images/photobackup/music_folder.jpg</file>
        <file type="todo">images/small_web.gif</file>
        <file type="todo">images/topline1.gif</file>
        <file type="todo">images/topline2.gif</file>
        <file type="todo">images/topline2WB.gif</file>
        <file type="todo">images/toplineL.gif</file>
        <file type="todo">images/toplineLW.gif</file>
        <file type="todo">images/toplineR.gif</file>
        <file type="todo">images/topwhite2.gif</file>
        <file type="todo">styles.css</file>
      </support_files>
    </extractor><translation>
      <languages>
        <language reviewed="False">Spanish</language>
        <language reviewed="False">German</language>
      </languages><sentences count="62">
        <ta_sentence do_translation="yes" encoding="utf-8" format="1" id="1412" original_language="English" type="title">
          <space_before />
          <space_after />
          <text_data language="German">
            <text from_TM="False" rev_id="13" status="New" time="1222355938">Burn music files to multiple CDs and DVDs</text>
          </text_data><text_data language="Spanish">
            <text from_TM="False" rev_id="11" status="Complete" time="1222354203">Spanish :  files to multiple CDs and DVDs</text>
          </text_data><text_data language="English">
            <text from_TM="False" rev_id="11" status="Complete" time="1222354203">Burn music files to multiple CDs and DVDs</text>
          </text_data>
        </ta_sentence><ta_sentence do_translation="yes" encoding="utf-8" format="1" id="1413" original_language="English">
          <space_before />
          <space_after />
          <text_data language="German">
            <text from_TM="False" rev_id="13" status="New" time="1222355938">OnTheGoSoft</text>
            <marker end="11" id="0" start="0" />
          </text_data><text_data language="Spanish">
            <text from_TM="False" rev_id="11" status="Complete" time="1222354203">Spanish : t</text>
            <marker end="11" id="0" start="0" />
          </text_data><text_data language="English">
            <text from_TM="False" rev_id="11" status="Complete" time="1222354203">OnTheGoSoft</text>
            <marker end="11" id="0" start="0" />
          </text_data><marker_def id="0" type="html">
            <html_marker tag="img">
              <attr name="src" val="images/bluetop.gif" />
              <attr name="alt" val="OnTheGoSoft" />
              <attr name="width" val="760" />
              <attr name="height" val="5" />
            </html_marker>
          </marker_def>
        </ta_sentence><ta_sentence do_translation="yes" encoding="utf-8" format="1" id="1414" original_language="English">
          <space_before />
          <space_after />
          <text_data language="German">
            <text from_TM="False" rev_id="13" status="New" time="1222355938">OnTheGoSoft</text>
            <marker end="11" id="0" start="0" />
          </text_data><text_data language="Spanish">
            <text from_TM="False" rev_id="11" status="Complete" time="1222354203">Spanish : t</text>
            <marker end="11" id="0" start="0" />
          </text_data><text_data language="English">
            <text from_TM="False" rev_id="11" status="Complete" time="1222354203">OnTheGoSoft</text>
            <marker end="11" id="0" start="0" />
          </text_data><marker_def id="0" type="html">
            <html_marker tag="img">
              <attr name="border" val="0" />
              <attr name="src" val="images/small_web.gif" />
              <attr name="alt" val="OnTheGoSoft" />
              <attr name="width" val="160" />
              <attr name="height" val="62" />
            </html_marker>
          </marker_def>
        </ta_sentence><ta_sentence do_translation="yes" encoding="utf-8" format="1" id="1415" original_language="English">
          <space_before />
          <space_after />
          <text_data language="German">
            <text from_TM="False" rev_id="13" status="New" time="1222355938">Photo Backup</text>
            <marker end="12" id="0" start="0" />
          </text_data><text_data language="Spanish">
            <text from_TM="False" rev_id="11" status="Complete" time="1222354203">Spanish : up</text>
            <marker end="12" id="0" start="0" />
          </text_data><text_data language="English">
            <text from_TM="False" rev_id="11" status="Complete" time="1222354203">Photo Backup</text>
            <marker end="12" id="0" start="0" />
          </text_data><marker_def id="0" type="html">
            <html_marker tag="span">
              <attr name="class" val="TextTop" />
            </html_marker>
          </marker_def>
        </ta_sentence><ta_sentence do_translation="yes" encoding="utf-8" format="1" id="1416" original_language="English">
          <space_before> </space_before>
          <space_after />
          <text_data language="German">
            <text from_TM="False" rev_id="13" status="New" time="1222355938">Professional Digital Photo Backup Program for Windows</text>
            <marker end="53" id="0" start="0" />
          </text_data><text_data language="Spanish">
            <text from_TM="False" rev_id="11" status="Complete" time="1222354203">Spanish : al Digital Photo Backup Program for Windows</text>
            <marker end="53" id="0" start="0" />
          </text_data><text_data language="English">
            <text from_TM="False" rev_id="11" status="Complete" time="1222354203">Professional Digital Photo Backup Program for Windows</text>
            <marker end="53" id="0" start="0" />
          </text_data><marker_def id="0" type="html">
            <html_marker tag="span">
              <attr name="class" val="tagline" />
            </html_marker>
          </marker_def>
        </ta_sentence><ta_sentence do_translation="yes" encoding="utf-8" format="1" id="1417" original_language="English">
          <space_before />
          <space_after />
          <text_data language="German">
            <text from_TM="False" rev_id="13" status="New" time="1222355938">OnTheGoSoft</text>
            <marker end="11" id="0" start="0" />
          </text_data><text_data language="Spanish">
            <text from_TM="False" rev_id="11" status="Complete" time="1222354203">Spanish : t</text>
            <marker end="11" id="0" start="0" />
          </text_data><text_data language="English">
            <text from_TM="False" rev_id="11" status="Complete" time="1222354203">OnTheGoSoft</text>
            <marker end="11" id="0" start="0" />
          </text_data><marker_def id="0" type="html">
            <html_marker tag="img">
              <attr name="src" val="images/bluebottom.gif" />
              <attr name="alt" val="OnTheGoSoft" />
              <attr name="width" val="760" />
              <attr name="height" val="5" />
            </html_marker>
          </marker_def>
        </ta_sentence><ta_sentence do_translation="yes" encoding="utf-8" format="1" id="1418" original_language="English">
          <space_before />
          <space_after />
          <text_data language="German">
            <text from_TM="False" rev_id="13" status="New" time="1222355938">Products</text>
            <marker end="8" id="0" start="0" />
          </text_data><text_data language="Spanish">
            <text from_TM="False" rev_id="11" status="Complete" time="1222354203">Spanish : </text>
            <marker end="8" id="0" start="0" />
          </text_data><text_data language="English">
            <text from_TM="False" rev_id="11" status="Complete" time="1222354203">Products</text>
            <marker end="8" id="0" start="0" />
          </text_data><marker_def id="0" type="html">
            <html_marker tag="a">
              <attr name="href" val="./" />
            </html_marker>
          </marker_def>
        </ta_sentence><ta_sentence do_translation="yes" encoding="utf-8" format="1" id="1419" original_language="English">
          <space_before />
          <space_after />
          <text_data language="German">
            <text from_TM="False" rev_id="13" status="New" time="1222355938">Downloads</text>
            <marker end="9" id="0" start="0" />
          </text_data><text_data language="Spanish">
            <text from_TM="False" rev_id="11" status="Complete" time="1222354203">Spanish : </text>
            <marker end="9" id="0" start="0" />
          </text_data><text_data language="English">
            <text from_TM="False" rev_id="11" status="Complete" time="1222354203">Downloads</text>
            <marker end="9" id="0" start="0" />
          </text_data><marker_def id="0" type="html">
            <html_marker tag="a">
              <attr name="href" val="download.htm" />
            </html_marker>
          </marker_def>
        </ta_sentence><ta_sentence do_translation="yes" encoding="utf-8" format="1" id="1420" original_language="English">
          <space_before />
          <space_after />
          <text_data language="German">
            <text from_TM="False" rev_id="13" status="New" time="1222355938">Buy</text>
            <marker end="3" id="0" start="0" />
          </text_data><text_data language="Spanish">
            <text from_TM="False" rev_id="11" status="Complete" time="1222354203">Spanish : </text>
            <marker end="3" id="0" start="0" />
          </text_data><text_data language="English">
            <text from_TM="False" rev_id="11" status="Complete" time="1222354203">Buy</text>
            <marker end="3" id="0" start="0" />
          </text_data><marker_def id="0" type="html">
            <html_marker tag="a">
              <attr name="href" val="buy.htm" />
            </html_marker>
          </marker_def>
        </ta_sentence><ta_sentence do_translation="yes" encoding="utf-8" format="1" id="1421" original_language="English">
          <space_before />
          <space_after />
          <text_data language="German">
            <text from_TM="False" rev_id="13" status="New" time="1222355938">Contact</text>
            <marker end="7" id="0" start="0" />
          </text_data><text_data language="Spanish">
            <text from_TM="False" rev_id="11" status="Complete" time="1222354203">Spanish : </text>
            <marker end="7" id="0" start="0" />
          </text_data><text_data language="English">
            <text from_TM="False" rev_id="11" status="Complete" time="1222354203">Contact</text>
            <marker end="7" id="0" start="0" />
          </text_data><marker_def id="0" type="html">
            <html_marker tag="a">
              <attr name="href" val="contact.htm" />
            </html_marker>
          </marker_def>
        </ta_sentence><ta_sentence do_translation="yes" encoding="utf-8" format="1" id="1422" original_language="English">
          <space_before />
          <space_after />
          <text_data language="German">
            <text from_TM="False" rev_id="13" status="New" time="1222355938">Support</text>
            <marker end="7" id="0" start="0" />
          </text_data><text_data language="Spanish">
            <text from_TM="False" rev_id="11" status="Complete" time="1222354203">Spanish : </text>
            <marker end="7" id="0" start="0" />
          </text_data><text_data language="English">
            <text from_TM="False" rev_id="11" status="Complete" time="1222354203">Support</text>
            <marker end="7" id="0" start="0" />
          </text_data><marker_def id="0" type="html">
            <html_marker tag="a">
              <attr name="href" val="support.htm" />
            </html_marker>
          </marker_def>
        </ta_sentence><ta_sentence do_translation="yes" encoding="utf-8" format="1" id="1423" original_language="English">
          <space_before />
          <space_after />
          <text_data language="German">
            <text from_TM="False" rev_id="13" status="New" time="1222355938">Product info</text>
            <marker end="12" id="0" start="0" />
          </text_data><text_data language="Spanish">
            <text from_TM="False" rev_id="11" status="Complete" time="1222354203">Spanish : fo</text>
            <marker end="12" id="0" start="0" />
          </text_data><text_data language="English">
            <text from_TM="False" rev_id="11" status="Complete" time="1222354203">Product info</text>
            <marker end="12" id="0" start="0" />
          </text_data><marker_def id="0" type="html">
            <html_marker tag="span">
              <attr name="class" val="Text-Bold" />
            </html_marker>
          </marker_def>
        </ta_sentence><ta_sentence do_translation="yes" encoding="utf-8" format="1" id="1424" original_language="English">
          <space_before> </space_before>
          <space_after />
          <text_data language="German">
            <text from_TM="False" rev_id="13" status="New" time="1222355938">Photo Backup</text>
            <marker end="12" id="0" start="0" />
          </text_data><text_data language="Spanish">
            <text from_TM="False" rev_id="11" status="Complete" time="1222354203">Spanish : up</text>
            <marker end="12" id="0" start="0" />
          </text_data><text_data language="English">
            <text from_TM="False" rev_id="11" status="Complete" time="1222354203">Photo Backup</text>
            <marker end="12" id="0" start="0" />
          </text_data><marker_def id="0" type="html">
            <html_marker tag="a">
              <attr name="href" val="photo_backup.htm" />
              <attr name="class" val="Text-Nav" />
            </html_marker>
          </marker_def>
        </ta_sentence><ta_sentence do_translation="yes" encoding="utf-8" format="1" id="1425" original_language="English">
          <space_before> </space_before>
          <space_after />
          <text_data language="German">
            <text from_TM="False" rev_id="13" status="New" time="1222355938">Download</text>
            <marker end="8" id="0" start="0" />
          </text_data><text_data language="Spanish">
            <text from_TM="False" rev_id="11" status="Complete" time="1222354203">Spanish : </text>
            <marker end="8" id="0" start="0" />
          </text_data><text_data language="English">
            <text from_TM="False" rev_id="11" status="Complete" time="1222354203">Download</text>
            <marker end="8" id="0" start="0" />
          </text_data><marker_def id="0" type="html">
            <html_marker tag="a">
              <attr name="href" val="pb_download.htm" />
              <attr name="class" val="Text-Nav" />
            </html_marker>
          </marker_def>
        </ta_sentence><ta_sentence do_translation="yes" encoding="utf-8" format="1" id="1426" original_language="English">
          <space_before> </space_before>
          <space_after />
          <text_data language="German">
            <text from_TM="False" rev_id="13" status="New" time="1222355938">Overview</text>
            <marker end="8" id="0" start="0" />
          </text_data><text_data language="Spanish">
            <text from_TM="False" rev_id="11" status="Complete" time="1222354203">Spanish : </text>
            <marker end="8" id="0" start="0" />
          </text_data><text_data language="English">
            <text from_TM="False" rev_id="11" status="Complete" time="1222354203">Overview</text>
            <marker end="8" id="0" start="0" />
          </text_data><marker_def id="0" type="html">
            <html_marker tag="a">
              <attr name="href" val="overview.htm" />
              <attr name="class" val="Text-Nav" />
            </html_marker>
          </marker_def>
        </ta_sentence><ta_sentence do_translation="yes" encoding="utf-8" format="1" id="1427" original_language="English">
          <space_before> </space_before>
          <space_after />
          <text_data language="German">
            <text from_TM="False" rev_id="13" status="New" time="1222355938">Features</text>
            <marker end="8" id="0" start="0" />
          </text_data><text_data language="Spanish">
            <text from_TM="False" rev_id="11" status="Complete" time="1222354203">Spanish : </text>
            <marker end="8" id="0" start="0" />
          </text_data><text_data language="English">
            <text from_TM="False" rev_id="11" status="Complete" time="1222354203">Features</text>
            <marker end="8" id="0" start="0" />
          </text_data><marker_def id="0" type="html">
            <html_marker tag="a">
              <attr name="href" val="benefits.htm" />
              <attr name="class" val="Text-Nav" />
            </html_marker>
          </marker_def>
        </ta_sentence><ta_sentence do_translation="yes" encoding="utf-8" format="1" id="1428" original_language="English">
          <space_before> </space_before>
          <space_after />
          <text_data language="German">
            <text from_TM="False" rev_id="13" status="New" time="1222355938">Supported Formats</text>
            <marker end="17" id="0" start="0" />
          </text_data><text_data language="Spanish">
            <text from_TM="False" rev_id="11" status="Complete" time="1222354203">Spanish : Formats</text>
            <marker end="17" id="0" start="0" />
          </text_data><text_data language="English">
            <text from_TM="False" rev_id="11" status="Complete" time="1222354203">Supported Formats</text>
            <marker end="17" id="0" start="0" />
          </text_data><marker_def id="0" type="html">
            <html_marker tag="a">
              <attr name="href" val="photo_types.htm" />
              <attr name="class" val="Text-Nav" />
            </html_marker>
          </marker_def>
        </ta_sentence><ta_sentence do_translation="yes" encoding="utf-8" format="1" id="1429" original_language="English">
          <space_before> </space_before>
          <space_after />
          <text_data language="German">
            <text from_TM="False" rev_id="13" status="New" time="1222355938">Versions History</text>
            <marker end="16" id="0" start="0" />
          </text_data><text_data language="Spanish">
            <text from_TM="False" rev_id="11" status="Complete" time="1222354203">Spanish : istory</text>
            <marker end="16" id="0" start="0" />
          </text_data><text_data language="English">
            <text from_TM="False" rev_id="11" status="Complete" time="1222354203">Versions History</text>
            <marker end="16" id="0" start="0" />
          </text_data><marker_def id="0" type="html">
            <html_marker tag="a">
              <attr name="href" val="versions.htm" />
              <attr name="class" val="Text-Nav" />
            </html_marker>
          </marker_def>
        </ta_sentence><ta_sentence do_translation="yes" encoding="utf-8" format="1" id="1430" original_language="English">
          <space_before> </space_before>
          <space_after />
          <text_data language="German">
            <text from_TM="False" rev_id="13" status="New" time="1222355938">About Photo Backup LE</text>
            <marker end="21" id="0" start="0" />
          </text_data><text_data language="Spanish">
            <text from_TM="False" rev_id="11" status="Complete" time="1222354203">Spanish : o Backup LE</text>
            <marker end="21" id="0" start="0" />
          </text_data><text_data language="English">
            <text from_TM="False" rev_id="11" status="Complete" time="1222354203">About Photo Backup LE</text>
            <marker end="21" id="0" start="0" />
          </text_data><marker_def id="0" type="html">
            <html_marker tag="a">
              <attr name="href" val="photo_backup_le.htm" />
              <attr name="class" val="Text-Nav" />
            </html_marker>
          </marker_def>
        </ta_sentence><ta_sentence do_translation="yes" encoding="utf-8" format="1" id="1431" original_language="English">
          <space_before> </space_before>
          <space_after />
          <text_data language="German">
            <text from_TM="False" rev_id="13" status="New" time="1222355938">Online Manual</text>
            <marker end="13" id="0" start="0" />
          </text_data><text_data language="Spanish">
            <text from_TM="False" rev_id="11" status="Complete" time="1222354203">Spanish : ual</text>
            <marker end="13" id="0" start="0" />
          </text_data><text_data language="English">
            <text from_TM="False" rev_id="11" status="Complete" time="1222354203">Online Manual</text>
            <marker end="13" id="0" start="0" />
          </text_data><marker_def id="0" type="html">
            <html_marker tag="a">
              <attr name="href" val="photo_backup_help/index.html" />
              <attr name="class" val="Text-Nav" />
            </html_marker>
          </marker_def>
        </ta_sentence><ta_sentence do_translation="yes" encoding="utf-8" format="1" id="1432" original_language="English">
          <space_before> </space_before>
          <space_after />
          <text_data language="German">
            <text from_TM="False" rev_id="13" status="New" time="1222355938">News and Announcements</text>
            <marker end="22" id="0" start="0" />
          </text_data><text_data language="Spanish">
            <text from_TM="False" rev_id="11" status="Complete" time="1222354203">Spanish : nnouncements</text>
            <marker end="22" id="0" start="0" />
          </text_data><text_data language="English">
            <text from_TM="False" rev_id="11" status="Complete" time="1222354203">News and Announcements</text>
            <marker end="22" id="0" start="0" />
          </text_data><marker_def id="0" type="html">
            <html_marker tag="a">
              <attr name="href" val="/blog/?sectionid=5" />
              <attr name="class" val="Text-Nav" />
            </html_marker>
          </marker_def>
        </ta_sentence><ta_sentence do_translation="yes" encoding="utf-8" format="1" id="1433" original_language="English">
          <space_before />
          <space_after />
          <text_data language="German">
            <text from_TM="False" rev_id="13" status="New" time="1222355938">Typical uses</text>
            <marker end="12" id="0" start="0" />
          </text_data><text_data language="Spanish">
            <text from_TM="False" rev_id="11" status="Complete" time="1222354203">Spanish : es</text>
            <marker end="12" id="0" start="0" />
          </text_data><text_data language="English">
            <text from_TM="False" rev_id="11" status="Complete" time="1222354203">Typical uses</text>
            <marker end="12" id="0" start="0" />
          </text_data><marker_def id="0" type="html">
            <html_marker tag="span">
              <attr name="class" val="Text-Bold" />
            </html_marker>
          </marker_def>
        </ta_sentence><ta_sentence do_translation="yes" encoding="utf-8" format="1" id="1434" original_language="English">
          <space_before> </space_before>
          <space_after />
          <text_data language="German">
            <text from_TM="False" rev_id="13" status="New" time="1222355938">Archive Digital Photos</text>
            <marker end="22" id="0" start="0" />
          </text_data><text_data language="Spanish">
            <text from_TM="False" rev_id="11" status="Complete" time="1222354203">Spanish : gital Photos</text>
            <marker end="22" id="0" start="0" />
          </text_data><text_data language="English">
            <text from_TM="False" rev_id="11" status="Complete" time="1222354203">Archive Digital Photos</text>
            <marker end="22" id="0" start="0" />
          </text_data><marker_def id="0" type="html">
            <html_marker tag="a">
              <attr name="href" val="backup_photos.htm" />
              <attr name="class" val="Text-Nav" />
            </html_marker>
          </marker_def>
        </ta_sentence><ta_sentence do_translation="yes" encoding="utf-8" format="1" id="1435" original_language="English">
          <space_before> </space_before>
          <space_after />
          <text_data language="German">
            <text from_TM="False" rev_id="13" status="New" time="1222355938">Photo Organizer</text>
            <marker end="15" id="0" start="0" />
          </text_data><text_data language="Spanish">
            <text from_TM="False" rev_id="11" status="Complete" time="1222354203">Spanish : nizer</text>
            <marker end="15" id="0" start="0" />
          </text_data><text_data language="English">
            <text from_TM="False" rev_id="11" status="Complete" time="1222354203">Photo Organizer</text>
            <marker end="15" id="0" start="0" />
          </text_data><marker_def id="0" type="html">
            <html_marker tag="a">
              <attr name="href" val="organize_photos.htm" />
              <attr name="class" val="Text-Nav" />
            </html_marker>
          </marker_def>
        </ta_sentence><ta_sentence do_translation="yes" encoding="utf-8" format="1" id="1436" original_language="English">
          <space_before />
          <space_after />
          <text_data language="German">
            <text from_TM="False" rev_id="13" status="New" time="1222355938">You are here</text>
            <marker end="12" id="0" start="0" />
          </text_data><text_data language="Spanish">
            <text from_TM="False" rev_id="11" status="Complete" time="1222354203">Spanish : re</text>
            <marker end="12" id="0" start="0" />
          </text_data><text_data language="English">
            <text from_TM="False" rev_id="11" status="Complete" time="1222354203">You are here</text>
            <marker end="12" id="0" start="0" />
          </text_data><marker_def id="0" type="html">
            <html_marker tag="img">
              <attr name="src" val="images/here.gif" />
              <attr name="alt" val="You are here" />
              <attr name="class" val="hereimg" />
            </html_marker>
          </marker_def>
        </ta_sentence><ta_sentence do_translation="yes" encoding="utf-8" format="1" id="1437" original_language="English">
          <space_before />
          <space_after />
          <text_data language="German">
            <text from_TM="False" rev_id="13" status="New" time="1222355938">Backup Audio CDs</text>
            <marker end="16" id="0" start="0" />
          </text_data><text_data language="Spanish">
            <text from_TM="False" rev_id="11" status="Complete" time="1222354203">Spanish : io CDs</text>
            <marker end="16" id="0" start="0" />
          </text_data><text_data language="English">
            <text from_TM="False" rev_id="11" status="Complete" time="1222354203">Backup Audio CDs</text>
            <marker end="16" id="0" start="0" />
          </text_data><marker_def id="0" type="html">
            <html_marker tag="span">
              <attr name="class" val="leftselected" />
            </html_marker>
          </marker_def>
        </ta_sentence><ta_sentence do_translation="yes" encoding="utf-8" format="1" id="1438" original_language="English">
          <space_before> </space_before>
          <space_after />
          <text_data language="German">
            <text from_TM="False" rev_id="13" status="New" time="1222355938">Index Existing Backup</text>
            <marker end="21" id="0" start="0" />
          </text_data><text_data language="Spanish">
            <text from_TM="False" rev_id="11" status="Complete" time="1222354203">Spanish : ting Backup</text>
            <marker end="21" id="0" start="0" />
          </text_data><text_data language="English">
            <text from_TM="False" rev_id="11" status="Complete" time="1222354203">Index Existing Backup</text>
            <marker end="21" id="0" start="0" />
          </text_data><marker_def id="0" type="html">
            <html_marker tag="a">
              <attr name="href" val="make_index.htm" />
              <attr name="class" val="Text-Nav" />
            </html_marker>
          </marker_def>
        </ta_sentence><ta_sentence do_translation="yes" encoding="utf-8" format="1" id="1439" original_language="English">
          <space_before> </space_before>
          <space_after />
          <text_data language="German">
            <text from_TM="False" rev_id="13" status="New" time="1222355938">CD Burning</text>
            <marker end="10" id="0" start="0" />
          </text_data><text_data language="Spanish">
            <text from_TM="False" rev_id="11" status="Complete" time="1222354203">Spanish : </text>
            <marker end="10" id="0" start="0" />
          </text_data><text_data language="English">
            <text from_TM="False" rev_id="11" status="Complete" time="1222354203">CD Burning</text>
            <marker end="10" id="0" start="0" />
          </text_data><marker_def id="0" type="html">
            <html_marker tag="a">
              <attr name="href" val="cd_burning.htm" />
              <attr name="class" val="Text-Nav" />
            </html_marker>
          </marker_def>
        </ta_sentence><ta_sentence do_translation="yes" encoding="utf-8" format="1" id="1440" original_language="English">
          <space_before />
          <space_after />
          <text_data language="German">
            <text from_TM="False" rev_id="13" status="New" time="1222355938">Useful information</text>
            <marker end="18" id="0" start="0" />
          </text_data><text_data language="Spanish">
            <text from_TM="False" rev_id="11" status="Complete" time="1222354203">Spanish : ormation</text>
            <marker end="18" id="0" start="0" />
          </text_data><text_data language="English">
            <text from_TM="False" rev_id="11" status="Complete" time="1222354203">Useful information</text>
            <marker end="18" id="0" start="0" />
          </text_data><marker_def id="0" type="html">
            <html_marker tag="span">
              <attr name="class" val="Text-Bold" />
            </html_marker>
          </marker_def>
        </ta_sentence><ta_sentence do_translation="yes" encoding="utf-8" format="1" id="1441" original_language="English">
          <space_before> </space_before>
          <space_after />
          <text_data language="German">
            <text from_TM="False" rev_id="13" status="New" time="1222355938">Enabling DMA Mode</text>
            <marker end="17" id="0" start="0" />
          </text_data><text_data language="Spanish">
            <text from_TM="False" rev_id="11" status="Complete" time="1222354203">Spanish : MA Mode</text>
            <marker end="17" id="0" start="0" />
          </text_data><text_data language="English">
            <text from_TM="False" rev_id="11" status="Complete" time="1222354203">Enabling DMA Mode</text>
            <marker end="17" id="0" start="0" />
          </text_data><marker_def id="0" type="html">
            <html_marker tag="a">
              <attr name="href" val="dma_setting_nt.htm" />
              <attr name="class" val="Text-Nav" />
            </html_marker>
          </marker_def>
        </ta_sentence><ta_sentence do_translation="yes" encoding="utf-8" format="1" id="1442" original_language="English">
          <space_before />
          <space_after />
          <text_data language="German">
            <text from_TM="False" rev_id="13" status="New" time="1222355938">Bookmark this page</text>
            <marker end="18" id="0" start="0" />
          </text_data><text_data language="Spanish">
            <text from_TM="False" rev_id="11" status="Complete" time="1222354203">Spanish : his page</text>
            <marker end="18" id="0" start="0" />
          </text_data><text_data language="English">
            <text from_TM="False" rev_id="11" status="Complete" time="1222354203">Bookmark this page</text>
            <marker end="18" id="0" start="0" />
          </text_data><marker_def id="0" type="html">
            <html_marker tag="img">
              <attr name="src" val="images/bookmark_us.png" />
              <attr name="alt" val="Bookmark this page" />
              <attr name="class" val="delicious" />
            </html_marker>
          </marker_def>
        </ta_sentence><ta_sentence do_translation="yes" encoding="utf-8" format="1" id="1443" original_language="English">
          <space_before />
          <space_after />
          <text_data language="German">
            <text from_TM="False" rev_id="13" status="New" time="1222355938">Bookmark on</text>
            <marker end="-1" id="0" start="0" />
            <marker end="-1" id="0" start="0" />
          </text_data><text_data language="Spanish">
            <text from_TM="False" rev_id="11" status="Complete" time="1222354203">Spanish : n</text>
            <marker end="-1" id="0" start="0" />
            <marker end="-1" id="0" start="0" />
          </text_data><text_data language="English">
            <text from_TM="False" rev_id="11" status="Complete" time="1222354203">Bookmark on</text>
            <marker end="-1" id="0" start="0" />
            <marker end="-1" id="0" start="0" />
          </text_data><marker_def id="0" type="html">
            <html_marker tag="a">
              <attr name="rel" val="nofollow" />
              <attr name="href" val="http://del.icio.us/post?url=http%3A%2F%2Fwww.onthegosoft.com%2Fbackup_audio.htm&amp;title=Burn+music+files+to+multiple+CDs+and+DVDs" />
              <attr name="target" val="_blank" />
              <attr name="class" val="Text-Nav" />
            </html_marker>
          </marker_def>
        </ta_sentence><ta_sentence do_translation="yes" encoding="utf-8" format="1" id="1444" original_language="English">
          <space_before />
          <space_after />
          <text_data language="German">
            <text from_TM="False" rev_id="13" status="New" time="1222355938">del.icio.us</text>
            <marker end="11" id="-1" start="-1" />
          </text_data><text_data language="Spanish">
            <text from_TM="False" rev_id="11" status="Complete" time="1222354203">Spanish : s</text>
            <marker end="11" id="-1" start="-1" />
          </text_data><text_data language="English">
            <text from_TM="False" rev_id="11" status="Complete" time="1222354203">del.icio.us</text>
            <marker end="11" id="-1" start="-1" />
          </text_data><marker_def id="-1" type="html">
            <html_marker tag="a" />
          </marker_def>
        </ta_sentence><ta_sentence do_translation="yes" encoding="utf-8" format="1" id="1445" original_language="English">
          <space_before />
          <space_after />
          <text_data language="German">
            <text from_TM="False" rev_id="13" status="New" time="1222355938">Home&#160;&gt;&#160;Photo Backup&#160;&gt;&#160;Backup Audio CDs</text>
            <marker end="38" id="0" start="0" />
            <marker end="4" id="1" start="0" />
            <marker end="19" id="2" start="7" />
          </text_data><text_data language="Spanish">
            <text from_TM="False" rev_id="11" status="Complete" time="1222354203">Spanish : to Backup&#160;&gt;&#160;Backup Audio CDs</text>
            <marker end="38" id="0" start="0" />
            <marker end="4" id="1" start="0" />
            <marker end="19" id="2" start="7" />
          </text_data><text_data language="English">
            <text from_TM="False" rev_id="11" status="Complete" time="1222354203">Home&#160;&gt;&#160;Photo Backup&#160;&gt;&#160;Backup Audio CDs</text>
            <marker end="38" id="0" start="0" />
            <marker end="4" id="1" start="0" />
            <marker end="19" id="2" start="7" />
          </text_data><marker_def id="0" type="html">
            <html_marker tag="span">
              <attr name="class" val="Text-TopNav" />
            </html_marker>
          </marker_def><marker_def id="1" type="html">
            <html_marker tag="a">
              <attr name="href" val="./" />
            </html_marker>
          </marker_def><marker_def id="2" type="html">
            <html_marker tag="a">
              <attr name="href" val="photo_backup.htm" />
            </html_marker>
          </marker_def>
        </ta_sentence><ta_sentence do_translation="yes" encoding="utf-8" format="1" id="1446" original_language="English">
          <space_before />
          <space_after />
          <text_data language="German">
            <text from_TM="False" rev_id="13" status="New" time="1222355938">Burn music files to multiple CDs and DVDs</text>
          </text_data><text_data language="Spanish">
            <text from_TM="False" rev_id="11" status="Complete" time="1222354203">Spanish :  files to multiple CDs and DVDs</text>
          </text_data><text_data language="English">
            <text from_TM="False" rev_id="11" status="Complete" time="1222354203">Burn music files to multiple CDs and DVDs</text>
          </text_data>
        </ta_sentence><ta_sentence do_translation="yes" encoding="utf-8" format="1" id="1447" original_language="English">
          <space_before />
          <space_after />
          <text_data language="German">
            <text from_TM="False" rev_id="13" status="New" time="1222355938">Photo Backup can help you burn thousands of MP3, WMA and other digital media files to CD and DVD discs, with automatic spanning.</text>
          </text_data><text_data language="Spanish">
            <text from_TM="False" rev_id="11" status="Complete" time="1222354203">Spanish : up can help you burn thousands of MP3, WMA and other digital media files to CD and DVD discs, with automatic spanning.</text>
          </text_data><text_data language="English">
            <text from_TM="False" rev_id="11" status="Complete" time="1222354203">Photo Backup can help you burn thousands of MP3, WMA and other digital media files to CD and DVD discs, with automatic spanning.</text>
          </text_data>
        </ta_sentence><ta_sentence do_translation="yes" encoding="utf-8" format="1" id="1448" original_language="English">
          <space_before />
          <space_after />
          <text_data language="German">
            <text from_TM="False" rev_id="13" status="New" time="1222355938">You don't need to manually partition files to different discs.</text>
          </text_data><text_data language="Spanish">
            <text from_TM="False" rev_id="11" status="Complete" time="1222354203">Spanish : need to manually partition files to different discs.</text>
          </text_data><text_data language="English">
            <text from_TM="False" rev_id="11" status="Complete" time="1222354203">You don't need to manually partition files to different discs.</text>
          </text_data>
        </ta_sentence><ta_sentence do_translation="yes" encoding="utf-8" format="1" id="1449" original_language="English">
          <space_before> </space_before>
          <space_after> </space_after>
          <text_data language="German">
            <text from_TM="False" rev_id="13" status="New" time="1222355938">Just select the folders you want to burn and click BACKUP.</text>
          </text_data><text_data language="Spanish">
            <text from_TM="False" rev_id="11" status="Complete" time="1222354203">Spanish : t the folders you want to burn and click BACKUP.</text>
          </text_data><text_data language="English">
            <text from_TM="False" rev_id="11" status="Complete" time="1222354203">Just select the folders you want to burn and click BACKUP.</text>
          </text_data>
        </ta_sentence><ta_sentence do_translation="yes" encoding="utf-8" format="1" id="1450" original_language="English">
          <space_before />
          <space_after> </space_after>
          <text_data language="German">
            <text from_TM="False" rev_id="13" status="New" time="1222355938">Highlights</text>
            <marker end="10" id="0" start="0" />
          </text_data><text_data language="Spanish">
            <text from_TM="False" rev_id="11" status="Complete" time="1222354203">Spanish : </text>
            <marker end="10" id="0" start="0" />
          </text_data><text_data language="English">
            <text from_TM="False" rev_id="11" status="Complete" time="1222354203">Highlights</text>
            <marker end="10" id="0" start="0" />
          </text_data><marker_def id="0" type="html">
            <html_marker tag="span">
              <attr name="class" val="Text-BigRed" />
            </html_marker>
          </marker_def>
        </ta_sentence><ta_sentence do_translation="yes" encoding="utf-8" format="1" id="1451" original_language="English">
          <space_before> </space_before>
          <space_after />
          <text_data language="German">
            <text from_TM="False" rev_id="13" status="New" time="1222355938">Simple and intuitive photo organizer</text>
          </text_data><text_data language="Spanish">
            <text from_TM="False" rev_id="11" status="Complete" time="1222354203">Spanish :  intuitive photo organizer</text>
          </text_data><text_data language="English">
            <text from_TM="False" rev_id="11" status="Complete" time="1222354203">Simple and intuitive photo organizer</text>
          </text_data>
        </ta_sentence><ta_sentence do_translation="yes" encoding="utf-8" format="1" id="1452" original_language="English">
          <space_before> </space_before>
          <space_after />
          <text_data language="German">
            <text from_TM="False" rev_id="13" status="New" time="1222355938">Create virtual photo albums</text>
          </text_data><text_data language="Spanish">
            <text from_TM="False" rev_id="11" status="Complete" time="1222354203">Spanish : tual photo albums</text>
          </text_data><text_data language="English">
            <text from_TM="False" rev_id="11" status="Complete" time="1222354203">Create virtual photo albums</text>
          </text_data>
        </ta_sentence><ta_sentence do_translation="yes" encoding="utf-8" format="1" id="1453" original_language="English">
          <space_before> </space_before>
          <space_after />
          <text_data language="German">
            <text from_TM="False" rev_id="13" status="New" time="1222355938">Quickly locate photos using flexible browsing</text>
          </text_data><text_data language="Spanish">
            <text from_TM="False" rev_id="11" status="Complete" time="1222354203">Spanish : cate photos using flexible browsing</text>
          </text_data><text_data language="English">
            <text from_TM="False" rev_id="11" status="Complete" time="1222354203">Quickly locate photos using flexible browsing</text>
          </text_data>
        </ta_sentence><ta_sentence do_translation="yes" encoding="utf-8" format="1" id="1454" original_language="English">
          <space_before> </space_before>
          <space_after />
          <text_data language="German">
            <text from_TM="False" rev_id="13" status="New" time="1222355938">Burn print CDs in minutes</text>
          </text_data><text_data language="Spanish">
            <text from_TM="False" rev_id="11" status="Complete" time="1222354203">Spanish :  CDs in minutes</text>
          </text_data><text_data language="English">
            <text from_TM="False" rev_id="11" status="Complete" time="1222354203">Burn print CDs in minutes</text>
          </text_data>
        </ta_sentence><ta_sentence do_translation="yes" encoding="utf-8" format="1" id="1455" original_language="English">
          <space_before />
          <space_after />
          <text_data language="German">
            <text from_TM="False" rev_id="13" status="New" time="1222355938">1) Collecting media files</text>
          </text_data><text_data language="Spanish">
            <text from_TM="False" rev_id="11" status="Complete" time="1222354203">Spanish : ing media files</text>
          </text_data><text_data language="English">
            <text from_TM="False" rev_id="11" status="Complete" time="1222354203">1) Collecting media files</text>
          </text_data>
        </ta_sentence><ta_sentence do_translation="yes" encoding="utf-8" format="1" id="1456" original_language="English">
          <space_before />
          <space_after />
          <text_data language="German">
            <text from_TM="False" rev_id="13" status="New" time="1222355938">Folder with music files</text>
            <marker end="23" id="0" start="0" />
          </text_data><text_data language="Spanish">
            <text from_TM="False" rev_id="11" status="Complete" time="1222354203">Spanish : h music files</text>
            <marker end="23" id="0" start="0" />
          </text_data><text_data language="English">
            <text from_TM="False" rev_id="11" status="Complete" time="1222354203">Folder with music files</text>
            <marker end="23" id="0" start="0" />
          </text_data><marker_def id="0" type="html">
            <html_marker tag="img">
              <attr name="src" val="images/photobackup/music_folder.jpg" />
              <attr name="alt" val="Folder with music files" />
              <attr name="width" val="261" />
              <attr name="height" val="242" />
              <attr name="align" val="left" />
            </html_marker>
          </marker_def>
        </ta_sentence><ta_sentence do_translation="yes" encoding="utf-8" format="1" id="1457" original_language="English">
          <space_before />
          <space_after />
          <text_data language="German">
            <text from_TM="False" rev_id="13" status="New" time="1222355938">Music files from different folders can be burned at once and organized on as many discs are required.</text>
          </text_data><text_data language="Spanish">
            <text from_TM="False" rev_id="11" status="Complete" time="1222354203">Spanish : s from different folders can be burned at once and organized on as many discs are required.</text>
          </text_data><text_data language="English">
            <text from_TM="False" rev_id="11" status="Complete" time="1222354203">Music files from different folders can be burned at once and organized on as many discs are required.</text>
          </text_data>
        </ta_sentence><ta_sentence do_translation="yes" encoding="utf-8" format="1" id="1458" original_language="English">
          <space_before> </space_before>
          <space_after />
          <text_data language="German">
            <text from_TM="False" rev_id="13" status="New" time="1222355938">There's no more need to manually partition and burn files - CD arrangement is done automatically.</text>
          </text_data><text_data language="Spanish">
            <text from_TM="False" rev_id="11" status="Complete" time="1222354203">Spanish :  more need to manually partition and burn files - CD arrangement is done automatically.</text>
          </text_data><text_data language="English">
            <text from_TM="False" rev_id="11" status="Complete" time="1222354203">There's no more need to manually partition and burn files - CD arrangement is done automatically.</text>
          </text_data>
        </ta_sentence><ta_sentence do_translation="yes" encoding="utf-8" format="1" id="1459" original_language="English">
          <space_before> </space_before>
          <space_after> </space_after>
          <text_data language="German">
            <text from_TM="False" rev_id="13" status="New" time="1222355938">After you choose file types and folders, just click BACKUP. You will be prompted for as many CDs or DVDs as needed.</text>
          </text_data><text_data language="Spanish">
            <text from_TM="False" rev_id="11" status="Complete" time="1222354203">Spanish : choose file types and folders, just click BACKUP. You will be prompted for as many CDs or DVDs as needed.</text>
          </text_data><text_data language="English">
            <text from_TM="False" rev_id="11" status="Complete" time="1222354203">After you choose file types and folders, just click BACKUP. You will be prompted for as many CDs or DVDs as needed.</text>
          </text_data>
        </ta_sentence><ta_sentence do_translation="yes" encoding="utf-8" format="1" id="1460" original_language="English">
          <space_before />
          <space_after />
          <text_data language="German">
            <text from_TM="False" rev_id="13" status="New" time="1222355938">2) Download and burn only new files</text>
          </text_data><text_data language="Spanish">
            <text from_TM="False" rev_id="11" status="Complete" time="1222354203">Spanish : d and burn only new files</text>
          </text_data><text_data language="English">
            <text from_TM="False" rev_id="11" status="Complete" time="1222354203">2) Download and burn only new files</text>
          </text_data>
        </ta_sentence><ta_sentence do_translation="yes" encoding="utf-8" format="1" id="1461" original_language="English">
          <space_before> </space_before>
          <space_after />
          <text_data language="German">
            <text from_TM="False" rev_id="13" status="New" time="1222355938">Every time you download new music, there's no need to burn everything again.</text>
          </text_data><text_data language="Spanish">
            <text from_TM="False" rev_id="11" status="Complete" time="1222354203">Spanish :  you download new music, there's no need to burn everything again.</text>
          </text_data><text_data language="English">
            <text from_TM="False" rev_id="11" status="Complete" time="1222354203">Every time you download new music, there's no need to burn everything again.</text>
          </text_data>
        </ta_sentence><ta_sentence do_translation="yes" encoding="utf-8" format="1" id="1462" original_language="English">
          <space_before> </space_before>
          <space_after />
          <text_data language="German">
            <text from_TM="False" rev_id="13" status="New" time="1222355938">The backup history is saved, and used to make incremental backup.</text>
          </text_data><text_data language="Spanish">
            <text from_TM="False" rev_id="11" status="Complete" time="1222354203">Spanish :  history is saved, and used to make incremental backup.</text>
          </text_data><text_data language="English">
            <text from_TM="False" rev_id="11" status="Complete" time="1222354203">The backup history is saved, and used to make incremental backup.</text>
          </text_data>
        </ta_sentence><ta_sentence do_translation="yes" encoding="utf-8" format="1" id="1463" original_language="English">
          <space_before> </space_before>
          <space_after />
          <text_data language="German">
            <text from_TM="False" rev_id="13" status="New" time="1222355938">This way only new files are burned.</text>
          </text_data><text_data language="Spanish">
            <text from_TM="False" rev_id="11" status="Complete" time="1222354203">Spanish : nly new files are burned.</text>
          </text_data><text_data language="English">
            <text from_TM="False" rev_id="11" status="Complete" time="1222354203">This way only new files are burned.</text>
          </text_data>
        </ta_sentence><ta_sentence do_translation="yes" encoding="utf-8" format="1" id="1464" original_language="English">
          <space_before> </space_before>
          <space_after />
          <text_data language="German">
            <text from_TM="False" rev_id="13" status="New" time="1222355938">This way, you don't need to remember what's already archived.</text>
          </text_data><text_data language="Spanish">
            <text from_TM="False" rev_id="11" status="Complete" time="1222354203">Spanish : you don't need to remember what's already archived.</text>
          </text_data><text_data language="English">
            <text from_TM="False" rev_id="11" status="Complete" time="1222354203">This way, you don't need to remember what's already archived.</text>
          </text_data>
        </ta_sentence><ta_sentence do_translation="yes" encoding="utf-8" format="1" id="1465" original_language="English">
          <space_before> </space_before>
          <space_after />
          <text_data language="German">
            <text from_TM="False" rev_id="13" status="New" time="1222355938">Click BACKUP and only files that are not on archive are burned.</text>
          </text_data><text_data language="Spanish">
            <text from_TM="False" rev_id="11" status="Complete" time="1222354203">Spanish : UP and only files that are not on archive are burned.</text>
          </text_data><text_data language="English">
            <text from_TM="False" rev_id="11" status="Complete" time="1222354203">Click BACKUP and only files that are not on archive are burned.</text>
          </text_data>
        </ta_sentence><ta_sentence do_translation="yes" encoding="utf-8" format="1" id="1466" original_language="English">
          <space_before />
          <space_after />
          <text_data language="German">
            <text from_TM="False" rev_id="13" status="New" time="1222355938">3) Manage the archive</text>
          </text_data><text_data language="Spanish">
            <text from_TM="False" rev_id="11" status="Complete" time="1222354203">Spanish : the archive</text>
          </text_data><text_data language="English">
            <text from_TM="False" rev_id="11" status="Complete" time="1222354203">3) Manage the archive</text>
          </text_data>
        </ta_sentence><ta_sentence do_translation="yes" encoding="utf-8" format="1" id="1467" original_language="English">
          <space_before />
          <space_after />
          <text_data language="German">
            <text from_TM="False" rev_id="13" status="New" time="1222355938">cd</text>
            <marker end="2" id="0" start="0" />
          </text_data><text_data language="Spanish">
            <text from_TM="False" rev_id="11" status="Complete" time="1222354203">Spanish : </text>
            <marker end="2" id="0" start="0" />
          </text_data><text_data language="English">
            <text from_TM="False" rev_id="11" status="Complete" time="1222354203">cd</text>
            <marker end="2" id="0" start="0" />
          </text_data><marker_def id="0" type="html">
            <html_marker tag="img">
              <attr name="src" val="images/photobackup/cd_media.jpg" />
              <attr name="alt" val="cd" />
              <attr name="width" val="104" />
              <attr name="height" val="87" />
              <attr name="border" val="1" />
              <attr name="align" val="right" />
            </html_marker>
          </marker_def>
        </ta_sentence><ta_sentence do_translation="yes" encoding="utf-8" format="1" id="1468" original_language="English">
          <space_before />
          <space_after />
          <text_data language="German">
            <text from_TM="False" rev_id="13" status="New" time="1222355938">A searchable HTML index shows you where each song is stored.</text>
          </text_data><text_data language="Spanish">
            <text from_TM="False" rev_id="11" status="Complete" time="1222354203">Spanish : le HTML index shows you where each song is stored.</text>
          </text_data><text_data language="English">
            <text from_TM="False" rev_id="11" status="Complete" time="1222354203">A searchable HTML index shows you where each song is stored.</text>
          </text_data>
        </ta_sentence><ta_sentence do_translation="yes" encoding="utf-8" format="1" id="1469" original_language="English">
          <space_before> </space_before>
          <space_after />
          <text_data language="German">
            <text from_TM="False" rev_id="13" status="New" time="1222355938">You can use this index to create labels for CD or just to search for files.</text>
          </text_data><text_data language="Spanish">
            <text from_TM="False" rev_id="11" status="Complete" time="1222354203">Spanish : e this index to create labels for CD or just to search for files.</text>
          </text_data><text_data language="English">
            <text from_TM="False" rev_id="11" status="Complete" time="1222354203">You can use this index to create labels for CD or just to search for files.</text>
          </text_data>
        </ta_sentence><ta_sentence do_translation="yes" encoding="utf-8" format="1" id="1470" original_language="English">
          <space_before />
          <space_after />
          <text_data language="German">
            <text from_TM="False" rev_id="13" status="New" time="1222355938">You can also arrange music files according to folders, CD, date or album.</text>
          </text_data><text_data language="Spanish">
            <text from_TM="False" rev_id="11" status="Complete" time="1222354203">Spanish : so arrange music files according to folders, CD, date or album.</text>
          </text_data><text_data language="English">
            <text from_TM="False" rev_id="11" status="Complete" time="1222354203">You can also arrange music files according to folders, CD, date or album.</text>
          </text_data>
        </ta_sentence><ta_sentence do_translation="yes" encoding="utf-8" format="1" id="1471" original_language="English">
          <space_before />
          <space_after />
          <text_data language="German">
            <text from_TM="False" rev_id="13" status="New" time="1222355938">Products&#160;&#160; - &#160;&#160;Passport Photo&#160;&#160; - &#160;&#160;Photo Backup&#160;&#160; - &#160;&#160;Shrink Pic&#160;&#160; - &#160;&#160;Resources&#160;&#160; - &#160;&#160;Partners&#160;&#160; - &#160;&#160;Blog</text>
            <marker end="8" id="0" start="0" />
            <marker end="29" id="1" start="15" />
            <marker end="48" id="2" start="36" />
            <marker end="65" id="3" start="55" />
            <marker end="81" id="4" start="72" />
            <marker end="96" id="5" start="88" />
            <marker end="107" id="6" start="103" />
          </text_data><text_data language="Spanish">
            <text from_TM="False" rev_id="11" status="Complete" time="1222354203">Spanish :  - &#160;&#160;Passport Photo&#160;&#160; - &#160;&#160;Photo Backup&#160;&#160; - &#160;&#160;Shrink Pic&#160;&#160; - &#160;&#160;Resources&#160;&#160; - &#160;&#160;Partners&#160;&#160; - &#160;&#160;Blog</text>
            <marker end="8" id="0" start="0" />
            <marker end="29" id="1" start="15" />
            <marker end="48" id="2" start="36" />
            <marker end="65" id="3" start="55" />
            <marker end="81" id="4" start="72" />
            <marker end="96" id="5" start="88" />
            <marker end="107" id="6" start="103" />
          </text_data><text_data language="English">
            <text from_TM="False" rev_id="11" status="Complete" time="1222354203">Products&#160;&#160; - &#160;&#160;Passport Photo&#160;&#160; - &#160;&#160;Photo Backup&#160;&#160; - &#160;&#160;Shrink Pic&#160;&#160; - &#160;&#160;Resources&#160;&#160; - &#160;&#160;Partners&#160;&#160; - &#160;&#160;Blog</text>
            <marker end="8" id="0" start="0" />
            <marker end="29" id="1" start="15" />
            <marker end="48" id="2" start="36" />
            <marker end="65" id="3" start="55" />
            <marker end="81" id="4" start="72" />
            <marker end="96" id="5" start="88" />
            <marker end="107" id="6" start="103" />
          </text_data><marker_def id="0" type="html">
            <html_marker tag="a">
              <attr name="href" val="./" />
            </html_marker>
          </marker_def><marker_def id="1" type="html">
            <html_marker tag="a">
              <attr name="href" val="passport_photo.htm" />
            </html_marker>
          </marker_def><marker_def id="2" type="html">
            <html_marker tag="a">
              <attr name="href" val="photo_backup.htm" />
            </html_marker>
          </marker_def><marker_def id="3" type="html">
            <html_marker tag="a">
              <attr name="href" val="shrink_pic.htm" />
            </html_marker>
          </marker_def><marker_def id="4" type="html">
            <html_marker tag="a">
              <attr name="href" val="links_nav.htm" />
            </html_marker>
          </marker_def><marker_def id="5" type="html">
            <html_marker tag="a">
              <attr name="href" val="partners.htm" />
            </html_marker>
          </marker_def><marker_def id="6" type="html">
            <html_marker tag="a">
              <attr name="href" val="blog/" />
            </html_marker>
          </marker_def>
        </ta_sentence><ta_sentence do_translation="yes" encoding="utf-8" format="1" id="1472" original_language="English">
          <space_before />
          <space_after />
          <text_data language="German">
            <text from_TM="False" rev_id="13" status="New" time="1222355938">This website has been translated using ICanLocalize - Affordable Website Translation</text>
            <marker end="-1" id="0" start="0" />
            <marker end="84" id="1" start="39" />
            <marker end="-1" id="0" start="0" />
          </text_data><text_data language="Spanish">
            <text from_TM="False" rev_id="11" status="Complete" time="1222354203">Spanish : te has been translated using ICanLocalize - Affordable Website Translation</text>
            <marker end="-1" id="0" start="0" />
            <marker end="84" id="1" start="39" />
            <marker end="-1" id="0" start="0" />
          </text_data><text_data language="English">
            <text from_TM="False" rev_id="11" status="Complete" time="1222354203">This website has been translated using ICanLocalize - Affordable Website Translation</text>
            <marker end="-1" id="0" start="0" />
            <marker end="84" id="1" start="39" />
            <marker end="-1" id="0" start="0" />
          </text_data><marker_def id="0" type="html">
            <html_marker tag="span">
              <attr name="class" val="copyright" />
            </html_marker>
          </marker_def><marker_def id="1" type="html">
            <html_marker tag="a">
              <attr name="target" val="_blank" />
              <attr name="href" val="http://www.icanlocalize.com" />
            </html_marker>
          </marker_def>
        </ta_sentence><ta_sentence do_translation="yes" encoding="utf-8" format="1" id="1473" original_language="English">
          <space_before />
          <space_after />
          <text_data language="German">
            <text from_TM="False" rev_id="13" status="New" time="1222355938">&#169; OnTheGoSystems,INC. 2003-2008</text>
            <marker end="21" id="0" start="2" />
            <marker end="31" id="-1" start="-1" />
          </text_data><text_data language="Spanish">
            <text from_TM="False" rev_id="11" status="Complete" time="1222354203">Spanish : ystems,INC. 2003-2008</text>
            <marker end="21" id="0" start="2" />
            <marker end="31" id="-1" start="-1" />
          </text_data><text_data language="English">
            <text from_TM="False" rev_id="11" status="Complete" time="1222354203">&#169; OnTheGoSystems,INC. 2003-2008</text>
            <marker end="21" id="0" start="2" />
            <marker end="31" id="-1" start="-1" />
          </text_data><marker_def id="0" type="html">
            <html_marker tag="a">
              <attr name="href" val="http://www.onthegosystems.com/" />
              <attr name="target" val="_blank" />
            </html_marker>
          </marker_def><marker_def id="-1" type="html">
            <html_marker tag="span" />
          </marker_def>
        </ta_sentence>
      </sentences><html_output_change_data_3 />
    </translation>
  </ta_buffer><ta_buffer encoding="utf-8" format="1" manual="False" original_language="English" source_file="/backup_photos.htm" type="html">
    <extractor>
      <marked_file MD5="d6e933684a971086602925cf12cbf8dc" encoding="zlib-hex">789ccd5b6d73db3612fe9ccef43fa0ca346d26b664c9765e2eb23ab66527ee2576c651eae9270d44422262126009d08afaa1bffd76019004254a569cdccd653a8948828bc5be3cfb2cc0f67f1a5e9d8efefc7046de8edebf231f3e9dbcbb3825addd4ee766ffb4d3198e86f6c1417baf4b4619158a6b2e058d3b9db3cbd6e0c71ffa914e62f897907ec468687ec16fcd75cc06ff3cc63fa3e3f1e862f4eeecf1711644fc8e9190cfb8a6314923a9a5225a92d321911919fe31c4f1fff43bf675272b619a9248eb7497fd95f3bba3d6a9149a09bd3b5aa4ac45027b75d4d2ec8beea03aaf4910d14c317d8473e3ef315c8c139addb2ec71ab901b73714ba28c4d8f5a4a2f62a6da81522d92b1b8b81131a65b44c3344e3a0eb08bed94abed4f64b828d74d273123731eeae8a8f5e2f95e8b4c6416b2eca8053f69cc67e2a81580b62c03c5591ca7340cb99899c778ad521ab86b271284feb4bb0b464ac9840ac132924ec884cdb820bbbb30a618b5faa7afb30159ff18078424627c1681f10ed19038bd30bf2733b892a0f6e35ef7c5e1f1b0657dd9e7c98ca82c386af184ce98ea4ce29c816aed199fe2fa40d0951845ec8dfc28a7603adf10d54c83c2cbe16083f61d507fe3e21a94bc6fb903d20ff9dd9223e06607ee0eee51c80ae8531732ed8e6f13cfcbbe795442e3783c67937b0cd4f50df4bc575a886ea9d456831a566e17805e27414c953a6a8d20cc47326d0d3e607292131adce669bf83439c5293ccbeb6693e33a72f56d319a41b03b1999c32a50c8690a103027f2e022366194dc81410e1868b50ce556dfeaff0d5b746d843d36743b24ca4d632f9dfe54b037830115ae878543e14f48ecf2822bb0f2d68017f91bd2590b873d164d7d46a8cb03a221ebcfc2644ec9b25a24a2eac1226729840b198059a8585e1fd1c85700af3402b4c26df8eab5296df86c813b1a4611b6a4a6b3074570f1034c91756c649bef8fab7b1bed1405b09a7f6e2eba5a83c4d65e6a47cb4172b523084e02ff4d8c0cb33175a4dd1e2c5924d9747362ffc64a88740776fefe75a0c2c39793908507629bc90ee4045a6082a319bea9b5691edcd6320426e4eee1923248cfa3f1a9361d679639c1b1eb96c775eb20f8b67752f14266f159253fe85c55d73bb125c1f8bd053243628e2538173f307ebe53778f479ab5883032774df3d00748f3e30305d53ca764f641c962040b898ca35c5accc14c34ac713538c4cbad4e45dd2bbe5da4837c89a8c6b28b22aaa80958d62e41dcbee389baf9171e51e6f943161824db9566b649c33aaf38ca9cdcb31a6413ebc4e8c43161692739925546f96077a23135827ec0ff798bce54acb6cb1856ed66de398ad11793c91b9aef38d7767dbcb8d589c768093b02f283f6ef285c0d425efa9c869bc5130d00139ebfca6a072c122797874d820ee92cd15a100b2c742c85c040ce07dc9a888dbe9163900dd120f806ce58aa9e51cf8f18766c612b18c795ce54f99139a3182b74b65f102de732c655505ccefaa40173d608dfaade8b39200d98c0afe371bdb9671635a5eb9b1d9e674b00ea579c8e51a712e3e8e710874a89b4339a1b76c5c464683b40b7c46cebe4028030e6e031e41389ee49980d16b4442d77c62073c28203e2936cd63838998aa1084f7b9214c2876d2b880b1d06bb43a13501c7089c3f7c7e4bd0c59b3720d25640bfab7ca39abd275f0722df196f216bbff71aedaa998b9683e7177898eb822298c2c5713b298075ce6cae7dea6a528ac0236311b05424e651ccb79cb9908f729fed5e98080364a68e7aa934aa57fcbb3f8089ffdbc7ffc73ef1cfe9bcfe76d2073119b4905dcbf1dc804eebab0acc2fc094dd2d7663be4c8a5ce33b77df2cc0e7aa6e5b3d3e133993d1bfe316c114db31983c58d273115b74d515dac5a8aba9f3d95ebc4b04e0bd3c1133151e96b74e30a3b5caee5153d6c222d0f262987af5eac2729ddf317e7afbe8d75ae70149d511edf43524acadbadebb62e09a1cb360ea9752b6f6562f2c5daf8c94cbf76d65ecb4e56c8c8f2ab5b20ee0ac95f5e6ee5c7652a5e5b693feadad56ebfd3076f5861cb9b670fea132aed1e2d6dd73c569aa5dd750061f4b346ed74bd82f7d1d42d02290e5a18fda95d59b573f3ca6bd5bb87b5f6766517678d5abd6dd4ea796a15e6f5edf95d35dadf46a37d4fa3d30cf8232394cc329a4686679862f860ad8a86c6bab452b496424a0335a219d4b202936a8baa52b2b73aa23e01b97706638f1a714432a8c8c270a27ab83b61a488fbbf721edcc60b43e418553c5eb4cd92cddef8c713f3ebf163328a58290a2a128c5ca08b132ac0f63b84060153aa128ed25c8eb24679e5486b5f4707ae809e0650de6e710e1a83a334548d5b66c2fb96b114ea61a5479e86c6b13057298e80619334662bd3125be1ddb0b242acf1483ddf5f1d7ae9de2db7866c135c4ff683a6bdf247354fbae9aab27072321c62afb88e11f1d935d2d3b7305d8c531600598a2bac088ca93940aa81e66cc1cef4113a794d66e0a3c9428389e5d4c3c2248f35073b56490c11a402e5d2016434ca5c976b60491d81728c66e0c23c990840f1fb8415502205c4a760f3423d06bd19441f4fd83d025cc7674309e3029a4805fd1f46ccf5f18d95472cc56c54a6dfc9632f4ebcc46ce20cde73ff71793df19e45d977a92d07ad46206aa8f19bd0129a2fd3608f6d31697f4e0b1e7a6e6e58efd50aa6f1af2a21b4f7f2a082d0dec15e7d5fd847724113866758a6e2195c8d7a56c5ee53b2b6a61515b937a852bd9f6e82c342160246292fa2da9cc95120482b80584062235e5d417f0b616d25213a156de34ebd634f0c5a29b0a62fd84ccc2110dd81a032ad2a17419c87108fa08d876b6daf21a962ba6a79ca7b371113cb3406e542708050d0a95a3bf9159218cd2916c51d4f502ecca2f453c4db3987649930628e244373d4813b1c10348d86b904db9b5c34d5c664982ffae4f8f4df9f3ef8d95bc80f64caad9a25c4ac5db977d91ccdec0b8402f7cf2ecad0dcef559189bfef309918265a09e4d81af87b04b897e04d194af10bb40ecc6a9bb18425134c0a70ea2f009ba270dc0e2e638e4e9953658cef098148f5ec94d090119b7d64d73679f05f04111c233ee5d03f02bb05f85c29c7a456c38adcda1e816ac8e3a7636f291d7b4f4d078fbb0ba483de51551216023624a1d1e67ee8714de5248796598c7b7b5d0f7c5c4ad96798247ea695fe3d78e139b8d7db2fa0a79630bfe7607dcb2c6c44b60da399f2ccf74aae2029f58e2917531e339b4eb8d1c11cc530d1aa8a6c42a33c6d5729b053952a1890c8904f31c42b512e50c2a5402f7f7cb7e0eead8d6d031a66328a89075107eac588635eeeb3cf06db4ca144c314f7a92a20810a09019eade77623dc7b43f14236a50e0f2263171c31cfb80654c411b6b49f0edbe4d86969e9838ae45c616e814c3bc6d66e046200a7c2a27545aa2875919b6e9709fb4b99b0ff9414bc46583af3dfc8849231b9adba2a0fdeace95b0eba7ed17db1d718f995e6e663192361c739c05a15812a9681eda68104320a8f9c794505632bd5a99a63349756b00bf319132ca37a19c900e92a5a6828454505ed1c1505c5c8c3cf5af2626841eb49c834bed05ef1e9c35cf05d936b54186b99feba52affc159b3482bc4a2460502ad33c06725ca3a456d6ae7b1bf72d3d125b8c5139b80beacdef1fdeec90d1c53910924bf8f5e6e2bce4b9464c311e6c6c662c884300719fc1fbfe34a7d7373be4f20c645d1fc35f57d7f09711f2fefac6481d9e5eaf3a6025a98a042a883cc7a3744163af929072f06636572359d8092a0fa56d98f20c501716251ca9b331e196dd08541753a4748842b2c6c01056428af111da6260b0ce4d062086f4b19a819b63ef1d639780e2fe1b5174ca20dec1531e38f9fc7f89d0d95bc72493132c542a885898c73025cac35edeb6f236999837b7aff4640124231770011e04be0981328584c9128ee50beb932a098a2ed0b91285550bfa698a30ecf6f0563dfcdd5b952dba1367450f10afed1d08611acb5995af7b7b3e1e769b9b90e56d4117a385cc692613b7fe3aca6f11a556069adf93424cb9f29820ee9d3486a321295c289669628ab3013e2705c93b093374b40934c365aecf3e8eaeaecfb6ee1890d862483993163d82020830d09243b810cb6d6cc817379bf3c7933c420a3ba78b1d13a93847600b4f98a7a02ad5364dadd434061c5d42f06f60b1850b476067ae0dae4e33b6dc33deefbee2bc1b28cbdc18790ae04df0501645c2ba3268faa60d05d019bcf9e39c374c9b77c9f9f5d91990171ae7b6d4ba1366a41ae51e9695047a4108e40a2389ebb5fb71abb20c9dcbb1d44e0108ecd7b08daf171d8e9d0fdd65b9afddd3bb65468a0bbd1d1b87c0e3629e40c9b03c4110c5ff06c65bf4d695346c1853fca22b44ae5c7979e3c722f618e501872fcd5f97f89f82b9b7eda91c9e80fb5fdb789fa655aa982b3c6c984a8919b1f2496be3d764def15bf3275eeef4c3fc0de5d6bfacce504057dcb3b2c76cee14c5ddb345704552f161dd3a89db9eca6cd44b45806bb7e39407ee332d734d3ef0605b09f849b31a0b7a67050056425204ec2b2c93698148e46c62afb67ddb7cd0d01a9cc03fb533dfbe0a329e6a5b7cdc01291e7fcea49cc56c9742022d80be2a3c03ede4586945fbb3aa7d78fd99de512b05c3cafe2ae5ae1937ce69106872445a9f8e770f9f1fbcda3bdcedb65edb094619b88665bf3e7d5d8a5bdd1a0e64ba705f6159ec6513c5016f23a0721386251ebf888f0d0bb74802b6583e81ad9d0be3b201a905f60231e4362eb935b838a5e29dbb03c63d9e0216868605dcb819476e22876575787c827abeaeb0d19bab38615e40cf955803af9c110f8a4f50eda09d8bcbd3b601ccdededefe2efcf5b2e1fb5b2f73cbc3414c6ff7317cbfe3febf80ff002cbc5bfa</marked_file>
      <paragraph_indexes count="86">94 144 554 630 830 920 1023 1069 1078 1197 1367 1446 1744 1774 1806 1847 1879 1909 1941 1979 2011 2049 2762 2810 2819 2886 2895 2957 2966 3025 3034 3093 3102 3173 3182 3249 3258 3337 3346 3426 3435 3514 3534 3582 3593 3660 3665 3726 3735 3808 3817 3888 3897 3971 3980 4043 4063 4117 4126 4200 4304 4386 4404 4605 4614 4634 4964 5120 5202 5242 5361 5470 5512 5616 5658 5766 5930 6009 6023 6089 6103 6118 6126 6208 6385 6444 6491 6549 6575 6626 6652 6691 6717 6767 6984 7102 7147 7180 7225 7289 7303 7417 7441 7570 7584 7667 7702 7792 7797 7944 8058 8081 8131 8249 8258 8412 8435 8524 8529 8613 8627 8750 8764 8779 8836 8859 8909 9011 9020 9111 9120 9247 9296 9385 9390 9632 9669 9691 9735 9806 9820 9931 9954 10114 10214 10307 10345 10369 10413 10461 10475 10539 10563 10638 10652 10721 10796 10816 10860 10904 10913 11017 11031 11080 11094 11207 11443 11868 12044 12215 12224 12333 </paragraph_indexes>
      <support_files>
        <file type="todo">images/bluebottom.gif</file>
        <file type="todo">images/bluetop.gif</file>
        <file type="todo">images/bookmark_us.png</file>
        <file type="todo">images/bottomwhite.gif</file>
        <file type="todo">images/bottomwhite2.gif</file>
        <file type="todo">images/exclaim.gif</file>
        <file type="todo">images/here.gif</file>
        <file type="todo">images/menutabA1.gif</file>
        <file type="todo">images/menutabB1.gif</file>
        <file type="todo">images/photobackup/1.gif</file>
        <file type="todo">images/photobackup/1bckgrnd.gif</file>
        <file type="todo">images/photobackup/2.gif</file>
        <file type="todo">images/photobackup/2bckgrnd.gif</file>
        <file type="todo">images/photobackup/3.gif</file>
        <file type="todo">images/photobackup/3bckgrnd.gif</file>
        <file type="todo">images/photobackup/backup_button_201.jpg</file>
        <file type="todo">images/photobackup/graphical_index.jpg</file>
        <file type="todo">images/photobackup/pictures_folder.jpg</file>
        <file type="todo">images/photobackup/restore.jpg</file>
        <file type="todo">images/small_web.gif</file>
        <file type="todo">images/topline1.gif</file>
        <file type="todo">images/topline2.gif</file>
        <file type="todo">images/topline2WB.gif</file>
        <file type="todo">images/toplineL.gif</file>
        <file type="todo">images/toplineLW.gif</file>
        <file type="todo">images/toplineR.gif</file>
        <file type="todo">images/topwhite2.gif</file>
        <file type="todo">styles.css</file>
      </support_files>
    </extractor><translation>
      <languages>
        <language reviewed="False">Spanish</language>
        <language reviewed="False">German</language>
      </languages><sentences count="86">
        <ta_sentence do_translation="yes" encoding="utf-8" format="1" id="1632" original_language="English" type="title">
          <space_before />
          <space_after />
          <text_data language="German">
            <text from_TM="False" rev_id="13" status="New" time="1222355938">Archive digital photos to CD or DVD</text>
          </text_data><text_data language="Spanish">
            <text from_TM="False" rev_id="11" status="Complete" time="1222354203">Spanish : gital photos to CD or DVD</text>
          </text_data><text_data language="English">
            <text from_TM="False" rev_id="11" status="Complete" time="1222354203">Archive digital photos to CD or DVD</text>
          </text_data>
        </ta_sentence><ta_sentence do_translation="yes" encoding="utf-8" format="1" id="1633" original_language="English">
          <space_before />
          <space_after />
          <text_data language="German">
            <text from_TM="False" rev_id="13" status="New" time="1222355938">OnTheGoSoft</text>
            <marker end="11" id="0" start="0" />
          </text_data><text_data language="Spanish">
            <text from_TM="False" rev_id="11" status="Complete" time="1222354203">Spanish : t</text>
            <marker end="11" id="0" start="0" />
          </text_data><text_data language="English">
            <text from_TM="False" rev_id="11" status="Complete" time="1222354203">OnTheGoSoft</text>
            <marker end="11" id="0" start="0" />
          </text_data><marker_def id="0" type="html">
            <html_marker tag="img">
              <attr name="src" val="images/bluetop.gif" />
              <attr name="alt" val="OnTheGoSoft" />
              <attr name="width" val="760" />
              <attr name="height" val="5" />
            </html_marker>
          </marker_def>
        </ta_sentence><ta_sentence do_translation="yes" encoding="utf-8" format="1" id="1634" original_language="English">
          <space_before />
          <space_after />
          <text_data language="German">
            <text from_TM="False" rev_id="13" status="New" time="1222355938">OnTheGoSoft</text>
            <marker end="11" id="0" start="0" />
          </text_data><text_data language="Spanish">
            <text from_TM="False" rev_id="11" status="Complete" time="1222354203">Spanish : t</text>
            <marker end="11" id="0" start="0" />
          </text_data><text_data language="English">
            <text from_TM="False" rev_id="11" status="Complete" time="1222354203">OnTheGoSoft</text>
            <marker end="11" id="0" start="0" />
          </text_data><marker_def id="0" type="html">
            <html_marker tag="img">
              <attr name="border" val="0" />
              <attr name="src" val="images/small_web.gif" />
              <attr name="alt" val="OnTheGoSoft" />
              <attr name="width" val="160" />
              <attr name="height" val="62" />
            </html_marker>
          </marker_def>
        </ta_sentence><ta_sentence do_translation="yes" encoding="utf-8" format="1" id="1635" original_language="English">
          <space_before />
          <space_after />
          <text_data language="German">
            <text from_TM="False" rev_id="13" status="New" time="1222355938">Photo Backup</text>
            <marker end="12" id="0" start="0" />
          </text_data><text_data language="Spanish">
            <text from_TM="False" rev_id="11" status="Complete" time="1222354203">Spanish : up</text>
            <marker end="12" id="0" start="0" />
          </text_data><text_data language="English">
            <text from_TM="False" rev_id="11" status="Complete" time="1222354203">Photo Backup</text>
            <marker end="12" id="0" start="0" />
          </text_data><marker_def id="0" type="html">
            <html_marker tag="span">
              <attr name="class" val="TextTop" />
            </html_marker>
          </marker_def>
        </ta_sentence><ta_sentence do_translation="yes" encoding="utf-8" format="1" id="1636" original_language="English">
          <space_before> </space_before>
          <space_after />
          <text_data language="German">
            <text from_TM="False" rev_id="13" status="New" time="1222355938">Professional Digital Photo Backup Program for Windows</text>
            <marker end="53" id="0" start="0" />
          </text_data><text_data language="Spanish">
            <text from_TM="False" rev_id="11" status="Complete" time="1222354203">Spanish : al Digital Photo Backup Program for Windows</text>
            <marker end="53" id="0" start="0" />
          </text_data><text_data language="English">
            <text from_TM="False" rev_id="11" status="Complete" time="1222354203">Professional Digital Photo Backup Program for Windows</text>
            <marker end="53" id="0" start="0" />
          </text_data><marker_def id="0" type="html">
            <html_marker tag="span">
              <attr name="class" val="tagline" />
            </html_marker>
          </marker_def>
        </ta_sentence><ta_sentence do_translation="yes" encoding="utf-8" format="1" id="1637" original_language="English">
          <space_before />
          <space_after />
          <text_data language="German">
            <text from_TM="False" rev_id="13" status="New" time="1222355938">OnTheGoSoft</text>
            <marker end="11" id="0" start="0" />
          </text_data><text_data language="Spanish">
            <text from_TM="False" rev_id="11" status="Complete" time="1222354203">Spanish : t</text>
            <marker end="11" id="0" start="0" />
          </text_data><text_data language="English">
            <text from_TM="False" rev_id="11" status="Complete" time="1222354203">OnTheGoSoft</text>
            <marker end="11" id="0" start="0" />
          </text_data><marker_def id="0" type="html">
            <html_marker tag="img">
              <attr name="src" val="images/bluebottom.gif" />
              <attr name="alt" val="OnTheGoSoft" />
              <attr name="width" val="760" />
              <attr name="height" val="5" />
            </html_marker>
          </marker_def>
        </ta_sentence><ta_sentence do_translation="yes" encoding="utf-8" format="1" id="1638" original_language="English">
          <space_before />
          <space_after />
          <text_data language="German">
            <text from_TM="False" rev_id="13" status="New" time="1222355938">Products</text>
            <marker end="8" id="0" start="0" />
          </text_data><text_data language="Spanish">
            <text from_TM="False" rev_id="11" status="Complete" time="1222354203">Spanish : </text>
            <marker end="8" id="0" start="0" />
          </text_data><text_data language="English">
            <text from_TM="False" rev_id="11" status="Complete" time="1222354203">Products</text>
            <marker end="8" id="0" start="0" />
          </text_data><marker_def id="0" type="html">
            <html_marker tag="a">
              <attr name="href" val="./" />
            </html_marker>
          </marker_def>
        </ta_sentence><ta_sentence do_translation="yes" encoding="utf-8" format="1" id="1639" original_language="English">
          <space_before />
          <space_after />
          <text_data language="German">
            <text from_TM="False" rev_id="13" status="New" time="1222355938">Downloads</text>
            <marker end="9" id="0" start="0" />
          </text_data><text_data language="Spanish">
            <text from_TM="False" rev_id="11" status="Complete" time="1222354203">Spanish : </text>
            <marker end="9" id="0" start="0" />
          </text_data><text_data language="English">
            <text from_TM="False" rev_id="11" status="Complete" time="1222354203">Downloads</text>
            <marker end="9" id="0" start="0" />
          </text_data><marker_def id="0" type="html">
            <html_marker tag="a">
              <attr name="href" val="download.htm" />
            </html_marker>
          </marker_def>
        </ta_sentence><ta_sentence do_translation="yes" encoding="utf-8" format="1" id="1640" original_language="English">
          <space_before />
          <space_after />
          <text_data language="German">
            <text from_TM="False" rev_id="13" status="New" time="1222355938">Buy</text>
            <marker end="3" id="0" start="0" />
          </text_data><text_data language="Spanish">
            <text from_TM="False" rev_id="11" status="Complete" time="1222354203">Spanish : </text>
            <marker end="3" id="0" start="0" />
          </text_data><text_data language="English">
            <text from_TM="False" rev_id="11" status="Complete" time="1222354203">Buy</text>
            <marker end="3" id="0" start="0" />
          </text_data><marker_def id="0" type="html">
            <html_marker tag="a">
              <attr name="href" val="buy.htm" />
            </html_marker>
          </marker_def>
        </ta_sentence><ta_sentence do_translation="yes" encoding="utf-8" format="1" id="1641" original_language="English">
          <space_before />
          <space_after />
          <text_data language="German">
            <text from_TM="False" rev_id="13" status="New" time="1222355938">Contact</text>
            <marker end="7" id="0" start="0" />
          </text_data><text_data language="Spanish">
            <text from_TM="False" rev_id="11" status="Complete" time="1222354203">Spanish : </text>
            <marker end="7" id="0" start="0" />
          </text_data><text_data language="English">
            <text from_TM="False" rev_id="11" status="Complete" time="1222354203">Contact</text>
            <marker end="7" id="0" start="0" />
          </text_data><marker_def id="0" type="html">
            <html_marker tag="a">
              <attr name="href" val="contact.htm" />
            </html_marker>
          </marker_def>
        </ta_sentence><ta_sentence do_translation="yes" encoding="utf-8" format="1" id="1642" original_language="English">
          <space_before />
          <space_after />
          <text_data language="German">
            <text from_TM="False" rev_id="13" status="New" time="1222355938">Support</text>
            <marker end="7" id="0" start="0" />
          </text_data><text_data language="Spanish">
            <text from_TM="False" rev_id="11" status="Complete" time="1222354203">Spanish : </text>
            <marker end="7" id="0" start="0" />
          </text_data><text_data language="English">
            <text from_TM="False" rev_id="11" status="Complete" time="1222354203">Support</text>
            <marker end="7" id="0" start="0" />
          </text_data><marker_def id="0" type="html">
            <html_marker tag="a">
              <attr name="href" val="support.htm" />
            </html_marker>
          </marker_def>
        </ta_sentence><ta_sentence do_translation="yes" encoding="utf-8" format="1" id="1643" original_language="English">
          <space_before />
          <space_after />
          <text_data language="German">
            <text from_TM="False" rev_id="13" status="New" time="1222355938">Product info</text>
            <marker end="12" id="0" start="0" />
          </text_data><text_data language="Spanish">
            <text from_TM="False" rev_id="11" status="Complete" time="1222354203">Spanish : fo</text>
            <marker end="12" id="0" start="0" />
          </text_data><text_data language="English">
            <text from_TM="False" rev_id="11" status="Complete" time="1222354203">Product info</text>
            <marker end="12" id="0" start="0" />
          </text_data><marker_def id="0" type="html">
            <html_marker tag="span">
              <attr name="class" val="Text-Bold" />
            </html_marker>
          </marker_def>
        </ta_sentence><ta_sentence do_translation="yes" encoding="utf-8" format="1" id="1644" original_language="English">
          <space_before> </space_before>
          <space_after />
          <text_data language="German">
            <text from_TM="False" rev_id="13" status="New" time="1222355938">Photo Backup</text>
            <marker end="12" id="0" start="0" />
          </text_data><text_data language="Spanish">
            <text from_TM="False" rev_id="11" status="Complete" time="1222354203">Spanish : up</text>
            <marker end="12" id="0" start="0" />
          </text_data><text_data language="English">
            <text from_TM="False" rev_id="11" status="Complete" time="1222354203">Photo Backup</text>
            <marker end="12" id="0" start="0" />
          </text_data><marker_def id="0" type="html">
            <html_marker tag="a">
              <attr name="href" val="photo_backup.htm" />
              <attr name="class" val="Text-Nav" />
            </html_marker>
          </marker_def>
        </ta_sentence><ta_sentence do_translation="yes" encoding="utf-8" format="1" id="1645" original_language="English">
          <space_before> </space_before>
          <space_after />
          <text_data language="German">
            <text from_TM="False" rev_id="13" status="New" time="1222355938">Download</text>
            <marker end="8" id="0" start="0" />
          </text_data><text_data language="Spanish">
            <text from_TM="False" rev_id="11" status="Complete" time="1222354203">Spanish : </text>
            <marker end="8" id="0" start="0" />
          </text_data><text_data language="English">
            <text from_TM="False" rev_id="11" status="Complete" time="1222354203">Download</text>
            <marker end="8" id="0" start="0" />
          </text_data><marker_def id="0" type="html">
            <html_marker tag="a">
              <attr name="href" val="pb_download.htm" />
              <attr name="class" val="Text-Nav" />
            </html_marker>
          </marker_def>
        </ta_sentence><ta_sentence do_translation="yes" encoding="utf-8" format="1" id="1646" original_language="English">
          <space_before> </space_before>
          <space_after />
          <text_data language="German">
            <text from_TM="False" rev_id="13" status="New" time="1222355938">Overview</text>
            <marker end="8" id="0" start="0" />
          </text_data><text_data language="Spanish">
            <text from_TM="False" rev_id="11" status="Complete" time="1222354203">Spanish : </text>
            <marker end="8" id="0" start="0" />
          </text_data><text_data language="English">
            <text from_TM="False" rev_id="11" status="Complete" time="1222354203">Overview</text>
            <marker end="8" id="0" start="0" />
          </text_data><marker_def id="0" type="html">
            <html_marker tag="a">
              <attr name="href" val="overview.htm" />
              <attr name="class" val="Text-Nav" />
            </html_marker>
          </marker_def>
        </ta_sentence><ta_sentence do_translation="yes" encoding="utf-8" format="1" id="1647" original_language="English">
          <space_before> </space_before>
          <space_after />
          <text_data language="German">
            <text from_TM="False" rev_id="13" status="New" time="1222355938">Features</text>
            <marker end="8" id="0" start="0" />
          </text_data><text_data language="Spanish">
            <text from_TM="False" rev_id="11" status="Complete" time="1222354203">Spanish : </text>
            <marker end="8" id="0" start="0" />
          </text_data><text_data language="English">
            <text from_TM="False" rev_id="11" status="Complete" time="1222354203">Features</text>
            <marker end="8" id="0" start="0" />
          </text_data><marker_def id="0" type="html">
            <html_marker tag="a">
              <attr name="href" val="benefits.htm" />
              <attr name="class" val="Text-Nav" />
            </html_marker>
          </marker_def>
        </ta_sentence><ta_sentence do_translation="yes" encoding="utf-8" format="1" id="1648" original_language="English">
          <space_before> </space_before>
          <space_after />
          <text_data language="German">
            <text from_TM="False" rev_id="13" status="New" time="1222355938">Supported Formats</text>
            <marker end="17" id="0" start="0" />
          </text_data><text_data language="Spanish">
            <text from_TM="False" rev_id="11" status="Complete" time="1222354203">Spanish : Formats</text>
            <marker end="17" id="0" start="0" />
          </text_data><text_data language="English">
            <text from_TM="False" rev_id="11" status="Complete" time="1222354203">Supported Formats</text>
            <marker end="17" id="0" start="0" />
          </text_data><marker_def id="0" type="html">
            <html_marker tag="a">
              <attr name="href" val="photo_types.htm" />
              <attr name="class" val="Text-Nav" />
            </html_marker>
          </marker_def>
        </ta_sentence><ta_sentence do_translation="yes" encoding="utf-8" format="1" id="1649" original_language="English">
          <space_before> </space_before>
          <space_after />
          <text_data language="German">
            <text from_TM="False" rev_id="13" status="New" time="1222355938">Versions History</text>
            <marker end="16" id="0" start="0" />
          </text_data><text_data language="Spanish">
            <text from_TM="False" rev_id="11" status="Complete" time="1222354203">Spanish : istory</text>
            <marker end="16" id="0" start="0" />
          </text_data><text_data language="English">
            <text from_TM="False" rev_id="11" status="Complete" time="1222354203">Versions History</text>
            <marker end="16" id="0" start="0" />
          </text_data><marker_def id="0" type="html">
            <html_marker tag="a">
              <attr name="href" val="versions.htm" />
              <attr name="class" val="Text-Nav" />
            </html_marker>
          </marker_def>
        </ta_sentence><ta_sentence do_translation="yes" encoding="utf-8" format="1" id="1650" original_language="English">
          <space_before> </space_before>
          <space_after />
          <text_data language="German">
            <text from_TM="False" rev_id="13" status="New" time="1222355938">About Photo Backup LE</text>
            <marker end="21" id="0" start="0" />
          </text_data><text_data language="Spanish">
            <text from_TM="False" rev_id="11" status="Complete" time="1222354203">Spanish : o Backup LE</text>
            <marker end="21" id="0" start="0" />
          </text_data><text_data language="English">
            <text from_TM="False" rev_id="11" status="Complete" time="1222354203">About Photo Backup LE</text>
            <marker end="21" id="0" start="0" />
          </text_data><marker_def id="0" type="html">
            <html_marker tag="a">
              <attr name="href" val="photo_backup_le.htm" />
              <attr name="class" val="Text-Nav" />
            </html_marker>
          </marker_def>
        </ta_sentence><ta_sentence do_translation="yes" encoding="utf-8" format="1" id="1651" original_language="English">
          <space_before> </space_before>
          <space_after />
          <text_data language="German">
            <text from_TM="False" rev_id="13" status="New" time="1222355938">Online Manual</text>
            <marker end="13" id="0" start="0" />
          </text_data><text_data language="Spanish">
            <text from_TM="False" rev_id="11" status="Complete" time="1222354203">Spanish : ual</text>
            <marker end="13" id="0" start="0" />
          </text_data><text_data language="English">
            <text from_TM="False" rev_id="11" status="Complete" time="1222354203">Online Manual</text>
            <marker end="13" id="0" start="0" />
          </text_data><marker_def id="0" type="html">
            <html_marker tag="a">
              <attr name="href" val="photo_backup_help/index.html" />
              <attr name="class" val="Text-Nav" />
            </html_marker>
          </marker_def>
        </ta_sentence><ta_sentence do_translation="yes" encoding="utf-8" format="1" id="1652" original_language="English">
          <space_before> </space_before>
          <space_after />
          <text_data language="German">
            <text from_TM="False" rev_id="13" status="New" time="1222355938">News and Announcements</text>
            <marker end="22" id="0" start="0" />
          </text_data><text_data language="Spanish">
            <text from_TM="False" rev_id="11" status="Complete" time="1222354203">Spanish : nnouncements</text>
            <marker end="22" id="0" start="0" />
          </text_data><text_data language="English">
            <text from_TM="False" rev_id="11" status="Complete" time="1222354203">News and Announcements</text>
            <marker end="22" id="0" start="0" />
          </text_data><marker_def id="0" type="html">
            <html_marker tag="a">
              <attr name="href" val="/blog/?sectionid=5" />
              <attr name="class" val="Text-Nav" />
            </html_marker>
          </marker_def>
        </ta_sentence><ta_sentence do_translation="yes" encoding="utf-8" format="1" id="1653" original_language="English">
          <space_before />
          <space_after />
          <text_data language="German">
            <text from_TM="False" rev_id="13" status="New" time="1222355938">Typical uses</text>
            <marker end="12" id="0" start="0" />
          </text_data><text_data language="Spanish">
            <text from_TM="False" rev_id="11" status="Complete" time="1222354203">Spanish : es</text>
            <marker end="12" id="0" start="0" />
          </text_data><text_data language="English">
            <text from_TM="False" rev_id="11" status="Complete" time="1222354203">Typical uses</text>
            <marker end="12" id="0" start="0" />
          </text_data><marker_def id="0" type="html">
            <html_marker tag="span">
              <attr name="class" val="Text-Bold" />
            </html_marker>
          </marker_def>
        </ta_sentence><ta_sentence do_translation="yes" encoding="utf-8" format="1" id="1654" original_language="English">
          <space_before />
          <space_after />
          <text_data language="German">
            <text from_TM="False" rev_id="13" status="New" time="1222355938">You are here</text>
            <marker end="12" id="0" start="0" />
          </text_data><text_data language="Spanish">
            <text from_TM="False" rev_id="11" status="Complete" time="1222354203">Spanish : re</text>
            <marker end="12" id="0" start="0" />
          </text_data><text_data language="English">
            <text from_TM="False" rev_id="11" status="Complete" time="1222354203">You are here</text>
            <marker end="12" id="0" start="0" />
          </text_data><marker_def id="0" type="html">
            <html_marker tag="img">
              <attr name="src" val="images/here.gif" />
              <attr name="alt" val="You are here" />
              <attr name="class" val="hereimg" />
            </html_marker>
          </marker_def>
        </ta_sentence><ta_sentence do_translation="yes" encoding="utf-8" format="1" id="1655" original_language="English">
          <space_before />
          <space_after />
          <text_data language="German">
            <text from_TM="False" rev_id="13" status="New" time="1222355938">Archive Digital Photos</text>
            <marker end="22" id="0" start="0" />
          </text_data><text_data language="Spanish">
            <text from_TM="False" rev_id="11" status="Complete" time="1222354203">Spanish : gital Photos</text>
            <marker end="22" id="0" start="0" />
          </text_data><text_data language="English">
            <text from_TM="False" rev_id="11" status="Complete" time="1222354203">Archive Digital Photos</text>
            <marker end="22" id="0" start="0" />
          </text_data><marker_def id="0" type="html">
            <html_marker tag="span">
              <attr name="class" val="leftselected" />
            </html_marker>
          </marker_def>
        </ta_sentence><ta_sentence do_translation="yes" encoding="utf-8" format="1" id="1656" original_language="English">
          <space_before> </space_before>
          <space_after />
          <text_data language="German">
            <text from_TM="False" rev_id="13" status="New" time="1222355938">Photo Organizer</text>
            <marker end="15" id="0" start="0" />
          </text_data><text_data language="Spanish">
            <text from_TM="False" rev_id="11" status="Complete" time="1222354203">Spanish : nizer</text>
            <marker end="15" id="0" start="0" />
          </text_data><text_data language="English">
            <text from_TM="False" rev_id="11" status="Complete" time="1222354203">Photo Organizer</text>
            <marker end="15" id="0" start="0" />
          </text_data><marker_def id="0" type="html">
            <html_marker tag="a">
              <attr name="href" val="organize_photos.htm" />
              <attr name="class" val="Text-Nav" />
            </html_marker>
          </marker_def>
        </ta_sentence><ta_sentence do_translation="yes" encoding="utf-8" format="1" id="1657" original_language="English">
          <space_before> </space_before>
          <space_after />
          <text_data language="German">
            <text from_TM="False" rev_id="13" status="New" time="1222355938">Backup Audio CDs</text>
            <marker end="16" id="0" start="0" />
          </text_data><text_data language="Spanish">
            <text from_TM="False" rev_id="11" status="Complete" time="1222354203">Spanish : io CDs</text>
            <marker end="16" id="0" start="0" />
          </text_data><text_data language="English">
            <text from_TM="False" rev_id="11" status="Complete" time="1222354203">Backup Audio CDs</text>
            <marker end="16" id="0" start="0" />
          </text_data><marker_def id="0" type="html">
            <html_marker tag="a">
              <attr name="href" val="backup_audio.htm" />
              <attr name="class" val="Text-Nav" />
            </html_marker>
          </marker_def>
        </ta_sentence><ta_sentence do_translation="yes" encoding="utf-8" format="1" id="1658" original_language="English">
          <space_before> </space_before>
          <space_after />
          <text_data language="German">
            <text from_TM="False" rev_id="13" status="New" time="1222355938">Index Existing Backup</text>
            <marker end="21" id="0" start="0" />
          </text_data><text_data language="Spanish">
            <text from_TM="False" rev_id="11" status="Complete" time="1222354203">Spanish : ting Backup</text>
            <marker end="21" id="0" start="0" />
          </text_data><text_data language="English">
            <text from_TM="False" rev_id="11" status="Complete" time="1222354203">Index Existing Backup</text>
            <marker end="21" id="0" start="0" />
          </text_data><marker_def id="0" type="html">
            <html_marker tag="a">
              <attr name="href" val="make_index.htm" />
              <attr name="class" val="Text-Nav" />
            </html_marker>
          </marker_def>
        </ta_sentence><ta_sentence do_translation="yes" encoding="utf-8" format="1" id="1659" original_language="English">
          <space_before> </space_before>
          <space_after />
          <text_data language="German">
            <text from_TM="False" rev_id="13" status="New" time="1222355938">CD Burning</text>
            <marker end="10" id="0" start="0" />
          </text_data><text_data language="Spanish">
            <text from_TM="False" rev_id="11" status="Complete" time="1222354203">Spanish : </text>
            <marker end="10" id="0" start="0" />
          </text_data><text_data language="English">
            <text from_TM="False" rev_id="11" status="Complete" time="1222354203">CD Burning</text>
            <marker end="10" id="0" start="0" />
          </text_data><marker_def id="0" type="html">
            <html_marker tag="a">
              <attr name="href" val="cd_burning.htm" />
              <attr name="class" val="Text-Nav" />
            </html_marker>
          </marker_def>
        </ta_sentence><ta_sentence do_translation="yes" encoding="utf-8" format="1" id="1660" original_language="English">
          <space_before />
          <space_after />
          <text_data language="German">
            <text from_TM="False" rev_id="13" status="New" time="1222355938">Useful information</text>
            <marker end="18" id="0" start="0" />
          </text_data><text_data language="Spanish">
            <text from_TM="False" rev_id="11" status="Complete" time="1222354203">Spanish : ormation</text>
            <marker end="18" id="0" start="0" />
          </text_data><text_data language="English">
            <text from_TM="False" rev_id="11" status="Complete" time="1222354203">Useful information</text>
            <marker end="18" id="0" start="0" />
          </text_data><marker_def id="0" type="html">
            <html_marker tag="span">
              <attr name="class" val="Text-Bold" />
            </html_marker>
          </marker_def>
        </ta_sentence><ta_sentence do_translation="yes" encoding="utf-8" format="1" id="1661" original_language="English">
          <space_before> </space_before>
          <space_after />
          <text_data language="German">
            <text from_TM="False" rev_id="13" status="New" time="1222355938">Enabling DMA Mode</text>
            <marker end="17" id="0" start="0" />
          </text_data><text_data language="Spanish">
            <text from_TM="False" rev_id="11" status="Complete" time="1222354203">Spanish : MA Mode</text>
            <marker end="17" id="0" start="0" />
          </text_data><text_data language="English">
            <text from_TM="False" rev_id="11" status="Complete" time="1222354203">Enabling DMA Mode</text>
            <marker end="17" id="0" start="0" />
          </text_data><marker_def id="0" type="html">
            <html_marker tag="a">
              <attr name="href" val="dma_setting_nt.htm" />
              <attr name="class" val="Text-Nav" />
            </html_marker>
          </marker_def>
        </ta_sentence><ta_sentence do_translation="yes" encoding="utf-8" format="1" id="1662" original_language="English">
          <space_before />
          <space_after />
          <text_data language="German">
            <text from_TM="False" rev_id="13" status="New" time="1222355938">Bookmark this page</text>
            <marker end="18" id="0" start="0" />
          </text_data><text_data language="Spanish">
            <text from_TM="False" rev_id="11" status="Complete" time="1222354203">Spanish : his page</text>
            <marker end="18" id="0" start="0" />
          </text_data><text_data language="English">
            <text from_TM="False" rev_id="11" status="Complete" time="1222354203">Bookmark this page</text>
            <marker end="18" id="0" start="0" />
          </text_data><marker_def id="0" type="html">
            <html_marker tag="img">
              <attr name="src" val="images/bookmark_us.png" />
              <attr name="alt" val="Bookmark this page" />
              <attr name="class" val="delicious" />
            </html_marker>
          </marker_def>
        </ta_sentence><ta_sentence do_translation="yes" encoding="utf-8" format="1" id="1663" original_language="English">
          <space_before />
          <space_after />
          <text_data language="German">
            <text from_TM="False" rev_id="13" status="New" time="1222355938">Bookmark on</text>
            <marker end="-1" id="0" start="0" />
            <marker end="-1" id="0" start="0" />
          </text_data><text_data language="Spanish">
            <text from_TM="False" rev_id="11" status="Complete" time="1222354203">Spanish : n</text>
            <marker end="-1" id="0" start="0" />
            <marker end="-1" id="0" start="0" />
          </text_data><text_data language="English">
            <text from_TM="False" rev_id="11" status="Complete" time="1222354203">Bookmark on</text>
            <marker end="-1" id="0" start="0" />
            <marker end="-1" id="0" start="0" />
          </text_data><marker_def id="0" type="html">
            <html_marker tag="a">
              <attr name="rel" val="nofollow" />
              <attr name="href" val="http://del.icio.us/post?url=http%3A%2F%2Fwww.onthegosoft.com%2Fbackup_photos.htm&amp;title=Archive+digital+photos+to+CD+or+DVD" />
              <attr name="target" val="_blank" />
              <attr name="class" val="Text-Nav" />
            </html_marker>
          </marker_def>
        </ta_sentence><ta_sentence do_translation="yes" encoding="utf-8" format="1" id="1664" original_language="English">
          <space_before />
          <space_after />
          <text_data language="German">
            <text from_TM="False" rev_id="13" status="New" time="1222355938">del.icio.us</text>
            <marker end="11" id="-1" start="-1" />
          </text_data><text_data language="Spanish">
            <text from_TM="False" rev_id="11" status="Complete" time="1222354203">Spanish : s</text>
            <marker end="11" id="-1" start="-1" />
          </text_data><text_data language="English">
            <text from_TM="False" rev_id="11" status="Complete" time="1222354203">del.icio.us</text>
            <marker end="11" id="-1" start="-1" />
          </text_data><marker_def id="-1" type="html">
            <html_marker tag="a" />
          </marker_def>
        </ta_sentence><ta_sentence do_translation="yes" encoding="utf-8" format="1" id="1665" original_language="English">
          <space_before />
          <space_after />
          <text_data language="German">
            <text from_TM="False" rev_id="13" status="New" time="1222355938">Home&#160;&gt;&#160;Photo Backup&#160;&gt;&#160;Archive Digital Photos</text>
            <marker end="44" id="0" start="0" />
            <marker end="4" id="1" start="0" />
            <marker end="19" id="2" start="7" />
          </text_data><text_data language="Spanish">
            <text from_TM="False" rev_id="11" status="Complete" time="1222354203">Spanish : to Backup&#160;&gt;&#160;Archive Digital Photos</text>
            <marker end="44" id="0" start="0" />
            <marker end="4" id="1" start="0" />
            <marker end="19" id="2" start="7" />
          </text_data><text_data language="English">
            <text from_TM="False" rev_id="11" status="Complete" time="1222354203">Home&#160;&gt;&#160;Photo Backup&#160;&gt;&#160;Archive Digital Photos</text>
            <marker end="44" id="0" start="0" />
            <marker end="4" id="1" start="0" />
            <marker end="19" id="2" start="7" />
          </text_data><marker_def id="0" type="html">
            <html_marker tag="span">
              <attr name="class" val="Text-TopNav" />
            </html_marker>
          </marker_def><marker_def id="1" type="html">
            <html_marker tag="a">
              <attr name="href" val="./" />
            </html_marker>
          </marker_def><marker_def id="2" type="html">
            <html_marker tag="a">
              <attr name="href" val="photo_backup.htm" />
            </html_marker>
          </marker_def>
        </ta_sentence><ta_sentence do_translation="yes" encoding="utf-8" format="1" id="1666" original_language="English">
          <space_before />
          <space_after />
          <text_data language="German">
            <text from_TM="False" rev_id="13" status="New" time="1222355938">Archive digital photos to CD or DVD</text>
          </text_data><text_data language="Spanish">
            <text from_TM="False" rev_id="11" status="Complete" time="1222354203">Spanish : gital photos to CD or DVD</text>
          </text_data><text_data language="English">
            <text from_TM="False" rev_id="11" status="Complete" time="1222354203">Archive digital photos to CD or DVD</text>
          </text_data>
        </ta_sentence><ta_sentence do_translation="yes" encoding="utf-8" format="1" id="1667" original_language="English">
          <space_before />
          <space_after />
          <text_data language="German">
            <text from_TM="False" rev_id="13" status="New" time="1222355938">Select folders to archive</text>
            <marker end="25" id="0" start="0" />
          </text_data><text_data language="Spanish">
            <text from_TM="False" rev_id="11" status="Complete" time="1222354203">Spanish : ders to archive</text>
            <marker end="25" id="0" start="0" />
          </text_data><text_data language="English">
            <text from_TM="False" rev_id="11" status="Complete" time="1222354203">Select folders to archive</text>
            <marker end="25" id="0" start="0" />
          </text_data><marker_def id="0" type="html">
            <html_marker tag="img">
              <attr name="src" val="images/photobackup/1.gif" />
              <attr name="alt" val="Select folders to archive" />
              <attr name="width" val="190" />
              <attr name="height" val="150" />
              <attr name="border" val="0" />
            </html_marker>
          </marker_def>
        </ta_sentence><ta_sentence do_translation="yes" encoding="utf-8" format="1" id="1668" original_language="English">
          <space_before />
          <space_after />
          <text_data language="German">
            <text from_TM="False" rev_id="13" status="New" time="1222355938">Archive to CD or DVD</text>
            <marker end="20" id="0" start="0" />
          </text_data><text_data language="Spanish">
            <text from_TM="False" rev_id="11" status="Complete" time="1222354203">Spanish :  CD or DVD</text>
            <marker end="20" id="0" start="0" />
          </text_data><text_data language="English">
            <text from_TM="False" rev_id="11" status="Complete" time="1222354203">Archive to CD or DVD</text>
            <marker end="20" id="0" start="0" />
          </text_data><marker_def id="0" type="html">
            <html_marker tag="img">
              <attr name="src" val="images/photobackup/2.gif" />
              <attr name="alt" val="Archive to CD or DVD" />
              <attr name="width" val="190" />
              <attr name="height" val="150" />
              <attr name="border" val="0" />
            </html_marker>
          </marker_def>
        </ta_sentence><ta_sentence do_translation="yes" encoding="utf-8" format="1" id="1669" original_language="English">
          <space_before />
          <space_after />
          <text_data language="German">
            <text from_TM="False" rev_id="13" status="New" time="1222355938">Create a graphical index</text>
            <marker end="24" id="0" start="0" />
          </text_data><text_data language="Spanish">
            <text from_TM="False" rev_id="11" status="Complete" time="1222354203">Spanish : raphical index</text>
            <marker end="24" id="0" start="0" />
          </text_data><text_data language="English">
            <text from_TM="False" rev_id="11" status="Complete" time="1222354203">Create a graphical index</text>
            <marker end="24" id="0" start="0" />
          </text_data><marker_def id="0" type="html">
            <html_marker tag="img">
              <attr name="src" val="images/photobackup/3.gif" />
              <attr name="alt" val="Create a graphical index" />
              <attr name="width" val="190" />
              <attr name="height" val="150" />
              <attr name="border" val="0" />
            </html_marker>
          </marker_def>
        </ta_sentence><ta_sentence do_translation="yes" encoding="utf-8" format="1" id="1670" original_language="English">
          <space_before />
          <space_after />
          <text_data language="German">
            <text from_TM="False" rev_id="13" status="New" time="1222355938">Photo Backup helps you archive digital photos quickly and easily.</text>
          </text_data><text_data language="Spanish">
            <text from_TM="False" rev_id="11" status="Complete" time="1222354203">Spanish : up helps you archive digital photos quickly and easily.</text>
          </text_data><text_data language="English">
            <text from_TM="False" rev_id="11" status="Complete" time="1222354203">Photo Backup helps you archive digital photos quickly and easily.</text>
          </text_data>
        </ta_sentence><ta_sentence do_translation="yes" encoding="utf-8" format="1" id="1671" original_language="English">
          <space_before> </space_before>
          <space_after />
          <text_data language="German">
            <text from_TM="False" rev_id="13" status="New" time="1222355938">The archive is easy to manage, access and navigate. </text>
          </text_data><text_data language="Spanish">
            <text from_TM="False" rev_id="11" status="Complete" time="1222354203">Spanish : e is easy to manage, access and navigate. </text>
          </text_data><text_data language="English">
            <text from_TM="False" rev_id="11" status="Complete" time="1222354203">The archive is easy to manage, access and navigate. </text>
          </text_data>
        </ta_sentence><ta_sentence do_translation="no" encoding="utf-8" format="1" id="1672" original_language="English">
          <space_before />
          <space_after />
          <text_data language="German">
            <text from_TM="False" rev_id="13" status="New" time="1222355938" />
          </text_data><text_data language="Spanish">
            <text from_TM="False" rev_id="-1" status="Complete" time="1222355861" />
          </text_data><text_data language="English">
            <text from_TM="False" status="Complete" time="1222355861" />
          </text_data>
        </ta_sentence><ta_sentence do_translation="yes" encoding="utf-8" format="1" id="1673" original_language="English">
          <space_before />
          <space_after />
          <text_data language="German">
            <text from_TM="False" rev_id="13" status="New" time="1222355938">One click is all it takes to keep the archive update and complete.</text>
          </text_data><text_data language="Spanish">
            <text from_TM="False" rev_id="11" status="Complete" time="1222354203">Spanish : is all it takes to keep the archive update and complete.</text>
          </text_data><text_data language="English">
            <text from_TM="False" rev_id="11" status="Complete" time="1222354203">One click is all it takes to keep the archive update and complete.</text>
          </text_data>
        </ta_sentence><ta_sentence do_translation="yes" encoding="utf-8" format="1" id="1674" original_language="English">
          <space_before />
          <space_after> </space_after>
          <text_data language="German">
            <text from_TM="False" rev_id="13" status="New" time="1222355938">Highlights</text>
            <marker end="10" id="0" start="0" />
          </text_data><text_data language="Spanish">
            <text from_TM="False" rev_id="11" status="Complete" time="1222354203">Spanish : </text>
            <marker end="10" id="0" start="0" />
          </text_data><text_data language="English">
            <text from_TM="False" rev_id="11" status="Complete" time="1222354203">Highlights</text>
            <marker end="10" id="0" start="0" />
          </text_data><marker_def id="0" type="html">
            <html_marker tag="span">
              <attr name="class" val="Text-BigRed" />
            </html_marker>
          </marker_def>
        </ta_sentence><ta_sentence do_translation="yes" encoding="utf-8" format="1" id="1675" original_language="English">
          <space_before />
          <space_after />
          <text_data language="German">
            <text from_TM="False" rev_id="13" status="New" time="1222355938">Split gigabytes of photos to multiple CD or DVD discs</text>
          </text_data><text_data language="Spanish">
            <text from_TM="False" rev_id="11" status="Complete" time="1222354203">Spanish : bytes of photos to multiple CD or DVD discs</text>
          </text_data><text_data language="English">
            <text from_TM="False" rev_id="11" status="Complete" time="1222354203">Split gigabytes of photos to multiple CD or DVD discs</text>
          </text_data>
        </ta_sentence><ta_sentence do_translation="yes" encoding="utf-8" format="1" id="1676" original_language="English">
          <space_before />
          <space_after />
          <text_data language="German">
            <text from_TM="False" rev_id="13" status="New" time="1222355938">Create a graphical index with clear thumbnails</text>
          </text_data><text_data language="Spanish">
            <text from_TM="False" rev_id="11" status="Complete" time="1222354203">Spanish : raphical index with clear thumbnails</text>
          </text_data><text_data language="English">
            <text from_TM="False" rev_id="11" status="Complete" time="1222354203">Create a graphical index with clear thumbnails</text>
          </text_data>
        </ta_sentence><ta_sentence do_translation="yes" encoding="utf-8" format="1" id="1677" original_language="English">
          <space_before />
          <space_after />
          <text_data language="German">
            <text from_TM="False" rev_id="13" status="New" time="1222355938">Archive only new photos every time</text>
          </text_data><text_data language="Spanish">
            <text from_TM="False" rev_id="11" status="Complete" time="1222354203">Spanish : ly new photos every time</text>
          </text_data><text_data language="English">
            <text from_TM="False" rev_id="11" status="Complete" time="1222354203">Archive only new photos every time</text>
          </text_data>
        </ta_sentence><ta_sentence do_translation="yes" encoding="utf-8" format="1" id="1678" original_language="English">
          <space_before />
          <space_after />
          <text_data language="German">
            <text from_TM="False" rev_id="13" status="New" time="1222355938">Supports all compressed and RAW photo formats</text>
          </text_data><text_data language="Spanish">
            <text from_TM="False" rev_id="11" status="Complete" time="1222354203">Spanish : ll compressed and RAW photo formats</text>
          </text_data><text_data language="English">
            <text from_TM="False" rev_id="11" status="Complete" time="1222354203">Supports all compressed and RAW photo formats</text>
          </text_data>
        </ta_sentence><ta_sentence do_translation="yes" encoding="utf-8" format="1" id="1679" original_language="English">
          <space_before />
          <space_after />
          <text_data language="German">
            <text from_TM="False" rev_id="13" status="New" time="1222355938">Folder with digital photographs</text>
            <marker end="31" id="0" start="0" />
          </text_data><text_data language="Spanish">
            <text from_TM="False" rev_id="11" status="Complete" time="1222354203">Spanish : h digital photographs</text>
            <marker end="31" id="0" start="0" />
          </text_data><text_data language="English">
            <text from_TM="False" rev_id="11" status="Complete" time="1222354203">Folder with digital photographs</text>
            <marker end="31" id="0" start="0" />
          </text_data><marker_def id="0" type="html">
            <html_marker tag="img">
              <attr name="src" val="images/photobackup/pictures_folder.jpg" />
              <attr name="alt" val="Folder with digital photographs" />
              <attr name="width" val="284" />
              <attr name="height" val="240" />
            </html_marker>
          </marker_def>
        </ta_sentence><ta_sentence do_translation="yes" encoding="utf-8" format="1" id="1680" original_language="English">
          <space_before />
          <space_after />
          <text_data language="German">
            <text from_TM="False" rev_id="13" status="New" time="1222355938">1) Select folders to archive</text>
          </text_data><text_data language="Spanish">
            <text from_TM="False" rev_id="11" status="Complete" time="1222354203">Spanish : folders to archive</text>
          </text_data><text_data language="English">
            <text from_TM="False" rev_id="11" status="Complete" time="1222354203">1) Select folders to archive</text>
          </text_data>
        </ta_sentence><ta_sentence do_translation="yes" encoding="utf-8" format="1" id="1681" original_language="English">
          <space_before> </space_before>
          <space_after />
          <text_data language="German">
            <text from_TM="False" rev_id="13" status="New" time="1222355938">Select the folders that contain digital photos.</text>
          </text_data><text_data language="Spanish">
            <text from_TM="False" rev_id="11" status="Complete" time="1222354203">Spanish :  folders that contain digital photos.</text>
          </text_data><text_data language="English">
            <text from_TM="False" rev_id="11" status="Complete" time="1222354203">Select the folders that contain digital photos.</text>
          </text_data>
        </ta_sentence><ta_sentence do_translation="yes" encoding="utf-8" format="1" id="1682" original_language="English">
          <space_before> </space_before>
          <space_after />
          <text_data language="German">
            <text from_TM="False" rev_id="13" status="New" time="1222355938">Once a folder is selected, Photo Backup makes sure that its contents are included in the archive.</text>
          </text_data><text_data language="Spanish">
            <text from_TM="False" rev_id="11" status="Complete" time="1222354203">Spanish : der is selected, Photo Backup makes sure that its contents are included in the archive.</text>
          </text_data><text_data language="English">
            <text from_TM="False" rev_id="11" status="Complete" time="1222354203">Once a folder is selected, Photo Backup makes sure that its contents are included in the archive.</text>
          </text_data>
        </ta_sentence><ta_sentence do_translation="yes" encoding="utf-8" format="1" id="1683" original_language="English">
          <space_before> </space_before>
          <space_after />
          <text_data language="German">
            <text from_TM="False" rev_id="13" status="New" time="1222355938">When digital photos are added to the folder (or to any folder under it) it will be marked for storage.</text>
          </text_data><text_data language="Spanish">
            <text from_TM="False" rev_id="11" status="Complete" time="1222354203">Spanish : al photos are added to the folder (or to any folder under it) it will be marked for storage.</text>
          </text_data><text_data language="English">
            <text from_TM="False" rev_id="11" status="Complete" time="1222354203">When digital photos are added to the folder (or to any folder under it) it will be marked for storage.</text>
          </text_data>
        </ta_sentence><ta_sentence do_translation="yes" encoding="utf-8" format="1" id="1684" original_language="English">
          <space_before> </space_before>
          <space_after />
          <text_data language="German">
            <text from_TM="False" rev_id="13" status="New" time="1222355938">Next time you press BACKUP new photos will be copied to CD or DVD.</text>
          </text_data><text_data language="Spanish">
            <text from_TM="False" rev_id="11" status="Complete" time="1222354203">Spanish : you press BACKUP new photos will be copied to CD or DVD.</text>
          </text_data><text_data language="English">
            <text from_TM="False" rev_id="11" status="Complete" time="1222354203">Next time you press BACKUP new photos will be copied to CD or DVD.</text>
          </text_data>
        </ta_sentence><ta_sentence do_translation="no" encoding="utf-8" format="1" id="1685" original_language="English">
          <space_before />
          <space_after />
          <text_data language="German">
            <text from_TM="False" rev_id="13" status="New" time="1222355938" />
            <marker end="0" id="0" start="0" />
          </text_data><text_data language="Spanish">
            <text from_TM="False" rev_id="-1" status="Complete" time="1222355861" />
            <marker end="0" id="0" start="0" />
          </text_data><text_data language="English">
            <text from_TM="False" status="Complete" time="1222355861" />
            <marker end="0" id="0" start="0" />
          </text_data><marker_def id="0" type="html">
            <html_marker tag="img">
              <attr name="src" val="images/exclaim.gif" />
              <attr name="alt" val="" />
              <attr name="width" val="32" />
              <attr name="height" val="32" />
              <attr name="vspace" val="10" />
              <attr name="align" val="left" />
            </html_marker>
          </marker_def>
        </ta_sentence><ta_sentence do_translation="yes" encoding="utf-8" format="1" id="1686" original_language="English">
          <space_before />
          <space_after />
          <text_data language="German">
            <text from_TM="False" rev_id="13" status="New" time="1222355938">You don't need to remember what's on archive, or when was the last time you made backup - this is handled automatically.</text>
          </text_data><text_data language="Spanish">
            <text from_TM="False" rev_id="11" status="Complete" time="1222354203">Spanish : need to remember what's on archive, or when was the last time you made backup - this is handled automatically.</text>
          </text_data><text_data language="English">
            <text from_TM="False" rev_id="11" status="Complete" time="1222354203">You don't need to remember what's on archive, or when was the last time you made backup - this is handled automatically.</text>
          </text_data>
        </ta_sentence><ta_sentence do_translation="yes" encoding="utf-8" format="1" id="1687" original_language="English">
          <space_before />
          <space_after />
          <text_data language="German">
            <text from_TM="False" rev_id="13" status="New" time="1222355938">2) Burn CDs / DVDs</text>
          </text_data><text_data language="Spanish">
            <text from_TM="False" rev_id="11" status="Complete" time="1222354203">Spanish : s / DVDs</text>
          </text_data><text_data language="English">
            <text from_TM="False" rev_id="11" status="Complete" time="1222354203">2) Burn CDs / DVDs</text>
          </text_data>
        </ta_sentence><ta_sentence do_translation="yes" encoding="utf-8" format="1" id="1688" original_language="English">
          <space_before />
          <space_after />
          <text_data language="German">
            <text from_TM="False" rev_id="13" status="New" time="1222355938">Backup button in Photo Backup</text>
            <marker end="29" id="0" start="0" />
          </text_data><text_data language="Spanish">
            <text from_TM="False" rev_id="11" status="Complete" time="1222354203">Spanish : ton in Photo Backup</text>
            <marker end="29" id="0" start="0" />
          </text_data><text_data language="English">
            <text from_TM="False" rev_id="11" status="Complete" time="1222354203">Backup button in Photo Backup</text>
            <marker end="29" id="0" start="0" />
          </text_data><marker_def id="0" type="html">
            <html_marker tag="img">
              <attr name="src" val="images/photobackup/backup_button_201.jpg" />
              <attr name="alt" val="Backup button in Photo Backup" />
              <attr name="width" val="472" />
              <attr name="height" val="223" />
            </html_marker>
          </marker_def>
        </ta_sentence><ta_sentence do_translation="yes" encoding="utf-8" format="1" id="1689" original_language="English">
          <space_before> </space_before>
          <space_after />
          <text_data language="German">
            <text from_TM="False" rev_id="13" status="New" time="1222355938">Just click BACKUP. The first time you use it, all files are burned to CDs (or to DVDs). Next time, only new or modified files are archived.</text>
          </text_data><text_data language="Spanish">
            <text from_TM="False" rev_id="11" status="Complete" time="1222354203">Spanish :  BACKUP. The first time you use it, all files are burned to CDs (or to DVDs). Next time, only new or modified files are archived.</text>
          </text_data><text_data language="English">
            <text from_TM="False" rev_id="11" status="Complete" time="1222354203">Just click BACKUP. The first time you use it, all files are burned to CDs (or to DVDs). Next time, only new or modified files are archived.</text>
          </text_data>
        </ta_sentence><ta_sentence do_translation="no" encoding="utf-8" format="1" id="1690" original_language="English">
          <space_before />
          <space_after />
          <text_data language="German">
            <text from_TM="False" rev_id="13" status="New" time="1222355938" />
            <marker end="0" id="0" start="0" />
          </text_data><text_data language="Spanish">
            <text from_TM="False" rev_id="-1" status="Complete" time="1222355861" />
            <marker end="0" id="0" start="0" />
          </text_data><text_data language="English">
            <text from_TM="False" status="Complete" time="1222355861" />
            <marker end="0" id="0" start="0" />
          </text_data><marker_def id="0" type="html">
            <html_marker tag="img">
              <attr name="src" val="images/exclaim.gif" />
              <attr name="alt" val="" />
              <attr name="width" val="32" />
              <attr name="height" val="32" />
              <attr name="vspace" val="2" />
              <attr name="align" val="left" />
            </html_marker>
          </marker_def>
        </ta_sentence><ta_sentence do_translation="yes" encoding="utf-8" format="1" id="1691" original_language="English">
          <space_before />
          <space_after />
          <text_data language="German">
            <text from_TM="False" rev_id="13" status="New" time="1222355938">When a CD is filled, it will be ejected and you will be asked for another.</text>
          </text_data><text_data language="Spanish">
            <text from_TM="False" rev_id="11" status="Complete" time="1222354203">Spanish : is filled, it will be ejected and you will be asked for another.</text>
          </text_data><text_data language="English">
            <text from_TM="False" rev_id="11" status="Complete" time="1222354203">When a CD is filled, it will be ejected and you will be asked for another.</text>
          </text_data>
        </ta_sentence><ta_sentence do_translation="yes" encoding="utf-8" format="1" id="1692" original_language="English">
          <space_before> </space_before>
          <space_after />
          <text_data language="German">
            <text from_TM="False" rev_id="13" status="New" time="1222355938">There is no need to remember which file is written to every CD. An index shows where every photo is stored. </text>
          </text_data><text_data language="Spanish">
            <text from_TM="False" rev_id="11" status="Complete" time="1222354203">Spanish : o need to remember which file is written to every CD. An index shows where every photo is stored. </text>
          </text_data><text_data language="English">
            <text from_TM="False" rev_id="11" status="Complete" time="1222354203">There is no need to remember which file is written to every CD. An index shows where every photo is stored. </text>
          </text_data>
        </ta_sentence><ta_sentence do_translation="no" encoding="utf-8" format="1" id="1693" original_language="English">
          <space_before />
          <space_after />
          <text_data language="German">
            <text from_TM="False" rev_id="13" status="New" time="1222355938" />
          </text_data><text_data language="Spanish">
            <text from_TM="False" rev_id="-1" status="Complete" time="1222355861" />
          </text_data><text_data language="English">
            <text from_TM="False" status="Complete" time="1222355861" />
          </text_data>
        </ta_sentence><ta_sentence do_translation="yes" encoding="utf-8" format="1" id="1694" original_language="English">
          <space_before />
          <space_after />
          <text_data language="German">
            <text from_TM="False" rev_id="13" status="New" time="1222355938">3) Create an index</text>
          </text_data><text_data language="Spanish">
            <text from_TM="False" rev_id="11" status="Complete" time="1222354203">Spanish : an index</text>
          </text_data><text_data language="English">
            <text from_TM="False" rev_id="11" status="Complete" time="1222354203">3) Create an index</text>
          </text_data>
        </ta_sentence><ta_sentence do_translation="yes" encoding="utf-8" format="1" id="1695" original_language="English">
          <space_before />
          <space_after />
          <text_data language="German">
            <text from_TM="False" rev_id="13" status="New" time="1222355938">Graphical index</text>
            <marker end="15" id="0" start="0" />
          </text_data><text_data language="Spanish">
            <text from_TM="False" rev_id="11" status="Complete" time="1222354203">Spanish : index</text>
            <marker end="15" id="0" start="0" />
          </text_data><text_data language="English">
            <text from_TM="False" rev_id="11" status="Complete" time="1222354203">Graphical index</text>
            <marker end="15" id="0" start="0" />
          </text_data><marker_def id="0" type="html">
            <html_marker tag="img">
              <attr name="src" val="images/photobackup/graphical_index.jpg" />
              <attr name="alt" val="Graphical index" />
              <attr name="width" val="414" />
              <attr name="height" val="270" />
            </html_marker>
          </marker_def>
        </ta_sentence><ta_sentence do_translation="yes" encoding="utf-8" format="1" id="1696" original_language="English">
          <space_before> </space_before>
          <space_after />
          <text_data language="German">
            <text from_TM="False" rev_id="13" status="New" time="1222355938">Create an HTML index, which shows the location of each photo in the archive.</text>
          </text_data><text_data language="Spanish">
            <text from_TM="False" rev_id="11" status="Complete" time="1222354203">Spanish : HTML index, which shows the location of each photo in the archive.</text>
          </text_data><text_data language="English">
            <text from_TM="False" rev_id="11" status="Complete" time="1222354203">Create an HTML index, which shows the location of each photo in the archive.</text>
          </text_data>
        </ta_sentence><ta_sentence do_translation="yes" encoding="utf-8" format="1" id="1697" original_language="English">
          <space_before> </space_before>
          <space_after />
          <text_data language="German">
            <text from_TM="False" rev_id="13" status="New" time="1222355938">Two indexes are generated automatically - graphical with thumbnails of photos and textual with complete details.</text>
          </text_data><text_data language="Spanish">
            <text from_TM="False" rev_id="11" status="Complete" time="1222354203">Spanish : s are generated automatically - graphical with thumbnails of photos and textual with complete details.</text>
          </text_data><text_data language="English">
            <text from_TM="False" rev_id="11" status="Complete" time="1222354203">Two indexes are generated automatically - graphical with thumbnails of photos and textual with complete details.</text>
          </text_data>
        </ta_sentence><ta_sentence do_translation="no" encoding="utf-8" format="1" id="1698" original_language="English">
          <space_before />
          <space_after />
          <text_data language="German">
            <text from_TM="False" rev_id="13" status="New" time="1222355938" />
            <marker end="0" id="0" start="0" />
          </text_data><text_data language="Spanish">
            <text from_TM="False" rev_id="-1" status="Complete" time="1222355861" />
            <marker end="0" id="0" start="0" />
          </text_data><text_data language="English">
            <text from_TM="False" status="Complete" time="1222355861" />
            <marker end="0" id="0" start="0" />
          </text_data><marker_def id="0" type="html">
            <html_marker tag="img">
              <attr name="src" val="images/exclaim.gif" />
              <attr name="alt" val="" />
              <attr name="width" val="32" />
              <attr name="height" val="32" />
              <attr name="vspace" val="2" />
              <attr name="align" val="left" />
            </html_marker>
          </marker_def>
        </ta_sentence><ta_sentence do_translation="yes" encoding="utf-8" format="1" id="1699" original_language="English">
          <space_before />
          <space_after />
          <text_data language="German">
            <text from_TM="False" rev_id="13" status="New" time="1222355938">The graphical index includes thumbnails for all most popular photo formats - including compressed formats such as JPG, TIF, PNG, GIF and RAW formats of most digital cameras - including CRW, NEF, RAF, ORF, MRW and DCR.</text>
          </text_data><text_data language="Spanish">
            <text from_TM="False" rev_id="11" status="Complete" time="1222354203">Spanish : cal index includes thumbnails for all most popular photo formats - including compressed formats such as JPG, TIF, PNG, GIF and RAW formats of most digital cameras - including CRW, NEF, RAF, ORF, MRW and DCR.</text>
          </text_data><text_data language="English">
            <text from_TM="False" rev_id="11" status="Complete" time="1222354203">The graphical index includes thumbnails for all most popular photo formats - including compressed formats such as JPG, TIF, PNG, GIF and RAW formats of most digital cameras - including CRW, NEF, RAF, ORF, MRW and DCR.</text>
          </text_data>
        </ta_sentence><ta_sentence do_translation="yes" encoding="utf-8" format="1" id="1700" original_language="English">
          <space_before />
          <space_after />
          <text_data language="German">
            <text from_TM="False" rev_id="13" status="New" time="1222355938">Archive internals</text>
          </text_data><text_data language="Spanish">
            <text from_TM="False" rev_id="11" status="Complete" time="1222354203">Spanish : ternals</text>
          </text_data><text_data language="English">
            <text from_TM="False" rev_id="11" status="Complete" time="1222354203">Archive internals</text>
          </text_data>
        </ta_sentence><ta_sentence do_translation="yes" encoding="utf-8" format="1" id="1701" original_language="English">
          <space_before> </space_before>
          <space_after />
          <text_data language="German">
            <text from_TM="False" rev_id="13" status="New" time="1222355938">Photo Backup keeps all files in their original formats.</text>
          </text_data><text_data language="Spanish">
            <text from_TM="False" rev_id="11" status="Complete" time="1222354203">Spanish : up keeps all files in their original formats.</text>
          </text_data><text_data language="English">
            <text from_TM="False" rev_id="11" status="Complete" time="1222354203">Photo Backup keeps all files in their original formats.</text>
          </text_data>
        </ta_sentence><ta_sentence do_translation="yes" encoding="utf-8" format="1" id="1702" original_language="English">
          <space_before> </space_before>
          <space_after />
          <text_data language="German">
            <text from_TM="False" rev_id="13" status="New" time="1222355938">If a file on the archive is damaged, all other files remain intact, and can be safely restored.</text>
          </text_data><text_data language="Spanish">
            <text from_TM="False" rev_id="11" status="Complete" time="1222354203">Spanish : on the archive is damaged, all other files remain intact, and can be safely restored.</text>
          </text_data><text_data language="English">
            <text from_TM="False" rev_id="11" status="Complete" time="1222354203">If a file on the archive is damaged, all other files remain intact, and can be safely restored.</text>
          </text_data>
        </ta_sentence><ta_sentence do_translation="yes" encoding="utf-8" format="1" id="1703" original_language="English">
          <space_before> </space_before>
          <space_after />
          <text_data language="German">
            <text from_TM="False" rev_id="13" status="New" time="1222355938">A robust scheduler can help you automate the archive by launching at prefetermined times or when there is new data to backup.</text>
          </text_data><text_data language="Spanish">
            <text from_TM="False" rev_id="11" status="Complete" time="1222354203">Spanish : cheduler can help you automate the archive by launching at prefetermined times or when there is new data to backup.</text>
          </text_data><text_data language="English">
            <text from_TM="False" rev_id="11" status="Complete" time="1222354203">A robust scheduler can help you automate the archive by launching at prefetermined times or when there is new data to backup.</text>
          </text_data>
        </ta_sentence><ta_sentence do_translation="yes" encoding="utf-8" format="1" id="1704" original_language="English">
          <space_before />
          <space_after />
          <text_data language="German">
            <text from_TM="False" rev_id="13" status="New" time="1222355938">Restore dialog</text>
            <marker end="14" id="0" start="0" />
          </text_data><text_data language="Spanish">
            <text from_TM="False" rev_id="11" status="Complete" time="1222354203">Spanish : alog</text>
            <marker end="14" id="0" start="0" />
          </text_data><text_data language="English">
            <text from_TM="False" rev_id="11" status="Complete" time="1222354203">Restore dialog</text>
            <marker end="14" id="0" start="0" />
          </text_data><marker_def id="0" type="html">
            <html_marker tag="img">
              <attr name="src" val="images/photobackup/restore.jpg" />
              <attr name="alt" val="Restore dialog" />
              <attr name="width" val="300" />
              <attr name="height" val="271" />
            </html_marker>
          </marker_def>
        </ta_sentence><ta_sentence do_translation="yes" encoding="utf-8" format="1" id="1705" original_language="English">
          <space_before />
          <space_after />
          <text_data language="German">
            <text from_TM="False" rev_id="13" status="New" time="1222355938">Restore from backup</text>
          </text_data><text_data language="Spanish">
            <text from_TM="False" rev_id="11" status="Complete" time="1222354203">Spanish : om backup</text>
          </text_data><text_data language="English">
            <text from_TM="False" rev_id="11" status="Complete" time="1222354203">Restore from backup</text>
          </text_data>
        </ta_sentence><ta_sentence do_translation="yes" encoding="utf-8" format="1" id="1706" original_language="English">
          <space_before />
          <space_after />
          <text_data language="German">
            <text from_TM="False" rev_id="13" status="New" time="1222355938">Restoring from backup very easy.</text>
          </text_data><text_data language="Spanish">
            <text from_TM="False" rev_id="11" status="Complete" time="1222354203">Spanish : from backup very easy.</text>
          </text_data><text_data language="English">
            <text from_TM="False" rev_id="11" status="Complete" time="1222354203">Restoring from backup very easy.</text>
          </text_data>
        </ta_sentence><ta_sentence do_translation="yes" encoding="utf-8" format="1" id="1707" original_language="English">
          <space_before> </space_before>
          <space_after />
          <text_data language="German">
            <text from_TM="False" rev_id="13" status="New" time="1222355938">Just insert a CD with backup to a drive and click RESTORE.</text>
          </text_data><text_data language="Spanish">
            <text from_TM="False" rev_id="11" status="Complete" time="1222354203">Spanish : t a CD with backup to a drive and click RESTORE.</text>
          </text_data><text_data language="English">
            <text from_TM="False" rev_id="11" status="Complete" time="1222354203">Just insert a CD with backup to a drive and click RESTORE.</text>
          </text_data>
        </ta_sentence><ta_sentence do_translation="yes" encoding="utf-8" format="1" id="1708" original_language="English">
          <space_before> </space_before>
          <space_after />
          <text_data language="German">
            <text from_TM="False" rev_id="13" status="New" time="1222355938">You can restore to the same computer or to other computers.</text>
          </text_data><text_data language="Spanish">
            <text from_TM="False" rev_id="11" status="Complete" time="1222354203">Spanish : store to the same computer or to other computers.</text>
          </text_data><text_data language="English">
            <text from_TM="False" rev_id="11" status="Complete" time="1222354203">You can restore to the same computer or to other computers.</text>
          </text_data>
        </ta_sentence><ta_sentence do_translation="yes" encoding="utf-8" format="1" id="1709" original_language="English">
          <space_before> </space_before>
          <space_after />
          <text_data language="German">
            <text from_TM="False" rev_id="13" status="New" time="1222355938">This way, you can create duplicates in other places.</text>
          </text_data><text_data language="Spanish">
            <text from_TM="False" rev_id="11" status="Complete" time="1222354203">Spanish : you can create duplicates in other places.</text>
          </text_data><text_data language="English">
            <text from_TM="False" rev_id="11" status="Complete" time="1222354203">This way, you can create duplicates in other places.</text>
          </text_data>
        </ta_sentence><ta_sentence do_translation="yes" encoding="utf-8" format="1" id="1710" original_language="English">
          <space_before />
          <space_after />
          <text_data language="German">
            <text from_TM="False" rev_id="13" status="New" time="1222355938">Try it for free</text>
          </text_data><text_data language="Spanish">
            <text from_TM="False" rev_id="11" status="Complete" time="1222354203">Spanish :  free</text>
          </text_data><text_data language="English">
            <text from_TM="False" rev_id="11" status="Complete" time="1222354203">Try it for free</text>
          </text_data>
        </ta_sentence><ta_sentence do_translation="yes" encoding="utf-8" format="1" id="1711" original_language="English">
          <space_before />
          <space_after />
          <text_data language="German">
            <text from_TM="False" rev_id="13" status="New" time="1222355938">Download now and find out for yourself.</text>
          </text_data><text_data language="Spanish">
            <text from_TM="False" rev_id="11" status="Complete" time="1222354203">Spanish : ow and find out for yourself.</text>
          </text_data><text_data language="English">
            <text from_TM="False" rev_id="11" status="Complete" time="1222354203">Download now and find out for yourself.</text>
          </text_data>
        </ta_sentence><ta_sentence do_translation="yes" encoding="utf-8" format="1" id="1712" original_language="English">
          <space_before> </space_before>
          <space_after />
          <text_data language="German">
            <text from_TM="False" rev_id="13" status="New" time="1222355938">Get your FREE evaluation version and start using it.</text>
            <marker end="32" id="0" start="0" />
          </text_data><text_data language="Spanish">
            <text from_TM="False" rev_id="11" status="Complete" time="1222354203">Spanish : REE evaluation version and start using it.</text>
            <marker end="32" id="0" start="0" />
          </text_data><text_data language="English">
            <text from_TM="False" rev_id="11" status="Complete" time="1222354203">Get your FREE evaluation version and start using it.</text>
            <marker end="32" id="0" start="0" />
          </text_data><marker_def id="0" type="html">
            <html_marker tag="a">
              <attr name="href" val="download.htm" />
            </html_marker>
          </marker_def>
        </ta_sentence><ta_sentence do_translation="yes" encoding="utf-8" format="1" id="1713" original_language="English">
          <space_before> </space_before>
          <space_after />
          <text_data language="German">
            <text from_TM="False" rev_id="13" status="New" time="1222355938">The evaluation version is fully functional.</text>
          </text_data><text_data language="Spanish">
            <text from_TM="False" rev_id="11" status="Complete" time="1222354203">Spanish : tion version is fully functional.</text>
          </text_data><text_data language="English">
            <text from_TM="False" rev_id="11" status="Complete" time="1222354203">The evaluation version is fully functional.</text>
          </text_data>
        </ta_sentence><ta_sentence do_translation="yes" encoding="utf-8" format="1" id="1714" original_language="English">
          <space_before> </space_before>
          <space_after />
          <text_data language="German">
            <text from_TM="False" rev_id="13" status="New" time="1222355938">You can use it to make full backup, with no limitation on size, folders or spanned CDs.</text>
          </text_data><text_data language="Spanish">
            <text from_TM="False" rev_id="11" status="Complete" time="1222354203">Spanish : e it to make full backup, with no limitation on size, folders or spanned CDs.</text>
          </text_data><text_data language="English">
            <text from_TM="False" rev_id="11" status="Complete" time="1222354203">You can use it to make full backup, with no limitation on size, folders or spanned CDs.</text>
          </text_data>
        </ta_sentence><ta_sentence do_translation="yes" encoding="utf-8" format="1" id="1715" original_language="English">
          <space_before />
          <space_after />
          <text_data language="German">
            <text from_TM="False" rev_id="13" status="New" time="1222355938">Products&#160;&#160; - &#160;&#160;Passport Photo&#160;&#160; - &#160;&#160;Photo Backup&#160;&#160; - &#160;&#160;Shrink Pic&#160;&#160; - &#160;&#160;Resources&#160;&#160; - &#160;&#160;Partners&#160;&#160; - &#160;&#160;Blog</text>
            <marker end="8" id="0" start="0" />
            <marker end="29" id="1" start="15" />
            <marker end="48" id="2" start="36" />
            <marker end="65" id="3" start="55" />
            <marker end="81" id="4" start="72" />
            <marker end="96" id="5" start="88" />
            <marker end="107" id="6" start="103" />
          </text_data><text_data language="Spanish">
            <text from_TM="False" rev_id="11" status="Complete" time="1222354203">Spanish :  - &#160;&#160;Passport Photo&#160;&#160; - &#160;&#160;Photo Backup&#160;&#160; - &#160;&#160;Shrink Pic&#160;&#160; - &#160;&#160;Resources&#160;&#160; - &#160;&#160;Partners&#160;&#160; - &#160;&#160;Blog</text>
            <marker end="8" id="0" start="0" />
            <marker end="29" id="1" start="15" />
            <marker end="48" id="2" start="36" />
            <marker end="65" id="3" start="55" />
            <marker end="81" id="4" start="72" />
            <marker end="96" id="5" start="88" />
            <marker end="107" id="6" start="103" />
          </text_data><text_data language="English">
            <text from_TM="False" rev_id="11" status="Complete" time="1222354203">Products&#160;&#160; - &#160;&#160;Passport Photo&#160;&#160; - &#160;&#160;Photo Backup&#160;&#160; - &#160;&#160;Shrink Pic&#160;&#160; - &#160;&#160;Resources&#160;&#160; - &#160;&#160;Partners&#160;&#160; - &#160;&#160;Blog</text>
            <marker end="8" id="0" start="0" />
            <marker end="29" id="1" start="15" />
            <marker end="48" id="2" start="36" />
            <marker end="65" id="3" start="55" />
            <marker end="81" id="4" start="72" />
            <marker end="96" id="5" start="88" />
            <marker end="107" id="6" start="103" />
          </text_data><marker_def id="0" type="html">
            <html_marker tag="a">
              <attr name="href" val="./" />
            </html_marker>
          </marker_def><marker_def id="1" type="html">
            <html_marker tag="a">
              <attr name="href" val="passport_photo.htm" />
            </html_marker>
          </marker_def><marker_def id="2" type="html">
            <html_marker tag="a">
              <attr name="href" val="photo_backup.htm" />
            </html_marker>
          </marker_def><marker_def id="3" type="html">
            <html_marker tag="a">
              <attr name="href" val="shrink_pic.htm" />
            </html_marker>
          </marker_def><marker_def id="4" type="html">
            <html_marker tag="a">
              <attr name="href" val="links_nav.htm" />
            </html_marker>
          </marker_def><marker_def id="5" type="html">
            <html_marker tag="a">
              <attr name="href" val="partners.htm" />
            </html_marker>
          </marker_def><marker_def id="6" type="html">
            <html_marker tag="a">
              <attr name="href" val="blog/" />
            </html_marker>
          </marker_def>
        </ta_sentence><ta_sentence do_translation="yes" encoding="utf-8" format="1" id="1716" original_language="English">
          <space_before />
          <space_after />
          <text_data language="German">
            <text from_TM="False" rev_id="13" status="New" time="1222355938">This website has been translated using ICanLocalize - Affordable Website Translation</text>
            <marker end="-1" id="0" start="0" />
            <marker end="84" id="1" start="39" />
            <marker end="-1" id="0" start="0" />
          </text_data><text_data language="Spanish">
            <text from_TM="False" rev_id="11" status="Complete" time="1222354203">Spanish : te has been translated using ICanLocalize - Affordable Website Translation</text>
            <marker end="-1" id="0" start="0" />
            <marker end="84" id="1" start="39" />
            <marker end="-1" id="0" start="0" />
          </text_data><text_data language="English">
            <text from_TM="False" rev_id="11" status="Complete" time="1222354203">This website has been translated using ICanLocalize - Affordable Website Translation</text>
            <marker end="-1" id="0" start="0" />
            <marker end="84" id="1" start="39" />
            <marker end="-1" id="0" start="0" />
          </text_data><marker_def id="0" type="html">
            <html_marker tag="span">
              <attr name="class" val="copyright" />
            </html_marker>
          </marker_def><marker_def id="1" type="html">
            <html_marker tag="a">
              <attr name="target" val="_blank" />
              <attr name="href" val="http://www.icanlocalize.com" />
            </html_marker>
          </marker_def>
        </ta_sentence><ta_sentence do_translation="yes" encoding="utf-8" format="1" id="1717" original_language="English">
          <space_before />
          <space_after />
          <text_data language="German">
            <text from_TM="False" rev_id="13" status="New" time="1222355938">&#169; OnTheGoSystems,INC. 2003-2008</text>
            <marker end="21" id="0" start="2" />
            <marker end="31" id="-1" start="-1" />
          </text_data><text_data language="Spanish">
            <text from_TM="False" rev_id="11" status="Complete" time="1222354203">Spanish : ystems,INC. 2003-2008</text>
            <marker end="21" id="0" start="2" />
            <marker end="31" id="-1" start="-1" />
          </text_data><text_data language="English">
            <text from_TM="False" rev_id="11" status="Complete" time="1222354203">&#169; OnTheGoSystems,INC. 2003-2008</text>
            <marker end="21" id="0" start="2" />
            <marker end="31" id="-1" start="-1" />
          </text_data><marker_def id="0" type="html">
            <html_marker tag="a">
              <attr name="href" val="http://www.onthegosystems.com/" />
              <attr name="target" val="_blank" />
            </html_marker>
          </marker_def><marker_def id="-1" type="html">
            <html_marker tag="span" />
          </marker_def>
        </ta_sentence>
      </sentences><html_output_change_data_3 />
    </translation>
  </ta_buffer><ta_buffer encoding="utf-8" format="1" manual="False" original_language="English" source_file="/benefits.htm" type="html">
    <extractor>
      <marked_file MD5="1659fe31da3ec4d04905c88bd1863210" encoding="zlib-hex">789ccd5b6d73db3612fe9ccef43fa0cc34d74e2dc976de9ab3a48e2cd98def92d8672bf5f493062221123509b0006847fdd0df7ebb00289112253b71af278f47164970b1effb005877bf199d0fc7bf5e9c90b7e3f7efc8c5c7e377674312b43a9debe7c34e67341eb9072fdafb0764aca8d0dc702968dae99c7c08fa5f7fd54d4c96c25f42ba09a391fd06df0d3729ebfff9147fc683c9f86cfceee4e945228d24c734bc29723263d4148a691cf167b7e35ef06f67cc50921893b7d8ef05bfed0543290c13a6359ee72c20a1bbea05867d321d64e0888409559a991ece86df277031c9a8ba61ea6950d24db9b8218962b35ea0cd3c65ba1d6a1d10c5d2f246c298098881693c751c00af5b013b5e427b3195d17c212d9da68cdcf1c824bde0f5abfd804ca58a98ea05f095a63c16bd20048e9902e6599ae6348ab888ed63bcd6390dfdb5270944bf69b58891399952219822f9944c59cc0569b53c0bcd3f5da3fa64f3631c109184f1380105be4465e2f4c27e9fc6702581eda78707af5f0e4681b360976731d12aec053ca331d39d695a3060ad1df319ca0784cec538613fcb2b3903f55515b19ca95f5a3aea6fe1be03ec6f15ae81c9fbc4ed936ec46f570c01373b70b77f0f438e40977ab76977aa3aa958b9aa1e9dd1349ddcb1e93d0a3aa82ae8d5e14243f4814c3d685083e44e00b43a0953aa752f1883ab8f651ef4ab21daede010cfd454b9d7b6cd67e7ac9235348690634056c919d3da660e32e23137f0b7960e6044ac68466652916b2e2279a76bf37f86ad1eeb615f1a3e5b82652a8d91d9df172f0dc98389c8a58e278b8782def298623eafa616d44055c8c3952471ebbdc9c914347a583d23bef8f15119b16b454496bc5b654c14308166290b0d8b4ac5576314dc292a42a33198aa7a5ca7b2fa36789e48258dda505782fec85f7d01a1693177348e8bf9e7bf8d358e86c65118ba8bcfa7a28b3c97ca53b972176b54d085e0032dd6afc49977ad266fa9f8920b97272e2eaac150778183fdfd6f6b3eb062e4552740da0be225759f54648e49256533731d94d1de3c063ce4faf89e3142c2a81d1aa330ea2a63bc199ef868f756720fcb67752b942a0f4aca39ffc4d2037b7b49b83e16534f19d8c048150a9cda1fac978fb0e8aba094c1272734df3d09e81e7e6060bea194b58e651a2d9200e162263714b345a4e4588c26535b8c6cb8d4e87da0b7abb5916ea1359dd4b2c83aa932ad6c25236f99bae5ec6e038d73ffb846e3ebaf9a8b50c214ab949f5f6541a862046f2f48e305bce70bcfba66d164cb9c7beaf1fbc3148b885a6f10c4e725169153a9325a4dda0df4406ac4119b88fde21f93b75c1ba9e6db0d5531fa24651b480ea6b23075b4f2eee4e1741396e61d4034ec13d24f9b2c2930f0c97b2a0a9a6e250c6042c69d9f34d80084e451ef6503b90fec4e130a297a20842c44c8a038ac2815b37efe800882f5160f01aa15fa7e437b71adec9bac335061c26f591d026eb7b7543115fc0fb69db0b3ceb91fabb652f48cd222e27203396fe6010e21c3d1760e337ac3260b0337503bc367e4e413782424c3876490309a4c0b2560f40692c311397603bec8ae1f359b15a94d8c1871e04bf75937ca282ea9518089301bb83a11502150c4d1fb01792f23d6cc5c431d7900065c079ecbfaf5e2c78de85bca1bdc069814ba9d8bd8e7bf637f9798846b92c3c88534114b79c865a1ab00dcae2b4aad804eec8e81903399a6f22ef02ac20d8b7f763a40a08d14da85eee4529b9f0a95f6f0d9b7cf07df1e9ec2efdddd5d1b105dc262a96101d00e650677a74cb01937d6c39fd12c3fb25b223debd93f389ff9a1dc340988a12a6620c9649a5271d3e4c2a58852d48d5ae1af0e05eb4030ef3f13539d1fa1cdd6f0e06af55e02c22698f2c5b0e4e59bd79b61c9c1e9ebd3378fc3996ba8c428cad335587258c7250b947b58676e53c8c1c2da5aa4b640792b331b1d4ec9cf6273e4d5bd1190ace18fd5571b2bf21a925f95104ce7e55b03dce5ba14555a13b49b1c38614feb9b7870dbbdbdba27d6689685190e1bcc54d19f3650cca88adca2e0497d0f68343a39b1e8d43e733b00a5e37a04edef7aeb182545dc3f854023735928722721466610c6a036f7acba387ab204e015f5d428ae669c3061a18dbc0ade5a6ef9bc5e2ef10f5e05ab7355e8be932135cc33e96a9f2deaa162f6bef38cdde07558e309de3709d1346364c6c1072cf6b3bc43be040720a06780e5e037281c628bdd90e2df8ce51a032484a439ab2a7e8fb05b26089f41bd607392013287b48a172401c724910250b31b425cf12c079dfb52ad9d2d18d57358c31357afe0de1fc0f5367e1f1f6083026a3445504f1de6dbb1f03a07c01d42a5bfa9396dc47548307b22b2da0d46edf14bac689e58246e712689012b280aeb9bdde071a94ca805c0154367930a403eeef74a85849912e00e24c5b4c64b4cf2ff66fc524e0b6d8806725191b2adea7c7c4c5c318c059b0915338ab39d8b8a0b79c714ae0cb463d5244a167182eb5f4c763e947783d7815254c46c511bc310e0052e3ec0f7f45c1b96f97a03e93bb2e5091c7197aae60966e5d211c84cc9acaa64d2226088744e689949ff6ae76c78a7e6ae0e6fcae59a7aa75cf5a34879c6b1c088229b02aa80927dcb952920e3d0745a647a37f83c56f24e3b24040069ee7d728f0c47ce2d5d7a047e77835d5fb7b1d680ef39b04972c585c17d90ff6d7e3c2e786a5a5c107f6c610f03ad784e7d3be6817edf12524f9ac2a230cba1f869f047c7b145bd3bc8e8e5e0baca21f96e7879bd473e9c9ceec123f838bf848ff7786f34bcfc7e3704184a71cb50004716337c46c59ce4322f52aa88dbc50259fe75f1f31ef9f90c24b8f800df2e46f0cd1323a4dd6e6f95e7f10e3c1c910e19fd3222d3726f6ea71cf63f054034886ae40e4a8d2c3440118d89d3652763f73a2d3e012176c479dfc22092032a411b8b90018b25875690eda0edefe3f3148a752d7161b0652ce2749752c1fb2235bca55d2f86d5231790e4f18400eae62ea1a345d21252b44e449c729d941b08762f01b71604cdb66bf62f58c87a3806ce07e2a1a2762caadde60b00c9a81011853aed01a476e513cd4bb12c693a6366be1b3c9f45a0473e9bfbb5509e5208ec88e21c910f1a2e766fc97115d2326870158e116e77895879b4737f003dde21cf0b63774471be1056af32c32db5b2b763a75c7389d1678a3152e4b1a291df0bf41cef06a3575989e1105698841a1252859cdab35f30f2379b18ad1e78b8eb95f60ecfccf3b55df4c5dbf95afb54733352b30aecfad7395ea77ea08d47449543afa1dda1c1537eacf425e9dac176736be2c16bbcc0ed79d60b5e8014fe6badababd42e362fe67d946b215fed28e04df524e0607b33d88ba6f658ef1b8deb58ec0c198d369ec41cf3f8127b174652fcc310436f60f505e1bb4088044f032297370dd97024eac7ae535f9e536cec0459347eb8399fd43ba2615a8c13d4e19e8d11a3e6c8083ec03ca3593a6b6f60879031644ba3389471df2241b8f65b08fed830b24423c9348aafb0b71a7c013dbe4246b1189299b29b746e32dbc17d75fcf469a99107454169ffd546a6af1f7f46d8dcf654ed51f46fbb93626caea8b68175973d934b961747803329c111d77bad1bdb1c2b47c2cdbd87fe8cce7e9216a95e2e9d0478c554e83a1cfc599fbfe7a2738d52d9f1b989e243cf0eb7f2a51358f6df4c721efafe417b4d2e78f8500ad86faf2782de3a02974c831787ec3334a30c007c5deac45d3df46ddb2b13f48fe14fad0fa1ab43c573e392a83fb4c723f958ca38652dc079e9dcf050e3b97ca740fc21dabfe9da7f05fc466fa9a3826ee5be2de86e18372968181ad223c1c741ebe5ab176ff65fb60e822337c1184f9d98faeefba305b9f51c16ca7ceedb03c7d8b770c7a61aaa2b49a8067f6502cfae844eeda94ba1111f802e561b056abd0a2836075083bbf229ff83a1c841ff6c48c53b7f07943b9841028a6c0ebff6338efd44b67164b58fe519f279441676a8cc55763dd8ed59a7e0b556867ed91bed06ed9d7d18b6711272b8bfffbc051f3f363486572277d18b80e1edff4ba3dbf1ffa6f25fd7b4d367</marked_file>
      <paragraph_indexes count="104">94 130 544 620 820 910 1013 1059 1068 1187 1357 1436 1734 1764 1796 1837 1869 1899 1931 1969 2001 2039 2752 2800 2809 2876 2885 2947 2956 3015 3026 3093 3098 3145 3154 3225 3234 3301 3310 3389 3398 3478 3487 3566 3586 3634 3643 3721 3730 3803 3812 3883 3892 3966 3975 4038 4058 4112 4121 4195 4299 4381 4399 4581 4590 4610 4941 5083 5178 5191 5355 5396 5437 5504 5525 5568 5609 5676 5697 5766 5807 5874 5895 5963 6004 6071 6092 6139 6220 6259 6300 6367 6388 6428 6469 6536 6557 6592 6633 6700 6721 6777 6818 6885 6906 6927 7008 7049 7090 7157 7178 7221 7262 7329 7350 7414 7455 7522 7543 7596 7695 7732 7773 7840 7861 7900 7941 8008 8029 8075 8116 8183 8204 8239 8320 8374 8415 8482 8503 8543 8584 8651 8672 8736 8777 8844 8865 8944 9025 9063 9104 9171 9192 9244 9285 9352 9373 9412 9453 9520 9541 9578 9619 9686 9707 9748 9789 9856 9877 9924 10005 10045 10086 10153 10174 10225 10266 10333 10354 10408 10449 10516 10537 10581 10662 10712 10753 10820 10841 10881 10922 10989 11010 11050 11181 11339 11479 11555 11564 11698 11707 11807 12098 12523 12699 12870 12879 12988 </paragraph_indexes>
      <support_files>
        <file type="todo">images/bluebottom.gif</file>
        <file type="todo">images/bluetop.gif</file>
        <file type="todo">images/bookmark_us.png</file>
        <file type="todo">images/bottomwhite.gif</file>
        <file type="todo">images/bottomwhite2.gif</file>
        <file type="todo">images/checkmark.gif</file>
        <file type="todo">images/here.gif</file>
        <file type="todo">images/menutabA1.gif</file>
        <file type="todo">images/menutabB1.gif</file>
        <file type="todo">images/photobackup/1bckgrnd.gif</file>
        <file type="todo">images/photobackup/2bckgrnd.gif</file>
        <file type="todo">images/photobackup/3bckgrnd.gif</file>
        <file type="todo">images/photobackup/photo_backup_large.png</file>
        <file type="todo">images/small_web.gif</file>
        <file type="todo">images/topline1.gif</file>
        <file type="todo">images/topline2.gif</file>
        <file type="todo">images/topline2WB.gif</file>
        <file type="todo">images/toplineL.gif</file>
        <file type="todo">images/toplineLW.gif</file>
        <file type="todo">images/toplineR.gif</file>
        <file type="todo">images/topwhite2.gif</file>
        <file type="todo">styles.css</file>
      </support_files>
    </extractor><translation>
      <languages>
        <language reviewed="False">Spanish</language>
        <language reviewed="False">German</language>
      </languages><sentences count="104">
        <ta_sentence do_translation="yes" encoding="utf-8" format="1" id="957" original_language="English" type="title">
          <space_before />
          <space_after />
          <text_data language="German">
            <text from_TM="False" rev_id="13" status="New" time="1222355938">Photo Backup features</text>
          </text_data><text_data language="Spanish">
            <text from_TM="False" rev_id="11" status="Complete" time="1222354203">Spanish : up features</text>
          </text_data><text_data language="English">
            <text from_TM="False" rev_id="11" status="Complete" time="1222354203">Photo Backup features</text>
          </text_data>
        </ta_sentence><ta_sentence do_translation="yes" encoding="utf-8" format="1" id="958" original_language="English">
          <space_before />
          <space_after />
          <text_data language="German">
            <text from_TM="False" rev_id="13" status="New" time="1222355938">OnTheGoSoft</text>
            <marker end="11" id="0" start="0" />
          </text_data><text_data language="Spanish">
            <text from_TM="False" rev_id="11" status="Complete" time="1222354203">Spanish : t</text>
            <marker end="11" id="0" start="0" />
          </text_data><text_data language="English">
            <text from_TM="False" rev_id="11" status="Complete" time="1222354203">OnTheGoSoft</text>
            <marker end="11" id="0" start="0" />
          </text_data><marker_def id="0" type="html">
            <html_marker tag="img">
              <attr name="src" val="images/bluetop.gif" />
              <attr name="alt" val="OnTheGoSoft" />
              <attr name="width" val="760" />
              <attr name="height" val="5" />
            </html_marker>
          </marker_def>
        </ta_sentence><ta_sentence do_translation="yes" encoding="utf-8" format="1" id="959" original_language="English">
          <space_before />
          <space_after />
          <text_data language="German">
            <text from_TM="False" rev_id="13" status="New" time="1222355938">OnTheGoSoft</text>
            <marker end="11" id="0" start="0" />
          </text_data><text_data language="Spanish">
            <text from_TM="False" rev_id="11" status="Complete" time="1222354203">Spanish : t</text>
            <marker end="11" id="0" start="0" />
          </text_data><text_data language="English">
            <text from_TM="False" rev_id="11" status="Complete" time="1222354203">OnTheGoSoft</text>
            <marker end="11" id="0" start="0" />
          </text_data><marker_def id="0" type="html">
            <html_marker tag="img">
              <attr name="border" val="0" />
              <attr name="src" val="images/small_web.gif" />
              <attr name="alt" val="OnTheGoSoft" />
              <attr name="width" val="160" />
              <attr name="height" val="62" />
            </html_marker>
          </marker_def>
        </ta_sentence><ta_sentence do_translation="yes" encoding="utf-8" format="1" id="960" original_language="English">
          <space_before />
          <space_after />
          <text_data language="German">
            <text from_TM="False" rev_id="13" status="New" time="1222355938">Photo Backup</text>
            <marker end="12" id="0" start="0" />
          </text_data><text_data language="Spanish">
            <text from_TM="False" rev_id="11" status="Complete" time="1222354203">Spanish : up</text>
            <marker end="12" id="0" start="0" />
          </text_data><text_data language="English">
            <text from_TM="False" rev_id="11" status="Complete" time="1222354203">Photo Backup</text>
            <marker end="12" id="0" start="0" />
          </text_data><marker_def id="0" type="html">
            <html_marker tag="span">
              <attr name="class" val="TextTop" />
            </html_marker>
          </marker_def>
        </ta_sentence><ta_sentence do_translation="yes" encoding="utf-8" format="1" id="961" original_language="English">
          <space_before> </space_before>
          <space_after />
          <text_data language="German">
            <text from_TM="False" rev_id="13" status="New" time="1222355938">Professional Digital Photo Backup Program for Windows</text>
            <marker end="53" id="0" start="0" />
          </text_data><text_data language="Spanish">
            <text from_TM="False" rev_id="11" status="Complete" time="1222354203">Spanish : al Digital Photo Backup Program for Windows</text>
            <marker end="53" id="0" start="0" />
          </text_data><text_data language="English">
            <text from_TM="False" rev_id="11" status="Complete" time="1222354203">Professional Digital Photo Backup Program for Windows</text>
            <marker end="53" id="0" start="0" />
          </text_data><marker_def id="0" type="html">
            <html_marker tag="span">
              <attr name="class" val="tagline" />
            </html_marker>
          </marker_def>
        </ta_sentence><ta_sentence do_translation="yes" encoding="utf-8" format="1" id="962" original_language="English">
          <space_before />
          <space_after />
          <text_data language="German">
            <text from_TM="False" rev_id="13" status="New" time="1222355938">OnTheGoSoft</text>
            <marker end="11" id="0" start="0" />
          </text_data><text_data language="Spanish">
            <text from_TM="False" rev_id="11" status="Complete" time="1222354203">Spanish : t</text>
            <marker end="11" id="0" start="0" />
          </text_data><text_data language="English">
            <text from_TM="False" rev_id="11" status="Complete" time="1222354203">OnTheGoSoft</text>
            <marker end="11" id="0" start="0" />
          </text_data><marker_def id="0" type="html">
            <html_marker tag="img">
              <attr name="src" val="images/bluebottom.gif" />
              <attr name="alt" val="OnTheGoSoft" />
              <attr name="width" val="760" />
              <attr name="height" val="5" />
            </html_marker>
          </marker_def>
        </ta_sentence><ta_sentence do_translation="yes" encoding="utf-8" format="1" id="963" original_language="English">
          <space_before />
          <space_after />
          <text_data language="German">
            <text from_TM="False" rev_id="13" status="New" time="1222355938">Products</text>
            <marker end="8" id="0" start="0" />
          </text_data><text_data language="Spanish">
            <text from_TM="False" rev_id="11" status="Complete" time="1222354203">Spanish : </text>
            <marker end="8" id="0" start="0" />
          </text_data><text_data language="English">
            <text from_TM="False" rev_id="11" status="Complete" time="1222354203">Products</text>
            <marker end="8" id="0" start="0" />
          </text_data><marker_def id="0" type="html">
            <html_marker tag="a">
              <attr name="href" val="./" />
            </html_marker>
          </marker_def>
        </ta_sentence><ta_sentence do_translation="yes" encoding="utf-8" format="1" id="964" original_language="English">
          <space_before />
          <space_after />
          <text_data language="German">
            <text from_TM="False" rev_id="13" status="New" time="1222355938">Downloads</text>
            <marker end="9" id="0" start="0" />
          </text_data><text_data language="Spanish">
            <text from_TM="False" rev_id="11" status="Complete" time="1222354203">Spanish : </text>
            <marker end="9" id="0" start="0" />
          </text_data><text_data language="English">
            <text from_TM="False" rev_id="11" status="Complete" time="1222354203">Downloads</text>
            <marker end="9" id="0" start="0" />
          </text_data><marker_def id="0" type="html">
            <html_marker tag="a">
              <attr name="href" val="download.htm" />
            </html_marker>
          </marker_def>
        </ta_sentence><ta_sentence do_translation="yes" encoding="utf-8" format="1" id="965" original_language="English">
          <space_before />
          <space_after />
          <text_data language="German">
            <text from_TM="False" rev_id="13" status="New" time="1222355938">Buy</text>
            <marker end="3" id="0" start="0" />
          </text_data><text_data language="Spanish">
            <text from_TM="False" rev_id="11" status="Complete" time="1222354203">Spanish : </text>
            <marker end="3" id="0" start="0" />
          </text_data><text_data language="English">
            <text from_TM="False" rev_id="11" status="Complete" time="1222354203">Buy</text>
            <marker end="3" id="0" start="0" />
          </text_data><marker_def id="0" type="html">
            <html_marker tag="a">
              <attr name="href" val="buy.htm" />
            </html_marker>
          </marker_def>
        </ta_sentence><ta_sentence do_translation="yes" encoding="utf-8" format="1" id="966" original_language="English">
          <space_before />
          <space_after />
          <text_data language="German">
            <text from_TM="False" rev_id="13" status="New" time="1222355938">Contact</text>
            <marker end="7" id="0" start="0" />
          </text_data><text_data language="Spanish">
            <text from_TM="False" rev_id="11" status="Complete" time="1222354203">Spanish : </text>
            <marker end="7" id="0" start="0" />
          </text_data><text_data language="English">
            <text from_TM="False" rev_id="11" status="Complete" time="1222354203">Contact</text>
            <marker end="7" id="0" start="0" />
          </text_data><marker_def id="0" type="html">
            <html_marker tag="a">
              <attr name="href" val="contact.htm" />
            </html_marker>
          </marker_def>
        </ta_sentence><ta_sentence do_translation="yes" encoding="utf-8" format="1" id="967" original_language="English">
          <space_before />
          <space_after />
          <text_data language="German">
            <text from_TM="False" rev_id="13" status="New" time="1222355938">Support</text>
            <marker end="7" id="0" start="0" />
          </text_data><text_data language="Spanish">
            <text from_TM="False" rev_id="11" status="Complete" time="1222354203">Spanish : </text>
            <marker end="7" id="0" start="0" />
          </text_data><text_data language="English">
            <text from_TM="False" rev_id="11" status="Complete" time="1222354203">Support</text>
            <marker end="7" id="0" start="0" />
          </text_data><marker_def id="0" type="html">
            <html_marker tag="a">
              <attr name="href" val="support.htm" />
            </html_marker>
          </marker_def>
        </ta_sentence><ta_sentence do_translation="yes" encoding="utf-8" format="1" id="968" original_language="English">
          <space_before />
          <space_after />
          <text_data language="German">
            <text from_TM="False" rev_id="13" status="New" time="1222355938">Product info</text>
            <marker end="12" id="0" start="0" />
          </text_data><text_data language="Spanish">
            <text from_TM="False" rev_id="11" status="Complete" time="1222354203">Spanish : fo</text>
            <marker end="12" id="0" start="0" />
          </text_data><text_data language="English">
            <text from_TM="False" rev_id="11" status="Complete" time="1222354203">Product info</text>
            <marker end="12" id="0" start="0" />
          </text_data><marker_def id="0" type="html">
            <html_marker tag="span">
              <attr name="class" val="Text-Bold" />
            </html_marker>
          </marker_def>
        </ta_sentence><ta_sentence do_translation="yes" encoding="utf-8" format="1" id="969" original_language="English">
          <space_before> </space_before>
          <space_after />
          <text_data language="German">
            <text from_TM="False" rev_id="13" status="New" time="1222355938">Photo Backup</text>
            <marker end="12" id="0" start="0" />
          </text_data><text_data language="Spanish">
            <text from_TM="False" rev_id="11" status="Complete" time="1222354203">Spanish : up</text>
            <marker end="12" id="0" start="0" />
          </text_data><text_data language="English">
            <text from_TM="False" rev_id="11" status="Complete" time="1222354203">Photo Backup</text>
            <marker end="12" id="0" start="0" />
          </text_data><marker_def id="0" type="html">
            <html_marker tag="a">
              <attr name="href" val="photo_backup.htm" />
              <attr name="class" val="Text-Nav" />
            </html_marker>
          </marker_def>
        </ta_sentence><ta_sentence do_translation="yes" encoding="utf-8" format="1" id="970" original_language="English">
          <space_before> </space_before>
          <space_after />
          <text_data language="German">
            <text from_TM="False" rev_id="13" status="New" time="1222355938">Download</text>
            <marker end="8" id="0" start="0" />
          </text_data><text_data language="Spanish">
            <text from_TM="False" rev_id="11" status="Complete" time="1222354203">Spanish : </text>
            <marker end="8" id="0" start="0" />
          </text_data><text_data language="English">
            <text from_TM="False" rev_id="11" status="Complete" time="1222354203">Download</text>
            <marker end="8" id="0" start="0" />
          </text_data><marker_def id="0" type="html">
            <html_marker tag="a">
              <attr name="href" val="pb_download.htm" />
              <attr name="class" val="Text-Nav" />
            </html_marker>
          </marker_def>
        </ta_sentence><ta_sentence do_translation="yes" encoding="utf-8" format="1" id="971" original_language="English">
          <space_before> </space_before>
          <space_after />
          <text_data language="German">
            <text from_TM="False" rev_id="13" status="New" time="1222355938">Overview</text>
            <marker end="8" id="0" start="0" />
          </text_data><text_data language="Spanish">
            <text from_TM="False" rev_id="11" status="Complete" time="1222354203">Spanish : </text>
            <marker end="8" id="0" start="0" />
          </text_data><text_data language="English">
            <text from_TM="False" rev_id="11" status="Complete" time="1222354203">Overview</text>
            <marker end="8" id="0" start="0" />
          </text_data><marker_def id="0" type="html">
            <html_marker tag="a">
              <attr name="href" val="overview.htm" />
              <attr name="class" val="Text-Nav" />
            </html_marker>
          </marker_def>
        </ta_sentence><ta_sentence do_translation="yes" encoding="utf-8" format="1" id="972" original_language="English">
          <space_before />
          <space_after />
          <text_data language="German">
            <text from_TM="False" rev_id="13" status="New" time="1222355938">You are here</text>
            <marker end="12" id="0" start="0" />
          </text_data><text_data language="Spanish">
            <text from_TM="False" rev_id="11" status="Complete" time="1222354203">Spanish : re</text>
            <marker end="12" id="0" start="0" />
          </text_data><text_data language="English">
            <text from_TM="False" rev_id="11" status="Complete" time="1222354203">You are here</text>
            <marker end="12" id="0" start="0" />
          </text_data><marker_def id="0" type="html">
            <html_marker tag="img">
              <attr name="src" val="images/here.gif" />
              <attr name="alt" val="You are here" />
              <attr name="class" val="hereimg" />
            </html_marker>
          </marker_def>
        </ta_sentence><ta_sentence do_translation="yes" encoding="utf-8" format="1" id="973" original_language="English">
          <space_before />
          <space_after />
          <text_data language="German">
            <text from_TM="False" rev_id="13" status="New" time="1222355938">Features</text>
            <marker end="8" id="0" start="0" />
          </text_data><text_data language="Spanish">
            <text from_TM="False" rev_id="11" status="Complete" time="1222354203">Spanish : </text>
            <marker end="8" id="0" start="0" />
          </text_data><text_data language="English">
            <text from_TM="False" rev_id="11" status="Complete" time="1222354203">Features</text>
            <marker end="8" id="0" start="0" />
          </text_data><marker_def id="0" type="html">
            <html_marker tag="span">
              <attr name="class" val="leftselected" />
            </html_marker>
          </marker_def>
        </ta_sentence><ta_sentence do_translation="yes" encoding="utf-8" format="1" id="974" original_language="English">
          <space_before> </space_before>
          <space_after />
          <text_data language="German">
            <text from_TM="False" rev_id="13" status="New" time="1222355938">Supported Formats</text>
            <marker end="17" id="0" start="0" />
          </text_data><text_data language="Spanish">
            <text from_TM="False" rev_id="11" status="Complete" time="1222354203">Spanish : Formats</text>
            <marker end="17" id="0" start="0" />
          </text_data><text_data language="English">
            <text from_TM="False" rev_id="11" status="Complete" time="1222354203">Supported Formats</text>
            <marker end="17" id="0" start="0" />
          </text_data><marker_def id="0" type="html">
            <html_marker tag="a">
              <attr name="href" val="photo_types.htm" />
              <attr name="class" val="Text-Nav" />
            </html_marker>
          </marker_def>
        </ta_sentence><ta_sentence do_translation="yes" encoding="utf-8" format="1" id="975" original_language="English">
          <space_before> </space_before>
          <space_after />
          <text_data language="German">
            <text from_TM="False" rev_id="13" status="New" time="1222355938">Versions History</text>
            <marker end="16" id="0" start="0" />
          </text_data><text_data language="Spanish">
            <text from_TM="False" rev_id="11" status="Complete" time="1222354203">Spanish : istory</text>
            <marker end="16" id="0" start="0" />
          </text_data><text_data language="English">
            <text from_TM="False" rev_id="11" status="Complete" time="1222354203">Versions History</text>
            <marker end="16" id="0" start="0" />
          </text_data><marker_def id="0" type="html">
            <html_marker tag="a">
              <attr name="href" val="versions.htm" />
              <attr name="class" val="Text-Nav" />
            </html_marker>
          </marker_def>
        </ta_sentence><ta_sentence do_translation="yes" encoding="utf-8" format="1" id="976" original_language="English">
          <space_before> </space_before>
          <space_after />
          <text_data language="German">
            <text from_TM="False" rev_id="13" status="New" time="1222355938">About Photo Backup LE</text>
            <marker end="21" id="0" start="0" />
          </text_data><text_data language="Spanish">
            <text from_TM="False" rev_id="11" status="Complete" time="1222354203">Spanish : o Backup LE</text>
            <marker end="21" id="0" start="0" />
          </text_data><text_data language="English">
            <text from_TM="False" rev_id="11" status="Complete" time="1222354203">About Photo Backup LE</text>
            <marker end="21" id="0" start="0" />
          </text_data><marker_def id="0" type="html">
            <html_marker tag="a">
              <attr name="href" val="photo_backup_le.htm" />
              <attr name="class" val="Text-Nav" />
            </html_marker>
          </marker_def>
        </ta_sentence><ta_sentence do_translation="yes" encoding="utf-8" format="1" id="977" original_language="English">
          <space_before> </space_before>
          <space_after />
          <text_data language="German">
            <text from_TM="False" rev_id="13" status="New" time="1222355938">Online Manual</text>
            <marker end="13" id="0" start="0" />
          </text_data><text_data language="Spanish">
            <text from_TM="False" rev_id="11" status="Complete" time="1222354203">Spanish : ual</text>
            <marker end="13" id="0" start="0" />
          </text_data><text_data language="English">
            <text from_TM="False" rev_id="11" status="Complete" time="1222354203">Online Manual</text>
            <marker end="13" id="0" start="0" />
          </text_data><marker_def id="0" type="html">
            <html_marker tag="a">
              <attr name="href" val="photo_backup_help/index.html" />
              <attr name="class" val="Text-Nav" />
            </html_marker>
          </marker_def>
        </ta_sentence><ta_sentence do_translation="yes" encoding="utf-8" format="1" id="978" original_language="English">
          <space_before> </space_before>
          <space_after />
          <text_data language="German">
            <text from_TM="False" rev_id="13" status="New" time="1222355938">News and Announcements</text>
            <marker end="22" id="0" start="0" />
          </text_data><text_data language="Spanish">
            <text from_TM="False" rev_id="11" status="Complete" time="1222354203">Spanish : nnouncements</text>
            <marker end="22" id="0" start="0" />
          </text_data><text_data language="English">
            <text from_TM="False" rev_id="11" status="Complete" time="1222354203">News and Announcements</text>
            <marker end="22" id="0" start="0" />
          </text_data><marker_def id="0" type="html">
            <html_marker tag="a">
              <attr name="href" val="/blog/?sectionid=5" />
              <attr name="class" val="Text-Nav" />
            </html_marker>
          </marker_def>
        </ta_sentence><ta_sentence do_translation="yes" encoding="utf-8" format="1" id="979" original_language="English">
          <space_before />
          <space_after />
          <text_data language="German">
            <text from_TM="False" rev_id="13" status="New" time="1222355938">Typical uses</text>
            <marker end="12" id="0" start="0" />
          </text_data><text_data language="Spanish">
            <text from_TM="False" rev_id="11" status="Complete" time="1222354203">Spanish : es</text>
            <marker end="12" id="0" start="0" />
          </text_data><text_data language="English">
            <text from_TM="False" rev_id="11" status="Complete" time="1222354203">Typical uses</text>
            <marker end="12" id="0" start="0" />
          </text_data><marker_def id="0" type="html">
            <html_marker tag="span">
              <attr name="class" val="Text-Bold" />
            </html_marker>
          </marker_def>
        </ta_sentence><ta_sentence do_translation="yes" encoding="utf-8" format="1" id="980" original_language="English">
          <space_before> </space_before>
          <space_after />
          <text_data language="German">
            <text from_TM="False" rev_id="13" status="New" time="1222355938">Archive Digital Photos</text>
            <marker end="22" id="0" start="0" />
          </text_data><text_data language="Spanish">
            <text from_TM="False" rev_id="11" status="Complete" time="1222354203">Spanish : gital Photos</text>
            <marker end="22" id="0" start="0" />
          </text_data><text_data language="English">
            <text from_TM="False" rev_id="11" status="Complete" time="1222354203">Archive Digital Photos</text>
            <marker end="22" id="0" start="0" />
          </text_data><marker_def id="0" type="html">
            <html_marker tag="a">
              <attr name="href" val="backup_photos.htm" />
              <attr name="class" val="Text-Nav" />
            </html_marker>
          </marker_def>
        </ta_sentence><ta_sentence do_translation="yes" encoding="utf-8" format="1" id="981" original_language="English">
          <space_before> </space_before>
          <space_after />
          <text_data language="German">
            <text from_TM="False" rev_id="13" status="New" time="1222355938">Photo Organizer</text>
            <marker end="15" id="0" start="0" />
          </text_data><text_data language="Spanish">
            <text from_TM="False" rev_id="11" status="Complete" time="1222354203">Spanish : nizer</text>
            <marker end="15" id="0" start="0" />
          </text_data><text_data language="English">
            <text from_TM="False" rev_id="11" status="Complete" time="1222354203">Photo Organizer</text>
            <marker end="15" id="0" start="0" />
          </text_data><marker_def id="0" type="html">
            <html_marker tag="a">
              <attr name="href" val="organize_photos.htm" />
              <attr name="class" val="Text-Nav" />
            </html_marker>
          </marker_def>
        </ta_sentence><ta_sentence do_translation="yes" encoding="utf-8" format="1" id="982" original_language="English">
          <space_before> </space_before>
          <space_after />
          <text_data language="German">
            <text from_TM="False" rev_id="13" status="New" time="1222355938">Backup Audio CDs</text>
            <marker end="16" id="0" start="0" />
          </text_data><text_data language="Spanish">
            <text from_TM="False" rev_id="11" status="Complete" time="1222354203">Spanish : io CDs</text>
            <marker end="16" id="0" start="0" />
          </text_data><text_data language="English">
            <text from_TM="False" rev_id="11" status="Complete" time="1222354203">Backup Audio CDs</text>
            <marker end="16" id="0" start="0" />
          </text_data><marker_def id="0" type="html">
            <html_marker tag="a">
              <attr name="href" val="backup_audio.htm" />
              <attr name="class" val="Text-Nav" />
            </html_marker>
          </marker_def>
        </ta_sentence><ta_sentence do_translation="yes" encoding="utf-8" format="1" id="983" original_language="English">
          <space_before> </space_before>
          <space_after />
          <text_data language="German">
            <text from_TM="False" rev_id="13" status="New" time="1222355938">Index Existing Backup</text>
            <marker end="21" id="0" start="0" />
          </text_data><text_data language="Spanish">
            <text from_TM="False" rev_id="11" status="Complete" time="1222354203">Spanish : ting Backup</text>
            <marker end="21" id="0" start="0" />
          </text_data><text_data language="English">
            <text from_TM="False" rev_id="11" status="Complete" time="1222354203">Index Existing Backup</text>
            <marker end="21" id="0" start="0" />
          </text_data><marker_def id="0" type="html">
            <html_marker tag="a">
              <attr name="href" val="make_index.htm" />
              <attr name="class" val="Text-Nav" />
            </html_marker>
          </marker_def>
        </ta_sentence><ta_sentence do_translation="yes" encoding="utf-8" format="1" id="984" original_language="English">
          <space_before> </space_before>
          <space_after />
          <text_data language="German">
            <text from_TM="False" rev_id="13" status="New" time="1222355938">CD Burning</text>
            <marker end="10" id="0" start="0" />
          </text_data><text_data language="Spanish">
            <text from_TM="False" rev_id="11" status="Complete" time="1222354203">Spanish : </text>
            <marker end="10" id="0" start="0" />
          </text_data><text_data language="English">
            <text from_TM="False" rev_id="11" status="Complete" time="1222354203">CD Burning</text>
            <marker end="10" id="0" start="0" />
          </text_data><marker_def id="0" type="html">
            <html_marker tag="a">
              <attr name="href" val="cd_burning.htm" />
              <attr name="class" val="Text-Nav" />
            </html_marker>
          </marker_def>
        </ta_sentence><ta_sentence do_translation="yes" encoding="utf-8" format="1" id="985" original_language="English">
          <space_before />
          <space_after />
          <text_data language="German">
            <text from_TM="False" rev_id="13" status="New" time="1222355938">Useful information</text>
            <marker end="18" id="0" start="0" />
          </text_data><text_data language="Spanish">
            <text from_TM="False" rev_id="11" status="Complete" time="1222354203">Spanish : ormation</text>
            <marker end="18" id="0" start="0" />
          </text_data><text_data language="English">
            <text from_TM="False" rev_id="11" status="Complete" time="1222354203">Useful information</text>
            <marker end="18" id="0" start="0" />
          </text_data><marker_def id="0" type="html">
            <html_marker tag="span">
              <attr name="class" val="Text-Bold" />
            </html_marker>
          </marker_def>
        </ta_sentence><ta_sentence do_translation="yes" encoding="utf-8" format="1" id="986" original_language="English">
          <space_before> </space_before>
          <space_after />
          <text_data language="German">
            <text from_TM="False" rev_id="13" status="New" time="1222355938">Enabling DMA Mode</text>
            <marker end="17" id="0" start="0" />
          </text_data><text_data language="Spanish">
            <text from_TM="False" rev_id="11" status="Complete" time="1222354203">Spanish : MA Mode</text>
            <marker end="17" id="0" start="0" />
          </text_data><text_data language="English">
            <text from_TM="False" rev_id="11" status="Complete" time="1222354203">Enabling DMA Mode</text>
            <marker end="17" id="0" start="0" />
          </text_data><marker_def id="0" type="html">
            <html_marker tag="a">
              <attr name="href" val="dma_setting_nt.htm" />
              <attr name="class" val="Text-Nav" />
            </html_marker>
          </marker_def>
        </ta_sentence><ta_sentence do_translation="yes" encoding="utf-8" format="1" id="987" original_language="English">
          <space_before />
          <space_after />
          <text_data language="German">
            <text from_TM="False" rev_id="13" status="New" time="1222355938">Bookmark this page</text>
            <marker end="18" id="0" start="0" />
          </text_data><text_data language="Spanish">
            <text from_TM="False" rev_id="11" status="Complete" time="1222354203">Spanish : his page</text>
            <marker end="18" id="0" start="0" />
          </text_data><text_data language="English">
            <text from_TM="False" rev_id="11" status="Complete" time="1222354203">Bookmark this page</text>
            <marker end="18" id="0" start="0" />
          </text_data><marker_def id="0" type="html">
            <html_marker tag="img">
              <attr name="src" val="images/bookmark_us.png" />
              <attr name="alt" val="Bookmark this page" />
              <attr name="class" val="delicious" />
            </html_marker>
          </marker_def>
        </ta_sentence><ta_sentence do_translation="yes" encoding="utf-8" format="1" id="988" original_language="English">
          <space_before />
          <space_after />
          <text_data language="German">
            <text from_TM="False" rev_id="13" status="New" time="1222355938">Bookmark on</text>
            <marker end="-1" id="0" start="0" />
            <marker end="-1" id="0" start="0" />
          </text_data><text_data language="Spanish">
            <text from_TM="False" rev_id="11" status="Complete" time="1222354203">Spanish : n</text>
            <marker end="-1" id="0" start="0" />
            <marker end="-1" id="0" start="0" />
          </text_data><text_data language="English">
            <text from_TM="False" rev_id="11" status="Complete" time="1222354203">Bookmark on</text>
            <marker end="-1" id="0" start="0" />
            <marker end="-1" id="0" start="0" />
          </text_data><marker_def id="0" type="html">
            <html_marker tag="a">
              <attr name="rel" val="nofollow" />
              <attr name="href" val="http://del.icio.us/post?url=http%3A%2F%2Fwww.onthegosoft.com%2Fbenefits.htm&amp;title=Photo+Backup+features" />
              <attr name="target" val="_blank" />
              <attr name="class" val="Text-Nav" />
            </html_marker>
          </marker_def>
        </ta_sentence><ta_sentence do_translation="yes" encoding="utf-8" format="1" id="989" original_language="English">
          <space_before />
          <space_after />
          <text_data language="German">
            <text from_TM="False" rev_id="13" status="New" time="1222355938">del.icio.us</text>
            <marker end="11" id="-1" start="-1" />
          </text_data><text_data language="Spanish">
            <text from_TM="False" rev_id="11" status="Complete" time="1222354203">Spanish : s</text>
            <marker end="11" id="-1" start="-1" />
          </text_data><text_data language="English">
            <text from_TM="False" rev_id="11" status="Complete" time="1222354203">del.icio.us</text>
            <marker end="11" id="-1" start="-1" />
          </text_data><marker_def id="-1" type="html">
            <html_marker tag="a" />
          </marker_def>
        </ta_sentence><ta_sentence do_translation="yes" encoding="utf-8" format="1" id="990" original_language="English">
          <space_before />
          <space_after />
          <text_data language="German">
            <text from_TM="False" rev_id="13" status="New" time="1222355938">Home&#160;&gt;&#160;Photo Backup&#160;&gt;&#160;Features</text>
            <marker end="30" id="0" start="0" />
            <marker end="4" id="1" start="0" />
            <marker end="19" id="2" start="7" />
          </text_data><text_data language="Spanish">
            <text from_TM="False" rev_id="11" status="Complete" time="1222354203">Spanish : to Backup&#160;&gt;&#160;Features</text>
            <marker end="30" id="0" start="0" />
            <marker end="4" id="1" start="0" />
            <marker end="19" id="2" start="7" />
          </text_data><text_data language="English">
            <text from_TM="False" rev_id="11" status="Complete" time="1222354203">Home&#160;&gt;&#160;Photo Backup&#160;&gt;&#160;Features</text>
            <marker end="30" id="0" start="0" />
            <marker end="4" id="1" start="0" />
            <marker end="19" id="2" start="7" />
          </text_data><marker_def id="0" type="html">
            <html_marker tag="span">
              <attr name="class" val="Text-TopNav" />
            </html_marker>
          </marker_def><marker_def id="1" type="html">
            <html_marker tag="a">
              <attr name="href" val="./" />
            </html_marker>
          </marker_def><marker_def id="2" type="html">
            <html_marker tag="a">
              <attr name="href" val="photo_backup.htm" />
            </html_marker>
          </marker_def>
        </ta_sentence><ta_sentence do_translation="yes" encoding="utf-8" format="1" id="991" original_language="English">
          <space_before />
          <space_after />
          <text_data language="German">
            <text from_TM="False" rev_id="13" status="New" time="1222355938">Features</text>
          </text_data><text_data language="Spanish">
            <text from_TM="False" rev_id="11" status="Complete" time="1222354203">Spanish : </text>
          </text_data><text_data language="English">
            <text from_TM="False" rev_id="11" status="Complete" time="1222354203">Features</text>
          </text_data>
        </ta_sentence><ta_sentence do_translation="yes" encoding="utf-8" format="1" id="992" original_language="English">
          <space_before />
          <space_after />
          <text_data language="German">
            <text from_TM="False" rev_id="13" status="New" time="1222355938">Fits your work flow</text>
            <marker end="19" id="0" start="0" />
          </text_data><text_data language="Spanish">
            <text from_TM="False" rev_id="11" status="Complete" time="1222354203">Spanish : work flow</text>
            <marker end="19" id="0" start="0" />
          </text_data><text_data language="English">
            <text from_TM="False" rev_id="11" status="Complete" time="1222354203">Fits your work flow</text>
            <marker end="19" id="0" start="0" />
          </text_data><marker_def id="0" type="html">
            <html_marker tag="strong" />
          </marker_def>
        </ta_sentence><ta_sentence do_translation="no" encoding="utf-8" format="1" id="993" original_language="English">
          <space_before />
          <space_after />
          <text_data language="German">
            <text from_TM="False" rev_id="13" status="New" time="1222355938" />
            <marker end="0" id="0" start="0" />
          </text_data><text_data language="Spanish">
            <text from_TM="False" rev_id="-1" status="Complete" time="1222355861" />
            <marker end="0" id="0" start="0" />
          </text_data><text_data language="English">
            <text from_TM="False" status="Complete" time="1222355861" />
            <marker end="0" id="0" start="0" />
          </text_data><marker_def id="0" type="html">
            <html_marker tag="img">
              <attr name="src" val="images/checkmark.gif" />
              <attr name="alt" val="" />
              <attr name="width" val="17" />
              <attr name="height" val="16" />
            </html_marker>
          </marker_def>
        </ta_sentence><ta_sentence do_translation="yes" encoding="utf-8" format="1" id="994" original_language="English">
          <space_before />
          <space_after />
          <text_data language="German">
            <text from_TM="False" rev_id="13" status="New" time="1222355938">Locates your photos and creates backup</text>
          </text_data><text_data language="Spanish">
            <text from_TM="False" rev_id="11" status="Complete" time="1222354203">Spanish : ur photos and creates backup</text>
          </text_data><text_data language="English">
            <text from_TM="False" rev_id="11" status="Complete" time="1222354203">Locates your photos and creates backup</text>
          </text_data>
        </ta_sentence><ta_sentence do_translation="no" encoding="utf-8" format="1" id="995" original_language="English">
          <space_before />
          <space_after />
          <text_data language="German">
            <text from_TM="False" rev_id="13" status="New" time="1222355938" />
            <marker end="0" id="0" start="0" />
          </text_data><text_data language="Spanish">
            <text from_TM="False" rev_id="-1" status="Complete" time="1222355861" />
            <marker end="0" id="0" start="0" />
          </text_data><text_data language="English">
            <text from_TM="False" status="Complete" time="1222355861" />
            <marker end="0" id="0" start="0" />
          </text_data><marker_def id="0" type="html">
            <html_marker tag="img">
              <attr name="src" val="images/checkmark.gif" />
              <attr name="alt" val="" />
              <attr name="width" val="17" />
              <attr name="height" val="16" />
            </html_marker>
          </marker_def>
        </ta_sentence><ta_sentence do_translation="yes" encoding="utf-8" format="1" id="996" original_language="English">
          <space_before />
          <space_after />
          <text_data language="German">
            <text from_TM="False" rev_id="13" status="New" time="1222355938">Creates backup with same file types and folder structure you use</text>
          </text_data><text_data language="Spanish">
            <text from_TM="False" rev_id="11" status="Complete" time="1222354203">Spanish : ckup with same file types and folder structure you use</text>
          </text_data><text_data language="English">
            <text from_TM="False" rev_id="11" status="Complete" time="1222354203">Creates backup with same file types and folder structure you use</text>
          </text_data>
        </ta_sentence><ta_sentence do_translation="no" encoding="utf-8" format="1" id="997" original_language="English">
          <space_before />
          <space_after />
          <text_data language="German">
            <text from_TM="False" rev_id="13" status="New" time="1222355938" />
            <marker end="0" id="0" start="0" />
          </text_data><text_data language="Spanish">
            <text from_TM="False" rev_id="-1" status="Complete" time="1222355861" />
            <marker end="0" id="0" start="0" />
          </text_data><text_data language="English">
            <text from_TM="False" status="Complete" time="1222355861" />
            <marker end="0" id="0" start="0" />
          </text_data><marker_def id="0" type="html">
            <html_marker tag="img">
              <attr name="src" val="images/checkmark.gif" />
              <attr name="alt" val="" />
              <attr name="width" val="17" />
              <attr name="height" val="16" />
            </html_marker>
          </marker_def>
        </ta_sentence><ta_sentence do_translation="yes" encoding="utf-8" format="1" id="998" original_language="English">
          <space_before />
          <space_after />
          <text_data language="German">
            <text from_TM="False" rev_id="13" status="New" time="1222355938">Keeps track of your photos, even if they move on the hard drive</text>
          </text_data><text_data language="Spanish">
            <text from_TM="False" rev_id="11" status="Complete" time="1222354203">Spanish : k of your photos, even if they move on the hard drive</text>
          </text_data><text_data language="English">
            <text from_TM="False" rev_id="11" status="Complete" time="1222354203">Keeps track of your photos, even if they move on the hard drive</text>
          </text_data>
        </ta_sentence><ta_sentence do_translation="no" encoding="utf-8" format="1" id="999" original_language="English">
          <space_before />
          <space_after />
          <text_data language="German">
            <text from_TM="False" rev_id="13" status="New" time="1222355938" />
            <marker end="0" id="0" start="0" />
          </text_data><text_data language="Spanish">
            <text from_TM="False" rev_id="-1" status="Complete" time="1222355861" />
            <marker end="0" id="0" start="0" />
          </text_data><text_data language="English">
            <text from_TM="False" status="Complete" time="1222355861" />
            <marker end="0" id="0" start="0" />
          </text_data><marker_def id="0" type="html">
            <html_marker tag="img">
              <attr name="src" val="images/checkmark.gif" />
              <attr name="alt" val="" />
              <attr name="width" val="17" />
              <attr name="height" val="16" />
            </html_marker>
          </marker_def>
        </ta_sentence><ta_sentence do_translation="yes" encoding="utf-8" format="1" id="1000" original_language="English">
          <space_before />
          <space_after />
          <text_data language="German">
            <text from_TM="False" rev_id="13" status="New" time="1222355938">Simple settings with easy to follow wizard</text>
          </text_data><text_data language="Spanish">
            <text from_TM="False" rev_id="11" status="Complete" time="1222354203">Spanish : tings with easy to follow wizard</text>
          </text_data><text_data language="English">
            <text from_TM="False" rev_id="11" status="Complete" time="1222354203">Simple settings with easy to follow wizard</text>
          </text_data>
        </ta_sentence><ta_sentence do_translation="yes" encoding="utf-8" format="1" id="1001" original_language="English">
          <space_before />
          <space_after />
          <text_data language="German">
            <text from_TM="False" rev_id="13" status="New" time="1222355938">Automated archive</text>
            <marker end="17" id="0" start="0" />
          </text_data><text_data language="Spanish">
            <text from_TM="False" rev_id="11" status="Complete" time="1222354203">Spanish : archive</text>
            <marker end="17" id="0" start="0" />
          </text_data><text_data language="English">
            <text from_TM="False" rev_id="11" status="Complete" time="1222354203">Automated archive</text>
            <marker end="17" id="0" start="0" />
          </text_data><marker_def id="0" type="html">
            <html_marker tag="strong" />
          </marker_def>
        </ta_sentence><ta_sentence do_translation="no" encoding="utf-8" format="1" id="1002" original_language="English">
          <space_before />
          <space_after />
          <text_data language="German">
            <text from_TM="False" rev_id="13" status="New" time="1222355938" />
            <marker end="0" id="0" start="0" />
          </text_data><text_data language="Spanish">
            <text from_TM="False" rev_id="-1" status="Complete" time="1222355861" />
            <marker end="0" id="0" start="0" />
          </text_data><text_data language="English">
            <text from_TM="False" status="Complete" time="1222355861" />
            <marker end="0" id="0" start="0" />
          </text_data><marker_def id="0" type="html">
            <html_marker tag="img">
              <attr name="src" val="images/checkmark.gif" />
              <attr name="alt" val="" />
              <attr name="width" val="17" />
              <attr name="height" val="16" />
            </html_marker>
          </marker_def>
        </ta_sentence><ta_sentence do_translation="yes" encoding="utf-8" format="1" id="1003" original_language="English">
          <space_before />
          <space_after />
          <text_data language="German">
            <text from_TM="False" rev_id="13" status="New" time="1222355938">One click backup with disc spanning</text>
          </text_data><text_data language="Spanish">
            <text from_TM="False" rev_id="11" status="Complete" time="1222354203">Spanish : backup with disc spanning</text>
          </text_data><text_data language="English">
            <text from_TM="False" rev_id="11" status="Complete" time="1222354203">One click backup with disc spanning</text>
          </text_data>
        </ta_sentence><ta_sentence do_translation="no" encoding="utf-8" format="1" id="1004" original_language="English">
          <space_before />
          <space_after />
          <text_data language="German">
            <text from_TM="False" rev_id="13" status="New" time="1222355938" />
            <marker end="0" id="0" start="0" />
          </text_data><text_data language="Spanish">
            <text from_TM="False" rev_id="-1" status="Complete" time="1222355861" />
            <marker end="0" id="0" start="0" />
          </text_data><text_data language="English">
            <text from_TM="False" status="Complete" time="1222355861" />
            <marker end="0" id="0" start="0" />
          </text_data><marker_def id="0" type="html">
            <html_marker tag="img">
              <attr name="src" val="images/checkmark.gif" />
              <attr name="alt" val="" />
              <attr name="width" val="17" />
              <attr name="height" val="16" />
            </html_marker>
          </marker_def>
        </ta_sentence><ta_sentence do_translation="yes" encoding="utf-8" format="1" id="1005" original_language="English">
          <space_before />
          <space_after />
          <text_data language="German">
            <text from_TM="False" rev_id="13" status="New" time="1222355938">HTML graphical index generator</text>
          </text_data><text_data language="Spanish">
            <text from_TM="False" rev_id="11" status="Complete" time="1222354203">Spanish : ical index generator</text>
          </text_data><text_data language="English">
            <text from_TM="False" rev_id="11" status="Complete" time="1222354203">HTML graphical index generator</text>
          </text_data>
        </ta_sentence><ta_sentence do_translation="no" encoding="utf-8" format="1" id="1006" original_language="English">
          <space_before />
          <space_after />
          <text_data language="German">
            <text from_TM="False" rev_id="13" status="New" time="1222355938" />
            <marker end="0" id="0" start="0" />
          </text_data><text_data language="Spanish">
            <text from_TM="False" rev_id="-1" status="Complete" time="1222355861" />
            <marker end="0" id="0" start="0" />
          </text_data><text_data language="English">
            <text from_TM="False" status="Complete" time="1222355861" />
            <marker end="0" id="0" start="0" />
          </text_data><marker_def id="0" type="html">
            <html_marker tag="img">
              <attr name="src" val="images/checkmark.gif" />
              <attr name="alt" val="" />
              <attr name="width" val="17" />
              <attr name="height" val="16" />
            </html_marker>
          </marker_def>
        </ta_sentence><ta_sentence do_translation="yes" encoding="utf-8" format="1" id="1007" original_language="English">
          <space_before />
          <space_after />
          <text_data language="German">
            <text from_TM="False" rev_id="13" status="New" time="1222355938">One click restore to original or alternate location</text>
          </text_data><text_data language="Spanish">
            <text from_TM="False" rev_id="11" status="Complete" time="1222354203">Spanish : restore to original or alternate location</text>
          </text_data><text_data language="English">
            <text from_TM="False" rev_id="11" status="Complete" time="1222354203">One click restore to original or alternate location</text>
          </text_data>
        </ta_sentence><ta_sentence do_translation="no" encoding="utf-8" format="1" id="1008" original_language="English">
          <space_before />
          <space_after />
          <text_data language="German">
            <text from_TM="False" rev_id="13" status="New" time="1222355938" />
            <marker end="0" id="0" start="0" />
          </text_data><text_data language="Spanish">
            <text from_TM="False" rev_id="-1" status="Complete" time="1222355861" />
            <marker end="0" id="0" start="0" />
          </text_data><text_data language="English">
            <text from_TM="False" status="Complete" time="1222355861" />
            <marker end="0" id="0" start="0" />
          </text_data><marker_def id="0" type="html">
            <html_marker tag="img">
              <attr name="src" val="images/checkmark.gif" />
              <attr name="alt" val="" />
              <attr name="width" val="17" />
              <attr name="height" val="16" />
            </html_marker>
          </marker_def>
        </ta_sentence><ta_sentence do_translation="yes" encoding="utf-8" format="1" id="1009" original_language="English">
          <space_before />
          <space_after />
          <text_data language="German">
            <text from_TM="False" rev_id="13" status="New" time="1222355938">Robust scheduler</text>
          </text_data><text_data language="Spanish">
            <text from_TM="False" rev_id="11" status="Complete" time="1222354203">Spanish : eduler</text>
          </text_data><text_data language="English">
            <text from_TM="False" rev_id="11" status="Complete" time="1222354203">Robust scheduler</text>
          </text_data>
        </ta_sentence><ta_sentence do_translation="yes" encoding="utf-8" format="1" id="1010" original_language="English">
          <space_before />
          <space_after />
          <text_data language="German">
            <text from_TM="False" rev_id="13" status="New" time="1222355938">Search and retrieve</text>
            <marker end="19" id="0" start="0" />
          </text_data><text_data language="Spanish">
            <text from_TM="False" rev_id="11" status="Complete" time="1222354203">Spanish :  retrieve</text>
            <marker end="19" id="0" start="0" />
          </text_data><text_data language="English">
            <text from_TM="False" rev_id="11" status="Complete" time="1222354203">Search and retrieve</text>
            <marker end="19" id="0" start="0" />
          </text_data><marker_def id="0" type="html">
            <html_marker tag="strong" />
          </marker_def>
        </ta_sentence><ta_sentence do_translation="no" encoding="utf-8" format="1" id="1011" original_language="English">
          <space_before />
          <space_after />
          <text_data language="German">
            <text from_TM="False" rev_id="13" status="New" time="1222355938" />
            <marker end="0" id="0" start="0" />
          </text_data><text_data language="Spanish">
            <text from_TM="False" rev_id="-1" status="Complete" time="1222355861" />
            <marker end="0" id="0" start="0" />
          </text_data><text_data language="English">
            <text from_TM="False" status="Complete" time="1222355861" />
            <marker end="0" id="0" start="0" />
          </text_data><marker_def id="0" type="html">
            <html_marker tag="img">
              <attr name="src" val="images/checkmark.gif" />
              <attr name="alt" val="" />
              <attr name="width" val="17" />
              <attr name="height" val="16" />
            </html_marker>
          </marker_def>
        </ta_sentence><ta_sentence do_translation="yes" encoding="utf-8" format="1" id="1012" original_language="English">
          <space_before />
          <space_after />
          <text_data language="German">
            <text from_TM="False" rev_id="13" status="New" time="1222355938">Powerful search throughout the archive</text>
          </text_data><text_data language="Spanish">
            <text from_TM="False" rev_id="11" status="Complete" time="1222354203">Spanish : earch throughout the archive</text>
          </text_data><text_data language="English">
            <text from_TM="False" rev_id="11" status="Complete" time="1222354203">Powerful search throughout the archive</text>
          </text_data>
        </ta_sentence><ta_sentence do_translation="no" encoding="utf-8" format="1" id="1013" original_language="English">
          <space_before />
          <space_after />
          <text_data language="German">
            <text from_TM="False" rev_id="13" status="New" time="1222355938" />
            <marker end="0" id="0" start="0" />
          </text_data><text_data language="Spanish">
            <text from_TM="False" rev_id="-1" status="Complete" time="1222355861" />
            <marker end="0" id="0" start="0" />
          </text_data><text_data language="English">
            <text from_TM="False" status="Complete" time="1222355861" />
            <marker end="0" id="0" start="0" />
          </text_data><marker_def id="0" type="html">
            <html_marker tag="img">
              <attr name="src" val="images/checkmark.gif" />
              <attr name="alt" val="" />
              <attr name="width" val="17" />
              <attr name="height" val="16" />
            </html_marker>
          </marker_def>
        </ta_sentence><ta_sentence do_translation="yes" encoding="utf-8" format="1" id="1014" original_language="English">
          <space_before />
          <space_after />
          <text_data language="German">
            <text from_TM="False" rev_id="13" status="New" time="1222355938">Arrange photos according to system folders, dates or backup</text>
          </text_data><text_data language="Spanish">
            <text from_TM="False" rev_id="11" status="Complete" time="1222354203">Spanish : otos according to system folders, dates or backup</text>
          </text_data><text_data language="English">
            <text from_TM="False" rev_id="11" status="Complete" time="1222354203">Arrange photos according to system folders, dates or backup</text>
          </text_data>
        </ta_sentence><ta_sentence do_translation="no" encoding="utf-8" format="1" id="1015" original_language="English">
          <space_before />
          <space_after />
          <text_data language="German">
            <text from_TM="False" rev_id="13" status="New" time="1222355938" />
            <marker end="0" id="0" start="0" />
          </text_data><text_data language="Spanish">
            <text from_TM="False" rev_id="-1" status="Complete" time="1222355861" />
            <marker end="0" id="0" start="0" />
          </text_data><text_data language="English">
            <text from_TM="False" status="Complete" time="1222355861" />
            <marker end="0" id="0" start="0" />
          </text_data><marker_def id="0" type="html">
            <html_marker tag="img">
              <attr name="src" val="images/checkmark.gif" />
              <attr name="alt" val="" />
              <attr name="width" val="17" />
              <attr name="height" val="16" />
            </html_marker>
          </marker_def>
        </ta_sentence><ta_sentence do_translation="yes" encoding="utf-8" format="1" id="1016" original_language="English">
          <space_before />
          <space_after />
          <text_data language="German">
            <text from_TM="False" rev_id="13" status="New" time="1222355938">Easy retrieve from the archive - fully automated</text>
          </text_data><text_data language="Spanish">
            <text from_TM="False" rev_id="11" status="Complete" time="1222354203">Spanish : eve from the archive - fully automated</text>
          </text_data><text_data language="English">
            <text from_TM="False" rev_id="11" status="Complete" time="1222354203">Easy retrieve from the archive - fully automated</text>
          </text_data>
        </ta_sentence><ta_sentence do_translation="yes" encoding="utf-8" format="1" id="1017" original_language="English">
          <space_before />
          <space_after />
          <text_data language="German">
            <text from_TM="False" rev_id="13" status="New" time="1222355938">Photo organizer</text>
            <marker end="15" id="0" start="0" />
          </text_data><text_data language="Spanish">
            <text from_TM="False" rev_id="11" status="Complete" time="1222354203">Spanish : nizer</text>
            <marker end="15" id="0" start="0" />
          </text_data><text_data language="English">
            <text from_TM="False" rev_id="11" status="Complete" time="1222354203">Photo organizer</text>
            <marker end="15" id="0" start="0" />
          </text_data><marker_def id="0" type="html">
            <html_marker tag="strong" />
          </marker_def>
        </ta_sentence><ta_sentence do_translation="no" encoding="utf-8" format="1" id="1018" original_language="English">
          <space_before />
          <space_after />
          <text_data language="German">
            <text from_TM="False" rev_id="13" status="New" time="1222355938" />
            <marker end="0" id="0" start="0" />
          </text_data><text_data language="Spanish">
            <text from_TM="False" rev_id="-1" status="Complete" time="1222355861" />
            <marker end="0" id="0" start="0" />
          </text_data><text_data language="English">
            <text from_TM="False" status="Complete" time="1222355861" />
            <marker end="0" id="0" start="0" />
          </text_data><marker_def id="0" type="html">
            <html_marker tag="img">
              <attr name="src" val="images/checkmark.gif" />
              <attr name="alt" val="" />
              <attr name="width" val="17" />
              <attr name="height" val="16" />
            </html_marker>
          </marker_def>
        </ta_sentence><ta_sentence do_translation="yes" encoding="utf-8" format="1" id="1019" original_language="English">
          <space_before />
          <space_after />
          <text_data language="German">
            <text from_TM="False" rev_id="13" status="New" time="1222355938">Unlimited number of virtual albums</text>
          </text_data><text_data language="Spanish">
            <text from_TM="False" rev_id="11" status="Complete" time="1222354203">Spanish : number of virtual albums</text>
          </text_data><text_data language="English">
            <text from_TM="False" rev_id="11" status="Complete" time="1222354203">Unlimited number of virtual albums</text>
          </text_data>
        </ta_sentence><ta_sentence do_translation="no" encoding="utf-8" format="1" id="1020" original_language="English">
          <space_before />
          <space_after />
          <text_data language="German">
            <text from_TM="False" rev_id="13" status="New" time="1222355938" />
            <marker end="0" id="0" start="0" />
          </text_data><text_data language="Spanish">
            <text from_TM="False" rev_id="-1" status="Complete" time="1222355861" />
            <marker end="0" id="0" start="0" />
          </text_data><text_data language="English">
            <text from_TM="False" status="Complete" time="1222355861" />
            <marker end="0" id="0" start="0" />
          </text_data><marker_def id="0" type="html">
            <html_marker tag="img">
              <attr name="src" val="images/checkmark.gif" />
              <attr name="alt" val="" />
              <attr name="width" val="17" />
              <attr name="height" val="16" />
            </html_marker>
          </marker_def>
        </ta_sentence><ta_sentence do_translation="yes" encoding="utf-8" format="1" id="1021" original_language="English">
          <space_before />
          <space_after />
          <text_data language="German">
            <text from_TM="False" rev_id="13" status="New" time="1222355938">Browse files by folder, CD, date or album</text>
          </text_data><text_data language="Spanish">
            <text from_TM="False" rev_id="11" status="Complete" time="1222354203">Spanish : es by folder, CD, date or album</text>
          </text_data><text_data language="English">
            <text from_TM="False" rev_id="11" status="Complete" time="1222354203">Browse files by folder, CD, date or album</text>
          </text_data>
        </ta_sentence><ta_sentence do_translation="no" encoding="utf-8" format="1" id="1022" original_language="English">
          <space_before />
          <space_after />
          <text_data language="German">
            <text from_TM="False" rev_id="13" status="New" time="1222355938" />
            <marker end="0" id="0" start="0" />
          </text_data><text_data language="Spanish">
            <text from_TM="False" rev_id="-1" status="Complete" time="1222355861" />
            <marker end="0" id="0" start="0" />
          </text_data><text_data language="English">
            <text from_TM="False" status="Complete" time="1222355861" />
            <marker end="0" id="0" start="0" />
          </text_data><marker_def id="0" type="html">
            <html_marker tag="img">
              <attr name="src" val="images/checkmark.gif" />
              <attr name="alt" val="" />
              <attr name="width" val="17" />
              <attr name="height" val="16" />
            </html_marker>
          </marker_def>
        </ta_sentence><ta_sentence do_translation="yes" encoding="utf-8" format="1" id="1023" original_language="English">
          <space_before />
          <space_after />
          <text_data language="German">
            <text from_TM="False" rev_id="13" status="New" time="1222355938">Automatically create print CDs</text>
          </text_data><text_data language="Spanish">
            <text from_TM="False" rev_id="11" status="Complete" time="1222354203">Spanish : lly create print CDs</text>
          </text_data><text_data language="English">
            <text from_TM="False" rev_id="11" status="Complete" time="1222354203">Automatically create print CDs</text>
          </text_data>
        </ta_sentence><ta_sentence do_translation="yes" encoding="utf-8" format="1" id="1024" original_language="English">
          <space_before />
          <space_after />
          <text_data language="German">
            <text from_TM="False" rev_id="13" status="New" time="1222355938">Built-in support for image files</text>
            <marker end="32" id="0" start="0" />
          </text_data><text_data language="Spanish">
            <text from_TM="False" rev_id="11" status="Complete" time="1222354203">Spanish : upport for image files</text>
            <marker end="32" id="0" start="0" />
          </text_data><text_data language="English">
            <text from_TM="False" rev_id="11" status="Complete" time="1222354203">Built-in support for image files</text>
            <marker end="32" id="0" start="0" />
          </text_data><marker_def id="0" type="html">
            <html_marker tag="strong" />
          </marker_def>
        </ta_sentence><ta_sentence do_translation="no" encoding="utf-8" format="1" id="1025" original_language="English">
          <space_before />
          <space_after />
          <text_data language="German">
            <text from_TM="False" rev_id="13" status="New" time="1222355938" />
            <marker end="0" id="0" start="0" />
          </text_data><text_data language="Spanish">
            <text from_TM="False" rev_id="-1" status="Complete" time="1222355861" />
            <marker end="0" id="0" start="0" />
          </text_data><text_data language="English">
            <text from_TM="False" status="Complete" time="1222355861" />
            <marker end="0" id="0" start="0" />
          </text_data><marker_def id="0" type="html">
            <html_marker tag="img">
              <attr name="src" val="images/checkmark.gif" />
              <attr name="alt" val="" />
              <attr name="width" val="17" />
              <attr name="height" val="16" />
            </html_marker>
          </marker_def>
        </ta_sentence><ta_sentence do_translation="yes" encoding="utf-8" format="1" id="1026" original_language="English">
          <space_before />
          <space_after />
          <text_data language="German">
            <text from_TM="False" rev_id="13" status="New" time="1222355938">Supports all compressed image types</text>
          </text_data><text_data language="Spanish">
            <text from_TM="False" rev_id="11" status="Complete" time="1222354203">Spanish : ll compressed image types</text>
          </text_data><text_data language="English">
            <text from_TM="False" rev_id="11" status="Complete" time="1222354203">Supports all compressed image types</text>
          </text_data>
        </ta_sentence><ta_sentence do_translation="no" encoding="utf-8" format="1" id="1027" original_language="English">
          <space_before />
          <space_after />
          <text_data language="German">
            <text from_TM="False" rev_id="13" status="New" time="1222355938" />
            <marker end="0" id="0" start="0" />
          </text_data><text_data language="Spanish">
            <text from_TM="False" rev_id="-1" status="Complete" time="1222355861" />
            <marker end="0" id="0" start="0" />
          </text_data><text_data language="English">
            <text from_TM="False" status="Complete" time="1222355861" />
            <marker end="0" id="0" start="0" />
          </text_data><marker_def id="0" type="html">
            <html_marker tag="img">
              <attr name="src" val="images/checkmark.gif" />
              <attr name="alt" val="" />
              <attr name="width" val="17" />
              <attr name="height" val="16" />
            </html_marker>
          </marker_def>
        </ta_sentence><ta_sentence do_translation="yes" encoding="utf-8" format="1" id="1028" original_language="English">
          <space_before />
          <space_after />
          <text_data language="German">
            <text from_TM="False" rev_id="13" status="New" time="1222355938">Supports all RAW image types (CRW, NEF, RAF, ORF, MRW, DCR)</text>
          </text_data><text_data language="Spanish">
            <text from_TM="False" rev_id="11" status="Complete" time="1222354203">Spanish : ll RAW image types (CRW, NEF, RAF, ORF, MRW, DCR)</text>
          </text_data><text_data language="English">
            <text from_TM="False" rev_id="11" status="Complete" time="1222354203">Supports all RAW image types (CRW, NEF, RAF, ORF, MRW, DCR)</text>
          </text_data>
        </ta_sentence><ta_sentence do_translation="no" encoding="utf-8" format="1" id="1029" original_language="English">
          <space_before />
          <space_after />
          <text_data language="German">
            <text from_TM="False" rev_id="13" status="New" time="1222355938" />
            <marker end="0" id="0" start="0" />
          </text_data><text_data language="Spanish">
            <text from_TM="False" rev_id="-1" status="Complete" time="1222355861" />
            <marker end="0" id="0" start="0" />
          </text_data><text_data language="English">
            <text from_TM="False" status="Complete" time="1222355861" />
            <marker end="0" id="0" start="0" />
          </text_data><marker_def id="0" type="html">
            <html_marker tag="img">
              <attr name="src" val="images/checkmark.gif" />
              <attr name="alt" val="" />
              <attr name="width" val="17" />
              <attr name="height" val="16" />
            </html_marker>
          </marker_def>
        </ta_sentence><ta_sentence do_translation="yes" encoding="utf-8" format="1" id="1030" original_language="English">
          <space_before />
          <space_after />
          <text_data language="German">
            <text from_TM="False" rev_id="13" status="New" time="1222355938">Converts images to many popular formats (JPG, GIF, PNG, PDF, ...)</text>
          </text_data><text_data language="Spanish">
            <text from_TM="False" rev_id="11" status="Complete" time="1222354203">Spanish : mages to many popular formats (JPG, GIF, PNG, PDF, ...)</text>
          </text_data><text_data language="English">
            <text from_TM="False" rev_id="11" status="Complete" time="1222354203">Converts images to many popular formats (JPG, GIF, PNG, PDF, ...)</text>
          </text_data>
        </ta_sentence><ta_sentence do_translation="yes" encoding="utf-8" format="1" id="1031" original_language="English">
          <space_before />
          <space_after />
          <text_data language="German">
            <text from_TM="False" rev_id="13" status="New" time="1222355938">CD / DVD burning</text>
            <marker end="16" id="0" start="0" />
          </text_data><text_data language="Spanish">
            <text from_TM="False" rev_id="11" status="Complete" time="1222354203">Spanish : urning</text>
            <marker end="16" id="0" start="0" />
          </text_data><text_data language="English">
            <text from_TM="False" rev_id="11" status="Complete" time="1222354203">CD / DVD burning</text>
            <marker end="16" id="0" start="0" />
          </text_data><marker_def id="0" type="html">
            <html_marker tag="strong" />
          </marker_def>
        </ta_sentence><ta_sentence do_translation="no" encoding="utf-8" format="1" id="1032" original_language="English">
          <space_before />
          <space_after />
          <text_data language="German">
            <text from_TM="False" rev_id="13" status="New" time="1222355938" />
            <marker end="0" id="0" start="0" />
          </text_data><text_data language="Spanish">
            <text from_TM="False" rev_id="-1" status="Complete" time="1222355861" />
            <marker end="0" id="0" start="0" />
          </text_data><text_data language="English">
            <text from_TM="False" status="Complete" time="1222355861" />
            <marker end="0" id="0" start="0" />
          </text_data><marker_def id="0" type="html">
            <html_marker tag="img">
              <attr name="src" val="images/checkmark.gif" />
              <attr name="alt" val="" />
              <attr name="width" val="17" />
              <attr name="height" val="16" />
            </html_marker>
          </marker_def>
        </ta_sentence><ta_sentence do_translation="yes" encoding="utf-8" format="1" id="1033" original_language="English">
          <space_before />
          <space_after />
          <text_data language="German">
            <text from_TM="False" rev_id="13" status="New" time="1222355938">Quickly burn thousands of files to CDs and DVDs</text>
          </text_data><text_data language="Spanish">
            <text from_TM="False" rev_id="11" status="Complete" time="1222354203">Spanish : rn thousands of files to CDs and DVDs</text>
          </text_data><text_data language="English">
            <text from_TM="False" rev_id="11" status="Complete" time="1222354203">Quickly burn thousands of files to CDs and DVDs</text>
          </text_data>
        </ta_sentence><ta_sentence do_translation="no" encoding="utf-8" format="1" id="1034" original_language="English">
          <space_before />
          <space_after />
          <text_data language="German">
            <text from_TM="False" rev_id="13" status="New" time="1222355938" />
            <marker end="0" id="0" start="0" />
          </text_data><text_data language="Spanish">
            <text from_TM="False" rev_id="-1" status="Complete" time="1222355861" />
            <marker end="0" id="0" start="0" />
          </text_data><text_data language="English">
            <text from_TM="False" status="Complete" time="1222355861" />
            <marker end="0" id="0" start="0" />
          </text_data><marker_def id="0" type="html">
            <html_marker tag="img">
              <attr name="src" val="images/checkmark.gif" />
              <attr name="alt" val="" />
              <attr name="width" val="17" />
              <attr name="height" val="16" />
            </html_marker>
          </marker_def>
        </ta_sentence><ta_sentence do_translation="yes" encoding="utf-8" format="1" id="1035" original_language="English">
          <space_before />
          <space_after />
          <text_data language="German">
            <text from_TM="False" rev_id="13" status="New" time="1222355938">High performance CD and DVD burner</text>
          </text_data><text_data language="Spanish">
            <text from_TM="False" rev_id="11" status="Complete" time="1222354203">Spanish : rmance CD and DVD burner</text>
          </text_data><text_data language="English">
            <text from_TM="False" rev_id="11" status="Complete" time="1222354203">High performance CD and DVD burner</text>
          </text_data>
        </ta_sentence><ta_sentence do_translation="no" encoding="utf-8" format="1" id="1036" original_language="English">
          <space_before />
          <space_after />
          <text_data language="German">
            <text from_TM="False" rev_id="13" status="New" time="1222355938" />
            <marker end="0" id="0" start="0" />
          </text_data><text_data language="Spanish">
            <text from_TM="False" rev_id="-1" status="Complete" time="1222355861" />
            <marker end="0" id="0" start="0" />
          </text_data><text_data language="English">
            <text from_TM="False" status="Complete" time="1222355861" />
            <marker end="0" id="0" start="0" />
          </text_data><marker_def id="0" type="html">
            <html_marker tag="img">
              <attr name="src" val="images/checkmark.gif" />
              <attr name="alt" val="" />
              <attr name="width" val="17" />
              <attr name="height" val="16" />
            </html_marker>
          </marker_def>
        </ta_sentence><ta_sentence do_translation="yes" encoding="utf-8" format="1" id="1037" original_language="English">
          <space_before />
          <space_after />
          <text_data language="German">
            <text from_TM="False" rev_id="13" status="New" time="1222355938">Full support for all media types</text>
          </text_data><text_data language="Spanish">
            <text from_TM="False" rev_id="11" status="Complete" time="1222354203">Spanish : rt for all media types</text>
          </text_data><text_data language="English">
            <text from_TM="False" rev_id="11" status="Complete" time="1222354203">Full support for all media types</text>
          </text_data>
        </ta_sentence><ta_sentence do_translation="no" encoding="utf-8" format="1" id="1038" original_language="English">
          <space_before />
          <space_after />
          <text_data language="German">
            <text from_TM="False" rev_id="13" status="New" time="1222355938" />
            <marker end="0" id="0" start="0" />
          </text_data><text_data language="Spanish">
            <text from_TM="False" rev_id="-1" status="Complete" time="1222355861" />
            <marker end="0" id="0" start="0" />
          </text_data><text_data language="English">
            <text from_TM="False" status="Complete" time="1222355861" />
            <marker end="0" id="0" start="0" />
          </text_data><marker_def id="0" type="html">
            <html_marker tag="img">
              <attr name="src" val="images/checkmark.gif" />
              <attr name="alt" val="" />
              <attr name="width" val="17" />
              <attr name="height" val="16" />
            </html_marker>
          </marker_def>
        </ta_sentence><ta_sentence do_translation="yes" encoding="utf-8" format="1" id="1039" original_language="English">
          <space_before />
          <space_after />
          <text_data language="German">
            <text from_TM="False" rev_id="13" status="New" time="1222355938">Multi-session and incremental backup</text>
          </text_data><text_data language="Spanish">
            <text from_TM="False" rev_id="11" status="Complete" time="1222354203">Spanish : ion and incremental backup</text>
          </text_data><text_data language="English">
            <text from_TM="False" rev_id="11" status="Complete" time="1222354203">Multi-session and incremental backup</text>
          </text_data>
        </ta_sentence><ta_sentence do_translation="no" encoding="utf-8" format="1" id="1040" original_language="English">
          <space_before />
          <space_after />
          <text_data language="German">
            <text from_TM="False" rev_id="13" status="New" time="1222355938" />
            <marker end="0" id="0" start="0" />
          </text_data><text_data language="Spanish">
            <text from_TM="False" rev_id="-1" status="Complete" time="1222355861" />
            <marker end="0" id="0" start="0" />
          </text_data><text_data language="English">
            <text from_TM="False" status="Complete" time="1222355861" />
            <marker end="0" id="0" start="0" />
          </text_data><marker_def id="0" type="html">
            <html_marker tag="img">
              <attr name="src" val="images/checkmark.gif" />
              <attr name="alt" val="" />
              <attr name="width" val="17" />
              <attr name="height" val="16" />
            </html_marker>
          </marker_def>
        </ta_sentence><ta_sentence do_translation="yes" encoding="utf-8" format="1" id="1041" original_language="English">
          <space_before />
          <space_after />
          <text_data language="German">
            <text from_TM="False" rev_id="13" status="New" time="1222355938">Supports non-English folder and file names</text>
          </text_data><text_data language="Spanish">
            <text from_TM="False" rev_id="11" status="Complete" time="1222354203">Spanish : on-English folder and file names</text>
          </text_data><text_data language="English">
            <text from_TM="False" rev_id="11" status="Complete" time="1222354203">Supports non-English folder and file names</text>
          </text_data>
        </ta_sentence><ta_sentence do_translation="yes" encoding="utf-8" format="1" id="1042" original_language="English">
          <space_before />
          <space_after />
          <text_data language="German">
            <text from_TM="False" rev_id="13" status="New" time="1222355938">Archive management</text>
            <marker end="18" id="0" start="0" />
          </text_data><text_data language="Spanish">
            <text from_TM="False" rev_id="11" status="Complete" time="1222354203">Spanish : nagement</text>
            <marker end="18" id="0" start="0" />
          </text_data><text_data language="English">
            <text from_TM="False" rev_id="11" status="Complete" time="1222354203">Archive management</text>
            <marker end="18" id="0" start="0" />
          </text_data><marker_def id="0" type="html">
            <html_marker tag="strong" />
          </marker_def>
        </ta_sentence><ta_sentence do_translation="no" encoding="utf-8" format="1" id="1043" original_language="English">
          <space_before />
          <space_after />
          <text_data language="German">
            <text from_TM="False" rev_id="13" status="New" time="1222355938" />
            <marker end="0" id="0" start="0" />
          </text_data><text_data language="Spanish">
            <text from_TM="False" rev_id="-1" status="Complete" time="1222355861" />
            <marker end="0" id="0" start="0" />
          </text_data><text_data language="English">
            <text from_TM="False" status="Complete" time="1222355861" />
            <marker end="0" id="0" start="0" />
          </text_data><marker_def id="0" type="html">
            <html_marker tag="img">
              <attr name="src" val="images/checkmark.gif" />
              <attr name="alt" val="" />
              <attr name="width" val="17" />
              <attr name="height" val="16" />
            </html_marker>
          </marker_def>
        </ta_sentence><ta_sentence do_translation="yes" encoding="utf-8" format="1" id="1044" original_language="English">
          <space_before />
          <space_after />
          <text_data language="German">
            <text from_TM="False" rev_id="13" status="New" time="1222355938">Create redundant archives for increased safety</text>
          </text_data><text_data language="Spanish">
            <text from_TM="False" rev_id="11" status="Complete" time="1222354203">Spanish : undant archives for increased safety</text>
          </text_data><text_data language="English">
            <text from_TM="False" rev_id="11" status="Complete" time="1222354203">Create redundant archives for increased safety</text>
          </text_data>
        </ta_sentence><ta_sentence do_translation="no" encoding="utf-8" format="1" id="1045" original_language="English">
          <space_before />
          <space_after />
          <text_data language="German">
            <text from_TM="False" rev_id="13" status="New" time="1222355938" />
            <marker end="0" id="0" start="0" />
          </text_data><text_data language="Spanish">
            <text from_TM="False" rev_id="-1" status="Complete" time="1222355861" />
            <marker end="0" id="0" start="0" />
          </text_data><text_data language="English">
            <text from_TM="False" status="Complete" time="1222355861" />
            <marker end="0" id="0" start="0" />
          </text_data><marker_def id="0" type="html">
            <html_marker tag="img">
              <attr name="src" val="images/checkmark.gif" />
              <attr name="alt" val="" />
              <attr name="width" val="17" />
              <attr name="height" val="16" />
            </html_marker>
          </marker_def>
        </ta_sentence><ta_sentence do_translation="yes" encoding="utf-8" format="1" id="1046" original_language="English">
          <space_before />
          <space_after />
          <text_data language="German">
            <text from_TM="False" rev_id="13" status="New" time="1222355938">Identify and replace damaged media in the archive</text>
          </text_data><text_data language="Spanish">
            <text from_TM="False" rev_id="11" status="Complete" time="1222354203">Spanish : nd replace damaged media in the archive</text>
          </text_data><text_data language="English">
            <text from_TM="False" rev_id="11" status="Complete" time="1222354203">Identify and replace damaged media in the archive</text>
          </text_data>
        </ta_sentence><ta_sentence do_translation="no" encoding="utf-8" format="1" id="1047" original_language="English">
          <space_before />
          <space_after />
          <text_data language="German">
            <text from_TM="False" rev_id="13" status="New" time="1222355938" />
            <marker end="0" id="0" start="0" />
          </text_data><text_data language="Spanish">
            <text from_TM="False" rev_id="-1" status="Complete" time="1222355861" />
            <marker end="0" id="0" start="0" />
          </text_data><text_data language="English">
            <text from_TM="False" status="Complete" time="1222355861" />
            <marker end="0" id="0" start="0" />
          </text_data><marker_def id="0" type="html">
            <html_marker tag="img">
              <attr name="src" val="images/checkmark.gif" />
              <attr name="alt" val="" />
              <attr name="width" val="17" />
              <attr name="height" val="16" />
            </html_marker>
          </marker_def>
        </ta_sentence><ta_sentence do_translation="yes" encoding="utf-8" format="1" id="1048" original_language="English">
          <space_before />
          <space_after />
          <text_data language="German">
            <text from_TM="False" rev_id="13" status="New" time="1222355938">Scan and index all your existing backup</text>
          </text_data><text_data language="Spanish">
            <text from_TM="False" rev_id="11" status="Complete" time="1222354203">Spanish : ndex all your existing backup</text>
          </text_data><text_data language="English">
            <text from_TM="False" rev_id="11" status="Complete" time="1222354203">Scan and index all your existing backup</text>
          </text_data>
        </ta_sentence><ta_sentence do_translation="yes" encoding="utf-8" format="1" id="1049" original_language="English">
          <space_before />
          <space_after />
          <text_data language="German">
            <text from_TM="False" rev_id="13" status="New" time="1222355938">Outstanding customer support</text>
            <marker end="28" id="0" start="0" />
          </text_data><text_data language="Spanish">
            <text from_TM="False" rev_id="11" status="Complete" time="1222354203">Spanish : g customer support</text>
            <marker end="28" id="0" start="0" />
          </text_data><text_data language="English">
            <text from_TM="False" rev_id="11" status="Complete" time="1222354203">Outstanding customer support</text>
            <marker end="28" id="0" start="0" />
          </text_data><marker_def id="0" type="html">
            <html_marker tag="strong" />
          </marker_def>
        </ta_sentence><ta_sentence do_translation="no" encoding="utf-8" format="1" id="1050" original_language="English">
          <space_before />
          <space_after />
          <text_data language="German">
            <text from_TM="False" rev_id="13" status="New" time="1222355938" />
            <marker end="0" id="0" start="0" />
          </text_data><text_data language="Spanish">
            <text from_TM="False" rev_id="-1" status="Complete" time="1222355861" />
            <marker end="0" id="0" start="0" />
          </text_data><text_data language="English">
            <text from_TM="False" status="Complete" time="1222355861" />
            <marker end="0" id="0" start="0" />
          </text_data><marker_def id="0" type="html">
            <html_marker tag="img">
              <attr name="src" val="images/checkmark.gif" />
              <attr name="alt" val="" />
              <attr name="width" val="17" />
              <attr name="height" val="16" />
            </html_marker>
          </marker_def>
        </ta_sentence><ta_sentence do_translation="yes" encoding="utf-8" format="1" id="1051" original_language="English">
          <space_before />
          <space_after />
          <text_data language="German">
            <text from_TM="False" rev_id="13" status="New" time="1222355938">Unlimited free upgrades and support</text>
          </text_data><text_data language="Spanish">
            <text from_TM="False" rev_id="11" status="Complete" time="1222354203">Spanish : free upgrades and support</text>
          </text_data><text_data language="English">
            <text from_TM="False" rev_id="11" status="Complete" time="1222354203">Unlimited free upgrades and support</text>
          </text_data>
        </ta_sentence><ta_sentence do_translation="no" encoding="utf-8" format="1" id="1052" original_language="English">
          <space_before />
          <space_after />
          <text_data language="German">
            <text from_TM="False" rev_id="13" status="New" time="1222355938" />
            <marker end="0" id="0" start="0" />
          </text_data><text_data language="Spanish">
            <text from_TM="False" rev_id="-1" status="Complete" time="1222355861" />
            <marker end="0" id="0" start="0" />
          </text_data><text_data language="English">
            <text from_TM="False" status="Complete" time="1222355861" />
            <marker end="0" id="0" start="0" />
          </text_data><marker_def id="0" type="html">
            <html_marker tag="img">
              <attr name="src" val="images/checkmark.gif" />
              <attr name="alt" val="" />
              <attr name="width" val="17" />
              <attr name="height" val="16" />
            </html_marker>
          </marker_def>
        </ta_sentence><ta_sentence do_translation="yes" encoding="utf-8" format="1" id="1053" original_language="English">
          <space_before />
          <space_after />
          <text_data language="German">
            <text from_TM="False" rev_id="13" status="New" time="1222355938">Small company that cares about you!</text>
          </text_data><text_data language="Spanish">
            <text from_TM="False" rev_id="11" status="Complete" time="1222354203">Spanish : any that cares about you!</text>
          </text_data><text_data language="English">
            <text from_TM="False" rev_id="11" status="Complete" time="1222354203">Small company that cares about you!</text>
          </text_data>
        </ta_sentence><ta_sentence do_translation="yes" encoding="utf-8" format="1" id="1054" original_language="English">
          <space_before />
          <space_after />
          <text_data language="German">
            <text from_TM="False" rev_id="13" status="New" time="1222355938">Click here to download Photo Backup</text>
            <marker end="35" id="0" start="0" />
          </text_data><text_data language="Spanish">
            <text from_TM="False" rev_id="11" status="Complete" time="1222354203">Spanish :  to download Photo Backup</text>
            <marker end="35" id="0" start="0" />
          </text_data><text_data language="English">
            <text from_TM="False" rev_id="11" status="Complete" time="1222354203">Click here to download Photo Backup</text>
            <marker end="35" id="0" start="0" />
          </text_data><marker_def id="0" type="html">
            <html_marker tag="img">
              <attr name="src" val="images/photobackup/photo_backup_large.png" />
              <attr name="alt" val="Click here to download Photo Backup" />
              <attr name="width" val="160" />
              <attr name="height" val="170" />
              <attr name="hspace" val="4" />
              <attr name="vspace" val="0" />
              <attr name="border" val="0" />
            </html_marker>
          </marker_def>
        </ta_sentence><ta_sentence do_translation="yes" encoding="utf-8" format="1" id="1055" original_language="English">
          <space_before />
          <space_after />
          <text_data language="German">
            <text from_TM="False" rev_id="13" status="New" time="1222355938">Don't take our word for it </text>
            <marker end="27" id="0" start="0" />
          </text_data><text_data language="Spanish">
            <text from_TM="False" rev_id="11" status="Complete" time="1222354203">Spanish :  our word for it </text>
            <marker end="27" id="0" start="0" />
          </text_data><text_data language="English">
            <text from_TM="False" rev_id="11" status="Complete" time="1222354203">Don't take our word for it </text>
            <marker end="27" id="0" start="0" />
          </text_data><marker_def id="0" type="html">
            <html_marker tag="span">
              <attr name="class" val="Text-BigRed" />
            </html_marker>
          </marker_def>
        </ta_sentence><ta_sentence do_translation="yes" encoding="utf-8" format="1" id="1056" original_language="English">
          <space_before> </space_before>
          <space_after />
          <text_data language="German">
            <text from_TM="False" rev_id="13" status="New" time="1222355938">Download Photo Backup for free, and try it for yourself.</text>
            <marker end="-1" id="0" start="0" />
            <marker end="30" id="1" start="0" />
            <marker end="-1" id="0" start="0" />
          </text_data><text_data language="Spanish">
            <text from_TM="False" rev_id="11" status="Complete" time="1222354203">Spanish : hoto Backup for free, and try it for yourself.</text>
            <marker end="-1" id="0" start="0" />
            <marker end="30" id="1" start="0" />
            <marker end="-1" id="0" start="0" />
          </text_data><text_data language="English">
            <text from_TM="False" rev_id="11" status="Complete" time="1222354203">Download Photo Backup for free, and try it for yourself.</text>
            <marker end="-1" id="0" start="0" />
            <marker end="30" id="1" start="0" />
            <marker end="-1" id="0" start="0" />
          </text_data><marker_def id="0" type="html">
            <html_marker tag="span">
              <attr name="class" val="Text-standard" />
            </html_marker>
          </marker_def><marker_def id="1" type="html">
            <html_marker tag="a">
              <attr name="href" val="pb_download.htm" />
            </html_marker>
          </marker_def>
        </ta_sentence><ta_sentence do_translation="yes" encoding="utf-8" format="1" id="1057" original_language="English">
          <space_before> </space_before>
          <space_after />
          <text_data language="German">
            <text from_TM="False" rev_id="13" status="New" time="1222355938">The trial version is fully featured and doesn't require any registration.</text>
          </text_data><text_data language="Spanish">
            <text from_TM="False" rev_id="11" status="Complete" time="1222354203">Spanish : version is fully featured and doesn't require any registration.</text>
          </text_data><text_data language="English">
            <text from_TM="False" rev_id="11" status="Complete" time="1222354203">The trial version is fully featured and doesn't require any registration.</text>
          </text_data>
        </ta_sentence><ta_sentence do_translation="yes" encoding="utf-8" format="1" id="1058" original_language="English">
          <space_before />
          <space_after />
          <text_data language="German">
            <text from_TM="False" rev_id="13" status="New" time="1222355938">Products&#160;&#160; - &#160;&#160;Passport Photo&#160;&#160; - &#160;&#160;Photo Backup&#160;&#160; - &#160;&#160;Shrink Pic&#160;&#160; - &#160;&#160;Resources&#160;&#160; - &#160;&#160;Partners&#160;&#160; - &#160;&#160;Blog</text>
            <marker end="8" id="0" start="0" />
            <marker end="29" id="1" start="15" />
            <marker end="48" id="2" start="36" />
            <marker end="65" id="3" start="55" />
            <marker end="81" id="4" start="72" />
            <marker end="96" id="5" start="88" />
            <marker end="107" id="6" start="103" />
          </text_data><text_data language="Spanish">
            <text from_TM="False" rev_id="11" status="Complete" time="1222354203">Spanish :  - &#160;&#160;Passport Photo&#160;&#160; - &#160;&#160;Photo Backup&#160;&#160; - &#160;&#160;Shrink Pic&#160;&#160; - &#160;&#160;Resources&#160;&#160; - &#160;&#160;Partners&#160;&#160; - &#160;&#160;Blog</text>
            <marker end="8" id="0" start="0" />
            <marker end="29" id="1" start="15" />
            <marker end="48" id="2" start="36" />
            <marker end="65" id="3" start="55" />
            <marker end="81" id="4" start="72" />
            <marker end="96" id="5" start="88" />
            <marker end="107" id="6" start="103" />
          </text_data><text_data language="English">
            <text from_TM="False" rev_id="11" status="Complete" time="1222354203">Products&#160;&#160; - &#160;&#160;Passport Photo&#160;&#160; - &#160;&#160;Photo Backup&#160;&#160; - &#160;&#160;Shrink Pic&#160;&#160; - &#160;&#160;Resources&#160;&#160; - &#160;&#160;Partners&#160;&#160; - &#160;&#160;Blog</text>
            <marker end="8" id="0" start="0" />
            <marker end="29" id="1" start="15" />
            <marker end="48" id="2" start="36" />
            <marker end="65" id="3" start="55" />
            <marker end="81" id="4" start="72" />
            <marker end="96" id="5" start="88" />
            <marker end="107" id="6" start="103" />
          </text_data><marker_def id="0" type="html">
            <html_marker tag="a">
              <attr name="href" val="./" />
            </html_marker>
          </marker_def><marker_def id="1" type="html">
            <html_marker tag="a">
              <attr name="href" val="passport_photo.htm" />
            </html_marker>
          </marker_def><marker_def id="2" type="html">
            <html_marker tag="a">
              <attr name="href" val="photo_backup.htm" />
            </html_marker>
          </marker_def><marker_def id="3" type="html">
            <html_marker tag="a">
              <attr name="href" val="shrink_pic.htm" />
            </html_marker>
          </marker_def><marker_def id="4" type="html">
            <html_marker tag="a">
              <attr name="href" val="links_nav.htm" />
            </html_marker>
          </marker_def><marker_def id="5" type="html">
            <html_marker tag="a">
              <attr name="href" val="partners.htm" />
            </html_marker>
          </marker_def><marker_def id="6" type="html">
            <html_marker tag="a">
              <attr name="href" val="blog/" />
            </html_marker>
          </marker_def>
        </ta_sentence><ta_sentence do_translation="yes" encoding="utf-8" format="1" id="1059" original_language="English">
          <space_before />
          <space_after />
          <text_data language="German">
            <text from_TM="False" rev_id="13" status="New" time="1222355938">This website has been translated using ICanLocalize - Affordable Website Translation</text>
            <marker end="-1" id="0" start="0" />
            <marker end="84" id="1" start="39" />
            <marker end="-1" id="0" start="0" />
          </text_data><text_data language="Spanish">
            <text from_TM="False" rev_id="11" status="Complete" time="1222354203">Spanish : te has been translated using ICanLocalize - Affordable Website Translation</text>
            <marker end="-1" id="0" start="0" />
            <marker end="84" id="1" start="39" />
            <marker end="-1" id="0" start="0" />
          </text_data><text_data language="English">
            <text from_TM="False" rev_id="11" status="Complete" time="1222354203">This website has been translated using ICanLocalize - Affordable Website Translation</text>
            <marker end="-1" id="0" start="0" />
            <marker end="84" id="1" start="39" />
            <marker end="-1" id="0" start="0" />
          </text_data><marker_def id="0" type="html">
            <html_marker tag="span">
              <attr name="class" val="copyright" />
            </html_marker>
          </marker_def><marker_def id="1" type="html">
            <html_marker tag="a">
              <attr name="target" val="_blank" />
              <attr name="href" val="http://www.icanlocalize.com" />
            </html_marker>
          </marker_def>
        </ta_sentence><ta_sentence do_translation="yes" encoding="utf-8" format="1" id="1060" original_language="English">
          <space_before />
          <space_after />
          <text_data language="German">
            <text from_TM="False" rev_id="13" status="New" time="1222355938">&#169; OnTheGoSystems,INC. 2003-2008</text>
            <marker end="21" id="0" start="2" />
            <marker end="31" id="-1" start="-1" />
          </text_data><text_data language="Spanish">
            <text from_TM="False" rev_id="11" status="Complete" time="1222354203">Spanish : ystems,INC. 2003-2008</text>
            <marker end="21" id="0" start="2" />
            <marker end="31" id="-1" start="-1" />
          </text_data><text_data language="English">
            <text from_TM="False" rev_id="11" status="Complete" time="1222354203">&#169; OnTheGoSystems,INC. 2003-2008</text>
            <marker end="21" id="0" start="2" />
            <marker end="31" id="-1" start="-1" />
          </text_data><marker_def id="0" type="html">
            <html_marker tag="a">
              <attr name="href" val="http://www.onthegosystems.com/" />
              <attr name="target" val="_blank" />
            </html_marker>
          </marker_def><marker_def id="-1" type="html">
            <html_marker tag="span" />
          </marker_def>
        </ta_sentence>
      </sentences><html_output_change_data_3 />
    </translation>
  </ta_buffer><ta_buffer encoding="utf-8" format="1" manual="False" original_language="English" source_file="/buy.htm" type="html">
    <extractor>
      <marked_file MD5="fbdba17ca8cb038e6c1d3c966a5bbbcb" encoding="zlib-hex">789ccd59db72dbb819be4e67fa0e58669326134bb47cf65a52c6969dd633d944532bddd92b0d484224d624c005402becc5be4e677ad767c88bf5c781274996956e3ab3be9009eac77ffcfe03a0e177d71f27b39fa737e86fb31fdfa3e9a7abf7b713e4f57cffa7c389ef5fcfaeed1747fdfd019a09cc245594339cfafecd076ffce73f0d1395a5f01fa1614270649ee059519592f16fcff5dfec723ebb9dbdbf793e2d44986049d0f779ced49ce18c20cc2258066ea9c97f1bfa76b76395118551a254de23bf16f461e44d385384a9deaccc898742bb1a798a7c56bed6e602811421891a69d1fa790e8b7986c53d11cfbd8a6f4ad93d4a04598c3ca9ca94c87e28a5870449ab170921ca430ac438ee9a00b61b6b7d67ae59043c2a2bbedff57a48f11c059831220e514062ca50afe768b573709012b4a4914a46dee9c9be87022e2222461e3ce294c66ce485601311601e49d31c471165b1f95aaf658e43b706a6cf864a8c11fcd79c2394101a27e08e63ed1a4d0acc0e41420c2b0e229e1f0c4e8f2faf3d1b9c21cd62244538f268866322fd202d0868df8fe942eb028c3eb25942fecaeff8029cd156ba9134aee216197d7c50c8eab541ecbaa627071d551d05d044f461c51d63b459eb94c77cf084ce87e7a75e5ba655daf0ab243a3340ee7883314f3a798b4b03ae14cfbe8157d7e04520810cb89ed55f31fc4063acf3d482efd0126813daca1fac40e4c1f9daeaea8d37f9bf8bdda3b3df85dda1b508540a532ce5c8cb082b4040e548ecd2b3ef7be3a9e051112a39f471c72f4fef8ef892a51c477da80ddef8daad766024494a424522c7f0aa28bf4eb0ae4c385456eec42ebe5e7d59e439178ecb9d5dac71d1d8800f1d9b710bbfab98690103607358e1a603ed369ebbd11eecefbfe8847b259eabf1d6bc6be615776b2b2803e517fc0be8af536d2309e310866f40f36db8ec42237476b568aa0a624a5a1da36dd5a5f2b75771cee967920ecceb867187f6f4f8ac496050a45df0df0dde9dbe3b6fd5d5ed51dd96c4471b1b10424de31398a66b05c8d59f8d044dfd7a66eb81f3aa7bd273c5c0a6c447a6dd8b723745b804806f6bcadf01d7230bd706af5dff9e9cbd700446505e45660663414f2a9862b0a80ac51d090b4110efaa8ba844395f1241221494688acb294efbd68840d89db500842e15520931dee10bf35833ca050f89947b0837ef040909cd15a89ba6e07310260b1259f66602bbbb324fb6d75542660928556d1524e30f441a5929cda8b2f159089e99774a509ca20722a47efd4a5198de5abc5a5b7cb4c4801d3d70bd36031e4e53be94a86086081c5080ca955982c70267ce137ebeab9787c1f836d3c51033f5035a2684a1921728c725384125e09c105c4d150a61cf1ee2c25a829de7a17fa69885644fef12eb8e04c748c80044b30cb8803969b9d19b8e1be9850909efc17bf89ea0c3de118a70092b0e26102cfa433f18af5a5857882ed40e00692f5920f38b55824e7e57538d06b973d3826005c89b6b60575e924a70168feb76e28731ed0594f932e1790ed09f837f543f2fdf823be21124f43f785a641a0250012410e86633f41d9f47f0fa29d7a61eefbf401195212fc07138876a0870329171ee056e282b5245f3b41200637767cc69ea65a760d6eb403c92ee67c611ed943e6eb27fd0caee964337c26b75e4a98ddc3cdde5826a3a3f07561a8ef33ce18acf1565653f67711da8e393d6f4b9efa6c0d641c8e581b7e262807943a451e4d45971da57d8d38d5c0d0c7dc2fac1f797cb651f469584c45cc26cda0f79564326284a0d14ade968eacc7d33d5e6bec4597e5101a8c25c356ae94a58a21efafebc7f7e8c5e7dbabb7e5de349836b8345ba55fc8f51fa3606bd995c6fb7e90d9a5c6b9b06475b8c32d654ddad01f6ff05865aeb0087f7456e9fe776b13310835d8018fc018168c275658cdd0d86077f6c1cb6ecd9198587db50e83acd3a0e9f2cb0c9810dd28f9c91126940a1b8c0023a2ea9c7af83867c6bbfaea810ba5d984e4d98691444c0885042df582c68a87b0381c906fa836ec6ee0405e382192396c4ce3711470d37ddbd0322956e40209cc21370df305855c2f7d0825b99028470b66758e8982c318c6d1187a6c5b8421921ca0e07e4730e074133db806e0daf4a1f087301ea19daccb80a2299e56a6d64689c9eb79c2c76f4e007029353c641c784a4f95b34810e7a0fcff0425bd4000ebe9d6b489923a3ee86f6ca0e51067499b1438303e180176ae36cd99dc69e566d82d95f14029976f682a128c7e95bf4338439c40c7244f2468699b76c9181c8ea9900486aeda11c11c140c9073277da70e14c69be5ad398eb190b8f57f4de7a08b367a84da7a9274e5e9b4f6dedab14b7dbdea4e863c0dae6ae22f5f969c1b9ce88f53bc34d773175697eeca2c48e91f613ca447b59efe9ce2dd6d1ed8963858b55073dcaadd57a2a5ec163bc1ee1211318a9eee7390ddda58759a3290d77e5a0af7625c87cb00cfe4e24600e50b2bb4f848283bcb4dba76eb5ebee20e53104e20afe359084580d6528f4d1c2b4ed565788398f53d2c390a2a5a2a134ad41c39bb2fe2fb27301fd0b7ec0968b06947daaf93e42372f7008357484bc4f97bde393a3f3fde3dec0bbb00266024245c4abd717353b03a91b16a754266dfb7a1b8d8d885f979a6b52281926ab7edabc71219a8defa0a57cf917a66b2edebc55dfa9565b6f20e7befc87a7bbed0c5a42a700fa222ebefc5b76a3d4f48ca1cee72a97439e97ee6ac71c9b9724907096455084205de18ca3f4af2329b6c75b5dd540aac22226305ecd0368e1f7defa4440a13ca63c84ccfe27d171f7c6b7504bdfbb3780b0cb05d4ecc81c747e7212674e902be3dd4ef752eb79b175fa28a522994599b7aae1b8ba97b6447bb71f26a6aea283fdfdc31e7c9c014ec02b55a135578dadc255dfe6e8eae67e1519faee37a2ff027afa0ed8</marked_file>
      <paragraph_indexes count="33">94 143 507 583 689 764 769 782 846 925 1175 1205 1237 1278 1318 1326 1358 1396 1428 1466 2215 2235 2383 2432 2441 2527 2541 2698 2741 2861 2875 2924 3035 3120 3129 3204 3372 3475 3484 3513 3571 3723 4019 4124 4133 4162 4220 4371 4641 4666 4709 4825 4834 4960 5031 5144 5186 5328 5568 5987 6163 6409 6422 6595 6604 6713 </paragraph_indexes>
      <support_files>
        <file type="todo">images/bluebottom.gif</file>
        <file type="todo">images/bluetop.gif</file>
        <file type="todo">images/bottomwhite.gif</file>
        <file type="todo">images/bottomwhite2.gif</file>
        <file type="todo">images/logo1.gif</file>
        <file type="todo">images/menutabA1.gif</file>
        <file type="todo">images/menutabB1.gif</file>
        <file type="todo">images/photobackup/1bckgrnd.gif</file>
        <file type="todo">images/photobackup/2bckgrnd.gif</file>
        <file type="todo">images/photobackup/3bckgrnd.gif</file>
        <file type="todo">images/photobackup/photo_backup_tiny.png</file>
        <file type="todo">images/printer/passport_photo_tiny.png</file>
        <file type="todo">images/topline1.gif</file>
        <file type="todo">images/topline2.gif</file>
        <file type="todo">images/topline2WB.gif</file>
        <file type="todo">images/toplineL.gif</file>
        <file type="todo">images/toplineLW.gif</file>
        <file type="todo">images/toplineR.gif</file>
        <file type="todo">images/topwhite2.gif</file>
        <file type="todo">styles.css</file>
      </support_files>
    </extractor><translation>
      <languages>
        <language reviewed="False">Spanish</language>
        <language reviewed="False">German</language>
      </languages><sentences count="33">
        <ta_sentence do_translation="yes" encoding="utf-8" format="1" id="2264" original_language="English" type="title">
          <space_before />
          <space_after />
          <text_data language="German">
            <text rev_id="13" status="New" time="1222355938">Purchase $ppnt_name and $pbnt_name</text>
          </text_data><text_data language="Spanish">
            <text rev_id="13" status="New" time="1222355861">Purchase $ppnt_name and $pbnt_name</text>
          </text_data><text_data language="English">
            <text from_TM="False" rev_id="13" status="New" time="1222355820">Purchase $ppnt_name and $pbnt_name</text>
          </text_data>
        </ta_sentence><ta_sentence do_translation="yes" encoding="utf-8" format="1" id="2265" original_language="English">
          <space_before />
          <space_after />
          <text_data language="German">
            <text rev_id="13" status="New" time="1222355938">OnTheGoSoft</text>
            <marker end="11" id="0" start="0" />
          </text_data><text_data language="Spanish">
            <text rev_id="13" status="New" time="1222355861">OnTheGoSoft</text>
            <marker end="11" id="0" start="0" />
          </text_data><text_data language="English">
            <text from_TM="False" rev_id="13" status="New" time="1222355820">OnTheGoSoft</text>
            <marker end="11" id="0" start="0" />
          </text_data><marker_def id="0" type="html">
            <html_marker tag="img">
              <attr name="src" val="images/bluetop.gif" />
              <attr name="alt" val="OnTheGoSoft" />
              <attr name="width" val="760" />
              <attr name="height" val="5" />
            </html_marker>
          </marker_def>
        </ta_sentence><ta_sentence do_translation="yes" encoding="utf-8" format="1" id="2266" original_language="English">
          <space_before />
          <space_after />
          <text_data language="German">
            <text rev_id="13" status="New" time="1222355938">OnTheGoSoft</text>
            <marker end="11" id="0" start="0" />
          </text_data><text_data language="Spanish">
            <text rev_id="13" status="New" time="1222355861">OnTheGoSoft</text>
            <marker end="11" id="0" start="0" />
          </text_data><text_data language="English">
            <text from_TM="False" rev_id="13" status="New" time="1222355820">OnTheGoSoft</text>
            <marker end="11" id="0" start="0" />
          </text_data><marker_def id="0" type="html">
            <html_marker tag="img">
              <attr name="src" val="images/logo1.gif" />
              <attr name="alt" val="OnTheGoSoft" />
              <attr name="width" val="397" />
              <attr name="height" val="62" />
            </html_marker>
          </marker_def>
        </ta_sentence><ta_sentence do_translation="no" encoding="utf-8" format="1" id="2267" original_language="English">
          <space_before> </space_before>
          <space_after />
          <text_data language="German">
            <text rev_id="13" status="New" time="1222355938" />
          </text_data><text_data language="Spanish">
            <text rev_id="13" status="New" time="1222355861" />
          </text_data><text_data language="English">
            <text from_TM="False" status="Complete" time="1222355861" />
          </text_data>
        </ta_sentence><ta_sentence do_translation="yes" encoding="utf-8" format="1" id="2268" original_language="English">
          <space_before />
          <space_after />
          <text_data language="German">
            <text rev_id="13" status="New" time="1222355938">OnTheGoSoft</text>
            <marker end="11" id="0" start="0" />
          </text_data><text_data language="Spanish">
            <text rev_id="13" status="New" time="1222355861">OnTheGoSoft</text>
            <marker end="11" id="0" start="0" />
          </text_data><text_data language="English">
            <text from_TM="False" rev_id="13" status="New" time="1222355820">OnTheGoSoft</text>
            <marker end="11" id="0" start="0" />
          </text_data><marker_def id="0" type="html">
            <html_marker tag="img">
              <attr name="src" val="images/bluebottom.gif" />
              <attr name="alt" val="OnTheGoSoft" />
              <attr name="width" val="760" />
              <attr name="height" val="5" />
            </html_marker>
          </marker_def>
        </ta_sentence><ta_sentence do_translation="yes" encoding="utf-8" format="1" id="2269" original_language="English">
          <space_before />
          <space_after />
          <text_data language="German">
            <text rev_id="13" status="New" time="1222355938">Products</text>
            <marker end="8" id="0" start="0" />
          </text_data><text_data language="Spanish">
            <text rev_id="13" status="New" time="1222355861">Products</text>
            <marker end="8" id="0" start="0" />
          </text_data><text_data language="English">
            <text from_TM="False" rev_id="13" status="New" time="1222355820">Products</text>
            <marker end="8" id="0" start="0" />
          </text_data><marker_def id="0" type="html">
            <html_marker tag="a">
              <attr name="href" val="./" />
            </html_marker>
          </marker_def>
        </ta_sentence><ta_sentence do_translation="yes" encoding="utf-8" format="1" id="2270" original_language="English">
          <space_before />
          <space_after />
          <text_data language="German">
            <text rev_id="13" status="New" time="1222355938">Downloads</text>
            <marker end="9" id="0" start="0" />
          </text_data><text_data language="Spanish">
            <text rev_id="13" status="New" time="1222355861">Downloads</text>
            <marker end="9" id="0" start="0" />
          </text_data><text_data language="English">
            <text from_TM="False" rev_id="13" status="New" time="1222355820">Downloads</text>
            <marker end="9" id="0" start="0" />
          </text_data><marker_def id="0" type="html">
            <html_marker tag="a">
              <attr name="href" val="download.htm" />
            </html_marker>
          </marker_def>
        </ta_sentence><ta_sentence do_translation="yes" encoding="utf-8" format="1" id="2271" original_language="English">
          <space_before />
          <space_after />
          <text_data language="German">
            <text rev_id="13" status="New" time="1222355938">Buy</text>
          </text_data><text_data language="Spanish">
            <text rev_id="13" status="New" time="1222355861">Buy</text>
          </text_data><text_data language="English">
            <text from_TM="False" rev_id="13" status="New" time="1222355820">Buy</text>
          </text_data>
        </ta_sentence><ta_sentence do_translation="yes" encoding="utf-8" format="1" id="2272" original_language="English">
          <space_before />
          <space_after />
          <text_data language="German">
            <text rev_id="13" status="New" time="1222355938">Contact</text>
            <marker end="7" id="0" start="0" />
          </text_data><text_data language="Spanish">
            <text rev_id="13" status="New" time="1222355861">Contact</text>
            <marker end="7" id="0" start="0" />
          </text_data><text_data language="English">
            <text from_TM="False" rev_id="13" status="New" time="1222355820">Contact</text>
            <marker end="7" id="0" start="0" />
          </text_data><marker_def id="0" type="html">
            <html_marker tag="a">
              <attr name="href" val="contact.htm" />
            </html_marker>
          </marker_def>
        </ta_sentence><ta_sentence do_translation="yes" encoding="utf-8" format="1" id="2273" original_language="English">
          <space_before />
          <space_after />
          <text_data language="German">
            <text rev_id="13" status="New" time="1222355938">Support</text>
            <marker end="7" id="0" start="0" />
          </text_data><text_data language="Spanish">
            <text rev_id="13" status="New" time="1222355861">Support</text>
            <marker end="7" id="0" start="0" />
          </text_data><text_data language="English">
            <text from_TM="False" rev_id="13" status="New" time="1222355820">Support</text>
            <marker end="7" id="0" start="0" />
          </text_data><marker_def id="0" type="html">
            <html_marker tag="a">
              <attr name="href" val="support.htm" />
            </html_marker>
          </marker_def>
        </ta_sentence><ta_sentence do_translation="yes" encoding="utf-8" format="1" id="2274" original_language="English">
          <space_before />
          <space_after />
          <text_data language="German">
            <text rev_id="13" status="New" time="1222355938">Online purchase</text>
          </text_data><text_data language="Spanish">
            <text rev_id="13" status="New" time="1222355861">Online purchase</text>
          </text_data><text_data language="English">
            <text from_TM="False" rev_id="13" status="New" time="1222355820">Online purchase</text>
          </text_data>
        </ta_sentence><ta_sentence do_translation="yes" encoding="utf-8" format="1" id="2275" original_language="English">
          <space_before />
          <space_after />
          <text_data language="German">
            <text rev_id="13" status="New" time="1222355938">Secure online purchase is powered by PayPal.</text>
          </text_data><text_data language="Spanish">
            <text rev_id="13" status="New" time="1222355861">Secure online purchase is powered by PayPal.</text>
          </text_data><text_data language="English">
            <text from_TM="False" rev_id="13" status="New" time="1222355820">Secure online purchase is powered by PayPal.</text>
          </text_data>
        </ta_sentence><ta_sentence do_translation="yes" encoding="utf-8" format="1" id="2276" original_language="English">
          <space_before> </space_before>
          <space_after />
          <text_data language="German">
            <text rev_id="13" status="New" time="1222355938">At the end of the purchase process, a purchase receipt will be issued.</text>
          </text_data><text_data language="Spanish">
            <text rev_id="13" status="New" time="1222355861">At the end of the purchase process, a purchase receipt will be issued.</text>
          </text_data><text_data language="English">
            <text from_TM="False" rev_id="13" status="New" time="1222355820">At the end of the purchase process, a purchase receipt will be issued.</text>
          </text_data>
        </ta_sentence><ta_sentence do_translation="yes" encoding="utf-8" format="1" id="2277" original_language="English">
          <space_before> </space_before>
          <space_after />
          <text_data language="German">
            <text rev_id="13" status="New" time="1222355938">This receipt removes the limitation from the trial version (time limitation / watermark) and allows unlimited use of the program.</text>
          </text_data><text_data language="Spanish">
            <text rev_id="13" status="New" time="1222355861">This receipt removes the limitation from the trial version (time limitation / watermark) and allows unlimited use of the program.</text>
          </text_data><text_data language="English">
            <text from_TM="False" rev_id="13" status="New" time="1222355820">This receipt removes the limitation from the trial version (time limitation / watermark) and allows unlimited use of the program.</text>
          </text_data>
        </ta_sentence><ta_sentence do_translation="yes" encoding="utf-8" format="1" id="2278" original_language="English">
          <space_before />
          <space_after />
          <text_data language="German">
            <text rev_id="13" status="New" time="1222355938">Important: when you pay with a credit card, or from a PayPal balance, your purchase receipt is sent immediately. PayPal e-checks take 3-4 days to clear.</text>
            <marker end="152" id="0" start="0" />
          </text_data><text_data language="Spanish">
            <text rev_id="13" status="New" time="1222355861">Important: when you pay with a credit card, or from a PayPal balance, your purchase receipt is sent immediately. PayPal e-checks take 3-4 days to clear.</text>
            <marker end="152" id="0" start="0" />
          </text_data><text_data language="English">
            <text from_TM="False" rev_id="13" status="New" time="1222355820">Important: when you pay with a credit card, or from a PayPal balance, your purchase receipt is sent immediately. PayPal e-checks take 3-4 days to clear.</text>
            <marker end="152" id="0" start="0" />
          </text_data><marker_def id="0" type="html">
            <html_marker tag="b" />
          </marker_def>
        </ta_sentence><ta_sentence do_translation="no" encoding="utf-8" format="1" id="2279" original_language="English">
          <space_before />
          <space_after />
          <text_data language="German">
            <text rev_id="13" status="New" time="1222355938" />
          </text_data><text_data language="Spanish">
            <text rev_id="13" status="New" time="1222355861" />
          </text_data><text_data language="English">
            <text from_TM="False" status="Complete" time="1222355861" />
          </text_data>
        </ta_sentence><ta_sentence do_translation="yes" encoding="utf-8" format="1" id="2280" original_language="English">
          <space_before />
          <space_after />
          <text_data language="German">
            <text rev_id="13" status="New" time="1222355938">Volume licensing</text>
            <marker end="16" id="0" start="0" />
            <marker end="16" id="1" start="0" />
          </text_data><text_data language="Spanish">
            <text rev_id="13" status="New" time="1222355861">Volume licensing</text>
            <marker end="16" id="0" start="0" />
            <marker end="16" id="1" start="0" />
          </text_data><text_data language="English">
            <text from_TM="False" rev_id="13" status="New" time="1222355820">Volume licensing</text>
            <marker end="16" id="0" start="0" />
            <marker end="16" id="1" start="0" />
          </text_data><marker_def id="0" type="html">
            <html_marker tag="strong" />
          </marker_def><marker_def id="1" type="html">
            <html_marker tag="a">
              <attr name="href" val="/cgi-bin/shopping_cart.py?lang=0" />
            </html_marker>
          </marker_def>
        </ta_sentence><ta_sentence do_translation="yes" encoding="utf-8" format="1" id="2281" original_language="English">
          <space_before> </space_before>
          <space_after />
          <text_data language="German">
            <text rev_id="13" status="New" time="1222355938">Up to 50% discount applies when purchasing multiple licenses.</text>
          </text_data><text_data language="Spanish">
            <text rev_id="13" status="New" time="1222355861">Up to 50% discount applies when purchasing multiple licenses.</text>
          </text_data><text_data language="English">
            <text from_TM="False" rev_id="13" status="New" time="1222355820">Up to 50% discount applies when purchasing multiple licenses.</text>
          </text_data>
        </ta_sentence><ta_sentence do_translation="yes" encoding="utf-8" format="1" id="2282" original_language="English">
          <space_before />
          <space_after />
          <text_data language="German">
            <text rev_id="13" status="New" time="1222355938">$ppnt_name program</text>
            <marker end="18" id="0" start="0" />
          </text_data><text_data language="Spanish">
            <text rev_id="13" status="New" time="1222355861">$ppnt_name program</text>
            <marker end="18" id="0" start="0" />
          </text_data><text_data language="English">
            <text from_TM="False" rev_id="13" status="New" time="1222355820">$ppnt_name program</text>
            <marker end="18" id="0" start="0" />
          </text_data><marker_def id="0" type="html">
            <html_marker tag="img">
              <attr name="src" val="images/printer/passport_photo_tiny.png" />
              <attr name="width" val="56" />
              <attr name="height" val="60" />
              <attr name="alt" val="$ppnt_name program" />
            </html_marker>
          </marker_def>
        </ta_sentence><ta_sentence do_translation="yes" encoding="utf-8" format="1" id="2283" original_language="English">
          <space_before />
          <space_after> </space_after>
          <text_data language="German">
            <text rev_id="13" status="New" time="1222355938">$ppnt_name</text>
            <marker end="10" id="0" start="0" />
          </text_data><text_data language="Spanish">
            <text rev_id="13" status="New" time="1222355861">$ppnt_name</text>
            <marker end="10" id="0" start="0" />
          </text_data><text_data language="English">
            <text from_TM="False" rev_id="13" status="New" time="1222355820">$ppnt_name</text>
            <marker end="10" id="0" start="0" />
          </text_data><marker_def id="0" type="html">
            <html_marker tag="b" />
          </marker_def>
        </ta_sentence><ta_sentence do_translation="yes" encoding="utf-8" format="1" id="2284" original_language="English">
          <space_before> </space_before>
          <space_after> </space_after>
          <text_data language="German">
            <text rev_id="13" status="New" time="1222355938">Download only - $9.95 (USD)</text>
            <marker end="27" id="0" start="0" />
            <marker end="27" id="1" start="0" />
          </text_data><text_data language="Spanish">
            <text rev_id="13" status="New" time="1222355861">Download only - $9.95 (USD)</text>
            <marker end="27" id="0" start="0" />
            <marker end="27" id="1" start="0" />
          </text_data><text_data language="English">
            <text from_TM="False" rev_id="13" status="New" time="1222355820">Download only - $9.95 (USD)</text>
            <marker end="27" id="0" start="0" />
            <marker end="27" id="1" start="0" />
          </text_data><marker_def id="0" type="html">
            <html_marker tag="a">
              <attr name="href" val="http://www.onthegosoft.com/cgi-bin/buy.py?prog=Passport+Photo&amp;lang=0" />
            </html_marker>
          </marker_def><marker_def id="1" type="html">
            <html_marker tag="strong" />
          </marker_def>
        </ta_sentence><ta_sentence do_translation="yes" encoding="utf-8" format="1" id="2285" original_language="English">
          <space_before />
          <space_after />
          <text_data language="German">
            <text rev_id="13" status="New" time="1222355938">$pbnt_name program</text>
            <marker end="18" id="0" start="0" />
          </text_data><text_data language="Spanish">
            <text rev_id="13" status="New" time="1222355861">$pbnt_name program</text>
            <marker end="18" id="0" start="0" />
          </text_data><text_data language="English">
            <text from_TM="False" rev_id="13" status="New" time="1222355820">$pbnt_name program</text>
            <marker end="18" id="0" start="0" />
          </text_data><marker_def id="0" type="html">
            <html_marker tag="img">
              <attr name="src" val="images/photobackup/photo_backup_tiny.png" />
              <attr name="width" val="56" />
              <attr name="height" val="60" />
              <attr name="alt" val="$pbnt_name program" />
            </html_marker>
          </marker_def>
        </ta_sentence><ta_sentence do_translation="yes" encoding="utf-8" format="1" id="2286" original_language="English">
          <space_before />
          <space_after> </space_after>
          <text_data language="German">
            <text rev_id="13" status="New" time="1222355938">$pbnt_name</text>
            <marker end="10" id="0" start="0" />
          </text_data><text_data language="Spanish">
            <text rev_id="13" status="New" time="1222355861">$pbnt_name</text>
            <marker end="10" id="0" start="0" />
          </text_data><text_data language="English">
            <text from_TM="False" rev_id="13" status="New" time="1222355820">$pbnt_name</text>
            <marker end="10" id="0" start="0" />
          </text_data><marker_def id="0" type="html">
            <html_marker tag="b" />
          </marker_def>
        </ta_sentence><ta_sentence do_translation="yes" encoding="utf-8" format="1" id="2287" original_language="English">
          <space_before> </space_before>
          <space_after> </space_after>
          <text_data language="German">
            <text rev_id="13" status="New" time="1222355938">Download only - $29.95 (USD)</text>
            <marker end="28" id="0" start="0" />
            <marker end="28" id="1" start="0" />
          </text_data><text_data language="Spanish">
            <text rev_id="13" status="New" time="1222355861">Download only - $29.95 (USD)</text>
            <marker end="28" id="0" start="0" />
            <marker end="28" id="1" start="0" />
          </text_data><text_data language="English">
            <text from_TM="False" rev_id="13" status="New" time="1222355820">Download only - $29.95 (USD)</text>
            <marker end="28" id="0" start="0" />
            <marker end="28" id="1" start="0" />
          </text_data><marker_def id="0" type="html">
            <html_marker tag="a">
              <attr name="href" val="http://www.onthegosoft.com/cgi-bin/buy.py?prog=Photo+Backup&amp;lang=0" />
            </html_marker>
          </marker_def><marker_def id="1" type="html">
            <html_marker tag="strong" />
          </marker_def>
        </ta_sentence><ta_sentence do_translation="yes" encoding="utf-8" format="1" id="2288" original_language="English">
          <space_before />
          <space_after />
          <text_data language="German">
            <text rev_id="13" status="New" time="1222355938">Money back guarantee</text>
          </text_data><text_data language="Spanish">
            <text rev_id="13" status="New" time="1222355861">Money back guarantee</text>
          </text_data><text_data language="English">
            <text from_TM="False" rev_id="13" status="New" time="1222355820">Money back guarantee</text>
          </text_data>
        </ta_sentence><ta_sentence do_translation="yes" encoding="utf-8" format="1" id="2289" original_language="English">
          <space_before> </space_before>
          <space_after />
          <text_data language="German">
            <text rev_id="13" status="New" time="1222355938">If you encounter any difficulties, please contact us and we will do our best to assist you.</text>
          </text_data><text_data language="Spanish">
            <text rev_id="13" status="New" time="1222355861">If you encounter any difficulties, please contact us and we will do our best to assist you.</text>
          </text_data><text_data language="English">
            <text from_TM="False" rev_id="13" status="New" time="1222355820">If you encounter any difficulties, please contact us and we will do our best to assist you.</text>
          </text_data>
        </ta_sentence><ta_sentence do_translation="yes" encoding="utf-8" format="1" id="2290" original_language="English">
          <space_before> </space_before>
          <space_after />
          <text_data language="German">
            <text rev_id="13" status="New" time="1222355938">If, for any reason, our software does not meet your expectations, we will refund your money promptly.</text>
          </text_data><text_data language="Spanish">
            <text rev_id="13" status="New" time="1222355861">If, for any reason, our software does not meet your expectations, we will refund your money promptly.</text>
          </text_data><text_data language="English">
            <text from_TM="False" rev_id="13" status="New" time="1222355820">If, for any reason, our software does not meet your expectations, we will refund your money promptly.</text>
          </text_data>
        </ta_sentence><ta_sentence do_translation="yes" encoding="utf-8" format="1" id="2291" original_language="English">
          <space_before />
          <space_after />
          <text_data language="German">
            <text rev_id="13" status="New" time="1222355938">Need more help? Click here for additional information about the purchase process.</text>
            <marker end="53" id="0" start="31" />
          </text_data><text_data language="Spanish">
            <text rev_id="13" status="New" time="1222355861">Need more help? Click here for additional information about the purchase process.</text>
            <marker end="53" id="0" start="31" />
          </text_data><text_data language="English">
            <text from_TM="False" rev_id="13" status="New" time="1222355820">Need more help? Click here for additional information about the purchase process.</text>
            <marker end="53" id="0" start="31" />
          </text_data><marker_def id="0" type="html">
            <html_marker tag="a">
              <attr name="href" val="help_buy.htm" />
            </html_marker>
          </marker_def>
        </ta_sentence><ta_sentence do_translation="yes" encoding="utf-8" format="1" id="2292" original_language="English">
          <space_before />
          <space_after />
          <text_data language="German">
            <text rev_id="13" status="New" time="1222355938">Can't buy with Paypal? You can also purchase our program using an alternative purchase processor.</text>
            <marker end="97" id="0" start="66" />
          </text_data><text_data language="Spanish">
            <text rev_id="13" status="New" time="1222355861">Can't buy with Paypal? You can also purchase our program using an alternative purchase processor.</text>
            <marker end="97" id="0" start="66" />
          </text_data><text_data language="English">
            <text from_TM="False" rev_id="13" status="New" time="1222355820">Can't buy with Paypal? You can also purchase our program using an alternative purchase processor.</text>
            <marker end="97" id="0" start="66" />
          </text_data><marker_def id="0" type="html">
            <html_marker tag="a">
              <attr name="href" val="alternative_processor.htm" />
            </html_marker>
          </marker_def>
        </ta_sentence><ta_sentence do_translation="yes" encoding="utf-8" format="1" id="2293" original_language="English">
          <space_before />
          <space_after />
          <text_data language="German">
            <text rev_id="13" status="New" time="1222355938">Products&#160;&#160; - &#160;&#160;$ppnt_name&#160;&#160; - &#160;&#160;$pbnt_name&#160;&#160; - &#160;&#160;Shrink Pic&#160;&#160; - &#160;&#160;Resources&#160;&#160; - &#160;&#160;Partners&#160;&#160; - &#160;&#160;Blog</text>
            <marker end="8" id="0" start="0" />
            <marker end="25" id="1" start="15" />
            <marker end="42" id="2" start="32" />
            <marker end="59" id="3" start="49" />
            <marker end="75" id="4" start="66" />
            <marker end="90" id="5" start="82" />
            <marker end="101" id="6" start="97" />
          </text_data><text_data language="Spanish">
            <text rev_id="13" status="New" time="1222355861">Products&#160;&#160; - &#160;&#160;$ppnt_name&#160;&#160; - &#160;&#160;$pbnt_name&#160;&#160; - &#160;&#160;Shrink Pic&#160;&#160; - &#160;&#160;Resources&#160;&#160; - &#160;&#160;Partners&#160;&#160; - &#160;&#160;Blog</text>
            <marker end="8" id="0" start="0" />
            <marker end="25" id="1" start="15" />
            <marker end="42" id="2" start="32" />
            <marker end="59" id="3" start="49" />
            <marker end="75" id="4" start="66" />
            <marker end="90" id="5" start="82" />
            <marker end="101" id="6" start="97" />
          </text_data><text_data language="English">
            <text from_TM="False" rev_id="13" status="New" time="1222355820">Products&#160;&#160; - &#160;&#160;$ppnt_name&#160;&#160; - &#160;&#160;$pbnt_name&#160;&#160; - &#160;&#160;Shrink Pic&#160;&#160; - &#160;&#160;Resources&#160;&#160; - &#160;&#160;Partners&#160;&#160; - &#160;&#160;Blog</text>
            <marker end="8" id="0" start="0" />
            <marker end="25" id="1" start="15" />
            <marker end="42" id="2" start="32" />
            <marker end="59" id="3" start="49" />
            <marker end="75" id="4" start="66" />
            <marker end="90" id="5" start="82" />
            <marker end="101" id="6" start="97" />
          </text_data><marker_def id="0" type="html">
            <html_marker tag="a">
              <attr name="href" val="./" />
            </html_marker>
          </marker_def><marker_def id="1" type="html">
            <html_marker tag="a">
              <attr name="href" val="passport_photo.htm" />
            </html_marker>
          </marker_def><marker_def id="2" type="html">
            <html_marker tag="a">
              <attr name="href" val="photo_backup.htm" />
            </html_marker>
          </marker_def><marker_def id="3" type="html">
            <html_marker tag="a">
              <attr name="href" val="shrink_pic.htm" />
            </html_marker>
          </marker_def><marker_def id="4" type="html">
            <html_marker tag="a">
              <attr name="href" val="links_nav.htm" />
            </html_marker>
          </marker_def><marker_def id="5" type="html">
            <html_marker tag="a">
              <attr name="href" val="partners.htm" />
            </html_marker>
          </marker_def><marker_def id="6" type="html">
            <html_marker tag="a">
              <attr name="href" val="blog/" />
            </html_marker>
          </marker_def>
        </ta_sentence><ta_sentence do_translation="yes" encoding="utf-8" format="1" id="2294" original_language="English">
          <space_before />
          <space_after />
          <text_data language="German">
            <text rev_id="13" status="New" time="1222355938">English&#160;&#160;-&#160;&#160;Deutsch&#160;&#160;-&#160;&#160;Fran&#231;ais&#160;&#160;-&#160;&#160;Espa&#241;ol&#160;&#160;-&#160;&#160;Portugu&#234;s</text>
            <marker end="19" id="0" start="12" />
            <marker end="32" id="1" start="24" />
            <marker end="44" id="2" start="37" />
            <marker end="58" id="3" start="49" />
          </text_data><text_data language="Spanish">
            <text rev_id="13" status="New" time="1222355861">English&#160;&#160;-&#160;&#160;Deutsch&#160;&#160;-&#160;&#160;Fran&#231;ais&#160;&#160;-&#160;&#160;Espa&#241;ol&#160;&#160;-&#160;&#160;Portugu&#234;s</text>
            <marker end="19" id="0" start="12" />
            <marker end="32" id="1" start="24" />
            <marker end="44" id="2" start="37" />
            <marker end="58" id="3" start="49" />
          </text_data><text_data language="English">
            <text from_TM="False" rev_id="13" status="New" time="1222355820">English&#160;&#160;-&#160;&#160;Deutsch&#160;&#160;-&#160;&#160;Fran&#231;ais&#160;&#160;-&#160;&#160;Espa&#241;ol&#160;&#160;-&#160;&#160;Portugu&#234;s</text>
            <marker end="19" id="0" start="12" />
            <marker end="32" id="1" start="24" />
            <marker end="44" id="2" start="37" />
            <marker end="58" id="3" start="49" />
          </text_data><marker_def id="0" type="html">
            <html_marker tag="a">
              <attr name="href" val="de/buy.htm" />
            </html_marker>
          </marker_def><marker_def id="1" type="html">
            <html_marker tag="a">
              <attr name="href" val="fr/buy.htm" />
            </html_marker>
          </marker_def><marker_def id="2" type="html">
            <html_marker tag="a">
              <attr name="href" val="es/buy.htm" />
            </html_marker>
          </marker_def><marker_def id="3" type="html">
            <html_marker tag="a">
              <attr name="href" val="br/buy.htm" />
            </html_marker>
          </marker_def>
        </ta_sentence><ta_sentence do_translation="yes" encoding="utf-8" format="1" id="2295" original_language="English">
          <space_before> </space_before>
          <space_after />
          <text_data language="German">
            <text rev_id="13" status="New" time="1222355938">This website has been translated using ICanLocalize - Affordable Website Translation</text>
            <marker end="-1" id="0" start="0" />
            <marker end="84" id="1" start="39" />
            <marker end="-1" id="0" start="0" />
          </text_data><text_data language="Spanish">
            <text rev_id="13" status="New" time="1222355861">This website has been translated using ICanLocalize - Affordable Website Translation</text>
            <marker end="-1" id="0" start="0" />
            <marker end="84" id="1" start="39" />
            <marker end="-1" id="0" start="0" />
          </text_data><text_data language="English">
            <text from_TM="False" rev_id="13" status="New" time="1222355820">This website has been translated using ICanLocalize - Affordable Website Translation</text>
            <marker end="-1" id="0" start="0" />
            <marker end="84" id="1" start="39" />
            <marker end="-1" id="0" start="0" />
          </text_data><marker_def id="0" type="html">
            <html_marker tag="span">
              <attr name="class" val="copyright" />
            </html_marker>
          </marker_def><marker_def id="1" type="html">
            <html_marker tag="a">
              <attr name="target" val="_blank" />
              <attr name="href" val="http://www.icanlocalize.com" />
            </html_marker>
          </marker_def>
        </ta_sentence><ta_sentence do_translation="yes" encoding="utf-8" format="1" id="2296" original_language="English">
          <space_before />
          <space_after />
          <text_data language="German">
            <text rev_id="13" status="New" time="1222355938">&#169; OnTheGoSystems,INC. 2003-2008</text>
            <marker end="21" id="0" start="2" />
            <marker end="31" id="-1" start="-1" />
          </text_data><text_data language="Spanish">
            <text rev_id="13" status="New" time="1222355861">&#169; OnTheGoSystems,INC. 2003-2008</text>
            <marker end="21" id="0" start="2" />
            <marker end="31" id="-1" start="-1" />
          </text_data><text_data language="English">
            <text from_TM="False" rev_id="13" status="New" time="1222355820">&#169; OnTheGoSystems,INC. 2003-2008</text>
            <marker end="21" id="0" start="2" />
            <marker end="31" id="-1" start="-1" />
          </text_data><marker_def id="0" type="html">
            <html_marker tag="a">
              <attr name="href" val="http://www.onthegosystems.com/" />
              <attr name="target" val="_blank" />
            </html_marker>
          </marker_def><marker_def id="-1" type="html">
            <html_marker tag="span" />
          </marker_def>
        </ta_sentence>
      </sentences><html_output_change_data_3 />
    </translation>
  </ta_buffer><ta_buffer encoding="utf-8" format="1" manual="False" original_language="English" source_file="/cd_burning.htm" type="html">
    <extractor>
      <marked_file MD5="ec684450b23be0a7f3531ef2fbc49dc5" encoding="zlib-hex">789ccd5a5973dbb6167e7667fa1f50669249a65a6cd78e9378e96873e3dec4f6d8723d7dd2402424a1a6081600252b0ffded3d0700378992e5f8ce9deb492491040f0ecef29d0538f9a97bd5e9ff79dd239ffb5fbf90ebbbf6978b0ef1eacde6fd2f9d66b3dbefda07078ddd3dd29734525c7311d1b0d9ec5d7a673ffe7032d1d310be093999301a985ff05b731db2b37f5ee15fbf35e85ff4bff45e75ba6498c8884763a2c448cfa964f8fc9f93a61deede9d324dc944ebb8cefe4ef8ecd4eb8848b348d7fb8b9879c4b757a79e668fba89d31f137f42a562fa14e7c2df03b8184ca97c60f29597d20d79f44026928d4e3da51721530d5f298f4816a637268c698f6898c651c701f0ba595ed3adcf5c0c45b0c8d64a872123731ee8c9a977f47ed723432103264f3df849433e8e4e3d1f38661298676118d320001998c778ad62eabb6b471288fe54af132d6232a451c424898764c8c63c22f5ba63a1faef44cb33b2fe310e08c884f1f104047888c2c4e923f37b38862b016cbfdadf3b3a6c753dabbf133e057d49ffd4e3533a66aa390c1306ac35c67c84eb034257517fc27e13b7a054af24887ca6b354d3c1d906ee9bc0fec6c55530f9d472cfc849c0674b8a809b4db87bf6044396c0097566d368166552d072513c6a4ac3703067c32704b45714d0fbfd4c42744ba6b61a54b172bb00d43af143aad4a9d70753ef8bd83bbb9e082d489bfa0f497cd2c4218ea9a1b4af6d9acfcc5924abe9185c8e015929464c29831ba4cbc75cc377712e0223c6924ec9484872cfa340cc5569fe67e8eaa516f6bdeeb3c15986426b31fddff94b0578b028b0d0b1933d8ce88c8f29a279115a5002c545ee2f81c4cc59935d9357696165443cf8f022443c314b44969c594d5994c0048a85ccd72c48055ff45130a720f1b542672aca7195caf2db6079512868d080b8e29d75ddd577101a260b4ba39d2c9eff36c638ea6b4ba1632f9e4f4525712ca4a3726b2f56a8a009c1076aecace067ceb4aaaca5604bd65d76ac5f149da16c027bbbbbaf4b36b0a4e4652340da19f194ba03151123a8846ca4efbdd4dbabc78085dcb79f18130918f57f3446a2d715c63835ec386f775ab20fd367652da422f752ca317f64e19eb99d132e8f45e8491d1b1829a602e7e60fe3e50b34fade4bd7e0c009d5f704003dc10f0c8cd784b27a5b84410602844723b12698659e1263301a0c4d3032ee52a2774967cbb1916ea0351c94506495540a2b1bc988199333cee66b685cb9c71b690c59c4465cab3534ce19d589646af3728c6830275e47c6210b0bc8b99053aa37d303be31135847ec0ff7987ce64a0bb9d88237abb641c8d6906c0d45a2cbf9c697def674272c8c9b9093b047a41f56e92242d7255f6994d07023614807c4b8f9ab82c8058be4c1e96105b94b36578402c8b6a2482491cf00de97848ab81d6fe1035031711f92ad4431f5940fb8e59ab5afd34e4bfa133e63e5246eb3be851cd3887f639b095bed5cb9b172b3555b46691270b1869c53730b87904e77338753fac00699822ba85de033d27b048bc4dab502037efca13afb9b30c90a79df9f222150f412bc9dcd8317f09ecbf856d5895899273b5043b76d0dbdaccf6d6de24eb151121a58446f053b7cca328229c5821a173f88f41a21f522880f289eeed716f92a02566db01551648b0c7035edcca3d7c187b5b9b7100fd8041824aa114763a784b6bb4bf4842b12c3c86c35010bb9cf45a28ae9b7a92a52a9804c4cbf201223118662ee391161bbe253b309041a48a191a8662c94fe3591e1293e7bfd4bebf5fe39fc9bcfe70dc8e7266c2cb007d2f0c514eefac1c0754650ba6fe8343e362d91d34ef767f7e0e7b465e2114de598c14a06c390460f55e69f2e514465a516f82b2782e534303e7b130d557c8c3a5bc9069763779e0e562529df9d941c7e3c5a9f94ec9d1f9d7f7c5996b99293684979f8445292a5b87b65ded6791c54d54621a5eae4b3981ae7b0327e33d6c74eda6bb39195e463f9d535a8b092c82f2f31d7dd72ba5d5a9dbd8d2dbe3dbbd28a4e9ea9dd2790be121533c80524f3411330c2b102afa66490525c9293d210efa84c8bb96c3ea5a588c6a5e513705a01d1568cc08119998297c107a83caa817aa671c83433d113fc941bf30066f1bafb4797e41cacb04f67201b1cdf0011da691de771befe8d5ca72a203e45e32101b20916846ca232c712a279808c0bb825c18dd583aac1083f4c505005ee2eb0368e98264329e60a9ed5089ba2ee702173902b89a5f0b1a70288f14c362f05c80b161ca19640ac5393b6840b62830c19f190d9fc036564a99b26ee6ddbfc82855e8a798d2c20989995c2a802eb106d094d00a4c1c27ca45b49e1f704d4e6269c4fb83f01f3094189ca909dd348236b8634729293f701a11f32c368b73affb9bbce1446ea46d890d26a3413a380122f3f659456853691cbc6b7123ff9f80663709ef02283a0c9404252544eb036aaa0158645ab4c6dd1923119824aa7a8e54bcf0ce5532153588e79063b2c7434fd40ce078668e3af380d7f4596f35e24b679d296cfd17e8ea27b59bfc655a6ab72835ca27aa939e72721b70bbf022a1cbb8076a98e183cad184bae7a5fb71a679d85ae8834530c797bd1ed357bf871dbb9bd78b7995cefd191bbbb6d93bdc65ecdfcd86fec1ae2e75cb239fc5f3bd92af193661296cc6c8d9fa6e665d8b849e1934c59c0e973a1a8152dcc3e06a28d4562038586568a4f5014049f5ea6cf27cc6f60e62b189f1fe426b77b909bdc87a3a74cce859dfacd27e3c23b5fc41cbddc47f857224c4c38c31014b8d2849a52258f3f6bb48d24ef3f911b569f4bae59414a480c4a0354816653f0462a17c42e0d70066568187182b448fa00a89fc400515483d981ec01cda44354e0cfe23e46a9046cec09b306cbaadf90267eff0cabeea7c12e1671125269accf2c9f8d46584fce8a8c1bd64c34f62966407a51b2a34d53dea773ba1ff59bd6d7250195095b99d4ec9c3c6020fc82eccaf21843e6315cb88b80ea0a86becb5d56d174d5b05f902c1e58ebdfb1cde89da5de5d950756c07b1691349931b025281f88230661f3fa8e60cb0737192b23661fab158a3587727684af70dc0b55a8fbd86ea1283444994439e5950ca492fc39688c3d52cc9f6a19c726966bf278b0eb923a51a0db81e80d511720f2e8b7cfdf0065fe4e001715d4074ae18cf064f775c5ba0a15a6a3d417900b81eb40590a7e1bcc20fa0398a08518438b9934a56ae43387b1b5a24c333246b8894a6b504c0ad7cdd8bebbb9ac83c4608ab77750dd4b94185c6bdb987967747775dd31b1d8b83705e5b1114d429d4f28626d5a5520f1714225b0cd589e76a6055d59da246bed5a1bda024741e5033f4e8a301a2704102fe4df4c1a9f61eafe6101533fae8bdde9fc69ffb854b73dd7f12e459499be013a282fa65914dc365e9d6739670036e46b21395cbb3885e91c24ac405e8a6966cb80c260afbe0e17b5427a38e77a929701861543966a2df9105057555a7f1b3c8a64cb68dd762e2ecc6bdca616f6c843611ab3d022bb8b74ae62ee86ee021e9bee689238a41a2db99a879c3aa6872666d4ec7aa81c726dc28f9de46d5e32981b359742b3471f9df4771172a60bf460108e0df91422a331d97786519b18a07163285912b6991984cd65819248f3b7f5925dcea9b731a22e57be3568cd9f6d3b77e97ba6a2492331680efebb2cc0465f40b326e0b15512eac58af1c54990cd216a2e7ad65cf0aca5b193002e42c982b23200c72455e9b9973571f85c0290045c3d108c48a814342865c22a326ee3bce9c96f26f407937c84d117b323003b0ce110304ce4051045ab2fd547848ec0e033743530818c67352244038aa9259f3202d6cce4e6f96f17913f8120e1800a0c4ccf19b3016982ae66f0dcc8066f396d6da6d94a1926ca9fb020314d47eaa7e93268df7007a28ad8dce55effa52ce33c648fbc80edcfb4d4f6228d213532854faeeca988623463d84665d531fa1e836ac719b0b1a55c3e20be8535ec923e47e8adfcdb1a8218f4c109a4d96100af4e333911997680b23b31f92466de9422a4dd302b1a449a69971a1f736096cdb0cd810d6ef32aeaa38ca1d548f81c1c5912f16fa2087c346b14a455810fb82569d630a865033addbc8b0052496fa74da31d5be3155e04c8cb4645220d49c50a24769b236ed0af592e52b0eae152d321ef7991356712fa6804d8247139c465afd72d6f6ed55d93c4c81d193abfe9f508a0b4dd9cca185ad30a29ef3d93a5beae6dd37e4773b77ab7ba78b4c4bd6d5bfcb8a356dcbd2f1c75c9593157d8d81c0961706bf9885ce5e994422fbffac888ebae9a4f9066f132efd102af08ca765bcb7569dd3dab8e154ae9419d7514b7edfa6ee44b4d248f1e0631f7ddb10f734daeb9bf2d053c26a906119d5902374c410debb36748466a701595cac45e6dfbb6d920f5cedaf055da403a51bee4b1b649b2db6dc1bd94b110e390d52980d202404fe1864a3341448a1a7fa9d261cebfe88c5a2a6856f6574677cdb8410291459353e2ddb5ea87ef0f3eee1ed6f7bc633b415f826a987cfbee3823b7ba0fe08b78e1f26f53c2cdd950411d0de14f81bd622cc453b5184b0357bc802c9677784a9b4cb86c8077c004df20312ed93bbbe8d0e88bbb03c26d8d4669d3e7decdd87713991dbfe5fdd037c8e7710e3a85b9d2edaa85d26c6a05bcb20775961e69b3836a17979d064e42f677777fa9c3c7878af37c05cfcd3622d0bddde1da93a63b5bfc2ff19d693b</marked_file>
      <paragraph_indexes count="82">94 128 542 618 818 908 1011 1057 1066 1185 1355 1434 1732 1762 1794 1835 1867 1897 1929 1967 1999 2037 2750 2798 2807 2874 2883 2945 2954 3013 3022 3081 3090 3161 3170 3237 3246 3325 3334 3414 3423 3502 3522 3570 3579 3657 3666 3739 3748 3819 3828 3902 3913 3980 3985 4034 4054 4108 4117 4191 4295 4377 4395 4577 4586 4606 4936 5080 5170 5219 5265 5405 5447 5572 5614 5666 5680 5732 5746 5881 5902 5971 6001 6070 6075 6193 6250 6270 6294 6310 6334 6389 6413 6482 6548 6568 6610 6657 6714 6820 6825 6883 6907 7037 7061 7152 7176 7297 7363 7386 7508 7574 7588 7669 7683 7790 7799 7904 7913 8035 8066 8173 8252 8280 8322 8435 8449 8567 8581 8781 8833 8852 8894 8966 9023 9080 9104 9153 9177 9281 9305 9365 9389 9447 9513 9534 9576 9625 9639 9706 9720 9857 9871 9877 9931 10092 10115 10244 10487 10912 11088 11259 11268 11377 </paragraph_indexes>
      <support_files>
        <file type="todo">images/bluebottom.gif</file>
        <file type="todo">images/bluetop.gif</file>
        <file type="todo">images/bookmark_us.png</file>
        <file type="todo">images/bottomwhite.gif</file>
        <file type="todo">images/bottomwhite2.gif</file>
        <file type="todo">images/here.gif</file>
        <file type="todo">images/menutabA1.gif</file>
        <file type="todo">images/menutabB1.gif</file>
        <file type="todo">images/photobackup/1bckgrnd.gif</file>
        <file type="todo">images/photobackup/2bckgrnd.gif</file>
        <file type="todo">images/photobackup/3bckgrnd.gif</file>
        <file type="todo">images/photobackup/cd_media.jpg</file>
        <file type="todo">images/photobackup/cdrw_drive.jpg</file>
        <file type="todo">images/photobackup/low_cpu.jpg</file>
        <file type="todo">images/small_web.gif</file>
        <file type="todo">images/topline1.gif</file>
        <file type="todo">images/topline2.gif</file>
        <file type="todo">images/topline2WB.gif</file>
        <file type="todo">images/toplineL.gif</file>
        <file type="todo">images/toplineLW.gif</file>
        <file type="todo">images/toplineR.gif</file>
        <file type="todo">images/topwhite2.gif</file>
        <file type="todo">styles.css</file>
      </support_files>
    </extractor><translation>
      <languages>
        <language reviewed="False">Spanish</language>
        <language reviewed="False">German</language>
      </languages><sentences count="82">
        <ta_sentence do_translation="yes" encoding="utf-8" format="1" id="2077" original_language="English" type="title">
          <space_before />
          <space_after />
          <text_data language="German">
            <text from_TM="False" rev_id="13" status="New" time="1222355938">CD burning software</text>
          </text_data><text_data language="Spanish">
            <text from_TM="False" rev_id="11" status="Complete" time="1222354203">Spanish :  software</text>
          </text_data><text_data language="English">
            <text from_TM="False" rev_id="11" status="Complete" time="1222354203">CD burning software</text>
          </text_data>
        </ta_sentence><ta_sentence do_translation="yes" encoding="utf-8" format="1" id="2078" original_language="English">
          <space_before />
          <space_after />
          <text_data language="German">
            <text from_TM="False" rev_id="13" status="New" time="1222355938">OnTheGoSoft</text>
            <marker end="11" id="0" start="0" />
          </text_data><text_data language="Spanish">
            <text from_TM="False" rev_id="11" status="Complete" time="1222354203">Spanish : t</text>
            <marker end="11" id="0" start="0" />
          </text_data><text_data language="English">
            <text from_TM="False" rev_id="11" status="Complete" time="1222354203">OnTheGoSoft</text>
            <marker end="11" id="0" start="0" />
          </text_data><marker_def id="0" type="html">
            <html_marker tag="img">
              <attr name="src" val="images/bluetop.gif" />
              <attr name="alt" val="OnTheGoSoft" />
              <attr name="width" val="760" />
              <attr name="height" val="5" />
            </html_marker>
          </marker_def>
        </ta_sentence><ta_sentence do_translation="yes" encoding="utf-8" format="1" id="2079" original_language="English">
          <space_before />
          <space_after />
          <text_data language="German">
            <text from_TM="False" rev_id="13" status="New" time="1222355938">OnTheGoSoft</text>
            <marker end="11" id="0" start="0" />
          </text_data><text_data language="Spanish">
            <text from_TM="False" rev_id="11" status="Complete" time="1222354203">Spanish : t</text>
            <marker end="11" id="0" start="0" />
          </text_data><text_data language="English">
            <text from_TM="False" rev_id="11" status="Complete" time="1222354203">OnTheGoSoft</text>
            <marker end="11" id="0" start="0" />
          </text_data><marker_def id="0" type="html">
            <html_marker tag="img">
              <attr name="border" val="0" />
              <attr name="src" val="images/small_web.gif" />
              <attr name="alt" val="OnTheGoSoft" />
              <attr name="width" val="160" />
              <attr name="height" val="62" />
            </html_marker>
          </marker_def>
        </ta_sentence><ta_sentence do_translation="yes" encoding="utf-8" format="1" id="2080" original_language="English">
          <space_before />
          <space_after />
          <text_data language="German">
            <text from_TM="False" rev_id="13" status="New" time="1222355938">Photo Backup</text>
            <marker end="12" id="0" start="0" />
          </text_data><text_data language="Spanish">
            <text from_TM="False" rev_id="11" status="Complete" time="1222354203">Spanish : up</text>
            <marker end="12" id="0" start="0" />
          </text_data><text_data language="English">
            <text from_TM="False" rev_id="11" status="Complete" time="1222354203">Photo Backup</text>
            <marker end="12" id="0" start="0" />
          </text_data><marker_def id="0" type="html">
            <html_marker tag="span">
              <attr name="class" val="TextTop" />
            </html_marker>
          </marker_def>
        </ta_sentence><ta_sentence do_translation="yes" encoding="utf-8" format="1" id="2081" original_language="English">
          <space_before> </space_before>
          <space_after />
          <text_data language="German">
            <text from_TM="False" rev_id="13" status="New" time="1222355938">Professional Digital Photo Backup Program for Windows</text>
            <marker end="53" id="0" start="0" />
          </text_data><text_data language="Spanish">
            <text from_TM="False" rev_id="11" status="Complete" time="1222354203">Spanish : al Digital Photo Backup Program for Windows</text>
            <marker end="53" id="0" start="0" />
          </text_data><text_data language="English">
            <text from_TM="False" rev_id="11" status="Complete" time="1222354203">Professional Digital Photo Backup Program for Windows</text>
            <marker end="53" id="0" start="0" />
          </text_data><marker_def id="0" type="html">
            <html_marker tag="span">
              <attr name="class" val="tagline" />
            </html_marker>
          </marker_def>
        </ta_sentence><ta_sentence do_translation="yes" encoding="utf-8" format="1" id="2082" original_language="English">
          <space_before />
          <space_after />
          <text_data language="German">
            <text from_TM="False" rev_id="13" status="New" time="1222355938">OnTheGoSoft</text>
            <marker end="11" id="0" start="0" />
          </text_data><text_data language="Spanish">
            <text from_TM="False" rev_id="11" status="Complete" time="1222354203">Spanish : t</text>
            <marker end="11" id="0" start="0" />
          </text_data><text_data language="English">
            <text from_TM="False" rev_id="11" status="Complete" time="1222354203">OnTheGoSoft</text>
            <marker end="11" id="0" start="0" />
          </text_data><marker_def id="0" type="html">
            <html_marker tag="img">
              <attr name="src" val="images/bluebottom.gif" />
              <attr name="alt" val="OnTheGoSoft" />
              <attr name="width" val="760" />
              <attr name="height" val="5" />
            </html_marker>
          </marker_def>
        </ta_sentence><ta_sentence do_translation="yes" encoding="utf-8" format="1" id="2083" original_language="English">
          <space_before />
          <space_after />
          <text_data language="German">
            <text from_TM="False" rev_id="13" status="New" time="1222355938">Products</text>
            <marker end="8" id="0" start="0" />
          </text_data><text_data language="Spanish">
            <text from_TM="False" rev_id="11" status="Complete" time="1222354203">Spanish : </text>
            <marker end="8" id="0" start="0" />
          </text_data><text_data language="English">
            <text from_TM="False" rev_id="11" status="Complete" time="1222354203">Products</text>
            <marker end="8" id="0" start="0" />
          </text_data><marker_def id="0" type="html">
            <html_marker tag="a">
              <attr name="href" val="./" />
            </html_marker>
          </marker_def>
        </ta_sentence><ta_sentence do_translation="yes" encoding="utf-8" format="1" id="2084" original_language="English">
          <space_before />
          <space_after />
          <text_data language="German">
            <text from_TM="False" rev_id="13" status="New" time="1222355938">Downloads</text>
            <marker end="9" id="0" start="0" />
          </text_data><text_data language="Spanish">
            <text from_TM="False" rev_id="11" status="Complete" time="1222354203">Spanish : </text>
            <marker end="9" id="0" start="0" />
          </text_data><text_data language="English">
            <text from_TM="False" rev_id="11" status="Complete" time="1222354203">Downloads</text>
            <marker end="9" id="0" start="0" />
          </text_data><marker_def id="0" type="html">
            <html_marker tag="a">
              <attr name="href" val="download.htm" />
            </html_marker>
          </marker_def>
        </ta_sentence><ta_sentence do_translation="yes" encoding="utf-8" format="1" id="2085" original_language="English">
          <space_before />
          <space_after />
          <text_data language="German">
            <text from_TM="False" rev_id="13" status="New" time="1222355938">Buy</text>
            <marker end="3" id="0" start="0" />
          </text_data><text_data language="Spanish">
            <text from_TM="False" rev_id="11" status="Complete" time="1222354203">Spanish : </text>
            <marker end="3" id="0" start="0" />
          </text_data><text_data language="English">
            <text from_TM="False" rev_id="11" status="Complete" time="1222354203">Buy</text>
            <marker end="3" id="0" start="0" />
          </text_data><marker_def id="0" type="html">
            <html_marker tag="a">
              <attr name="href" val="buy.htm" />
            </html_marker>
          </marker_def>
        </ta_sentence><ta_sentence do_translation="yes" encoding="utf-8" format="1" id="2086" original_language="English">
          <space_before />
          <space_after />
          <text_data language="German">
            <text from_TM="False" rev_id="13" status="New" time="1222355938">Contact</text>
            <marker end="7" id="0" start="0" />
          </text_data><text_data language="Spanish">
            <text from_TM="False" rev_id="11" status="Complete" time="1222354203">Spanish : </text>
            <marker end="7" id="0" start="0" />
          </text_data><text_data language="English">
            <text from_TM="False" rev_id="11" status="Complete" time="1222354203">Contact</text>
            <marker end="7" id="0" start="0" />
          </text_data><marker_def id="0" type="html">
            <html_marker tag="a">
              <attr name="href" val="contact.htm" />
            </html_marker>
          </marker_def>
        </ta_sentence><ta_sentence do_translation="yes" encoding="utf-8" format="1" id="2087" original_language="English">
          <space_before />
          <space_after />
          <text_data language="German">
            <text from_TM="False" rev_id="13" status="New" time="1222355938">Support</text>
            <marker end="7" id="0" start="0" />
          </text_data><text_data language="Spanish">
            <text from_TM="False" rev_id="11" status="Complete" time="1222354203">Spanish : </text>
            <marker end="7" id="0" start="0" />
          </text_data><text_data language="English">
            <text from_TM="False" rev_id="11" status="Complete" time="1222354203">Support</text>
            <marker end="7" id="0" start="0" />
          </text_data><marker_def id="0" type="html">
            <html_marker tag="a">
              <attr name="href" val="support.htm" />
            </html_marker>
          </marker_def>
        </ta_sentence><ta_sentence do_translation="yes" encoding="utf-8" format="1" id="2088" original_language="English">
          <space_before />
          <space_after />
          <text_data language="German">
            <text from_TM="False" rev_id="13" status="New" time="1222355938">Product info</text>
            <marker end="12" id="0" start="0" />
          </text_data><text_data language="Spanish">
            <text from_TM="False" rev_id="11" status="Complete" time="1222354203">Spanish : fo</text>
            <marker end="12" id="0" start="0" />
          </text_data><text_data language="English">
            <text from_TM="False" rev_id="11" status="Complete" time="1222354203">Product info</text>
            <marker end="12" id="0" start="0" />
          </text_data><marker_def id="0" type="html">
            <html_marker tag="span">
              <attr name="class" val="Text-Bold" />
            </html_marker>
          </marker_def>
        </ta_sentence><ta_sentence do_translation="yes" encoding="utf-8" format="1" id="2089" original_language="English">
          <space_before> </space_before>
          <space_after />
          <text_data language="German">
            <text from_TM="False" rev_id="13" status="New" time="1222355938">Photo Backup</text>
            <marker end="12" id="0" start="0" />
          </text_data><text_data language="Spanish">
            <text from_TM="False" rev_id="11" status="Complete" time="1222354203">Spanish : up</text>
            <marker end="12" id="0" start="0" />
          </text_data><text_data language="English">
            <text from_TM="False" rev_id="11" status="Complete" time="1222354203">Photo Backup</text>
            <marker end="12" id="0" start="0" />
          </text_data><marker_def id="0" type="html">
            <html_marker tag="a">
              <attr name="href" val="photo_backup.htm" />
              <attr name="class" val="Text-Nav" />
            </html_marker>
          </marker_def>
        </ta_sentence><ta_sentence do_translation="yes" encoding="utf-8" format="1" id="2090" original_language="English">
          <space_before> </space_before>
          <space_after />
          <text_data language="German">
            <text from_TM="False" rev_id="13" status="New" time="1222355938">Download</text>
            <marker end="8" id="0" start="0" />
          </text_data><text_data language="Spanish">
            <text from_TM="False" rev_id="11" status="Complete" time="1222354203">Spanish : </text>
            <marker end="8" id="0" start="0" />
          </text_data><text_data language="English">
            <text from_TM="False" rev_id="11" status="Complete" time="1222354203">Download</text>
            <marker end="8" id="0" start="0" />
          </text_data><marker_def id="0" type="html">
            <html_marker tag="a">
              <attr name="href" val="pb_download.htm" />
              <attr name="class" val="Text-Nav" />
            </html_marker>
          </marker_def>
        </ta_sentence><ta_sentence do_translation="yes" encoding="utf-8" format="1" id="2091" original_language="English">
          <space_before> </space_before>
          <space_after />
          <text_data language="German">
            <text from_TM="False" rev_id="13" status="New" time="1222355938">Overview</text>
            <marker end="8" id="0" start="0" />
          </text_data><text_data language="Spanish">
            <text from_TM="False" rev_id="11" status="Complete" time="1222354203">Spanish : </text>
            <marker end="8" id="0" start="0" />
          </text_data><text_data language="English">
            <text from_TM="False" rev_id="11" status="Complete" time="1222354203">Overview</text>
            <marker end="8" id="0" start="0" />
          </text_data><marker_def id="0" type="html">
            <html_marker tag="a">
              <attr name="href" val="overview.htm" />
              <attr name="class" val="Text-Nav" />
            </html_marker>
          </marker_def>
        </ta_sentence><ta_sentence do_translation="yes" encoding="utf-8" format="1" id="2092" original_language="English">
          <space_before> </space_before>
          <space_after />
          <text_data language="German">
            <text from_TM="False" rev_id="13" status="New" time="1222355938">Features</text>
            <marker end="8" id="0" start="0" />
          </text_data><text_data language="Spanish">
            <text from_TM="False" rev_id="11" status="Complete" time="1222354203">Spanish : </text>
            <marker end="8" id="0" start="0" />
          </text_data><text_data language="English">
            <text from_TM="False" rev_id="11" status="Complete" time="1222354203">Features</text>
            <marker end="8" id="0" start="0" />
          </text_data><marker_def id="0" type="html">
            <html_marker tag="a">
              <attr name="href" val="benefits.htm" />
              <attr name="class" val="Text-Nav" />
            </html_marker>
          </marker_def>
        </ta_sentence><ta_sentence do_translation="yes" encoding="utf-8" format="1" id="2093" original_language="English">
          <space_before> </space_before>
          <space_after />
          <text_data language="German">
            <text from_TM="False" rev_id="13" status="New" time="1222355938">Supported Formats</text>
            <marker end="17" id="0" start="0" />
          </text_data><text_data language="Spanish">
            <text from_TM="False" rev_id="11" status="Complete" time="1222354203">Spanish : Formats</text>
            <marker end="17" id="0" start="0" />
          </text_data><text_data language="English">
            <text from_TM="False" rev_id="11" status="Complete" time="1222354203">Supported Formats</text>
            <marker end="17" id="0" start="0" />
          </text_data><marker_def id="0" type="html">
            <html_marker tag="a">
              <attr name="href" val="photo_types.htm" />
              <attr name="class" val="Text-Nav" />
            </html_marker>
          </marker_def>
        </ta_sentence><ta_sentence do_translation="yes" encoding="utf-8" format="1" id="2094" original_language="English">
          <space_before> </space_before>
          <space_after />
          <text_data language="German">
            <text from_TM="False" rev_id="13" status="New" time="1222355938">Versions History</text>
            <marker end="16" id="0" start="0" />
          </text_data><text_data language="Spanish">
            <text from_TM="False" rev_id="11" status="Complete" time="1222354203">Spanish : istory</text>
            <marker end="16" id="0" start="0" />
          </text_data><text_data language="English">
            <text from_TM="False" rev_id="11" status="Complete" time="1222354203">Versions History</text>
            <marker end="16" id="0" start="0" />
          </text_data><marker_def id="0" type="html">
            <html_marker tag="a">
              <attr name="href" val="versions.htm" />
              <attr name="class" val="Text-Nav" />
            </html_marker>
          </marker_def>
        </ta_sentence><ta_sentence do_translation="yes" encoding="utf-8" format="1" id="2095" original_language="English">
          <space_before> </space_before>
          <space_after />
          <text_data language="German">
            <text from_TM="False" rev_id="13" status="New" time="1222355938">About Photo Backup LE</text>
            <marker end="21" id="0" start="0" />
          </text_data><text_data language="Spanish">
            <text from_TM="False" rev_id="11" status="Complete" time="1222354203">Spanish : o Backup LE</text>
            <marker end="21" id="0" start="0" />
          </text_data><text_data language="English">
            <text from_TM="False" rev_id="11" status="Complete" time="1222354203">About Photo Backup LE</text>
            <marker end="21" id="0" start="0" />
          </text_data><marker_def id="0" type="html">
            <html_marker tag="a">
              <attr name="href" val="photo_backup_le.htm" />
              <attr name="class" val="Text-Nav" />
            </html_marker>
          </marker_def>
        </ta_sentence><ta_sentence do_translation="yes" encoding="utf-8" format="1" id="2096" original_language="English">
          <space_before> </space_before>
          <space_after />
          <text_data language="German">
            <text from_TM="False" rev_id="13" status="New" time="1222355938">Online Manual</text>
            <marker end="13" id="0" start="0" />
          </text_data><text_data language="Spanish">
            <text from_TM="False" rev_id="11" status="Complete" time="1222354203">Spanish : ual</text>
            <marker end="13" id="0" start="0" />
          </text_data><text_data language="English">
            <text from_TM="False" rev_id="11" status="Complete" time="1222354203">Online Manual</text>
            <marker end="13" id="0" start="0" />
          </text_data><marker_def id="0" type="html">
            <html_marker tag="a">
              <attr name="href" val="photo_backup_help/index.html" />
              <attr name="class" val="Text-Nav" />
            </html_marker>
          </marker_def>
        </ta_sentence><ta_sentence do_translation="yes" encoding="utf-8" format="1" id="2097" original_language="English">
          <space_before> </space_before>
          <space_after />
          <text_data language="German">
            <text from_TM="False" rev_id="13" status="New" time="1222355938">News and Announcements</text>
            <marker end="22" id="0" start="0" />
          </text_data><text_data language="Spanish">
            <text from_TM="False" rev_id="11" status="Complete" time="1222354203">Spanish : nnouncements</text>
            <marker end="22" id="0" start="0" />
          </text_data><text_data language="English">
            <text from_TM="False" rev_id="11" status="Complete" time="1222354203">News and Announcements</text>
            <marker end="22" id="0" start="0" />
          </text_data><marker_def id="0" type="html">
            <html_marker tag="a">
              <attr name="href" val="/blog/?sectionid=5" />
              <attr name="class" val="Text-Nav" />
            </html_marker>
          </marker_def>
        </ta_sentence><ta_sentence do_translation="yes" encoding="utf-8" format="1" id="2098" original_language="English">
          <space_before />
          <space_after />
          <text_data language="German">
            <text from_TM="False" rev_id="13" status="New" time="1222355938">Typical uses</text>
            <marker end="12" id="0" start="0" />
          </text_data><text_data language="Spanish">
            <text from_TM="False" rev_id="11" status="Complete" time="1222354203">Spanish : es</text>
            <marker end="12" id="0" start="0" />
          </text_data><text_data language="English">
            <text from_TM="False" rev_id="11" status="Complete" time="1222354203">Typical uses</text>
            <marker end="12" id="0" start="0" />
          </text_data><marker_def id="0" type="html">
            <html_marker tag="span">
              <attr name="class" val="Text-Bold" />
            </html_marker>
          </marker_def>
        </ta_sentence><ta_sentence do_translation="yes" encoding="utf-8" format="1" id="2099" original_language="English">
          <space_before> </space_before>
          <space_after />
          <text_data language="German">
            <text from_TM="False" rev_id="13" status="New" time="1222355938">Archive Digital Photos</text>
            <marker end="22" id="0" start="0" />
          </text_data><text_data language="Spanish">
            <text from_TM="False" rev_id="11" status="Complete" time="1222354203">Spanish : gital Photos</text>
            <marker end="22" id="0" start="0" />
          </text_data><text_data language="English">
            <text from_TM="False" rev_id="11" status="Complete" time="1222354203">Archive Digital Photos</text>
            <marker end="22" id="0" start="0" />
          </text_data><marker_def id="0" type="html">
            <html_marker tag="a">
              <attr name="href" val="backup_photos.htm" />
              <attr name="class" val="Text-Nav" />
            </html_marker>
          </marker_def>
        </ta_sentence><ta_sentence do_translation="yes" encoding="utf-8" format="1" id="2100" original_language="English">
          <space_before> </space_before>
          <space_after />
          <text_data language="German">
            <text from_TM="False" rev_id="13" status="New" time="1222355938">Photo Organizer</text>
            <marker end="15" id="0" start="0" />
          </text_data><text_data language="Spanish">
            <text from_TM="False" rev_id="11" status="Complete" time="1222354203">Spanish : nizer</text>
            <marker end="15" id="0" start="0" />
          </text_data><text_data language="English">
            <text from_TM="False" rev_id="11" status="Complete" time="1222354203">Photo Organizer</text>
            <marker end="15" id="0" start="0" />
          </text_data><marker_def id="0" type="html">
            <html_marker tag="a">
              <attr name="href" val="organize_photos.htm" />
              <attr name="class" val="Text-Nav" />
            </html_marker>
          </marker_def>
        </ta_sentence><ta_sentence do_translation="yes" encoding="utf-8" format="1" id="2101" original_language="English">
          <space_before> </space_before>
          <space_after />
          <text_data language="German">
            <text from_TM="False" rev_id="13" status="New" time="1222355938">Backup Audio CDs</text>
            <marker end="16" id="0" start="0" />
          </text_data><text_data language="Spanish">
            <text from_TM="False" rev_id="11" status="Complete" time="1222354203">Spanish : io CDs</text>
            <marker end="16" id="0" start="0" />
          </text_data><text_data language="English">
            <text from_TM="False" rev_id="11" status="Complete" time="1222354203">Backup Audio CDs</text>
            <marker end="16" id="0" start="0" />
          </text_data><marker_def id="0" type="html">
            <html_marker tag="a">
              <attr name="href" val="backup_audio.htm" />
              <attr name="class" val="Text-Nav" />
            </html_marker>
          </marker_def>
        </ta_sentence><ta_sentence do_translation="yes" encoding="utf-8" format="1" id="2102" original_language="English">
          <space_before> </space_before>
          <space_after />
          <text_data language="German">
            <text from_TM="False" rev_id="13" status="New" time="1222355938">Index Existing Backup</text>
            <marker end="21" id="0" start="0" />
          </text_data><text_data language="Spanish">
            <text from_TM="False" rev_id="11" status="Complete" time="1222354203">Spanish : ting Backup</text>
            <marker end="21" id="0" start="0" />
          </text_data><text_data language="English">
            <text from_TM="False" rev_id="11" status="Complete" time="1222354203">Index Existing Backup</text>
            <marker end="21" id="0" start="0" />
          </text_data><marker_def id="0" type="html">
            <html_marker tag="a">
              <attr name="href" val="make_index.htm" />
              <attr name="class" val="Text-Nav" />
            </html_marker>
          </marker_def>
        </ta_sentence><ta_sentence do_translation="yes" encoding="utf-8" format="1" id="2103" original_language="English">
          <space_before />
          <space_after />
          <text_data language="German">
            <text from_TM="False" rev_id="13" status="New" time="1222355938">You are here</text>
            <marker end="12" id="0" start="0" />
          </text_data><text_data language="Spanish">
            <text from_TM="False" rev_id="11" status="Complete" time="1222354203">Spanish : re</text>
            <marker end="12" id="0" start="0" />
          </text_data><text_data language="English">
            <text from_TM="False" rev_id="11" status="Complete" time="1222354203">You are here</text>
            <marker end="12" id="0" start="0" />
          </text_data><marker_def id="0" type="html">
            <html_marker tag="img">
              <attr name="src" val="images/here.gif" />
              <attr name="alt" val="You are here" />
              <attr name="class" val="hereimg" />
            </html_marker>
          </marker_def>
        </ta_sentence><ta_sentence do_translation="yes" encoding="utf-8" format="1" id="2104" original_language="English">
          <space_before />
          <space_after />
          <text_data language="German">
            <text from_TM="False" rev_id="13" status="New" time="1222355938">CD Burning</text>
            <marker end="10" id="0" start="0" />
          </text_data><text_data language="Spanish">
            <text from_TM="False" rev_id="11" status="Complete" time="1222354203">Spanish : </text>
            <marker end="10" id="0" start="0" />
          </text_data><text_data language="English">
            <text from_TM="False" rev_id="11" status="Complete" time="1222354203">CD Burning</text>
            <marker end="10" id="0" start="0" />
          </text_data><marker_def id="0" type="html">
            <html_marker tag="span">
              <attr name="class" val="leftselected" />
            </html_marker>
          </marker_def>
        </ta_sentence><ta_sentence do_translation="yes" encoding="utf-8" format="1" id="2105" original_language="English">
          <space_before />
          <space_after />
          <text_data language="German">
            <text from_TM="False" rev_id="13" status="New" time="1222355938">Useful information</text>
            <marker end="18" id="0" start="0" />
          </text_data><text_data language="Spanish">
            <text from_TM="False" rev_id="11" status="Complete" time="1222354203">Spanish : ormation</text>
            <marker end="18" id="0" start="0" />
          </text_data><text_data language="English">
            <text from_TM="False" rev_id="11" status="Complete" time="1222354203">Useful information</text>
            <marker end="18" id="0" start="0" />
          </text_data><marker_def id="0" type="html">
            <html_marker tag="span">
              <attr name="class" val="Text-Bold" />
            </html_marker>
          </marker_def>
        </ta_sentence><ta_sentence do_translation="yes" encoding="utf-8" format="1" id="2106" original_language="English">
          <space_before> </space_before>
          <space_after />
          <text_data language="German">
            <text from_TM="False" rev_id="13" status="New" time="1222355938">Enabling DMA Mode</text>
            <marker end="17" id="0" start="0" />
          </text_data><text_data language="Spanish">
            <text from_TM="False" rev_id="11" status="Complete" time="1222354203">Spanish : MA Mode</text>
            <marker end="17" id="0" start="0" />
          </text_data><text_data language="English">
            <text from_TM="False" rev_id="11" status="Complete" time="1222354203">Enabling DMA Mode</text>
            <marker end="17" id="0" start="0" />
          </text_data><marker_def id="0" type="html">
            <html_marker tag="a">
              <attr name="href" val="dma_setting_nt.htm" />
              <attr name="class" val="Text-Nav" />
            </html_marker>
          </marker_def>
        </ta_sentence><ta_sentence do_translation="yes" encoding="utf-8" format="1" id="2107" original_language="English">
          <space_before />
          <space_after />
          <text_data language="German">
            <text from_TM="False" rev_id="13" status="New" time="1222355938">Bookmark this page</text>
            <marker end="18" id="0" start="0" />
          </text_data><text_data language="Spanish">
            <text from_TM="False" rev_id="11" status="Complete" time="1222354203">Spanish : his page</text>
            <marker end="18" id="0" start="0" />
          </text_data><text_data language="English">
            <text from_TM="False" rev_id="11" status="Complete" time="1222354203">Bookmark this page</text>
            <marker end="18" id="0" start="0" />
          </text_data><marker_def id="0" type="html">
            <html_marker tag="img">
              <attr name="src" val="images/bookmark_us.png" />
              <attr name="alt" val="Bookmark this page" />
              <attr name="class" val="delicious" />
            </html_marker>
          </marker_def>
        </ta_sentence><ta_sentence do_translation="yes" encoding="utf-8" format="1" id="2108" original_language="English">
          <space_before />
          <space_after />
          <text_data language="German">
            <text from_TM="False" rev_id="13" status="New" time="1222355938">Bookmark on</text>
            <marker end="-1" id="0" start="0" />
            <marker end="-1" id="0" start="0" />
          </text_data><text_data language="Spanish">
            <text from_TM="False" rev_id="11" status="Complete" time="1222354203">Spanish : n</text>
            <marker end="-1" id="0" start="0" />
            <marker end="-1" id="0" start="0" />
          </text_data><text_data language="English">
            <text from_TM="False" rev_id="11" status="Complete" time="1222354203">Bookmark on</text>
            <marker end="-1" id="0" start="0" />
            <marker end="-1" id="0" start="0" />
          </text_data><marker_def id="0" type="html">
            <html_marker tag="a">
              <attr name="rel" val="nofollow" />
              <attr name="href" val="http://del.icio.us/post?url=http%3A%2F%2Fwww.onthegosoft.com%2Fcd_burning.htm&amp;title=CD+burning+software" />
              <attr name="target" val="_blank" />
              <attr name="class" val="Text-Nav" />
            </html_marker>
          </marker_def>
        </ta_sentence><ta_sentence do_translation="yes" encoding="utf-8" format="1" id="2109" original_language="English">
          <space_before />
          <space_after />
          <text_data language="German">
            <text from_TM="False" rev_id="13" status="New" time="1222355938">del.icio.us</text>
            <marker end="11" id="-1" start="-1" />
          </text_data><text_data language="Spanish">
            <text from_TM="False" rev_id="11" status="Complete" time="1222354203">Spanish : s</text>
            <marker end="11" id="-1" start="-1" />
          </text_data><text_data language="English">
            <text from_TM="False" rev_id="11" status="Complete" time="1222354203">del.icio.us</text>
            <marker end="11" id="-1" start="-1" />
          </text_data><marker_def id="-1" type="html">
            <html_marker tag="a" />
          </marker_def>
        </ta_sentence><ta_sentence do_translation="yes" encoding="utf-8" format="1" id="2110" original_language="English">
          <space_before />
          <space_after />
          <text_data language="German">
            <text from_TM="False" rev_id="13" status="New" time="1222355938">Home&#160;&gt;&#160;Photo Backup&#160;&gt;&#160;CD Burning</text>
            <marker end="32" id="0" start="0" />
            <marker end="4" id="1" start="0" />
            <marker end="19" id="2" start="7" />
          </text_data><text_data language="Spanish">
            <text from_TM="False" rev_id="11" status="Complete" time="1222354203">Spanish : to Backup&#160;&gt;&#160;CD Burning</text>
            <marker end="32" id="0" start="0" />
            <marker end="4" id="1" start="0" />
            <marker end="19" id="2" start="7" />
          </text_data><text_data language="English">
            <text from_TM="False" rev_id="11" status="Complete" time="1222354203">Home&#160;&gt;&#160;Photo Backup&#160;&gt;&#160;CD Burning</text>
            <marker end="32" id="0" start="0" />
            <marker end="4" id="1" start="0" />
            <marker end="19" id="2" start="7" />
          </text_data><marker_def id="0" type="html">
            <html_marker tag="span">
              <attr name="class" val="Text-TopNav" />
            </html_marker>
          </marker_def><marker_def id="1" type="html">
            <html_marker tag="a">
              <attr name="href" val="./" />
            </html_marker>
          </marker_def><marker_def id="2" type="html">
            <html_marker tag="a">
              <attr name="href" val="photo_backup.htm" />
            </html_marker>
          </marker_def>
        </ta_sentence><ta_sentence do_translation="yes" encoding="utf-8" format="1" id="2111" original_language="English">
          <space_before />
          <space_after />
          <text_data language="German">
            <text from_TM="False" rev_id="13" status="New" time="1222355938">CD burning software for high speed recording</text>
          </text_data><text_data language="Spanish">
            <text from_TM="False" rev_id="11" status="Complete" time="1222354203">Spanish :  software for high speed recording</text>
          </text_data><text_data language="English">
            <text from_TM="False" rev_id="11" status="Complete" time="1222354203">CD burning software for high speed recording</text>
          </text_data>
        </ta_sentence><ta_sentence do_translation="yes" encoding="utf-8" format="1" id="2112" original_language="English">
          <space_before> </space_before>
          <space_after />
          <text_data language="German">
            <text from_TM="False" rev_id="13" status="New" time="1222355938">Photo Backup is one of the most modern, complete and reliable CD and DVD burning software available.</text>
            <marker end="100" id="0" start="0" />
          </text_data><text_data language="Spanish">
            <text from_TM="False" rev_id="11" status="Complete" time="1222354203">Spanish : up is one of the most modern, complete and reliable CD and DVD burning software available.</text>
            <marker end="100" id="0" start="0" />
          </text_data><text_data language="English">
            <text from_TM="False" rev_id="11" status="Complete" time="1222354203">Photo Backup is one of the most modern, complete and reliable CD and DVD burning software available.</text>
            <marker end="100" id="0" start="0" />
          </text_data><marker_def id="0" type="html">
            <html_marker tag="strong" />
          </marker_def>
        </ta_sentence><ta_sentence do_translation="yes" encoding="utf-8" format="1" id="2113" original_language="English">
          <space_before> </space_before>
          <space_after />
          <text_data language="German">
            <text from_TM="False" rev_id="13" status="New" time="1222355938">Burning can be done in the background of other tasks, including Internet browsing, email and word processing.</text>
          </text_data><text_data language="Spanish">
            <text from_TM="False" rev_id="11" status="Complete" time="1222354203">Spanish : n be done in the background of other tasks, including Internet browsing, email and word processing.</text>
          </text_data><text_data language="English">
            <text from_TM="False" rev_id="11" status="Complete" time="1222354203">Burning can be done in the background of other tasks, including Internet browsing, email and word processing.</text>
          </text_data>
        </ta_sentence><ta_sentence do_translation="yes" encoding="utf-8" format="1" id="2114" original_language="English">
          <space_before />
          <space_after />
          <text_data language="German">
            <text from_TM="False" rev_id="13" status="New" time="1222355938">No more need to manually select files and burn.</text>
          </text_data><text_data language="Spanish">
            <text from_TM="False" rev_id="11" status="Complete" time="1222354203">Spanish : ed to manually select files and burn.</text>
          </text_data><text_data language="English">
            <text from_TM="False" rev_id="11" status="Complete" time="1222354203">No more need to manually select files and burn.</text>
          </text_data>
        </ta_sentence><ta_sentence do_translation="yes" encoding="utf-8" format="1" id="2115" original_language="English">
          <space_before> </space_before>
          <space_after />
          <text_data language="German">
            <text from_TM="False" rev_id="13" status="New" time="1222355938">Now, you can burn CDs automatically.</text>
          </text_data><text_data language="Spanish">
            <text from_TM="False" rev_id="11" status="Complete" time="1222354203">Spanish : an burn CDs automatically.</text>
          </text_data><text_data language="English">
            <text from_TM="False" rev_id="11" status="Complete" time="1222354203">Now, you can burn CDs automatically.</text>
          </text_data>
        </ta_sentence><ta_sentence do_translation="yes" encoding="utf-8" format="1" id="2116" original_language="English">
          <space_before> </space_before>
          <space_after> </space_after>
          <text_data language="German">
            <text from_TM="False" rev_id="13" status="New" time="1222355938">Just select which folders you want to burn and click BACKUP - the rest is done automatically!</text>
            <marker end="59" id="0" start="53" />
          </text_data><text_data language="Spanish">
            <text from_TM="False" rev_id="11" status="Complete" time="1222354203">Spanish : t which folders you want to burn and click BACKUP - the rest is done automatically!</text>
            <marker end="59" id="0" start="53" />
          </text_data><text_data language="English">
            <text from_TM="False" rev_id="11" status="Complete" time="1222354203">Just select which folders you want to burn and click BACKUP - the rest is done automatically!</text>
            <marker end="59" id="0" start="53" />
          </text_data><marker_def id="0" type="html">
            <html_marker tag="strong" />
          </marker_def>
        </ta_sentence><ta_sentence do_translation="yes" encoding="utf-8" format="1" id="2117" original_language="English">
          <space_before> </space_before>
          <space_after />
          <text_data language="German">
            <text from_TM="False" rev_id="13" status="New" time="1222355938">Supported burner drives</text>
            <marker end="23" id="0" start="0" />
          </text_data><text_data language="Spanish">
            <text from_TM="False" rev_id="11" status="Complete" time="1222354203">Spanish : burner drives</text>
            <marker end="23" id="0" start="0" />
          </text_data><text_data language="English">
            <text from_TM="False" rev_id="11" status="Complete" time="1222354203">Supported burner drives</text>
            <marker end="23" id="0" start="0" />
          </text_data><marker_def id="0" type="html">
            <html_marker tag="span">
              <attr name="class" val="Text-BigRed" />
            </html_marker>
          </marker_def>
        </ta_sentence><ta_sentence do_translation="yes" encoding="utf-8" format="1" id="2118" original_language="English">
          <space_before />
          <space_after />
          <text_data language="German">
            <text from_TM="False" rev_id="13" status="New" time="1222355938">All CD and DVD burning drives are supported, including:</text>
          </text_data><text_data language="Spanish">
            <text from_TM="False" rev_id="11" status="Complete" time="1222354203">Spanish :  DVD burning drives are supported, including:</text>
          </text_data><text_data language="English">
            <text from_TM="False" rev_id="11" status="Complete" time="1222354203">All CD and DVD burning drives are supported, including:</text>
          </text_data>
        </ta_sentence><ta_sentence do_translation="yes" encoding="utf-8" format="1" id="2119" original_language="English">
          <space_before />
          <space_after />
          <text_data language="German">
            <text from_TM="False" rev_id="13" status="New" time="1222355938">burner drive</text>
            <marker end="12" id="0" start="0" />
          </text_data><text_data language="Spanish">
            <text from_TM="False" rev_id="11" status="Complete" time="1222354203">Spanish : ve</text>
            <marker end="12" id="0" start="0" />
          </text_data><text_data language="English">
            <text from_TM="False" rev_id="11" status="Complete" time="1222354203">burner drive</text>
            <marker end="12" id="0" start="0" />
          </text_data><marker_def id="0" type="html">
            <html_marker tag="img">
              <attr name="src" val="images/photobackup/cdrw_drive.jpg" />
              <attr name="alt" val="burner drive" />
              <attr name="width" val="125" />
              <attr name="height" val="72" />
              <attr name="border" val="1" />
              <attr name="align" val="right" />
            </html_marker>
          </marker_def>
        </ta_sentence><ta_sentence do_translation="yes" encoding="utf-8" format="1" id="2120" original_language="English">
          <space_before />
          <space_after />
          <text_data language="German">
            <text from_TM="False" rev_id="13" status="New" time="1222355938">Original drives</text>
          </text_data><text_data language="Spanish">
            <text from_TM="False" rev_id="11" status="Complete" time="1222354203">Spanish : rives</text>
          </text_data><text_data language="English">
            <text from_TM="False" rev_id="11" status="Complete" time="1222354203">Original drives</text>
          </text_data>
        </ta_sentence><ta_sentence do_translation="yes" encoding="utf-8" format="1" id="2121" original_language="English">
          <space_before> </space_before>
          <space_after />
          <text_data language="German">
            <text from_TM="False" rev_id="13" status="New" time="1222355938">OEM drives</text>
          </text_data><text_data language="Spanish">
            <text from_TM="False" rev_id="11" status="Complete" time="1222354203">Spanish : </text>
          </text_data><text_data language="English">
            <text from_TM="False" rev_id="11" status="Complete" time="1222354203">OEM drives</text>
          </text_data>
        </ta_sentence><ta_sentence do_translation="yes" encoding="utf-8" format="1" id="2122" original_language="English">
          <space_before> </space_before>
          <space_after />
          <text_data language="German">
            <text from_TM="False" rev_id="13" status="New" time="1222355938">Internal CD and DVD burner drives (IDE/EIDE/SCSI)</text>
          </text_data><text_data language="Spanish">
            <text from_TM="False" rev_id="11" status="Complete" time="1222354203">Spanish : D and DVD burner drives (IDE/EIDE/SCSI)</text>
          </text_data><text_data language="English">
            <text from_TM="False" rev_id="11" status="Complete" time="1222354203">Internal CD and DVD burner drives (IDE/EIDE/SCSI)</text>
          </text_data>
        </ta_sentence><ta_sentence do_translation="yes" encoding="utf-8" format="1" id="2123" original_language="English">
          <space_before> </space_before>
          <space_after />
          <text_data language="German">
            <text from_TM="False" rev_id="13" status="New" time="1222355938">External USB 1.1, USB 2.0 and Firewire CD and DVD burner drives</text>
          </text_data><text_data language="Spanish">
            <text from_TM="False" rev_id="11" status="Complete" time="1222354203">Spanish : SB 1.1, USB 2.0 and Firewire CD and DVD burner drives</text>
          </text_data><text_data language="English">
            <text from_TM="False" rev_id="11" status="Complete" time="1222354203">External USB 1.1, USB 2.0 and Firewire CD and DVD burner drives</text>
          </text_data>
        </ta_sentence><ta_sentence do_translation="yes" encoding="utf-8" format="1" id="2124" original_language="English">
          <space_before />
          <space_after />
          <text_data language="German">
            <text from_TM="False" rev_id="13" status="New" time="1222355938">Recording media</text>
          </text_data><text_data language="Spanish">
            <text from_TM="False" rev_id="11" status="Complete" time="1222354203">Spanish : media</text>
          </text_data><text_data language="English">
            <text from_TM="False" rev_id="11" status="Complete" time="1222354203">Recording media</text>
          </text_data>
        </ta_sentence><ta_sentence do_translation="yes" encoding="utf-8" format="1" id="2125" original_language="English">
          <space_before> </space_before>
          <space_after />
          <text_data language="German">
            <text from_TM="False" rev_id="13" status="New" time="1222355938">Any type of recordable media can be used:</text>
          </text_data><text_data language="Spanish">
            <text from_TM="False" rev_id="11" status="Complete" time="1222354203">Spanish : f recordable media can be used:</text>
          </text_data><text_data language="English">
            <text from_TM="False" rev_id="11" status="Complete" time="1222354203">Any type of recordable media can be used:</text>
          </text_data>
        </ta_sentence><ta_sentence do_translation="yes" encoding="utf-8" format="1" id="2126" original_language="English">
          <space_before />
          <space_after />
          <text_data language="German">
            <text from_TM="False" rev_id="13" status="New" time="1222355938">cd</text>
            <marker end="2" id="0" start="0" />
          </text_data><text_data language="Spanish">
            <text from_TM="False" rev_id="11" status="Complete" time="1222354203">Spanish : </text>
            <marker end="2" id="0" start="0" />
          </text_data><text_data language="English">
            <text from_TM="False" rev_id="11" status="Complete" time="1222354203">cd</text>
            <marker end="2" id="0" start="0" />
          </text_data><marker_def id="0" type="html">
            <html_marker tag="img">
              <attr name="src" val="images/photobackup/cd_media.jpg" />
              <attr name="alt" val="cd" />
              <attr name="width" val="104" />
              <attr name="height" val="87" />
              <attr name="border" val="1" />
              <attr name="align" val="right" />
            </html_marker>
          </marker_def>
        </ta_sentence><ta_sentence do_translation="yes" encoding="utf-8" format="1" id="2127" original_language="English">
          <space_before />
          <space_after />
          <text_data language="German">
            <text from_TM="False" rev_id="13" status="New" time="1222355938">CD-R: Lowest cost solution for digital archiving</text>
          </text_data><text_data language="Spanish">
            <text from_TM="False" rev_id="11" status="Complete" time="1222354203">Spanish : st cost solution for digital archiving</text>
          </text_data><text_data language="English">
            <text from_TM="False" rev_id="11" status="Complete" time="1222354203">CD-R: Lowest cost solution for digital archiving</text>
          </text_data>
        </ta_sentence><ta_sentence do_translation="yes" encoding="utf-8" format="1" id="2128" original_language="English">
          <space_before> </space_before>
          <space_after />
          <text_data language="German">
            <text from_TM="False" rev_id="13" status="New" time="1222355938">CD-RW: Re-writeable media for making temporary backup - can be used to make duplicates of your files on other computers</text>
          </text_data><text_data language="Spanish">
            <text from_TM="False" rev_id="11" status="Complete" time="1222354203">Spanish : writeable media for making temporary backup - can be used to make duplicates of your files on other computers</text>
          </text_data><text_data language="English">
            <text from_TM="False" rev_id="11" status="Complete" time="1222354203">CD-RW: Re-writeable media for making temporary backup - can be used to make duplicates of your files on other computers</text>
          </text_data>
        </ta_sentence><ta_sentence do_translation="yes" encoding="utf-8" format="1" id="2129" original_language="English">
          <space_before> </space_before>
          <space_after />
          <text_data language="German">
            <text from_TM="False" rev_id="13" status="New" time="1222355938">DVD-R / DVD+R: The most popular and cost effective media for high capacity media</text>
          </text_data><text_data language="Spanish">
            <text from_TM="False" rev_id="11" status="Complete" time="1222354203">Spanish : D+R: The most popular and cost effective media for high capacity media</text>
          </text_data><text_data language="English">
            <text from_TM="False" rev_id="11" status="Complete" time="1222354203">DVD-R / DVD+R: The most popular and cost effective media for high capacity media</text>
          </text_data>
        </ta_sentence><ta_sentence do_translation="yes" encoding="utf-8" format="1" id="2130" original_language="English">
          <space_before> </space_before>
          <space_after />
          <text_data language="German">
            <text from_TM="False" rev_id="13" status="New" time="1222355938">DVD-RW / DVD+RW / DVD-RAM: Re-writeable high capacity backup, ideal for making duplicates of gigabytes of data</text>
          </text_data><text_data language="Spanish">
            <text from_TM="False" rev_id="11" status="Complete" time="1222354203">Spanish : VD+RW / DVD-RAM: Re-writeable high capacity backup, ideal for making duplicates of gigabytes of data</text>
          </text_data><text_data language="English">
            <text from_TM="False" rev_id="11" status="Complete" time="1222354203">DVD-RW / DVD+RW / DVD-RAM: Re-writeable high capacity backup, ideal for making duplicates of gigabytes of data</text>
          </text_data>
        </ta_sentence><ta_sentence do_translation="yes" encoding="utf-8" format="1" id="2131" original_language="English">
          <space_before />
          <space_after />
          <text_data language="German">
            <text from_TM="False" rev_id="13" status="New" time="1222355938">CD and DVD burning</text>
          </text_data><text_data language="Spanish">
            <text from_TM="False" rev_id="11" status="Complete" time="1222354203">Spanish :  burning</text>
          </text_data><text_data language="English">
            <text from_TM="False" rev_id="11" status="Complete" time="1222354203">CD and DVD burning</text>
          </text_data>
        </ta_sentence><ta_sentence do_translation="yes" encoding="utf-8" format="1" id="2132" original_language="English">
          <space_before />
          <space_after />
          <text_data language="German">
            <text from_TM="False" rev_id="13" status="New" time="1222355938">CD and DVD burning is done at very low CPU overhead.</text>
          </text_data><text_data language="Spanish">
            <text from_TM="False" rev_id="11" status="Complete" time="1222354203">Spanish :  burning is done at very low CPU overhead.</text>
          </text_data><text_data language="English">
            <text from_TM="False" rev_id="11" status="Complete" time="1222354203">CD and DVD burning is done at very low CPU overhead.</text>
          </text_data>
        </ta_sentence><ta_sentence do_translation="yes" encoding="utf-8" format="1" id="2133" original_language="English">
          <space_before> </space_before>
          <space_after />
          <text_data language="German">
            <text from_TM="False" rev_id="13" status="New" time="1222355938">This allows other CPU intensive programs to run in the background.</text>
          </text_data><text_data language="Spanish">
            <text from_TM="False" rev_id="11" status="Complete" time="1222354203">Spanish : s other CPU intensive programs to run in the background.</text>
          </text_data><text_data language="English">
            <text from_TM="False" rev_id="11" status="Complete" time="1222354203">This allows other CPU intensive programs to run in the background.</text>
          </text_data>
        </ta_sentence><ta_sentence do_translation="yes" encoding="utf-8" format="1" id="2134" original_language="English">
          <space_before> </space_before>
          <space_after />
          <text_data language="German">
            <text from_TM="False" rev_id="13" status="New" time="1222355938">For example, burning CDs at x40 speed on Celeron 1.7GHz requires less then 10% CPU overhead.</text>
          </text_data><text_data language="Spanish">
            <text from_TM="False" rev_id="11" status="Complete" time="1222354203">Spanish : e, burning CDs at x40 speed on Celeron 1.7GHz requires less then 10% CPU overhead.</text>
          </text_data><text_data language="English">
            <text from_TM="False" rev_id="11" status="Complete" time="1222354203">For example, burning CDs at x40 speed on Celeron 1.7GHz requires less then 10% CPU overhead.</text>
          </text_data>
        </ta_sentence><ta_sentence do_translation="yes" encoding="utf-8" format="1" id="2135" original_language="English">
          <space_before> </space_before>
          <space_after />
          <text_data language="German">
            <text from_TM="False" rev_id="13" status="New" time="1222355938">To take full advantage of high performance drives, burning is done using DMA mode.</text>
          </text_data><text_data language="Spanish">
            <text from_TM="False" rev_id="11" status="Complete" time="1222354203">Spanish : ll advantage of high performance drives, burning is done using DMA mode.</text>
          </text_data><text_data language="English">
            <text from_TM="False" rev_id="11" status="Complete" time="1222354203">To take full advantage of high performance drives, burning is done using DMA mode.</text>
          </text_data>
        </ta_sentence><ta_sentence do_translation="yes" encoding="utf-8" format="1" id="2136" original_language="English">
          <space_before> </space_before>
          <space_after />
          <text_data language="German">
            <text from_TM="False" rev_id="13" status="New" time="1222355938">BURN-proof (Underrun protection) and OPC are used as default options to guarantee reliable burning.</text>
          </text_data><text_data language="Spanish">
            <text from_TM="False" rev_id="11" status="Complete" time="1222354203">Spanish :  (Underrun protection) and OPC are used as default options to guarantee reliable burning.</text>
          </text_data><text_data language="English">
            <text from_TM="False" rev_id="11" status="Complete" time="1222354203">BURN-proof (Underrun protection) and OPC are used as default options to guarantee reliable burning.</text>
          </text_data>
        </ta_sentence><ta_sentence do_translation="yes" encoding="utf-8" format="1" id="2137" original_language="English">
          <space_before />
          <space_after />
          <text_data language="German">
            <text from_TM="False" rev_id="13" status="New" time="1222355938">cpu utilization</text>
            <marker end="15" id="0" start="0" />
          </text_data><text_data language="Spanish">
            <text from_TM="False" rev_id="11" status="Complete" time="1222354203">Spanish : ation</text>
            <marker end="15" id="0" start="0" />
          </text_data><text_data language="English">
            <text from_TM="False" rev_id="11" status="Complete" time="1222354203">cpu utilization</text>
            <marker end="15" id="0" start="0" />
          </text_data><marker_def id="0" type="html">
            <html_marker tag="img">
              <attr name="src" val="images/photobackup/low_cpu.jpg" />
              <attr name="alt" val="cpu utilization" />
              <attr name="width" val="254" />
              <attr name="height" val="91" />
              <attr name="align" val="right" />
            </html_marker>
          </marker_def>
        </ta_sentence><ta_sentence do_translation="yes" encoding="utf-8" format="1" id="2138" original_language="English">
          <space_before />
          <space_after />
          <text_data language="German">
            <text from_TM="False" rev_id="13" status="New" time="1222355938">Non-standard file names</text>
          </text_data><text_data language="Spanish">
            <text from_TM="False" rev_id="11" status="Complete" time="1222354203">Spanish : rd file names</text>
          </text_data><text_data language="English">
            <text from_TM="False" rev_id="11" status="Complete" time="1222354203">Non-standard file names</text>
          </text_data>
        </ta_sentence><ta_sentence do_translation="yes" encoding="utf-8" format="1" id="2139" original_language="English">
          <space_before />
          <space_after />
          <text_data language="German">
            <text from_TM="False" rev_id="13" status="New" time="1222355938">Files and directories can be restored from the backup exactly, with complete names and attributes.</text>
          </text_data><text_data language="Spanish">
            <text from_TM="False" rev_id="11" status="Complete" time="1222354203">Spanish : directories can be restored from the backup exactly, with complete names and attributes.</text>
          </text_data><text_data language="English">
            <text from_TM="False" rev_id="11" status="Complete" time="1222354203">Files and directories can be restored from the backup exactly, with complete names and attributes.</text>
          </text_data>
        </ta_sentence><ta_sentence do_translation="yes" encoding="utf-8" format="1" id="2140" original_language="English">
          <space_before> </space_before>
          <space_after />
          <text_data language="German">
            <text from_TM="False" rev_id="13" status="New" time="1222355938">Both standard ASCII and international file and directory names are supported on all Windows platforms.</text>
          </text_data><text_data language="Spanish">
            <text from_TM="False" rev_id="11" status="Complete" time="1222354203">Spanish : ard ASCII and international file and directory names are supported on all Windows platforms.</text>
          </text_data><text_data language="English">
            <text from_TM="False" rev_id="11" status="Complete" time="1222354203">Both standard ASCII and international file and directory names are supported on all Windows platforms.</text>
          </text_data>
        </ta_sentence><ta_sentence do_translation="yes" encoding="utf-8" format="1" id="2141" original_language="English">
          <space_before> </space_before>
          <space_after />
          <text_data language="German">
            <text from_TM="False" rev_id="13" status="New" time="1222355938">All files, with arbitrary names (including names, which exceed Joliet naming limitations) are recorded and can be restored with their original names and attributes.</text>
          </text_data><text_data language="Spanish">
            <text from_TM="False" rev_id="11" status="Complete" time="1222354203">Spanish :  with arbitrary names (including names, which exceed Joliet naming limitations) are recorded and can be restored with their original names and attributes.</text>
          </text_data><text_data language="English">
            <text from_TM="False" rev_id="11" status="Complete" time="1222354203">All files, with arbitrary names (including names, which exceed Joliet naming limitations) are recorded and can be restored with their original names and attributes.</text>
          </text_data>
        </ta_sentence><ta_sentence do_translation="yes" encoding="utf-8" format="1" id="2142" original_language="English">
          <space_before />
          <space_after />
          <text_data language="German">
            <text from_TM="False" rev_id="13" status="New" time="1222355938">Disc utilities</text>
          </text_data><text_data language="Spanish">
            <text from_TM="False" rev_id="11" status="Complete" time="1222354203">Spanish : ties</text>
          </text_data><text_data language="English">
            <text from_TM="False" rev_id="11" status="Complete" time="1222354203">Disc utilities</text>
          </text_data>
        </ta_sentence><ta_sentence do_translation="yes" encoding="utf-8" format="1" id="2143" original_language="English">
          <space_before />
          <space_after />
          <text_data language="German">
            <text from_TM="False" rev_id="13" status="New" time="1222355938">Utilities needed to maintain archives on CDs/DVDs are all included:</text>
          </text_data><text_data language="Spanish">
            <text from_TM="False" rev_id="11" status="Complete" time="1222354203">Spanish : needed to maintain archives on CDs/DVDs are all included:</text>
          </text_data><text_data language="English">
            <text from_TM="False" rev_id="11" status="Complete" time="1222354203">Utilities needed to maintain archives on CDs/DVDs are all included:</text>
          </text_data>
        </ta_sentence><ta_sentence do_translation="yes" encoding="utf-8" format="1" id="2144" original_language="English">
          <space_before> </space_before>
          <space_after />
          <text_data language="German">
            <text from_TM="False" rev_id="13" status="New" time="1222355938">CD-RW, DVD-RW, DVD+RW, DVD-RAM quick and full erase</text>
          </text_data><text_data language="Spanish">
            <text from_TM="False" rev_id="11" status="Complete" time="1222354203">Spanish : -RW, DVD+RW, DVD-RAM quick and full erase</text>
          </text_data><text_data language="English">
            <text from_TM="False" rev_id="11" status="Complete" time="1222354203">CD-RW, DVD-RW, DVD+RW, DVD-RAM quick and full erase</text>
          </text_data>
        </ta_sentence><ta_sentence do_translation="yes" encoding="utf-8" format="1" id="2145" original_language="English">
          <space_before> </space_before>
          <space_after />
          <text_data language="German">
            <text from_TM="False" rev_id="13" status="New" time="1222355938">Free disk space reports for all media types</text>
          </text_data><text_data language="Spanish">
            <text from_TM="False" rev_id="11" status="Complete" time="1222354203">Spanish : space reports for all media types</text>
          </text_data><text_data language="English">
            <text from_TM="False" rev_id="11" status="Complete" time="1222354203">Free disk space reports for all media types</text>
          </text_data>
        </ta_sentence><ta_sentence do_translation="yes" encoding="utf-8" format="1" id="2146" original_language="English">
          <space_before> </space_before>
          <space_after />
          <text_data language="German">
            <text from_TM="False" rev_id="13" status="New" time="1222355938">Verification of written data, both automatically after burning and manually at any time later</text>
          </text_data><text_data language="Spanish">
            <text from_TM="False" rev_id="11" status="Complete" time="1222354203">Spanish : on of written data, both automatically after burning and manually at any time later</text>
          </text_data><text_data language="English">
            <text from_TM="False" rev_id="11" status="Complete" time="1222354203">Verification of written data, both automatically after burning and manually at any time later</text>
          </text_data>
        </ta_sentence><ta_sentence do_translation="yes" encoding="utf-8" format="1" id="2147" original_language="English">
          <space_before> </space_before>
          <space_after />
          <text_data language="German">
            <text from_TM="False" rev_id="13" status="New" time="1222355938">Synchronization between the hard drive and the archive</text>
          </text_data><text_data language="Spanish">
            <text from_TM="False" rev_id="11" status="Complete" time="1222354203">Spanish : ation between the hard drive and the archive</text>
          </text_data><text_data language="English">
            <text from_TM="False" rev_id="11" status="Complete" time="1222354203">Synchronization between the hard drive and the archive</text>
          </text_data>
        </ta_sentence><ta_sentence do_translation="yes" encoding="utf-8" format="1" id="2148" original_language="English">
          <space_before> </space_before>
          <space_after> </space_after>
          <text_data language="German">
            <text from_TM="False" rev_id="13" status="New" time="1222355938">Automatic scheduling according to time or new files</text>
          </text_data><text_data language="Spanish">
            <text from_TM="False" rev_id="11" status="Complete" time="1222354203">Spanish : scheduling according to time or new files</text>
          </text_data><text_data language="English">
            <text from_TM="False" rev_id="11" status="Complete" time="1222354203">Automatic scheduling according to time or new files</text>
          </text_data>
        </ta_sentence><ta_sentence do_translation="yes" encoding="utf-8" format="1" id="2149" original_language="English">
          <space_before />
          <space_after />
          <text_data language="German">
            <text from_TM="False" rev_id="13" status="New" time="1222355938">Flexible burning</text>
          </text_data><text_data language="Spanish">
            <text from_TM="False" rev_id="11" status="Complete" time="1222354203">Spanish : urning</text>
          </text_data><text_data language="English">
            <text from_TM="False" rev_id="11" status="Complete" time="1222354203">Flexible burning</text>
          </text_data>
        </ta_sentence><ta_sentence do_translation="yes" encoding="utf-8" format="1" id="2150" original_language="English">
          <space_before />
          <space_after />
          <text_data language="German">
            <text from_TM="False" rev_id="13" status="New" time="1222355938">By default, multisession burning is enabled.</text>
          </text_data><text_data language="Spanish">
            <text from_TM="False" rev_id="11" status="Complete" time="1222354203">Spanish : , multisession burning is enabled.</text>
          </text_data><text_data language="English">
            <text from_TM="False" rev_id="11" status="Complete" time="1222354203">By default, multisession burning is enabled.</text>
          </text_data>
        </ta_sentence><ta_sentence do_translation="yes" encoding="utf-8" format="1" id="2151" original_language="English">
          <space_before> </space_before>
          <space_after />
          <text_data language="German">
            <text from_TM="False" rev_id="13" status="New" time="1222355938">When CDs are full they are automatically finalized.</text>
          </text_data><text_data language="Spanish">
            <text from_TM="False" rev_id="11" status="Complete" time="1222354203">Spanish : re full they are automatically finalized.</text>
          </text_data><text_data language="English">
            <text from_TM="False" rev_id="11" status="Complete" time="1222354203">When CDs are full they are automatically finalized.</text>
          </text_data>
        </ta_sentence><ta_sentence do_translation="yes" encoding="utf-8" format="1" id="2152" original_language="English">
          <space_before> </space_before>
          <space_after />
          <text_data language="German">
            <text from_TM="False" rev_id="13" status="New" time="1222355938">For incremental backup, only sessions are finalized so that archiving can be done whenever there are new files. </text>
          </text_data><text_data language="Spanish">
            <text from_TM="False" rev_id="11" status="Complete" time="1222354203">Spanish : ental backup, only sessions are finalized so that archiving can be done whenever there are new files. </text>
          </text_data><text_data language="English">
            <text from_TM="False" rev_id="11" status="Complete" time="1222354203">For incremental backup, only sessions are finalized so that archiving can be done whenever there are new files. </text>
          </text_data>
        </ta_sentence><ta_sentence do_translation="no" encoding="utf-8" format="1" id="2153" original_language="English">
          <space_before />
          <space_after />
          <text_data language="German">
            <text from_TM="False" rev_id="13" status="New" time="1222355938" />
          </text_data><text_data language="Spanish">
            <text from_TM="False" rev_id="-1" status="Complete" time="1222355861" />
          </text_data><text_data language="English">
            <text from_TM="False" status="Complete" time="1222355861" />
          </text_data>
        </ta_sentence><ta_sentence do_translation="yes" encoding="utf-8" format="1" id="2154" original_language="English">
          <space_before />
          <space_after />
          <text_data language="German">
            <text from_TM="False" rev_id="13" status="New" time="1222355938">Got a digital camera, CD or DVD burner, but no backup for digital photos?</text>
            <marker end="20" id="0" start="6" />
            <marker end="24" id="1" start="22" />
            <marker end="38" id="2" start="28" />
            <marker end="72" id="3" start="44" />
          </text_data><text_data language="Spanish">
            <text from_TM="False" rev_id="11" status="Complete" time="1222354203">Spanish : tal camera, CD or DVD burner, but no backup for digital photos?</text>
            <marker end="20" id="0" start="6" />
            <marker end="24" id="1" start="22" />
            <marker end="38" id="2" start="28" />
            <marker end="72" id="3" start="44" />
          </text_data><text_data language="English">
            <text from_TM="False" rev_id="11" status="Complete" time="1222354203">Got a digital camera, CD or DVD burner, but no backup for digital photos?</text>
            <marker end="20" id="0" start="6" />
            <marker end="24" id="1" start="22" />
            <marker end="38" id="2" start="28" />
            <marker end="72" id="3" start="44" />
          </text_data><marker_def id="0" type="html">
            <html_marker tag="strong" />
          </marker_def><marker_def id="1" type="html">
            <html_marker tag="strong" />
          </marker_def><marker_def id="2" type="html">
            <html_marker tag="strong" />
          </marker_def><marker_def id="3" type="html">
            <html_marker tag="strong" />
          </marker_def>
        </ta_sentence><ta_sentence do_translation="yes" encoding="utf-8" format="1" id="2155" original_language="English">
          <space_before> </space_before>
          <space_after> </space_after>
          <text_data language="German">
            <text from_TM="False" rev_id="13" status="New" time="1222355938"> Then you NEED Photo Backup - click here for FREE trial</text>
            <marker end="55" id="0" start="0" />
            <marker end="55" id="1" start="1" />
          </text_data><text_data language="Spanish">
            <text from_TM="False" rev_id="11" status="Complete" time="1222354203">Spanish : NEED Photo Backup - click here for FREE trial</text>
            <marker end="55" id="0" start="0" />
            <marker end="55" id="1" start="1" />
          </text_data><text_data language="English">
            <text from_TM="False" rev_id="11" status="Complete" time="1222354203"> Then you NEED Photo Backup - click here for FREE trial</text>
            <marker end="55" id="0" start="0" />
            <marker end="55" id="1" start="1" />
          </text_data><marker_def id="0" type="html">
            <html_marker tag="strong" />
          </marker_def><marker_def id="1" type="html">
            <html_marker tag="a">
              <attr name="href" val="download.htm" />
            </html_marker>
          </marker_def>
        </ta_sentence><ta_sentence do_translation="yes" encoding="utf-8" format="1" id="2156" original_language="English">
          <space_before />
          <space_after />
          <text_data language="German">
            <text from_TM="False" rev_id="13" status="New" time="1222355938">Products&#160;&#160; - &#160;&#160;Passport Photo&#160;&#160; - &#160;&#160;Photo Backup&#160;&#160; - &#160;&#160;Shrink Pic&#160;&#160; - &#160;&#160;Resources&#160;&#160; - &#160;&#160;Partners&#160;&#160; - &#160;&#160;Blog</text>
            <marker end="8" id="0" start="0" />
            <marker end="29" id="1" start="15" />
            <marker end="48" id="2" start="36" />
            <marker end="65" id="3" start="55" />
            <marker end="81" id="4" start="72" />
            <marker end="96" id="5" start="88" />
            <marker end="107" id="6" start="103" />
          </text_data><text_data language="Spanish">
            <text from_TM="False" rev_id="11" status="Complete" time="1222354203">Spanish :  - &#160;&#160;Passport Photo&#160;&#160; - &#160;&#160;Photo Backup&#160;&#160; - &#160;&#160;Shrink Pic&#160;&#160; - &#160;&#160;Resources&#160;&#160; - &#160;&#160;Partners&#160;&#160; - &#160;&#160;Blog</text>
            <marker end="8" id="0" start="0" />
            <marker end="29" id="1" start="15" />
            <marker end="48" id="2" start="36" />
            <marker end="65" id="3" start="55" />
            <marker end="81" id="4" start="72" />
            <marker end="96" id="5" start="88" />
            <marker end="107" id="6" start="103" />
          </text_data><text_data language="English">
            <text from_TM="False" rev_id="11" status="Complete" time="1222354203">Products&#160;&#160; - &#160;&#160;Passport Photo&#160;&#160; - &#160;&#160;Photo Backup&#160;&#160; - &#160;&#160;Shrink Pic&#160;&#160; - &#160;&#160;Resources&#160;&#160; - &#160;&#160;Partners&#160;&#160; - &#160;&#160;Blog</text>
            <marker end="8" id="0" start="0" />
            <marker end="29" id="1" start="15" />
            <marker end="48" id="2" start="36" />
            <marker end="65" id="3" start="55" />
            <marker end="81" id="4" start="72" />
            <marker end="96" id="5" start="88" />
            <marker end="107" id="6" start="103" />
          </text_data><marker_def id="0" type="html">
            <html_marker tag="a">
              <attr name="href" val="./" />
            </html_marker>
          </marker_def><marker_def id="1" type="html">
            <html_marker tag="a">
              <attr name="href" val="passport_photo.htm" />
            </html_marker>
          </marker_def><marker_def id="2" type="html">
            <html_marker tag="a">
              <attr name="href" val="photo_backup.htm" />
            </html_marker>
          </marker_def><marker_def id="3" type="html">
            <html_marker tag="a">
              <attr name="href" val="shrink_pic.htm" />
            </html_marker>
          </marker_def><marker_def id="4" type="html">
            <html_marker tag="a">
              <attr name="href" val="links_nav.htm" />
            </html_marker>
          </marker_def><marker_def id="5" type="html">
            <html_marker tag="a">
              <attr name="href" val="partners.htm" />
            </html_marker>
          </marker_def><marker_def id="6" type="html">
            <html_marker tag="a">
              <attr name="href" val="blog/" />
            </html_marker>
          </marker_def>
        </ta_sentence><ta_sentence do_translation="yes" encoding="utf-8" format="1" id="2157" original_language="English">
          <space_before />
          <space_after />
          <text_data language="German">
            <text from_TM="False" rev_id="13" status="New" time="1222355938">This website has been translated using ICanLocalize - Affordable Website Translation</text>
            <marker end="-1" id="0" start="0" />
            <marker end="84" id="1" start="39" />
            <marker end="-1" id="0" start="0" />
          </text_data><text_data language="Spanish">
            <text from_TM="False" rev_id="11" status="Complete" time="1222354203">Spanish : te has been translated using ICanLocalize - Affordable Website Translation</text>
            <marker end="-1" id="0" start="0" />
            <marker end="84" id="1" start="39" />
            <marker end="-1" id="0" start="0" />
          </text_data><text_data language="English">
            <text from_TM="False" rev_id="11" status="Complete" time="1222354203">This website has been translated using ICanLocalize - Affordable Website Translation</text>
            <marker end="-1" id="0" start="0" />
            <marker end="84" id="1" start="39" />
            <marker end="-1" id="0" start="0" />
          </text_data><marker_def id="0" type="html">
            <html_marker tag="span">
              <attr name="class" val="copyright" />
            </html_marker>
          </marker_def><marker_def id="1" type="html">
            <html_marker tag="a">
              <attr name="target" val="_blank" />
              <attr name="href" val="http://www.icanlocalize.com" />
            </html_marker>
          </marker_def>
        </ta_sentence><ta_sentence do_translation="yes" encoding="utf-8" format="1" id="2158" original_language="English">
          <space_before />
          <space_after />
          <text_data language="German">
            <text from_TM="False" rev_id="13" status="New" time="1222355938">&#169; OnTheGoSystems,INC. 2003-2008</text>
            <marker end="21" id="0" start="2" />
            <marker end="31" id="-1" start="-1" />
          </text_data><text_data language="Spanish">
            <text from_TM="False" rev_id="11" status="Complete" time="1222354203">Spanish : ystems,INC. 2003-2008</text>
            <marker end="21" id="0" start="2" />
            <marker end="31" id="-1" start="-1" />
          </text_data><text_data language="English">
            <text from_TM="False" rev_id="11" status="Complete" time="1222354203">&#169; OnTheGoSystems,INC. 2003-2008</text>
            <marker end="21" id="0" start="2" />
            <marker end="31" id="-1" start="-1" />
          </text_data><marker_def id="0" type="html">
            <html_marker tag="a">
              <attr name="href" val="http://www.onthegosystems.com/" />
              <attr name="target" val="_blank" />
            </html_marker>
          </marker_def><marker_def id="-1" type="html">
            <html_marker tag="span" />
          </marker_def>
        </ta_sentence>
      </sentences><html_output_change_data_3 />
    </translation>
  </ta_buffer><ta_buffer encoding="utf-8" format="1" manual="False" original_language="English" source_file="/child_id_cards.htm" type="html">
    <extractor>
      <marked_file MD5="7821d668360926ff9d73ca6a03514577" encoding="zlib-hex">789ccd5a5b53e3b8127e66abf63f68cc995b41620830332c49286e334b9db9504be650fb94926d25d6205b3e964c26fbb0bffd744bb66327ce05a8ad3ad42ee38bd4eafefadea6fbe2f2dbc5e0cf9b2bf2fbe0cb6772f3fdfcf3f505715aae7b7770e1ba97834bfbe2b0bdb74f06298d15d75cc654b8eed557a7ffeb2fdd504702fe25a41b321a982bb8d65c0bd6ff7b1b7f0667c3c1f5e0f3d5f64dca63cde331b908b908c8f525b9a069a0c884eb90dc50a512996a72134a2d71dfdf5dd792c969464c53126a9db4d87f33fed0732e64ac59ac5b8369c21ce2dbbb9ea3d94fed225b27c40f69aa98ee210f783d849b6144d37b966e3b6be9deeaa9608dd47da5eadb631ab19e1330e5a73c41842a3b4a14be5cc1afaf675faeb62b0beb2fea28102a942409c2a640961c34df80c6635f6401a23995594aee393c4b70d3ae7d60ae15a17100ff4f61f948a611c513f13d509352b1b6c1b91445f0f89e84291bf51c85b2ab360a4a52268a072163da211a206940c26c378ba9d02c8da966c55a9a2482fbe67837556ae76724e0156ab7e77c8b0721fb246fe548937321c74ece02aae437d79d4c266d80326463a96049db9791ebc132a4d34ec2e4f481a5bd8e65a2ebe646686e3c194c4b83a49e606069810e7bcefb777b0ef1641ac04e072ea9e0e3b8e7f8a02e9682e69810090d105cf31aef5542fdfc3e2709445fb45a44cb8478348e19400e576ccc63d26aa167e8b44f8aa54d3f5d1d9090f17108367284f68287c4e6da1bc39d04e6b63bfbef8fce2e1deb4a5d1e8d894afd9ec3233a660a70c81830d01ef3114a01849c9a8c33f2fdc2a382fe729ee075baeab54e1b385b27639f7403fe3087313c74e1697f0d43964097e616d176ab40541458c544455488e1847915542a265602b45f05e85da744886ec8d4468b1a24b702a0aa892fc0dd7bce001c692013a75ff7feae8b8b72b6bcd46e5c75a239b54a58d331f82473fa1729036734c1c04413921427e561028c56c68c443cce347b513bf9117a7aae753dd55f56788727b596d13fec200d818001d4260c6c952f63fac0c73602cf8589aa649db950f0909b8f15c46934a97a743bfcf0ace8d63522224bb915450c8c827a8a09e66b161468579df2269541e66b85de53c57191cafcee404e622169d08684edf42ff3bb2710f2b2a9a5719e4d1fbf1b9335f5b5a570616f1e4f4565093a95a5726b6f16a8a009c12fd458bfe25cb96935594bc596ac8f6c5967a87a40dd04f6f7f65ed66c604ec9f34680b44be205f53c86c804638860237de7142edebc062ce4ee7ccd9a18aa0ef17fb42645afabacc9d5b0957b7bae25fbb27857d74201b953504ef84f26f6cde319e1fa5a0c3d85630323d584ffd1fc60827c8646df39850c797042f5ad09406bf88185c992dcd53a9722288380293597e4aed2538afc3334f9c7384c8de257fab0980ee90a7ac9b01649168915a16525195b589e2a087480120f7a870d94beb289adabcfe25866b1cf201a54439f67fcd84d3681cc54f995dafc71b80d55c27c3eca0b6bb5118ce4b6b667251c506a4732cecf4a5209f6182d3be5c2ac2537dcd759cac84dbefa49b07c62daf489b4ac5336c6a5d268ac83e36cb674b56d15b45316b30915ebe8fe61973d49f26fd0e7a46404d51a80a8e6a5fef597e64207f6b04a89f327f4771474808f4b46f106f6e575ce221318216629bedea1af435fe36040408519b4b029542db0e7160f5aa6535d02d7a0dc43cc1e027be67adc66041bc2e20625cd621d350bc7871f96569052dee3b8609841ab198f737ccff3a744871c9a6e5859ca173030292e3355ad274d6d5cc006a0991639962329849ccc75bb40a08d14da997213a9f469968a1ebe7b7970f6b2f311fe6be887e1a9416ec8836189f92b1a2527b6c52e062f3b46ad3bd7973b46ad3b3878d929ec76c78407e8ca693a6620e5d01334be6fd05c29be8ceb1651e1bd5ef5d46b9ea4ff2af6547282fa5c287de613d5acf669cac84fcec047c7ef9767e0fd8fef3f1e3fafa45a48c0e0225cacc9c0653db75fe76d59c8809ed128a4568aff2e2386e85b8c5f8df5498ef68ad4db9069e7b7af08080bd5ebbca8331d6e956dded656d1d295521fcc495d2cc2d1e2bec5a0693ce69bde767e3e96b3061b67649a7dbcc0c3adb9d05081fb0856f1fafad9651bd9d93f98b591fb07d0b18568150cc20ac8935fcebab0bcde9c05e18a944b72c2bf194bca211f5174c4b05d4f320f420d49041ca048a6305f1a8d9610bc980fdb368c96c7d5ccfb606f6f73ebee58e554b559aab37030f096e6c9cfd29a6d490c2ed7cc12dc209d120e61424e5e947a383e9ca9a1f3a12a4b65b033cb5dc0f1d622e0b7383b72fa1f53c6c08c3926f12593905cfae6114f29e28a11a63fe62d8fc72ef6adc9f414aaab71af1e8a4d0087183ceeed2dcd4fb079060b74be00cb3f82c8bf8edbc747e4fbed2571c9ac5a2e6450a14c12b00cf41c8dd2145cff478a2c6238734243b2b3b59580e61d5661a279b82fc34552e34d69a8c2c1d20b74bcfe27896e809101c2829c04505c1807b19f18ca41f969d7f5fae4db08624f962a862f5e43bd34a11a6200120859b44bbc4ce3d514bc29264a732108244622202bef12f6c06253b250a8d626f9e04cb573b9922533a4d502cc45b79089449961fd3d460064ca7abf757610b7eeef28549b0c42e8c36bdf08186eb5e1f175f98d20810211ba96d773df099ad96efe78404ceb624f78a3323f24d4908f1989b3c863e92e81800165ac2280138b202bbc7d1e4056b6f21308d6b810fd03ae4da54914ff8b05bb047282511b0034e2d88e5ac543492e407d28282ad43320a59c19b927581e5b00ef4266a58c19d6a6c6147e644a43c4050b90992541b5a620314050581560ab420ef6ff3c1b28be91cd7fee51284fb118859acfd960d114632201aa29d83f98a965c57c7bba3d3757dbdb04bb0304c00e824165117e1f9a81aa66c25b4363dc3425464e88c576233c00a5021b94a0f7ef12c1ef193c820441213a5bab5a0b45d8b152df21fc86ab6b3894cd097f5a24f3ced32065123239a84aa044c636d0dbad7028d41cd460ebbfad633c134b4e5c363bee0a5e46a9339ea2e28cc39216e1a322008d4df8a25e0ae96ed77a1a40828028a8ea889e6f9926ecf503465786de1c1468c3499b70010d18c7b866e700c6a83d8487a510cca0b242ee1e47f12c0256711882d1e5fe09046ef33c4230e95878de3033e380fb2909b2145f8652f0804e89625401e76fd79dd17533b1e4d5ba89df63fa8be6e96075949fefb61d280e1fabd3d2caa78559da337758538fa44497ab340df9cba6eaa3d26a368fe8f3e2defc0603acde3ead4db0940a8c97513463248ffaf75992d333f9ebdc3cd9942f158211dc0f13eee76376738f73a74d29e0676a3584fec412f8832908023e7b0432a98e59aa0a4cecdda6bbcd84119a68f8a736dfe8dabf08b0e55da56e1c4b3916ac45c125a79afbca148fc02f142aed1faaf62dfe077da0960a9a95bd2ae92e5937cca8ef6bd223cef7b3d6d1bbc3e3bda3d6be73620f8010e1dfb3f4cddb9392dc622beacb649a7735039c874c98a7b86624844ce231c8a595b095572e7461c8b0502e73887c42fa60da7f3114d9e95f5fd0f873fe04c03d1b419c0e4c0b73979f588c941a077aaf90cf13b2aa349f2a8df34d0478610cd22f3e21db45bbd75f2fda7808e9eced1db4e0d78786cab6e2b9650f8cee9dff6142d7cdff78e67f78f1cc2b</marked_file>
      <paragraph_indexes count="51">94 152 356 512 937 1002 1202 1292 1395 1443 1452 1565 1735 1803 2101 2131 2163 2204 2236 2266 2298 2336 2368 2406 3119 3167 3176 3247 3256 3318 3327 3406 3426 3479 3488 3589 3598 3685 3705 3759 3768 3851 3860 3935 3955 4005 4016 4083 4088 4141 4150 4257 4361 4443 4461 4671 4680 4700 5030 5182 5290 5337 5357 5496 5501 5604 5773 5861 5874 5927 6057 6135 6148 6264 6343 6480 6536 6769 6825 6996 7052 7135 7149 7263 7298 7334 7391 7448 7533 7629 7667 7711 7749 7776 7814 7876 8152 8577 8753 8924 8933 9042 </paragraph_indexes>
      <support_files>
        <file type="todo">images/bluebottom.gif</file>
        <file type="todo">images/bluetop.gif</file>
        <file type="todo">images/bookmark_us.png</file>
        <file type="todo">images/bottomwhite.gif</file>
        <file type="todo">images/bottomwhite2.gif</file>
        <file type="todo">images/buy.gif</file>
        <file type="todo">images/download.gif</file>
        <file type="todo">images/here.gif</file>
        <file type="todo">images/menutabA1.gif</file>
        <file type="todo">images/menutabB1.gif</file>
        <file type="todo">images/passport/child_id_card_sample.png</file>
        <file type="todo">images/photobackup/1bckgrnd.gif</file>
        <file type="todo">images/photobackup/2bckgrnd.gif</file>
        <file type="todo">images/photobackup/3bckgrnd.gif</file>
        <file type="todo">images/small_web.gif</file>
        <file type="todo">images/topline1.gif</file>
        <file type="todo">images/topline2.gif</file>
        <file type="todo">images/topline2WB.gif</file>
        <file type="todo">images/toplineL.gif</file>
        <file type="todo">images/toplineLW.gif</file>
        <file type="todo">images/toplineR.gif</file>
        <file type="todo">images/topwhite2.gif</file>
        <file type="todo">styles.css</file>
      </support_files>
    </extractor><translation>
      <languages>
        <language reviewed="False">Spanish</language>
        <language reviewed="False">German</language>
      </languages><sentences count="51">
        <ta_sentence do_translation="yes" encoding="utf-8" format="1" id="256" original_language="English" type="title">
          <space_before />
          <space_after />
          <text_data language="German">
            <text from_TM="False" rev_id="13" status="New" time="1222355938">Printing Child ID Cards with Passport Photo</text>
          </text_data><text_data language="Spanish">
            <text from_TM="False" rev_id="11" status="Complete" time="1222354203">Spanish : hild ID Cards with Passport Photo</text>
          </text_data><text_data language="English">
            <text from_TM="False" rev_id="11" status="Complete" time="1222354203">Printing Child ID Cards with Passport Photo</text>
          </text_data>
        </ta_sentence><ta_sentence do_translation="yes" encoding="utf-8" format="1" id="257" meta_name="description" original_language="English" type="meta">
          <space_before />
          <space_after />
          <text_data language="German">
            <text from_TM="False" rev_id="13" status="New" time="1222355938">Passport Photo also prints child ID cards including your kids photo, your photos and any information you choose.</text>
          </text_data><text_data language="Spanish">
            <text from_TM="False" rev_id="11" status="Complete" time="1222354203">Spanish : hoto also prints child ID cards including your kids photo, your photos and any information you choose.</text>
          </text_data><text_data language="English">
            <text from_TM="False" rev_id="11" status="Complete" time="1222354203">Passport Photo also prints child ID cards including your kids photo, your photos and any information you choose.</text>
          </text_data>
        </ta_sentence><ta_sentence do_translation="no" encoding="utf-8" format="1" id="258" original_language="English">
          <space_before />
          <space_after />
          <text_data language="German">
            <text from_TM="False" rev_id="13" status="New" time="1222355938" />
            <marker end="0" id="0" start="0" />
          </text_data><text_data language="Spanish">
            <text from_TM="False" rev_id="-1" status="Complete" time="1222355861" />
            <marker end="0" id="0" start="0" />
          </text_data><text_data language="English">
            <text from_TM="False" status="Complete" time="1222355861" />
            <marker end="0" id="0" start="0" />
          </text_data><marker_def id="0" type="html">
            <html_marker tag="img">
              <attr name="src" val="images/bluetop.gif" />
              <attr name="alt" val="" />
              <attr name="width" val="760" />
              <attr name="height" val="5" />
            </html_marker>
          </marker_def>
        </ta_sentence><ta_sentence do_translation="yes" encoding="utf-8" format="1" id="259" original_language="English">
          <space_before />
          <space_after />
          <text_data language="German">
            <text from_TM="False" rev_id="13" status="New" time="1222355938">OnTheGoSoft</text>
            <marker end="11" id="0" start="0" />
          </text_data><text_data language="Spanish">
            <text from_TM="False" rev_id="11" status="Complete" time="1222354203">Spanish : t</text>
            <marker end="11" id="0" start="0" />
          </text_data><text_data language="English">
            <text from_TM="False" rev_id="11" status="Complete" time="1222354203">OnTheGoSoft</text>
            <marker end="11" id="0" start="0" />
          </text_data><marker_def id="0" type="html">
            <html_marker tag="img">
              <attr name="border" val="0" />
              <attr name="src" val="images/small_web.gif" />
              <attr name="alt" val="OnTheGoSoft" />
              <attr name="width" val="160" />
              <attr name="height" val="62" />
            </html_marker>
          </marker_def>
        </ta_sentence><ta_sentence do_translation="yes" encoding="utf-8" format="1" id="260" original_language="English">
          <space_before />
          <space_after />
          <text_data language="German">
            <text from_TM="False" rev_id="13" status="New" time="1222355938">Passport Photo</text>
            <marker end="14" id="0" start="0" />
          </text_data><text_data language="Spanish">
            <text from_TM="False" rev_id="11" status="Complete" time="1222354203">Spanish : hoto</text>
            <marker end="14" id="0" start="0" />
          </text_data><text_data language="English">
            <text from_TM="False" rev_id="11" status="Complete" time="1222354203">Passport Photo</text>
            <marker end="14" id="0" start="0" />
          </text_data><marker_def id="0" type="html">
            <html_marker tag="span">
              <attr name="class" val="TextTop" />
            </html_marker>
          </marker_def>
        </ta_sentence><ta_sentence do_translation="yes" encoding="utf-8" format="1" id="261" original_language="English">
          <space_before> </space_before>
          <space_after />
          <text_data language="German">
            <text from_TM="False" rev_id="13" status="New" time="1222355938">Create and print passport photos in one minute!</text>
            <marker end="47" id="0" start="0" />
          </text_data><text_data language="Spanish">
            <text from_TM="False" rev_id="11" status="Complete" time="1222354203">Spanish :  print passport photos in one minute!</text>
            <marker end="47" id="0" start="0" />
          </text_data><text_data language="English">
            <text from_TM="False" rev_id="11" status="Complete" time="1222354203">Create and print passport photos in one minute!</text>
            <marker end="47" id="0" start="0" />
          </text_data><marker_def id="0" type="html">
            <html_marker tag="span">
              <attr name="class" val="tagline" />
            </html_marker>
          </marker_def>
        </ta_sentence><ta_sentence do_translation="no" encoding="utf-8" format="1" id="262" original_language="English">
          <space_before />
          <space_after />
          <text_data language="German">
            <text from_TM="False" rev_id="13" status="New" time="1222355938" />
            <marker end="0" id="0" start="0" />
          </text_data><text_data language="Spanish">
            <text from_TM="False" rev_id="-1" status="Complete" time="1222355861" />
            <marker end="0" id="0" start="0" />
          </text_data><text_data language="English">
            <text from_TM="False" status="Complete" time="1222355861" />
            <marker end="0" id="0" start="0" />
          </text_data><marker_def id="0" type="html">
            <html_marker tag="img">
              <attr name="src" val="images/bluebottom.gif" />
              <attr name="alt" val="" />
              <attr name="width" val="760" />
              <attr name="height" val="5" />
            </html_marker>
          </marker_def>
        </ta_sentence><ta_sentence do_translation="yes" encoding="utf-8" format="1" id="263" original_language="English">
          <space_before />
          <space_after />
          <text_data language="German">
            <text from_TM="False" rev_id="13" status="New" time="1222355938">Products</text>
            <marker end="8" id="0" start="0" />
          </text_data><text_data language="Spanish">
            <text from_TM="False" rev_id="11" status="Complete" time="1222354203">Spanish : </text>
            <marker end="8" id="0" start="0" />
          </text_data><text_data language="English">
            <text from_TM="False" rev_id="11" status="Complete" time="1222354203">Products</text>
            <marker end="8" id="0" start="0" />
          </text_data><marker_def id="0" type="html">
            <html_marker tag="a">
              <attr name="href" val="./" />
            </html_marker>
          </marker_def>
        </ta_sentence><ta_sentence do_translation="yes" encoding="utf-8" format="1" id="264" original_language="English">
          <space_before />
          <space_after />
          <text_data language="German">
            <text from_TM="False" rev_id="13" status="New" time="1222355938">Downloads</text>
            <marker end="9" id="0" start="0" />
          </text_data><text_data language="Spanish">
            <text from_TM="False" rev_id="11" status="Complete" time="1222354203">Spanish : </text>
            <marker end="9" id="0" start="0" />
          </text_data><text_data language="English">
            <text from_TM="False" rev_id="11" status="Complete" time="1222354203">Downloads</text>
            <marker end="9" id="0" start="0" />
          </text_data><marker_def id="0" type="html">
            <html_marker tag="a">
              <attr name="href" val="download.htm" />
            </html_marker>
          </marker_def>
        </ta_sentence><ta_sentence do_translation="yes" encoding="utf-8" format="1" id="265" original_language="English">
          <space_before />
          <space_after />
          <text_data language="German">
            <text from_TM="False" rev_id="13" status="New" time="1222355938">Buy</text>
            <marker end="3" id="0" start="0" />
          </text_data><text_data language="Spanish">
            <text from_TM="False" rev_id="11" status="Complete" time="1222354203">Spanish : </text>
            <marker end="3" id="0" start="0" />
          </text_data><text_data language="English">
            <text from_TM="False" rev_id="11" status="Complete" time="1222354203">Buy</text>
            <marker end="3" id="0" start="0" />
          </text_data><marker_def id="0" type="html">
            <html_marker tag="a">
              <attr name="href" val="buy.htm" />
            </html_marker>
          </marker_def>
        </ta_sentence><ta_sentence do_translation="yes" encoding="utf-8" format="1" id="266" original_language="English">
          <space_before />
          <space_after />
          <text_data language="German">
            <text from_TM="False" rev_id="13" status="New" time="1222355938">Contact</text>
            <marker end="7" id="0" start="0" />
          </text_data><text_data language="Spanish">
            <text from_TM="False" rev_id="11" status="Complete" time="1222354203">Spanish : </text>
            <marker end="7" id="0" start="0" />
          </text_data><text_data language="English">
            <text from_TM="False" rev_id="11" status="Complete" time="1222354203">Contact</text>
            <marker end="7" id="0" start="0" />
          </text_data><marker_def id="0" type="html">
            <html_marker tag="a">
              <attr name="href" val="contact.htm" />
            </html_marker>
          </marker_def>
        </ta_sentence><ta_sentence do_translation="yes" encoding="utf-8" format="1" id="267" original_language="English">
          <space_before />
          <space_after />
          <text_data language="German">
            <text from_TM="False" rev_id="13" status="New" time="1222355938">Support</text>
            <marker end="7" id="0" start="0" />
          </text_data><text_data language="Spanish">
            <text from_TM="False" rev_id="11" status="Complete" time="1222354203">Spanish : </text>
            <marker end="7" id="0" start="0" />
          </text_data><text_data language="English">
            <text from_TM="False" rev_id="11" status="Complete" time="1222354203">Support</text>
            <marker end="7" id="0" start="0" />
          </text_data><marker_def id="0" type="html">
            <html_marker tag="a">
              <attr name="href" val="support.htm" />
            </html_marker>
          </marker_def>
        </ta_sentence><ta_sentence do_translation="yes" encoding="utf-8" format="1" id="268" original_language="English">
          <space_before />
          <space_after />
          <text_data language="German">
            <text from_TM="False" rev_id="13" status="New" time="1222355938">Product info</text>
            <marker end="12" id="0" start="0" />
          </text_data><text_data language="Spanish">
            <text from_TM="False" rev_id="11" status="Complete" time="1222354203">Spanish : fo</text>
            <marker end="12" id="0" start="0" />
          </text_data><text_data language="English">
            <text from_TM="False" rev_id="11" status="Complete" time="1222354203">Product info</text>
            <marker end="12" id="0" start="0" />
          </text_data><marker_def id="0" type="html">
            <html_marker tag="span">
              <attr name="class" val="Text-Bold" />
            </html_marker>
          </marker_def>
        </ta_sentence><ta_sentence do_translation="yes" encoding="utf-8" format="1" id="269" original_language="English">
          <space_before> </space_before>
          <space_after />
          <text_data language="German">
            <text from_TM="False" rev_id="13" status="New" time="1222355938">Passport Photo</text>
            <marker end="14" id="0" start="0" />
          </text_data><text_data language="Spanish">
            <text from_TM="False" rev_id="11" status="Complete" time="1222354203">Spanish : hoto</text>
            <marker end="14" id="0" start="0" />
          </text_data><text_data language="English">
            <text from_TM="False" rev_id="11" status="Complete" time="1222354203">Passport Photo</text>
            <marker end="14" id="0" start="0" />
          </text_data><marker_def id="0" type="html">
            <html_marker tag="a">
              <attr name="href" val="passport_photo.htm" />
              <attr name="class" val="Text-Nav" />
            </html_marker>
          </marker_def>
        </ta_sentence><ta_sentence do_translation="yes" encoding="utf-8" format="1" id="270" original_language="English">
          <space_before> </space_before>
          <space_after />
          <text_data language="German">
            <text from_TM="False" rev_id="13" status="New" time="1222355938">Download</text>
            <marker end="8" id="0" start="0" />
          </text_data><text_data language="Spanish">
            <text from_TM="False" rev_id="11" status="Complete" time="1222354203">Spanish : </text>
            <marker end="8" id="0" start="0" />
          </text_data><text_data language="English">
            <text from_TM="False" rev_id="11" status="Complete" time="1222354203">Download</text>
            <marker end="8" id="0" start="0" />
          </text_data><marker_def id="0" type="html">
            <html_marker tag="a">
              <attr name="href" val="pp_download.htm" />
              <attr name="class" val="Text-Nav" />
            </html_marker>
          </marker_def>
        </ta_sentence><ta_sentence do_translation="yes" encoding="utf-8" format="1" id="271" original_language="English">
          <space_before> </space_before>
          <space_after />
          <text_data language="German">
            <text from_TM="False" rev_id="13" status="New" time="1222355938">News and Announcements</text>
            <marker end="22" id="0" start="0" />
          </text_data><text_data language="Spanish">
            <text from_TM="False" rev_id="11" status="Complete" time="1222354203">Spanish : nnouncements</text>
            <marker end="22" id="0" start="0" />
          </text_data><text_data language="English">
            <text from_TM="False" rev_id="11" status="Complete" time="1222354203">News and Announcements</text>
            <marker end="22" id="0" start="0" />
          </text_data><marker_def id="0" type="html">
            <html_marker tag="a">
              <attr name="href" val="/blog/?sectionid=4" />
              <attr name="class" val="Text-Nav" />
            </html_marker>
          </marker_def>
        </ta_sentence><ta_sentence do_translation="yes" encoding="utf-8" format="1" id="272" original_language="English">
          <space_before />
          <space_after />
          <text_data language="German">
            <text from_TM="False" rev_id="13" status="New" time="1222355938">Photo information</text>
            <marker end="17" id="0" start="0" />
          </text_data><text_data language="Spanish">
            <text from_TM="False" rev_id="11" status="Complete" time="1222354203">Spanish : rmation</text>
            <marker end="17" id="0" start="0" />
          </text_data><text_data language="English">
            <text from_TM="False" rev_id="11" status="Complete" time="1222354203">Photo information</text>
            <marker end="17" id="0" start="0" />
          </text_data><marker_def id="0" type="html">
            <html_marker tag="span">
              <attr name="class" val="Text-Bold" />
            </html_marker>
          </marker_def>
        </ta_sentence><ta_sentence do_translation="yes" encoding="utf-8" format="1" id="273" original_language="English">
          <space_before> </space_before>
          <space_after />
          <text_data language="German">
            <text from_TM="False" rev_id="13" status="New" time="1222355938">Passport Photo Specifications</text>
            <marker end="29" id="0" start="0" />
          </text_data><text_data language="Spanish">
            <text from_TM="False" rev_id="11" status="Complete" time="1222354203">Spanish : hoto Specifications</text>
            <marker end="29" id="0" start="0" />
          </text_data><text_data language="English">
            <text from_TM="False" rev_id="11" status="Complete" time="1222354203">Passport Photo Specifications</text>
            <marker end="29" id="0" start="0" />
          </text_data><marker_def id="0" type="html">
            <html_marker tag="a">
              <attr name="href" val="passport_photo_specifications.htm" />
              <attr name="class" val="Text-Nav" />
            </html_marker>
          </marker_def>
        </ta_sentence><ta_sentence do_translation="yes" encoding="utf-8" format="1" id="274" original_language="English">
          <space_before> </space_before>
          <space_after />
          <text_data language="German">
            <text from_TM="False" rev_id="13" status="New" time="1222355938">Common Picture Problems</text>
            <marker end="23" id="0" start="0" />
          </text_data><text_data language="Spanish">
            <text from_TM="False" rev_id="11" status="Complete" time="1222354203">Spanish : ture Problems</text>
            <marker end="23" id="0" start="0" />
          </text_data><text_data language="English">
            <text from_TM="False" rev_id="11" status="Complete" time="1222354203">Common Picture Problems</text>
            <marker end="23" id="0" start="0" />
          </text_data><marker_def id="0" type="html">
            <html_marker tag="a">
              <attr name="href" val="common_photo_problems.htm" />
              <attr name="class" val="Text-Nav" />
            </html_marker>
          </marker_def>
        </ta_sentence><ta_sentence do_translation="yes" encoding="utf-8" format="1" id="275" original_language="English">
          <space_before />
          <space_after />
          <text_data language="German">
            <text from_TM="False" rev_id="13" status="New" time="1222355938">Getting a passport</text>
            <marker end="18" id="0" start="0" />
          </text_data><text_data language="Spanish">
            <text from_TM="False" rev_id="11" status="Complete" time="1222354203">Spanish : passport</text>
            <marker end="18" id="0" start="0" />
          </text_data><text_data language="English">
            <text from_TM="False" rev_id="11" status="Complete" time="1222354203">Getting a passport</text>
            <marker end="18" id="0" start="0" />
          </text_data><marker_def id="0" type="html">
            <html_marker tag="span">
              <attr name="class" val="Text-Bold" />
            </html_marker>
          </marker_def>
        </ta_sentence><ta_sentence do_translation="yes" encoding="utf-8" format="1" id="276" original_language="English">
          <space_before> </space_before>
          <space_after />
          <text_data language="German">
            <text from_TM="False" rev_id="13" status="New" time="1222355938">Passport Application</text>
            <marker end="20" id="0" start="0" />
          </text_data><text_data language="Spanish">
            <text from_TM="False" rev_id="11" status="Complete" time="1222354203">Spanish : pplication</text>
            <marker end="20" id="0" start="0" />
          </text_data><text_data language="English">
            <text from_TM="False" rev_id="11" status="Complete" time="1222354203">Passport Application</text>
            <marker end="20" id="0" start="0" />
          </text_data><marker_def id="0" type="html">
            <html_marker tag="a">
              <attr name="href" val="passport_application.htm" />
              <attr name="class" val="Text-Nav" />
            </html_marker>
          </marker_def>
        </ta_sentence><ta_sentence do_translation="yes" encoding="utf-8" format="1" id="277" original_language="English">
          <space_before> </space_before>
          <space_after />
          <text_data language="German">
            <text from_TM="False" rev_id="13" status="New" time="1222355938">Passport Renewal</text>
            <marker end="16" id="0" start="0" />
          </text_data><text_data language="Spanish">
            <text from_TM="False" rev_id="11" status="Complete" time="1222354203">Spanish : enewal</text>
            <marker end="16" id="0" start="0" />
          </text_data><text_data language="English">
            <text from_TM="False" rev_id="11" status="Complete" time="1222354203">Passport Renewal</text>
            <marker end="16" id="0" start="0" />
          </text_data><marker_def id="0" type="html">
            <html_marker tag="a">
              <attr name="href" val="passport_renewal.htm" />
              <attr name="class" val="Text-Nav" />
            </html_marker>
          </marker_def>
        </ta_sentence><ta_sentence do_translation="yes" encoding="utf-8" format="1" id="278" original_language="English">
          <space_before />
          <space_after />
          <text_data language="German">
            <text from_TM="False" rev_id="13" status="New" time="1222355938">Other features</text>
            <marker end="14" id="0" start="0" />
          </text_data><text_data language="Spanish">
            <text from_TM="False" rev_id="11" status="Complete" time="1222354203">Spanish : ures</text>
            <marker end="14" id="0" start="0" />
          </text_data><text_data language="English">
            <text from_TM="False" rev_id="11" status="Complete" time="1222354203">Other features</text>
            <marker end="14" id="0" start="0" />
          </text_data><marker_def id="0" type="html">
            <html_marker tag="span">
              <attr name="class" val="Text-Bold" />
            </html_marker>
          </marker_def>
        </ta_sentence><ta_sentence do_translation="yes" encoding="utf-8" format="1" id="279" original_language="English">
          <space_before />
          <space_after />
          <text_data language="German">
            <text from_TM="False" rev_id="13" status="New" time="1222355938">You are here</text>
            <marker end="12" id="0" start="0" />
          </text_data><text_data language="Spanish">
            <text from_TM="False" rev_id="11" status="Complete" time="1222354203">Spanish : re</text>
            <marker end="12" id="0" start="0" />
          </text_data><text_data language="English">
            <text from_TM="False" rev_id="11" status="Complete" time="1222354203">You are here</text>
            <marker end="12" id="0" start="0" />
          </text_data><marker_def id="0" type="html">
            <html_marker tag="img">
              <attr name="src" val="images/here.gif" />
              <attr name="alt" val="You are here" />
              <attr name="class" val="hereimg" />
            </html_marker>
          </marker_def>
        </ta_sentence><ta_sentence do_translation="yes" encoding="utf-8" format="1" id="280" original_language="English">
          <space_before />
          <space_after />
          <text_data language="German">
            <text from_TM="False" rev_id="13" status="New" time="1222355938">Child ID Cards</text>
            <marker end="14" id="0" start="0" />
          </text_data><text_data language="Spanish">
            <text from_TM="False" rev_id="11" status="Complete" time="1222354203">Spanish : ards</text>
            <marker end="14" id="0" start="0" />
          </text_data><text_data language="English">
            <text from_TM="False" rev_id="11" status="Complete" time="1222354203">Child ID Cards</text>
            <marker end="14" id="0" start="0" />
          </text_data><marker_def id="0" type="html">
            <html_marker tag="span">
              <attr name="class" val="leftselected" />
            </html_marker>
          </marker_def>
        </ta_sentence><ta_sentence do_translation="yes" encoding="utf-8" format="1" id="281" original_language="English">
          <space_before> </space_before>
          <space_after />
          <text_data language="German">
            <text from_TM="False" rev_id="13" status="New" time="1222355938">Translated texts for child ID cards</text>
            <marker end="35" id="0" start="0" />
          </text_data><text_data language="Spanish">
            <text from_TM="False" rev_id="11" status="Complete" time="1222354203">Spanish :  texts for child ID cards</text>
            <marker end="35" id="0" start="0" />
          </text_data><text_data language="English">
            <text from_TM="False" rev_id="11" status="Complete" time="1222354203">Translated texts for child ID cards</text>
            <marker end="35" id="0" start="0" />
          </text_data><marker_def id="0" type="html">
            <html_marker tag="a">
              <attr name="href" val="translated-texts-for-id-cards.htm" />
              <attr name="class" val="Text-Nav" />
            </html_marker>
          </marker_def>
        </ta_sentence><ta_sentence do_translation="yes" encoding="utf-8" format="1" id="282" original_language="English">
          <space_before />
          <space_after />
          <text_data language="German">
            <text from_TM="False" rev_id="13" status="New" time="1222355938">Bookmark this page</text>
            <marker end="18" id="0" start="0" />
          </text_data><text_data language="Spanish">
            <text from_TM="False" rev_id="11" status="Complete" time="1222354203">Spanish : his page</text>
            <marker end="18" id="0" start="0" />
          </text_data><text_data language="English">
            <text from_TM="False" rev_id="11" status="Complete" time="1222354203">Bookmark this page</text>
            <marker end="18" id="0" start="0" />
          </text_data><marker_def id="0" type="html">
            <html_marker tag="img">
              <attr name="src" val="images/bookmark_us.png" />
              <attr name="alt" val="Bookmark this page" />
              <attr name="class" val="delicious" />
            </html_marker>
          </marker_def>
        </ta_sentence><ta_sentence do_translation="yes" encoding="utf-8" format="1" id="283" original_language="English">
          <space_before />
          <space_after />
          <text_data language="German">
            <text from_TM="False" rev_id="13" status="New" time="1222355938">Bookmark on</text>
            <marker end="-1" id="0" start="0" />
            <marker end="-1" id="0" start="0" />
          </text_data><text_data language="Spanish">
            <text from_TM="False" rev_id="11" status="Complete" time="1222354203">Spanish : n</text>
            <marker end="-1" id="0" start="0" />
            <marker end="-1" id="0" start="0" />
          </text_data><text_data language="English">
            <text from_TM="False" rev_id="11" status="Complete" time="1222354203">Bookmark on</text>
            <marker end="-1" id="0" start="0" />
            <marker end="-1" id="0" start="0" />
          </text_data><marker_def id="0" type="html">
            <html_marker tag="a">
              <attr name="rel" val="nofollow" />
              <attr name="href" val="http://del.icio.us/post?url=http%3A%2F%2Fwww.onthegosoft.com%2Fchild_id_cards.htm&amp;title=Printing+Child+ID+Cards+with+Passport+Photo" />
              <attr name="target" val="_blank" />
              <attr name="class" val="Text-Nav" />
            </html_marker>
          </marker_def>
        </ta_sentence><ta_sentence do_translation="yes" encoding="utf-8" format="1" id="284" original_language="English">
          <space_before />
          <space_after />
          <text_data language="German">
            <text from_TM="False" rev_id="13" status="New" time="1222355938">del.icio.us</text>
            <marker end="11" id="-1" start="-1" />
          </text_data><text_data language="Spanish">
            <text from_TM="False" rev_id="11" status="Complete" time="1222354203">Spanish : s</text>
            <marker end="11" id="-1" start="-1" />
          </text_data><text_data language="English">
            <text from_TM="False" rev_id="11" status="Complete" time="1222354203">del.icio.us</text>
            <marker end="11" id="-1" start="-1" />
          </text_data><marker_def id="-1" type="html">
            <html_marker tag="a" />
          </marker_def>
        </ta_sentence><ta_sentence do_translation="yes" encoding="utf-8" format="1" id="285" original_language="English">
          <space_before />
          <space_after />
          <text_data language="German">
            <text from_TM="False" rev_id="13" status="New" time="1222355938">Home&#160;&gt;&#160;Passport Photo&#160;&gt;&#160;Child ID Cards</text>
            <marker end="38" id="0" start="0" />
            <marker end="4" id="1" start="0" />
            <marker end="21" id="2" start="7" />
          </text_data><text_data language="Spanish">
            <text from_TM="False" rev_id="11" status="Complete" time="1222354203">Spanish : sport Photo&#160;&gt;&#160;Child ID Cards</text>
            <marker end="38" id="0" start="0" />
            <marker end="4" id="1" start="0" />
            <marker end="21" id="2" start="7" />
          </text_data><text_data language="English">
            <text from_TM="False" rev_id="11" status="Complete" time="1222354203">Home&#160;&gt;&#160;Passport Photo&#160;&gt;&#160;Child ID Cards</text>
            <marker end="38" id="0" start="0" />
            <marker end="4" id="1" start="0" />
            <marker end="21" id="2" start="7" />
          </text_data><marker_def id="0" type="html">
            <html_marker tag="span">
              <attr name="class" val="Text-TopNav" />
            </html_marker>
          </marker_def><marker_def id="1" type="html">
            <html_marker tag="a">
              <attr name="href" val="./" />
            </html_marker>
          </marker_def><marker_def id="2" type="html">
            <html_marker tag="a">
              <attr name="href" val="passport_photo.htm" />
            </html_marker>
          </marker_def>
        </ta_sentence><ta_sentence do_translation="yes" encoding="utf-8" format="1" id="286" original_language="English">
          <space_before />
          <space_after />
          <text_data language="German">
            <text from_TM="False" rev_id="13" status="New" time="1222355938">Passport Photo also creates child ID cards</text>
          </text_data><text_data language="Spanish">
            <text from_TM="False" rev_id="11" status="Complete" time="1222354203">Spanish : hoto also creates child ID cards</text>
          </text_data><text_data language="English">
            <text from_TM="False" rev_id="11" status="Complete" time="1222354203">Passport Photo also creates child ID cards</text>
          </text_data>
        </ta_sentence><ta_sentence do_translation="yes" encoding="utf-8" format="1" id="287" original_language="English">
          <space_before />
          <space_after />
          <text_data language="German">
            <text from_TM="False" rev_id="13" status="New" time="1222355938">Passport Photo</text>
            <marker end="14" id="0" start="0" />
          </text_data><text_data language="Spanish">
            <text from_TM="False" rev_id="11" status="Complete" time="1222354203">Spanish : hoto</text>
            <marker end="14" id="0" start="0" />
          </text_data><text_data language="English">
            <text from_TM="False" rev_id="11" status="Complete" time="1222354203">Passport Photo</text>
            <marker end="14" id="0" start="0" />
          </text_data><marker_def id="0" type="html">
            <html_marker tag="img">
              <attr name="src" val="images/passport/child_id_card_sample.png" />
              <attr name="alt" val="Passport Photo" />
              <attr name="width" val="213" />
              <attr name="height" val="135" />
              <attr name="hspace" val="4" />
              <attr name="vspace" val="0" />
              <attr name="align" val="right" />
            </html_marker>
          </marker_def>
        </ta_sentence><ta_sentence do_translation="yes" encoding="utf-8" format="1" id="288" original_language="English">
          <space_before> </space_before>
          <space_after />
          <text_data language="German">
            <text from_TM="False" rev_id="13" status="New" time="1222355938">Keep your kid safe in public places using photo ID cards!</text>
            <marker end="57" id="0" start="0" />
          </text_data><text_data language="Spanish">
            <text from_TM="False" rev_id="11" status="Complete" time="1222354203">Spanish : kid safe in public places using photo ID cards!</text>
            <marker end="57" id="0" start="0" />
          </text_data><text_data language="English">
            <text from_TM="False" rev_id="11" status="Complete" time="1222354203">Keep your kid safe in public places using photo ID cards!</text>
            <marker end="57" id="0" start="0" />
          </text_data><marker_def id="0" type="html">
            <html_marker tag="span">
              <attr name="class" val="Text-Bold" />
            </html_marker>
          </marker_def>
        </ta_sentence><ta_sentence do_translation="yes" encoding="utf-8" format="1" id="289" original_language="English">
          <space_before />
          <space_after />
          <text_data language="German">
            <text from_TM="False" rev_id="13" status="New" time="1222355938">Try it now!</text>
            <marker end="11" id="0" start="0" />
          </text_data><text_data language="Spanish">
            <text from_TM="False" rev_id="11" status="Complete" time="1222354203">Spanish : !</text>
            <marker end="11" id="0" start="0" />
          </text_data><text_data language="English">
            <text from_TM="False" rev_id="11" status="Complete" time="1222354203">Try it now!</text>
            <marker end="11" id="0" start="0" />
          </text_data><marker_def id="0" type="html">
            <html_marker tag="img">
              <attr name="src" val="images/download.gif" />
              <attr name="alt" val="Try it now!" />
              <attr name="width" val="94" />
              <attr name="height" val="28" />
              <attr name="border" val="0" />
            </html_marker>
          </marker_def>
        </ta_sentence><ta_sentence do_translation="yes" encoding="utf-8" format="1" id="290" original_language="English">
          <space_before> </space_before>
          <space_after />
          <text_data language="German">
            <text from_TM="False" rev_id="13" status="New" time="1222355938">Free trial</text>
            <marker end="10" id="0" start="0" />
          </text_data><text_data language="Spanish">
            <text from_TM="False" rev_id="11" status="Complete" time="1222354203">Spanish : </text>
            <marker end="10" id="0" start="0" />
          </text_data><text_data language="English">
            <text from_TM="False" rev_id="11" status="Complete" time="1222354203">Free trial</text>
            <marker end="10" id="0" start="0" />
          </text_data><marker_def id="0" type="html">
            <html_marker tag="span">
              <attr name="class" val="Text-Small" />
            </html_marker>
          </marker_def>
        </ta_sentence><ta_sentence do_translation="yes" encoding="utf-8" format="1" id="291" original_language="English">
          <space_before />
          <space_after />
          <text_data language="German">
            <text from_TM="False" rev_id="13" status="New" time="1222355938">Buy it</text>
            <marker end="6" id="0" start="0" />
          </text_data><text_data language="Spanish">
            <text from_TM="False" rev_id="11" status="Complete" time="1222354203">Spanish : </text>
            <marker end="6" id="0" start="0" />
          </text_data><text_data language="English">
            <text from_TM="False" rev_id="11" status="Complete" time="1222354203">Buy it</text>
            <marker end="6" id="0" start="0" />
          </text_data><marker_def id="0" type="html">
            <html_marker tag="img">
              <attr name="src" val="images/buy.gif" />
              <attr name="alt" val="Buy it" />
              <attr name="width" val="94" />
              <attr name="height" val="28" />
              <attr name="border" val="0" />
            </html_marker>
          </marker_def>
        </ta_sentence><ta_sentence do_translation="yes" encoding="utf-8" format="1" id="292" original_language="English">
          <space_before> </space_before>
          <space_after />
          <text_data language="German">
            <text from_TM="False" rev_id="13" status="New" time="1222355938">$9.95 USD / Volume pricing</text>
            <marker end="26" id="0" start="0" />
            <marker end="26" id="1" start="12" />
          </text_data><text_data language="Spanish">
            <text from_TM="False" rev_id="11" status="Complete" time="1222354203">Spanish : / Volume pricing</text>
            <marker end="26" id="0" start="0" />
            <marker end="26" id="1" start="12" />
          </text_data><text_data language="English">
            <text from_TM="False" rev_id="11" status="Complete" time="1222354203">$9.95 USD / Volume pricing</text>
            <marker end="26" id="0" start="0" />
            <marker end="26" id="1" start="12" />
          </text_data><marker_def id="0" type="html">
            <html_marker tag="span">
              <attr name="class" val="Text-Small" />
            </html_marker>
          </marker_def><marker_def id="1" type="html">
            <html_marker tag="a">
              <attr name="href" val="/cgi-bin/shopping_cart.py?lang=0" />
            </html_marker>
          </marker_def>
        </ta_sentence><ta_sentence do_translation="yes" encoding="utf-8" format="1" id="293" original_language="English">
          <space_before />
          <space_after />
          <text_data language="German">
            <text from_TM="False" rev_id="13" status="New" time="1222355938">Going to a crowded place with your kids? Of course you're watching them, but they can still get lost, even for a few minutes.</text>
            <marker end="40" id="0" start="0" />
          </text_data><text_data language="Spanish">
            <text from_TM="False" rev_id="11" status="Complete" time="1222354203">Spanish :  crowded place with your kids? Of course you're watching them, but they can still get lost, even for a few minutes.</text>
            <marker end="40" id="0" start="0" />
          </text_data><text_data language="English">
            <text from_TM="False" rev_id="11" status="Complete" time="1222354203">Going to a crowded place with your kids? Of course you're watching them, but they can still get lost, even for a few minutes.</text>
            <marker end="40" id="0" start="0" />
          </text_data><marker_def id="0" type="html">
            <html_marker tag="b" />
          </marker_def>
        </ta_sentence><ta_sentence do_translation="yes" encoding="utf-8" format="1" id="294" original_language="English">
          <space_before />
          <space_after />
          <text_data language="German">
            <text from_TM="False" rev_id="13" status="New" time="1222355938">Passport Photo helps you keep them safe using photo ID cards. These cards include the child's photo, parents' photos and any information you choose to include (such as phone number, address or email).</text>
            <marker end="60" id="0" start="46" />
          </text_data><text_data language="Spanish">
            <text from_TM="False" rev_id="11" status="Complete" time="1222354203">Spanish : hoto helps you keep them safe using photo ID cards. These cards include the child's photo, parents' photos and any information you choose to include (such as phone number, address or email).</text>
            <marker end="60" id="0" start="46" />
          </text_data><text_data language="English">
            <text from_TM="False" rev_id="11" status="Complete" time="1222354203">Passport Photo helps you keep them safe using photo ID cards. These cards include the child's photo, parents' photos and any information you choose to include (such as phone number, address or email).</text>
            <marker end="60" id="0" start="46" />
          </text_data><marker_def id="0" type="html">
            <html_marker tag="b" />
          </marker_def>
        </ta_sentence><ta_sentence do_translation="yes" encoding="utf-8" format="1" id="295" original_language="English">
          <space_before />
          <space_after />
          <text_data language="German">
            <text from_TM="False" rev_id="13" status="New" time="1222355938">These ID cards are credit-card sized, so they fit in your wallet and can be carried anywhere. When you need them, just pull out and attach to your kid's shirt.</text>
            <marker end="92" id="0" start="46" />
          </text_data><text_data language="Spanish">
            <text from_TM="False" rev_id="11" status="Complete" time="1222354203">Spanish : ards are credit-card sized, so they fit in your wallet and can be carried anywhere. When you need them, just pull out and attach to your kid's shirt.</text>
            <marker end="92" id="0" start="46" />
          </text_data><text_data language="English">
            <text from_TM="False" rev_id="11" status="Complete" time="1222354203">These ID cards are credit-card sized, so they fit in your wallet and can be carried anywhere. When you need them, just pull out and attach to your kid's shirt.</text>
            <marker end="92" id="0" start="46" />
          </text_data><marker_def id="0" type="html">
            <html_marker tag="b" />
          </marker_def>
        </ta_sentence><ta_sentence do_translation="yes" encoding="utf-8" format="1" id="296" original_language="English">
          <space_before />
          <space_after />
          <text_data language="German">
            <text from_TM="False" rev_id="13" status="New" time="1222355938">Printing child ID cards is standard in Passport Photo at no extra cost.</text>
            <marker end="53" id="0" start="27" />
          </text_data><text_data language="Spanish">
            <text from_TM="False" rev_id="11" status="Complete" time="1222354203">Spanish : hild ID cards is standard in Passport Photo at no extra cost.</text>
            <marker end="53" id="0" start="27" />
          </text_data><text_data language="English">
            <text from_TM="False" rev_id="11" status="Complete" time="1222354203">Printing child ID cards is standard in Passport Photo at no extra cost.</text>
            <marker end="53" id="0" start="27" />
          </text_data><marker_def id="0" type="html">
            <html_marker tag="b" />
          </marker_def>
        </ta_sentence><ta_sentence do_translation="yes" encoding="utf-8" format="1" id="297" original_language="English">
          <space_before> </space_before>
          <space_after />
          <text_data language="German">
            <text from_TM="False" rev_id="13" status="New" time="1222355938">You can print as many ID cards as you need using either your own printer or in a shop, like ordinary photos.</text>
          </text_data><text_data language="Spanish">
            <text from_TM="False" rev_id="11" status="Complete" time="1222354203">Spanish : int as many ID cards as you need using either your own printer or in a shop, like ordinary photos.</text>
          </text_data><text_data language="English">
            <text from_TM="False" rev_id="11" status="Complete" time="1222354203">You can print as many ID cards as you need using either your own printer or in a shop, like ordinary photos.</text>
          </text_data>
        </ta_sentence><ta_sentence do_translation="yes" encoding="utf-8" format="1" id="298" original_language="English">
          <space_before />
          <space_after />
          <text_data language="German">
            <text from_TM="False" rev_id="13" status="New" time="1222355938">Where can I use child ID cards?</text>
          </text_data><text_data language="Spanish">
            <text from_TM="False" rev_id="11" status="Complete" time="1222354203">Spanish : I use child ID cards?</text>
          </text_data><text_data language="English">
            <text from_TM="False" rev_id="11" status="Complete" time="1222354203">Where can I use child ID cards?</text>
          </text_data>
        </ta_sentence><ta_sentence do_translation="yes" encoding="utf-8" format="1" id="299" original_language="English">
          <space_before />
          <space_after />
          <text_data language="German">
            <text from_TM="False" rev_id="13" status="New" time="1222355938">People told us they're using our child ID cards for:</text>
          </text_data><text_data language="Spanish">
            <text from_TM="False" rev_id="11" status="Complete" time="1222354203">Spanish : d us they're using our child ID cards for:</text>
          </text_data><text_data language="English">
            <text from_TM="False" rev_id="11" status="Complete" time="1222354203">People told us they're using our child ID cards for:</text>
          </text_data>
        </ta_sentence><ta_sentence do_translation="yes" encoding="utf-8" format="1" id="300" original_language="English">
          <space_before />
          <space_after />
          <text_data language="German">
            <text from_TM="False" rev_id="13" status="New" time="1222355938">Airports - if you're going abroad, you can use some translated texts we've prepared.</text>
            <marker end="8" id="0" start="0" />
          </text_data><text_data language="Spanish">
            <text from_TM="False" rev_id="11" status="Complete" time="1222354203">Spanish :  if you're going abroad, you can use some translated texts we've prepared.</text>
            <marker end="8" id="0" start="0" />
          </text_data><text_data language="English">
            <text from_TM="False" rev_id="11" status="Complete" time="1222354203">Airports - if you're going abroad, you can use some translated texts we've prepared.</text>
            <marker end="8" id="0" start="0" />
          </text_data><marker_def id="0" type="html">
            <html_marker tag="b" />
          </marker_def>
        </ta_sentence><ta_sentence do_translation="yes" encoding="utf-8" format="1" id="301" original_language="English">
          <space_before />
          <space_after />
          <text_data language="German">
            <text from_TM="False" rev_id="13" status="New" time="1222355938">Train stations and bus terminals</text>
            <marker end="32" id="0" start="0" />
          </text_data><text_data language="Spanish">
            <text from_TM="False" rev_id="11" status="Complete" time="1222354203">Spanish : ions and bus terminals</text>
            <marker end="32" id="0" start="0" />
          </text_data><text_data language="English">
            <text from_TM="False" rev_id="11" status="Complete" time="1222354203">Train stations and bus terminals</text>
            <marker end="32" id="0" start="0" />
          </text_data><marker_def id="0" type="html">
            <html_marker tag="b" />
          </marker_def>
        </ta_sentence><ta_sentence do_translation="yes" encoding="utf-8" format="1" id="302" original_language="English">
          <space_before />
          <space_after />
          <text_data language="German">
            <text from_TM="False" rev_id="13" status="New" time="1222355938">Amusement parks</text>
            <marker end="15" id="0" start="0" />
          </text_data><text_data language="Spanish">
            <text from_TM="False" rev_id="11" status="Complete" time="1222354203">Spanish : parks</text>
            <marker end="15" id="0" start="0" />
          </text_data><text_data language="English">
            <text from_TM="False" rev_id="11" status="Complete" time="1222354203">Amusement parks</text>
            <marker end="15" id="0" start="0" />
          </text_data><marker_def id="0" type="html">
            <html_marker tag="b" />
          </marker_def>
        </ta_sentence><ta_sentence do_translation="yes" encoding="utf-8" format="1" id="303" original_language="English">
          <space_before />
          <space_after />
          <text_data language="German">
            <text from_TM="False" rev_id="13" status="New" time="1222355938">Shopping malls (especially during holiday seasons)</text>
            <marker end="14" id="0" start="0" />
          </text_data><text_data language="Spanish">
            <text from_TM="False" rev_id="11" status="Complete" time="1222354203">Spanish : alls (especially during holiday seasons)</text>
            <marker end="14" id="0" start="0" />
          </text_data><text_data language="English">
            <text from_TM="False" rev_id="11" status="Complete" time="1222354203">Shopping malls (especially during holiday seasons)</text>
            <marker end="14" id="0" start="0" />
          </text_data><marker_def id="0" type="html">
            <html_marker tag="b" />
          </marker_def>
        </ta_sentence><ta_sentence do_translation="yes" encoding="utf-8" format="1" id="304" original_language="English">
          <space_before />
          <space_after />
          <text_data language="German">
            <text from_TM="False" rev_id="13" status="New" time="1222355938">Products&#160;&#160; - &#160;&#160;Passport Photo&#160;&#160; - &#160;&#160;Photo Backup&#160;&#160; - &#160;&#160;Shrink Pic&#160;&#160; - &#160;&#160;Resources&#160;&#160; - &#160;&#160;Partners&#160;&#160; - &#160;&#160;Blog</text>
            <marker end="8" id="0" start="0" />
            <marker end="29" id="1" start="15" />
            <marker end="48" id="2" start="36" />
            <marker end="65" id="3" start="55" />
            <marker end="81" id="4" start="72" />
            <marker end="96" id="5" start="88" />
            <marker end="107" id="6" start="103" />
          </text_data><text_data language="Spanish">
            <text from_TM="False" rev_id="11" status="Complete" time="1222354203">Spanish :  - &#160;&#160;Passport Photo&#160;&#160; - &#160;&#160;Photo Backup&#160;&#160; - &#160;&#160;Shrink Pic&#160;&#160; - &#160;&#160;Resources&#160;&#160; - &#160;&#160;Partners&#160;&#160; - &#160;&#160;Blog</text>
            <marker end="8" id="0" start="0" />
            <marker end="29" id="1" start="15" />
            <marker end="48" id="2" start="36" />
            <marker end="65" id="3" start="55" />
            <marker end="81" id="4" start="72" />
            <marker end="96" id="5" start="88" />
            <marker end="107" id="6" start="103" />
          </text_data><text_data language="English">
            <text from_TM="False" rev_id="11" status="Complete" time="1222354203">Products&#160;&#160; - &#160;&#160;Passport Photo&#160;&#160; - &#160;&#160;Photo Backup&#160;&#160; - &#160;&#160;Shrink Pic&#160;&#160; - &#160;&#160;Resources&#160;&#160; - &#160;&#160;Partners&#160;&#160; - &#160;&#160;Blog</text>
            <marker end="8" id="0" start="0" />
            <marker end="29" id="1" start="15" />
            <marker end="48" id="2" start="36" />
            <marker end="65" id="3" start="55" />
            <marker end="81" id="4" start="72" />
            <marker end="96" id="5" start="88" />
            <marker end="107" id="6" start="103" />
          </text_data><marker_def id="0" type="html">
            <html_marker tag="a">
              <attr name="href" val="./" />
            </html_marker>
          </marker_def><marker_def id="1" type="html">
            <html_marker tag="a">
              <attr name="href" val="passport_photo.htm" />
            </html_marker>
          </marker_def><marker_def id="2" type="html">
            <html_marker tag="a">
              <attr name="href" val="photo_backup.htm" />
            </html_marker>
          </marker_def><marker_def id="3" type="html">
            <html_marker tag="a">
              <attr name="href" val="shrink_pic.htm" />
            </html_marker>
          </marker_def><marker_def id="4" type="html">
            <html_marker tag="a">
              <attr name="href" val="links_nav.htm" />
            </html_marker>
          </marker_def><marker_def id="5" type="html">
            <html_marker tag="a">
              <attr name="href" val="partners.htm" />
            </html_marker>
          </marker_def><marker_def id="6" type="html">
            <html_marker tag="a">
              <attr name="href" val="blog/" />
            </html_marker>
          </marker_def>
        </ta_sentence><ta_sentence do_translation="yes" encoding="utf-8" format="1" id="305" original_language="English">
          <space_before />
          <space_after />
          <text_data language="German">
            <text from_TM="False" rev_id="13" status="New" time="1222355938">This website has been translated using ICanLocalize - Affordable Website Translation</text>
            <marker end="-1" id="0" start="0" />
            <marker end="84" id="1" start="39" />
            <marker end="-1" id="0" start="0" />
          </text_data><text_data language="Spanish">
            <text from_TM="False" rev_id="11" status="Complete" time="1222354203">Spanish : te has been translated using ICanLocalize - Affordable Website Translation</text>
            <marker end="-1" id="0" start="0" />
            <marker end="84" id="1" start="39" />
            <marker end="-1" id="0" start="0" />
          </text_data><text_data language="English">
            <text from_TM="False" rev_id="11" status="Complete" time="1222354203">This website has been translated using ICanLocalize - Affordable Website Translation</text>
            <marker end="-1" id="0" start="0" />
            <marker end="84" id="1" start="39" />
            <marker end="-1" id="0" start="0" />
          </text_data><marker_def id="0" type="html">
            <html_marker tag="span">
              <attr name="class" val="copyright" />
            </html_marker>
          </marker_def><marker_def id="1" type="html">
            <html_marker tag="a">
              <attr name="target" val="_blank" />
              <attr name="href" val="http://www.icanlocalize.com" />
            </html_marker>
          </marker_def>
        </ta_sentence><ta_sentence do_translation="yes" encoding="utf-8" format="1" id="306" original_language="English">
          <space_before />
          <space_after />
          <text_data language="German">
            <text from_TM="False" rev_id="13" status="New" time="1222355938">&#169; OnTheGoSystems,INC. 2003-2008</text>
            <marker end="21" id="0" start="2" />
            <marker end="31" id="-1" start="-1" />
          </text_data><text_data language="Spanish">
            <text from_TM="False" rev_id="11" status="Complete" time="1222354203">Spanish : ystems,INC. 2003-2008</text>
            <marker end="21" id="0" start="2" />
            <marker end="31" id="-1" start="-1" />
          </text_data><text_data language="English">
            <text from_TM="False" rev_id="11" status="Complete" time="1222354203">&#169; OnTheGoSystems,INC. 2003-2008</text>
            <marker end="21" id="0" start="2" />
            <marker end="31" id="-1" start="-1" />
          </text_data><marker_def id="0" type="html">
            <html_marker tag="a">
              <attr name="href" val="http://www.onthegosystems.com/" />
              <attr name="target" val="_blank" />
            </html_marker>
          </marker_def><marker_def id="-1" type="html">
            <html_marker tag="span" />
          </marker_def>
        </ta_sentence>
      </sentences><html_output_change_data_3 />
    </translation>
  </ta_buffer><ta_buffer encoding="utf-8" format="1" manual="False" original_language="English" source_file="/common_photo_problems.htm" type="html">
    <extractor>
      <marked_file MD5="db089c8d64d45b5f66d1092bac19d1a4" encoding="zlib-hex">789ccd5a5b73db36167eeeceec7f40e83697a925f916a7a965757c495acfa4a927562793270d484224628ae002a055f5a17f6767f66d7f43ffd89e0380242851f225dedd7a129b17e0e0dccf77000e9f9cff7236fe74f986fc34fef91db9fcf5f4ddc519097a83c1c7fdb3c1e07c7c6e5f1cf47776c958d25c71cd454eb3c1e0cdfb60f4f7bf0d533dcbe02f21c394d1d85cc1b5e63a63a33fb6f0677c32195f8cdfbdd91a4b51861953a9109ae70929a85285909a143cd2a5640a47ff311cd8c98ed28c694a52ad8b1efb47c96f8e8333916b96ebde7851b08044f6ee38d0ec373d40668e489452a9983ec695f17a0237931995d74c6e0515dd8ce7d724956c7a1c28bd00aefa915201912cab1ea48ce9806858c651c70156d4412deb3014f1a2969a827864ce639d1e07af0e7702120a1933791cc025cd78921f071170cb2430ceb2aca0710c8a30aff15e153472f78e24107dd2eb112d0a12d23c67921470c5129e935e0fd5afe5885443bb7e863a2629e3490a2a7a89eac24572731d26702780b9adbddd572f4fce036baf219f2544c9e838e0339a303508b3920103fd844f510a2014b4646cc88f2a03c6a3f53cc16bb9e9b5961d9cdd26e3880c637eb3a463783880a7a35b18b20486d479437fe02bc233a0af1335a3593699b3d0d3ca2ff938653f8a2b31d5b582767d051deed51aa27764ea4e833a24b702a0a9499441981d0763f0e0b12882d1d74591eb494e676c38c0018ea550da499b56332bfa44354d208e58303a938c6a46681e9342f25c7bb19d0a2d140187153923339e979a3d69ad7c0f1b7da9673d345636444628b416b3ff727074240106aa3629e0abfa654e6f7842313f2fa7085fb2bda53470e35cc70a1274ba533bb31d7cf745996d684444969c17cd1838050d15cb58a4595c69db0fc84b29e232d20a23c7d7e32a95e5d9b198e799a0711f6a43303a77770f2014960b4be3b45cdc7f36d6291a694be1ccdedc9f8a2a0b0c2a4be5cadeac504117825f68b191175cceb5babcc5f3251b235fd960f023a0ed02bb3b3bdfb47c60c9c8cb4e80b46be215759743448139246353fd31a842bc7b0c78c8c7d35bc6e40246fd85c6488c3a6f8c33c3572eda9d95eccbea5ddb0a95ca838a72c17f63d9ae79dc106e8fc5d453053630e217fbb7e6078be31758f430a86470c909cd774b02ba851f1858aca95bbd5391c57512805a32156b6a571d2955fd9998fa6302a645f13dbd699742ba8156316965915542555ad94806ca8548063f284872a0211e1f1f74507acfe6ca94d1933c17651e31c8047eda0b4d0c0f8abba80b2537ca92336394fbe96ca20a16f1298fcc5cb546f2cbaacedbd5ae5a7396d8ee2ea22993cc2b9f9f4449a864041fd7ebe10dcc733574556af4bea67c9c89d90c5cf0d2761504dc06fc7ca696c5bfab1e7f64dab42bb406357756242d20075865dca6bf9366e86667ac684b96b339cd6ea3fbc10e7b9007fda241f1640ad00ebbb3dba48e529ec5131e4f222ae375fe728683c8c53939c3411b25d5d86e66002be31eb65faa078edce3716f13f9713d87983904e690a85a335a59b3d644472ebc038e59054f4d0e3ef86e2d6c14e21adbd149a9fa459e38c73f754f894eb902574b1af78f19b80617a5f241a401c495da4069a673cdc554649998074e87d8387f3f1800813e52e8976a5008a57f2865768cefbed93ff966ef2dfc9bcfe77d4025294b848206a61f89193c8d4c24b97c50b83842d53fa5b3e2c8f4e9c74b5dfdb795837e5b75f5d0435399403f1e4cc28ce6d71d66ab651779db1d3cc6db38a78d728ad1d33c54c5111a7305ec2c97a606ed74d5e007d7dc97af5fadafb9bb6f5fbd7d5dd7cc47adbc10263cbba5f4d6406eb7cde2baf08746d1d8a585c17f12b64e5a553f4df49153fa869abb546297a7de2553af60d765791b7b2e23cc96a8f631ee53ed5ab1dde2955b638b5ab9ac491b9538d5b614ccab69142d75290d151b728bd3e7c794e56401754cd36bd6a6d9d4906d9281d313516af302224f3162e30dba648553d5f76ee5a259b8ccea6bb389b5898fda305b76bb42849fa142429214829827c43e41c9617ddbaa7b6196f187ac5508212719a25ef0572844704baa5bdcae8bf9123678e03af03bb3500ad2e287fa864ca5981971421a5d27909cf2b87bade1c053e6668b02b2b901243f5d0061aa1b65a1959f81e39a3d0f940f6daa482244bc6d501c64f2a964cc32c5a414526d1bd78868dec85c82e991e630048ccb6e389b0f07e1884c01ff1991c03ef0aa09a5678a3050a39038ac4fc6c88e9d073905cd5ab0bccd2489a4280aa88ac054b3ae1d9c670b02d97b6e6750c00c62eacd361243fa56564a16f7972b7645ee93958bb0df0a945db7d8ca014213253c055a6ac41445c38009c169093cc54c43906f9319bd46ad724d18551cb008f003d1a3eba0edaf46482a9b6b4a505dd037b7fcdf6cbfa57b96fde560a8827dafa1821b22ce39a680f2b56be9ba8b7b15df03052512cae24002d69f9815bc62bf1282ede450258d7a2f696fc7db4bda3da83712578db09acc1b5f1e4ea1c493aa28bd7ebd033f559f30e73a05f5b6d91a0e70c66875bbaed1f6be65c0a5ee4a7bfb770cacb1c13a2efdcfa9322933b7cc50b24f7e660968056b2f78d68c49baed7b2f0cc2500323c37c9a113a0b39b44b36dd90ca079d869f7f0043bcc088c42045b752584acc48eb917685c6bd3bb47b25b6c91c3c1822700e864d2c135cffb0d61ce1e8e2d90d7372355165b314a87b4ac1f073bab0f9c2e06d1a41c280d054363629e69e85b34b2b3eadde9e6016f0990685330a1686f15ed9f363e4113c3a434cf717f3e89d9dc3c3258f366c0244106592dedba9af445662027e9857dbf65b915919a500cab466d2fa963912bb3a35575b5b267d5785d88d8e32a1c013d0234414950507f840ad2c723545af4dc8481990879382cc45097d50c87c8e9a2d7b8c08185c6690e9211bbba1185f1b23c2161f91483a2309bf318ccea9cc91dc3cad7cde5ba0e206640d19f62a647f67e7fcf2823c8f051619e089e751faa2dfac7169cf104ce9a0b2291d70ebe69ad8015f82c9a52ac10b1788a59881577358a526b65a2f56e2656325594237ad52b20eea3c7a490165f37cd1ff5c3c4ef0bd3c78fc72e2e571cc727346af6bd5fc5fab0acf55399d424f8985a2553080b3cef83cc9746ad2c79c1978a300cf81974e41cfe066e85d885ba0011790d2cd1a2d69bd8a3583d69bc43ce19a56f50c5115ee6a42a419a356e7652674ea9372a01f637bdcf8d4c698c4a2334576c16d977b6f8b9e377bd6e47710c5b8d708af6079f47362c060a359bf14b367a0054817a6af4590c6982b5150bad59ab407a40c02a519e0428340cba2ee455c88db048715ae59ad12fdf63af7c5891ceaaeb618b4ceb6aaf2a3984b0cb50a7c187b774a0ab67090ff1998df41e0e7218b28027f7c35a30b980f3001a47f932760a9f885a75ed3477a15dfe12348a0266f54784755cb6c63fc47cc03356813dc8c5c9029489b9a7c6964b5a5c69ab68d803acd8538a5190828c8926b2a8b00eed8146303c4d9e8a44e2ba80243c4a07d6804503e5c02ba08616e60dd1c203fa6910c20d776dd45e0f458a052412fd7e83c38c614b74a51b9e08a2dc9d3e9296bbc69632d6875a0ad4ab0b91d7dfc16a35eeed16ac2e1cee3d7040c710ca54613a4e1fc7f50147c1bd83ce39509b8ac98b959f6181b019f5ca0a233c27f0e01068d29b76efcb984d46e76744c33616225cbbc180e1189b4368668bd76cf06b48da59ef1167bed3852d68b60359332d4923f99849bf2fc9678c3a6c554a08c5fb3acdeca005621c1c588282d640d11347e366729245cb85d01e734024b27db2655f2d20661d661000d8b7984b2db70e658f07012e04af4c0861f8a08ad28b5edeaa10a464c29679306d5ae44edfa587dd4cc7f65922337f19b1bb84dad54da767fe80409a44eb540836373bf26f3db39cca003b3c101f69704000568cf60596a0b9d6b791d4d13409ef7b8c4ee4a65176f29d7b88bc258770d3a8525cc5b6556a599f1849c416b59ad09e9617304dc1b436f3cf4b6fbe70fd875ef3e25f73f6971b3eda10c1ec2fb5f0d789fd834ac983bdc5d9e02e20295787be8ee65d75731dee94bf7a72a6ebfdbfc86c0f66fefbf6b6ea9541f07ada3668e6a30379485a56573efa97972579e540af0eb7a02f9c97d6a62ee719ffeae14f0f34a0512dc58021fa0ef2b0192dc432b52e74c2a2783bbbbeb6c73d21e8c4ee14febb86fa822c90b6daba93b1bc3932fe872938cf5684eb305247685c75f03e017926affb36a7d04fa99de504b055dca5ed574d78c9b943482027c4c825f4f7a2f0f0f5eefbceced06477681b104d330f9fcc5514dce3815e240ae525fbe5ea7b0311bac3da70b46e7acd42a4a9735d74d6a2a37917a2b69fee73f295f3143373100261b88bd8168fdf3df22bb1bad70236397103e6552fef9aff6e1ae7fa8ec439648140b07b02caa65a1c2ec9922a266b865d19c22970a11cbda3ecaf3210ef9391311e488df19fa4f30ba38a3f93bf7043cf5640af52f361dd247b762755cdd79e8ff14f93c22b50ebcb5aa93da85d2a804f4d69553d651f53daa1db47df1feac6fda38007afb3df8f55dc757985e0aac8fd5304fbaaf9c8703f7b9f77f004d014026</marked_file>
      <paragraph_indexes count="79">94 142 526 591 791 881 984 1028 1037 1150 1320 1388 1686 1716 1748 1789 1821 1851 1883 1921 1953 1991 2704 2752 2761 2828 2837 2899 2908 2987 3007 3060 3069 3170 3181 3248 3253 3315 3335 3389 3398 3481 3490 3565 3585 3635 3644 3715 3724 3831 3935 4017 4035 4242 4251 4271 4608 4765 4855 4901 4944 5023 5080 5142 5188 5246 5292 5354 5410 5685 5694 5825 5885 5906 5948 6074 6083 6189 6212 6224 6267 6420 6433 6473 6482 6601 6670 6796 6805 6914 6937 6950 6993 7024 7038 7110 7119 7206 7219 7409 7496 7525 7567 7689 7698 7811 7834 7846 7889 7952 7966 8122 8135 8295 8309 8373 8418 8431 8474 8529 8543 8726 8740 8799 8812 8934 9042 9077 9119 9245 9254 9368 9391 9403 9446 9496 9510 9679 9692 9884 9948 9961 10004 10059 10073 10197 10211 10266 10280 10293 10561 10982 11158 11476 11489 11662 11671 11780 </paragraph_indexes>
      <support_files>
        <file type="todo">images/bluebottom.gif</file>
        <file type="todo">images/bluetop.gif</file>
        <file type="todo">images/bookmark_us.png</file>
        <file type="todo">images/bottomwhite.gif</file>
        <file type="todo">images/bottomwhite2.gif</file>
        <file type="todo">images/here.gif</file>
        <file type="todo">images/menutabA1.gif</file>
        <file type="todo">images/menutabB1.gif</file>
        <file type="todo">images/passport/samples/grainy.jpg</file>
        <file type="todo">images/passport/samples/reflection.jpg</file>
        <file type="todo">images/passport/samples/roni_large.png</file>
        <file type="todo">images/passport/samples/roni_small.png</file>
        <file type="todo">images/photobackup/1bckgrnd.gif</file>
        <file type="todo">images/photobackup/2bckgrnd.gif</file>
        <file type="todo">images/photobackup/3bckgrnd.gif</file>
        <file type="todo">images/small_web.gif</file>
        <file type="todo">images/topline1.gif</file>
        <file type="todo">images/topline2.gif</file>
        <file type="todo">images/topline2WB.gif</file>
        <file type="todo">images/toplineL.gif</file>
        <file type="todo">images/toplineLW.gif</file>
        <file type="todo">images/toplineR.gif</file>
        <file type="todo">images/topwhite2.gif</file>
        <file type="todo">styles.css</file>
      </support_files>
    </extractor><translation>
      <languages>
        <language reviewed="False">Spanish</language>
        <language reviewed="False">German</language>
      </languages><sentences count="79">
        <ta_sentence do_translation="yes" encoding="utf-8" format="1" id="1553" original_language="English" type="title">
          <space_before />
          <space_after />
          <text_data language="German">
            <text from_TM="False" rev_id="13" status="New" time="1222355938">Troubleshooting passport pictures</text>
          </text_data><text_data language="Spanish">
            <text from_TM="False" rev_id="11" status="Complete" time="1222354203">Spanish : oting passport pictures</text>
          </text_data><text_data language="English">
            <text from_TM="False" rev_id="11" status="Complete" time="1222354203">Troubleshooting passport pictures</text>
          </text_data>
        </ta_sentence><ta_sentence do_translation="no" encoding="utf-8" format="1" id="1554" original_language="English">
          <space_before />
          <space_after />
          <text_data language="German">
            <text from_TM="False" rev_id="13" status="New" time="1222355938" />
            <marker end="0" id="0" start="0" />
          </text_data><text_data language="Spanish">
            <text from_TM="False" rev_id="-1" status="Complete" time="1222355861" />
            <marker end="0" id="0" start="0" />
          </text_data><text_data language="English">
            <text from_TM="False" status="Complete" time="1222355861" />
            <marker end="0" id="0" start="0" />
          </text_data><marker_def id="0" type="html">
            <html_marker tag="img">
              <attr name="src" val="images/bluetop.gif" />
              <attr name="alt" val="" />
              <attr name="width" val="760" />
              <attr name="height" val="5" />
            </html_marker>
          </marker_def>
        </ta_sentence><ta_sentence do_translation="yes" encoding="utf-8" format="1" id="1555" original_language="English">
          <space_before />
          <space_after />
          <text_data language="German">
            <text from_TM="False" rev_id="13" status="New" time="1222355938">OnTheGoSoft</text>
            <marker end="11" id="0" start="0" />
          </text_data><text_data language="Spanish">
            <text from_TM="False" rev_id="11" status="Complete" time="1222354203">Spanish : t</text>
            <marker end="11" id="0" start="0" />
          </text_data><text_data language="English">
            <text from_TM="False" rev_id="11" status="Complete" time="1222354203">OnTheGoSoft</text>
            <marker end="11" id="0" start="0" />
          </text_data><marker_def id="0" type="html">
            <html_marker tag="img">
              <attr name="border" val="0" />
              <attr name="src" val="images/small_web.gif" />
              <attr name="alt" val="OnTheGoSoft" />
              <attr name="width" val="160" />
              <attr name="height" val="62" />
            </html_marker>
          </marker_def>
        </ta_sentence><ta_sentence do_translation="yes" encoding="utf-8" format="1" id="1556" original_language="English">
          <space_before />
          <space_after />
          <text_data language="German">
            <text from_TM="False" rev_id="13" status="New" time="1222355938">$ppnt_name</text>
            <marker end="10" id="0" start="0" />
          </text_data><text_data language="Spanish">
            <text from_TM="False" rev_id="11" status="Complete" time="1222354203">Spanish : </text>
            <marker end="10" id="0" start="0" />
          </text_data><text_data language="English">
            <text from_TM="False" rev_id="11" status="Complete" time="1222354203">$ppnt_name</text>
            <marker end="10" id="0" start="0" />
          </text_data><marker_def id="0" type="html">
            <html_marker tag="span">
              <attr name="class" val="TextTop" />
            </html_marker>
          </marker_def>
        </ta_sentence><ta_sentence do_translation="yes" encoding="utf-8" format="1" id="1557" original_language="English">
          <space_before> </space_before>
          <space_after />
          <text_data language="German">
            <text from_TM="False" rev_id="13" status="New" time="1222355938">Create and print passport photos in one minute!</text>
            <marker end="47" id="0" start="0" />
          </text_data><text_data language="Spanish">
            <text from_TM="False" rev_id="11" status="Complete" time="1222354203">Spanish :  print passport photos in one minute!</text>
            <marker end="47" id="0" start="0" />
          </text_data><text_data language="English">
            <text from_TM="False" rev_id="11" status="Complete" time="1222354203">Create and print passport photos in one minute!</text>
            <marker end="47" id="0" start="0" />
          </text_data><marker_def id="0" type="html">
            <html_marker tag="span">
              <attr name="class" val="tagline" />
            </html_marker>
          </marker_def>
        </ta_sentence><ta_sentence do_translation="no" encoding="utf-8" format="1" id="1558" original_language="English">
          <space_before />
          <space_after />
          <text_data language="German">
            <text from_TM="False" rev_id="13" status="New" time="1222355938" />
            <marker end="0" id="0" start="0" />
          </text_data><text_data language="Spanish">
            <text from_TM="False" rev_id="-1" status="Complete" time="1222355861" />
            <marker end="0" id="0" start="0" />
          </text_data><text_data language="English">
            <text from_TM="False" status="Complete" time="1222355861" />
            <marker end="0" id="0" start="0" />
          </text_data><marker_def id="0" type="html">
            <html_marker tag="img">
              <attr name="src" val="images/bluebottom.gif" />
              <attr name="alt" val="" />
              <attr name="width" val="760" />
              <attr name="height" val="5" />
            </html_marker>
          </marker_def>
        </ta_sentence><ta_sentence do_translation="yes" encoding="utf-8" format="1" id="1559" original_language="English">
          <space_before />
          <space_after />
          <text_data language="German">
            <text from_TM="False" rev_id="13" status="New" time="1222355938">Products</text>
            <marker end="8" id="0" start="0" />
          </text_data><text_data language="Spanish">
            <text from_TM="False" rev_id="11" status="Complete" time="1222354203">Spanish : </text>
            <marker end="8" id="0" start="0" />
          </text_data><text_data language="English">
            <text from_TM="False" rev_id="11" status="Complete" time="1222354203">Products</text>
            <marker end="8" id="0" start="0" />
          </text_data><marker_def id="0" type="html">
            <html_marker tag="a">
              <attr name="href" val="./" />
            </html_marker>
          </marker_def>
        </ta_sentence><ta_sentence do_translation="yes" encoding="utf-8" format="1" id="1560" original_language="English">
          <space_before />
          <space_after />
          <text_data language="German">
            <text from_TM="False" rev_id="13" status="New" time="1222355938">Downloads</text>
            <marker end="9" id="0" start="0" />
          </text_data><text_data language="Spanish">
            <text from_TM="False" rev_id="11" status="Complete" time="1222354203">Spanish : </text>
            <marker end="9" id="0" start="0" />
          </text_data><text_data language="English">
            <text from_TM="False" rev_id="11" status="Complete" time="1222354203">Downloads</text>
            <marker end="9" id="0" start="0" />
          </text_data><marker_def id="0" type="html">
            <html_marker tag="a">
              <attr name="href" val="download.htm" />
            </html_marker>
          </marker_def>
        </ta_sentence><ta_sentence do_translation="yes" encoding="utf-8" format="1" id="1561" original_language="English">
          <space_before />
          <space_after />
          <text_data language="German">
            <text from_TM="False" rev_id="13" status="New" time="1222355938">Buy</text>
            <marker end="3" id="0" start="0" />
          </text_data><text_data language="Spanish">
            <text from_TM="False" rev_id="11" status="Complete" time="1222354203">Spanish : </text>
            <marker end="3" id="0" start="0" />
          </text_data><text_data language="English">
            <text from_TM="False" rev_id="11" status="Complete" time="1222354203">Buy</text>
            <marker end="3" id="0" start="0" />
          </text_data><marker_def id="0" type="html">
            <html_marker tag="a">
              <attr name="href" val="buy.htm" />
            </html_marker>
          </marker_def>
        </ta_sentence><ta_sentence do_translation="yes" encoding="utf-8" format="1" id="1562" original_language="English">
          <space_before />
          <space_after />
          <text_data language="German">
            <text from_TM="False" rev_id="13" status="New" time="1222355938">Contact</text>
            <marker end="7" id="0" start="0" />
          </text_data><text_data language="Spanish">
            <text from_TM="False" rev_id="11" status="Complete" time="1222354203">Spanish : </text>
            <marker end="7" id="0" start="0" />
          </text_data><text_data language="English">
            <text from_TM="False" rev_id="11" status="Complete" time="1222354203">Contact</text>
            <marker end="7" id="0" start="0" />
          </text_data><marker_def id="0" type="html">
            <html_marker tag="a">
              <attr name="href" val="contact.htm" />
            </html_marker>
          </marker_def>
        </ta_sentence><ta_sentence do_translation="yes" encoding="utf-8" format="1" id="1563" original_language="English">
          <space_before />
          <space_after />
          <text_data language="German">
            <text from_TM="False" rev_id="13" status="New" time="1222355938">Support</text>
            <marker end="7" id="0" start="0" />
          </text_data><text_data language="Spanish">
            <text from_TM="False" rev_id="11" status="Complete" time="1222354203">Spanish : </text>
            <marker end="7" id="0" start="0" />
          </text_data><text_data language="English">
            <text from_TM="False" rev_id="11" status="Complete" time="1222354203">Support</text>
            <marker end="7" id="0" start="0" />
          </text_data><marker_def id="0" type="html">
            <html_marker tag="a">
              <attr name="href" val="support.htm" />
            </html_marker>
          </marker_def>
        </ta_sentence><ta_sentence do_translation="yes" encoding="utf-8" format="1" id="1564" original_language="English">
          <space_before />
          <space_after />
          <text_data language="German">
            <text from_TM="False" rev_id="13" status="New" time="1222355938">Product info</text>
            <marker end="12" id="0" start="0" />
          </text_data><text_data language="Spanish">
            <text from_TM="False" rev_id="11" status="Complete" time="1222354203">Spanish : fo</text>
            <marker end="12" id="0" start="0" />
          </text_data><text_data language="English">
            <text from_TM="False" rev_id="11" status="Complete" time="1222354203">Product info</text>
            <marker end="12" id="0" start="0" />
          </text_data><marker_def id="0" type="html">
            <html_marker tag="span">
              <attr name="class" val="Text-Bold" />
            </html_marker>
          </marker_def>
        </ta_sentence><ta_sentence do_translation="yes" encoding="utf-8" format="1" id="1565" original_language="English">
          <space_before> </space_before>
          <space_after />
          <text_data language="German">
            <text from_TM="False" rev_id="13" status="New" time="1222355938">$ppnt_name</text>
            <marker end="10" id="0" start="0" />
          </text_data><text_data language="Spanish">
            <text from_TM="False" rev_id="11" status="Complete" time="1222354203">Spanish : </text>
            <marker end="10" id="0" start="0" />
          </text_data><text_data language="English">
            <text from_TM="False" rev_id="11" status="Complete" time="1222354203">$ppnt_name</text>
            <marker end="10" id="0" start="0" />
          </text_data><marker_def id="0" type="html">
            <html_marker tag="a">
              <attr name="href" val="passport_photo.htm" />
              <attr name="class" val="Text-Nav" />
            </html_marker>
          </marker_def>
        </ta_sentence><ta_sentence do_translation="yes" encoding="utf-8" format="1" id="1566" original_language="English">
          <space_before> </space_before>
          <space_after />
          <text_data language="German">
            <text from_TM="False" rev_id="13" status="New" time="1222355938">Download</text>
            <marker end="8" id="0" start="0" />
          </text_data><text_data language="Spanish">
            <text from_TM="False" rev_id="11" status="Complete" time="1222354203">Spanish : </text>
            <marker end="8" id="0" start="0" />
          </text_data><text_data language="English">
            <text from_TM="False" rev_id="11" status="Complete" time="1222354203">Download</text>
            <marker end="8" id="0" start="0" />
          </text_data><marker_def id="0" type="html">
            <html_marker tag="a">
              <attr name="href" val="pp_download.htm" />
              <attr name="class" val="Text-Nav" />
            </html_marker>
          </marker_def>
        </ta_sentence><ta_sentence do_translation="yes" encoding="utf-8" format="1" id="1567" original_language="English">
          <space_before> </space_before>
          <space_after />
          <text_data language="German">
            <text from_TM="False" rev_id="13" status="New" time="1222355938">News and Announcements</text>
            <marker end="22" id="0" start="0" />
          </text_data><text_data language="Spanish">
            <text from_TM="False" rev_id="11" status="Complete" time="1222354203">Spanish : nnouncements</text>
            <marker end="22" id="0" start="0" />
          </text_data><text_data language="English">
            <text from_TM="False" rev_id="11" status="Complete" time="1222354203">News and Announcements</text>
            <marker end="22" id="0" start="0" />
          </text_data><marker_def id="0" type="html">
            <html_marker tag="a">
              <attr name="href" val="/blog/?sectionid=4" />
              <attr name="class" val="Text-Nav" />
            </html_marker>
          </marker_def>
        </ta_sentence><ta_sentence do_translation="yes" encoding="utf-8" format="1" id="1568" original_language="English">
          <space_before />
          <space_after />
          <text_data language="German">
            <text from_TM="False" rev_id="13" status="New" time="1222355938">Photo information</text>
            <marker end="17" id="0" start="0" />
          </text_data><text_data language="Spanish">
            <text from_TM="False" rev_id="11" status="Complete" time="1222354203">Spanish : rmation</text>
            <marker end="17" id="0" start="0" />
          </text_data><text_data language="English">
            <text from_TM="False" rev_id="11" status="Complete" time="1222354203">Photo information</text>
            <marker end="17" id="0" start="0" />
          </text_data><marker_def id="0" type="html">
            <html_marker tag="span">
              <attr name="class" val="Text-Bold" />
            </html_marker>
          </marker_def>
        </ta_sentence><ta_sentence do_translation="yes" encoding="utf-8" format="1" id="1569" original_language="English">
          <space_before> </space_before>
          <space_after />
          <text_data language="German">
            <text from_TM="False" rev_id="13" status="New" time="1222355938">Passport Photo Specifications</text>
            <marker end="29" id="0" start="0" />
          </text_data><text_data language="Spanish">
            <text from_TM="False" rev_id="11" status="Complete" time="1222354203">Spanish : hoto Specifications</text>
            <marker end="29" id="0" start="0" />
          </text_data><text_data language="English">
            <text from_TM="False" rev_id="11" status="Complete" time="1222354203">Passport Photo Specifications</text>
            <marker end="29" id="0" start="0" />
          </text_data><marker_def id="0" type="html">
            <html_marker tag="a">
              <attr name="href" val="passport_photo_specifications.htm" />
              <attr name="class" val="Text-Nav" />
            </html_marker>
          </marker_def>
        </ta_sentence><ta_sentence do_translation="yes" encoding="utf-8" format="1" id="1570" original_language="English">
          <space_before />
          <space_after />
          <text_data language="German">
            <text from_TM="False" rev_id="13" status="New" time="1222355938">You are here</text>
            <marker end="12" id="0" start="0" />
          </text_data><text_data language="Spanish">
            <text from_TM="False" rev_id="11" status="Complete" time="1222354203">Spanish : re</text>
            <marker end="12" id="0" start="0" />
          </text_data><text_data language="English">
            <text from_TM="False" rev_id="11" status="Complete" time="1222354203">You are here</text>
            <marker end="12" id="0" start="0" />
          </text_data><marker_def id="0" type="html">
            <html_marker tag="img">
              <attr name="src" val="images/here.gif" />
              <attr name="alt" val="You are here" />
              <attr name="class" val="hereimg" />
            </html_marker>
          </marker_def>
        </ta_sentence><ta_sentence do_translation="yes" encoding="utf-8" format="1" id="1571" original_language="English">
          <space_before />
          <space_after />
          <text_data language="German">
            <text from_TM="False" rev_id="13" status="New" time="1222355938">Common Picture Problems</text>
            <marker end="23" id="0" start="0" />
          </text_data><text_data language="Spanish">
            <text from_TM="False" rev_id="11" status="Complete" time="1222354203">Spanish : ture Problems</text>
            <marker end="23" id="0" start="0" />
          </text_data><text_data language="English">
            <text from_TM="False" rev_id="11" status="Complete" time="1222354203">Common Picture Problems</text>
            <marker end="23" id="0" start="0" />
          </text_data><marker_def id="0" type="html">
            <html_marker tag="span">
              <attr name="class" val="leftselected" />
            </html_marker>
          </marker_def>
        </ta_sentence><ta_sentence do_translation="yes" encoding="utf-8" format="1" id="1572" original_language="English">
          <space_before />
          <space_after />
          <text_data language="German">
            <text from_TM="False" rev_id="13" status="New" time="1222355938">Getting a passport</text>
            <marker end="18" id="0" start="0" />
          </text_data><text_data language="Spanish">
            <text from_TM="False" rev_id="11" status="Complete" time="1222354203">Spanish : passport</text>
            <marker end="18" id="0" start="0" />
          </text_data><text_data language="English">
            <text from_TM="False" rev_id="11" status="Complete" time="1222354203">Getting a passport</text>
            <marker end="18" id="0" start="0" />
          </text_data><marker_def id="0" type="html">
            <html_marker tag="span">
              <attr name="class" val="Text-Bold" />
            </html_marker>
          </marker_def>
        </ta_sentence><ta_sentence do_translation="yes" encoding="utf-8" format="1" id="1573" original_language="English">
          <space_before> </space_before>
          <space_after />
          <text_data language="German">
            <text from_TM="False" rev_id="13" status="New" time="1222355938">Passport Application</text>
            <marker end="20" id="0" start="0" />
          </text_data><text_data language="Spanish">
            <text from_TM="False" rev_id="11" status="Complete" time="1222354203">Spanish : pplication</text>
            <marker end="20" id="0" start="0" />
          </text_data><text_data language="English">
            <text from_TM="False" rev_id="11" status="Complete" time="1222354203">Passport Application</text>
            <marker end="20" id="0" start="0" />
          </text_data><marker_def id="0" type="html">
            <html_marker tag="a">
              <attr name="href" val="passport_application.htm" />
              <attr name="class" val="Text-Nav" />
            </html_marker>
          </marker_def>
        </ta_sentence><ta_sentence do_translation="yes" encoding="utf-8" format="1" id="1574" original_language="English">
          <space_before> </space_before>
          <space_after />
          <text_data language="German">
            <text from_TM="False" rev_id="13" status="New" time="1222355938">Passport Renewal</text>
            <marker end="16" id="0" start="0" />
          </text_data><text_data language="Spanish">
            <text from_TM="False" rev_id="11" status="Complete" time="1222354203">Spanish : enewal</text>
            <marker end="16" id="0" start="0" />
          </text_data><text_data language="English">
            <text from_TM="False" rev_id="11" status="Complete" time="1222354203">Passport Renewal</text>
            <marker end="16" id="0" start="0" />
          </text_data><marker_def id="0" type="html">
            <html_marker tag="a">
              <attr name="href" val="passport_renewal.htm" />
              <attr name="class" val="Text-Nav" />
            </html_marker>
          </marker_def>
        </ta_sentence><ta_sentence do_translation="yes" encoding="utf-8" format="1" id="1575" original_language="English">
          <space_before />
          <space_after />
          <text_data language="German">
            <text from_TM="False" rev_id="13" status="New" time="1222355938">Other features</text>
            <marker end="14" id="0" start="0" />
          </text_data><text_data language="Spanish">
            <text from_TM="False" rev_id="11" status="Complete" time="1222354203">Spanish : ures</text>
            <marker end="14" id="0" start="0" />
          </text_data><text_data language="English">
            <text from_TM="False" rev_id="11" status="Complete" time="1222354203">Other features</text>
            <marker end="14" id="0" start="0" />
          </text_data><marker_def id="0" type="html">
            <html_marker tag="span">
              <attr name="class" val="Text-Bold" />
            </html_marker>
          </marker_def>
        </ta_sentence><ta_sentence do_translation="yes" encoding="utf-8" format="1" id="1576" original_language="English">
          <space_before> </space_before>
          <space_after />
          <text_data language="German">
            <text from_TM="False" rev_id="13" status="New" time="1222355938">Child ID Cards</text>
            <marker end="14" id="0" start="0" />
          </text_data><text_data language="Spanish">
            <text from_TM="False" rev_id="11" status="Complete" time="1222354203">Spanish : ards</text>
            <marker end="14" id="0" start="0" />
          </text_data><text_data language="English">
            <text from_TM="False" rev_id="11" status="Complete" time="1222354203">Child ID Cards</text>
            <marker end="14" id="0" start="0" />
          </text_data><marker_def id="0" type="html">
            <html_marker tag="a">
              <attr name="href" val="child_id_cards.htm" />
              <attr name="class" val="Text-Nav" />
            </html_marker>
          </marker_def>
        </ta_sentence><ta_sentence do_translation="yes" encoding="utf-8" format="1" id="1577" original_language="English">
          <space_before> </space_before>
          <space_after />
          <text_data language="German">
            <text from_TM="False" rev_id="13" status="New" time="1222355938">Translated texts for child ID cards</text>
            <marker end="35" id="0" start="0" />
          </text_data><text_data language="Spanish">
            <text from_TM="False" rev_id="11" status="Complete" time="1222354203">Spanish :  texts for child ID cards</text>
            <marker end="35" id="0" start="0" />
          </text_data><text_data language="English">
            <text from_TM="False" rev_id="11" status="Complete" time="1222354203">Translated texts for child ID cards</text>
            <marker end="35" id="0" start="0" />
          </text_data><marker_def id="0" type="html">
            <html_marker tag="a">
              <attr name="href" val="translated-texts-for-id-cards.htm" />
              <attr name="class" val="Text-Nav" />
            </html_marker>
          </marker_def>
        </ta_sentence><ta_sentence do_translation="yes" encoding="utf-8" format="1" id="1578" original_language="English">
          <space_before />
          <space_after />
          <text_data language="German">
            <text from_TM="False" rev_id="13" status="New" time="1222355938">Bookmark this page</text>
            <marker end="18" id="0" start="0" />
          </text_data><text_data language="Spanish">
            <text from_TM="False" rev_id="11" status="Complete" time="1222354203">Spanish : his page</text>
            <marker end="18" id="0" start="0" />
          </text_data><text_data language="English">
            <text from_TM="False" rev_id="11" status="Complete" time="1222354203">Bookmark this page</text>
            <marker end="18" id="0" start="0" />
          </text_data><marker_def id="0" type="html">
            <html_marker tag="img">
              <attr name="src" val="images/bookmark_us.png" />
              <attr name="alt" val="Bookmark this page" />
              <attr name="class" val="delicious" />
            </html_marker>
          </marker_def>
        </ta_sentence><ta_sentence do_translation="yes" encoding="utf-8" format="1" id="1579" original_language="English">
          <space_before />
          <space_after />
          <text_data language="German">
            <text from_TM="False" rev_id="13" status="New" time="1222355938">Bookmark on</text>
            <marker end="-1" id="0" start="0" />
            <marker end="-1" id="0" start="0" />
          </text_data><text_data language="Spanish">
            <text from_TM="False" rev_id="11" status="Complete" time="1222354203">Spanish : n</text>
            <marker end="-1" id="0" start="0" />
            <marker end="-1" id="0" start="0" />
          </text_data><text_data language="English">
            <text from_TM="False" rev_id="11" status="Complete" time="1222354203">Bookmark on</text>
            <marker end="-1" id="0" start="0" />
            <marker end="-1" id="0" start="0" />
          </text_data><marker_def id="0" type="html">
            <html_marker tag="a">
              <attr name="rel" val="nofollow" />
              <attr name="href" val="http://del.icio.us/post?url=http%3A%2F%2Fwww.onthegosoft.com%2Fcommon_photo_problems.htm&amp;title=Troubleshooting+passport+pictures" />
              <attr name="target" val="_blank" />
              <attr name="class" val="Text-Nav" />
            </html_marker>
          </marker_def>
        </ta_sentence><ta_sentence do_translation="yes" encoding="utf-8" format="1" id="1580" original_language="English">
          <space_before />
          <space_after />
          <text_data language="German">
            <text from_TM="False" rev_id="13" status="New" time="1222355938">del.icio.us</text>
            <marker end="11" id="-1" start="-1" />
          </text_data><text_data language="Spanish">
            <text from_TM="False" rev_id="11" status="Complete" time="1222354203">Spanish : s</text>
            <marker end="11" id="-1" start="-1" />
          </text_data><text_data language="English">
            <text from_TM="False" rev_id="11" status="Complete" time="1222354203">del.icio.us</text>
            <marker end="11" id="-1" start="-1" />
          </text_data><marker_def id="-1" type="html">
            <html_marker tag="a" />
          </marker_def>
        </ta_sentence><ta_sentence do_translation="yes" encoding="utf-8" format="1" id="1581" original_language="English">
          <space_before />
          <space_after />
          <text_data language="German">
            <text from_TM="False" rev_id="13" status="New" time="1222355938">Home&#160;&gt;&#160;$ppnt_name&#160;&gt;&#160;Common Picture Problems</text>
            <marker end="43" id="0" start="0" />
            <marker end="4" id="1" start="0" />
            <marker end="17" id="2" start="7" />
          </text_data><text_data language="Spanish">
            <text from_TM="False" rev_id="11" status="Complete" time="1222354203">Spanish : nt_name&#160;&gt;&#160;Common Picture Problems</text>
            <marker end="43" id="0" start="0" />
            <marker end="4" id="1" start="0" />
            <marker end="17" id="2" start="7" />
          </text_data><text_data language="English">
            <text from_TM="False" rev_id="11" status="Complete" time="1222354203">Home&#160;&gt;&#160;$ppnt_name&#160;&gt;&#160;Common Picture Problems</text>
            <marker end="43" id="0" start="0" />
            <marker end="4" id="1" start="0" />
            <marker end="17" id="2" start="7" />
          </text_data><marker_def id="0" type="html">
            <html_marker tag="span">
              <attr name="class" val="Text-TopNav" />
            </html_marker>
          </marker_def><marker_def id="1" type="html">
            <html_marker tag="a">
              <attr name="href" val="./" />
            </html_marker>
          </marker_def><marker_def id="2" type="html">
            <html_marker tag="a">
              <attr name="href" val="passport_photo.htm" />
            </html_marker>
          </marker_def>
        </ta_sentence><ta_sentence do_translation="yes" encoding="utf-8" format="1" id="1582" original_language="English">
          <space_before />
          <space_after />
          <text_data language="German">
            <text from_TM="False" rev_id="13" status="New" time="1222355938">Common problems in pictures for passports</text>
          </text_data><text_data language="Spanish">
            <text from_TM="False" rev_id="11" status="Complete" time="1222354203">Spanish : blems in pictures for passports</text>
          </text_data><text_data language="English">
            <text from_TM="False" rev_id="11" status="Complete" time="1222354203">Common problems in pictures for passports</text>
          </text_data>
        </ta_sentence><ta_sentence do_translation="yes" encoding="utf-8" format="1" id="1583" original_language="English">
          <space_before />
          <space_after />
          <text_data language="German">
            <text from_TM="False" rev_id="13" status="New" time="1222355938">When you take pictures for a passport, look out for these common mistakes:</text>
          </text_data><text_data language="Spanish">
            <text from_TM="False" rev_id="11" status="Complete" time="1222354203">Spanish : ake pictures for a passport, look out for these common mistakes:</text>
          </text_data><text_data language="English">
            <text from_TM="False" rev_id="11" status="Complete" time="1222354203">When you take pictures for a passport, look out for these common mistakes:</text>
          </text_data>
        </ta_sentence><ta_sentence do_translation="yes" encoding="utf-8" format="1" id="1584" original_language="English">
          <space_before />
          <space_after />
          <text_data language="German">
            <text from_TM="False" rev_id="13" status="New" time="1222355938">Too small object in the photo</text>
            <marker end="29" id="0" start="0" />
          </text_data><text_data language="Spanish">
            <text from_TM="False" rev_id="11" status="Complete" time="1222354203">Spanish : object in the photo</text>
            <marker end="29" id="0" start="0" />
          </text_data><text_data language="English">
            <text from_TM="False" rev_id="11" status="Complete" time="1222354203">Too small object in the photo</text>
            <marker end="29" id="0" start="0" />
          </text_data><marker_def id="0" type="html">
            <html_marker tag="a">
              <attr name="href" val="#small_object" />
            </html_marker>
          </marker_def>
        </ta_sentence><ta_sentence do_translation="yes" encoding="utf-8" format="1" id="1585" original_language="English">
          <space_before />
          <space_after />
          <text_data language="German">
            <text from_TM="False" rev_id="13" status="New" time="1222355938">Poor lighting conditions</text>
            <marker end="24" id="0" start="0" />
          </text_data><text_data language="Spanish">
            <text from_TM="False" rev_id="11" status="Complete" time="1222354203">Spanish : ing conditions</text>
            <marker end="24" id="0" start="0" />
          </text_data><text_data language="English">
            <text from_TM="False" rev_id="11" status="Complete" time="1222354203">Poor lighting conditions</text>
            <marker end="24" id="0" start="0" />
          </text_data><marker_def id="0" type="html">
            <html_marker tag="a">
              <attr name="href" val="#poor_lighting" />
            </html_marker>
          </marker_def>
        </ta_sentence><ta_sentence do_translation="yes" encoding="utf-8" format="1" id="1586" original_language="English">
          <space_before />
          <space_after />
          <text_data language="German">
            <text from_TM="False" rev_id="13" status="New" time="1222355938">Reflection from the background</text>
            <marker end="30" id="0" start="0" />
          </text_data><text_data language="Spanish">
            <text from_TM="False" rev_id="11" status="Complete" time="1222354203">Spanish :  from the background</text>
            <marker end="30" id="0" start="0" />
          </text_data><text_data language="English">
            <text from_TM="False" rev_id="11" status="Complete" time="1222354203">Reflection from the background</text>
            <marker end="30" id="0" start="0" />
          </text_data><marker_def id="0" type="html">
            <html_marker tag="a">
              <attr name="href" val="#reflections" />
            </html_marker>
          </marker_def>
        </ta_sentence><ta_sentence do_translation="yes" encoding="utf-8" format="1" id="1587" original_language="English">
          <space_before />
          <space_after />
          <text_data language="German">
            <text from_TM="False" rev_id="13" status="New" time="1222355938">to verify that the photo you're printing looks good, and is free from errors, you can use the Preview function in $ppnt_name's editor. The preview will open the photo you cropped and will only show the part of the photo that gets printed.</text>
            <marker end="101" id="0" start="94" />
            <marker end="133" id="1" start="114" />
          </text_data><text_data language="Spanish">
            <text from_TM="False" rev_id="11" status="Complete" time="1222354203">Spanish : that the photo you're printing looks good, and is free from errors, you can use the Preview function in $ppnt_name's editor. The preview will open the photo you cropped and will only show the part of the photo that gets printed.</text>
            <marker end="101" id="0" start="94" />
            <marker end="133" id="1" start="114" />
          </text_data><text_data language="English">
            <text from_TM="False" rev_id="11" status="Complete" time="1222354203">to verify that the photo you're printing looks good, and is free from errors, you can use the Preview function in $ppnt_name's editor. The preview will open the photo you cropped and will only show the part of the photo that gets printed.</text>
            <marker end="101" id="0" start="94" />
            <marker end="133" id="1" start="114" />
          </text_data><marker_def id="0" type="html">
            <html_marker tag="b" />
          </marker_def><marker_def id="1" type="html">
            <html_marker tag="b" />
          </marker_def>
        </ta_sentence><ta_sentence do_translation="yes" encoding="utf-8" format="1" id="1588" original_language="English">
          <space_before> </space_before>
          <space_after />
          <text_data language="German">
            <text from_TM="False" rev_id="13" status="New" time="1222355938">You can expand the preview window so that the printed image shows in full detail, making it easier to spot problems.</text>
          </text_data><text_data language="Spanish">
            <text from_TM="False" rev_id="11" status="Complete" time="1222354203">Spanish : pand the preview window so that the printed image shows in full detail, making it easier to spot problems.</text>
          </text_data><text_data language="English">
            <text from_TM="False" rev_id="11" status="Complete" time="1222354203">You can expand the preview window so that the printed image shows in full detail, making it easier to spot problems.</text>
          </text_data>
        </ta_sentence><ta_sentence do_translation="yes" encoding="utf-8" format="1" id="1589" original_language="English">
          <space_before />
          <space_after />
          <text_data language="German">
            <text from_TM="False" rev_id="13" status="New" time="1222355938">Too small object</text>
          </text_data><text_data language="Spanish">
            <text from_TM="False" rev_id="11" status="Complete" time="1222354203">Spanish : object</text>
          </text_data><text_data language="English">
            <text from_TM="False" rev_id="11" status="Complete" time="1222354203">Too small object</text>
          </text_data>
        </ta_sentence><ta_sentence do_translation="yes" encoding="utf-8" format="1" id="1590" original_language="English">
          <space_before />
          <space_after />
          <text_data language="German">
            <text from_TM="False" rev_id="13" status="New" time="1222355938">Too small object for a passport picture</text>
            <marker end="39" id="0" start="0" />
          </text_data><text_data language="Spanish">
            <text from_TM="False" rev_id="11" status="Complete" time="1222354203">Spanish : object for a passport picture</text>
            <marker end="39" id="0" start="0" />
          </text_data><text_data language="English">
            <text from_TM="False" rev_id="11" status="Complete" time="1222354203">Too small object for a passport picture</text>
            <marker end="39" id="0" start="0" />
          </text_data><marker_def id="0" type="html">
            <html_marker tag="img">
              <attr name="src" val="images/passport/samples/roni_small.png" />
              <attr name="alt" val="Too small object for a passport picture" />
              <attr name="width" val="200" />
              <attr name="height" val="142" />
            </html_marker>
          </marker_def>
        </ta_sentence><ta_sentence do_translation="yes" encoding="utf-8" format="1" id="1591" original_language="English">
          <space_before> </space_before>
          <space_after />
          <text_data language="German">
            <text from_TM="False" rev_id="13" status="New" time="1222355938">Photo with too small object</text>
            <marker end="27" id="0" start="0" />
            <marker end="27" id="1" start="0" />
          </text_data><text_data language="Spanish">
            <text from_TM="False" rev_id="11" status="Complete" time="1222354203">Spanish :  too small object</text>
            <marker end="27" id="0" start="0" />
            <marker end="27" id="1" start="0" />
          </text_data><text_data language="English">
            <text from_TM="False" rev_id="11" status="Complete" time="1222354203">Photo with too small object</text>
            <marker end="27" id="0" start="0" />
            <marker end="27" id="1" start="0" />
          </text_data><marker_def id="0" type="html">
            <html_marker tag="span">
              <attr name="class" val="Text-standard" />
            </html_marker>
          </marker_def><marker_def id="1" type="html">
            <html_marker tag="font">
              <attr name="color" val="#990000" />
            </html_marker>
          </marker_def>
        </ta_sentence><ta_sentence do_translation="yes" encoding="utf-8" format="1" id="1592" original_language="English">
          <space_before />
          <space_after />
          <text_data language="German">
            <text from_TM="False" rev_id="13" status="New" time="1222355938">Problem</text>
          </text_data><text_data language="Spanish">
            <text from_TM="False" rev_id="11" status="Complete" time="1222354203">Spanish : </text>
          </text_data><text_data language="English">
            <text from_TM="False" rev_id="11" status="Complete" time="1222354203">Problem</text>
          </text_data>
        </ta_sentence><ta_sentence do_translation="yes" encoding="utf-8" format="1" id="1593" original_language="English">
          <space_before />
          <space_after />
          <text_data language="German">
            <text from_TM="False" rev_id="13" status="New" time="1222355938">This picture was taken with a 3 Mega pixel camera, with good natural ambient light and the object (Roni) is looking straight at the camera.</text>
          </text_data><text_data language="Spanish">
            <text from_TM="False" rev_id="11" status="Complete" time="1222354203">Spanish : re was taken with a 3 Mega pixel camera, with good natural ambient light and the object (Roni) is looking straight at the camera.</text>
          </text_data><text_data language="English">
            <text from_TM="False" rev_id="11" status="Complete" time="1222354203">This picture was taken with a 3 Mega pixel camera, with good natural ambient light and the object (Roni) is looking straight at the camera.</text>
          </text_data>
        </ta_sentence><ta_sentence do_translation="yes" encoding="utf-8" format="1" id="1594" original_language="English">
          <space_before> </space_before>
          <space_after />
          <text_data language="German">
            <text from_TM="False" rev_id="13" status="New" time="1222355938">So, what's wrong with it?</text>
          </text_data><text_data language="Spanish">
            <text from_TM="False" rev_id="11" status="Complete" time="1222354203">Spanish :  wrong with it?</text>
          </text_data><text_data language="English">
            <text from_TM="False" rev_id="11" status="Complete" time="1222354203">So, what's wrong with it?</text>
          </text_data>
        </ta_sentence><ta_sentence do_translation="yes" encoding="utf-8" format="1" id="1595" original_language="English">
          <space_before> </space_before>
          <space_after />
          <text_data language="German">
            <text from_TM="False" rev_id="13" status="New" time="1222355938">I've taken the photo from too far away, and her face fills only a very small part of the picture!</text>
            <marker end="97" id="0" start="0" />
          </text_data><text_data language="Spanish">
            <text from_TM="False" rev_id="11" status="Complete" time="1222354203">Spanish :  the photo from too far away, and her face fills only a very small part of the picture!</text>
            <marker end="97" id="0" start="0" />
          </text_data><text_data language="English">
            <text from_TM="False" rev_id="11" status="Complete" time="1222354203">I've taken the photo from too far away, and her face fills only a very small part of the picture!</text>
            <marker end="97" id="0" start="0" />
          </text_data><marker_def id="0" type="html">
            <html_marker tag="b" />
          </marker_def>
        </ta_sentence><ta_sentence do_translation="yes" encoding="utf-8" format="1" id="1596" original_language="English">
          <space_before />
          <space_after />
          <text_data language="German">
            <text from_TM="False" rev_id="13" status="New" time="1222355938">Too small object for a passport picture</text>
            <marker end="39" id="0" start="0" />
          </text_data><text_data language="Spanish">
            <text from_TM="False" rev_id="11" status="Complete" time="1222354203">Spanish : object for a passport picture</text>
            <marker end="39" id="0" start="0" />
          </text_data><text_data language="English">
            <text from_TM="False" rev_id="11" status="Complete" time="1222354203">Too small object for a passport picture</text>
            <marker end="39" id="0" start="0" />
          </text_data><marker_def id="0" type="html">
            <html_marker tag="img">
              <attr name="src" val="images/passport/samples/roni_large.png" />
              <attr name="alt" val="Too small object for a passport picture" />
              <attr name="width" val="200" />
              <attr name="height" val="142" />
            </html_marker>
          </marker_def>
        </ta_sentence><ta_sentence do_translation="yes" encoding="utf-8" format="1" id="1597" original_language="English">
          <space_before> </space_before>
          <space_after />
          <text_data language="German">
            <text from_TM="False" rev_id="13" status="New" time="1222355938">Photo with large enough object</text>
            <marker end="30" id="0" start="0" />
            <marker end="30" id="1" start="0" />
          </text_data><text_data language="Spanish">
            <text from_TM="False" rev_id="11" status="Complete" time="1222354203">Spanish :  large enough object</text>
            <marker end="30" id="0" start="0" />
            <marker end="30" id="1" start="0" />
          </text_data><text_data language="English">
            <text from_TM="False" rev_id="11" status="Complete" time="1222354203">Photo with large enough object</text>
            <marker end="30" id="0" start="0" />
            <marker end="30" id="1" start="0" />
          </text_data><marker_def id="0" type="html">
            <html_marker tag="span">
              <attr name="class" val="Text-standard" />
            </html_marker>
          </marker_def><marker_def id="1" type="html">
            <html_marker tag="font">
              <attr name="color" val="#006600" />
            </html_marker>
          </marker_def>
        </ta_sentence><ta_sentence do_translation="yes" encoding="utf-8" format="1" id="1598" original_language="English">
          <space_before />
          <space_after />
          <text_data language="German">
            <text from_TM="False" rev_id="13" status="New" time="1222355938">Solution</text>
          </text_data><text_data language="Spanish">
            <text from_TM="False" rev_id="11" status="Complete" time="1222354203">Spanish : </text>
          </text_data><text_data language="English">
            <text from_TM="False" rev_id="11" status="Complete" time="1222354203">Solution</text>
          </text_data>
        </ta_sentence><ta_sentence do_translation="yes" encoding="utf-8" format="1" id="1599" original_language="English">
          <space_before />
          <space_after />
          <text_data language="German">
            <text from_TM="False" rev_id="13" status="New" time="1222355938">This photo is much better.</text>
          </text_data><text_data language="Spanish">
            <text from_TM="False" rev_id="11" status="Complete" time="1222354203">Spanish :  is much better.</text>
          </text_data><text_data language="English">
            <text from_TM="False" rev_id="11" status="Complete" time="1222354203">This photo is much better.</text>
          </text_data>
        </ta_sentence><ta_sentence do_translation="yes" encoding="utf-8" format="1" id="1600" original_language="English">
          <space_before> </space_before>
          <space_after />
          <text_data language="German">
            <text from_TM="False" rev_id="13" status="New" time="1222355938">The object is much closer and occupies a larger part of the photo.</text>
          </text_data><text_data language="Spanish">
            <text from_TM="False" rev_id="11" status="Complete" time="1222354203">Spanish :  is much closer and occupies a larger part of the photo.</text>
          </text_data><text_data language="English">
            <text from_TM="False" rev_id="11" status="Complete" time="1222354203">The object is much closer and occupies a larger part of the photo.</text>
          </text_data>
        </ta_sentence><ta_sentence do_translation="yes" encoding="utf-8" format="1" id="1601" original_language="English">
          <space_before> </space_before>
          <space_after />
          <text_data language="German">
            <text from_TM="False" rev_id="13" status="New" time="1222355938">The resolution would be much better and printing results should be good.</text>
          </text_data><text_data language="Spanish">
            <text from_TM="False" rev_id="11" status="Complete" time="1222354203">Spanish : tion would be much better and printing results should be good.</text>
          </text_data><text_data language="English">
            <text from_TM="False" rev_id="11" status="Complete" time="1222354203">The resolution would be much better and printing results should be good.</text>
          </text_data>
        </ta_sentence><ta_sentence do_translation="yes" encoding="utf-8" format="1" id="1602" original_language="English">
          <space_before> </space_before>
          <space_after> </space_after>
          <text_data language="German">
            <text from_TM="False" rev_id="13" status="New" time="1222355938">The program gives a warning when the printing resolution is bellow 300DPI (dots per inch). Photos that are printed at 300DPI and higher usually come out well.</text>
          </text_data><text_data language="Spanish">
            <text from_TM="False" rev_id="11" status="Complete" time="1222354203">Spanish : m gives a warning when the printing resolution is bellow 300DPI (dots per inch). Photos that are printed at 300DPI and higher usually come out well.</text>
          </text_data><text_data language="English">
            <text from_TM="False" rev_id="11" status="Complete" time="1222354203">The program gives a warning when the printing resolution is bellow 300DPI (dots per inch). Photos that are printed at 300DPI and higher usually come out well.</text>
          </text_data>
        </ta_sentence><ta_sentence do_translation="yes" encoding="utf-8" format="1" id="1603" original_language="English">
          <space_before />
          <space_after />
          <text_data language="German">
            <text from_TM="False" rev_id="13" status="New" time="1222355938">Poor lighting conditions</text>
          </text_data><text_data language="Spanish">
            <text from_TM="False" rev_id="11" status="Complete" time="1222354203">Spanish : ing conditions</text>
          </text_data><text_data language="English">
            <text from_TM="False" rev_id="11" status="Complete" time="1222354203">Poor lighting conditions</text>
          </text_data>
        </ta_sentence><ta_sentence do_translation="yes" encoding="utf-8" format="1" id="1604" original_language="English">
          <space_before />
          <space_after />
          <text_data language="German">
            <text from_TM="False" rev_id="13" status="New" time="1222355938">Too small object for a passport picture</text>
            <marker end="39" id="0" start="0" />
          </text_data><text_data language="Spanish">
            <text from_TM="False" rev_id="11" status="Complete" time="1222354203">Spanish : object for a passport picture</text>
            <marker end="39" id="0" start="0" />
          </text_data><text_data language="English">
            <text from_TM="False" rev_id="11" status="Complete" time="1222354203">Too small object for a passport picture</text>
            <marker end="39" id="0" start="0" />
          </text_data><marker_def id="0" type="html">
            <html_marker tag="img">
              <attr name="src" val="images/passport/samples/grainy.jpg" />
              <attr name="alt" val="Too small object for a passport picture" />
              <attr name="width" val="200" />
              <attr name="height" val="154" />
            </html_marker>
          </marker_def>
        </ta_sentence><ta_sentence do_translation="yes" encoding="utf-8" format="1" id="1605" original_language="English">
          <space_before> </space_before>
          <space_after />
          <text_data language="German">
            <text from_TM="False" rev_id="13" status="New" time="1222355938">Photo taken with too weak lighting</text>
            <marker end="34" id="0" start="0" />
            <marker end="34" id="1" start="0" />
          </text_data><text_data language="Spanish">
            <text from_TM="False" rev_id="11" status="Complete" time="1222354203">Spanish : n with too weak lighting</text>
            <marker end="34" id="0" start="0" />
            <marker end="34" id="1" start="0" />
          </text_data><text_data language="English">
            <text from_TM="False" rev_id="11" status="Complete" time="1222354203">Photo taken with too weak lighting</text>
            <marker end="34" id="0" start="0" />
            <marker end="34" id="1" start="0" />
          </text_data><marker_def id="0" type="html">
            <html_marker tag="span">
              <attr name="class" val="Text-standard" />
            </html_marker>
          </marker_def><marker_def id="1" type="html">
            <html_marker tag="font">
              <attr name="color" val="#990000" />
            </html_marker>
          </marker_def>
        </ta_sentence><ta_sentence do_translation="yes" encoding="utf-8" format="1" id="1606" original_language="English">
          <space_before />
          <space_after />
          <text_data language="German">
            <text from_TM="False" rev_id="13" status="New" time="1222355938">Problem</text>
          </text_data><text_data language="Spanish">
            <text from_TM="False" rev_id="11" status="Complete" time="1222354203">Spanish : </text>
          </text_data><text_data language="English">
            <text from_TM="False" rev_id="11" status="Complete" time="1222354203">Problem</text>
          </text_data>
        </ta_sentence><ta_sentence do_translation="yes" encoding="utf-8" format="1" id="1607" original_language="English">
          <space_before />
          <space_after />
          <text_data language="German">
            <text from_TM="False" rev_id="13" status="New" time="1222355938">This picture was taken with insufficient ambient lighting.</text>
          </text_data><text_data language="Spanish">
            <text from_TM="False" rev_id="11" status="Complete" time="1222354203">Spanish : re was taken with insufficient ambient lighting.</text>
          </text_data><text_data language="English">
            <text from_TM="False" rev_id="11" status="Complete" time="1222354203">This picture was taken with insufficient ambient lighting.</text>
          </text_data>
        </ta_sentence><ta_sentence do_translation="yes" encoding="utf-8" format="1" id="1608" original_language="English">
          <space_before> </space_before>
          <space_after />
          <text_data language="German">
            <text from_TM="False" rev_id="13" status="New" time="1222355938">Although we can see perfectly well in a room with weak lighting, most digital cameras produce grainy photos when shooting in dark conditions.</text>
          </text_data><text_data language="Spanish">
            <text from_TM="False" rev_id="11" status="Complete" time="1222354203">Spanish : e can see perfectly well in a room with weak lighting, most digital cameras produce grainy photos when shooting in dark conditions.</text>
          </text_data><text_data language="English">
            <text from_TM="False" rev_id="11" status="Complete" time="1222354203">Although we can see perfectly well in a room with weak lighting, most digital cameras produce grainy photos when shooting in dark conditions.</text>
          </text_data>
        </ta_sentence><ta_sentence do_translation="yes" encoding="utf-8" format="1" id="1609" original_language="English">
          <space_before> </space_before>
          <space_after> </space_after>
          <text_data language="German">
            <text from_TM="False" rev_id="13" status="New" time="1222355938">If we zoom in to this picture, we'll be able to see the pixels. This will also show up in the printed photo.</text>
            <marker end="108" id="0" start="0" />
            <marker end="13" id="1" start="6" />
          </text_data><text_data language="Spanish">
            <text from_TM="False" rev_id="11" status="Complete" time="1222354203">Spanish :  in to this picture, we'll be able to see the pixels. This will also show up in the printed photo.</text>
            <marker end="108" id="0" start="0" />
            <marker end="13" id="1" start="6" />
          </text_data><text_data language="English">
            <text from_TM="False" rev_id="11" status="Complete" time="1222354203">If we zoom in to this picture, we'll be able to see the pixels. This will also show up in the printed photo.</text>
            <marker end="108" id="0" start="0" />
            <marker end="13" id="1" start="6" />
          </text_data><marker_def id="0" type="html">
            <html_marker tag="b" />
          </marker_def><marker_def id="1" type="html">
            <html_marker tag="a">
              <attr name="target" val="_blank" />
              <attr name="href" val="images/passport/samples/grainy_zoom.jpg" />
            </html_marker>
          </marker_def>
        </ta_sentence><ta_sentence do_translation="no" encoding="utf-8" format="1" id="1610" original_language="English">
          <space_before />
          <space_after />
          <text_data language="German">
            <text from_TM="False" rev_id="13" status="New" time="1222355938" />
          </text_data><text_data language="Spanish">
            <text from_TM="False" rev_id="-1" status="Complete" time="1222355861" />
          </text_data><text_data language="English">
            <text from_TM="False" status="Complete" time="1222355861" />
          </text_data>
        </ta_sentence><ta_sentence do_translation="yes" encoding="utf-8" format="1" id="1611" original_language="English">
          <space_before />
          <space_after />
          <text_data language="German">
            <text from_TM="False" rev_id="13" status="New" time="1222355938">Solution</text>
          </text_data><text_data language="Spanish">
            <text from_TM="False" rev_id="11" status="Complete" time="1222354203">Spanish : </text>
          </text_data><text_data language="English">
            <text from_TM="False" rev_id="11" status="Complete" time="1222354203">Solution</text>
          </text_data>
        </ta_sentence><ta_sentence do_translation="yes" encoding="utf-8" format="1" id="1612" original_language="English">
          <space_before />
          <space_after />
          <text_data language="German">
            <text from_TM="False" rev_id="13" status="New" time="1222355938">Try taking the photos with indirect natural light.</text>
          </text_data><text_data language="Spanish">
            <text from_TM="False" rev_id="11" status="Complete" time="1222354203">Spanish :  the photos with indirect natural light.</text>
          </text_data><text_data language="English">
            <text from_TM="False" rev_id="11" status="Complete" time="1222354203">Try taking the photos with indirect natural light.</text>
          </text_data>
        </ta_sentence><ta_sentence do_translation="yes" encoding="utf-8" format="1" id="1613" original_language="English">
          <space_before> </space_before>
          <space_after />
          <text_data language="German">
            <text from_TM="False" rev_id="13" status="New" time="1222355938">If you can't do that (because you may live in England), take the picture with as bright light as you can, force the camera to apply flash and stand close to the camera.</text>
          </text_data><text_data language="Spanish">
            <text from_TM="False" rev_id="11" status="Complete" time="1222354203">Spanish : 't do that (because you may live in England), take the picture with as bright light as you can, force the camera to apply flash and stand close to the camera.</text>
          </text_data><text_data language="English">
            <text from_TM="False" rev_id="11" status="Complete" time="1222354203">If you can't do that (because you may live in England), take the picture with as bright light as you can, force the camera to apply flash and stand close to the camera.</text>
          </text_data>
        </ta_sentence><ta_sentence do_translation="yes" encoding="utf-8" format="1" id="1614" original_language="English">
          <space_before> </space_before>
          <space_after />
          <text_data language="German">
            <text from_TM="False" rev_id="13" status="New" time="1222355938">This way, the camera's flash would be more effective.</text>
          </text_data><text_data language="Spanish">
            <text from_TM="False" rev_id="11" status="Complete" time="1222354203">Spanish : the camera's flash would be more effective.</text>
          </text_data><text_data language="English">
            <text from_TM="False" rev_id="11" status="Complete" time="1222354203">This way, the camera's flash would be more effective.</text>
          </text_data>
        </ta_sentence><ta_sentence do_translation="yes" encoding="utf-8" format="1" id="1615" original_language="English">
          <space_before> </space_before>
          <space_after />
          <text_data language="German">
            <text from_TM="False" rev_id="13" status="New" time="1222355938">If you use flash, make sure the exposure is not too long, so that you don't pick up too much picture noise.</text>
          </text_data><text_data language="Spanish">
            <text from_TM="False" rev_id="11" status="Complete" time="1222354203">Spanish :  flash, make sure the exposure is not too long, so that you don't pick up too much picture noise.</text>
          </text_data><text_data language="English">
            <text from_TM="False" rev_id="11" status="Complete" time="1222354203">If you use flash, make sure the exposure is not too long, so that you don't pick up too much picture noise.</text>
          </text_data>
        </ta_sentence><ta_sentence do_translation="yes" encoding="utf-8" format="1" id="1616" original_language="English">
          <space_before />
          <space_after />
          <text_data language="German">
            <text from_TM="False" rev_id="13" status="New" time="1222355938">Reflection from the background</text>
          </text_data><text_data language="Spanish">
            <text from_TM="False" rev_id="11" status="Complete" time="1222354203">Spanish :  from the background</text>
          </text_data><text_data language="English">
            <text from_TM="False" rev_id="11" status="Complete" time="1222354203">Reflection from the background</text>
          </text_data>
        </ta_sentence><ta_sentence do_translation="yes" encoding="utf-8" format="1" id="1617" original_language="English">
          <space_before />
          <space_after />
          <text_data language="German">
            <text from_TM="False" rev_id="13" status="New" time="1222355938">Too small object for a passport picture</text>
            <marker end="39" id="0" start="0" />
          </text_data><text_data language="Spanish">
            <text from_TM="False" rev_id="11" status="Complete" time="1222354203">Spanish : object for a passport picture</text>
            <marker end="39" id="0" start="0" />
          </text_data><text_data language="English">
            <text from_TM="False" rev_id="11" status="Complete" time="1222354203">Too small object for a passport picture</text>
            <marker end="39" id="0" start="0" />
          </text_data><marker_def id="0" type="html">
            <html_marker tag="img">
              <attr name="src" val="images/passport/samples/reflection.jpg" />
              <attr name="alt" val="Too small object for a passport picture" />
              <attr name="width" val="200" />
              <attr name="height" val="160" />
            </html_marker>
          </marker_def>
        </ta_sentence><ta_sentence do_translation="yes" encoding="utf-8" format="1" id="1618" original_language="English">
          <space_before> </space_before>
          <space_after />
          <text_data language="German">
            <text from_TM="False" rev_id="13" status="New" time="1222355938">Photo showing background reflection</text>
            <marker end="35" id="0" start="0" />
            <marker end="35" id="1" start="0" />
          </text_data><text_data language="Spanish">
            <text from_TM="False" rev_id="11" status="Complete" time="1222354203">Spanish : ing background reflection</text>
            <marker end="35" id="0" start="0" />
            <marker end="35" id="1" start="0" />
          </text_data><text_data language="English">
            <text from_TM="False" rev_id="11" status="Complete" time="1222354203">Photo showing background reflection</text>
            <marker end="35" id="0" start="0" />
            <marker end="35" id="1" start="0" />
          </text_data><marker_def id="0" type="html">
            <html_marker tag="span">
              <attr name="class" val="Text-standard" />
            </html_marker>
          </marker_def><marker_def id="1" type="html">
            <html_marker tag="font">
              <attr name="color" val="#990000" />
            </html_marker>
          </marker_def>
        </ta_sentence><ta_sentence do_translation="yes" encoding="utf-8" format="1" id="1619" original_language="English">
          <space_before />
          <space_after />
          <text_data language="German">
            <text from_TM="False" rev_id="13" status="New" time="1222355938">Problem</text>
          </text_data><text_data language="Spanish">
            <text from_TM="False" rev_id="11" status="Complete" time="1222354203">Spanish : </text>
          </text_data><text_data language="English">
            <text from_TM="False" rev_id="11" status="Complete" time="1222354203">Problem</text>
          </text_data>
        </ta_sentence><ta_sentence do_translation="yes" encoding="utf-8" format="1" id="1620" original_language="English">
          <space_before />
          <space_after />
          <text_data language="German">
            <text from_TM="False" rev_id="13" status="New" time="1222355938">The background in this picture is reflective.</text>
          </text_data><text_data language="Spanish">
            <text from_TM="False" rev_id="11" status="Complete" time="1222354203">Spanish : ound in this picture is reflective.</text>
          </text_data><text_data language="English">
            <text from_TM="False" rev_id="11" status="Complete" time="1222354203">The background in this picture is reflective.</text>
          </text_data>
        </ta_sentence><ta_sentence do_translation="yes" encoding="utf-8" format="1" id="1621" original_language="English">
          <space_before> </space_before>
          <space_after />
          <text_data language="German">
            <text from_TM="False" rev_id="13" status="New" time="1222355938">You may not notice it if you just look at this wall, but when you take a picture - with flash - the flash reflects from it causes the background to shine.</text>
          </text_data><text_data language="Spanish">
            <text from_TM="False" rev_id="11" status="Complete" time="1222354203">Spanish : t notice it if you just look at this wall, but when you take a picture - with flash - the flash reflects from it causes the background to shine.</text>
          </text_data><text_data language="English">
            <text from_TM="False" rev_id="11" status="Complete" time="1222354203">You may not notice it if you just look at this wall, but when you take a picture - with flash - the flash reflects from it causes the background to shine.</text>
          </text_data>
        </ta_sentence><ta_sentence do_translation="yes" encoding="utf-8" format="1" id="1622" original_language="English">
          <space_before> </space_before>
          <space_after />
          <text_data language="German">
            <text from_TM="False" rev_id="13" status="New" time="1222355938">It's most likely that this kind of photo be rejected by the passport office, because the reflections on the wall make it difficult for a computer to process this photo.</text>
          </text_data><text_data language="Spanish">
            <text from_TM="False" rev_id="11" status="Complete" time="1222354203">Spanish : likely that this kind of photo be rejected by the passport office, because the reflections on the wall make it difficult for a computer to process this photo.</text>
          </text_data><text_data language="English">
            <text from_TM="False" rev_id="11" status="Complete" time="1222354203">It's most likely that this kind of photo be rejected by the passport office, because the reflections on the wall make it difficult for a computer to process this photo.</text>
          </text_data>
        </ta_sentence><ta_sentence do_translation="yes" encoding="utf-8" format="1" id="1623" original_language="English">
          <space_before />
          <space_after />
          <text_data language="German">
            <text from_TM="False" rev_id="13" status="New" time="1222355938">Solution</text>
          </text_data><text_data language="Spanish">
            <text from_TM="False" rev_id="11" status="Complete" time="1222354203">Spanish : </text>
          </text_data><text_data language="English">
            <text from_TM="False" rev_id="11" status="Complete" time="1222354203">Solution</text>
          </text_data>
        </ta_sentence><ta_sentence do_translation="yes" encoding="utf-8" format="1" id="1624" original_language="English">
          <space_before />
          <space_after />
          <text_data language="German">
            <text from_TM="False" rev_id="13" status="New" time="1222355938">Stand in front of a wall that's not glossy at all.</text>
          </text_data><text_data language="Spanish">
            <text from_TM="False" rev_id="11" status="Complete" time="1222354203">Spanish : ront of a wall that's not glossy at all.</text>
          </text_data><text_data language="English">
            <text from_TM="False" rev_id="11" status="Complete" time="1222354203">Stand in front of a wall that's not glossy at all.</text>
          </text_data>
        </ta_sentence><ta_sentence do_translation="yes" encoding="utf-8" format="1" id="1625" original_language="English">
          <space_before> </space_before>
          <space_after />
          <text_data language="German">
            <text from_TM="False" rev_id="13" status="New" time="1222355938">If all the rooms in your house are painted with a glossy color, you can also stand in front of a white sheet.</text>
          </text_data><text_data language="Spanish">
            <text from_TM="False" rev_id="11" status="Complete" time="1222354203">Spanish :  rooms in your house are painted with a glossy color, you can also stand in front of a white sheet.</text>
          </text_data><text_data language="English">
            <text from_TM="False" rev_id="11" status="Complete" time="1222354203">If all the rooms in your house are painted with a glossy color, you can also stand in front of a white sheet.</text>
          </text_data>
        </ta_sentence><ta_sentence do_translation="yes" encoding="utf-8" format="1" id="1626" original_language="English">
          <space_before> </space_before>
          <space_after />
          <text_data language="German">
            <text from_TM="False" rev_id="13" status="New" time="1222355938">Bed sheets are almost never glossy or reflective. </text>
          </text_data><text_data language="Spanish">
            <text from_TM="False" rev_id="11" status="Complete" time="1222354203">Spanish :  are almost never glossy or reflective. </text>
          </text_data><text_data language="English">
            <text from_TM="False" rev_id="11" status="Complete" time="1222354203">Bed sheets are almost never glossy or reflective. </text>
          </text_data>
        </ta_sentence><ta_sentence do_translation="no" encoding="utf-8" format="1" id="1627" original_language="English">
          <space_before />
          <space_after />
          <text_data language="German">
            <text from_TM="False" rev_id="13" status="New" time="1222355938" />
          </text_data><text_data language="Spanish">
            <text from_TM="False" rev_id="-1" status="Complete" time="1222355861" />
          </text_data><text_data language="English">
            <text from_TM="False" status="Complete" time="1222355861" />
          </text_data>
        </ta_sentence><ta_sentence do_translation="yes" encoding="utf-8" format="1" id="1628" original_language="English">
          <space_before />
          <space_after />
          <text_data language="German">
            <text from_TM="False" rev_id="13" status="New" time="1222355938">Products&#160;&#160; - &#160;&#160;$ppnt_name&#160;&#160; - &#160;&#160;Photo Backup&#160;&#160; - &#160;&#160;Shrink Pic&#160;&#160; - &#160;&#160;Resources&#160;&#160; - &#160;&#160;Partners&#160;&#160; - &#160;&#160;Blog</text>
            <marker end="8" id="0" start="0" />
            <marker end="25" id="1" start="15" />
            <marker end="44" id="2" start="32" />
            <marker end="61" id="3" start="51" />
            <marker end="77" id="4" start="68" />
            <marker end="92" id="5" start="84" />
            <marker end="103" id="6" start="99" />
          </text_data><text_data language="Spanish">
            <text from_TM="False" rev_id="11" status="Complete" time="1222354203">Spanish :  - &#160;&#160;$ppnt_name&#160;&#160; - &#160;&#160;Photo Backup&#160;&#160; - &#160;&#160;Shrink Pic&#160;&#160; - &#160;&#160;Resources&#160;&#160; - &#160;&#160;Partners&#160;&#160; - &#160;&#160;Blog</text>
            <marker end="8" id="0" start="0" />
            <marker end="25" id="1" start="15" />
            <marker end="44" id="2" start="32" />
            <marker end="61" id="3" start="51" />
            <marker end="77" id="4" start="68" />
            <marker end="92" id="5" start="84" />
            <marker end="103" id="6" start="99" />
          </text_data><text_data language="English">
            <text from_TM="False" rev_id="11" status="Complete" time="1222354203">Products&#160;&#160; - &#160;&#160;$ppnt_name&#160;&#160; - &#160;&#160;Photo Backup&#160;&#160; - &#160;&#160;Shrink Pic&#160;&#160; - &#160;&#160;Resources&#160;&#160; - &#160;&#160;Partners&#160;&#160; - &#160;&#160;Blog</text>
            <marker end="8" id="0" start="0" />
            <marker end="25" id="1" start="15" />
            <marker end="44" id="2" start="32" />
            <marker end="61" id="3" start="51" />
            <marker end="77" id="4" start="68" />
            <marker end="92" id="5" start="84" />
            <marker end="103" id="6" start="99" />
          </text_data><marker_def id="0" type="html">
            <html_marker tag="a">
              <attr name="href" val="./" />
            </html_marker>
          </marker_def><marker_def id="1" type="html">
            <html_marker tag="a">
              <attr name="href" val="passport_photo.htm" />
            </html_marker>
          </marker_def><marker_def id="2" type="html">
            <html_marker tag="a">
              <attr name="href" val="photo_backup.htm" />
            </html_marker>
          </marker_def><marker_def id="3" type="html">
            <html_marker tag="a">
              <attr name="href" val="shrink_pic.htm" />
            </html_marker>
          </marker_def><marker_def id="4" type="html">
            <html_marker tag="a">
              <attr name="href" val="links_nav.htm" />
            </html_marker>
          </marker_def><marker_def id="5" type="html">
            <html_marker tag="a">
              <attr name="href" val="partners.htm" />
            </html_marker>
          </marker_def><marker_def id="6" type="html">
            <html_marker tag="a">
              <attr name="href" val="blog/" />
            </html_marker>
          </marker_def>
        </ta_sentence><ta_sentence do_translation="yes" encoding="utf-8" format="1" id="1629" original_language="English">
          <space_before />
          <space_after />
          <text_data language="German">
            <text from_TM="False" rev_id="13" status="New" time="1222355938">English&#160;&#160;-&#160;&#160;Deutsch&#160;&#160;-&#160;&#160;Fran&#231;ais&#160;&#160;-&#160;&#160;Espa&#241;ol&#160;&#160;-&#160;&#160;Portugu&#234;s</text>
            <marker end="19" id="0" start="12" />
            <marker end="32" id="1" start="24" />
            <marker end="44" id="2" start="37" />
            <marker end="58" id="3" start="49" />
          </text_data><text_data language="Spanish">
            <text from_TM="False" rev_id="11" status="Complete" time="1222354203">Spanish : &#160;&#160;Deutsch&#160;&#160;-&#160;&#160;Fran&#231;ais&#160;&#160;-&#160;&#160;Espa&#241;ol&#160;&#160;-&#160;&#160;Portugu&#234;s</text>
            <marker end="19" id="0" start="12" />
            <marker end="32" id="1" start="24" />
            <marker end="44" id="2" start="37" />
            <marker end="58" id="3" start="49" />
          </text_data><text_data language="English">
            <text from_TM="False" rev_id="11" status="Complete" time="1222354203">English&#160;&#160;-&#160;&#160;Deutsch&#160;&#160;-&#160;&#160;Fran&#231;ais&#160;&#160;-&#160;&#160;Espa&#241;ol&#160;&#160;-&#160;&#160;Portugu&#234;s</text>
            <marker end="19" id="0" start="12" />
            <marker end="32" id="1" start="24" />
            <marker end="44" id="2" start="37" />
            <marker end="58" id="3" start="49" />
          </text_data><marker_def id="0" type="html">
            <html_marker tag="a">
              <attr name="href" val="de/common_photo_problems.htm" />
            </html_marker>
          </marker_def><marker_def id="1" type="html">
            <html_marker tag="a">
              <attr name="href" val="fr/common_photo_problems.htm" />
            </html_marker>
          </marker_def><marker_def id="2" type="html">
            <html_marker tag="a">
              <attr name="href" val="es/common_photo_problems.htm" />
            </html_marker>
          </marker_def><marker_def id="3" type="html">
            <html_marker tag="a">
              <attr name="href" val="br/common_photo_problems.htm" />
            </html_marker>
          </marker_def>
        </ta_sentence><ta_sentence do_translation="yes" encoding="utf-8" format="1" id="1630" original_language="English">
          <space_before> </space_before>
          <space_after />
          <text_data language="German">
            <text from_TM="False" rev_id="13" status="New" time="1222355938">This website has been translated using ICanLocalize - Affordable Website Translation</text>
            <marker end="-1" id="0" start="0" />
            <marker end="84" id="1" start="39" />
            <marker end="-1" id="0" start="0" />
          </text_data><text_data language="Spanish">
            <text from_TM="False" rev_id="11" status="Complete" time="1222354203">Spanish : te has been translated using ICanLocalize - Affordable Website Translation</text>
            <marker end="-1" id="0" start="0" />
            <marker end="84" id="1" start="39" />
            <marker end="-1" id="0" start="0" />
          </text_data><text_data language="English">
            <text from_TM="False" rev_id="11" status="Complete" time="1222354203">This website has been translated using ICanLocalize - Affordable Website Translation</text>
            <marker end="-1" id="0" start="0" />
            <marker end="84" id="1" start="39" />
            <marker end="-1" id="0" start="0" />
          </text_data><marker_def id="0" type="html">
            <html_marker tag="span">
              <attr name="class" val="copyright" />
            </html_marker>
          </marker_def><marker_def id="1" type="html">
            <html_marker tag="a">
              <attr name="target" val="_blank" />
              <attr name="href" val="http://www.icanlocalize.com" />
            </html_marker>
          </marker_def>
        </ta_sentence><ta_sentence do_translation="yes" encoding="utf-8" format="1" id="1631" original_language="English">
          <space_before />
          <space_after />
          <text_data language="German">
            <text from_TM="False" rev_id="13" status="New" time="1222355938">&#169; OnTheGoSystems,INC. 2003-2008</text>
            <marker end="21" id="0" start="2" />
            <marker end="31" id="-1" start="-1" />
          </text_data><text_data language="Spanish">
            <text from_TM="False" rev_id="11" status="Complete" time="1222354203">Spanish : ystems,INC. 2003-2008</text>
            <marker end="21" id="0" start="2" />
            <marker end="31" id="-1" start="-1" />
          </text_data><text_data language="English">
            <text from_TM="False" rev_id="11" status="Complete" time="1222354203">&#169; OnTheGoSystems,INC. 2003-2008</text>
            <marker end="21" id="0" start="2" />
            <marker end="31" id="-1" start="-1" />
          </text_data><marker_def id="0" type="html">
            <html_marker tag="a">
              <attr name="href" val="http://www.onthegosystems.com/" />
              <attr name="target" val="_blank" />
            </html_marker>
          </marker_def><marker_def id="-1" type="html">
            <html_marker tag="span" />
          </marker_def>
        </ta_sentence>
      </sentences><html_output_change_data_3 />
    </translation>
  </ta_buffer><ta_buffer encoding="utf-8" format="1" manual="False" original_language="English" source_file="/dma_setting_nt.htm" type="html">
    <extractor>
      <marked_file MD5="801ef6a93cfcaabe163de7c816b9bbfa" encoding="zlib-hex">789ced3c6b6fdb38b69fbbc0fe078e8b99b6681c27e97b9ab8c8a3dd06b79d06d3cc760b5c20a025cae64612352415d7fb617ffb9e734849942d2b763b3bf77e68d136964c1e9ef78b640e7f38fb707af9f9e2357b7bf9fe1dbbf8ede4ddf9291b0c47a34f8f4e47a3b3cb33f7c5e3ddbd7d76a9796ea4952ae7e968f4fa97c1f8af7f399cd92c859f8c1dce048fe9137cb6d2a662fcefbbf8e7f2f8eaf2fcf2ddebbbaf733e49053b7b7fcc32150b2673f649e6b19a1bf68f0b1cf9efc3919be8a164c27236b3b6188adf4b7973343855b915b91d5e2e0a3160917b3a1a58f1c58e1091972c9a716d843dc255f1f3153c5c655c5f0b7d7750c14d657ecd665a2447036317a930bb913103a6455abd98096107ccc2321e3a0e80e944e8c8534a0f13152f6aaa89beb98cedec68f0ece9de804d948e853e1ac0479eca697e34880063a1017991a6058f63994fe96b7c36058ffcb30709407f180e9955059bf03c179a151336115360dd70e851e8fe7368f598adff1a07c46c26e474060c7c82ccc4e573fa3c99c29302b4ef1eec3f7b727c3670923c94d994191d1d0d64c6a7c28c26692900b5dda94c903e00f421bf9c89bfa98f2a01f6858c68561a57928ec73dd88f00fd5ee23a90bc8ddc313b8ce5cd9220e0e508de8e6f41c80138e45e6d7647214f022987ec31194fd3abb998dcc2a0fd90414f0f6a0ef10d91da685007e58e00943a8b526eccd1e01254fd521583f1c54c59c54e78745d1687231ce2919a6837ad6f3d5a33046bf9144c4e0058ad12610c79107626a7d2c2cf702d0623a69a672c51ba720eadf5b790d5b76ad8d79a4f8fb14c94b52afbf3eca5c379883c76aee34efd65ce6fe494a35f0f5d0b722024f260c949dc786d72340d3a35aced111f3fff268f784824224a5ead329197b08011a988ac882bc687360aea14979135684c211f57a12ccf06cdcb53c5e35d882b83f1997ffa0a409372e1609c948bed67638ce39175104eddc3f6504c59144a7b281fddc30a145421f80f25360eecccab5697b604bae4cce58eb38bd018da2ab0bfb7f7634b079684bcac0408bb065e41f74e4515e8545291d84f83cadabbc780867c3ab9654cae60d4ffa3311aad2e18e3c570c75bbb9792fbb2faae2d858ae5830a7221bf88749f5e3780db63d1f554860d8884a9c01bfa83f1f21b24fa7450d1e09d138aef1607740b3e30b05813ca86272a8d6b2700f966a2d604b3da520a0c4657130a46642e2d78bff09be5d8c87b604dae5a5e641554e5567ac1a81ba16fa498af81f1c17fdd0b63227291486bd6c07823b82db530fde4106b30275e07c67b1611b3374a67dcf6c303bc31135807eceffe6bf6561aabf46203dc9cd8ae52b106e4f14495b69d6fbc7bbd39dc99488b11e424e20bc24fbb6491a3e9b2f73c2f79da0b18d201351dbd3210b98048191f3de900f78b80d28883933dce7355e69100f7bec454f4dbc506360015938c20d92a8d30b7d9802797685f279d631dcde48d682771fdf2567aca73f92fd10fd849e7831fabfbb5da21cacb58aa35e0bc988f71083b3debc730e3d7e2aa167007b473fc8ebdfe021a09ee6c131f10c5579352e7307a0dc8d33376e2067c955c7f33222953726d6871a04bcbd2fdeb5fbaf3d199d022c8443fab92712d18beaed1c40798e773d05544d07b37e917d5f7c817acf0df4385bf8a8a27aa23826c90fdada69c4de47afc7c6ddeadd4353600ae4ab35be4534fee897fcbec4c1a56c0c89ae858a43292aa3461ea4d1545255f902ef50a7295a83455f3811736b62a7e1e8d00c02e42d82dcda850c6be2a757a84dffdf8e8f8c78337f0773e9fef422e3713536520f5df8d54066fe38c63bb0255eb2aa764ed279e152fa92572e49a270f81b50fb179f250e60f7d7df4f01f170366b99e0aa0eb6a92f2fcbacb102a8255de56d600db764ad84e088bf14ff9c4142f51822b79e172146f12c3ae74e5abd393272f9ead4f4ff6df3c7bf3e2dbf2cd95ecc46a2ed35bd2933ad9dd6fe3b6ce6ea1be2681b4ea94b72a13c87dc7e39fa6f6a5e7f6dabc64250d599eda6f8d2b99fd32a58d0897f3ef1691ee3576fff61dc16fd59cc58a9d038076b70f6082afc36876f6f733864e110ad258431031af3c4e00a38177e0e0b9984d566a4534cb298ae5ca8a6ace4133a76831da58588cebba2e9c8c2f114aaca212e3288b8589b49c0853cd676c06c8035303d45521b4630876248000f87f05ff1d700753582915c6309500b68279afcfd0bee7e85817e06021fa1e8e26e35d766e9b45651ea52520c3001d2172037225284d6f74b7fe7cb0b7b7c7c0474048035220835a3023339972ddc09b4b3b23140ccf4405741753b21acc8be72488eaf13d0c4bb1de48170d98582609b87f60d4dc0f432a647ea3d21b11ef7af617ab12fb34e316b1ab24ff6a5b49e1c4fb675243586199c820f7633c8a80b70f7cdf1850096406883390120540c891dc189496c57e35d0a0510e31b71c658b74275a6520fe1b19a1ecc0a00baead8c4a60e34e03d8aa2e8575b31af2fb49b9f49ad0cc6411cf9b3512c8ea48bb000901728371a4759a5d9c7f204afc52d446ff78429feede6dac8a63fc3124ee422b641212ae022a3c13588a118215522012a05ec410d21552a3545a08338dba62d5817d6e360c60613e009c15a0efbf9792f80acbb3d38bdf5869652aff45a6d289f179ee8c18b1de71423385107103bdb2186010f8d94aa4504c006fd0f14d35e4c0b1435911ab0ad72c344c9739a5581b4a0578db2c4b6c74f400639014cf48c405d548107f12316793854533459b00e5409e3ba1064a63f03de8ff124b802088f1c29b2c513f9f0960895ee032000da9673011bf0bc0218b4cafb1c968d6089934860cd5d4b5d864d12a79baccd1478010066808c51ce6624e18f9fca4db036dfffec61d1759e8433b2508fa9ff8b98eb00703a641dbabcf3e0e61f2d1197a9733c148a1219ad17c26ad18e2b4a1f59b176b56a654f17e9d0702c0a621d3eedab8e4c5cd1dac0cfa3ac25c0b687bca68de46a43d58435ad5505a915005e14557276683f97da9de12b33a97a872d0f68c5b3b4477d6ab6c4b2f0f96f4f6c04f6ec85897036d12d75a8d873aeaf3d508465985de011781c68dfed0a521e0ee6db318784c708314282848f990d01d30c0fd926d2ebb1aef61283b81cca34c634c2fc2456c10c2102f84d0a0532fdbb92a255c7399a62e4e112c5c5598361ddef3234c83f0e70a0a1599bbb51bd70f3ec9397e5e1450a3916785008e11210497c91cec22655a9a6b9c93406a8b7e10565972a524ce5a9902b50dcb964ad1be594dfb95ff569bebf1189b3bbc89cdbed5e36de803fe58e49d4fdb08fbad9dda2d2ebc9eb7ac149b86cea0946ac5ee8faed66730a4cfc828e1a9cc6cdb5c3ab47bf0293259b8fc04ecbd5a0a8dcda0b5556bec30ca21f12c450e29a3b4ad84b219e59a1f88bb817cc38aa22b51e9c5ee43219c91cfe01da59dbeff01d5074fd5342883bafd8bc25a13f34a28c1484322f00bd70db29079dd83c2effd02942f2b4a8b0dc5c9f81e394cd7b862f0f585465e5b89ad51a8ceba8858daaba45322d830d490150d210afcccf6363811406ae1b46214677cbfa5cc07fbcf1a6d3e78fcd4ab33f2bbe28a2be6d051db5ac90334277a43be370c820225df01492b0532444920bbde7a69385e81c213bf88b56c85b767940263cf1b4874ecf51c5c8342f73184cdb976d0e2dae3fd170dd71e3f7ff65fe4da6b0ed1b865a510dd7083568321b8441b4235b0e4fcec353bbe3c1ec1bf8bf366043167b7c57bd078d47aa83826e056c036e72a184f5649965a69ef0e1388842bf1e78155aed4a59b9184f5a923250566015d6070b842bb2aa3ea15becd702f95b4a4c19154c3ad0e55942920224b4cb2b07292b6d36a5b1c602e279b087425bef42b0d70131c50bda85f53534b20581b1741feaca28b34f5aba10fd24be54ca582fbdd154a7f7fe92ce024caba69b56d0ca24f75be029c33ce8ec9b705c32e78a73fffefb6285c68b061bdd876dade1f80edd99f86edfe1f80edebedb1fd28403de2ff23eebef913f15dcbdfce84acd7dfbd532ac80ea849e8635ecbf05ce06b396278205727be14f80392a249d02ca5d888b146b97ce6fec307cc409463392081ae6c8d2bfce87210dffac399948e901a32c44205be0dbe32150f19e28b095a2e521c57178b0e67e3c246e80d7d86b48433220cb46c900ffd9772a047ed68fee84910cdf79f6c16cd8b762ba81b315f93f5aac7dfc2c6a9aa75e338bec1ba3cae70307562b4439c6b3a817572cde63c6fe7cd3097dd6ff2a53d84818976f36a1f5f3dd8a5a828bef0aca8e322104b4d5e6e5bdae02237383a8255e7f128c1f30f2059482832daf8c12d87c304548335f5da1efc81326732feac4a6f87be010073a04ec05987239c34f6db2fcae57b200b99307e0355355a1ef1c231d7d5052d164230acb719bc8235e7bf13543d80dcea55868a7b5f060497a6e4299024cd834d52f4bec0b8b97a3e6eabe7dee3403d9f6ca89e5f956c5262be6cacc0fe0fffe3c45931d57557cc35291d7034d03d1caec544294b1e62c5ef99badc22e15a7e0d7a972420a34e5ff5b96911b96e4ee5d3364f378f13104d90ac016aae00de59ad80fd52d40aca4a706d0937d6e79be0e54c99097adf80a3ed376ae0abb9d01db885cc6fef56254ec563254c7ecfd2a25b6f5b05a6598e9bcd3bb2c3c351b97246a41a1d0cd5b8d760491ad5fe0fe3c83310147cc341d2905b66851b026972634c330e3c739dae2ee935cb9d7b5a673c867f0554e022de0991208dca95056c2c760a61a57a15c022afb44ce6c66a3a5747ca0685b851fd4bbf9791a6030f2440196360255c38333c11d31298b9035a6059c6f305d2070312491e164625ee941a4e4e4a53eff7ac2534687d6474220b9c079428c292b2b92d45dfca407a2257bc9539120683c9a9daba4042bd73d6d4bf6ccb30b182896c08c53d24521b4bfa4f7051926b3284cf1e338bdb451db87bf104d61deeec1212a5f171c95b7be73a1f12e06ba90d3083ac014b53928c16a07658a0a62263c4f6a005d45ac7696f5b79a75c76ee0736e82281195fd44eab520dd67d00720c1e57e89c5be4e6f2263b9e8320fac35617a86765d711475e5448c362a0e2405f0be73e6cb774772d8f700c1c2a526eb1cb6ffafcc147059eedbe06721e788f689c757b2118724f4876d0b3eb6efa273bde7da07e3be50dc3f392cbd52870347ca7b5e816a888afd957ef56fb523c5d04d0821d84581a2aa6718166a7bad77ed02db96f69354223915f60f5a52550556a13a5152813ae53f54ee095c48bb49c12222008d0384216fd4bc8130c032e1fa3a4186d0fe325ac901353fc998ff5fb1d9477a9282ad179c14c4e9bbe412288d782585e6613d76f593a4ad26cc92bc24e67a8d91dd10c3bcf9c4ec7dcb251db15f620c527cfe4fac0fe10a73b98e930e0a86ecd651d0fdcefb87784c6efbbc1df7783bfef06b77783678faa4d18280af0cc5963484386878da1f2d17486a7323d3a7993c30f3a5d5d99d9a38db798cfc12fe2a11d702b75ca335574c464a655399d3983af56abab7e1ce11a080a5bbce86873e19ab0e89e762887e095f9bbb87a2d446170ef2bba7687deb09058173d3df29b1f67f4e031ff007d8eeb63758e7d337727a03b92006a3925254450c0d95ccc31a2b97dad98c87731805c366d8bc31a993ff16365569fda5ba9759624fc51a0c85c6ee64fc673e313e57bb4ad45af81cbc47fdcee720e7f7b116fc343a8befdd6bec38f16af10048e9e9e99ea809b69106673d1423981a202c3da32eefdb2ae1257bf346a127a35481a217b0589fa734f089ce53cc3d09740c4c36c076414e35180de84984a91ea4e414bad21fc99424412cba5745266ae73d2bef791415e6ae19f6143571f5c57143bc0821bb95c432ec9fc5711d596eb8e1486e21fb2df4b28d9d385eb1a02b874b1bdb07f85fc54423602bcf2c4ad2c5425675381b5c4c2638e24bb13777d7d478463679089e45038d64757fd4a61274113ad9da0b6d1472a13a6ae88c9aadd1b47524b35412f474e27e9c01f4c8a54b170b3700144a95319d788ea93b877e38bd729965cb0a410cc5f40fa617bb19c29e43879c82a0bf5c569cdc4486599d0a4847e9d57a8bae80ce622c5c3805509df7b89a9c5437f5b09740bf703c1b805a8177211c9e964c0ad27a2151e41c41c1ff2c81db6f6eadab87a622b32a5206239147e88b93fcfd09156fe10ec427d3f7df3fdf4cd1f76faa6a3066a9db8695fa175f7635ba09a21dbdc4ce9be741bde90f7b3dd6d25bc18185e420e6eec37a8d43425500883135ff94d1f9d97ec836b49dd37dffdd510d7a31fb2f0b1b178c0159bf0ee769ef73dfe9d33fa1548d5ef1b580771d32b2bbd78999996f9f55521237f7b9d9ed9858c368580bfedc55ce5fcc601f85518704e91d88233daa22d543c714f9bcea67b9e83f109fc685df03bc4cb27857546e72f8ee1b5b0a952d3540c3914dd0b2b238377c346256562bbff34addf49f34f7ec31d14542bf7a986bb66dc5509d99765476cf0dbf1f0c9d3c72ff69e0cf7072fdd029798cb0b7dffc1cb1a9c53acf0121346627f39dd1def1413033e0242b1017da533ed3c3729c756896b17022f96afa7b5eecb21d91252ba54419201c91c923c189f9ff2fc9d7f03cc3d4e20d0c554b17df22b5efa85e8d2e3f21dcc9f10cf974d440bd6aa6ede2da056ca1c83572ed08dabdfcce106ed9cff72ba4be1ee606fefd110fe7bdef16b4902cbad3d109ab7ff1d418723ffcb92fe035b110d23</marked_file>
      <paragraph_indexes count="124">94 138 552 628 828 918 1021 1067 1076 1195 1365 1444 1742 1772 1804 1845 1877 1907 1939 1977 2009 2047 2760 2808 2817 2884 2893 2955 2964 3023 3032 3091 3100 3171 3180 3247 3256 3335 3344 3424 3433 3512 3532 3580 3589 3667 3676 3749 3758 3829 3838 3912 3921 3984 4004 4058 4069 4136 4141 4197 4301 4383 4401 4597 4606 4626 4956 5107 5197 5255 5277 5307 5350 5690 5711 5733 5776 5945 5979 6052 6066 6230 6244 6351 6385 6567 6588 6644 6871 6951 7089 7170 7528 7637 7651 7755 7769 7922 8136 8217 8325 8407 8568 8625 8668 8784 8826 8875 8889 8981 9038 9148 9202 9303 9348 9458 9512 9681 9723 9825 9839 9950 10054 10078 10121 10157 10200 10218 10280 10288 10331 10343 10386 10392 10454 10462 10505 10517 10560 10566 10628 10636 10679 10693 10736 10742 10804 10812 10855 10869 10912 10918 10987 11116 11130 11301 11346 11456 11530 11960 12017 12127 12181 12312 12326 12352 12394 12508 12541 12572 12615 12652 12661 12758 12772 12881 12895 12991 13005 13110 13124 13198 13212 13302 13316 13414 13428 13588 13602 13615 13657 13692 13701 13770 13784 13942 13956 14035 14049 14139 14153 14250 14324 14391 14565 14645 14783 14864 15201 15262 15307 15442 15456 15552 15566 15660 15683 15745 15790 15934 15948 16031 16045 16160 16183 16238 16283 16356 16370 16431 16445 16587 16610 16645 16690 16844 16888 17008 17222 17303 17411 17493 17864 18289 18465 18636 18645 18754 </paragraph_indexes>
      <support_files>
        <file type="todo">images/bluebottom.gif</file>
        <file type="todo">images/bluetop.gif</file>
        <file type="todo">images/bookmark_us.png</file>
        <file type="todo">images/bottomwhite.gif</file>
        <file type="todo">images/bottomwhite2.gif</file>
        <file type="todo">images/corners/white-left-btm.gif</file>
        <file type="todo">images/corners/white-left-tp.gif</file>
        <file type="todo">images/corners/white-right-btm.gif</file>
        <file type="todo">images/corners/white-right-tp.gif</file>
        <file type="todo">images/here.gif</file>
        <file type="todo">images/menutabA1.gif</file>
        <file type="todo">images/menutabB1.gif</file>
        <file type="todo">images/photobackup/1bckgrnd.gif</file>
        <file type="todo">images/photobackup/2bckgrnd.gif</file>
        <file type="todo">images/photobackup/3bckgrnd.gif</file>
        <file type="todo">images/photobackup/dma1.gif</file>
        <file type="todo">images/photobackup/dma2.gif</file>
        <file type="todo">images/photobackup/dma3.gif</file>
        <file type="todo">images/photobackup/dma4.gif</file>
        <file type="todo">images/small_web.gif</file>
        <file type="todo">images/topline1.gif</file>
        <file type="todo">images/topline2.gif</file>
        <file type="todo">images/topline2WB.gif</file>
        <file type="todo">images/toplineL.gif</file>
        <file type="todo">images/toplineLW.gif</file>
        <file type="todo">images/toplineR.gif</file>
        <file type="todo">images/topwhite2.gif</file>
        <file type="todo">styles.css</file>
      </support_files>
    </extractor><translation>
      <languages>
        <language reviewed="False">Spanish</language>
        <language reviewed="False">German</language>
      </languages><sentences count="124">
        <ta_sentence do_translation="yes" encoding="utf-8" format="1" id="1885" original_language="English" type="title">
          <space_before />
          <space_after />
          <text_data language="German">
            <text from_TM="False" rev_id="13" status="New" time="1222355938">Enable DMA mode in Windows XP</text>
          </text_data><text_data language="Spanish">
            <text from_TM="False" rev_id="11" status="Complete" time="1222354203">Spanish :  mode in Windows XP</text>
          </text_data><text_data language="English">
            <text from_TM="False" rev_id="11" status="Complete" time="1222354203">Enable DMA mode in Windows XP</text>
          </text_data>
        </ta_sentence><ta_sentence do_translation="yes" encoding="utf-8" format="1" id="1886" original_language="English">
          <space_before />
          <space_after />
          <text_data language="German">
            <text from_TM="False" rev_id="13" status="New" time="1222355938">OnTheGoSoft</text>
            <marker end="11" id="0" start="0" />
          </text_data><text_data language="Spanish">
            <text from_TM="False" rev_id="11" status="Complete" time="1222354203">Spanish : t</text>
            <marker end="11" id="0" start="0" />
          </text_data><text_data language="English">
            <text from_TM="False" rev_id="11" status="Complete" time="1222354203">OnTheGoSoft</text>
            <marker end="11" id="0" start="0" />
          </text_data><marker_def id="0" type="html">
            <html_marker tag="img">
              <attr name="src" val="images/bluetop.gif" />
              <attr name="alt" val="OnTheGoSoft" />
              <attr name="width" val="760" />
              <attr name="height" val="5" />
            </html_marker>
          </marker_def>
        </ta_sentence><ta_sentence do_translation="yes" encoding="utf-8" format="1" id="1887" original_language="English">
          <space_before />
          <space_after />
          <text_data language="German">
            <text from_TM="False" rev_id="13" status="New" time="1222355938">OnTheGoSoft</text>
            <marker end="11" id="0" start="0" />
          </text_data><text_data language="Spanish">
            <text from_TM="False" rev_id="11" status="Complete" time="1222354203">Spanish : t</text>
            <marker end="11" id="0" start="0" />
          </text_data><text_data language="English">
            <text from_TM="False" rev_id="11" status="Complete" time="1222354203">OnTheGoSoft</text>
            <marker end="11" id="0" start="0" />
          </text_data><marker_def id="0" type="html">
            <html_marker tag="img">
              <attr name="border" val="0" />
              <attr name="src" val="images/small_web.gif" />
              <attr name="alt" val="OnTheGoSoft" />
              <attr name="width" val="160" />
              <attr name="height" val="62" />
            </html_marker>
          </marker_def>
        </ta_sentence><ta_sentence do_translation="yes" encoding="utf-8" format="1" id="1888" original_language="English">
          <space_before />
          <space_after />
          <text_data language="German">
            <text from_TM="False" rev_id="13" status="New" time="1222355938">Photo Backup</text>
            <marker end="12" id="0" start="0" />
          </text_data><text_data language="Spanish">
            <text from_TM="False" rev_id="11" status="Complete" time="1222354203">Spanish : up</text>
            <marker end="12" id="0" start="0" />
          </text_data><text_data language="English">
            <text from_TM="False" rev_id="11" status="Complete" time="1222354203">Photo Backup</text>
            <marker end="12" id="0" start="0" />
          </text_data><marker_def id="0" type="html">
            <html_marker tag="span">
              <attr name="class" val="TextTop" />
            </html_marker>
          </marker_def>
        </ta_sentence><ta_sentence do_translation="yes" encoding="utf-8" format="1" id="1889" original_language="English">
          <space_before> </space_before>
          <space_after />
          <text_data language="German">
            <text from_TM="False" rev_id="13" status="New" time="1222355938">Professional Digital Photo Backup Program for Windows</text>
            <marker end="53" id="0" start="0" />
          </text_data><text_data language="Spanish">
            <text from_TM="False" rev_id="11" status="Complete" time="1222354203">Spanish : al Digital Photo Backup Program for Windows</text>
            <marker end="53" id="0" start="0" />
          </text_data><text_data language="English">
            <text from_TM="False" rev_id="11" status="Complete" time="1222354203">Professional Digital Photo Backup Program for Windows</text>
            <marker end="53" id="0" start="0" />
          </text_data><marker_def id="0" type="html">
            <html_marker tag="span">
              <attr name="class" val="tagline" />
            </html_marker>
          </marker_def>
        </ta_sentence><ta_sentence do_translation="yes" encoding="utf-8" format="1" id="1890" original_language="English">
          <space_before />
          <space_after />
          <text_data language="German">
            <text from_TM="False" rev_id="13" status="New" time="1222355938">OnTheGoSoft</text>
            <marker end="11" id="0" start="0" />
          </text_data><text_data language="Spanish">
            <text from_TM="False" rev_id="11" status="Complete" time="1222354203">Spanish : t</text>
            <marker end="11" id="0" start="0" />
          </text_data><text_data language="English">
            <text from_TM="False" rev_id="11" status="Complete" time="1222354203">OnTheGoSoft</text>
            <marker end="11" id="0" start="0" />
          </text_data><marker_def id="0" type="html">
            <html_marker tag="img">
              <attr name="src" val="images/bluebottom.gif" />
              <attr name="alt" val="OnTheGoSoft" />
              <attr name="width" val="760" />
              <attr name="height" val="5" />
            </html_marker>
          </marker_def>
        </ta_sentence><ta_sentence do_translation="yes" encoding="utf-8" format="1" id="1891" original_language="English">
          <space_before />
          <space_after />
          <text_data language="German">
            <text from_TM="False" rev_id="13" status="New" time="1222355938">Products</text>
            <marker end="8" id="0" start="0" />
          </text_data><text_data language="Spanish">
            <text from_TM="False" rev_id="11" status="Complete" time="1222354203">Spanish : </text>
            <marker end="8" id="0" start="0" />
          </text_data><text_data language="English">
            <text from_TM="False" rev_id="11" status="Complete" time="1222354203">Products</text>
            <marker end="8" id="0" start="0" />
          </text_data><marker_def id="0" type="html">
            <html_marker tag="a">
              <attr name="href" val="./" />
            </html_marker>
          </marker_def>
        </ta_sentence><ta_sentence do_translation="yes" encoding="utf-8" format="1" id="1892" original_language="English">
          <space_before />
          <space_after />
          <text_data language="German">
            <text from_TM="False" rev_id="13" status="New" time="1222355938">Downloads</text>
            <marker end="9" id="0" start="0" />
          </text_data><text_data language="Spanish">
            <text from_TM="False" rev_id="11" status="Complete" time="1222354203">Spanish : </text>
            <marker end="9" id="0" start="0" />
          </text_data><text_data language="English">
            <text from_TM="False" rev_id="11" status="Complete" time="1222354203">Downloads</text>
            <marker end="9" id="0" start="0" />
          </text_data><marker_def id="0" type="html">
            <html_marker tag="a">
              <attr name="href" val="download.htm" />
            </html_marker>
          </marker_def>
        </ta_sentence><ta_sentence do_translation="yes" encoding="utf-8" format="1" id="1893" original_language="English">
          <space_before />
          <space_after />
          <text_data language="German">
            <text from_TM="False" rev_id="13" status="New" time="1222355938">Buy</text>
            <marker end="3" id="0" start="0" />
          </text_data><text_data language="Spanish">
            <text from_TM="False" rev_id="11" status="Complete" time="1222354203">Spanish : </text>
            <marker end="3" id="0" start="0" />
          </text_data><text_data language="English">
            <text from_TM="False" rev_id="11" status="Complete" time="1222354203">Buy</text>
            <marker end="3" id="0" start="0" />
          </text_data><marker_def id="0" type="html">
            <html_marker tag="a">
              <attr name="href" val="buy.htm" />
            </html_marker>
          </marker_def>
        </ta_sentence><ta_sentence do_translation="yes" encoding="utf-8" format="1" id="1894" original_language="English">
          <space_before />
          <space_after />
          <text_data language="German">
            <text from_TM="False" rev_id="13" status="New" time="1222355938">Contact</text>
            <marker end="7" id="0" start="0" />
          </text_data><text_data language="Spanish">
            <text from_TM="False" rev_id="11" status="Complete" time="1222354203">Spanish : </text>
            <marker end="7" id="0" start="0" />
          </text_data><text_data language="English">
            <text from_TM="False" rev_id="11" status="Complete" time="1222354203">Contact</text>
            <marker end="7" id="0" start="0" />
          </text_data><marker_def id="0" type="html">
            <html_marker tag="a">
              <attr name="href" val="contact.htm" />
            </html_marker>
          </marker_def>
        </ta_sentence><ta_sentence do_translation="yes" encoding="utf-8" format="1" id="1895" original_language="English">
          <space_before />
          <space_after />
          <text_data language="German">
            <text from_TM="False" rev_id="13" status="New" time="1222355938">Support</text>
            <marker end="7" id="0" start="0" />
          </text_data><text_data language="Spanish">
            <text from_TM="False" rev_id="11" status="Complete" time="1222354203">Spanish : </text>
            <marker end="7" id="0" start="0" />
          </text_data><text_data language="English">
            <text from_TM="False" rev_id="11" status="Complete" time="1222354203">Support</text>
            <marker end="7" id="0" start="0" />
          </text_data><marker_def id="0" type="html">
            <html_marker tag="a">
              <attr name="href" val="support.htm" />
            </html_marker>
          </marker_def>
        </ta_sentence><ta_sentence do_translation="yes" encoding="utf-8" format="1" id="1896" original_language="English">
          <space_before />
          <space_after />
          <text_data language="German">
            <text from_TM="False" rev_id="13" status="New" time="1222355938">Product info</text>
            <marker end="12" id="0" start="0" />
          </text_data><text_data language="Spanish">
            <text from_TM="False" rev_id="11" status="Complete" time="1222354203">Spanish : fo</text>
            <marker end="12" id="0" start="0" />
          </text_data><text_data language="English">
            <text from_TM="False" rev_id="11" status="Complete" time="1222354203">Product info</text>
            <marker end="12" id="0" start="0" />
          </text_data><marker_def id="0" type="html">
            <html_marker tag="span">
              <attr name="class" val="Text-Bold" />
            </html_marker>
          </marker_def>
        </ta_sentence><ta_sentence do_translation="yes" encoding="utf-8" format="1" id="1897" original_language="English">
          <space_before> </space_before>
          <space_after />
          <text_data language="German">
            <text from_TM="False" rev_id="13" status="New" time="1222355938">Photo Backup</text>
            <marker end="12" id="0" start="0" />
          </text_data><text_data language="Spanish">
            <text from_TM="False" rev_id="11" status="Complete" time="1222354203">Spanish : up</text>
            <marker end="12" id="0" start="0" />
          </text_data><text_data language="English">
            <text from_TM="False" rev_id="11" status="Complete" time="1222354203">Photo Backup</text>
            <marker end="12" id="0" start="0" />
          </text_data><marker_def id="0" type="html">
            <html_marker tag="a">
              <attr name="href" val="photo_backup.htm" />
              <attr name="class" val="Text-Nav" />
            </html_marker>
          </marker_def>
        </ta_sentence><ta_sentence do_translation="yes" encoding="utf-8" format="1" id="1898" original_language="English">
          <space_before> </space_before>
          <space_after />
          <text_data language="German">
            <text from_TM="False" rev_id="13" status="New" time="1222355938">Download</text>
            <marker end="8" id="0" start="0" />
          </text_data><text_data language="Spanish">
            <text from_TM="False" rev_id="11" status="Complete" time="1222354203">Spanish : </text>
            <marker end="8" id="0" start="0" />
          </text_data><text_data language="English">
            <text from_TM="False" rev_id="11" status="Complete" time="1222354203">Download</text>
            <marker end="8" id="0" start="0" />
          </text_data><marker_def id="0" type="html">
            <html_marker tag="a">
              <attr name="href" val="pb_download.htm" />
              <attr name="class" val="Text-Nav" />
            </html_marker>
          </marker_def>
        </ta_sentence><ta_sentence do_translation="yes" encoding="utf-8" format="1" id="1899" original_language="English">
          <space_before> </space_before>
          <space_after />
          <text_data language="German">
            <text from_TM="False" rev_id="13" status="New" time="1222355938">Overview</text>
            <marker end="8" id="0" start="0" />
          </text_data><text_data language="Spanish">
            <text from_TM="False" rev_id="11" status="Complete" time="1222354203">Spanish : </text>
            <marker end="8" id="0" start="0" />
          </text_data><text_data language="English">
            <text from_TM="False" rev_id="11" status="Complete" time="1222354203">Overview</text>
            <marker end="8" id="0" start="0" />
          </text_data><marker_def id="0" type="html">
            <html_marker tag="a">
              <attr name="href" val="overview.htm" />
              <attr name="class" val="Text-Nav" />
            </html_marker>
          </marker_def>
        </ta_sentence><ta_sentence do_translation="yes" encoding="utf-8" format="1" id="1900" original_language="English">
          <space_before> </space_before>
          <space_after />
          <text_data language="German">
            <text from_TM="False" rev_id="13" status="New" time="1222355938">Features</text>
            <marker end="8" id="0" start="0" />
          </text_data><text_data language="Spanish">
            <text from_TM="False" rev_id="11" status="Complete" time="1222354203">Spanish : </text>
            <marker end="8" id="0" start="0" />
          </text_data><text_data language="English">
            <text from_TM="False" rev_id="11" status="Complete" time="1222354203">Features</text>
            <marker end="8" id="0" start="0" />
          </text_data><marker_def id="0" type="html">
            <html_marker tag="a">
              <attr name="href" val="benefits.htm" />
              <attr name="class" val="Text-Nav" />
            </html_marker>
          </marker_def>
        </ta_sentence><ta_sentence do_translation="yes" encoding="utf-8" format="1" id="1901" original_language="English">
          <space_before> </space_before>
          <space_after />
          <text_data language="German">
            <text from_TM="False" rev_id="13" status="New" time="1222355938">Supported Formats</text>
            <marker end="17" id="0" start="0" />
          </text_data><text_data language="Spanish">
            <text from_TM="False" rev_id="11" status="Complete" time="1222354203">Spanish : Formats</text>
            <marker end="17" id="0" start="0" />
          </text_data><text_data language="English">
            <text from_TM="False" rev_id="11" status="Complete" time="1222354203">Supported Formats</text>
            <marker end="17" id="0" start="0" />
          </text_data><marker_def id="0" type="html">
            <html_marker tag="a">
              <attr name="href" val="photo_types.htm" />
              <attr name="class" val="Text-Nav" />
            </html_marker>
          </marker_def>
        </ta_sentence><ta_sentence do_translation="yes" encoding="utf-8" format="1" id="1902" original_language="English">
          <space_before> </space_before>
          <space_after />
          <text_data language="German">
            <text from_TM="False" rev_id="13" status="New" time="1222355938">Versions History</text>
            <marker end="16" id="0" start="0" />
          </text_data><text_data language="Spanish">
            <text from_TM="False" rev_id="11" status="Complete" time="1222354203">Spanish : istory</text>
            <marker end="16" id="0" start="0" />
          </text_data><text_data language="English">
            <text from_TM="False" rev_id="11" status="Complete" time="1222354203">Versions History</text>
            <marker end="16" id="0" start="0" />
          </text_data><marker_def id="0" type="html">
            <html_marker tag="a">
              <attr name="href" val="versions.htm" />
              <attr name="class" val="Text-Nav" />
            </html_marker>
          </marker_def>
        </ta_sentence><ta_sentence do_translation="yes" encoding="utf-8" format="1" id="1903" original_language="English">
          <space_before> </space_before>
          <space_after />
          <text_data language="German">
            <text from_TM="False" rev_id="13" status="New" time="1222355938">About Photo Backup LE</text>
            <marker end="21" id="0" start="0" />
          </text_data><text_data language="Spanish">
            <text from_TM="False" rev_id="11" status="Complete" time="1222354203">Spanish : o Backup LE</text>
            <marker end="21" id="0" start="0" />
          </text_data><text_data language="English">
            <text from_TM="False" rev_id="11" status="Complete" time="1222354203">About Photo Backup LE</text>
            <marker end="21" id="0" start="0" />
          </text_data><marker_def id="0" type="html">
            <html_marker tag="a">
              <attr name="href" val="photo_backup_le.htm" />
              <attr name="class" val="Text-Nav" />
            </html_marker>
          </marker_def>
        </ta_sentence><ta_sentence do_translation="yes" encoding="utf-8" format="1" id="1904" original_language="English">
          <space_before> </space_before>
          <space_after />
          <text_data language="German">
            <text from_TM="False" rev_id="13" status="New" time="1222355938">Online Manual</text>
            <marker end="13" id="0" start="0" />
          </text_data><text_data language="Spanish">
            <text from_TM="False" rev_id="11" status="Complete" time="1222354203">Spanish : ual</text>
            <marker end="13" id="0" start="0" />
          </text_data><text_data language="English">
            <text from_TM="False" rev_id="11" status="Complete" time="1222354203">Online Manual</text>
            <marker end="13" id="0" start="0" />
          </text_data><marker_def id="0" type="html">
            <html_marker tag="a">
              <attr name="href" val="photo_backup_help/index.html" />
              <attr name="class" val="Text-Nav" />
            </html_marker>
          </marker_def>
        </ta_sentence><ta_sentence do_translation="yes" encoding="utf-8" format="1" id="1905" original_language="English">
          <space_before> </space_before>
          <space_after />
          <text_data language="German">
            <text from_TM="False" rev_id="13" status="New" time="1222355938">News and Announcements</text>
            <marker end="22" id="0" start="0" />
          </text_data><text_data language="Spanish">
            <text from_TM="False" rev_id="11" status="Complete" time="1222354203">Spanish : nnouncements</text>
            <marker end="22" id="0" start="0" />
          </text_data><text_data language="English">
            <text from_TM="False" rev_id="11" status="Complete" time="1222354203">News and Announcements</text>
            <marker end="22" id="0" start="0" />
          </text_data><marker_def id="0" type="html">
            <html_marker tag="a">
              <attr name="href" val="/blog/?sectionid=5" />
              <attr name="class" val="Text-Nav" />
            </html_marker>
          </marker_def>
        </ta_sentence><ta_sentence do_translation="yes" encoding="utf-8" format="1" id="1906" original_language="English">
          <space_before />
          <space_after />
          <text_data language="German">
            <text from_TM="False" rev_id="13" status="New" time="1222355938">Typical uses</text>
            <marker end="12" id="0" start="0" />
          </text_data><text_data language="Spanish">
            <text from_TM="False" rev_id="11" status="Complete" time="1222354203">Spanish : es</text>
            <marker end="12" id="0" start="0" />
          </text_data><text_data language="English">
            <text from_TM="False" rev_id="11" status="Complete" time="1222354203">Typical uses</text>
            <marker end="12" id="0" start="0" />
          </text_data><marker_def id="0" type="html">
            <html_marker tag="span">
              <attr name="class" val="Text-Bold" />
            </html_marker>
          </marker_def>
        </ta_sentence><ta_sentence do_translation="yes" encoding="utf-8" format="1" id="1907" original_language="English">
          <space_before> </space_before>
          <space_after />
          <text_data language="German">
            <text from_TM="False" rev_id="13" status="New" time="1222355938">Archive Digital Photos</text>
            <marker end="22" id="0" start="0" />
          </text_data><text_data language="Spanish">
            <text from_TM="False" rev_id="11" status="Complete" time="1222354203">Spanish : gital Photos</text>
            <marker end="22" id="0" start="0" />
          </text_data><text_data language="English">
            <text from_TM="False" rev_id="11" status="Complete" time="1222354203">Archive Digital Photos</text>
            <marker end="22" id="0" start="0" />
          </text_data><marker_def id="0" type="html">
            <html_marker tag="a">
              <attr name="href" val="backup_photos.htm" />
              <attr name="class" val="Text-Nav" />
            </html_marker>
          </marker_def>
        </ta_sentence><ta_sentence do_translation="yes" encoding="utf-8" format="1" id="1908" original_language="English">
          <space_before> </space_before>
          <space_after />
          <text_data language="German">
            <text from_TM="False" rev_id="13" status="New" time="1222355938">Photo Organizer</text>
            <marker end="15" id="0" start="0" />
          </text_data><text_data language="Spanish">
            <text from_TM="False" rev_id="11" status="Complete" time="1222354203">Spanish : nizer</text>
            <marker end="15" id="0" start="0" />
          </text_data><text_data language="English">
            <text from_TM="False" rev_id="11" status="Complete" time="1222354203">Photo Organizer</text>
            <marker end="15" id="0" start="0" />
          </text_data><marker_def id="0" type="html">
            <html_marker tag="a">
              <attr name="href" val="organize_photos.htm" />
              <attr name="class" val="Text-Nav" />
            </html_marker>
          </marker_def>
        </ta_sentence><ta_sentence do_translation="yes" encoding="utf-8" format="1" id="1909" original_language="English">
          <space_before> </space_before>
          <space_after />
          <text_data language="German">
            <text from_TM="False" rev_id="13" status="New" time="1222355938">Backup Audio CDs</text>
            <marker end="16" id="0" start="0" />
          </text_data><text_data language="Spanish">
            <text from_TM="False" rev_id="11" status="Complete" time="1222354203">Spanish : io CDs</text>
            <marker end="16" id="0" start="0" />
          </text_data><text_data language="English">
            <text from_TM="False" rev_id="11" status="Complete" time="1222354203">Backup Audio CDs</text>
            <marker end="16" id="0" start="0" />
          </text_data><marker_def id="0" type="html">
            <html_marker tag="a">
              <attr name="href" val="backup_audio.htm" />
              <attr name="class" val="Text-Nav" />
            </html_marker>
          </marker_def>
        </ta_sentence><ta_sentence do_translation="yes" encoding="utf-8" format="1" id="1910" original_language="English">
          <space_before> </space_before>
          <space_after />
          <text_data language="German">
            <text from_TM="False" rev_id="13" status="New" time="1222355938">Index Existing Backup</text>
            <marker end="21" id="0" start="0" />
          </text_data><text_data language="Spanish">
            <text from_TM="False" rev_id="11" status="Complete" time="1222354203">Spanish : ting Backup</text>
            <marker end="21" id="0" start="0" />
          </text_data><text_data language="English">
            <text from_TM="False" rev_id="11" status="Complete" time="1222354203">Index Existing Backup</text>
            <marker end="21" id="0" start="0" />
          </text_data><marker_def id="0" type="html">
            <html_marker tag="a">
              <attr name="href" val="make_index.htm" />
              <attr name="class" val="Text-Nav" />
            </html_marker>
          </marker_def>
        </ta_sentence><ta_sentence do_translation="yes" encoding="utf-8" format="1" id="1911" original_language="English">
          <space_before> </space_before>
          <space_after />
          <text_data language="German">
            <text from_TM="False" rev_id="13" status="New" time="1222355938">CD Burning</text>
            <marker end="10" id="0" start="0" />
          </text_data><text_data language="Spanish">
            <text from_TM="False" rev_id="11" status="Complete" time="1222354203">Spanish : </text>
            <marker end="10" id="0" start="0" />
          </text_data><text_data language="English">
            <text from_TM="False" rev_id="11" status="Complete" time="1222354203">CD Burning</text>
            <marker end="10" id="0" start="0" />
          </text_data><marker_def id="0" type="html">
            <html_marker tag="a">
              <attr name="href" val="cd_burning.htm" />
              <attr name="class" val="Text-Nav" />
            </html_marker>
          </marker_def>
        </ta_sentence><ta_sentence do_translation="yes" encoding="utf-8" format="1" id="1912" original_language="English">
          <space_before />
          <space_after />
          <text_data language="German">
            <text from_TM="False" rev_id="13" status="New" time="1222355938">Useful information</text>
            <marker end="18" id="0" start="0" />
          </text_data><text_data language="Spanish">
            <text from_TM="False" rev_id="11" status="Complete" time="1222354203">Spanish : ormation</text>
            <marker end="18" id="0" start="0" />
          </text_data><text_data language="English">
            <text from_TM="False" rev_id="11" status="Complete" time="1222354203">Useful information</text>
            <marker end="18" id="0" start="0" />
          </text_data><marker_def id="0" type="html">
            <html_marker tag="span">
              <attr name="class" val="Text-Bold" />
            </html_marker>
          </marker_def>
        </ta_sentence><ta_sentence do_translation="yes" encoding="utf-8" format="1" id="1913" original_language="English">
          <space_before />
          <space_after />
          <text_data language="German">
            <text from_TM="False" rev_id="13" status="New" time="1222355938">You are here</text>
            <marker end="12" id="0" start="0" />
          </text_data><text_data language="Spanish">
            <text from_TM="False" rev_id="11" status="Complete" time="1222354203">Spanish : re</text>
            <marker end="12" id="0" start="0" />
          </text_data><text_data language="English">
            <text from_TM="False" rev_id="11" status="Complete" time="1222354203">You are here</text>
            <marker end="12" id="0" start="0" />
          </text_data><marker_def id="0" type="html">
            <html_marker tag="img">
              <attr name="src" val="images/here.gif" />
              <attr name="alt" val="You are here" />
              <attr name="class" val="hereimg" />
            </html_marker>
          </marker_def>
        </ta_sentence><ta_sentence do_translation="yes" encoding="utf-8" format="1" id="1914" original_language="English">
          <space_before />
          <space_after />
          <text_data language="German">
            <text from_TM="False" rev_id="13" status="New" time="1222355938">Enabling DMA Mode</text>
            <marker end="17" id="0" start="0" />
          </text_data><text_data language="Spanish">
            <text from_TM="False" rev_id="11" status="Complete" time="1222354203">Spanish : MA Mode</text>
            <marker end="17" id="0" start="0" />
          </text_data><text_data language="English">
            <text from_TM="False" rev_id="11" status="Complete" time="1222354203">Enabling DMA Mode</text>
            <marker end="17" id="0" start="0" />
          </text_data><marker_def id="0" type="html">
            <html_marker tag="span">
              <attr name="class" val="leftselected" />
            </html_marker>
          </marker_def>
        </ta_sentence><ta_sentence do_translation="yes" encoding="utf-8" format="1" id="1915" original_language="English">
          <space_before />
          <space_after />
          <text_data language="German">
            <text from_TM="False" rev_id="13" status="New" time="1222355938">Bookmark this page</text>
            <marker end="18" id="0" start="0" />
          </text_data><text_data language="Spanish">
            <text from_TM="False" rev_id="11" status="Complete" time="1222354203">Spanish : his page</text>
            <marker end="18" id="0" start="0" />
          </text_data><text_data language="English">
            <text from_TM="False" rev_id="11" status="Complete" time="1222354203">Bookmark this page</text>
            <marker end="18" id="0" start="0" />
          </text_data><marker_def id="0" type="html">
            <html_marker tag="img">
              <attr name="src" val="images/bookmark_us.png" />
              <attr name="alt" val="Bookmark this page" />
              <attr name="class" val="delicious" />
            </html_marker>
          </marker_def>
        </ta_sentence><ta_sentence do_translation="yes" encoding="utf-8" format="1" id="1916" original_language="English">
          <space_before />
          <space_after />
          <text_data language="German">
            <text from_TM="False" rev_id="13" status="New" time="1222355938">Bookmark on</text>
            <marker end="-1" id="0" start="0" />
            <marker end="-1" id="0" start="0" />
          </text_data><text_data language="Spanish">
            <text from_TM="False" rev_id="11" status="Complete" time="1222354203">Spanish : n</text>
            <marker end="-1" id="0" start="0" />
            <marker end="-1" id="0" start="0" />
          </text_data><text_data language="English">
            <text from_TM="False" rev_id="11" status="Complete" time="1222354203">Bookmark on</text>
            <marker end="-1" id="0" start="0" />
            <marker end="-1" id="0" start="0" />
          </text_data><marker_def id="0" type="html">
            <html_marker tag="a">
              <attr name="rel" val="nofollow" />
              <attr name="href" val="http://del.icio.us/post?url=http%3A%2F%2Fwww.onthegosoft.com%2Fdma_setting_nt.htm&amp;title=Enable+DMA+mode+in+Windows+XP" />
              <attr name="target" val="_blank" />
              <attr name="class" val="Text-Nav" />
            </html_marker>
          </marker_def>
        </ta_sentence><ta_sentence do_translation="yes" encoding="utf-8" format="1" id="1917" original_language="English">
          <space_before />
          <space_after />
          <text_data language="German">
            <text from_TM="False" rev_id="13" status="New" time="1222355938">del.icio.us</text>
            <marker end="11" id="-1" start="-1" />
          </text_data><text_data language="Spanish">
            <text from_TM="False" rev_id="11" status="Complete" time="1222354203">Spanish : s</text>
            <marker end="11" id="-1" start="-1" />
          </text_data><text_data language="English">
            <text from_TM="False" rev_id="11" status="Complete" time="1222354203">del.icio.us</text>
            <marker end="11" id="-1" start="-1" />
          </text_data><marker_def id="-1" type="html">
            <html_marker tag="a" />
          </marker_def>
        </ta_sentence><ta_sentence do_translation="yes" encoding="utf-8" format="1" id="1918" original_language="English">
          <space_before />
          <space_after />
          <text_data language="German">
            <text from_TM="False" rev_id="13" status="New" time="1222355938">Home&#160;&gt;&#160;Photo Backup&#160;&gt;&#160;Enabling DMA Mode</text>
            <marker end="39" id="0" start="0" />
            <marker end="4" id="1" start="0" />
            <marker end="19" id="2" start="7" />
          </text_data><text_data language="Spanish">
            <text from_TM="False" rev_id="11" status="Complete" time="1222354203">Spanish : to Backup&#160;&gt;&#160;Enabling DMA Mode</text>
            <marker end="39" id="0" start="0" />
            <marker end="4" id="1" start="0" />
            <marker end="19" id="2" start="7" />
          </text_data><text_data language="English">
            <text from_TM="False" rev_id="11" status="Complete" time="1222354203">Home&#160;&gt;&#160;Photo Backup&#160;&gt;&#160;Enabling DMA Mode</text>
            <marker end="39" id="0" start="0" />
            <marker end="4" id="1" start="0" />
            <marker end="19" id="2" start="7" />
          </text_data><marker_def id="0" type="html">
            <html_marker tag="span">
              <attr name="class" val="Text-TopNav" />
            </html_marker>
          </marker_def><marker_def id="1" type="html">
            <html_marker tag="a">
              <attr name="href" val="./" />
            </html_marker>
          </marker_def><marker_def id="2" type="html">
            <html_marker tag="a">
              <attr name="href" val="photo_backup.htm" />
            </html_marker>
          </marker_def>
        </ta_sentence><ta_sentence do_translation="yes" encoding="utf-8" format="1" id="1919" original_language="English">
          <space_before />
          <space_after />
          <text_data language="German">
            <text from_TM="False" rev_id="13" status="New" time="1222355938">How do I enable DMA mode on CD and DVD burner drives?</text>
          </text_data><text_data language="Spanish">
            <text from_TM="False" rev_id="11" status="Complete" time="1222354203">Spanish : nable DMA mode on CD and DVD burner drives?</text>
          </text_data><text_data language="English">
            <text from_TM="False" rev_id="11" status="Complete" time="1222354203">How do I enable DMA mode on CD and DVD burner drives?</text>
          </text_data>
        </ta_sentence><ta_sentence do_translation="yes" encoding="utf-8" format="1" id="1920" original_language="English">
          <space_before />
          <space_after />
          <text_data language="German">
            <text from_TM="False" rev_id="13" status="New" time="1222355938">About this technical note</text>
          </text_data><text_data language="Spanish">
            <text from_TM="False" rev_id="11" status="Complete" time="1222354203">Spanish :  technical note</text>
          </text_data><text_data language="English">
            <text from_TM="False" rev_id="11" status="Complete" time="1222354203">About this technical note</text>
          </text_data>
        </ta_sentence><ta_sentence do_translation="yes" encoding="utf-8" format="1" id="1921" original_language="English">
          <space_before />
          <space_after />
          <text_data language="German">
            <text from_TM="False" rev_id="13" status="New" time="1222355938">This document describes how to enable DMA operation for CD or DVD burner drives, regardless of the burning software you use. It includes screenshots of Windows XP. Windows 2000 setup is very similar with the same screens. For Windows 98 and Windows Me slightly different windows are involved.</text>
            <marker end="123" id="0" start="0" />
          </text_data><text_data language="Spanish">
            <text from_TM="False" rev_id="11" status="Complete" time="1222354203">Spanish : ent describes how to enable DMA operation for CD or DVD burner drives, regardless of the burning software you use. It includes screenshots of Windows XP. Windows 2000 setup is very similar with the same screens. For Windows 98 and Windows Me slightly different windows are involved.</text>
            <marker end="123" id="0" start="0" />
          </text_data><text_data language="English">
            <text from_TM="False" rev_id="11" status="Complete" time="1222354203">This document describes how to enable DMA operation for CD or DVD burner drives, regardless of the burning software you use. It includes screenshots of Windows XP. Windows 2000 setup is very similar with the same screens. For Windows 98 and Windows Me slightly different windows are involved.</text>
            <marker end="123" id="0" start="0" />
          </text_data><marker_def id="0" type="html">
            <html_marker tag="b" />
          </marker_def>
        </ta_sentence><ta_sentence do_translation="yes" encoding="utf-8" format="1" id="1922" original_language="English">
          <space_before />
          <space_after />
          <text_data language="German">
            <text from_TM="False" rev_id="13" status="New" time="1222355938">What is DMA mode?</text>
          </text_data><text_data language="Spanish">
            <text from_TM="False" rev_id="11" status="Complete" time="1222354203">Spanish : A mode?</text>
          </text_data><text_data language="English">
            <text from_TM="False" rev_id="11" status="Complete" time="1222354203">What is DMA mode?</text>
          </text_data>
        </ta_sentence><ta_sentence do_translation="yes" encoding="utf-8" format="1" id="1923" original_language="English">
          <space_before />
          <space_after />
          <text_data language="German">
            <text from_TM="False" rev_id="13" status="New" time="1222355938">DMA (Direct memory access) mode is a high performance mode for transferring data to and from devices, in particular, to CD and DVD burner devices.</text>
          </text_data><text_data language="Spanish">
            <text from_TM="False" rev_id="11" status="Complete" time="1222354203">Spanish : t memory access) mode is a high performance mode for transferring data to and from devices, in particular, to CD and DVD burner devices.</text>
          </text_data><text_data language="English">
            <text from_TM="False" rev_id="11" status="Complete" time="1222354203">DMA (Direct memory access) mode is a high performance mode for transferring data to and from devices, in particular, to CD and DVD burner devices.</text>
          </text_data>
        </ta_sentence><ta_sentence do_translation="yes" encoding="utf-8" format="1" id="1924" original_language="English">
          <space_before />
          <space_after />
          <text_data language="German">
            <text from_TM="False" rev_id="13" status="New" time="1222355938">The burner devices can function in either DMA or PIO modes.</text>
          </text_data><text_data language="Spanish">
            <text from_TM="False" rev_id="11" status="Complete" time="1222354203">Spanish :  devices can function in either DMA or PIO modes.</text>
          </text_data><text_data language="English">
            <text from_TM="False" rev_id="11" status="Complete" time="1222354203">The burner devices can function in either DMA or PIO modes.</text>
          </text_data>
        </ta_sentence><ta_sentence do_translation="yes" encoding="utf-8" format="1" id="1925" original_language="English">
          <space_before> </space_before>
          <space_after />
          <text_data language="German">
            <text from_TM="False" rev_id="13" status="New" time="1222355938">DMA mode allows the processor to transfer large pieces of data with very little software overhead - therefore requiring low CPU utilization.</text>
          </text_data><text_data language="Spanish">
            <text from_TM="False" rev_id="11" status="Complete" time="1222354203">Spanish : llows the processor to transfer large pieces of data with very little software overhead - therefore requiring low CPU utilization.</text>
          </text_data><text_data language="English">
            <text from_TM="False" rev_id="11" status="Complete" time="1222354203">DMA mode allows the processor to transfer large pieces of data with very little software overhead - therefore requiring low CPU utilization.</text>
          </text_data>
        </ta_sentence><ta_sentence do_translation="yes" encoding="utf-8" format="1" id="1926" original_language="English">
          <space_before> </space_before>
          <space_after />
          <text_data language="German">
            <text from_TM="False" rev_id="13" status="New" time="1222355938">In this mode, high speed burning can be performed in background with other programs running.</text>
          </text_data><text_data language="Spanish">
            <text from_TM="False" rev_id="11" status="Complete" time="1222354203">Spanish : de, high speed burning can be performed in background with other programs running.</text>
          </text_data><text_data language="English">
            <text from_TM="False" rev_id="11" status="Complete" time="1222354203">In this mode, high speed burning can be performed in background with other programs running.</text>
          </text_data>
        </ta_sentence><ta_sentence do_translation="yes" encoding="utf-8" format="1" id="1927" original_language="English">
          <space_before />
          <space_after />
          <text_data language="German">
            <text from_TM="False" rev_id="13" status="New" time="1222355938">PIO mode requires CPU processing for every few bytes sent to the device, so that CPU utilization becomes very high when trying to burn at high speeds.</text>
          </text_data><text_data language="Spanish">
            <text from_TM="False" rev_id="11" status="Complete" time="1222354203">Spanish : equires CPU processing for every few bytes sent to the device, so that CPU utilization becomes very high when trying to burn at high speeds.</text>
          </text_data><text_data language="English">
            <text from_TM="False" rev_id="11" status="Complete" time="1222354203">PIO mode requires CPU processing for every few bytes sent to the device, so that CPU utilization becomes very high when trying to burn at high speeds.</text>
          </text_data>
        </ta_sentence><ta_sentence do_translation="yes" encoding="utf-8" format="1" id="1928" original_language="English">
          <space_before />
          <space_after />
          <text_data language="German">
            <text from_TM="False" rev_id="13" status="New" time="1222355938">Which transfer modes are supported by Photo Backup?</text>
          </text_data><text_data language="Spanish">
            <text from_TM="False" rev_id="11" status="Complete" time="1222354203">Spanish : sfer modes are supported by Photo Backup?</text>
          </text_data><text_data language="English">
            <text from_TM="False" rev_id="11" status="Complete" time="1222354203">Which transfer modes are supported by Photo Backup?</text>
          </text_data>
        </ta_sentence><ta_sentence do_translation="no" encoding="utf-8" format="1" id="1929" original_language="English">
          <space_before />
          <space_after />
          <text_data language="German">
            <text from_TM="False" rev_id="13" status="New" time="1222355938">(</text>
            <marker end="1" id="0" start="0" />
          </text_data><text_data language="Spanish">
            <text from_TM="False" rev_id="11" status="Complete" time="1222354203">Spanish : </text>
            <marker end="1" id="0" start="0" />
          </text_data><text_data language="English">
            <text from_TM="False" rev_id="11" status="Complete" time="1222354203">(</text>
            <marker end="1" id="0" start="0" />
          </text_data><marker_def id="0" type="html">
            <html_marker tag="img">
              <attr name="src" val="images/corners/white-left-tp.gif" />
              <attr name="width" val="10" />
              <attr name="height" val="10" />
              <attr name="alt" val="(" />
            </html_marker>
          </marker_def>
        </ta_sentence><ta_sentence do_translation="no" encoding="utf-8" format="1" id="1930" original_language="English">
          <space_before />
          <space_after />
          <text_data language="German">
            <text from_TM="False" rev_id="13" status="New" time="1222355938">)</text>
            <marker end="1" id="0" start="0" />
          </text_data><text_data language="Spanish">
            <text from_TM="False" rev_id="11" status="Complete" time="1222354203">Spanish : </text>
            <marker end="1" id="0" start="0" />
          </text_data><text_data language="English">
            <text from_TM="False" rev_id="11" status="Complete" time="1222354203">)</text>
            <marker end="1" id="0" start="0" />
          </text_data><marker_def id="0" type="html">
            <html_marker tag="img">
              <attr name="src" val="images/corners/white-right-tp.gif" />
              <attr name="width" val="10" />
              <attr name="height" val="10" />
              <attr name="alt" val=")" />
            </html_marker>
          </marker_def>
        </ta_sentence><ta_sentence do_translation="yes" encoding="utf-8" format="1" id="1931" original_language="English">
          <space_before />
          <space_after />
          <text_data language="German">
            <text from_TM="False" rev_id="13" status="New" time="1222355938">Photo Backup includes a high performance driver, which can operate at both PIO and DMA modes.</text>
          </text_data><text_data language="Spanish">
            <text from_TM="False" rev_id="11" status="Complete" time="1222354203">Spanish : up includes a high performance driver, which can operate at both PIO and DMA modes.</text>
          </text_data><text_data language="English">
            <text from_TM="False" rev_id="11" status="Complete" time="1222354203">Photo Backup includes a high performance driver, which can operate at both PIO and DMA modes.</text>
          </text_data>
        </ta_sentence><ta_sentence do_translation="yes" encoding="utf-8" format="1" id="1932" original_language="English">
          <space_before> </space_before>
          <space_after />
          <text_data language="German">
            <text from_TM="False" rev_id="13" status="New" time="1222355938">In order to burn at high speeds you should set the burner drive to operate at DMA mode.</text>
          </text_data><text_data language="Spanish">
            <text from_TM="False" rev_id="11" status="Complete" time="1222354203">Spanish : o burn at high speeds you should set the burner drive to operate at DMA mode.</text>
          </text_data><text_data language="English">
            <text from_TM="False" rev_id="11" status="Complete" time="1222354203">In order to burn at high speeds you should set the burner drive to operate at DMA mode.</text>
          </text_data>
        </ta_sentence><ta_sentence do_translation="yes" encoding="utf-8" format="1" id="1933" original_language="English">
          <space_before> </space_before>
          <space_after />
          <text_data language="German">
            <text from_TM="False" rev_id="13" status="New" time="1222355938">This will allow the highest burning rates to work in the background of other applications, with minimal risk of failed burns.</text>
          </text_data><text_data language="Spanish">
            <text from_TM="False" rev_id="11" status="Complete" time="1222354203">Spanish : allow the highest burning rates to work in the background of other applications, with minimal risk of failed burns.</text>
          </text_data><text_data language="English">
            <text from_TM="False" rev_id="11" status="Complete" time="1222354203">This will allow the highest burning rates to work in the background of other applications, with minimal risk of failed burns.</text>
          </text_data>
        </ta_sentence><ta_sentence do_translation="no" encoding="utf-8" format="1" id="1934" original_language="English">
          <space_before />
          <space_after />
          <text_data language="German">
            <text from_TM="False" rev_id="13" status="New" time="1222355938">(</text>
            <marker end="1" id="0" start="0" />
          </text_data><text_data language="Spanish">
            <text from_TM="False" rev_id="11" status="Complete" time="1222354203">Spanish : </text>
            <marker end="1" id="0" start="0" />
          </text_data><text_data language="English">
            <text from_TM="False" rev_id="11" status="Complete" time="1222354203">(</text>
            <marker end="1" id="0" start="0" />
          </text_data><marker_def id="0" type="html">
            <html_marker tag="img">
              <attr name="src" val="images/corners/white-left-btm.gif" />
              <attr name="width" val="10" />
              <attr name="height" val="10" />
              <attr name="alt" val="(" />
            </html_marker>
          </marker_def>
        </ta_sentence><ta_sentence do_translation="no" encoding="utf-8" format="1" id="1935" original_language="English">
          <space_before />
          <space_after />
          <text_data language="German">
            <text from_TM="False" rev_id="13" status="New" time="1222355938">)</text>
            <marker end="1" id="0" start="0" />
          </text_data><text_data language="Spanish">
            <text from_TM="False" rev_id="11" status="Complete" time="1222354203">Spanish : </text>
            <marker end="1" id="0" start="0" />
          </text_data><text_data language="English">
            <text from_TM="False" rev_id="11" status="Complete" time="1222354203">)</text>
            <marker end="1" id="0" start="0" />
          </text_data><marker_def id="0" type="html">
            <html_marker tag="img">
              <attr name="src" val="images/corners/white-right-btm.gif" />
              <attr name="width" val="10" />
              <attr name="height" val="10" />
              <attr name="alt" val=")" />
            </html_marker>
          </marker_def>
        </ta_sentence><ta_sentence do_translation="yes" encoding="utf-8" format="1" id="1936" original_language="English">
          <space_before />
          <space_after />
          <text_data language="German">
            <text from_TM="False" rev_id="13" status="New" time="1222355938">Setting up the burner drive to operate with DMA mode</text>
          </text_data><text_data language="Spanish">
            <text from_TM="False" rev_id="11" status="Complete" time="1222354203">Spanish :  the burner drive to operate with DMA mode</text>
          </text_data><text_data language="English">
            <text from_TM="False" rev_id="11" status="Complete" time="1222354203">Setting up the burner drive to operate with DMA mode</text>
          </text_data>
        </ta_sentence><ta_sentence do_translation="yes" encoding="utf-8" format="1" id="1937" original_language="English">
          <space_before />
          <space_after />
          <text_data language="German">
            <text from_TM="False" rev_id="13" status="New" time="1222355938">In order to verify that your drive works in DMA mode, or to change it to DMA mode, follow these steps.</text>
          </text_data><text_data language="Spanish">
            <text from_TM="False" rev_id="11" status="Complete" time="1222354203">Spanish : o verify that your drive works in DMA mode, or to change it to DMA mode, follow these steps.</text>
          </text_data><text_data language="English">
            <text from_TM="False" rev_id="11" status="Complete" time="1222354203">In order to verify that your drive works in DMA mode, or to change it to DMA mode, follow these steps.</text>
          </text_data>
        </ta_sentence><ta_sentence do_translation="yes" encoding="utf-8" format="1" id="1938" original_language="English">
          <space_before />
          <space_after />
          <text_data language="German">
            <text from_TM="False" rev_id="13" status="New" time="1222355938">Open the hardware setting dialog of Windows.</text>
          </text_data><text_data language="Spanish">
            <text from_TM="False" rev_id="11" status="Complete" time="1222354203">Spanish : ardware setting dialog of Windows.</text>
          </text_data><text_data language="English">
            <text from_TM="False" rev_id="11" status="Complete" time="1222354203">Open the hardware setting dialog of Windows.</text>
          </text_data>
        </ta_sentence><ta_sentence do_translation="yes" encoding="utf-8" format="1" id="1939" original_language="English">
          <space_before> </space_before>
          <space_after />
          <text_data language="German">
            <text from_TM="False" rev_id="13" status="New" time="1222355938">To do this, right-click on 'My computer' and select Properties.</text>
            <marker end="39" id="0" start="28" />
            <marker end="62" id="1" start="52" />
          </text_data><text_data language="Spanish">
            <text from_TM="False" rev_id="11" status="Complete" time="1222354203">Spanish : , right-click on 'My computer' and select Properties.</text>
            <marker end="39" id="0" start="28" />
            <marker end="62" id="1" start="52" />
          </text_data><text_data language="English">
            <text from_TM="False" rev_id="11" status="Complete" time="1222354203">To do this, right-click on 'My computer' and select Properties.</text>
            <marker end="39" id="0" start="28" />
            <marker end="62" id="1" start="52" />
          </text_data><marker_def id="0" type="html">
            <html_marker tag="b" />
          </marker_def><marker_def id="1" type="html">
            <html_marker tag="b" />
          </marker_def>
        </ta_sentence><ta_sentence do_translation="yes" encoding="utf-8" format="1" id="1940" original_language="English">
          <space_before />
          <space_after />
          <text_data language="German">
            <text from_TM="False" rev_id="13" status="New" time="1222355938">DMA setting screen shot</text>
            <marker end="23" id="0" start="0" />
          </text_data><text_data language="Spanish">
            <text from_TM="False" rev_id="11" status="Complete" time="1222354203">Spanish : g screen shot</text>
            <marker end="23" id="0" start="0" />
          </text_data><text_data language="English">
            <text from_TM="False" rev_id="11" status="Complete" time="1222354203">DMA setting screen shot</text>
            <marker end="23" id="0" start="0" />
          </text_data><marker_def id="0" type="html">
            <html_marker tag="img">
              <attr name="border" val="0" />
              <attr name="src" val="images/photobackup/dma1.gif" />
              <attr name="width" val="217" />
              <attr name="height" val="246" />
              <attr name="alt" val="DMA setting screen shot" />
            </html_marker>
          </marker_def>
        </ta_sentence><ta_sentence do_translation="yes" encoding="utf-8" format="1" id="1941" original_language="English">
          <space_before> </space_before>
          <space_after />
          <text_data language="German">
            <text from_TM="False" rev_id="13" status="New" time="1222355938">Then, choose the 'Hardware' tab and click on 'Device Manager'.</text>
            <marker end="26" id="0" start="18" />
            <marker end="60" id="1" start="46" />
          </text_data><text_data language="Spanish">
            <text from_TM="False" rev_id="11" status="Complete" time="1222354203">Spanish : se the 'Hardware' tab and click on 'Device Manager'.</text>
            <marker end="26" id="0" start="18" />
            <marker end="60" id="1" start="46" />
          </text_data><text_data language="English">
            <text from_TM="False" rev_id="11" status="Complete" time="1222354203">Then, choose the 'Hardware' tab and click on 'Device Manager'.</text>
            <marker end="26" id="0" start="18" />
            <marker end="60" id="1" start="46" />
          </text_data><marker_def id="0" type="html">
            <html_marker tag="b" />
          </marker_def><marker_def id="1" type="html">
            <html_marker tag="b" />
          </marker_def>
        </ta_sentence><ta_sentence do_translation="yes" encoding="utf-8" format="1" id="1942" original_language="English">
          <space_before />
          <space_after />
          <text_data language="German">
            <text from_TM="False" rev_id="13" status="New" time="1222355938">DMA setting screen shot</text>
            <marker end="23" id="0" start="0" />
          </text_data><text_data language="Spanish">
            <text from_TM="False" rev_id="11" status="Complete" time="1222354203">Spanish : g screen shot</text>
            <marker end="23" id="0" start="0" />
          </text_data><text_data language="English">
            <text from_TM="False" rev_id="11" status="Complete" time="1222354203">DMA setting screen shot</text>
            <marker end="23" id="0" start="0" />
          </text_data><marker_def id="0" type="html">
            <html_marker tag="img">
              <attr name="border" val="0" />
              <attr name="src" val="images/photobackup/dma2.gif" />
              <attr name="width" val="419" />
              <attr name="height" val="487" />
              <attr name="alt" val="DMA setting screen shot" />
            </html_marker>
          </marker_def>
        </ta_sentence><ta_sentence do_translation="yes" encoding="utf-8" format="1" id="1943" original_language="English">
          <space_before />
          <space_after />
          <text_data language="German">
            <text from_TM="False" rev_id="13" status="New" time="1222355938">Each burner drive is controlled by an IDE ATA/ATAPI controller. There are probably two controllers in your computer, each with two devices.</text>
            <marker end="62" id="0" start="38" />
          </text_data><text_data language="Spanish">
            <text from_TM="False" rev_id="11" status="Complete" time="1222354203">Spanish : r drive is controlled by an IDE ATA/ATAPI controller. There are probably two controllers in your computer, each with two devices.</text>
            <marker end="62" id="0" start="38" />
          </text_data><text_data language="English">
            <text from_TM="False" rev_id="11" status="Complete" time="1222354203">Each burner drive is controlled by an IDE ATA/ATAPI controller. There are probably two controllers in your computer, each with two devices.</text>
            <marker end="62" id="0" start="38" />
          </text_data><marker_def id="0" type="html">
            <html_marker tag="b" />
          </marker_def>
        </ta_sentence><ta_sentence do_translation="yes" encoding="utf-8" format="1" id="1944" original_language="English">
          <space_before />
          <space_after />
          <text_data language="German">
            <text from_TM="False" rev_id="13" status="New" time="1222355938">The drive letter of each burner determines the controller and device responsible for it.</text>
          </text_data><text_data language="Spanish">
            <text from_TM="False" rev_id="11" status="Complete" time="1222354203">Spanish : letter of each burner determines the controller and device responsible for it.</text>
          </text_data><text_data language="English">
            <text from_TM="False" rev_id="11" status="Complete" time="1222354203">The drive letter of each burner determines the controller and device responsible for it.</text>
          </text_data>
        </ta_sentence><ta_sentence do_translation="yes" encoding="utf-8" format="1" id="1945" original_language="English">
          <space_before> </space_before>
          <space_after />
          <text_data language="German">
            <text from_TM="False" rev_id="13" status="New" time="1222355938">The table below can be used to determine the correct controller for your burner drive.</text>
          </text_data><text_data language="Spanish">
            <text from_TM="False" rev_id="11" status="Complete" time="1222354203">Spanish : below can be used to determine the correct controller for your burner drive.</text>
          </text_data><text_data language="English">
            <text from_TM="False" rev_id="11" status="Complete" time="1222354203">The table below can be used to determine the correct controller for your burner drive.</text>
          </text_data>
        </ta_sentence><ta_sentence do_translation="yes" encoding="utf-8" format="1" id="1946" original_language="English">
          <space_before />
          <space_after />
          <text_data language="German">
            <text from_TM="False" rev_id="13" status="New" time="1222355938">Drive letter</text>
            <marker end="12" id="0" start="0" />
          </text_data><text_data language="Spanish">
            <text from_TM="False" rev_id="11" status="Complete" time="1222354203">Spanish : er</text>
            <marker end="12" id="0" start="0" />
          </text_data><text_data language="English">
            <text from_TM="False" rev_id="11" status="Complete" time="1222354203">Drive letter</text>
            <marker end="12" id="0" start="0" />
          </text_data><marker_def id="0" type="html">
            <html_marker tag="b" />
          </marker_def>
        </ta_sentence><ta_sentence do_translation="yes" encoding="utf-8" format="1" id="1947" original_language="English">
          <space_before />
          <space_after />
          <text_data language="German">
            <text from_TM="False" rev_id="13" status="New" time="1222355938">IDE ATA/ATAPI controller</text>
            <marker end="24" id="0" start="0" />
          </text_data><text_data language="Spanish">
            <text from_TM="False" rev_id="11" status="Complete" time="1222354203">Spanish : API controller</text>
            <marker end="24" id="0" start="0" />
          </text_data><text_data language="English">
            <text from_TM="False" rev_id="11" status="Complete" time="1222354203">IDE ATA/ATAPI controller</text>
            <marker end="24" id="0" start="0" />
          </text_data><marker_def id="0" type="html">
            <html_marker tag="b" />
          </marker_def>
        </ta_sentence><ta_sentence do_translation="yes" encoding="utf-8" format="1" id="1948" original_language="English">
          <space_before />
          <space_after />
          <text_data language="German">
            <text from_TM="False" rev_id="13" status="New" time="1222355938">Device</text>
            <marker end="6" id="0" start="0" />
          </text_data><text_data language="Spanish">
            <text from_TM="False" rev_id="11" status="Complete" time="1222354203">Spanish : </text>
            <marker end="6" id="0" start="0" />
          </text_data><text_data language="English">
            <text from_TM="False" rev_id="11" status="Complete" time="1222354203">Device</text>
            <marker end="6" id="0" start="0" />
          </text_data><marker_def id="0" type="html">
            <html_marker tag="b" />
          </marker_def>
        </ta_sentence><ta_sentence do_translation="yes" encoding="utf-8" format="1" id="1949" original_language="English">
          <space_before />
          <space_after />
          <text_data language="German">
            <text from_TM="False" rev_id="13" status="New" time="1222355938">C:\</text>
          </text_data><text_data language="Spanish">
            <text from_TM="False" rev_id="11" status="Complete" time="1222354203">Spanish : </text>
          </text_data><text_data language="English">
            <text from_TM="False" rev_id="11" status="Complete" time="1222354203">C:\</text>
          </text_data>
        </ta_sentence><ta_sentence do_translation="yes" encoding="utf-8" format="1" id="1950" original_language="English">
          <space_before />
          <space_after />
          <text_data language="German">
            <text from_TM="False" rev_id="13" status="New" time="1222355938">Primary</text>
          </text_data><text_data language="Spanish">
            <text from_TM="False" rev_id="11" status="Complete" time="1222354203">Spanish : </text>
          </text_data><text_data language="English">
            <text from_TM="False" rev_id="11" status="Complete" time="1222354203">Primary</text>
          </text_data>
        </ta_sentence><ta_sentence do_translation="no" encoding="utf-8" format="1" id="1951" original_language="English">
          <space_before />
          <space_after />
          <text_data language="German">
            <text from_TM="False" rev_id="13" status="New" time="1222355938">0</text>
          </text_data><text_data language="Spanish">
            <text from_TM="False" rev_id="11" status="Complete" time="1222354203">Spanish : </text>
          </text_data><text_data language="English">
            <text from_TM="False" rev_id="11" status="Complete" time="1222354203">0</text>
          </text_data>
        </ta_sentence><ta_sentence do_translation="yes" encoding="utf-8" format="1" id="1952" original_language="English">
          <space_before />
          <space_after />
          <text_data language="German">
            <text from_TM="False" rev_id="13" status="New" time="1222355938">D:\</text>
          </text_data><text_data language="Spanish">
            <text from_TM="False" rev_id="11" status="Complete" time="1222354203">Spanish : </text>
          </text_data><text_data language="English">
            <text from_TM="False" rev_id="11" status="Complete" time="1222354203">D:\</text>
          </text_data>
        </ta_sentence><ta_sentence do_translation="yes" encoding="utf-8" format="1" id="1953" original_language="English">
          <space_before />
          <space_after />
          <text_data language="German">
            <text from_TM="False" rev_id="13" status="New" time="1222355938">Primary</text>
          </text_data><text_data language="Spanish">
            <text from_TM="False" rev_id="11" status="Complete" time="1222354203">Spanish : </text>
          </text_data><text_data language="English">
            <text from_TM="False" rev_id="11" status="Complete" time="1222354203">Primary</text>
          </text_data>
        </ta_sentence><ta_sentence do_translation="no" encoding="utf-8" format="1" id="1954" original_language="English">
          <space_before />
          <space_after />
          <text_data language="German">
            <text from_TM="False" rev_id="13" status="New" time="1222355938">1</text>
          </text_data><text_data language="Spanish">
            <text from_TM="False" rev_id="11" status="Complete" time="1222354203">Spanish : </text>
          </text_data><text_data language="English">
            <text from_TM="False" rev_id="11" status="Complete" time="1222354203">1</text>
          </text_data>
        </ta_sentence><ta_sentence do_translation="yes" encoding="utf-8" format="1" id="1955" original_language="English">
          <space_before />
          <space_after />
          <text_data language="German">
            <text from_TM="False" rev_id="13" status="New" time="1222355938">E:\</text>
          </text_data><text_data language="Spanish">
            <text from_TM="False" rev_id="11" status="Complete" time="1222354203">Spanish : </text>
          </text_data><text_data language="English">
            <text from_TM="False" rev_id="11" status="Complete" time="1222354203">E:\</text>
          </text_data>
        </ta_sentence><ta_sentence do_translation="yes" encoding="utf-8" format="1" id="1956" original_language="English">
          <space_before />
          <space_after />
          <text_data language="German">
            <text from_TM="False" rev_id="13" status="New" time="1222355938">Secondary</text>
          </text_data><text_data language="Spanish">
            <text from_TM="False" rev_id="11" status="Complete" time="1222354203">Spanish : </text>
          </text_data><text_data language="English">
            <text from_TM="False" rev_id="11" status="Complete" time="1222354203">Secondary</text>
          </text_data>
        </ta_sentence><ta_sentence do_translation="no" encoding="utf-8" format="1" id="1957" original_language="English">
          <space_before />
          <space_after />
          <text_data language="German">
            <text from_TM="False" rev_id="13" status="New" time="1222355938">0</text>
          </text_data><text_data language="Spanish">
            <text from_TM="False" rev_id="11" status="Complete" time="1222354203">Spanish : </text>
          </text_data><text_data language="English">
            <text from_TM="False" rev_id="11" status="Complete" time="1222354203">0</text>
          </text_data>
        </ta_sentence><ta_sentence do_translation="yes" encoding="utf-8" format="1" id="1958" original_language="English">
          <space_before />
          <space_after />
          <text_data language="German">
            <text from_TM="False" rev_id="13" status="New" time="1222355938">F:\</text>
          </text_data><text_data language="Spanish">
            <text from_TM="False" rev_id="11" status="Complete" time="1222354203">Spanish : </text>
          </text_data><text_data language="English">
            <text from_TM="False" rev_id="11" status="Complete" time="1222354203">F:\</text>
          </text_data>
        </ta_sentence><ta_sentence do_translation="yes" encoding="utf-8" format="1" id="1959" original_language="English">
          <space_before />
          <space_after />
          <text_data language="German">
            <text from_TM="False" rev_id="13" status="New" time="1222355938">Secondary</text>
          </text_data><text_data language="Spanish">
            <text from_TM="False" rev_id="11" status="Complete" time="1222354203">Spanish : </text>
          </text_data><text_data language="English">
            <text from_TM="False" rev_id="11" status="Complete" time="1222354203">Secondary</text>
          </text_data>
        </ta_sentence><ta_sentence do_translation="no" encoding="utf-8" format="1" id="1960" original_language="English">
          <space_before />
          <space_after />
          <text_data language="German">
            <text from_TM="False" rev_id="13" status="New" time="1222355938">1</text>
          </text_data><text_data language="Spanish">
            <text from_TM="False" rev_id="11" status="Complete" time="1222354203">Spanish : </text>
          </text_data><text_data language="English">
            <text from_TM="False" rev_id="11" status="Complete" time="1222354203">1</text>
          </text_data>
        </ta_sentence><ta_sentence do_translation="yes" encoding="utf-8" format="1" id="1961" original_language="English">
          <space_before />
          <space_after />
          <text_data language="German">
            <text from_TM="False" rev_id="13" status="New" time="1222355938">Look for the 'IDE ATA/ATAPI' controllers icon and expand it by clicking on the (+) sign next to it.</text>
            <marker end="27" id="0" start="14" />
          </text_data><text_data language="Spanish">
            <text from_TM="False" rev_id="11" status="Complete" time="1222354203">Spanish : he 'IDE ATA/ATAPI' controllers icon and expand it by clicking on the (+) sign next to it.</text>
            <marker end="27" id="0" start="14" />
          </text_data><text_data language="English">
            <text from_TM="False" rev_id="11" status="Complete" time="1222354203">Look for the 'IDE ATA/ATAPI' controllers icon and expand it by clicking on the (+) sign next to it.</text>
            <marker end="27" id="0" start="14" />
          </text_data><marker_def id="0" type="html">
            <html_marker tag="b" />
          </marker_def>
        </ta_sentence><ta_sentence do_translation="yes" encoding="utf-8" format="1" id="1962" original_language="English">
          <space_before> </space_before>
          <space_after />
          <text_data language="German">
            <text from_TM="False" rev_id="13" status="New" time="1222355938">Select either the Primary or secondary IDE channel, which controls your burner drive, right click on it and select Properties.</text>
            <marker end="26" id="0" start="18" />
            <marker end="50" id="1" start="29" />
            <marker end="125" id="2" start="115" />
          </text_data><text_data language="Spanish">
            <text from_TM="False" rev_id="11" status="Complete" time="1222354203">Spanish : her the Primary or secondary IDE channel, which controls your burner drive, right click on it and select Properties.</text>
            <marker end="26" id="0" start="18" />
            <marker end="50" id="1" start="29" />
            <marker end="125" id="2" start="115" />
          </text_data><text_data language="English">
            <text from_TM="False" rev_id="11" status="Complete" time="1222354203">Select either the Primary or secondary IDE channel, which controls your burner drive, right click on it and select Properties.</text>
            <marker end="26" id="0" start="18" />
            <marker end="50" id="1" start="29" />
            <marker end="125" id="2" start="115" />
          </text_data><marker_def id="0" type="html">
            <html_marker tag="b" />
          </marker_def><marker_def id="1" type="html">
            <html_marker tag="b" />
          </marker_def><marker_def id="2" type="html">
            <html_marker tag="b" />
          </marker_def>
        </ta_sentence><ta_sentence do_translation="yes" encoding="utf-8" format="1" id="1963" original_language="English">
          <space_before />
          <space_after />
          <text_data language="German">
            <text from_TM="False" rev_id="13" status="New" time="1222355938">DMA setting screen shot</text>
            <marker end="23" id="0" start="0" />
          </text_data><text_data language="Spanish">
            <text from_TM="False" rev_id="11" status="Complete" time="1222354203">Spanish : g screen shot</text>
            <marker end="23" id="0" start="0" />
          </text_data><text_data language="English">
            <text from_TM="False" rev_id="11" status="Complete" time="1222354203">DMA setting screen shot</text>
            <marker end="23" id="0" start="0" />
          </text_data><marker_def id="0" type="html">
            <html_marker tag="img">
              <attr name="border" val="0" />
              <attr name="src" val="images/photobackup/dma3.gif" />
              <attr name="width" val="435" />
              <attr name="height" val="415" />
              <attr name="alt" val="DMA setting screen shot" />
            </html_marker>
          </marker_def>
        </ta_sentence><ta_sentence do_translation="yes" encoding="utf-8" format="1" id="1964" original_language="English">
          <space_before />
          <space_after />
          <text_data language="German">
            <text from_TM="False" rev_id="13" status="New" time="1222355938">Go to the 'Advanced settings' tab, and the device that you want to set (Device 0 or Device 1). The example below shows that drive D:\ works in PIO only mode. You should modify this to 'DMA if available'&#160; mode, to let Windows select DMA mode if it is supported by your burner (it usually is).</text>
            <marker end="28" id="0" start="11" />
            <marker end="80" id="1" start="72" />
            <marker end="92" id="2" start="84" />
            <marker end="133" id="3" start="124" />
            <marker end="156" id="4" start="143" />
            <marker end="175" id="5" start="158" />
            <marker end="175" id="6" start="158" />
            <marker end="201" id="7" start="185" />
          </text_data><text_data language="Spanish">
            <text from_TM="False" rev_id="11" status="Complete" time="1222354203">Spanish : 'Advanced settings' tab, and the device that you want to set (Device 0 or Device 1). The example below shows that drive D:\ works in PIO only mode. You should modify this to 'DMA if available'&#160; mode, to let Windows select DMA mode if it is supported by your burner (it usually is).</text>
            <marker end="28" id="0" start="11" />
            <marker end="80" id="1" start="72" />
            <marker end="92" id="2" start="84" />
            <marker end="133" id="3" start="124" />
            <marker end="156" id="4" start="143" />
            <marker end="175" id="5" start="158" />
            <marker end="175" id="6" start="158" />
            <marker end="201" id="7" start="185" />
          </text_data><text_data language="English">
            <text from_TM="False" rev_id="11" status="Complete" time="1222354203">Go to the 'Advanced settings' tab, and the device that you want to set (Device 0 or Device 1). The example below shows that drive D:\ works in PIO only mode. You should modify this to 'DMA if available'&#160; mode, to let Windows select DMA mode if it is supported by your burner (it usually is).</text>
            <marker end="28" id="0" start="11" />
            <marker end="80" id="1" start="72" />
            <marker end="92" id="2" start="84" />
            <marker end="133" id="3" start="124" />
            <marker end="156" id="4" start="143" />
            <marker end="175" id="5" start="158" />
            <marker end="175" id="6" start="158" />
            <marker end="201" id="7" start="185" />
          </text_data><marker_def id="0" type="html">
            <html_marker tag="b" />
          </marker_def><marker_def id="1" type="html">
            <html_marker tag="b" />
          </marker_def><marker_def id="2" type="html">
            <html_marker tag="b" />
          </marker_def><marker_def id="3" type="html">
            <html_marker tag="b" />
          </marker_def><marker_def id="4" type="html">
            <html_marker tag="b" />
          </marker_def><marker_def id="5" type="html">
            <html_marker tag="font">
              <attr name="color" val="#FF0000" />
            </html_marker>
          </marker_def><marker_def id="6" type="html">
            <html_marker tag="b" />
          </marker_def><marker_def id="7" type="html">
            <html_marker tag="b" />
          </marker_def>
        </ta_sentence><ta_sentence do_translation="yes" encoding="utf-8" format="1" id="1965" original_language="English">
          <space_before />
          <space_after />
          <text_data language="German">
            <text from_TM="False" rev_id="13" status="New" time="1222355938">DMA setting screen shot</text>
            <marker end="23" id="0" start="0" />
          </text_data><text_data language="Spanish">
            <text from_TM="False" rev_id="11" status="Complete" time="1222354203">Spanish : g screen shot</text>
            <marker end="23" id="0" start="0" />
          </text_data><text_data language="English">
            <text from_TM="False" rev_id="11" status="Complete" time="1222354203">DMA setting screen shot</text>
            <marker end="23" id="0" start="0" />
          </text_data><marker_def id="0" type="html">
            <html_marker tag="img">
              <attr name="border" val="0" />
              <attr name="src" val="images/photobackup/dma4.gif" />
              <attr name="width" val="404" />
              <attr name="height" val="455" />
              <attr name="alt" val="DMA setting screen shot" />
            </html_marker>
          </marker_def>
        </ta_sentence><ta_sentence do_translation="yes" encoding="utf-8" format="1" id="1966" original_language="English">
          <space_before />
          <space_after />
          <text_data language="German">
            <text from_TM="False" rev_id="13" status="New" time="1222355938">Then, click OK. Windows will ask you if you want to reboot, for these settings to take effect.</text>
            <marker end="14" id="0" start="12" />
            <marker end="58" id="1" start="52" />
          </text_data><text_data language="Spanish">
            <text from_TM="False" rev_id="11" status="Complete" time="1222354203">Spanish : k OK. Windows will ask you if you want to reboot, for these settings to take effect.</text>
            <marker end="14" id="0" start="12" />
            <marker end="58" id="1" start="52" />
          </text_data><text_data language="English">
            <text from_TM="False" rev_id="11" status="Complete" time="1222354203">Then, click OK. Windows will ask you if you want to reboot, for these settings to take effect.</text>
            <marker end="14" id="0" start="12" />
            <marker end="58" id="1" start="52" />
          </text_data><marker_def id="0" type="html">
            <html_marker tag="b" />
          </marker_def><marker_def id="1" type="html">
            <html_marker tag="b" />
          </marker_def>
        </ta_sentence><ta_sentence do_translation="yes" encoding="utf-8" format="1" id="1967" original_language="English">
          <space_before> </space_before>
          <space_after />
          <text_data language="German">
            <text from_TM="False" rev_id="13" status="New" time="1222355938">You should allow it.</text>
          </text_data><text_data language="Spanish">
            <text from_TM="False" rev_id="11" status="Complete" time="1222354203">Spanish :  allow it.</text>
          </text_data><text_data language="English">
            <text from_TM="False" rev_id="11" status="Complete" time="1222354203">You should allow it.</text>
          </text_data>
        </ta_sentence><ta_sentence do_translation="yes" encoding="utf-8" format="1" id="1968" original_language="English">
          <space_before />
          <space_after />
          <text_data language="German">
            <text from_TM="False" rev_id="13" status="New" time="1222355938">After booting up, the burner drive should work much faster and consume much less CPU power.</text>
          </text_data><text_data language="Spanish">
            <text from_TM="False" rev_id="11" status="Complete" time="1222354203">Spanish : ing up, the burner drive should work much faster and consume much less CPU power.</text>
          </text_data><text_data language="English">
            <text from_TM="False" rev_id="11" status="Complete" time="1222354203">After booting up, the burner drive should work much faster and consume much less CPU power.</text>
          </text_data>
        </ta_sentence><ta_sentence do_translation="yes" encoding="utf-8" format="1" id="1969" original_language="English">
          <space_before />
          <space_after />
          <text_data language="German">
            <text from_TM="False" rev_id="13" status="New" time="1222355938">What if this doesn't work?</text>
          </text_data><text_data language="Spanish">
            <text from_TM="False" rev_id="11" status="Complete" time="1222354203">Spanish : is doesn't work?</text>
          </text_data><text_data language="English">
            <text from_TM="False" rev_id="11" status="Complete" time="1222354203">What if this doesn't work?</text>
          </text_data>
        </ta_sentence><ta_sentence do_translation="yes" encoding="utf-8" format="1" id="1970" original_language="English">
          <space_before> </space_before>
          <space_after />
          <text_data language="German">
            <text from_TM="False" rev_id="13" status="New" time="1222355938">Windows XP only</text>
            <marker end="15" id="0" start="0" />
          </text_data><text_data language="Spanish">
            <text from_TM="False" rev_id="11" status="Complete" time="1222354203">Spanish :  only</text>
            <marker end="15" id="0" start="0" />
          </text_data><text_data language="English">
            <text from_TM="False" rev_id="11" status="Complete" time="1222354203">Windows XP only</text>
            <marker end="15" id="0" start="0" />
          </text_data><marker_def id="0" type="html">
            <html_marker tag="u" />
          </marker_def>
        </ta_sentence><ta_sentence do_translation="yes" encoding="utf-8" format="1" id="1971" original_language="English">
          <space_before> </space_before>
          <space_after />
          <text_data language="German">
            <text from_TM="False" rev_id="13" status="New" time="1222355938">Windows XP reverts to PIO mode after several attempts to use DMA mode have failed.</text>
          </text_data><text_data language="Spanish">
            <text from_TM="False" rev_id="11" status="Complete" time="1222354203">Spanish :  reverts to PIO mode after several attempts to use DMA mode have failed.</text>
          </text_data><text_data language="English">
            <text from_TM="False" rev_id="11" status="Complete" time="1222354203">Windows XP reverts to PIO mode after several attempts to use DMA mode have failed.</text>
          </text_data>
        </ta_sentence><ta_sentence do_translation="yes" encoding="utf-8" format="1" id="1972" original_language="English">
          <space_before> </space_before>
          <space_after />
          <text_data language="German">
            <text from_TM="False" rev_id="13" status="New" time="1222355938">If this had happened, Windows XP will not return to DMA mode even if you instruct it to do so.</text>
          </text_data><text_data language="Spanish">
            <text from_TM="False" rev_id="11" status="Complete" time="1222354203">Spanish : d happened, Windows XP will not return to DMA mode even if you instruct it to do so.</text>
          </text_data><text_data language="English">
            <text from_TM="False" rev_id="11" status="Complete" time="1222354203">If this had happened, Windows XP will not return to DMA mode even if you instruct it to do so.</text>
          </text_data>
        </ta_sentence><ta_sentence do_translation="yes" encoding="utf-8" format="1" id="1973" original_language="English">
          <space_before> </space_before>
          <space_after />
          <text_data language="German">
            <text from_TM="False" rev_id="13" status="New" time="1222355938">Microsoft considers this a safeguard, but many users find this feature confusing.</text>
          </text_data><text_data language="Spanish">
            <text from_TM="False" rev_id="11" status="Complete" time="1222354203">Spanish : considers this a safeguard, but many users find this feature confusing.</text>
          </text_data><text_data language="English">
            <text from_TM="False" rev_id="11" status="Complete" time="1222354203">Microsoft considers this a safeguard, but many users find this feature confusing.</text>
          </text_data>
        </ta_sentence><ta_sentence do_translation="yes" encoding="utf-8" format="1" id="1974" original_language="English">
          <space_before> </space_before>
          <space_after />
          <text_data language="German">
            <text from_TM="False" rev_id="13" status="New" time="1222355938">In order to manually reset the access mode, you can uninstall the drive and reboot.</text>
            <marker end="61" id="0" start="52" />
          </text_data><text_data language="Spanish">
            <text from_TM="False" rev_id="11" status="Complete" time="1222354203">Spanish : o manually reset the access mode, you can uninstall the drive and reboot.</text>
            <marker end="61" id="0" start="52" />
          </text_data><text_data language="English">
            <text from_TM="False" rev_id="11" status="Complete" time="1222354203">In order to manually reset the access mode, you can uninstall the drive and reboot.</text>
            <marker end="61" id="0" start="52" />
          </text_data><marker_def id="0" type="html">
            <html_marker tag="b" />
          </marker_def>
        </ta_sentence><ta_sentence do_translation="yes" encoding="utf-8" format="1" id="1975" original_language="English">
          <space_before> </space_before>
          <space_after />
          <text_data language="German">
            <text from_TM="False" rev_id="13" status="New" time="1222355938">Windows will detect the drive at the first boot and use it.</text>
          </text_data><text_data language="Spanish">
            <text from_TM="False" rev_id="11" status="Complete" time="1222354203">Spanish : ll detect the drive at the first boot and use it.</text>
          </text_data><text_data language="English">
            <text from_TM="False" rev_id="11" status="Complete" time="1222354203">Windows will detect the drive at the first boot and use it.</text>
          </text_data>
        </ta_sentence><ta_sentence do_translation="yes" encoding="utf-8" format="1" id="1976" original_language="English">
          <space_before> </space_before>
          <space_after />
          <text_data language="German">
            <text from_TM="False" rev_id="13" status="New" time="1222355938">You can then set the access mode to DMA, and Windows will use that setting.</text>
          </text_data><text_data language="Spanish">
            <text from_TM="False" rev_id="11" status="Complete" time="1222354203">Spanish : en set the access mode to DMA, and Windows will use that setting.</text>
          </text_data><text_data language="English">
            <text from_TM="False" rev_id="11" status="Complete" time="1222354203">You can then set the access mode to DMA, and Windows will use that setting.</text>
          </text_data>
        </ta_sentence><ta_sentence do_translation="yes" encoding="utf-8" format="1" id="1977" original_language="English">
          <space_before> </space_before>
          <space_after />
          <text_data language="German">
            <text from_TM="False" rev_id="13" status="New" time="1222355938">Of course, if there is a real problem using DMA mode, Windows will revert to PIO mode again.</text>
          </text_data><text_data language="Spanish">
            <text from_TM="False" rev_id="11" status="Complete" time="1222354203">Spanish :  if there is a real problem using DMA mode, Windows will revert to PIO mode again.</text>
          </text_data><text_data language="English">
            <text from_TM="False" rev_id="11" status="Complete" time="1222354203">Of course, if there is a real problem using DMA mode, Windows will revert to PIO mode again.</text>
          </text_data>
        </ta_sentence><ta_sentence do_translation="yes" encoding="utf-8" format="1" id="1978" original_language="English">
          <space_before> </space_before>
          <space_after />
          <text_data language="German">
            <text from_TM="False" rev_id="13" status="New" time="1222355938">You may want to consider alternative burning software and verify that it doesn't cause Windows to retreat to PIO mode. </text>
            <marker end="53" id="0" start="25" />
          </text_data><text_data language="Spanish">
            <text from_TM="False" rev_id="11" status="Complete" time="1222354203">Spanish : nt to consider alternative burning software and verify that it doesn't cause Windows to retreat to PIO mode. </text>
            <marker end="53" id="0" start="25" />
          </text_data><text_data language="English">
            <text from_TM="False" rev_id="11" status="Complete" time="1222354203">You may want to consider alternative burning software and verify that it doesn't cause Windows to retreat to PIO mode. </text>
            <marker end="53" id="0" start="25" />
          </text_data><marker_def id="0" type="html">
            <html_marker tag="a">
              <attr name="href" val="overview.htm" />
            </html_marker>
          </marker_def>
        </ta_sentence><ta_sentence do_translation="no" encoding="utf-8" format="1" id="1979" original_language="English">
          <space_before />
          <space_after />
          <text_data language="German">
            <text from_TM="False" rev_id="13" status="New" time="1222355938" />
          </text_data><text_data language="Spanish">
            <text from_TM="False" rev_id="-1" status="Complete" time="1222355861" />
          </text_data><text_data language="English">
            <text from_TM="False" status="Complete" time="1222355861" />
          </text_data>
        </ta_sentence><ta_sentence do_translation="yes" encoding="utf-8" format="1" id="1980" original_language="English">
          <space_before> </space_before>
          <space_after />
          <text_data language="German">
            <text from_TM="False" rev_id="13" status="New" time="1222355938">All platforms</text>
            <marker end="13" id="0" start="0" />
          </text_data><text_data language="Spanish">
            <text from_TM="False" rev_id="11" status="Complete" time="1222354203">Spanish : rms</text>
            <marker end="13" id="0" start="0" />
          </text_data><text_data language="English">
            <text from_TM="False" rev_id="11" status="Complete" time="1222354203">All platforms</text>
            <marker end="13" id="0" start="0" />
          </text_data><marker_def id="0" type="html">
            <html_marker tag="u" />
          </marker_def>
        </ta_sentence><ta_sentence do_translation="yes" encoding="utf-8" format="1" id="1981" original_language="English">
          <space_before> </space_before>
          <space_after />
          <text_data language="German">
            <text from_TM="False" rev_id="13" status="New" time="1222355938">Some (rare) burners have problems working in DMA mode.</text>
          </text_data><text_data language="Spanish">
            <text from_TM="False" rev_id="11" status="Complete" time="1222354203">Spanish : ) burners have problems working in DMA mode.</text>
          </text_data><text_data language="English">
            <text from_TM="False" rev_id="11" status="Complete" time="1222354203">Some (rare) burners have problems working in DMA mode.</text>
          </text_data>
        </ta_sentence><ta_sentence do_translation="yes" encoding="utf-8" format="1" id="1982" original_language="English">
          <space_before> </space_before>
          <space_after />
          <text_data language="German">
            <text from_TM="False" rev_id="13" status="New" time="1222355938">If, after you reboot, the burner driver is not detected, or it doesn't function correctly, you should disable the DMA mode and reboot.</text>
          </text_data><text_data language="Spanish">
            <text from_TM="False" rev_id="11" status="Complete" time="1222354203">Spanish : you reboot, the burner driver is not detected, or it doesn't function correctly, you should disable the DMA mode and reboot.</text>
          </text_data><text_data language="English">
            <text from_TM="False" rev_id="11" status="Complete" time="1222354203">If, after you reboot, the burner driver is not detected, or it doesn't function correctly, you should disable the DMA mode and reboot.</text>
          </text_data>
        </ta_sentence><ta_sentence do_translation="yes" encoding="utf-8" format="1" id="1983" original_language="English">
          <space_before> </space_before>
          <space_after />
          <text_data language="German">
            <text from_TM="False" rev_id="13" status="New" time="1222355938">If reboot does not fix it, you may uninstall the IDE controller.</text>
          </text_data><text_data language="Spanish">
            <text from_TM="False" rev_id="11" status="Complete" time="1222354203">Spanish : does not fix it, you may uninstall the IDE controller.</text>
          </text_data><text_data language="English">
            <text from_TM="False" rev_id="11" status="Complete" time="1222354203">If reboot does not fix it, you may uninstall the IDE controller.</text>
          </text_data>
        </ta_sentence><ta_sentence do_translation="yes" encoding="utf-8" format="1" id="1984" original_language="English">
          <space_before> </space_before>
          <space_after />
          <text_data language="German">
            <text from_TM="False" rev_id="13" status="New" time="1222355938">Windows plug and play would find this device and scan for connected drives.</text>
          </text_data><text_data language="Spanish">
            <text from_TM="False" rev_id="11" status="Complete" time="1222354203">Spanish : ug and play would find this device and scan for connected drives.</text>
          </text_data><text_data language="English">
            <text from_TM="False" rev_id="11" status="Complete" time="1222354203">Windows plug and play would find this device and scan for connected drives.</text>
          </text_data>
        </ta_sentence><ta_sentence do_translation="yes" encoding="utf-8" format="1" id="1985" original_language="English">
          <space_before> </space_before>
          <space_after />
          <text_data language="German">
            <text from_TM="False" rev_id="13" status="New" time="1222355938">This only occurs for a very small number of burner drives, with very old firmware.</text>
          </text_data><text_data language="Spanish">
            <text from_TM="False" rev_id="11" status="Complete" time="1222354203">Spanish : occurs for a very small number of burner drives, with very old firmware.</text>
          </text_data><text_data language="English">
            <text from_TM="False" rev_id="11" status="Complete" time="1222354203">This only occurs for a very small number of burner drives, with very old firmware.</text>
          </text_data>
        </ta_sentence><ta_sentence do_translation="yes" encoding="utf-8" format="1" id="1986" original_language="English">
          <space_before />
          <space_after />
          <text_data language="German">
            <text from_TM="False" rev_id="13" status="New" time="1222355938">Protect your digital photos with a professional backup program</text>
          </text_data><text_data language="Spanish">
            <text from_TM="False" rev_id="11" status="Complete" time="1222354203">Spanish : ur digital photos with a professional backup program</text>
          </text_data><text_data language="English">
            <text from_TM="False" rev_id="11" status="Complete" time="1222354203">Protect your digital photos with a professional backup program</text>
          </text_data>
        </ta_sentence><ta_sentence do_translation="no" encoding="utf-8" format="1" id="1987" original_language="English">
          <space_before />
          <space_after />
          <text_data language="German">
            <text from_TM="False" rev_id="13" status="New" time="1222355938">(</text>
            <marker end="1" id="0" start="0" />
          </text_data><text_data language="Spanish">
            <text from_TM="False" rev_id="11" status="Complete" time="1222354203">Spanish : </text>
            <marker end="1" id="0" start="0" />
          </text_data><text_data language="English">
            <text from_TM="False" rev_id="11" status="Complete" time="1222354203">(</text>
            <marker end="1" id="0" start="0" />
          </text_data><marker_def id="0" type="html">
            <html_marker tag="img">
              <attr name="src" val="images/corners/white-left-tp.gif" />
              <attr name="width" val="10" />
              <attr name="height" val="10" />
              <attr name="alt" val="(" />
            </html_marker>
          </marker_def>
        </ta_sentence><ta_sentence do_translation="no" encoding="utf-8" format="1" id="1988" original_language="English">
          <space_before />
          <space_after />
          <text_data language="German">
            <text from_TM="False" rev_id="13" status="New" time="1222355938">)</text>
            <marker end="1" id="0" start="0" />
          </text_data><text_data language="Spanish">
            <text from_TM="False" rev_id="11" status="Complete" time="1222354203">Spanish : </text>
            <marker end="1" id="0" start="0" />
          </text_data><text_data language="English">
            <text from_TM="False" rev_id="11" status="Complete" time="1222354203">)</text>
            <marker end="1" id="0" start="0" />
          </text_data><marker_def id="0" type="html">
            <html_marker tag="img">
              <attr name="src" val="images/corners/white-right-tp.gif" />
              <attr name="width" val="10" />
              <attr name="height" val="10" />
              <attr name="alt" val=")" />
            </html_marker>
          </marker_def>
        </ta_sentence><ta_sentence do_translation="yes" encoding="utf-8" format="1" id="1989" original_language="English">
          <space_before />
          <space_after />
          <text_data language="German">
            <text from_TM="False" rev_id="13" status="New" time="1222355938">Incremental backup - make sure all photos are on archive</text>
          </text_data><text_data language="Spanish">
            <text from_TM="False" rev_id="11" status="Complete" time="1222354203">Spanish : l backup - make sure all photos are on archive</text>
          </text_data><text_data language="English">
            <text from_TM="False" rev_id="11" status="Complete" time="1222354203">Incremental backup - make sure all photos are on archive</text>
          </text_data>
        </ta_sentence><ta_sentence do_translation="yes" encoding="utf-8" format="1" id="1990" original_language="English">
          <space_before />
          <space_after />
          <text_data language="German">
            <text from_TM="False" rev_id="13" status="New" time="1222355938">Instead of manually going through your photos and selecting which ones you need to burn, use a program that keeps track of things.</text>
          </text_data><text_data language="Spanish">
            <text from_TM="False" rev_id="11" status="Complete" time="1222354203">Spanish :  manually going through your photos and selecting which ones you need to burn, use a program that keeps track of things.</text>
          </text_data><text_data language="English">
            <text from_TM="False" rev_id="11" status="Complete" time="1222354203">Instead of manually going through your photos and selecting which ones you need to burn, use a program that keeps track of things.</text>
          </text_data>
        </ta_sentence><ta_sentence do_translation="yes" encoding="utf-8" format="1" id="1991" original_language="English">
          <space_before> </space_before>
          <space_after />
          <text_data language="German">
            <text from_TM="False" rev_id="13" status="New" time="1222355938">Photo Backup keeps a record of the backup history.</text>
            <marker end="12" id="0" start="0" />
          </text_data><text_data language="Spanish">
            <text from_TM="False" rev_id="11" status="Complete" time="1222354203">Spanish : up keeps a record of the backup history.</text>
            <marker end="12" id="0" start="0" />
          </text_data><text_data language="English">
            <text from_TM="False" rev_id="11" status="Complete" time="1222354203">Photo Backup keeps a record of the backup history.</text>
            <marker end="12" id="0" start="0" />
          </text_data><marker_def id="0" type="html">
            <html_marker tag="a">
              <attr name="href" val="photo_backup.htm" />
            </html_marker>
          </marker_def>
        </ta_sentence><ta_sentence do_translation="yes" encoding="utf-8" format="1" id="1992" original_language="English">
          <space_before> </space_before>
          <space_after />
          <text_data language="German">
            <text from_TM="False" rev_id="13" status="New" time="1222355938">It knows which photos are new or changed and would only burn them every time you use it.</text>
          </text_data><text_data language="Spanish">
            <text from_TM="False" rev_id="11" status="Complete" time="1222354203">Spanish : hich photos are new or changed and would only burn them every time you use it.</text>
          </text_data><text_data language="English">
            <text from_TM="False" rev_id="11" status="Complete" time="1222354203">It knows which photos are new or changed and would only burn them every time you use it.</text>
          </text_data>
        </ta_sentence><ta_sentence do_translation="yes" encoding="utf-8" format="1" id="1993" original_language="English">
          <space_before />
          <space_after />
          <text_data language="German">
            <text from_TM="False" rev_id="13" status="New" time="1222355938">Search the archive as if you're searching your hard drive</text>
          </text_data><text_data language="Spanish">
            <text from_TM="False" rev_id="11" status="Complete" time="1222354203">Spanish :  archive as if you're searching your hard drive</text>
          </text_data><text_data language="English">
            <text from_TM="False" rev_id="11" status="Complete" time="1222354203">Search the archive as if you're searching your hard drive</text>
          </text_data>
        </ta_sentence><ta_sentence do_translation="yes" encoding="utf-8" format="1" id="1994" original_language="English">
          <space_before />
          <space_after />
          <text_data language="German">
            <text from_TM="False" rev_id="13" status="New" time="1222355938">Photo Backup lets you search your archive of CDs and DVDs as if you were searching files on your hard drive.</text>
            <marker end="12" id="0" start="0" />
          </text_data><text_data language="Spanish">
            <text from_TM="False" rev_id="11" status="Complete" time="1222354203">Spanish : up lets you search your archive of CDs and DVDs as if you were searching files on your hard drive.</text>
            <marker end="12" id="0" start="0" />
          </text_data><text_data language="English">
            <text from_TM="False" rev_id="11" status="Complete" time="1222354203">Photo Backup lets you search your archive of CDs and DVDs as if you were searching files on your hard drive.</text>
            <marker end="12" id="0" start="0" />
          </text_data><marker_def id="0" type="html">
            <html_marker tag="a">
              <attr name="href" val="photo_backup.htm" />
            </html_marker>
          </marker_def>
        </ta_sentence><ta_sentence do_translation="yes" encoding="utf-8" format="1" id="1995" original_language="English">
          <space_before> </space_before>
          <space_after />
          <text_data language="German">
            <text from_TM="False" rev_id="13" status="New" time="1222355938">You can search to browse, according to file names, folders or dates.</text>
          </text_data><text_data language="Spanish">
            <text from_TM="False" rev_id="11" status="Complete" time="1222354203">Spanish : arch to browse, according to file names, folders or dates.</text>
          </text_data><text_data language="English">
            <text from_TM="False" rev_id="11" status="Complete" time="1222354203">You can search to browse, according to file names, folders or dates.</text>
          </text_data>
        </ta_sentence><ta_sentence do_translation="yes" encoding="utf-8" format="1" id="1996" original_language="English">
          <space_before> </space_before>
          <space_after />
          <text_data language="German">
            <text from_TM="False" rev_id="13" status="New" time="1222355938">You can even organize your photos in special albums that Photo Backup maintains - to make search even easier.</text>
          </text_data><text_data language="Spanish">
            <text from_TM="False" rev_id="11" status="Complete" time="1222354203">Spanish : en organize your photos in special albums that Photo Backup maintains - to make search even easier.</text>
          </text_data><text_data language="English">
            <text from_TM="False" rev_id="11" status="Complete" time="1222354203">You can even organize your photos in special albums that Photo Backup maintains - to make search even easier.</text>
          </text_data>
        </ta_sentence><ta_sentence do_translation="yes" encoding="utf-8" format="1" id="1997" original_language="English">
          <space_before />
          <space_after />
          <text_data language="German">
            <text from_TM="False" rev_id="13" status="New" time="1222355938">Recall photo from the archive - quickly and easily</text>
          </text_data><text_data language="Spanish">
            <text from_TM="False" rev_id="11" status="Complete" time="1222354203">Spanish : to from the archive - quickly and easily</text>
          </text_data><text_data language="English">
            <text from_TM="False" rev_id="11" status="Complete" time="1222354203">Recall photo from the archive - quickly and easily</text>
          </text_data>
        </ta_sentence><ta_sentence do_translation="yes" encoding="utf-8" format="1" id="1998" original_language="English">
          <space_before />
          <space_after />
          <text_data language="German">
            <text from_TM="False" rev_id="13" status="New" time="1222355938">Retrieving photos from the archive doesn't get any easier than this.</text>
          </text_data><text_data language="Spanish">
            <text from_TM="False" rev_id="11" status="Complete" time="1222354203">Spanish :  photos from the archive doesn't get any easier than this.</text>
          </text_data><text_data language="English">
            <text from_TM="False" rev_id="11" status="Complete" time="1222354203">Retrieving photos from the archive doesn't get any easier than this.</text>
          </text_data>
        </ta_sentence><ta_sentence do_translation="yes" encoding="utf-8" format="1" id="1999" original_language="English">
          <space_before> </space_before>
          <space_after />
          <text_data language="German">
            <text from_TM="False" rev_id="13" status="New" time="1222355938">Select the thumbnails of the photos you want to recall.</text>
          </text_data><text_data language="Spanish">
            <text from_TM="False" rev_id="11" status="Complete" time="1222354203">Spanish :  thumbnails of the photos you want to recall.</text>
          </text_data><text_data language="English">
            <text from_TM="False" rev_id="11" status="Complete" time="1222354203">Select the thumbnails of the photos you want to recall.</text>
          </text_data>
        </ta_sentence><ta_sentence do_translation="yes" encoding="utf-8" format="1" id="2000" original_language="English">
          <space_before> </space_before>
          <space_after />
          <text_data language="German">
            <text from_TM="False" rev_id="13" status="New" time="1222355938">Photo Backup will get them for you from your archive CDs/DVDs and will copy them back to your hard drive.</text>
            <marker end="12" id="0" start="0" />
          </text_data><text_data language="Spanish">
            <text from_TM="False" rev_id="11" status="Complete" time="1222354203">Spanish : up will get them for you from your archive CDs/DVDs and will copy them back to your hard drive.</text>
            <marker end="12" id="0" start="0" />
          </text_data><text_data language="English">
            <text from_TM="False" rev_id="11" status="Complete" time="1222354203">Photo Backup will get them for you from your archive CDs/DVDs and will copy them back to your hard drive.</text>
            <marker end="12" id="0" start="0" />
          </text_data><marker_def id="0" type="html">
            <html_marker tag="a">
              <attr name="href" val="photo_backup.htm" />
            </html_marker>
          </marker_def>
        </ta_sentence><ta_sentence do_translation="yes" encoding="utf-8" format="1" id="2001" original_language="English">
          <space_before />
          <space_after />
          <text_data language="German">
            <text from_TM="False" rev_id="13" status="New" time="1222355938">We've even got a free version!</text>
          </text_data><text_data language="Spanish">
            <text from_TM="False" rev_id="11" status="Complete" time="1222354203">Spanish :  got a free version!</text>
          </text_data><text_data language="English">
            <text from_TM="False" rev_id="11" status="Complete" time="1222354203">We've even got a free version!</text>
          </text_data>
        </ta_sentence><ta_sentence do_translation="yes" encoding="utf-8" format="1" id="2002" original_language="English">
          <space_before />
          <space_after />
          <text_data language="German">
            <text from_TM="False" rev_id="13" status="New" time="1222355938">Don't need all the features of the commercial version? You're welcome to use Photo Backup LE - completely for free.</text>
            <marker end="92" id="0" start="77" />
          </text_data><text_data language="Spanish">
            <text from_TM="False" rev_id="11" status="Complete" time="1222354203">Spanish :  all the features of the commercial version? You're welcome to use Photo Backup LE - completely for free.</text>
            <marker end="92" id="0" start="77" />
          </text_data><text_data language="English">
            <text from_TM="False" rev_id="11" status="Complete" time="1222354203">Don't need all the features of the commercial version? You're welcome to use Photo Backup LE - completely for free.</text>
            <marker end="92" id="0" start="77" />
          </text_data><marker_def id="0" type="html">
            <html_marker tag="a">
              <attr name="href" val="photo_backup_le.htm" />
            </html_marker>
          </marker_def>
        </ta_sentence><ta_sentence do_translation="yes" encoding="utf-8" format="1" id="2003" original_language="English">
          <space_before />
          <space_after />
          <text_data language="German">
            <text from_TM="False" rev_id="13" status="New" time="1222355938">To try it out, download Photo Backup and start backing up your digital photos!</text>
            <marker end="78" id="0" start="0" />
            <marker end="36" id="1" start="15" />
          </text_data><text_data language="Spanish">
            <text from_TM="False" rev_id="11" status="Complete" time="1222354203">Spanish : out, download Photo Backup and start backing up your digital photos!</text>
            <marker end="78" id="0" start="0" />
            <marker end="36" id="1" start="15" />
          </text_data><text_data language="English">
            <text from_TM="False" rev_id="11" status="Complete" time="1222354203">To try it out, download Photo Backup and start backing up your digital photos!</text>
            <marker end="78" id="0" start="0" />
            <marker end="36" id="1" start="15" />
          </text_data><marker_def id="0" type="html">
            <html_marker tag="b" />
          </marker_def><marker_def id="1" type="html">
            <html_marker tag="a">
              <attr name="href" val="pb_download.htm" />
            </html_marker>
          </marker_def>
        </ta_sentence><ta_sentence do_translation="no" encoding="utf-8" format="1" id="2004" original_language="English">
          <space_before />
          <space_after />
          <text_data language="German">
            <text from_TM="False" rev_id="13" status="New" time="1222355938">(</text>
            <marker end="1" id="0" start="0" />
          </text_data><text_data language="Spanish">
            <text from_TM="False" rev_id="11" status="Complete" time="1222354203">Spanish : </text>
            <marker end="1" id="0" start="0" />
          </text_data><text_data language="English">
            <text from_TM="False" rev_id="11" status="Complete" time="1222354203">(</text>
            <marker end="1" id="0" start="0" />
          </text_data><marker_def id="0" type="html">
            <html_marker tag="img">
              <attr name="src" val="images/corners/white-left-btm.gif" />
              <attr name="width" val="10" />
              <attr name="height" val="10" />
              <attr name="alt" val="(" />
            </html_marker>
          </marker_def>
        </ta_sentence><ta_sentence do_translation="no" encoding="utf-8" format="1" id="2005" original_language="English">
          <space_before />
          <space_after />
          <text_data language="German">
            <text from_TM="False" rev_id="13" status="New" time="1222355938">)</text>
            <marker end="1" id="0" start="0" />
          </text_data><text_data language="Spanish">
            <text from_TM="False" rev_id="11" status="Complete" time="1222354203">Spanish : </text>
            <marker end="1" id="0" start="0" />
          </text_data><text_data language="English">
            <text from_TM="False" rev_id="11" status="Complete" time="1222354203">)</text>
            <marker end="1" id="0" start="0" />
          </text_data><marker_def id="0" type="html">
            <html_marker tag="img">
              <attr name="src" val="images/corners/white-right-btm.gif" />
              <attr name="width" val="10" />
              <attr name="height" val="10" />
              <attr name="alt" val=")" />
            </html_marker>
          </marker_def>
        </ta_sentence><ta_sentence do_translation="yes" encoding="utf-8" format="1" id="2006" original_language="English">
          <space_before />
          <space_after />
          <text_data language="German">
            <text from_TM="False" rev_id="13" status="New" time="1222355938">Products&#160;&#160; - &#160;&#160;Passport Photo&#160;&#160; - &#160;&#160;Photo Backup&#160;&#160; - &#160;&#160;Shrink Pic&#160;&#160; - &#160;&#160;Resources&#160;&#160; - &#160;&#160;Partners&#160;&#160; - &#160;&#160;Blog</text>
            <marker end="8" id="0" start="0" />
            <marker end="29" id="1" start="15" />
            <marker end="48" id="2" start="36" />
            <marker end="65" id="3" start="55" />
            <marker end="81" id="4" start="72" />
            <marker end="96" id="5" start="88" />
            <marker end="107" id="6" start="103" />
          </text_data><text_data language="Spanish">
            <text from_TM="False" rev_id="11" status="Complete" time="1222354203">Spanish :  - &#160;&#160;Passport Photo&#160;&#160; - &#160;&#160;Photo Backup&#160;&#160; - &#160;&#160;Shrink Pic&#160;&#160; - &#160;&#160;Resources&#160;&#160; - &#160;&#160;Partners&#160;&#160; - &#160;&#160;Blog</text>
            <marker end="8" id="0" start="0" />
            <marker end="29" id="1" start="15" />
            <marker end="48" id="2" start="36" />
            <marker end="65" id="3" start="55" />
            <marker end="81" id="4" start="72" />
            <marker end="96" id="5" start="88" />
            <marker end="107" id="6" start="103" />
          </text_data><text_data language="English">
            <text from_TM="False" rev_id="11" status="Complete" time="1222354203">Products&#160;&#160; - &#160;&#160;Passport Photo&#160;&#160; - &#160;&#160;Photo Backup&#160;&#160; - &#160;&#160;Shrink Pic&#160;&#160; - &#160;&#160;Resources&#160;&#160; - &#160;&#160;Partners&#160;&#160; - &#160;&#160;Blog</text>
            <marker end="8" id="0" start="0" />
            <marker end="29" id="1" start="15" />
            <marker end="48" id="2" start="36" />
            <marker end="65" id="3" start="55" />
            <marker end="81" id="4" start="72" />
            <marker end="96" id="5" start="88" />
            <marker end="107" id="6" start="103" />
          </text_data><marker_def id="0" type="html">
            <html_marker tag="a">
              <attr name="href" val="./" />
            </html_marker>
          </marker_def><marker_def id="1" type="html">
            <html_marker tag="a">
              <attr name="href" val="passport_photo.htm" />
            </html_marker>
          </marker_def><marker_def id="2" type="html">
            <html_marker tag="a">
              <attr name="href" val="photo_backup.htm" />
            </html_marker>
          </marker_def><marker_def id="3" type="html">
            <html_marker tag="a">
              <attr name="href" val="shrink_pic.htm" />
            </html_marker>
          </marker_def><marker_def id="4" type="html">
            <html_marker tag="a">
              <attr name="href" val="links_nav.htm" />
            </html_marker>
          </marker_def><marker_def id="5" type="html">
            <html_marker tag="a">
              <attr name="href" val="partners.htm" />
            </html_marker>
          </marker_def><marker_def id="6" type="html">
            <html_marker tag="a">
              <attr name="href" val="blog/" />
            </html_marker>
          </marker_def>
        </ta_sentence><ta_sentence do_translation="yes" encoding="utf-8" format="1" id="2007" original_language="English">
          <space_before />
          <space_after />
          <text_data language="German">
            <text from_TM="False" rev_id="13" status="New" time="1222355938">This website has been translated using ICanLocalize - Affordable Website Translation</text>
            <marker end="-1" id="0" start="0" />
            <marker end="84" id="1" start="39" />
            <marker end="-1" id="0" start="0" />
          </text_data><text_data language="Spanish">
            <text from_TM="False" rev_id="11" status="Complete" time="1222354203">Spanish : te has been translated using ICanLocalize - Affordable Website Translation</text>
            <marker end="-1" id="0" start="0" />
            <marker end="84" id="1" start="39" />
            <marker end="-1" id="0" start="0" />
          </text_data><text_data language="English">
            <text from_TM="False" rev_id="11" status="Complete" time="1222354203">This website has been translated using ICanLocalize - Affordable Website Translation</text>
            <marker end="-1" id="0" start="0" />
            <marker end="84" id="1" start="39" />
            <marker end="-1" id="0" start="0" />
          </text_data><marker_def id="0" type="html">
            <html_marker tag="span">
              <attr name="class" val="copyright" />
            </html_marker>
          </marker_def><marker_def id="1" type="html">
            <html_marker tag="a">
              <attr name="target" val="_blank" />
              <attr name="href" val="http://www.icanlocalize.com" />
            </html_marker>
          </marker_def>
        </ta_sentence><ta_sentence do_translation="yes" encoding="utf-8" format="1" id="2008" original_language="English">
          <space_before />
          <space_after />
          <text_data language="German">
            <text from_TM="False" rev_id="13" status="New" time="1222355938">&#169; OnTheGoSystems,INC. 2003-2008</text>
            <marker end="21" id="0" start="2" />
            <marker end="31" id="-1" start="-1" />
          </text_data><text_data language="Spanish">
            <text from_TM="False" rev_id="11" status="Complete" time="1222354203">Spanish : ystems,INC. 2003-2008</text>
            <marker end="21" id="0" start="2" />
            <marker end="31" id="-1" start="-1" />
          </text_data><text_data language="English">
            <text from_TM="False" rev_id="11" status="Complete" time="1222354203">&#169; OnTheGoSystems,INC. 2003-2008</text>
            <marker end="21" id="0" start="2" />
            <marker end="31" id="-1" start="-1" />
          </text_data><marker_def id="0" type="html">
            <html_marker tag="a">
              <attr name="href" val="http://www.onthegosystems.com/" />
              <attr name="target" val="_blank" />
            </html_marker>
          </marker_def><marker_def id="-1" type="html">
            <html_marker tag="span" />
          </marker_def>
        </ta_sentence>
      </sentences><html_output_change_data_3 />
    </translation>
  </ta_buffer><ta_buffer encoding="utf-8" format="1" manual="False" original_language="English" source_file="/gimp_intro.htm" type="html">
    <extractor>
      <marked_file MD5="7f492b1c2b157a549b3829c4ca9e801a" encoding="zlib-hex">789cd55cdb92dc36927d9e8dd87fc0943dd64c6c75574bb22c5f5aed9025d9ee08cbd64aedd0ce930245a28a7093048720bb547e986fdf93990048d6a5a5b6f7652726e42a160924f272f26402ecf3bf3effe5d9d53f5fbd503f5ebdfc49bdfaf5bb9f2e9fa9d9c962f1f6e1b3c5e2f9d573f9e1f3d3b3fbeaaad5b5b79d75b52e178b173fcf2efef33fce8bae2af15fa5ce0ba373fe84cf9ded4a73f1ef4fe87f574fdf5d5d5efdf4e2931f2e5fbe527fffa1eed565a5d746bdd4b56dfa52d388ea95ceae71f11fea445dd65debf23ea3eb34c0bfcf17325e18bc329d5645d73527e65fbdbd79327be6eaced4ddc9d5b6313395c9b727b3cebcef1624df372a2b74eb4df78484a1cfeff0e55da5db6bd37e328be396b6be56456b564f66bedb96c69f66decf546bca78a130a69ba90ed384d1e90659fd222c9fbf2c5dbe8da3fef5e44475ae514b5dd7a67da896666d6b757212ee2565e96569d4c6e65df164f6f88bb3995aba3637ed93193eead2aeeb27b30c2b322d1667cab2d1796eeb35ff4cdf7da3b3f01d83fee5bc6b2f14fe4b23e7aa30765d40198f4831742b067b8819d6f8e630c5270fee3f7ef4f4f94c8c756eabb5f26df66466c9447eb12c7b03e94fd77645b260a05feaabc2fce0deb8155431167a98e9225a2d6779161048e43a30edbea45f3c98881aeec03db9bdd951c7853a2c75e9d6eefe07647ef8d5e3d9784e119ac78b33866560de8b038bf9a0926f51e9d2759dabfe0fb4bae75ea6cec5b9fe927eaaf58d5d4b94b1f33d941b680963e11fecb8c84dd0b5c83abb38a4ffa9ef7efee59ff2dd73591144ca4aedfd935965ea1e134445ea109ca78bd9c52b41087fbed013bd7cf8e9dc6dead2e9fc14c830bb781ebefd818196fd56c6f8aedfdefd6942299d7532c233f972f7517cdf34ae0da3bc912f7ba390a7e01fb2d4c5c89b773d68e42670a287d18b268e3ef6eea9edef9f9dfd6d62fc1debee5a9fc64e83c7d165ad1006506c4a8358488177f096da7953fe3fbba7a5681bdd131185212e59e936b4891a9fc5911bfbde94f7f9f230f0e4dec78f1e0f010d41c609e0fbfbdf3ffefeab11cefe09bb7e7ec8aee2b3f21517c881a2e45748a22757aef959df40f27180ffe82a439efc59bdf4cd379fadbb6fe453ba89b2b57f07a715e70720ac5b5d215bdf58b3f1871e65fe6147e4e27c41b25c44c924688afb22ef9f602b18228e19d25658ae08f76e6574d7b7c6c7685e5efc776fb36b0cb572e78b6588de651b1527033dd39d59bb76fbb5faa1d54d6133af4c6e3bd7eedefe979fcc8d29bf26c94c5be11e3c08419fe637bace4cbe77bb526fcdf26b05cd76ba5d8325cdde2d4b5d5fcf82a6896a7dbd586c361b24acaa3975ed5aecd34005a4e8f9079fa5e74e36b63ef5ae6f33b3c210e6b4361d0c7d59fb4e97a56907dc9ac886853bdf7dadbe7ffde245fa59281741197f6a26fe84f1ea5cb7f9a0deb785a9d5d6f54ab746e92ceb3d329ac9017b2a37888a7a0d77ef0ab51e2b96ae3662672f3fd7bac2c7d25e1b28d32d8d7a55b8cef902e0e95af5d266adf348e0c1615eb071e64a2bbab8a1a9c3702aa305e7e08917c8faea072887ccae72677c7daf53e63d9241b955a5d13786e5e6e93bdc8b5be1389e7cb02b74a72cfeefb1088fc8c68850ac629a1157703af8d3a2f938657dd7774afb6ba56b48e0ea75672ba37eb275ff7ef16b6ddfabde9b163fe624cf169295a5ea80012c27cb14d73427b91a0be7b3dd3daf5a8d075ae5f21c0ae96b020cd6e89c5680f534ba95757ad846b915afb782ed55e336a65df525d24f559936b350df56e91b6d4b86aa61c5aee5a1f84962f71d4c9cebed3cc80be1fa9aed37586e038317808d0ea37956a06e9ad6bdc7a058d6567dfac5d9195fa6412144a96e4c4b0698a785aa427b98395ce79be1eb201a3e18098b4775602742f323abd6189518c9bead68cd078d954a961d42f0c9188e28b8e41be93a493bb8275d7e139d93c47e2b628f280466383ad76baabf5a036ed201cbded2523d0808d90e3556cea3e64e5daada98fcdb8f1cf4327938c6fcdeb69ee2295da2b18798f9a8019f5baf09fa3a0a6430bef157f60bc6c995ce8cbaf4be371fbbfa526f61f01987f02bf25092ed27bef8b57a6d2a7743ea7d8da87cb1351f3926886056f661f1a32f80efb7855370d8be2416863a1cf918a13836ec010d9f2ffa509d6b8eb527b3a97fd01352bc3f10510e65b3071f811bbf80d6d89ae3720246000b0ac8117cf8adef4ce5e71c4fec8f080fc00ec34ae0b326673c8cb839579541f6c552399c2a42a6800f8d01ab32411169c404b8baf48e1b02ad5df6002200fea615bfa79be37da7bc546e55bcf98e3fa108544f2942e1787d091829206504df1b489430690c3eb414bdf4aeec193a38bac9c36ab7d9c188010778498ca26d5f93ae863c12a2f1b074572c91c7d8806bc5205dda0a689bc302955358afeada3e8a1197fa0dc32b9613b589213cc808a906ee955db3c0bad2bf635137a61e50f8379d636ce89d2c858c58c88f5be58de1bb4aeb39f623bd1923749dbcf4748a70d12fa758b2e79757c6b3d57e8cb8425246ce377ef62e4e7b89c4e54961c97128776c1c59097e6c572bd3624c385c067d6141d011380ee656083f4d6be5cc96e9462f6d09bfa2454335940ef15fdb913bd00f5b7ad435a6252a864940aec9416e74bba555c5098e591a7edec2cf2014091c6f571bccc17e88252cb724d6d397cfd5d3ae40da565f7cae1e7e7e76f65f78d465f05a78271c8ca308567f70fa40ad8bdf598d4bb012934beebdafd6280297db8e333029972f074f54fff38a94be1230d6e57179bd41d4e55162a652a0ce4084ea80d45f9e9d55908570b81c89cb33bb1a7a7af0e80b4080c8c529a0828763ecb820b009939297faeacb1d1fbbd5099e66198a1b0e071788c335f977001841a810a10c4fdee4e536062b4151348780d020c53c7d7ef962aed2979faf3e1f7e7970067631245e5230624513cbec3a6109f71f7c395dfceba72f4f957a090cdcd449bd08c2c0689746b78257aeefe6c46f304e665a101cd2e50abf965030215b43890414936339ac8823997e4f0817cc139739064e36a69782915ca9f7fc918183cda755656b5bf51509be6746f2af01242271ebc1c77cc919354c9d7ce208784c38c31e76ec9188bb600439f38a0710cc14360e5f00ee5a5006bd8496076e65bdf04410788157ae3ab2aee7d458109fa7a223303ed6999502888167c09c5879cc236fc668b5faad2788ad8933c3585493d37094643f9ccedeb22374216d38f008920f8f33ba0ba8c32625a7ea9e52f552c3d763c20ea546c837c4c4d95e2170788c487a63827007ea2d8e67e8819ec3425249c4998478e231fd1c5ed48f7013a0350917c811ca32886802dd27b5e81eb36bba6463ade9a76e17cd778fb07be9a964010a9088e1895dc2a090707093d11eb505689a5469941bdc8d9152a1e8dbbc1414a512f3f7e83cb7ad512d1d6226159d872c7f1768bb5cd18cf7c806d0c90dbb6b37ad0f097bd82b6b56634f06274c4b3cdeae0bee294f9f4a7a58522d2fde17a2848808ad13b26088dd12b7a2ee17d948aba5e519b4d08ec3e6fda7ebdb3070e9dcb50a1665ae68136de77804462c61cf71d5bc32862d17f48807409072f604623b7a1bc04efbee78268b61ad85151ce07dac10f687007945bfde674352831225a05e2ed5c366559a2c504b060cc4748d68ae03582b6adf1ce104df73418a5c84272b308c543b638525be241f3ad8ad48898d35b7344352483ac2a288a2bb1ef68fe9af43661c0c076fe7a5b3cf70de615720c593c753aa81fe0929703df614bb42285332de5dfc39067be2a5c1a9a57490f027782a4d979638341ec64b1b398fcfb4383052d1466f8ff8a1e18285b872f47c7c5ebb481b4431926af11d2ed5d6aa00eb17749e331b27db0fdc988897a9cd8aaeb27687144d0c84950ebd15a4d096c36a4e2d12249d1e06c65d96a33b46af50f35019b197913174e8f9a5790f2f4f5dd18cdc77e1f8e56e05435ecb0e40ca047053f6cf5dd613d1963e6820c41ceb26bf2def34d4fb743db93d059c9912ac0238b83332a1376d0140afa5ebc4c1b8b6046f94e271fa80b4686015f04c22c9b1d2a2d08df977a52d698ef939d5819da90fcb7cd9a5661cbcb1afcc0876c876cabc0799e7889de200174f713a720be103ac552c018f9514d931c233ca1d4dc7ca980e841f37a13ca3dc4aad238406513b9a829eb39e4a88b00c5a3e72dc5da2e98d040c03a59576de61232339f5ab95cd2cf1120a25c379bd12e0873234dc6b83dce5aec77935f6ccd8c0a12a9a9312567dcb010965d05ad8bfaf512297265f87c69f4d518bb24eb7d73c6023e5de6d5ec6ad81d01308a94697296d1065c37a30c3b2e7ba4bd303b055923545b73788356e00ced5b5310dd9a3b2b189d8f46d867a5e0caef814822e99b5858af420ea4a9413516252b8df65c41cbfbe5159df82016647906892926e6926b29b849e836eade91818c69e3f2768465882fb731120f64ba435c3caa0a6e812d417edc456a5cb74c9b723f09db40e0a53368903a596c1aa7595b4696e33dd1b4b040ab7f92804d3c6b4b8de4b38b5ba5e87d040398c4778f84f1f3c22013e7d74368fe2b9eb50e57ae1997419c1b2525cb1011828d03e7df4e84c1e7cfc88f4e7a4b4a34b63f34acb57dac30953a0c964d6d3d08a09feeafb25c55967a122997e0fde89fd745d0b98b0520eb0ae38a9d995106152006532629304f552bbc4227d4457873c86e50a515a9704f9472aa59d66e85ead34f9fd2e75d2b3be257887b0a64e392308b9b4eb3541b2efe0d8ebae98efd4484875e2a99de8768421893c91bb53338f525b1c6f63f4750dbd1c8f941da2c83e6d083d5752ac6b21ac5ea11636615f2162c1885c1cc99a9711fa00ea59407a2277f0a58ebbb6341f15e69c5a19ce91bc7aa8adee228c8b208727f8a5662f9092fabdae9a728047eb779a9ee40c9c415a3cd125d51dd18d8bb7e994c1c2a6d35767c8b26b4089a798bfffe5f0352d0f54b7220156b48d139a2fbca9b0e02362948a16af79f8d35185b60ab5b32fc8e7e3f4d00fb160b836357e437025a196438f2c4a41150dc26995c058944da890041491ae9c2bfd2191385e43110fc0ec975db0524710c32139a0f66dc56ca86305baa2d107ef05196f28de015d9c8bb2d266d752f886cd3c5aa328008fde257993733b069c4aff063be5a3b85597c132818f860ed15edf662f08f9200c451861253576c870c0b1a12b912344dc1a28fd5e3a9d23d08425310b937cea02501dd93458b01e96b61fa1e083466745185770a183d996ba9d8f542443ce95e9b253555125bc34d258b2bf13f1259ac0a9281f25eed3480a98d70a1b483b271c43445d92d23c67212bc40f585382bdf396a6a3329ff6ee2aa0f1021361ce60724aa0a8c96ba2f03c1518fb75da4d96f35e7306946a4b598594151b2989254a2b414f4c08d92f69eb4c2b383d8c43bbd492bfa53b91d30ebf6b88a3f19cc23b47fb1597b89b68215707fb76dcdd91264be26e8a26ca1deaf25ec5baa24c469058daa6a17551ab98e75a7169b234ddc6e0b96a3bd90699d3053a7819b745e809f1d6fd89d9f92ea587056e48a72ca97149e5942c16baf8d991c519b0975261059378283a1be410ab8cfcce9376b36b62cf10213c84781c47e28ee3c6e0ecb4bf861bf2fe48da31b91c79909336c6c46c87936edc29dccbb6df99c295a19a69e216a2dc7dd71e65da87468e64167c601786550d790161317554e4e9c23d9660892baa28b82c087e44cde870a6266d1751b30041ca8703480d7ce0b6a2fefe916c0357b63995c39c086206e0a299db5aa0e18e5d9932efc6b1ad82985204eda99d3a87e31302f01eeac9a4353b7674de5f88f971ce0fc53510b912902462cf65b33409264558a0ad8709c625f531749c339ee910ebdda90e73a9d2d3f2b8b48a3685f040d96373618ddf2af5cab4856efc58094ba243812278529796deec3577a05c1b0bcf9807785b36ba9a5091820e90964c2cd8e8dced8a6d5e3a0f828297d2a86855ce658cb682544319930fd0c42127c732e654c9c99638954cb00f120f557dbcdb71bebc207319da285f5e08b1d7a321efa2cfb7e6de8d61b7f68409988d4d0bb7336a4d078fa80b310caddaded6b22891e22448311767c984d84691375cff72c0f68d2da301f00ce10eea731f5c94d6336ee02e4bc2ceb86b2a02f07601c2206d9664c08b56076607dfc22a8b234553f09a4cf73e70b39cda3634ab683248fc2d7733ac973b53481029ae3db529292f8655f07c43660a1d4ac6c9d52af91aad237c465d646bde08e5d26bd0aacda812fa0d4f1fe7ce455f311fe71a8995282a0e2c5df2628ef8039467b185462b61b8e2f6033c10d50677b8621c6bb002540a87a77d39ba83f650b2b2e74657eed6210c74479ddac9860d12841407122f31418cf460dba0091f61a0d38de9fa4a957d66f3be3a558175c691a26a31bc0c3a6604e90405f1e4d025663bcd4901e18ae7661f96e02a5a41b0634fd9950e588db63f78b9c02af209a9b3647796633ee3741a36d8e4a12161f0a0a793ada33544f6a37149efffea8962422dbc7587648c7a4bd52cd08d95265c27d55bc51d314e4fec6a83c3c4131d3e0eec99ae50b733d4c642ea13dad10af865943b812d3b40e530521d824dba0dd4c341f8e631100740e2922d1c17256812b89f8773634c16b9f9c16d5fd4e8f5d89579f78787395ea38698e77a64e854b27aba0d55a0cc90b9830848b419679b081c61f7a90ddb2a6933c6173d5bc10ab333d20fe27b03f38f77046f0e52d0cd3e6567062a99f1b8fcd2751081476814c2df0b4efa4814a8ed3157bee26d38f9ed9ee7f33d5e7620c491839353e73af690c280bc73c2a82367fa7a1fb7b36fd1339d69dc0c4e1c73b66cea9bf6c6ec986f0aa19282378edac1616bc3d0599b5af3d9c69dbefc667cd87484888ce86111143528304eca5895fc5157966d72daa0db67d6025e69f33391a3e1c4d1a4cae1fc6c3e988a058843a4ee0fced54808a269e94ec1e0fb8c7146f84d1423962a0dd520d60fd0c547d463aeb1adf5a374ebd3e6556aae8033766ed888f8c84d52620b74f60119d1897bd05662096a2c1948a4abb654157365037dd5dc7fca750ff39956b035b42d2b4d5bbd546694bda1d3bf62635f203773eb1997658550382a8e098ff3d75b22c14d6078076381364c8d616cb1d9117fffb5a602adafa5b9cc8b125db69051f68e988bfb82f7eb9bd43dd9b656f34ed26070e2938c06b41d8c679686a37ca000e3503972924e62eb08bd16372410e0fd24c7fc93b6c7983139f1b608234108d6f7e0b4519075c9c70583872adf850342acf4e44d4cf4e14d464e42b07d25f8cda48afe237b9391ba4db8f1ceb2c39107de24483b2442dab9754ff28d08aa1cac49450f754053cf88bb25ac09b9c43d0d6014fee1ea26ea6a1ee2a9d94ac925899e6e94d68d1002c43eb3118afcd827ab51f90945e157962c9dc1adcb6da85953cb6e68d684829ed107135adaae93adefa9a1abf84285198974704441ee6903201e3aa4c64f3a0c3ae82c1e6462c19939d440a862f7049ff6f1d497e3164999127748e37567e968342a27045d4e56253240ed194a446cc1d0041cad41b7dd74016ca7265e0b9d90d0a89243707848ac2b7b7c6b72346e029153104be14355ed56da1021271254625859a4794f3b89e35061a58b9b8fa206c6c883ac1380a5edd6a0ad0e750df32c8a1ae07b5630c901a72390277f6e13a0505568a871cc1e561f0e5a9204f4626de20eedd6b4c33b0de4d72313d93bc51dfbe8e0578dad1b07249fd386336d910ae97065aafc435316ff3a84673c9510050e157162797a68a38e36dea87b10b64bb7fb6f774c5f4008cbb4a363a2db50c7a4212627746174aa8b93550a266c23d692f8f99176d3e410f95ecf69f4eb5d7a4ce3b3441b63ae9972040ab9ecd7dc2067b7da686a876ad1f3901e18a8756ad1f07e624a00032339d0aed3791ea2928375a7d0f4eaef9eaa0e28291cd9e2ae969c165a9bfc1f931dd37448882cc823492d513822da7bbbf9b71fa8bb84407c3e8a8f7bd0fd594f54327898d43a96c1863271daf10bb3515b8645d8eb93df2de3848d15261fd3b4e308652a7b72b44f23564062b6d39e08f4c384d9f1c112b2e691634f8301071d0f1b9d727e259d7f802ac28988bb9cf093da9392dece661ec572174e622a3e535c0a4873069fae799c7177b6e5b9a61e646e692bdf8ff67fe014722a8f9936f7be4bf3de4a20cf63333c6ebfef81c1e80520aa1bbc66461c7bfea59b805d7a47b2682f86cf21705f526d175e6f8cdcc14e62383c707b772ca24968eab23e6587e85bf50bbc91de002bdd9ac9bf344888d9aae1b567fcb8f8d60bfdb0f993fbf76717b40f529a6e38f4d6f4cb608cd1fb98f37044ada0b385beaf2a3a97302979f885d1db5e8c95f75a0fbde1fa81b7610fbf493b7edd3d3c2d6fbbd39187bd87a782a43feeb0728e4170efef3a1c7a5f3ebeda78f465f6f0d22affab4ed4f86b7aa681a44494de71c486f75fc335f1dcbd91e24ba4c746a487de5147ab6fc278dc9ffc8eaf7cac5cbe686d7dfdaeb15978219dbfab5736fbd811765eea7d6de47dd18fd60c3be72c38f0eeeba49f11fdfd468dfed4021dbf7f78827fbe084ec82fc78f8c9afe9a02593efc558ff345f89b27ff0bc9884abc</marked_file>
      <paragraph_indexes count="87">94 161 523 599 705 780 785 798 862 941 1191 1221 1253 1294 1326 1356 1388 1426 1458 1496 2150 2317 2326 2383 2432 2454 2463 2501 2510 2548 2557 2704 2713 2735 2783 3046 3084 3474 3523 3611 3631 3696 3716 3777 3797 3865 3885 3949 3969 4050 4108 4125 4164 4360 4374 4518 4532 4724 4772 4818 4857 5008 5022 5184 5198 5336 5374 5809 5856 5878 5917 6103 6117 6316 6330 6579 6617 6795 6809 6922 6936 7076 7090 7299 7337 7443 7457 7666 7680 7759 7773 7939 7953 8145 8183 8373 8387 8605 8619 8816 8830 9179 9228 9246 9285 9415 9429 9512 9526 9609 9623 9699 9713 10126 10164 10345 10359 11088 11130 11162 11201 11345 11359 11560 11574 11609 11647 11945 11983 12197 12211 12388 12402 12507 12521 12998 13036 13163 13177 13355 13369 13523 13537 13713 13751 14040 14078 14275 14289 14418 14432 14623 14661 15511 15549 15807 15854 15870 15909 16168 16182 16273 16311 16526 16540 16772 16807 16834 16877 17028 17268 17631 17640 17673 </paragraph_indexes>
      <support_files>
        <file type="todo">images/bluebottom.gif</file>
        <file type="todo">images/bluetop.gif</file>
        <file type="todo">images/bottomwhite.gif</file>
        <file type="todo">images/bottomwhite2.gif</file>
        <file type="todo">images/logo1.gif</file>
        <file type="todo">images/menutabA1.gif</file>
        <file type="todo">images/menutabB1.gif</file>
        <file type="todo">images/photobackup/1bckgrnd.gif</file>
        <file type="todo">images/photobackup/2bckgrnd.gif</file>
        <file type="todo">images/photobackup/3bckgrnd.gif</file>
        <file type="todo">images/topline1.gif</file>
        <file type="todo">images/topline2.gif</file>
        <file type="todo">images/topline2WB.gif</file>
        <file type="todo">images/toplineL.gif</file>
        <file type="todo">images/toplineLW.gif</file>
        <file type="todo">images/toplineR.gif</file>
        <file type="todo">images/topwhite2.gif</file>
        <file type="todo">styles.css</file>
      </support_files>
    </extractor><translation>
      <languages>
        <language reviewed="False">Spanish</language>
        <language reviewed="False">German</language>
      </languages><sentences count="87">
        <ta_sentence do_translation="yes" encoding="utf-8" format="1" id="506" original_language="English" type="title">
          <space_before />
          <space_after />
          <text_data language="German">
            <text from_TM="False" rev_id="13" status="New" time="1222355938">GIMP (Gnu Image Manipulation Package) - Introduction</text>
          </text_data><text_data language="Spanish">
            <text from_TM="False" rev_id="11" status="Complete" time="1222354203">Spanish : Image Manipulation Package) - Introduction</text>
          </text_data><text_data language="English">
            <text from_TM="False" rev_id="11" status="Complete" time="1222354203">GIMP (Gnu Image Manipulation Package) - Introduction</text>
          </text_data>
        </ta_sentence><ta_sentence do_translation="yes" encoding="utf-8" format="1" id="507" original_language="English">
          <space_before />
          <space_after />
          <text_data language="German">
            <text from_TM="False" rev_id="13" status="New" time="1222355938">OnTheGoSoft</text>
            <marker end="11" id="0" start="0" />
          </text_data><text_data language="Spanish">
            <text from_TM="False" rev_id="11" status="Complete" time="1222354203">Spanish : t</text>
            <marker end="11" id="0" start="0" />
          </text_data><text_data language="English">
            <text from_TM="False" rev_id="11" status="Complete" time="1222354203">OnTheGoSoft</text>
            <marker end="11" id="0" start="0" />
          </text_data><marker_def id="0" type="html">
            <html_marker tag="img">
              <attr name="src" val="images/bluetop.gif" />
              <attr name="alt" val="OnTheGoSoft" />
              <attr name="width" val="760" />
              <attr name="height" val="5" />
            </html_marker>
          </marker_def>
        </ta_sentence><ta_sentence do_translation="yes" encoding="utf-8" format="1" id="508" original_language="English">
          <space_before />
          <space_after />
          <text_data language="German">
            <text from_TM="False" rev_id="13" status="New" time="1222355938">OnTheGoSoft</text>
            <marker end="11" id="0" start="0" />
          </text_data><text_data language="Spanish">
            <text from_TM="False" rev_id="11" status="Complete" time="1222354203">Spanish : t</text>
            <marker end="11" id="0" start="0" />
          </text_data><text_data language="English">
            <text from_TM="False" rev_id="11" status="Complete" time="1222354203">OnTheGoSoft</text>
            <marker end="11" id="0" start="0" />
          </text_data><marker_def id="0" type="html">
            <html_marker tag="img">
              <attr name="src" val="images/logo1.gif" />
              <attr name="alt" val="OnTheGoSoft" />
              <attr name="width" val="397" />
              <attr name="height" val="62" />
            </html_marker>
          </marker_def>
        </ta_sentence><ta_sentence do_translation="no" encoding="utf-8" format="1" id="509" original_language="English">
          <space_before> </space_before>
          <space_after />
          <text_data language="German">
            <text from_TM="False" rev_id="13" status="New" time="1222355938" />
          </text_data><text_data language="Spanish">
            <text from_TM="False" rev_id="-1" status="Complete" time="1222355861" />
          </text_data><text_data language="English">
            <text from_TM="False" status="Complete" time="1222355861" />
          </text_data>
        </ta_sentence><ta_sentence do_translation="yes" encoding="utf-8" format="1" id="510" original_language="English">
          <space_before />
          <space_after />
          <text_data language="German">
            <text from_TM="False" rev_id="13" status="New" time="1222355938">OnTheGoSoft</text>
            <marker end="11" id="0" start="0" />
          </text_data><text_data language="Spanish">
            <text from_TM="False" rev_id="11" status="Complete" time="1222354203">Spanish : t</text>
            <marker end="11" id="0" start="0" />
          </text_data><text_data language="English">
            <text from_TM="False" rev_id="11" status="Complete" time="1222354203">OnTheGoSoft</text>
            <marker end="11" id="0" start="0" />
          </text_data><marker_def id="0" type="html">
            <html_marker tag="img">
              <attr name="src" val="images/bluebottom.gif" />
              <attr name="alt" val="OnTheGoSoft" />
              <attr name="width" val="760" />
              <attr name="height" val="5" />
            </html_marker>
          </marker_def>
        </ta_sentence><ta_sentence do_translation="yes" encoding="utf-8" format="1" id="511" original_language="English">
          <space_before />
          <space_after />
          <text_data language="German">
            <text from_TM="False" rev_id="13" status="New" time="1222355938">Products</text>
            <marker end="8" id="0" start="0" />
          </text_data><text_data language="Spanish">
            <text from_TM="False" rev_id="11" status="Complete" time="1222354203">Spanish : </text>
            <marker end="8" id="0" start="0" />
          </text_data><text_data language="English">
            <text from_TM="False" rev_id="11" status="Complete" time="1222354203">Products</text>
            <marker end="8" id="0" start="0" />
          </text_data><marker_def id="0" type="html">
            <html_marker tag="a">
              <attr name="href" val="./" />
            </html_marker>
          </marker_def>
        </ta_sentence><ta_sentence do_translation="yes" encoding="utf-8" format="1" id="512" original_language="English">
          <space_before />
          <space_after />
          <text_data language="German">
            <text from_TM="False" rev_id="13" status="New" time="1222355938">Downloads</text>
            <marker end="9" id="0" start="0" />
          </text_data><text_data language="Spanish">
            <text from_TM="False" rev_id="11" status="Complete" time="1222354203">Spanish : </text>
            <marker end="9" id="0" start="0" />
          </text_data><text_data language="English">
            <text from_TM="False" rev_id="11" status="Complete" time="1222354203">Downloads</text>
            <marker end="9" id="0" start="0" />
          </text_data><marker_def id="0" type="html">
            <html_marker tag="a">
              <attr name="href" val="download.htm" />
            </html_marker>
          </marker_def>
        </ta_sentence><ta_sentence do_translation="yes" encoding="utf-8" format="1" id="513" original_language="English">
          <space_before />
          <space_after />
          <text_data language="German">
            <text from_TM="False" rev_id="13" status="New" time="1222355938">Buy</text>
            <marker end="3" id="0" start="0" />
          </text_data><text_data language="Spanish">
            <text from_TM="False" rev_id="11" status="Complete" time="1222354203">Spanish : </text>
            <marker end="3" id="0" start="0" />
          </text_data><text_data language="English">
            <text from_TM="False" rev_id="11" status="Complete" time="1222354203">Buy</text>
            <marker end="3" id="0" start="0" />
          </text_data><marker_def id="0" type="html">
            <html_marker tag="a">
              <attr name="href" val="buy.htm" />
            </html_marker>
          </marker_def>
        </ta_sentence><ta_sentence do_translation="yes" encoding="utf-8" format="1" id="514" original_language="English">
          <space_before />
          <space_after />
          <text_data language="German">
            <text from_TM="False" rev_id="13" status="New" time="1222355938">Contact</text>
            <marker end="7" id="0" start="0" />
          </text_data><text_data language="Spanish">
            <text from_TM="False" rev_id="11" status="Complete" time="1222354203">Spanish : </text>
            <marker end="7" id="0" start="0" />
          </text_data><text_data language="English">
            <text from_TM="False" rev_id="11" status="Complete" time="1222354203">Contact</text>
            <marker end="7" id="0" start="0" />
          </text_data><marker_def id="0" type="html">
            <html_marker tag="a">
              <attr name="href" val="contact.htm" />
            </html_marker>
          </marker_def>
        </ta_sentence><ta_sentence do_translation="yes" encoding="utf-8" format="1" id="515" original_language="English">
          <space_before />
          <space_after />
          <text_data language="German">
            <text from_TM="False" rev_id="13" status="New" time="1222355938">Support</text>
            <marker end="7" id="0" start="0" />
          </text_data><text_data language="Spanish">
            <text from_TM="False" rev_id="11" status="Complete" time="1222354203">Spanish : </text>
            <marker end="7" id="0" start="0" />
          </text_data><text_data language="English">
            <text from_TM="False" rev_id="11" status="Complete" time="1222354203">Support</text>
            <marker end="7" id="0" start="0" />
          </text_data><marker_def id="0" type="html">
            <html_marker tag="a">
              <attr name="href" val="support.htm" />
            </html_marker>
          </marker_def>
        </ta_sentence><ta_sentence do_translation="yes" encoding="utf-8" format="1" id="516" original_language="English">
          <space_before> </space_before>
          <space_after> </space_after>
          <text_data language="German">
            <text from_TM="False" rev_id="13" status="New" time="1222355938">Home&#160;&gt;&#160;Program reviews&#160;&gt;&#160;GIMP introduction</text>
            <marker end="42" id="0" start="0" />
            <marker end="4" id="1" start="0" />
            <marker end="22" id="2" start="7" />
          </text_data><text_data language="Spanish">
            <text from_TM="False" rev_id="11" status="Complete" time="1222354203">Spanish : gram reviews&#160;&gt;&#160;GIMP introduction</text>
            <marker end="42" id="0" start="0" />
            <marker end="4" id="1" start="0" />
            <marker end="22" id="2" start="7" />
          </text_data><text_data language="English">
            <text from_TM="False" rev_id="11" status="Complete" time="1222354203">Home&#160;&gt;&#160;Program reviews&#160;&gt;&#160;GIMP introduction</text>
            <marker end="42" id="0" start="0" />
            <marker end="4" id="1" start="0" />
            <marker end="22" id="2" start="7" />
          </text_data><marker_def id="0" type="html">
            <html_marker tag="span">
              <attr name="class" val="Text-TopNav" />
            </html_marker>
          </marker_def><marker_def id="1" type="html">
            <html_marker tag="a">
              <attr name="href" val="./" />
            </html_marker>
          </marker_def><marker_def id="2" type="html">
            <html_marker tag="a">
              <attr name="href" val="links_nav.htm" />
            </html_marker>
          </marker_def>
        </ta_sentence><ta_sentence do_translation="yes" encoding="utf-8" format="1" id="517" original_language="English">
          <space_before />
          <space_after />
          <text_data language="German">
            <text from_TM="False" rev_id="13" status="New" time="1222355938">GIMP (Gnu Image Manipulation Package) - Introduction</text>
          </text_data><text_data language="Spanish">
            <text from_TM="False" rev_id="11" status="Complete" time="1222354203">Spanish : Image Manipulation Package) - Introduction</text>
          </text_data><text_data language="English">
            <text from_TM="False" rev_id="11" status="Complete" time="1222354203">GIMP (Gnu Image Manipulation Package) - Introduction</text>
          </text_data>
        </ta_sentence><ta_sentence do_translation="yes" encoding="utf-8" format="1" id="518" original_language="English">
          <space_before />
          <space_after />
          <text_data language="German">
            <text from_TM="False" rev_id="13" status="New" time="1222355938">Quick Info</text>
            <marker end="10" id="0" start="0" />
          </text_data><text_data language="Spanish">
            <text from_TM="False" rev_id="11" status="Complete" time="1222354203">Spanish : </text>
            <marker end="10" id="0" start="0" />
          </text_data><text_data language="English">
            <text from_TM="False" rev_id="11" status="Complete" time="1222354203">Quick Info</text>
            <marker end="10" id="0" start="0" />
          </text_data><marker_def id="0" type="html">
            <html_marker tag="b" />
          </marker_def>
        </ta_sentence><ta_sentence do_translation="yes" encoding="utf-8" format="1" id="519" original_language="English">
          <space_before> </space_before>
          <space_after />
          <text_data language="German">
            <text from_TM="False" rev_id="13" status="New" time="1222355938">Category: Graphics editor</text>
          </text_data><text_data language="Spanish">
            <text from_TM="False" rev_id="11" status="Complete" time="1222354203">Spanish : Graphics editor</text>
          </text_data><text_data language="English">
            <text from_TM="False" rev_id="11" status="Complete" time="1222354203">Category: Graphics editor</text>
          </text_data>
        </ta_sentence><ta_sentence do_translation="yes" encoding="utf-8" format="1" id="520" original_language="English">
          <space_before> </space_before>
          <space_after />
          <text_data language="German">
            <text from_TM="False" rev_id="13" status="New" time="1222355938">Level: Intermediate - Advanced</text>
          </text_data><text_data language="Spanish">
            <text from_TM="False" rev_id="11" status="Complete" time="1222354203">Spanish : ermediate - Advanced</text>
          </text_data><text_data language="English">
            <text from_TM="False" rev_id="11" status="Complete" time="1222354203">Level: Intermediate - Advanced</text>
          </text_data>
        </ta_sentence><ta_sentence do_translation="yes" encoding="utf-8" format="1" id="521" original_language="English">
          <space_before> </space_before>
          <space_after />
          <text_data language="German">
            <text from_TM="False" rev_id="13" status="New" time="1222355938">Web: Homepage, Installer</text>
            <marker end="13" id="0" start="5" />
            <marker end="24" id="1" start="15" />
          </text_data><text_data language="Spanish">
            <text from_TM="False" rev_id="11" status="Complete" time="1222354203">Spanish : age, Installer</text>
            <marker end="13" id="0" start="5" />
            <marker end="24" id="1" start="15" />
          </text_data><text_data language="English">
            <text from_TM="False" rev_id="11" status="Complete" time="1222354203">Web: Homepage, Installer</text>
            <marker end="13" id="0" start="5" />
            <marker end="24" id="1" start="15" />
          </text_data><marker_def id="0" type="html">
            <html_marker tag="a">
              <attr name="target" val="_blank" />
              <attr name="href" val="http://www.gimp.org" />
            </html_marker>
          </marker_def><marker_def id="1" type="html">
            <html_marker tag="a">
              <attr name="target" val="_blank" />
              <attr name="href" val="http://gimp-win.sourceforge.net/" />
            </html_marker>
          </marker_def>
        </ta_sentence><ta_sentence do_translation="yes" encoding="utf-8" format="1" id="522" original_language="English">
          <space_before> </space_before>
          <space_after />
          <text_data language="German">
            <text from_TM="False" rev_id="13" status="New" time="1222355938">Cost: FREE</text>
          </text_data><text_data language="Spanish">
            <text from_TM="False" rev_id="11" status="Complete" time="1222354203">Spanish : </text>
          </text_data><text_data language="English">
            <text from_TM="False" rev_id="11" status="Complete" time="1222354203">Cost: FREE</text>
          </text_data>
        </ta_sentence><ta_sentence do_translation="yes" encoding="utf-8" format="1" id="523" original_language="English">
          <space_before />
          <space_after />
          <text_data language="German">
            <text from_TM="False" rev_id="13" status="New" time="1222355938">When you are accustomed to dealing with graphics editing packages with names like Adobe Photoshop or Microsoft Image Editor, a software package called The Gimp doesn't exactly leave you with the impression that it is designed for image editing.</text>
            <marker end="244" id="0" start="0" />
            <marker end="159" id="1" start="151" />
          </text_data><text_data language="Spanish">
            <text from_TM="False" rev_id="11" status="Complete" time="1222354203">Spanish : re accustomed to dealing with graphics editing packages with names like Adobe Photoshop or Microsoft Image Editor, a software package called The Gimp doesn't exactly leave you with the impression that it is designed for image editing.</text>
            <marker end="244" id="0" start="0" />
            <marker end="159" id="1" start="151" />
          </text_data><text_data language="English">
            <text from_TM="False" rev_id="11" status="Complete" time="1222354203">When you are accustomed to dealing with graphics editing packages with names like Adobe Photoshop or Microsoft Image Editor, a software package called The Gimp doesn't exactly leave you with the impression that it is designed for image editing.</text>
            <marker end="244" id="0" start="0" />
            <marker end="159" id="1" start="151" />
          </text_data><marker_def id="0" type="html">
            <html_marker tag="b" />
          </marker_def><marker_def id="1" type="html">
            <html_marker tag="b" />
          </marker_def>
        </ta_sentence><ta_sentence do_translation="yes" encoding="utf-8" format="1" id="524" original_language="English">
          <space_before />
          <space_after />
          <text_data language="German">
            <text from_TM="False" rev_id="13" status="New" time="1222355938">But ask any longtime Linux/Unix user and they will tell you that The Gimp, despite it's rather odd sounding name, is on par with some of the most powerful commercially available image editors on the market today, and that unlike Photoshop which retails for approximately $600 for the full version, The Gimp has a version for windows that is readily available as a free download.</text>
            <marker end="378" id="0" start="0" />
          </text_data><text_data language="Spanish">
            <text from_TM="False" rev_id="11" status="Complete" time="1222354203">Spanish : y longtime Linux/Unix user and they will tell you that The Gimp, despite it's rather odd sounding name, is on par with some of the most powerful commercially available image editors on the market today, and that unlike Photoshop which retails for approximately $600 for the full version, The Gimp has a version for windows that is readily available as a free download.</text>
            <marker end="378" id="0" start="0" />
          </text_data><text_data language="English">
            <text from_TM="False" rev_id="11" status="Complete" time="1222354203">But ask any longtime Linux/Unix user and they will tell you that The Gimp, despite it's rather odd sounding name, is on par with some of the most powerful commercially available image editors on the market today, and that unlike Photoshop which retails for approximately $600 for the full version, The Gimp has a version for windows that is readily available as a free download.</text>
            <marker end="378" id="0" start="0" />
          </text_data><marker_def id="0" type="html">
            <html_marker tag="b" />
          </marker_def>
        </ta_sentence><ta_sentence do_translation="yes" encoding="utf-8" format="1" id="525" original_language="English">
          <space_before />
          <space_after />
          <text_data language="German">
            <text from_TM="False" rev_id="13" status="New" time="1222355938">Introducing The Gimp Image Editing Software for Windows</text>
            <marker end="55" id="0" start="0" />
          </text_data><text_data language="Spanish">
            <text from_TM="False" rev_id="11" status="Complete" time="1222354203">Spanish : g The Gimp Image Editing Software for Windows</text>
            <marker end="55" id="0" start="0" />
          </text_data><text_data language="English">
            <text from_TM="False" rev_id="11" status="Complete" time="1222354203">Introducing The Gimp Image Editing Software for Windows</text>
            <marker end="55" id="0" start="0" />
          </text_data><marker_def id="0" type="html">
            <html_marker tag="a">
              <attr name="href" val="#Introduction" />
            </html_marker>
          </marker_def>
        </ta_sentence><ta_sentence do_translation="yes" encoding="utf-8" format="1" id="526" original_language="English">
          <space_before />
          <space_after />
          <text_data language="German">
            <text from_TM="False" rev_id="13" status="New" time="1222355938">What sort of hardware do I need?</text>
            <marker end="32" id="0" start="0" />
          </text_data><text_data language="Spanish">
            <text from_TM="False" rev_id="11" status="Complete" time="1222354203">Spanish : of hardware do I need?</text>
            <marker end="32" id="0" start="0" />
          </text_data><text_data language="English">
            <text from_TM="False" rev_id="11" status="Complete" time="1222354203">What sort of hardware do I need?</text>
            <marker end="32" id="0" start="0" />
          </text_data><marker_def id="0" type="html">
            <html_marker tag="a">
              <attr name="href" val="#Requirements" />
            </html_marker>
          </marker_def>
        </ta_sentence><ta_sentence do_translation="yes" encoding="utf-8" format="1" id="527" original_language="English">
          <space_before />
          <space_after />
          <text_data language="German">
            <text from_TM="False" rev_id="13" status="New" time="1222355938">First Impressions of The Gimp</text>
            <marker end="29" id="0" start="0" />
          </text_data><text_data language="Spanish">
            <text from_TM="False" rev_id="11" status="Complete" time="1222354203">Spanish : essions of The Gimp</text>
            <marker end="29" id="0" start="0" />
          </text_data><text_data language="English">
            <text from_TM="False" rev_id="11" status="Complete" time="1222354203">First Impressions of The Gimp</text>
            <marker end="29" id="0" start="0" />
          </text_data><marker_def id="0" type="html">
            <html_marker tag="a">
              <attr name="href" val="#Impressions" />
            </html_marker>
          </marker_def>
        </ta_sentence><ta_sentence do_translation="yes" encoding="utf-8" format="1" id="528" original_language="English">
          <space_before />
          <space_after />
          <text_data language="German">
            <text from_TM="False" rev_id="13" status="New" time="1222355938">Disadvantages and Interface Issues</text>
            <marker end="34" id="0" start="0" />
          </text_data><text_data language="Spanish">
            <text from_TM="False" rev_id="11" status="Complete" time="1222354203">Spanish : ges and Interface Issues</text>
            <marker end="34" id="0" start="0" />
          </text_data><text_data language="English">
            <text from_TM="False" rev_id="11" status="Complete" time="1222354203">Disadvantages and Interface Issues</text>
            <marker end="34" id="0" start="0" />
          </text_data><marker_def id="0" type="html">
            <html_marker tag="a">
              <attr name="href" val="#Disadvantages" />
            </html_marker>
          </marker_def>
        </ta_sentence><ta_sentence do_translation="yes" encoding="utf-8" format="1" id="529" original_language="English">
          <space_before />
          <space_after />
          <text_data language="German">
            <text from_TM="False" rev_id="13" status="New" time="1222355938">The Power of Layers: Removing Red Eye</text>
            <marker end="37" id="0" start="0" />
          </text_data><text_data language="Spanish">
            <text from_TM="False" rev_id="11" status="Complete" time="1222354203">Spanish : of Layers: Removing Red Eye</text>
            <marker end="37" id="0" start="0" />
          </text_data><text_data language="English">
            <text from_TM="False" rev_id="11" status="Complete" time="1222354203">The Power of Layers: Removing Red Eye</text>
            <marker end="37" id="0" start="0" />
          </text_data><marker_def id="0" type="html">
            <html_marker tag="a">
              <attr name="href" val="#layers" />
            </html_marker>
          </marker_def>
        </ta_sentence><ta_sentence do_translation="yes" encoding="utf-8" format="1" id="530" original_language="English">
          <space_before />
          <space_after />
          <text_data language="German">
            <text from_TM="False" rev_id="13" status="New" time="1222355938">Conclusions - Who should consider using The Gimp?</text>
            <marker end="49" id="0" start="0" />
          </text_data><text_data language="Spanish">
            <text from_TM="False" rev_id="11" status="Complete" time="1222354203">Spanish : s - Who should consider using The Gimp?</text>
            <marker end="49" id="0" start="0" />
          </text_data><text_data language="English">
            <text from_TM="False" rev_id="11" status="Complete" time="1222354203">Conclusions - Who should consider using The Gimp?</text>
            <marker end="49" id="0" start="0" />
          </text_data><marker_def id="0" type="html">
            <html_marker tag="a">
              <attr name="href" val="#Conclusions" />
            </html_marker>
          </marker_def>
        </ta_sentence><ta_sentence do_translation="yes" encoding="utf-8" format="1" id="531" original_language="English">
          <space_before />
          <space_after />
          <text_data language="German">
            <text from_TM="False" rev_id="13" status="New" time="1222355938">Introduction</text>
          </text_data><text_data language="Spanish">
            <text from_TM="False" rev_id="11" status="Complete" time="1222354203">Spanish : on</text>
          </text_data><text_data language="English">
            <text from_TM="False" rev_id="11" status="Complete" time="1222354203">Introduction</text>
          </text_data>
        </ta_sentence><ta_sentence do_translation="yes" encoding="utf-8" format="1" id="532" original_language="English">
          <space_before />
          <space_after />
          <text_data language="German">
            <text from_TM="False" rev_id="13" status="New" time="1222355938">Originally designed for use on Linux/Unix systems, the Gimp is user supported software, meaning that many of the people using the Gimp software also contribute to writing the software.</text>
            <marker end="77" id="0" start="63" />
          </text_data><text_data language="Spanish">
            <text from_TM="False" rev_id="11" status="Complete" time="1222354203">Spanish :  designed for use on Linux/Unix systems, the Gimp is user supported software, meaning that many of the people using the Gimp software also contribute to writing the software.</text>
            <marker end="77" id="0" start="63" />
          </text_data><text_data language="English">
            <text from_TM="False" rev_id="11" status="Complete" time="1222354203">Originally designed for use on Linux/Unix systems, the Gimp is user supported software, meaning that many of the people using the Gimp software also contribute to writing the software.</text>
            <marker end="77" id="0" start="63" />
          </text_data><marker_def id="0" type="html">
            <html_marker tag="b" />
          </marker_def>
        </ta_sentence><ta_sentence do_translation="yes" encoding="utf-8" format="1" id="533" original_language="English">
          <space_before> </space_before>
          <space_after />
          <text_data language="German">
            <text from_TM="False" rev_id="13" status="New" time="1222355938">As a result this impressive, powerful image editor is absolutely free and now has a version available that will run on Microsoft Windows.</text>
          </text_data><text_data language="Spanish">
            <text from_TM="False" rev_id="11" status="Complete" time="1222354203">Spanish : t this impressive, powerful image editor is absolutely free and now has a version available that will run on Microsoft Windows.</text>
          </text_data><text_data language="English">
            <text from_TM="False" rev_id="11" status="Complete" time="1222354203">As a result this impressive, powerful image editor is absolutely free and now has a version available that will run on Microsoft Windows.</text>
          </text_data>
        </ta_sentence><ta_sentence do_translation="yes" encoding="utf-8" format="1" id="534" original_language="English">
          <space_before> </space_before>
          <space_after />
          <text_data language="German">
            <text from_TM="False" rev_id="13" status="New" time="1222355938">This is not a time limited demo but truly free software; something that is sure to shock and amaze even the most jaded of users when they see the list of features available in The Gimp.</text>
          </text_data><text_data language="Spanish">
            <text from_TM="False" rev_id="11" status="Complete" time="1222354203">Spanish : t a time limited demo but truly free software; something that is sure to shock and amaze even the most jaded of users when they see the list of features available in The Gimp.</text>
          </text_data><text_data language="English">
            <text from_TM="False" rev_id="11" status="Complete" time="1222354203">This is not a time limited demo but truly free software; something that is sure to shock and amaze even the most jaded of users when they see the list of features available in The Gimp.</text>
          </text_data>
        </ta_sentence><ta_sentence do_translation="yes" encoding="utf-8" format="1" id="535" original_language="English">
          <space_before />
          <space_after />
          <text_data language="German">
            <text from_TM="False" rev_id="13" status="New" time="1222355938">Testing Hardware and Program Requirements</text>
          </text_data><text_data language="Spanish">
            <text from_TM="False" rev_id="11" status="Complete" time="1222354203">Spanish : rdware and Program Requirements</text>
          </text_data><text_data language="English">
            <text from_TM="False" rev_id="11" status="Complete" time="1222354203">Testing Hardware and Program Requirements</text>
          </text_data>
        </ta_sentence><ta_sentence do_translation="yes" encoding="utf-8" format="1" id="536" original_language="English">
          <space_before />
          <space_after />
          <text_data language="German">
            <text from_TM="False" rev_id="13" status="New" time="1222355938">I tested the Gimp on two very different machines to get an idea of it's capabilities as well as its ability to operate on widely varying machines.</text>
          </text_data><text_data language="Spanish">
            <text from_TM="False" rev_id="11" status="Complete" time="1222354203">Spanish : he Gimp on two very different machines to get an idea of it's capabilities as well as its ability to operate on widely varying machines.</text>
          </text_data><text_data language="English">
            <text from_TM="False" rev_id="11" status="Complete" time="1222354203">I tested the Gimp on two very different machines to get an idea of it's capabilities as well as its ability to operate on widely varying machines.</text>
          </text_data>
        </ta_sentence><ta_sentence do_translation="yes" encoding="utf-8" format="1" id="537" original_language="English">
          <space_before> </space_before>
          <space_after />
          <text_data language="German">
            <text from_TM="False" rev_id="13" status="New" time="1222355938">The primary test machine was powered by an AMD Athlon 64 3400+ processor running at 2.2 ghz and backed with 1 gigabyte of ram with Windows XP Professional.</text>
          </text_data><text_data language="Spanish">
            <text from_TM="False" rev_id="11" status="Complete" time="1222354203">Spanish : y test machine was powered by an AMD Athlon 64 3400+ processor running at 2.2 ghz and backed with 1 gigabyte of ram with Windows XP Professional.</text>
          </text_data><text_data language="English">
            <text from_TM="False" rev_id="11" status="Complete" time="1222354203">The primary test machine was powered by an AMD Athlon 64 3400+ processor running at 2.2 ghz and backed with 1 gigabyte of ram with Windows XP Professional.</text>
          </text_data>
        </ta_sentence><ta_sentence do_translation="yes" encoding="utf-8" format="1" id="538" original_language="English">
          <space_before> </space_before>
          <space_after />
          <text_data language="German">
            <text from_TM="False" rev_id="13" status="New" time="1222355938">The secondary testing platform was powered by an 800mhz Intel processor with only 256 megabytes of memory running under Windows 98.</text>
          </text_data><text_data language="Spanish">
            <text from_TM="False" rev_id="11" status="Complete" time="1222354203">Spanish : ary testing platform was powered by an 800mhz Intel processor with only 256 megabytes of memory running under Windows 98.</text>
          </text_data><text_data language="English">
            <text from_TM="False" rev_id="11" status="Complete" time="1222354203">The secondary testing platform was powered by an 800mhz Intel processor with only 256 megabytes of memory running under Windows 98.</text>
          </text_data>
        </ta_sentence><ta_sentence do_translation="yes" encoding="utf-8" format="1" id="539" original_language="English">
          <space_before />
          <space_after />
          <text_data language="German">
            <text from_TM="False" rev_id="13" status="New" time="1222355938">According to the makers of the Gimp it will supposedly run on any machine using Windows 98, Windows ME, Windows NT4, Windows 2000 or Windows XP in as little as 128 megabytes of RAM. My own testing seemed to bear this out, while certainly far less responsive when run on the less powerful 800mhz machine the software was stable and usable even with a minimum of 256 megabytes of ram available on the much slower 800mhz processor.</text>
          </text_data><text_data language="Spanish">
            <text from_TM="False" rev_id="11" status="Complete" time="1222354203">Spanish : to the makers of the Gimp it will supposedly run on any machine using Windows 98, Windows ME, Windows NT4, Windows 2000 or Windows XP in as little as 128 megabytes of RAM. My own testing seemed to bear this out, while certainly far less responsive when run on the less powerful 800mhz machine the software was stable and usable even with a minimum of 256 megabytes of ram available on the much slower 800mhz processor.</text>
          </text_data><text_data language="English">
            <text from_TM="False" rev_id="11" status="Complete" time="1222354203">According to the makers of the Gimp it will supposedly run on any machine using Windows 98, Windows ME, Windows NT4, Windows 2000 or Windows XP in as little as 128 megabytes of RAM. My own testing seemed to bear this out, while certainly far less responsive when run on the less powerful 800mhz machine the software was stable and usable even with a minimum of 256 megabytes of ram available on the much slower 800mhz processor.</text>
          </text_data>
        </ta_sentence><ta_sentence do_translation="yes" encoding="utf-8" format="1" id="540" original_language="English">
          <space_before />
          <space_after />
          <text_data language="German">
            <text from_TM="False" rev_id="13" status="New" time="1222355938">First Impressions</text>
          </text_data><text_data language="Spanish">
            <text from_TM="False" rev_id="11" status="Complete" time="1222354203">Spanish : essions</text>
          </text_data><text_data language="English">
            <text from_TM="False" rev_id="11" status="Complete" time="1222354203">First Impressions</text>
          </text_data>
        </ta_sentence><ta_sentence do_translation="yes" encoding="utf-8" format="1" id="541" original_language="English">
          <space_before />
          <space_after />
          <text_data language="German">
            <text from_TM="False" rev_id="13" status="New" time="1222355938">The first thing you will notice about The Gimp is the fact that you actually have to download and install two different packages, rather than just one, in order to use the software.</text>
          </text_data><text_data language="Spanish">
            <text from_TM="False" rev_id="11" status="Complete" time="1222354203">Spanish : thing you will notice about The Gimp is the fact that you actually have to download and install two different packages, rather than just one, in order to use the software.</text>
          </text_data><text_data language="English">
            <text from_TM="False" rev_id="11" status="Complete" time="1222354203">The first thing you will notice about The Gimp is the fact that you actually have to download and install two different packages, rather than just one, in order to use the software.</text>
          </text_data>
        </ta_sentence><ta_sentence do_translation="yes" encoding="utf-8" format="1" id="542" original_language="English">
          <space_before> </space_before>
          <space_after />
          <text_data language="German">
            <text from_TM="False" rev_id="13" status="New" time="1222355938">While this is old hat to most users of linux/unix based systems it is not a common thing to most windows users who are accustomed to only having one package they need to download and install.</text>
          </text_data><text_data language="Spanish">
            <text from_TM="False" rev_id="11" status="Complete" time="1222354203">Spanish :  is old hat to most users of linux/unix based systems it is not a common thing to most windows users who are accustomed to only having one package they need to download and install.</text>
          </text_data><text_data language="English">
            <text from_TM="False" rev_id="11" status="Complete" time="1222354203">While this is old hat to most users of linux/unix based systems it is not a common thing to most windows users who are accustomed to only having one package they need to download and install.</text>
          </text_data>
        </ta_sentence><ta_sentence do_translation="yes" encoding="utf-8" format="1" id="543" original_language="English">
          <space_before> </space_before>
          <space_after />
          <text_data language="German">
            <text from_TM="False" rev_id="13" status="New" time="1222355938">However it should be noted that the automated installers available on The Gimp's website making installing the software quite easy, once you get over the hurdle of realizing you need to download and install both packages rather than just one.</text>
          </text_data><text_data language="Spanish">
            <text from_TM="False" rev_id="11" status="Complete" time="1222354203">Spanish :  should be noted that the automated installers available on The Gimp's website making installing the software quite easy, once you get over the hurdle of realizing you need to download and install both packages rather than just one.</text>
          </text_data><text_data language="English">
            <text from_TM="False" rev_id="11" status="Complete" time="1222354203">However it should be noted that the automated installers available on The Gimp's website making installing the software quite easy, once you get over the hurdle of realizing you need to download and install both packages rather than just one.</text>
          </text_data>
        </ta_sentence><ta_sentence do_translation="yes" encoding="utf-8" format="1" id="544" original_language="English">
          <space_before />
          <space_after />
          <text_data language="German">
            <text from_TM="False" rev_id="13" status="New" time="1222355938">If you're a novice at image editing or have never used any sort of high end image editing software before the first time you start The Gimp might be a bit of a shock.</text>
            <marker end="139" id="0" start="131" />
          </text_data><text_data language="Spanish">
            <text from_TM="False" rev_id="11" status="Complete" time="1222354203">Spanish : a novice at image editing or have never used any sort of high end image editing software before the first time you start The Gimp might be a bit of a shock.</text>
            <marker end="139" id="0" start="131" />
          </text_data><text_data language="English">
            <text from_TM="False" rev_id="11" status="Complete" time="1222354203">If you're a novice at image editing or have never used any sort of high end image editing software before the first time you start The Gimp might be a bit of a shock.</text>
            <marker end="139" id="0" start="131" />
          </text_data><marker_def id="0" type="html">
            <html_marker tag="b" />
          </marker_def>
        </ta_sentence><ta_sentence do_translation="yes" encoding="utf-8" format="1" id="545" original_language="English">
          <space_before> </space_before>
          <space_after />
          <text_data language="German">
            <text from_TM="False" rev_id="13" status="New" time="1222355938">Your first look at the user interface will probably leave you feeling rather intimidated to say the least.</text>
          </text_data><text_data language="Spanish">
            <text from_TM="False" rev_id="11" status="Complete" time="1222354203">Spanish :  look at the user interface will probably leave you feeling rather intimidated to say the least.</text>
          </text_data><text_data language="English">
            <text from_TM="False" rev_id="11" status="Complete" time="1222354203">Your first look at the user interface will probably leave you feeling rather intimidated to say the least.</text>
          </text_data>
        </ta_sentence><ta_sentence do_translation="yes" encoding="utf-8" format="1" id="546" original_language="English">
          <space_before> </space_before>
          <space_after />
          <text_data language="German">
            <text from_TM="False" rev_id="13" status="New" time="1222355938">The Gimp is a very powerful image editing suite with a huge list of features, and its menu's reflect this fact in no uncertain terms.</text>
          </text_data><text_data language="Spanish">
            <text from_TM="False" rev_id="11" status="Complete" time="1222354203">Spanish : s a very powerful image editing suite with a huge list of features, and its menu's reflect this fact in no uncertain terms.</text>
          </text_data><text_data language="English">
            <text from_TM="False" rev_id="11" status="Complete" time="1222354203">The Gimp is a very powerful image editing suite with a huge list of features, and its menu's reflect this fact in no uncertain terms.</text>
          </text_data>
        </ta_sentence><ta_sentence do_translation="yes" encoding="utf-8" format="1" id="547" original_language="English">
          <space_before> </space_before>
          <space_after />
          <text_data language="German">
            <text from_TM="False" rev_id="13" status="New" time="1222355938">For those familiar with similar packages like Adobe Photoshop the Gimp will be far less intimidating, though it will take a bit of getting used to before you really feel comfortable with it's interface.</text>
          </text_data><text_data language="Spanish">
            <text from_TM="False" rev_id="11" status="Complete" time="1222354203">Spanish : familiar with similar packages like Adobe Photoshop the Gimp will be far less intimidating, though it will take a bit of getting used to before you really feel comfortable with it's interface.</text>
          </text_data><text_data language="English">
            <text from_TM="False" rev_id="11" status="Complete" time="1222354203">For those familiar with similar packages like Adobe Photoshop the Gimp will be far less intimidating, though it will take a bit of getting used to before you really feel comfortable with it's interface.</text>
          </text_data>
        </ta_sentence><ta_sentence do_translation="yes" encoding="utf-8" format="1" id="548" original_language="English">
          <space_before />
          <space_after />
          <text_data language="German">
            <text from_TM="False" rev_id="13" status="New" time="1222355938">However even the novice user should not let the Gimp's rather intimidating interface scare them away.</text>
          </text_data><text_data language="Spanish">
            <text from_TM="False" rev_id="11" status="Complete" time="1222354203">Spanish : en the novice user should not let the Gimp's rather intimidating interface scare them away.</text>
          </text_data><text_data language="English">
            <text from_TM="False" rev_id="11" status="Complete" time="1222354203">However even the novice user should not let the Gimp's rather intimidating interface scare them away.</text>
          </text_data>
        </ta_sentence><ta_sentence do_translation="yes" encoding="utf-8" format="1" id="549" original_language="English">
          <space_before> </space_before>
          <space_after />
          <text_data language="German">
            <text from_TM="False" rev_id="13" status="New" time="1222355938">Yes, this software is going to take a while to learn how to use, but its features and benefits will certainly make it worth your time, particularly if you have need of any of its more advanced features.</text>
          </text_data><text_data language="Spanish">
            <text from_TM="False" rev_id="11" status="Complete" time="1222354203">Spanish : software is going to take a while to learn how to use, but its features and benefits will certainly make it worth your time, particularly if you have need of any of its more advanced features.</text>
          </text_data><text_data language="English">
            <text from_TM="False" rev_id="11" status="Complete" time="1222354203">Yes, this software is going to take a while to learn how to use, but its features and benefits will certainly make it worth your time, particularly if you have need of any of its more advanced features.</text>
          </text_data>
        </ta_sentence><ta_sentence do_translation="yes" encoding="utf-8" format="1" id="550" original_language="English">
          <space_before> </space_before>
          <space_after />
          <text_data language="German">
            <text from_TM="False" rev_id="13" status="New" time="1222355938">Take some time reading through the online documentation to get started.</text>
          </text_data><text_data language="Spanish">
            <text from_TM="False" rev_id="11" status="Complete" time="1222354203">Spanish : time reading through the online documentation to get started.</text>
          </text_data><text_data language="English">
            <text from_TM="False" rev_id="11" status="Complete" time="1222354203">Take some time reading through the online documentation to get started.</text>
          </text_data>
        </ta_sentence><ta_sentence do_translation="yes" encoding="utf-8" format="1" id="551" original_language="English">
          <space_before> </space_before>
          <space_after />
          <text_data language="German">
            <text from_TM="False" rev_id="13" status="New" time="1222355938">While previous releases of the Gimp had documentation that left a lot to be desired, the documentation for this latest version is actually fairly well written.</text>
          </text_data><text_data language="Spanish">
            <text from_TM="False" rev_id="11" status="Complete" time="1222354203">Spanish : ious releases of the Gimp had documentation that left a lot to be desired, the documentation for this latest version is actually fairly well written.</text>
          </text_data><text_data language="English">
            <text from_TM="False" rev_id="11" status="Complete" time="1222354203">While previous releases of the Gimp had documentation that left a lot to be desired, the documentation for this latest version is actually fairly well written.</text>
          </text_data>
        </ta_sentence><ta_sentence do_translation="yes" encoding="utf-8" format="1" id="552" original_language="English">
          <space_before> </space_before>
          <space_after />
          <text_data language="German">
            <text from_TM="False" rev_id="13" status="New" time="1222355938">It doesn't assume the user is an expert in image editing and actually takes the time to explain certain concepts of image editing in what is mostly a clear and concisely written format.</text>
          </text_data><text_data language="Spanish">
            <text from_TM="False" rev_id="11" status="Complete" time="1222354203">Spanish :  assume the user is an expert in image editing and actually takes the time to explain certain concepts of image editing in what is mostly a clear and concisely written format.</text>
          </text_data><text_data language="English">
            <text from_TM="False" rev_id="11" status="Complete" time="1222354203">It doesn't assume the user is an expert in image editing and actually takes the time to explain certain concepts of image editing in what is mostly a clear and concisely written format.</text>
          </text_data>
        </ta_sentence><ta_sentence do_translation="yes" encoding="utf-8" format="1" id="553" original_language="English">
          <space_before />
          <space_after />
          <text_data language="German">
            <text from_TM="False" rev_id="13" status="New" time="1222355938">Should you find the online documentation insufficient there are more than a few books available for the Gimp as well, to further expand your knowledge of this rather remarkable program.</text>
          </text_data><text_data language="Spanish">
            <text from_TM="False" rev_id="11" status="Complete" time="1222354203">Spanish :  find the online documentation insufficient there are more than a few books available for the Gimp as well, to further expand your knowledge of this rather remarkable program.</text>
          </text_data><text_data language="English">
            <text from_TM="False" rev_id="11" status="Complete" time="1222354203">Should you find the online documentation insufficient there are more than a few books available for the Gimp as well, to further expand your knowledge of this rather remarkable program.</text>
          </text_data>
        </ta_sentence><ta_sentence do_translation="yes" encoding="utf-8" format="1" id="554" original_language="English">
          <space_before> </space_before>
          <space_after />
          <text_data language="German">
            <text from_TM="False" rev_id="13" status="New" time="1222355938">While many people might balk at the notion of buying a manual for the software separately, keep in mind that purchasing an equivalent program like Adobe Photoshop will cost you approximately $600 in US currency.</text>
          </text_data><text_data language="Spanish">
            <text from_TM="False" rev_id="11" status="Complete" time="1222354203">Spanish :  people might balk at the notion of buying a manual for the software separately, keep in mind that purchasing an equivalent program like Adobe Photoshop will cost you approximately $600 in US currency.</text>
          </text_data><text_data language="English">
            <text from_TM="False" rev_id="11" status="Complete" time="1222354203">While many people might balk at the notion of buying a manual for the software separately, keep in mind that purchasing an equivalent program like Adobe Photoshop will cost you approximately $600 in US currency.</text>
          </text_data>
        </ta_sentence><ta_sentence do_translation="yes" encoding="utf-8" format="1" id="555" original_language="English">
          <space_before> </space_before>
          <space_after />
          <text_data language="German">
            <text from_TM="False" rev_id="13" status="New" time="1222355938">The Gimp is available as a free download and has a variety of well written, comprehensive books that you can buy online or at your local book store to help you get the most from the program.</text>
          </text_data><text_data language="Spanish">
            <text from_TM="False" rev_id="11" status="Complete" time="1222354203">Spanish : s available as a free download and has a variety of well written, comprehensive books that you can buy online or at your local book store to help you get the most from the program.</text>
          </text_data><text_data language="English">
            <text from_TM="False" rev_id="11" status="Complete" time="1222354203">The Gimp is available as a free download and has a variety of well written, comprehensive books that you can buy online or at your local book store to help you get the most from the program.</text>
          </text_data>
        </ta_sentence><ta_sentence do_translation="yes" encoding="utf-8" format="1" id="556" original_language="English">
          <space_before> </space_before>
          <space_after />
          <text_data language="German">
            <text from_TM="False" rev_id="13" status="New" time="1222355938">Since these books are available usually ranging in price from $25 to $50, your looking at saving yourself on average $550 to $575 as opposed to purchasing a full retail version of Photoshop. This rather substantial savings will certainly be attractive to most even if they are not overly impressed with The Gimp's interface at first glance.</text>
          </text_data><text_data language="Spanish">
            <text from_TM="False" rev_id="11" status="Complete" time="1222354203">Spanish : e books are available usually ranging in price from $25 to $50, your looking at saving yourself on average $550 to $575 as opposed to purchasing a full retail version of Photoshop. This rather substantial savings will certainly be attractive to most even if they are not overly impressed with The Gimp's interface at first glance.</text>
          </text_data><text_data language="English">
            <text from_TM="False" rev_id="11" status="Complete" time="1222354203">Since these books are available usually ranging in price from $25 to $50, your looking at saving yourself on average $550 to $575 as opposed to purchasing a full retail version of Photoshop. This rather substantial savings will certainly be attractive to most even if they are not overly impressed with The Gimp's interface at first glance.</text>
          </text_data>
        </ta_sentence><ta_sentence do_translation="yes" encoding="utf-8" format="1" id="557" original_language="English">
          <space_before />
          <space_after />
          <text_data language="German">
            <text from_TM="False" rev_id="13" status="New" time="1222355938">Disadvantages</text>
          </text_data><text_data language="Spanish">
            <text from_TM="False" rev_id="11" status="Complete" time="1222354203">Spanish : ges</text>
          </text_data><text_data language="English">
            <text from_TM="False" rev_id="11" status="Complete" time="1222354203">Disadvantages</text>
          </text_data>
        </ta_sentence><ta_sentence do_translation="yes" encoding="utf-8" format="1" id="558" original_language="English">
          <space_before />
          <space_after />
          <text_data language="German">
            <text from_TM="False" rev_id="13" status="New" time="1222355938">Curiously enough the Gimp's biggest strength, the fact that it has a ton of available features, is also its biggest weakness.</text>
          </text_data><text_data language="Spanish">
            <text from_TM="False" rev_id="11" status="Complete" time="1222354203">Spanish : enough the Gimp's biggest strength, the fact that it has a ton of available features, is also its biggest weakness.</text>
          </text_data><text_data language="English">
            <text from_TM="False" rev_id="11" status="Complete" time="1222354203">Curiously enough the Gimp's biggest strength, the fact that it has a ton of available features, is also its biggest weakness.</text>
          </text_data>
        </ta_sentence><ta_sentence do_translation="yes" encoding="utf-8" format="1" id="559" original_language="English">
          <space_before> </space_before>
          <space_after />
          <text_data language="German">
            <text from_TM="False" rev_id="13" status="New" time="1222355938">The user interface can be confusing at times especially for the novice user.</text>
          </text_data><text_data language="Spanish">
            <text from_TM="False" rev_id="11" status="Complete" time="1222354203">Spanish : nterface can be confusing at times especially for the novice user.</text>
          </text_data><text_data language="English">
            <text from_TM="False" rev_id="11" status="Complete" time="1222354203">The user interface can be confusing at times especially for the novice user.</text>
          </text_data>
        </ta_sentence><ta_sentence do_translation="yes" encoding="utf-8" format="1" id="560" original_language="English">
          <space_before> </space_before>
          <space_after />
          <text_data language="German">
            <text from_TM="False" rev_id="13" status="New" time="1222355938">In a few places the menu options can seem somewhat redundant and confusing.</text>
          </text_data><text_data language="Spanish">
            <text from_TM="False" rev_id="11" status="Complete" time="1222354203">Spanish : laces the menu options can seem somewhat redundant and confusing.</text>
          </text_data><text_data language="English">
            <text from_TM="False" rev_id="11" status="Complete" time="1222354203">In a few places the menu options can seem somewhat redundant and confusing.</text>
          </text_data>
        </ta_sentence><ta_sentence do_translation="yes" encoding="utf-8" format="1" id="561" original_language="English">
          <space_before> </space_before>
          <space_after />
          <text_data language="German">
            <text from_TM="False" rev_id="13" status="New" time="1222355938">One notable example of this is using the Gimp's image rotate feature.</text>
          </text_data><text_data language="Spanish">
            <text from_TM="False" rev_id="11" status="Complete" time="1222354203">Spanish : e example of this is using the Gimp's image rotate feature.</text>
          </text_data><text_data language="English">
            <text from_TM="False" rev_id="11" status="Complete" time="1222354203">One notable example of this is using the Gimp's image rotate feature.</text>
          </text_data>
        </ta_sentence><ta_sentence do_translation="yes" encoding="utf-8" format="1" id="562" original_language="English">
          <space_before> </space_before>
          <space_after />
          <text_data language="German">
            <text from_TM="False" rev_id="13" status="New" time="1222355938">To rotate an image exactly 90 degrees or 180 degrees the menu item is found under Image/Transform/Rotate. However if you wish to rotate a selected portion of an image by varying degrees you'll find that option in the menu under Tools/Transform/Rotate. This will no doubt seem strange to Photoshop users who are accustomed to having these options available simply by right clicking on the image selection.</text>
          </text_data><text_data language="Spanish">
            <text from_TM="False" rev_id="11" status="Complete" time="1222354203">Spanish : an image exactly 90 degrees or 180 degrees the menu item is found under Image/Transform/Rotate. However if you wish to rotate a selected portion of an image by varying degrees you'll find that option in the menu under Tools/Transform/Rotate. This will no doubt seem strange to Photoshop users who are accustomed to having these options available simply by right clicking on the image selection.</text>
          </text_data><text_data language="English">
            <text from_TM="False" rev_id="11" status="Complete" time="1222354203">To rotate an image exactly 90 degrees or 180 degrees the menu item is found under Image/Transform/Rotate. However if you wish to rotate a selected portion of an image by varying degrees you'll find that option in the menu under Tools/Transform/Rotate. This will no doubt seem strange to Photoshop users who are accustomed to having these options available simply by right clicking on the image selection.</text>
          </text_data>
        </ta_sentence><ta_sentence do_translation="yes" encoding="utf-8" format="1" id="563" original_language="English">
          <space_before />
          <space_after />
          <text_data language="German">
            <text from_TM="False" rev_id="13" status="New" time="1222355938">The other major disadvantage I found while testing the software was the fact that it loads itself as several different dialog boxes as opposed to a single windowed application.</text>
          </text_data><text_data language="Spanish">
            <text from_TM="False" rev_id="11" status="Complete" time="1222354203">Spanish : major disadvantage I found while testing the software was the fact that it loads itself as several different dialog boxes as opposed to a single windowed application.</text>
          </text_data><text_data language="English">
            <text from_TM="False" rev_id="11" status="Complete" time="1222354203">The other major disadvantage I found while testing the software was the fact that it loads itself as several different dialog boxes as opposed to a single windowed application.</text>
          </text_data>
        </ta_sentence><ta_sentence do_translation="yes" encoding="utf-8" format="1" id="564" original_language="English">
          <space_before> </space_before>
          <space_after />
          <text_data language="German">
            <text from_TM="False" rev_id="13" status="New" time="1222355938">Thus each dialog, the toolbar, the image window, etc. must be minimized or restored separately. While some might consider this an advantage since it does allow you to easily move/resize these components while working with images, for my purposes it is actually quite a disadvantage. I do a great deal of website development work and as a result I often have several different software packages open at once. I'm constantly flipping back and forth between my image editor, my html editor and other software packages that I use to flesh out a website. Not being able to easily switch between these applications quickly and easily by clicking on a single window on the taskbar is something I consider to be a disadvantage.</text>
          </text_data><text_data language="Spanish">
            <text from_TM="False" rev_id="11" status="Complete" time="1222354203">Spanish : dialog, the toolbar, the image window, etc. must be minimized or restored separately. While some might consider this an advantage since it does allow you to easily move/resize these components while working with images, for my purposes it is actually quite a disadvantage. I do a great deal of website development work and as a result I often have several different software packages open at once. I'm constantly flipping back and forth between my image editor, my html editor and other software packages that I use to flesh out a website. Not being able to easily switch between these applications quickly and easily by clicking on a single window on the taskbar is something I consider to be a disadvantage.</text>
          </text_data><text_data language="English">
            <text from_TM="False" rev_id="11" status="Complete" time="1222354203">Thus each dialog, the toolbar, the image window, etc. must be minimized or restored separately. While some might consider this an advantage since it does allow you to easily move/resize these components while working with images, for my purposes it is actually quite a disadvantage. I do a great deal of website development work and as a result I often have several different software packages open at once. I'm constantly flipping back and forth between my image editor, my html editor and other software packages that I use to flesh out a website. Not being able to easily switch between these applications quickly and easily by clicking on a single window on the taskbar is something I consider to be a disadvantage.</text>
          </text_data>
        </ta_sentence><ta_sentence do_translation="yes" encoding="utf-8" format="1" id="565" original_language="English">
          <space_before />
          <space_after />
          <text_data language="German">
            <text from_TM="False" rev_id="13" status="New" time="1222355938">Behold, the power of layers</text>
          </text_data><text_data language="Spanish">
            <text from_TM="False" rev_id="11" status="Complete" time="1222354203">Spanish : e power of layers</text>
          </text_data><text_data language="English">
            <text from_TM="False" rev_id="11" status="Complete" time="1222354203">Behold, the power of layers</text>
          </text_data>
        </ta_sentence><ta_sentence do_translation="yes" encoding="utf-8" format="1" id="566" original_language="English">
          <space_before />
          <space_after />
          <text_data language="German">
            <text from_TM="False" rev_id="13" status="New" time="1222355938">The Gimp has so many features available that discussing them all even briefly would result in a review that is far too long to contemplate.</text>
          </text_data><text_data language="Spanish">
            <text from_TM="False" rev_id="11" status="Complete" time="1222354203">Spanish : as so many features available that discussing them all even briefly would result in a review that is far too long to contemplate.</text>
          </text_data><text_data language="English">
            <text from_TM="False" rev_id="11" status="Complete" time="1222354203">The Gimp has so many features available that discussing them all even briefly would result in a review that is far too long to contemplate.</text>
          </text_data>
        </ta_sentence><ta_sentence do_translation="yes" encoding="utf-8" format="1" id="567" original_language="English">
          <space_before> </space_before>
          <space_after />
          <text_data language="German">
            <text from_TM="False" rev_id="13" status="New" time="1222355938">I did however wish to take just a moment or two and discuss what I consider to be one of the most useful features offered by the Gimp, one that is not found in many other image editing programs.</text>
          </text_data><text_data language="Spanish">
            <text from_TM="False" rev_id="11" status="Complete" time="1222354203">Spanish : ver wish to take just a moment or two and discuss what I consider to be one of the most useful features offered by the Gimp, one that is not found in many other image editing programs.</text>
          </text_data><text_data language="English">
            <text from_TM="False" rev_id="11" status="Complete" time="1222354203">I did however wish to take just a moment or two and discuss what I consider to be one of the most useful features offered by the Gimp, one that is not found in many other image editing programs.</text>
          </text_data>
        </ta_sentence><ta_sentence do_translation="yes" encoding="utf-8" format="1" id="568" original_language="English">
          <space_before> </space_before>
          <space_after />
          <text_data language="German">
            <text from_TM="False" rev_id="13" status="New" time="1222355938">It's a feature called layers.</text>
          </text_data><text_data language="Spanish">
            <text from_TM="False" rev_id="11" status="Complete" time="1222354203">Spanish : ture called layers.</text>
          </text_data><text_data language="English">
            <text from_TM="False" rev_id="11" status="Complete" time="1222354203">It's a feature called layers.</text>
          </text_data>
        </ta_sentence><ta_sentence do_translation="yes" encoding="utf-8" format="1" id="569" original_language="English">
          <space_before />
          <space_after />
          <text_data language="German">
            <text from_TM="False" rev_id="13" status="New" time="1222355938">So what is a layer, and why are they so useful? Perhaps one of the best examples I can think of for explaining the use of layers and channels is in a very common task performed by most professional photographers and image editors, removing an effect known as red eye from a photograph.</text>
            <marker end="266" id="0" start="259" />
          </text_data><text_data language="Spanish">
            <text from_TM="False" rev_id="11" status="Complete" time="1222354203">Spanish :  a layer, and why are they so useful? Perhaps one of the best examples I can think of for explaining the use of layers and channels is in a very common task performed by most professional photographers and image editors, removing an effect known as red eye from a photograph.</text>
            <marker end="266" id="0" start="259" />
          </text_data><text_data language="English">
            <text from_TM="False" rev_id="11" status="Complete" time="1222354203">So what is a layer, and why are they so useful? Perhaps one of the best examples I can think of for explaining the use of layers and channels is in a very common task performed by most professional photographers and image editors, removing an effect known as red eye from a photograph.</text>
            <marker end="266" id="0" start="259" />
          </text_data><marker_def id="0" type="html">
            <html_marker tag="b" />
          </marker_def>
        </ta_sentence><ta_sentence do_translation="yes" encoding="utf-8" format="1" id="570" original_language="English">
          <space_before />
          <space_after />
          <text_data language="German">
            <text from_TM="False" rev_id="13" status="New" time="1222355938">We've all seen an otherwise gorgeous photograph ruined by red-eye, that curious effect where the pupil of the eye appears to be red rather than black when the photo is taken with a camera using a flash.</text>
            <marker end="65" id="0" start="58" />
          </text_data><text_data language="Spanish">
            <text from_TM="False" rev_id="11" status="Complete" time="1222354203">Spanish : seen an otherwise gorgeous photograph ruined by red-eye, that curious effect where the pupil of the eye appears to be red rather than black when the photo is taken with a camera using a flash.</text>
            <marker end="65" id="0" start="58" />
          </text_data><text_data language="English">
            <text from_TM="False" rev_id="11" status="Complete" time="1222354203">We've all seen an otherwise gorgeous photograph ruined by red-eye, that curious effect where the pupil of the eye appears to be red rather than black when the photo is taken with a camera using a flash.</text>
            <marker end="65" id="0" start="58" />
          </text_data><marker_def id="0" type="html">
            <html_marker tag="b" />
          </marker_def>
        </ta_sentence><ta_sentence do_translation="yes" encoding="utf-8" format="1" id="571" original_language="English">
          <space_before> </space_before>
          <space_after />
          <text_data language="German">
            <text from_TM="False" rev_id="13" status="New" time="1222355938">So what causes the dreaded red eye effect? It is caused by the intense light of the flash actually reflecting off of the back of the retina of your photographic subject.</text>
          </text_data><text_data language="Spanish">
            <text from_TM="False" rev_id="11" status="Complete" time="1222354203">Spanish : uses the dreaded red eye effect? It is caused by the intense light of the flash actually reflecting off of the back of the retina of your photographic subject.</text>
          </text_data><text_data language="English">
            <text from_TM="False" rev_id="11" status="Complete" time="1222354203">So what causes the dreaded red eye effect? It is caused by the intense light of the flash actually reflecting off of the back of the retina of your photographic subject.</text>
          </text_data>
        </ta_sentence><ta_sentence do_translation="yes" encoding="utf-8" format="1" id="572" original_language="English">
          <space_before> </space_before>
          <space_after />
          <text_data language="German">
            <text from_TM="False" rev_id="13" status="New" time="1222355938">In human beings the effect can be quite dramatic, but it is even more pronounced in many animals.</text>
          </text_data><text_data language="Spanish">
            <text from_TM="False" rev_id="11" status="Complete" time="1222354203">Spanish : eings the effect can be quite dramatic, but it is even more pronounced in many animals.</text>
          </text_data><text_data language="English">
            <text from_TM="False" rev_id="11" status="Complete" time="1222354203">In human beings the effect can be quite dramatic, but it is even more pronounced in many animals.</text>
          </text_data>
        </ta_sentence><ta_sentence do_translation="yes" encoding="utf-8" format="1" id="573" original_language="English">
          <space_before> </space_before>
          <space_after />
          <text_data language="German">
            <text from_TM="False" rev_id="13" status="New" time="1222355938">Many animals, including dogs and cats, actually have a special layer on the back of their retinas called tapetum lucidum. This special reflective layer is actually designed to reflect light, it reflects any incoming light outward so that the animal's eye has a second chance to process that available light. While this gives the animal in question much better night vision it also makes any flash photography of these animals difficult even under the best conditions.</text>
          </text_data><text_data language="Spanish">
            <text from_TM="False" rev_id="11" status="Complete" time="1222354203">Spanish : ls, including dogs and cats, actually have a special layer on the back of their retinas called tapetum lucidum. This special reflective layer is actually designed to reflect light, it reflects any incoming light outward so that the animal's eye has a second chance to process that available light. While this gives the animal in question much better night vision it also makes any flash photography of these animals difficult even under the best conditions.</text>
          </text_data><text_data language="English">
            <text from_TM="False" rev_id="11" status="Complete" time="1222354203">Many animals, including dogs and cats, actually have a special layer on the back of their retinas called tapetum lucidum. This special reflective layer is actually designed to reflect light, it reflects any incoming light outward so that the animal's eye has a second chance to process that available light. While this gives the animal in question much better night vision it also makes any flash photography of these animals difficult even under the best conditions.</text>
          </text_data>
        </ta_sentence><ta_sentence do_translation="yes" encoding="utf-8" format="1" id="574" original_language="English">
          <space_before />
          <space_after />
          <text_data language="German">
            <text from_TM="False" rev_id="13" status="New" time="1222355938">Many modern cameras are equipped with a red eye reduction feature, which does help to lessen the effect of red eye.</text>
            <marker end="57" id="0" start="40" />
          </text_data><text_data language="Spanish">
            <text from_TM="False" rev_id="11" status="Complete" time="1222354203">Spanish : n cameras are equipped with a red eye reduction feature, which does help to lessen the effect of red eye.</text>
            <marker end="57" id="0" start="40" />
          </text_data><text_data language="English">
            <text from_TM="False" rev_id="11" status="Complete" time="1222354203">Many modern cameras are equipped with a red eye reduction feature, which does help to lessen the effect of red eye.</text>
            <marker end="57" id="0" start="40" />
          </text_data><marker_def id="0" type="html">
            <html_marker tag="b" />
          </marker_def>
        </ta_sentence><ta_sentence do_translation="yes" encoding="utf-8" format="1" id="575" original_language="English">
          <space_before> </space_before>
          <space_after />
          <text_data language="German">
            <text from_TM="False" rev_id="13" status="New" time="1222355938">The camera will actually flash twice each time a picture is taken, once right before the shutter is opened and once as the shutter on the camera opens to take the picture.</text>
          </text_data><text_data language="Spanish">
            <text from_TM="False" rev_id="11" status="Complete" time="1222354203">Spanish :  will actually flash twice each time a picture is taken, once right before the shutter is opened and once as the shutter on the camera opens to take the picture.</text>
          </text_data><text_data language="English">
            <text from_TM="False" rev_id="11" status="Complete" time="1222354203">The camera will actually flash twice each time a picture is taken, once right before the shutter is opened and once as the shutter on the camera opens to take the picture.</text>
          </text_data>
        </ta_sentence><ta_sentence do_translation="yes" encoding="utf-8" format="1" id="576" original_language="English">
          <space_before> </space_before>
          <space_after />
          <text_data language="German">
            <text from_TM="False" rev_id="13" status="New" time="1222355938">The first flash causes the subjects pupils to contract, smaller pupil's means less light reflected from the subject's retina and thus less red eye.</text>
          </text_data><text_data language="Spanish">
            <text from_TM="False" rev_id="11" status="Complete" time="1222354203">Spanish : flash causes the subjects pupils to contract, smaller pupil's means less light reflected from the subject's retina and thus less red eye.</text>
          </text_data><text_data language="English">
            <text from_TM="False" rev_id="11" status="Complete" time="1222354203">The first flash causes the subjects pupils to contract, smaller pupil's means less light reflected from the subject's retina and thus less red eye.</text>
          </text_data>
        </ta_sentence><ta_sentence do_translation="yes" encoding="utf-8" format="1" id="577" original_language="English">
          <space_before> </space_before>
          <space_after />
          <text_data language="German">
            <text from_TM="False" rev_id="13" status="New" time="1222355938">But while this feature will serve to lessen the red eye effect they won't really eliminate it, particularly when you are photographing a subject in low-light conditions.</text>
          </text_data><text_data language="Spanish">
            <text from_TM="False" rev_id="11" status="Complete" time="1222354203">Spanish : this feature will serve to lessen the red eye effect they won't really eliminate it, particularly when you are photographing a subject in low-light conditions.</text>
          </text_data><text_data language="English">
            <text from_TM="False" rev_id="11" status="Complete" time="1222354203">But while this feature will serve to lessen the red eye effect they won't really eliminate it, particularly when you are photographing a subject in low-light conditions.</text>
          </text_data>
        </ta_sentence><ta_sentence do_translation="yes" encoding="utf-8" format="1" id="578" original_language="English">
          <space_before />
          <space_after />
          <text_data language="German">
            <text from_TM="False" rev_id="13" status="New" time="1222355938">Many lower end software packages have automated features that will allow you to remove red eye from a photograph, but these automated features work with a varying degree of success and what will often happen is that the color of the iris of the eyes will be somewhat distorted.</text>
            <marker end="94" id="0" start="87" />
          </text_data><text_data language="Spanish">
            <text from_TM="False" rev_id="11" status="Complete" time="1222354203">Spanish :  end software packages have automated features that will allow you to remove red eye from a photograph, but these automated features work with a varying degree of success and what will often happen is that the color of the iris of the eyes will be somewhat distorted.</text>
            <marker end="94" id="0" start="87" />
          </text_data><text_data language="English">
            <text from_TM="False" rev_id="11" status="Complete" time="1222354203">Many lower end software packages have automated features that will allow you to remove red eye from a photograph, but these automated features work with a varying degree of success and what will often happen is that the color of the iris of the eyes will be somewhat distorted.</text>
            <marker end="94" id="0" start="87" />
          </text_data><marker_def id="0" type="html">
            <html_marker tag="b" />
          </marker_def>
        </ta_sentence><ta_sentence do_translation="yes" encoding="utf-8" format="1" id="579" original_language="English">
          <space_before />
          <space_after />
          <text_data language="German">
            <text from_TM="False" rev_id="13" status="New" time="1222355938">I've run into this problem quite often myself, my youngest daughter's eyes are amazingly blue, a light shade of blue that reminds one of the sky or perhaps light reflected from a sheet of ice.</text>
          </text_data><text_data language="Spanish">
            <text from_TM="False" rev_id="11" status="Complete" time="1222354203">Spanish : nto this problem quite often myself, my youngest daughter's eyes are amazingly blue, a light shade of blue that reminds one of the sky or perhaps light reflected from a sheet of ice.</text>
          </text_data><text_data language="English">
            <text from_TM="False" rev_id="11" status="Complete" time="1222354203">I've run into this problem quite often myself, my youngest daughter's eyes are amazingly blue, a light shade of blue that reminds one of the sky or perhaps light reflected from a sheet of ice.</text>
          </text_data>
        </ta_sentence><ta_sentence do_translation="yes" encoding="utf-8" format="1" id="580" original_language="English">
          <space_before> </space_before>
          <space_after />
          <text_data language="German">
            <text from_TM="False" rev_id="13" status="New" time="1222355938">Unfortunately this color rarely if ever shows up in the myriad of photographs I take of her because of the red eye effect.</text>
          </text_data><text_data language="Spanish">
            <text from_TM="False" rev_id="11" status="Complete" time="1222354203">Spanish : ely this color rarely if ever shows up in the myriad of photographs I take of her because of the red eye effect.</text>
          </text_data><text_data language="English">
            <text from_TM="False" rev_id="11" status="Complete" time="1222354203">Unfortunately this color rarely if ever shows up in the myriad of photographs I take of her because of the red eye effect.</text>
          </text_data>
        </ta_sentence><ta_sentence do_translation="yes" encoding="utf-8" format="1" id="581" original_language="English">
          <space_before> </space_before>
          <space_after />
          <text_data language="German">
            <text from_TM="False" rev_id="13" status="New" time="1222355938">A lesser image editing program allows me to go in and black out the pupils of her eyes to remove the red glare, but the stunning blue color of her irises is often lessened as a result.</text>
          </text_data><text_data language="Spanish">
            <text from_TM="False" rev_id="11" status="Complete" time="1222354203">Spanish : mage editing program allows me to go in and black out the pupils of her eyes to remove the red glare, but the stunning blue color of her irises is often lessened as a result.</text>
          </text_data><text_data language="English">
            <text from_TM="False" rev_id="11" status="Complete" time="1222354203">A lesser image editing program allows me to go in and black out the pupils of her eyes to remove the red glare, but the stunning blue color of her irises is often lessened as a result.</text>
          </text_data>
        </ta_sentence><ta_sentence do_translation="yes" encoding="utf-8" format="1" id="582" original_language="English">
          <space_before />
          <space_after />
          <text_data language="German">
            <text from_TM="False" rev_id="13" status="New" time="1222355938">However using a professional image editing package like the Gimp I can load her photograph and use one of its selection tools to select an area around her eyes, the copy just that area to a second layer. This new layer contains only the portion of the image that I have copied, and it allows me to manipulate just that portion of the image while being able to see the rest of the photograph on the layer underneath to get an idea as to the overall effect on the entire finished product. It's like having just that part of the image on top of the other separated by a pane of clear glass. I can erase everything from this top layer except the pupils and irises of her eyes, adjust the color of that layer until the blue matches her natural iris color perfectly, then black out the pupils and merge this layer with the one underneath it.</text>
            <marker end="202" id="0" start="197" />
          </text_data><text_data language="Spanish">
            <text from_TM="False" rev_id="11" status="Complete" time="1222354203">Spanish : ing a professional image editing package like the Gimp I can load her photograph and use one of its selection tools to select an area around her eyes, the copy just that area to a second layer. This new layer contains only the portion of the image that I have copied, and it allows me to manipulate just that portion of the image while being able to see the rest of the photograph on the layer underneath to get an idea as to the overall effect on the entire finished product. It's like having just that part of the image on top of the other separated by a pane of clear glass. I can erase everything from this top layer except the pupils and irises of her eyes, adjust the color of that layer until the blue matches her natural iris color perfectly, then black out the pupils and merge this layer with the one underneath it.</text>
            <marker end="202" id="0" start="197" />
          </text_data><text_data language="English">
            <text from_TM="False" rev_id="11" status="Complete" time="1222354203">However using a professional image editing package like the Gimp I can load her photograph and use one of its selection tools to select an area around her eyes, the copy just that area to a second layer. This new layer contains only the portion of the image that I have copied, and it allows me to manipulate just that portion of the image while being able to see the rest of the photograph on the layer underneath to get an idea as to the overall effect on the entire finished product. It's like having just that part of the image on top of the other separated by a pane of clear glass. I can erase everything from this top layer except the pupils and irises of her eyes, adjust the color of that layer until the blue matches her natural iris color perfectly, then black out the pupils and merge this layer with the one underneath it.</text>
            <marker end="202" id="0" start="197" />
          </text_data><marker_def id="0" type="html">
            <html_marker tag="b" />
          </marker_def>
        </ta_sentence><ta_sentence do_translation="yes" encoding="utf-8" format="1" id="583" original_language="English">
          <space_before />
          <space_after />
          <text_data language="German">
            <text from_TM="False" rev_id="13" status="New" time="1222355938">This allows me pinpoint, precise control that is simply impossible without the layers feature, and while the Gimp is not the only software package on the market with this capability it is the only free software I know of that has this feature available.</text>
          </text_data><text_data language="Spanish">
            <text from_TM="False" rev_id="11" status="Complete" time="1222354203">Spanish : s me pinpoint, precise control that is simply impossible without the layers feature, and while the Gimp is not the only software package on the market with this capability it is the only free software I know of that has this feature available.</text>
          </text_data><text_data language="English">
            <text from_TM="False" rev_id="11" status="Complete" time="1222354203">This allows me pinpoint, precise control that is simply impossible without the layers feature, and while the Gimp is not the only software package on the market with this capability it is the only free software I know of that has this feature available.</text>
          </text_data>
        </ta_sentence><ta_sentence do_translation="yes" encoding="utf-8" format="1" id="584" original_language="English">
          <space_before />
          <space_after />
          <text_data language="German">
            <text from_TM="False" rev_id="13" status="New" time="1222355938">Conclusions</text>
          </text_data><text_data language="Spanish">
            <text from_TM="False" rev_id="11" status="Complete" time="1222354203">Spanish : s</text>
          </text_data><text_data language="English">
            <text from_TM="False" rev_id="11" status="Complete" time="1222354203">Conclusions</text>
          </text_data>
        </ta_sentence><ta_sentence do_translation="yes" encoding="utf-8" format="1" id="585" original_language="English">
          <space_before />
          <space_after />
          <text_data language="German">
            <text from_TM="False" rev_id="13" status="New" time="1222355938">If you're a weekend shutter bug who just wants a simple red eye removal feature or a program that will quickly and easily add effects to your photographs (such as making them look aged) The Gimp is probably not your best choice in image editing software.</text>
          </text_data><text_data language="Spanish">
            <text from_TM="False" rev_id="11" status="Complete" time="1222354203">Spanish : a weekend shutter bug who just wants a simple red eye removal feature or a program that will quickly and easily add effects to your photographs (such as making them look aged) The Gimp is probably not your best choice in image editing software.</text>
          </text_data><text_data language="English">
            <text from_TM="False" rev_id="11" status="Complete" time="1222354203">If you're a weekend shutter bug who just wants a simple red eye removal feature or a program that will quickly and easily add effects to your photographs (such as making them look aged) The Gimp is probably not your best choice in image editing software.</text>
          </text_data>
        </ta_sentence><ta_sentence do_translation="yes" encoding="utf-8" format="1" id="586" original_language="English">
          <space_before> </space_before>
          <space_after />
          <text_data language="German">
            <text from_TM="False" rev_id="13" status="New" time="1222355938">Its high learning curve simply makes it an unattractive choice for your application.</text>
          </text_data><text_data language="Spanish">
            <text from_TM="False" rev_id="11" status="Complete" time="1222354203">Spanish : earning curve simply makes it an unattractive choice for your application.</text>
          </text_data><text_data language="English">
            <text from_TM="False" rev_id="11" status="Complete" time="1222354203">Its high learning curve simply makes it an unattractive choice for your application.</text>
          </text_data>
        </ta_sentence><ta_sentence do_translation="yes" encoding="utf-8" format="1" id="587" original_language="English">
          <space_before />
          <space_after />
          <text_data language="German">
            <text from_TM="False" rev_id="13" status="New" time="1222355938">However if you are a professional or semi-professional photographer or a serious photography nut who needs a powerful image editing program the Gimp is certainly worth the time it takes to download and install.</text>
          </text_data><text_data language="Spanish">
            <text from_TM="False" rev_id="11" status="Complete" time="1222354203">Spanish :  you are a professional or semi-professional photographer or a serious photography nut who needs a powerful image editing program the Gimp is certainly worth the time it takes to download and install.</text>
          </text_data><text_data language="English">
            <text from_TM="False" rev_id="11" status="Complete" time="1222354203">However if you are a professional or semi-professional photographer or a serious photography nut who needs a powerful image editing program the Gimp is certainly worth the time it takes to download and install.</text>
          </text_data>
        </ta_sentence><ta_sentence do_translation="yes" encoding="utf-8" format="1" id="588" original_language="English">
          <space_before> </space_before>
          <space_after />
          <text_data language="German">
            <text from_TM="False" rev_id="13" status="New" time="1222355938">While its user interface is still not as polished as a professional package like Adobe Photoshop, it certainly rivals Photoshop in both power and flexibility, and for a free software package that is really saying quite a lot.</text>
          </text_data><text_data language="Spanish">
            <text from_TM="False" rev_id="11" status="Complete" time="1222354203">Spanish : user interface is still not as polished as a professional package like Adobe Photoshop, it certainly rivals Photoshop in both power and flexibility, and for a free software package that is really saying quite a lot.</text>
          </text_data><text_data language="English">
            <text from_TM="False" rev_id="11" status="Complete" time="1222354203">While its user interface is still not as polished as a professional package like Adobe Photoshop, it certainly rivals Photoshop in both power and flexibility, and for a free software package that is really saying quite a lot.</text>
          </text_data>
        </ta_sentence><ta_sentence do_translation="yes" encoding="utf-8" format="1" id="589" original_language="English">
          <space_before />
          <space_after />
          <text_data language="German">
            <text from_TM="False" rev_id="13" status="New" time="1222355938">More reviews like this</text>
          </text_data><text_data language="Spanish">
            <text from_TM="False" rev_id="11" status="Complete" time="1222354203">Spanish : ws like this</text>
          </text_data><text_data language="English">
            <text from_TM="False" rev_id="11" status="Complete" time="1222354203">More reviews like this</text>
          </text_data>
        </ta_sentence><ta_sentence do_translation="yes" encoding="utf-8" format="1" id="590" original_language="English">
          <space_before />
          <space_after />
          <text_data language="German">
            <text from_TM="False" rev_id="13" status="New" time="1222355938">Was this review interesting? Our Blog includes a complete list of published reviews, with short summaries.</text>
            <marker end="37" id="0" start="33" />
            <marker end="83" id="1" start="49" />
          </text_data><text_data language="Spanish">
            <text from_TM="False" rev_id="11" status="Complete" time="1222354203">Spanish : eview interesting? Our Blog includes a complete list of published reviews, with short summaries.</text>
            <marker end="37" id="0" start="33" />
            <marker end="83" id="1" start="49" />
          </text_data><text_data language="English">
            <text from_TM="False" rev_id="11" status="Complete" time="1222354203">Was this review interesting? Our Blog includes a complete list of published reviews, with short summaries.</text>
            <marker end="37" id="0" start="33" />
            <marker end="83" id="1" start="49" />
          </text_data><marker_def id="0" type="html">
            <html_marker tag="b" />
          </marker_def><marker_def id="1" type="html">
            <html_marker tag="a">
              <attr name="href" val="blog/?sectionid=11" />
            </html_marker>
          </marker_def>
        </ta_sentence><ta_sentence do_translation="yes" encoding="utf-8" format="1" id="591" original_language="English">
          <space_before />
          <space_after />
          <text_data language="German">
            <text from_TM="False" rev_id="13" status="New" time="1222355938">Products&#160;&#160; - &#160;&#160;Passport Photo&#160;&#160; - &#160;&#160;Photo Backup&#160;&#160; - &#160;&#160;Shrink Pic&#160;&#160; - &#160;&#160;Resources&#160;&#160; - &#160;&#160;Blog</text>
            <marker end="8" id="0" start="0" />
            <marker end="29" id="1" start="15" />
            <marker end="48" id="2" start="36" />
            <marker end="65" id="3" start="55" />
            <marker end="81" id="4" start="72" />
            <marker end="92" id="5" start="88" />
          </text_data><text_data language="Spanish">
            <text from_TM="False" rev_id="11" status="Complete" time="1222354203">Spanish :  - &#160;&#160;Passport Photo&#160;&#160; - &#160;&#160;Photo Backup&#160;&#160; - &#160;&#160;Shrink Pic&#160;&#160; - &#160;&#160;Resources&#160;&#160; - &#160;&#160;Blog</text>
            <marker end="8" id="0" start="0" />
            <marker end="29" id="1" start="15" />
            <marker end="48" id="2" start="36" />
            <marker end="65" id="3" start="55" />
            <marker end="81" id="4" start="72" />
            <marker end="92" id="5" start="88" />
          </text_data><text_data language="English">
            <text from_TM="False" rev_id="11" status="Complete" time="1222354203">Products&#160;&#160; - &#160;&#160;Passport Photo&#160;&#160; - &#160;&#160;Photo Backup&#160;&#160; - &#160;&#160;Shrink Pic&#160;&#160; - &#160;&#160;Resources&#160;&#160; - &#160;&#160;Blog</text>
            <marker end="8" id="0" start="0" />
            <marker end="29" id="1" start="15" />
            <marker end="48" id="2" start="36" />
            <marker end="65" id="3" start="55" />
            <marker end="81" id="4" start="72" />
            <marker end="92" id="5" start="88" />
          </text_data><marker_def id="0" type="html">
            <html_marker tag="a">
              <attr name="href" val="./" />
            </html_marker>
          </marker_def><marker_def id="1" type="html">
            <html_marker tag="a">
              <attr name="href" val="passport_photo.htm" />
            </html_marker>
          </marker_def><marker_def id="2" type="html">
            <html_marker tag="a">
              <attr name="href" val="photo_backup.htm" />
            </html_marker>
          </marker_def><marker_def id="3" type="html">
            <html_marker tag="a">
              <attr name="href" val="shrink_pic.htm" />
            </html_marker>
          </marker_def><marker_def id="4" type="html">
            <html_marker tag="a">
              <attr name="href" val="links_nav.htm" />
            </html_marker>
          </marker_def><marker_def id="5" type="html">
            <html_marker tag="a">
              <attr name="href" val="blog/" />
            </html_marker>
          </marker_def>
        </ta_sentence><ta_sentence do_translation="yes" encoding="utf-8" format="1" id="592" original_language="English">
          <space_before />
          <space_after />
          <text_data language="German">
            <text from_TM="False" rev_id="13" status="New" time="1222355938">&#169; OnTheGoSoft 2003-2006</text>
          </text_data><text_data language="Spanish">
            <text from_TM="False" rev_id="11" status="Complete" time="1222354203">Spanish : oft 2003-2006</text>
          </text_data><text_data language="English">
            <text from_TM="False" rev_id="11" status="Complete" time="1222354203">&#169; OnTheGoSoft 2003-2006</text>
          </text_data>
        </ta_sentence>
      </sentences><html_output_change_data_3 />
    </translation>
  </ta_buffer><ta_buffer encoding="utf-8" format="1" manual="False" original_language="English" source_file="/help_buy.htm" type="html">
    <extractor>
      <marked_file MD5="ba961d51631153d759e4b8e0c35d5c51" encoding="zlib-hex">789cad59db6edc38127dce00fb0f1c792617c0dd6dc7712e6bbb07899dec18c824c6a433419e0c4a624b8cd5a286a4bad3fb30bfb3c0beed37e4c7f61449a9a576fb864980d8a2543caccba962913efcf1e4fdf1e4f3d96bf6ebe4b7b7ecece3abb7a7c72c1a8c469ff68e47a393c989fff064b8b3cb269a97465aa94a5e8c46afdf45e37ffc7098db5981df8c1de682a7ee09cf56da428cffdaa27f9397e793d3c9dbd75b67b54e726e04abb44a84314c9653a5679c1049f0afc3919f174066c272965b5b0dc49fb59c1f45c7aab4a2b483c9b212114bfce828b2e2ab1d911e070cf8da087b448bd2f33906e733ae2f84de8a1adc4296172cd7627a1419bb2c841926c6444c8ba279910b612366b14c4027014c77768e82a16e10ab74d9e0fe381830ab2a16f3b2147a8fc52293251b0c822cb985c785600b99dafc287af6742762b1d2a9d047111e7921b3f2284a6093d0304f1445c5d3549699fb4c6353f1248c017aefd0ea31c36f424e592e6496c31dfbe41a1205d81e56c830525862ebf1eeb3fd9727910fcba19c65cce8e42892339e09338a8b5a40fb6126a7a40b80de97935cfc4b7d505338a3abf46aa57113b7d4e93382425eaf0dcb5ed6f4e9e39eaa410232a99cafb963cc366b5da84ceddea0f3de8b6751774dafb4c36b560c6660ddf106636e74f2352e8d95b56af61dbc7a895ea24c3db9eeb59f4a3e9799cb274fbe3d2f402674957fbc469179f0b5d7351a6ff27f9fbb4f9eff2dee1e7a8ba0525270638ea299286b2cd0389287f41c8ea2f19956699d587338e23dbfdc3c3b558bb2503c1da23644e39330ba0590118548ac48d701e37ae9b15ed5cbbbab43f58a27d6231cfbc1dd514c5d554a07940f7e70098518831f14b17187d5eb4cead00564da6bd8d4237c97e57d0eeceeecfcdc23c15a94d75940d82d7883ee6d853228caf03a72a24dc08d22a54270be83ccf741b98d8ca69cebc83475c515ba3646d7d59cc6df51835cc9afa2d875af57c03dd967fbcf57690d45badbc09bdd37cfdebce854dbeba37a5d6a3fd9b82d31b6da0e3597c5a5b2d4af4a2dc376fb2a07e2d3b7c6f009f6e2c14455eff81c8677abc4af6a26280dee97b1a90eee67f6c03f5d99bbeb82d73527872352a29362bd445a37715597eff93a1778119ea853daf5b6fda6b4e8aec378ac6acba02abcc9a65acd5867b708cb63f20a68cf037dcab9654b55b34cb4627b2bb1aae73f63799972dd54b7cfaad6ac6aac4794a905330eed301ed765216712b590d5060e8ec74c4d99cd9d9b32cd67db0c602438d542b0bac2bb54182768159bd6b6868973a10dcc3343a79beb083fbc724f5b5b8d928c41119620d6bc300acd982ca16851387c544a39e7567457663ce3a0d22217252b8548453a0ca657971df4872aea996085048d0d9c7b57277dacc89cfd9d9f592a4da2ead2325e21bde128a740f01f856d5617565645b398b8c1ea3f245a6a67574bd55192c9412ccb91c9555501f33ce1a8f8d5f2978223cb9064cd07461f88cda49d11de3fad861a1ebb7675ef05223139eaf884a5a29008d692a9caf3fe360e7aa334a3b0a126f8b301fb699f3dfcf8e1e4d1b66311c5548b4400b9173ffad6f02e65c47e0615ac524306ce77f1a893cf040a05118981af8d4e90277a985c06772863cd907da29010bcdfc859c7b26dbfca428259b1f033b13adc47f20b6973498a4cc582a57c09accfee35f1d0d3d2db41f67a4e52da5e8865a3d1949c11be40a1aebd10a4a15bdde694e8a754524b61e9285342516079db21d3b169069671d3f531e94b582d40dbeab4fa360a191b4c75451ef31ad19e6eaed6f410c9af48790672ba1d8cf1055f0e7d7285ead6cbb0f5fa79d70c6bd94f07be7f8e468bc56258f165c58b213c30c2698c3880e6f53c46165ca02fe4cb335e38f2872585e306735bd70d59d73224c915f670f24b5b021bce62751729b862c966fc0b228b3a9768811850e2a554e5b6b15c90a2af5e2930c065a02b830f41a8a4c1cd39c8a34af168b8d2e57d9984c468349086a28e1a62c5b6c76d3f3902561e1962bc46c30eaa25a8944bbc30b548b757d014c4c61ca0c8d90ccaa32a4016eed716115e63a9036ef849ef5df97734374de9b75ac2c650d443d18db197e3ff556e5ef972830f99f76c1350bc08fedbbed22d693f558d4006a5e6b2e59d9d2d788e50b058a80700ea3885d61e32e881dedb9ae01c088b41928be4226c6bcb2ab8dbf20b419ff7064f5cb12016350a3aa8b518af627aa566060b8762a499985167819cd720f7359bdb9946b9499677ceb878ecf6fef568400dd7ebc137a9846e969855321f9e07a463429bba111a0ebc21cdb01ba9f2816d9b2ac4acd759f9f64136512905204116637c4d46e621599828ccba433f095f956b9f581a0dd84c3830ef3555426b2ac6953f3e76cb3549b9fd326447b703d3d831e6dc0721a4859b0eb907f31517afeb357e17d31ac895420370e7a0bc74bd540dcbb4837111a1f48d4548ef86f9907bbae378d7b4658d729b62c24ea7ced6542432a572131ac605d9cac362db6c11dcea965a799b02d4a91d03172bc5feac85f195819b0b91faf441649c4dd0186aa6ae24072f1aef7af417546fb59a7b5504440d3c2e92bca4d4029a9184819c8142b0be93d89839a3bcf319f2b5c2f94a3841aa2edd2dadc5ad14e0b0f96d0a99be655826aae925f88a511464e2b5e7aa2b11a89adbc091c9056df71b0f1fec9d5ad0ae356c4242cd6bb7dbe9a5c7e6db833000fbddfe479a2cc403bfcf670577fae4a2a8d64dbef610da0c5d3f58850312cd0da799d5f4bb1c4b371f69bbb74f61b6bf7ca213f3a5c97d2d5b25a74aa14c6db866dd747dd56c4e57de2d8503a1fb09867787ed1caa4c74e1725ee5ca2a1f8b9faaaab4e7547e2ea17875d8956804721ef3e4a2ae1aacf82aac2b304cae6579718e2d29dc08b9313b93c96d11e836dc60cdb907f85d18645622eee0136d4b6ab8dcf4b330baedecb8501902f10abf56b758d44c9844d39ee8ae533b2d61a65456880147a22cd1f618d71c52dd93e5f08be9ddd97fe173ee518850fea9c5bd42eebc46eb61d9118b3ebe1cec3f7df262677fb01b1df805261aa112fae1a38316ce51ea759915d2e45dfb061b8d4dc588b2f2bc2d0727a2b626c9d79db579f654afcd7ea379f9ed3f5c5e72f6e6f9c2accd7f8d14fcf63f55dc6e7abcbefc1912a1ceea6fff35fdc8addac0dedd4da2aa65b80b9b5017b010314ebe022db1410aa34fb4f4e7a582fbbb06d779f1f5a6fff21101fb054e33d834e4bf0571211a9f1ef3f26d7803d6bd9ca29aa6eef0f329ac38090bb9136e4773a7f57dd2f3806d3a8ea0e8e622536669ac98992b8e25cd858d17da3e7d773c7435faf1cecede003f9ef72f93dcdd6ca798b5974754f1c21f970e47e18f6cff075105afee</marked_file>
      <paragraph_indexes count="34">94 137 501 577 683 758 763 776 840 919 1169 1199 1231 1272 1312 1342 1374 1412 1444 1482 2205 2349 2425 2476 2498 2515 2558 2671 2685 2766 2787 2808 2851 2917 2931 3043 3057 3070 3653 3674 3717 3803 3817 4163 4176 4523 4544 4556 4599 4674 4688 4922 4943 4961 5004 5078 5092 5357 5411 5600 5869 6288 6464 6730 6743 6916 6925 7034 </paragraph_indexes>
      <support_files>
        <file type="todo">images/bluebottom.gif</file>
        <file type="todo">images/bluetop.gif</file>
        <file type="todo">images/bottomwhite.gif</file>
        <file type="todo">images/bottomwhite2.gif</file>
        <file type="todo">images/logo1.gif</file>
        <file type="todo">images/menutabA1.gif</file>
        <file type="todo">images/menutabB1.gif</file>
        <file type="todo">images/photobackup/1bckgrnd.gif</file>
        <file type="todo">images/photobackup/2bckgrnd.gif</file>
        <file type="todo">images/photobackup/3bckgrnd.gif</file>
        <file type="todo">images/topline1.gif</file>
        <file type="todo">images/topline2.gif</file>
        <file type="todo">images/topline2WB.gif</file>
        <file type="todo">images/toplineL.gif</file>
        <file type="todo">images/toplineLW.gif</file>
        <file type="todo">images/toplineR.gif</file>
        <file type="todo">images/topwhite2.gif</file>
        <file type="todo">styles.css</file>
      </support_files>
    </extractor><translation>
      <languages>
        <language reviewed="False">Spanish</language>
        <language reviewed="False">German</language>
      </languages><sentences count="34">
        <ta_sentence do_translation="yes" encoding="utf-8" format="1" id="2043" original_language="English" type="title">
          <space_before />
          <space_after />
          <text_data language="German">
            <text from_TM="False" rev_id="13" status="New" time="1222355938">Purchase process information</text>
          </text_data><text_data language="Spanish">
            <text from_TM="False" rev_id="11" status="Complete" time="1222354203">Spanish : rocess information</text>
          </text_data><text_data language="English">
            <text from_TM="False" rev_id="11" status="Complete" time="1222354203">Purchase process information</text>
          </text_data>
        </ta_sentence><ta_sentence do_translation="yes" encoding="utf-8" format="1" id="2044" original_language="English">
          <space_before />
          <space_after />
          <text_data language="German">
            <text from_TM="False" rev_id="13" status="New" time="1222355938">OnTheGoSoft</text>
            <marker end="11" id="0" start="0" />
          </text_data><text_data language="Spanish">
            <text from_TM="False" rev_id="11" status="Complete" time="1222354203">Spanish : t</text>
            <marker end="11" id="0" start="0" />
          </text_data><text_data language="English">
            <text from_TM="False" rev_id="11" status="Complete" time="1222354203">OnTheGoSoft</text>
            <marker end="11" id="0" start="0" />
          </text_data><marker_def id="0" type="html">
            <html_marker tag="img">
              <attr name="src" val="images/bluetop.gif" />
              <attr name="alt" val="OnTheGoSoft" />
              <attr name="width" val="760" />
              <attr name="height" val="5" />
            </html_marker>
          </marker_def>
        </ta_sentence><ta_sentence do_translation="yes" encoding="utf-8" format="1" id="2045" original_language="English">
          <space_before />
          <space_after />
          <text_data language="German">
            <text from_TM="False" rev_id="13" status="New" time="1222355938">OnTheGoSoft</text>
            <marker end="11" id="0" start="0" />
          </text_data><text_data language="Spanish">
            <text from_TM="False" rev_id="11" status="Complete" time="1222354203">Spanish : t</text>
            <marker end="11" id="0" start="0" />
          </text_data><text_data language="English">
            <text from_TM="False" rev_id="11" status="Complete" time="1222354203">OnTheGoSoft</text>
            <marker end="11" id="0" start="0" />
          </text_data><marker_def id="0" type="html">
            <html_marker tag="img">
              <attr name="src" val="images/logo1.gif" />
              <attr name="alt" val="OnTheGoSoft" />
              <attr name="width" val="397" />
              <attr name="height" val="62" />
            </html_marker>
          </marker_def>
        </ta_sentence><ta_sentence do_translation="no" encoding="utf-8" format="1" id="2046" original_language="English">
          <space_before> </space_before>
          <space_after />
          <text_data language="German">
            <text from_TM="False" rev_id="13" status="New" time="1222355938" />
          </text_data><text_data language="Spanish">
            <text from_TM="False" rev_id="-1" status="Complete" time="1222355861" />
          </text_data><text_data language="English">
            <text from_TM="False" status="Complete" time="1222355861" />
          </text_data>
        </ta_sentence><ta_sentence do_translation="yes" encoding="utf-8" format="1" id="2047" original_language="English">
          <space_before />
          <space_after />
          <text_data language="German">
            <text from_TM="False" rev_id="13" status="New" time="1222355938">OnTheGoSoft</text>
            <marker end="11" id="0" start="0" />
          </text_data><text_data language="Spanish">
            <text from_TM="False" rev_id="11" status="Complete" time="1222354203">Spanish : t</text>
            <marker end="11" id="0" start="0" />
          </text_data><text_data language="English">
            <text from_TM="False" rev_id="11" status="Complete" time="1222354203">OnTheGoSoft</text>
            <marker end="11" id="0" start="0" />
          </text_data><marker_def id="0" type="html">
            <html_marker tag="img">
              <attr name="src" val="images/bluebottom.gif" />
              <attr name="alt" val="OnTheGoSoft" />
              <attr name="width" val="760" />
              <attr name="height" val="5" />
            </html_marker>
          </marker_def>
        </ta_sentence><ta_sentence do_translation="yes" encoding="utf-8" format="1" id="2048" original_language="English">
          <space_before />
          <space_after />
          <text_data language="German">
            <text from_TM="False" rev_id="13" status="New" time="1222355938">Products</text>
            <marker end="8" id="0" start="0" />
          </text_data><text_data language="Spanish">
            <text from_TM="False" rev_id="11" status="Complete" time="1222354203">Spanish : </text>
            <marker end="8" id="0" start="0" />
          </text_data><text_data language="English">
            <text from_TM="False" rev_id="11" status="Complete" time="1222354203">Products</text>
            <marker end="8" id="0" start="0" />
          </text_data><marker_def id="0" type="html">
            <html_marker tag="a">
              <attr name="href" val="./" />
            </html_marker>
          </marker_def>
        </ta_sentence><ta_sentence do_translation="yes" encoding="utf-8" format="1" id="2049" original_language="English">
          <space_before />
          <space_after />
          <text_data language="German">
            <text from_TM="False" rev_id="13" status="New" time="1222355938">Downloads</text>
            <marker end="9" id="0" start="0" />
          </text_data><text_data language="Spanish">
            <text from_TM="False" rev_id="11" status="Complete" time="1222354203">Spanish : </text>
            <marker end="9" id="0" start="0" />
          </text_data><text_data language="English">
            <text from_TM="False" rev_id="11" status="Complete" time="1222354203">Downloads</text>
            <marker end="9" id="0" start="0" />
          </text_data><marker_def id="0" type="html">
            <html_marker tag="a">
              <attr name="href" val="download.htm" />
            </html_marker>
          </marker_def>
        </ta_sentence><ta_sentence do_translation="yes" encoding="utf-8" format="1" id="2050" original_language="English">
          <space_before />
          <space_after />
          <text_data language="German">
            <text from_TM="False" rev_id="13" status="New" time="1222355938">Buy</text>
            <marker end="3" id="0" start="0" />
          </text_data><text_data language="Spanish">
            <text from_TM="False" rev_id="11" status="Complete" time="1222354203">Spanish : </text>
            <marker end="3" id="0" start="0" />
          </text_data><text_data language="English">
            <text from_TM="False" rev_id="11" status="Complete" time="1222354203">Buy</text>
            <marker end="3" id="0" start="0" />
          </text_data><marker_def id="0" type="html">
            <html_marker tag="a">
              <attr name="href" val="buy.htm" />
            </html_marker>
          </marker_def>
        </ta_sentence><ta_sentence do_translation="yes" encoding="utf-8" format="1" id="2051" original_language="English">
          <space_before />
          <space_after />
          <text_data language="German">
            <text from_TM="False" rev_id="13" status="New" time="1222355938">Contact</text>
            <marker end="7" id="0" start="0" />
          </text_data><text_data language="Spanish">
            <text from_TM="False" rev_id="11" status="Complete" time="1222354203">Spanish : </text>
            <marker end="7" id="0" start="0" />
          </text_data><text_data language="English">
            <text from_TM="False" rev_id="11" status="Complete" time="1222354203">Contact</text>
            <marker end="7" id="0" start="0" />
          </text_data><marker_def id="0" type="html">
            <html_marker tag="a">
              <attr name="href" val="contact.htm" />
            </html_marker>
          </marker_def>
        </ta_sentence><ta_sentence do_translation="yes" encoding="utf-8" format="1" id="2052" original_language="English">
          <space_before />
          <space_after />
          <text_data language="German">
            <text from_TM="False" rev_id="13" status="New" time="1222355938">Support</text>
            <marker end="7" id="0" start="0" />
          </text_data><text_data language="Spanish">
            <text from_TM="False" rev_id="11" status="Complete" time="1222354203">Spanish : </text>
            <marker end="7" id="0" start="0" />
          </text_data><text_data language="English">
            <text from_TM="False" rev_id="11" status="Complete" time="1222354203">Support</text>
            <marker end="7" id="0" start="0" />
          </text_data><marker_def id="0" type="html">
            <html_marker tag="a">
              <attr name="href" val="support.htm" />
            </html_marker>
          </marker_def>
        </ta_sentence><ta_sentence do_translation="yes" encoding="utf-8" format="1" id="2053" original_language="English">
          <space_before />
          <space_after />
          <text_data language="German">
            <text from_TM="False" rev_id="13" status="New" time="1222355938">Home&#160;&gt;&#160;Buy&#160;&gt;&#160;Purchase process information</text>
            <marker end="41" id="0" start="0" />
            <marker end="4" id="1" start="0" />
            <marker end="10" id="2" start="7" />
          </text_data><text_data language="Spanish">
            <text from_TM="False" rev_id="11" status="Complete" time="1222354203">Spanish : &#160;&gt;&#160;Purchase process information</text>
            <marker end="41" id="0" start="0" />
            <marker end="4" id="1" start="0" />
            <marker end="10" id="2" start="7" />
          </text_data><text_data language="English">
            <text from_TM="False" rev_id="11" status="Complete" time="1222354203">Home&#160;&gt;&#160;Buy&#160;&gt;&#160;Purchase process information</text>
            <marker end="41" id="0" start="0" />
            <marker end="4" id="1" start="0" />
            <marker end="10" id="2" start="7" />
          </text_data><marker_def id="0" type="html">
            <html_marker tag="span">
              <attr name="class" val="Text-TopNav" />
            </html_marker>
          </marker_def><marker_def id="1" type="html">
            <html_marker tag="a">
              <attr name="href" val="./" />
            </html_marker>
          </marker_def><marker_def id="2" type="html">
            <html_marker tag="a">
              <attr name="href" val="buy.htm" />
            </html_marker>
          </marker_def>
        </ta_sentence><ta_sentence do_translation="yes" encoding="utf-8" format="1" id="2054" original_language="English">
          <space_before />
          <space_after />
          <text_data language="German">
            <text from_TM="False" rev_id="13" status="New" time="1222355938">More information about buying from OnTheGoSoft</text>
          </text_data><text_data language="Spanish">
            <text from_TM="False" rev_id="11" status="Complete" time="1222354203">Spanish : mation about buying from OnTheGoSoft</text>
          </text_data><text_data language="English">
            <text from_TM="False" rev_id="11" status="Complete" time="1222354203">More information about buying from OnTheGoSoft</text>
          </text_data>
        </ta_sentence><ta_sentence do_translation="yes" encoding="utf-8" format="1" id="2055" original_language="English">
          <space_before />
          <space_after />
          <text_data language="German">
            <text from_TM="False" rev_id="13" status="New" time="1222355938">What you get</text>
          </text_data><text_data language="Spanish">
            <text from_TM="False" rev_id="11" status="Complete" time="1222354203">Spanish : et</text>
          </text_data><text_data language="English">
            <text from_TM="False" rev_id="11" status="Complete" time="1222354203">What you get</text>
          </text_data>
        </ta_sentence><ta_sentence do_translation="yes" encoding="utf-8" format="1" id="2056" original_language="English">
          <space_before />
          <space_after />
          <text_data language="German">
            <text from_TM="False" rev_id="13" status="New" time="1222355938">Your purchase entitles you unlimited use of the program, and free upgrades to future versions.</text>
            <marker end="40" id="0" start="27" />
            <marker end="74" id="1" start="61" />
          </text_data><text_data language="Spanish">
            <text from_TM="False" rev_id="11" status="Complete" time="1222354203">Spanish : ase entitles you unlimited use of the program, and free upgrades to future versions.</text>
            <marker end="40" id="0" start="27" />
            <marker end="74" id="1" start="61" />
          </text_data><text_data language="English">
            <text from_TM="False" rev_id="11" status="Complete" time="1222354203">Your purchase entitles you unlimited use of the program, and free upgrades to future versions.</text>
            <marker end="40" id="0" start="27" />
            <marker end="74" id="1" start="61" />
          </text_data><marker_def id="0" type="html">
            <html_marker tag="b" />
          </marker_def><marker_def id="1" type="html">
            <html_marker tag="b" />
          </marker_def>
        </ta_sentence><ta_sentence do_translation="yes" encoding="utf-8" format="1" id="2057" original_language="English">
          <space_before> </space_before>
          <space_after />
          <text_data language="German">
            <text from_TM="False" rev_id="13" status="New" time="1222355938">You can also reinstall and activate the program again when needed.</text>
          </text_data><text_data language="Spanish">
            <text from_TM="False" rev_id="11" status="Complete" time="1222354203">Spanish : so reinstall and activate the program again when needed.</text>
          </text_data><text_data language="English">
            <text from_TM="False" rev_id="11" status="Complete" time="1222354203">You can also reinstall and activate the program again when needed.</text>
          </text_data>
        </ta_sentence><ta_sentence do_translation="yes" encoding="utf-8" format="1" id="2058" original_language="English">
          <space_before />
          <space_after />
          <text_data language="German">
            <text from_TM="False" rev_id="13" status="New" time="1222355938">Volume licensing</text>
          </text_data><text_data language="Spanish">
            <text from_TM="False" rev_id="11" status="Complete" time="1222354203">Spanish : ensing</text>
          </text_data><text_data language="English">
            <text from_TM="False" rev_id="11" status="Complete" time="1222354203">Volume licensing</text>
          </text_data>
        </ta_sentence><ta_sentence do_translation="yes" encoding="utf-8" format="1" id="2059" original_language="English">
          <space_before />
          <space_after />
          <text_data language="German">
            <text from_TM="False" rev_id="13" status="New" time="1222355938">Up to 50% discount applies when purchasing multiple licenses.</text>
          </text_data><text_data language="Spanish">
            <text from_TM="False" rev_id="11" status="Complete" time="1222354203">Spanish : discount applies when purchasing multiple licenses.</text>
          </text_data><text_data language="English">
            <text from_TM="False" rev_id="11" status="Complete" time="1222354203">Up to 50% discount applies when purchasing multiple licenses.</text>
          </text_data>
        </ta_sentence><ta_sentence do_translation="yes" encoding="utf-8" format="1" id="2060" original_language="English">
          <space_before> </space_before>
          <space_after />
          <text_data language="German">
            <text from_TM="False" rev_id="13" status="New" time="1222355938">Visit the shopping cart to see the discount rates. </text>
            <marker end="23" id="0" start="10" />
          </text_data><text_data language="Spanish">
            <text from_TM="False" rev_id="11" status="Complete" time="1222354203">Spanish : shopping cart to see the discount rates. </text>
            <marker end="23" id="0" start="10" />
          </text_data><text_data language="English">
            <text from_TM="False" rev_id="11" status="Complete" time="1222354203">Visit the shopping cart to see the discount rates. </text>
            <marker end="23" id="0" start="10" />
          </text_data><marker_def id="0" type="html">
            <html_marker tag="a">
              <attr name="href" val="/cgi-bin/shopping_cart.py?lang=0" />
            </html_marker>
          </marker_def>
        </ta_sentence><ta_sentence do_translation="no" encoding="utf-8" format="1" id="2061" original_language="English">
          <space_before />
          <space_after />
          <text_data language="German">
            <text from_TM="False" rev_id="13" status="New" time="1222355938" />
          </text_data><text_data language="Spanish">
            <text from_TM="False" rev_id="-1" status="Complete" time="1222355861" />
          </text_data><text_data language="English">
            <text from_TM="False" status="Complete" time="1222355861" />
          </text_data>
        </ta_sentence><ta_sentence do_translation="yes" encoding="utf-8" format="1" id="2062" original_language="English">
          <space_before />
          <space_after />
          <text_data language="German">
            <text from_TM="False" rev_id="13" status="New" time="1222355938">Purchase process</text>
          </text_data><text_data language="Spanish">
            <text from_TM="False" rev_id="11" status="Complete" time="1222354203">Spanish : rocess</text>
          </text_data><text_data language="English">
            <text from_TM="False" rev_id="11" status="Complete" time="1222354203">Purchase process</text>
          </text_data>
        </ta_sentence><ta_sentence do_translation="yes" encoding="utf-8" format="1" id="2063" original_language="English">
          <space_before />
          <space_after />
          <text_data language="German">
            <text from_TM="False" rev_id="13" status="New" time="1222355938">PayPal processes our orders.</text>
            <marker end="6" id="0" start="0" />
          </text_data><text_data language="Spanish">
            <text from_TM="False" rev_id="11" status="Complete" time="1222354203">Spanish : cesses our orders.</text>
            <marker end="6" id="0" start="0" />
          </text_data><text_data language="English">
            <text from_TM="False" rev_id="11" status="Complete" time="1222354203">PayPal processes our orders.</text>
            <marker end="6" id="0" start="0" />
          </text_data><marker_def id="0" type="html">
            <html_marker tag="a">
              <attr name="href" val="http://www.paypal.com/" />
              <attr name="target" val="_blank" />
            </html_marker>
          </marker_def>
        </ta_sentence><ta_sentence do_translation="yes" encoding="utf-8" format="1" id="2064" original_language="English">
          <space_before> </space_before>
          <space_after />
          <text_data language="German">
            <text from_TM="False" rev_id="13" status="New" time="1222355938">When you choose to purchase you can pay with any major credit card, or with a PayPal account (in case you have one). Once the purchase is complete, a purchase receipt is automatically issued, and you can immediately start using the program without the limitations of the trial version.</text>
            <marker end="66" id="0" start="55" />
            <marker end="92" id="1" start="78" />
            <marker end="166" id="2" start="150" />
            <marker end="239" id="3" start="204" />
          </text_data><text_data language="Spanish">
            <text from_TM="False" rev_id="11" status="Complete" time="1222354203">Spanish : hoose to purchase you can pay with any major credit card, or with a PayPal account (in case you have one). Once the purchase is complete, a purchase receipt is automatically issued, and you can immediately start using the program without the limitations of the trial version.</text>
            <marker end="66" id="0" start="55" />
            <marker end="92" id="1" start="78" />
            <marker end="166" id="2" start="150" />
            <marker end="239" id="3" start="204" />
          </text_data><text_data language="English">
            <text from_TM="False" rev_id="11" status="Complete" time="1222354203">When you choose to purchase you can pay with any major credit card, or with a PayPal account (in case you have one). Once the purchase is complete, a purchase receipt is automatically issued, and you can immediately start using the program without the limitations of the trial version.</text>
            <marker end="66" id="0" start="55" />
            <marker end="92" id="1" start="78" />
            <marker end="166" id="2" start="150" />
            <marker end="239" id="3" start="204" />
          </text_data><marker_def id="0" type="html">
            <html_marker tag="b" />
          </marker_def><marker_def id="1" type="html">
            <html_marker tag="b" />
          </marker_def><marker_def id="2" type="html">
            <html_marker tag="b" />
          </marker_def><marker_def id="3" type="html">
            <html_marker tag="b" />
          </marker_def>
        </ta_sentence><ta_sentence do_translation="yes" encoding="utf-8" format="1" id="2065" original_language="English">
          <space_before> </space_before>
          <space_after />
          <text_data language="German">
            <text from_TM="False" rev_id="13" status="New" time="1222355938">When you pay with a credit card or PayPal account, the purchase is completed within a few seconds, and your purchase receipt is delivered immediately. Payments using e-checks typically take 3-4 days to complete. Once complete, your purchase receipt is sent to your email address.</text>
            <marker end="31" id="0" start="20" />
            <marker end="41" id="1" start="35" />
            <marker end="149" id="2" start="128" />
            <marker end="174" id="3" start="166" />
            <marker end="210" id="4" start="190" />
          </text_data><text_data language="Spanish">
            <text from_TM="False" rev_id="11" status="Complete" time="1222354203">Spanish : ay with a credit card or PayPal account, the purchase is completed within a few seconds, and your purchase receipt is delivered immediately. Payments using e-checks typically take 3-4 days to complete. Once complete, your purchase receipt is sent to your email address.</text>
            <marker end="31" id="0" start="20" />
            <marker end="41" id="1" start="35" />
            <marker end="149" id="2" start="128" />
            <marker end="174" id="3" start="166" />
            <marker end="210" id="4" start="190" />
          </text_data><text_data language="English">
            <text from_TM="False" rev_id="11" status="Complete" time="1222354203">When you pay with a credit card or PayPal account, the purchase is completed within a few seconds, and your purchase receipt is delivered immediately. Payments using e-checks typically take 3-4 days to complete. Once complete, your purchase receipt is sent to your email address.</text>
            <marker end="31" id="0" start="20" />
            <marker end="41" id="1" start="35" />
            <marker end="149" id="2" start="128" />
            <marker end="174" id="3" start="166" />
            <marker end="210" id="4" start="190" />
          </text_data><marker_def id="0" type="html">
            <html_marker tag="b" />
          </marker_def><marker_def id="1" type="html">
            <html_marker tag="b" />
          </marker_def><marker_def id="2" type="html">
            <html_marker tag="b" />
          </marker_def><marker_def id="3" type="html">
            <html_marker tag="b" />
          </marker_def><marker_def id="4" type="html">
            <html_marker tag="b" />
          </marker_def>
        </ta_sentence><ta_sentence do_translation="yes" encoding="utf-8" format="1" id="2066" original_language="English">
          <space_before />
          <space_after />
          <text_data language="German">
            <text from_TM="False" rev_id="13" status="New" time="1222355938">Privacy</text>
          </text_data><text_data language="Spanish">
            <text from_TM="False" rev_id="11" status="Complete" time="1222354203">Spanish : </text>
          </text_data><text_data language="English">
            <text from_TM="False" rev_id="11" status="Complete" time="1222354203">Privacy</text>
          </text_data>
        </ta_sentence><ta_sentence do_translation="yes" encoding="utf-8" format="1" id="2067" original_language="English">
          <space_before />
          <space_after />
          <text_data language="German">
            <text from_TM="False" rev_id="13" status="New" time="1222355938">Your credit card is entered directly in PayPal's secure server.</text>
            <marker end="16" id="0" start="0" />
          </text_data><text_data language="Spanish">
            <text from_TM="False" rev_id="11" status="Complete" time="1222354203">Spanish : t card is entered directly in PayPal's secure server.</text>
            <marker end="16" id="0" start="0" />
          </text_data><text_data language="English">
            <text from_TM="False" rev_id="11" status="Complete" time="1222354203">Your credit card is entered directly in PayPal's secure server.</text>
            <marker end="16" id="0" start="0" />
          </text_data><marker_def id="0" type="html">
            <html_marker tag="b" />
          </marker_def>
        </ta_sentence><ta_sentence do_translation="yes" encoding="utf-8" format="1" id="2068" original_language="English">
          <space_before> </space_before>
          <space_after />
          <text_data language="German">
            <text from_TM="False" rev_id="13" status="New" time="1222355938">We don't process this information, and it is never passed to anyone else. We will use your name and email only for product activation and to send you information relevant to the product you've purchased.</text>
            <marker end="72" id="0" start="45" />
          </text_data><text_data language="Spanish">
            <text from_TM="False" rev_id="11" status="Complete" time="1222354203">Spanish : rocess this information, and it is never passed to anyone else. We will use your name and email only for product activation and to send you information relevant to the product you've purchased.</text>
            <marker end="72" id="0" start="45" />
          </text_data><text_data language="English">
            <text from_TM="False" rev_id="11" status="Complete" time="1222354203">We don't process this information, and it is never passed to anyone else. We will use your name and email only for product activation and to send you information relevant to the product you've purchased.</text>
            <marker end="72" id="0" start="45" />
          </text_data><marker_def id="0" type="html">
            <html_marker tag="b" />
          </marker_def>
        </ta_sentence><ta_sentence do_translation="yes" encoding="utf-8" format="1" id="2069" original_language="English">
          <space_before />
          <space_after />
          <text_data language="German">
            <text from_TM="False" rev_id="13" status="New" time="1222355938">Refund policy</text>
          </text_data><text_data language="Spanish">
            <text from_TM="False" rev_id="11" status="Complete" time="1222354203">Spanish : icy</text>
          </text_data><text_data language="English">
            <text from_TM="False" rev_id="11" status="Complete" time="1222354203">Refund policy</text>
          </text_data>
        </ta_sentence><ta_sentence do_translation="yes" encoding="utf-8" format="1" id="2070" original_language="English">
          <space_before />
          <space_after />
          <text_data language="German">
            <text from_TM="False" rev_id="13" status="New" time="1222355938">A full refund can be issued within 60 days of purchase.</text>
            <marker end="13" id="0" start="2" />
            <marker end="42" id="1" start="35" />
          </text_data><text_data language="Spanish">
            <text from_TM="False" rev_id="11" status="Complete" time="1222354203">Spanish : und can be issued within 60 days of purchase.</text>
            <marker end="13" id="0" start="2" />
            <marker end="42" id="1" start="35" />
          </text_data><text_data language="English">
            <text from_TM="False" rev_id="11" status="Complete" time="1222354203">A full refund can be issued within 60 days of purchase.</text>
            <marker end="13" id="0" start="2" />
            <marker end="42" id="1" start="35" />
          </text_data><marker_def id="0" type="html">
            <html_marker tag="b" />
          </marker_def><marker_def id="1" type="html">
            <html_marker tag="b" />
          </marker_def>
        </ta_sentence><ta_sentence do_translation="yes" encoding="utf-8" format="1" id="2071" original_language="English">
          <space_before> </space_before>
          <space_after />
          <text_data language="German">
            <text from_TM="False" rev_id="13" status="New" time="1222355938">If you decide that you want a refund, we will issue it immediately - no questions asked. We stand behind our products and try to provide the best technical assistance we can, to make your experience with the program the best possible.</text>
            <marker end="87" id="0" start="69" />
          </text_data><text_data language="Spanish">
            <text from_TM="False" rev_id="11" status="Complete" time="1222354203">Spanish : ide that you want a refund, we will issue it immediately - no questions asked. We stand behind our products and try to provide the best technical assistance we can, to make your experience with the program the best possible.</text>
            <marker end="87" id="0" start="69" />
          </text_data><text_data language="English">
            <text from_TM="False" rev_id="11" status="Complete" time="1222354203">If you decide that you want a refund, we will issue it immediately - no questions asked. We stand behind our products and try to provide the best technical assistance we can, to make your experience with the program the best possible.</text>
            <marker end="87" id="0" start="69" />
          </text_data><marker_def id="0" type="html">
            <html_marker tag="b" />
          </marker_def>
        </ta_sentence><ta_sentence do_translation="yes" encoding="utf-8" format="1" id="2072" original_language="English">
          <space_before />
          <space_after />
          <text_data language="German">
            <text from_TM="False" rev_id="13" status="New" time="1222355938">To select a product and proceed to checkout, click on Buy Now. If you need additional information, contact us and we'll be glad to help.</text>
            <marker end="61" id="0" start="54" />
            <marker end="109" id="1" start="99" />
          </text_data><text_data language="Spanish">
            <text from_TM="False" rev_id="11" status="Complete" time="1222354203">Spanish : a product and proceed to checkout, click on Buy Now. If you need additional information, contact us and we'll be glad to help.</text>
            <marker end="61" id="0" start="54" />
            <marker end="109" id="1" start="99" />
          </text_data><text_data language="English">
            <text from_TM="False" rev_id="11" status="Complete" time="1222354203">To select a product and proceed to checkout, click on Buy Now. If you need additional information, contact us and we'll be glad to help.</text>
            <marker end="61" id="0" start="54" />
            <marker end="109" id="1" start="99" />
          </text_data><marker_def id="0" type="html">
            <html_marker tag="a">
              <attr name="href" val="buy.htm" />
            </html_marker>
          </marker_def><marker_def id="1" type="html">
            <html_marker tag="a">
              <attr name="href" val="contact.htm" />
            </html_marker>
          </marker_def>
        </ta_sentence><ta_sentence do_translation="yes" encoding="utf-8" format="1" id="2073" original_language="English">
          <space_before />
          <space_after />
          <text_data language="German">
            <text from_TM="False" rev_id="13" status="New" time="1222355938">Products&#160;&#160; - &#160;&#160;$ppnt_name&#160;&#160; - &#160;&#160;$pbnt_name&#160;&#160; - &#160;&#160;Shrink Pic&#160;&#160; - &#160;&#160;Resources&#160;&#160; - &#160;&#160;Partners&#160;&#160; - &#160;&#160;Blog</text>
            <marker end="8" id="0" start="0" />
            <marker end="25" id="1" start="15" />
            <marker end="42" id="2" start="32" />
            <marker end="59" id="3" start="49" />
            <marker end="75" id="4" start="66" />
            <marker end="90" id="5" start="82" />
            <marker end="101" id="6" start="97" />
          </text_data><text_data language="Spanish">
            <text from_TM="False" rev_id="11" status="Complete" time="1222354203">Spanish :  - &#160;&#160;$ppnt_name&#160;&#160; - &#160;&#160;$pbnt_name&#160;&#160; - &#160;&#160;Shrink Pic&#160;&#160; - &#160;&#160;Resources&#160;&#160; - &#160;&#160;Partners&#160;&#160; - &#160;&#160;Blog</text>
            <marker end="8" id="0" start="0" />
            <marker end="25" id="1" start="15" />
            <marker end="42" id="2" start="32" />
            <marker end="59" id="3" start="49" />
            <marker end="75" id="4" start="66" />
            <marker end="90" id="5" start="82" />
            <marker end="101" id="6" start="97" />
          </text_data><text_data language="English">
            <text from_TM="False" rev_id="11" status="Complete" time="1222354203">Products&#160;&#160; - &#160;&#160;$ppnt_name&#160;&#160; - &#160;&#160;$pbnt_name&#160;&#160; - &#160;&#160;Shrink Pic&#160;&#160; - &#160;&#160;Resources&#160;&#160; - &#160;&#160;Partners&#160;&#160; - &#160;&#160;Blog</text>
            <marker end="8" id="0" start="0" />
            <marker end="25" id="1" start="15" />
            <marker end="42" id="2" start="32" />
            <marker end="59" id="3" start="49" />
            <marker end="75" id="4" start="66" />
            <marker end="90" id="5" start="82" />
            <marker end="101" id="6" start="97" />
          </text_data><marker_def id="0" type="html">
            <html_marker tag="a">
              <attr name="href" val="./" />
            </html_marker>
          </marker_def><marker_def id="1" type="html">
            <html_marker tag="a">
              <attr name="href" val="passport_photo.htm" />
            </html_marker>
          </marker_def><marker_def id="2" type="html">
            <html_marker tag="a">
              <attr name="href" val="photo_backup.htm" />
            </html_marker>
          </marker_def><marker_def id="3" type="html">
            <html_marker tag="a">
              <attr name="href" val="shrink_pic.htm" />
            </html_marker>
          </marker_def><marker_def id="4" type="html">
            <html_marker tag="a">
              <attr name="href" val="links_nav.htm" />
            </html_marker>
          </marker_def><marker_def id="5" type="html">
            <html_marker tag="a">
              <attr name="href" val="partners.htm" />
            </html_marker>
          </marker_def><marker_def id="6" type="html">
            <html_marker tag="a">
              <attr name="href" val="blog/" />
            </html_marker>
          </marker_def>
        </ta_sentence><ta_sentence do_translation="yes" encoding="utf-8" format="1" id="2074" original_language="English">
          <space_before />
          <space_after />
          <text_data language="German">
            <text from_TM="False" rev_id="13" status="New" time="1222355938">English&#160;&#160;-&#160;&#160;Deutsch&#160;&#160;-&#160;&#160;Fran&#231;ais&#160;&#160;-&#160;&#160;Espa&#241;ol&#160;&#160;-&#160;&#160;Portugu&#234;s</text>
            <marker end="19" id="0" start="12" />
            <marker end="32" id="1" start="24" />
            <marker end="44" id="2" start="37" />
            <marker end="58" id="3" start="49" />
          </text_data><text_data language="Spanish">
            <text from_TM="False" rev_id="11" status="Complete" time="1222354203">Spanish : &#160;&#160;Deutsch&#160;&#160;-&#160;&#160;Fran&#231;ais&#160;&#160;-&#160;&#160;Espa&#241;ol&#160;&#160;-&#160;&#160;Portugu&#234;s</text>
            <marker end="19" id="0" start="12" />
            <marker end="32" id="1" start="24" />
            <marker end="44" id="2" start="37" />
            <marker end="58" id="3" start="49" />
          </text_data><text_data language="English">
            <text from_TM="False" rev_id="11" status="Complete" time="1222354203">English&#160;&#160;-&#160;&#160;Deutsch&#160;&#160;-&#160;&#160;Fran&#231;ais&#160;&#160;-&#160;&#160;Espa&#241;ol&#160;&#160;-&#160;&#160;Portugu&#234;s</text>
            <marker end="19" id="0" start="12" />
            <marker end="32" id="1" start="24" />
            <marker end="44" id="2" start="37" />
            <marker end="58" id="3" start="49" />
          </text_data><marker_def id="0" type="html">
            <html_marker tag="a">
              <attr name="href" val="de/help_buy.htm" />
            </html_marker>
          </marker_def><marker_def id="1" type="html">
            <html_marker tag="a">
              <attr name="href" val="fr/help_buy.htm" />
            </html_marker>
          </marker_def><marker_def id="2" type="html">
            <html_marker tag="a">
              <attr name="href" val="es/help_buy.htm" />
            </html_marker>
          </marker_def><marker_def id="3" type="html">
            <html_marker tag="a">
              <attr name="href" val="br/help_buy.htm" />
            </html_marker>
          </marker_def>
        </ta_sentence><ta_sentence do_translation="yes" encoding="utf-8" format="1" id="2075" original_language="English">
          <space_before> </space_before>
          <space_after />
          <text_data language="German">
            <text from_TM="False" rev_id="13" status="New" time="1222355938">This website has been translated using ICanLocalize - Affordable Website Translation</text>
            <marker end="-1" id="0" start="0" />
            <marker end="84" id="1" start="39" />
            <marker end="-1" id="0" start="0" />
          </text_data><text_data language="Spanish">
            <text from_TM="False" rev_id="11" status="Complete" time="1222354203">Spanish : te has been translated using ICanLocalize - Affordable Website Translation</text>
            <marker end="-1" id="0" start="0" />
            <marker end="84" id="1" start="39" />
            <marker end="-1" id="0" start="0" />
          </text_data><text_data language="English">
            <text from_TM="False" rev_id="11" status="Complete" time="1222354203">This website has been translated using ICanLocalize - Affordable Website Translation</text>
            <marker end="-1" id="0" start="0" />
            <marker end="84" id="1" start="39" />
            <marker end="-1" id="0" start="0" />
          </text_data><marker_def id="0" type="html">
            <html_marker tag="span">
              <attr name="class" val="copyright" />
            </html_marker>
          </marker_def><marker_def id="1" type="html">
            <html_marker tag="a">
              <attr name="target" val="_blank" />
              <attr name="href" val="http://www.icanlocalize.com" />
            </html_marker>
          </marker_def>
        </ta_sentence><ta_sentence do_translation="yes" encoding="utf-8" format="1" id="2076" original_language="English">
          <space_before />
          <space_after />
          <text_data language="German">
            <text from_TM="False" rev_id="13" status="New" time="1222355938">&#169; OnTheGoSystems,INC. 2003-2008</text>
            <marker end="21" id="0" start="2" />
            <marker end="31" id="-1" start="-1" />
          </text_data><text_data language="Spanish">
            <text from_TM="False" rev_id="11" status="Complete" time="1222354203">Spanish : ystems,INC. 2003-2008</text>
            <marker end="21" id="0" start="2" />
            <marker end="31" id="-1" start="-1" />
          </text_data><text_data language="English">
            <text from_TM="False" rev_id="11" status="Complete" time="1222354203">&#169; OnTheGoSystems,INC. 2003-2008</text>
            <marker end="21" id="0" start="2" />
            <marker end="31" id="-1" start="-1" />
          </text_data><marker_def id="0" type="html">
            <html_marker tag="a">
              <attr name="href" val="http://www.onthegosystems.com/" />
              <attr name="target" val="_blank" />
            </html_marker>
          </marker_def><marker_def id="-1" type="html">
            <html_marker tag="span" />
          </marker_def>
        </ta_sentence>
      </sentences><html_output_change_data_3 />
    </translation>
  </ta_buffer><ta_buffer encoding="utf-8" format="1" manual="False" original_language="English" source_file="/index.htm" type="html">
    <extractor>
      <marked_file MD5="4682b8cf895028c6efcc260b4fb2acde" encoding="zlib-hex">789ce55add72dbb815be7666f20e08b3dd6d672dc9f25fe25a52c6b192d63349d6532bcdf44a0392108935497001d08af6625fa733bdeb33e4c57a0ec07f51969dd86da7cd854388c0f9c7f71d901c3d9bfe743efbdbe51bf2e7d9fb77e4f2e3eb7717e7c4e90d069f0ece0783e96c6a6f1cf6f7c84cd24471cd4542a3c1e0cd0767f2f4c928d47104ff13320a19f5cd155c6bae2336f9ed39fe9b9dcd6717b3776f9efbcccd02d223dfa569a2e7098d19a1890f43b7182ab1d04b2a197157e4a76416b23f892bf809a5fc361a58a1b98698694a42add31efb25e33763e75c249a25ba375ba5cc219e1d8d1dcd3eeb011a794abc904ac5f4182dc2eb390ce63195d74c3e77b6cabdd2ab88754af7942a97473cb926a1648bb1a37081eae35d225954fc1032a61da241cea6e566328d349309d5ac984bd334e21ec5f00fa4523f7e8e23b88521193bb55891d791089cdc04f4e38f83c172b9ec83c5210b0446b8ef8978e0c23494d34fc3f4d50d93e37d6bc46850e6d10c5de1af0aeb9ef57a448b94b83449983c202e0b78427a3d9be8a74fc01b498962181c8fd94536779aba11234beeeb70ecbc38de73882ba40f5a1db8a4110f92b1e3e13a09c165519452dfe749606ee358a5d4cbc760ccce48cb0998b78395e69390f12084641c6162702a083b000d018c04a878be3f7c71743675ac99231e0744496fecf098064c412432065ef503be405b74239c4ec3e84ad3a4a849dfd8330083ac5d1d6ad72d3dde6f989acf80393ebf69856342baad86f489e1169b0f4e5e38759dd66823afd098bb017a271dce6c0df22d217585d6227e80a8ae951d03d080a2831938a9b89bd01b1e98ed61ebf2c0ce412feaf6efb7aae4260fb735d79974a5a059be872fbfa97c47d62930c98ba85263276649060a148b98a7999fc7f4520a3ff3b4aa47647d5191009a6f785f2c934850bf0f88e74ca6f9488d0674723f416eb6b2325e67abfbaf467ca49eb612ceede0fe525496a642e652aeec604d0ad608fcc1044d6a75dcae9d5a7540f9e4b5d12af17a5d37533edcdbfb5d23e7ada4b6938eb2776ca2770ae1d655b005301e520d9ba0dc719d53a01eb6cc48c47fd71c893bac36a70012836c658a6e039922dc4e2139e59f5934343f57821b735f1cbdac36311852c7fdb7c3b72fde9eb477e864140e6da54d79c0358dc86528b4205779f39197174cea54b8c5b8ba638fec5719db6fa8d5e38e5acdaf723aca2d5e0090e83cc3c57d9851ecd51426e1fe9ca7184bbb6571da4e3741a492632e06cd657315d328eaa7499053c62535776d824ad2180e0f2ad2180e21c121fac70c39dde497c30648d798af663c604935ea6854f6f7f2ad6ce2228bcb469e8e30daed022ba392ce9b88dc1d8d724e459633b9225c938564ec59e9f8c961e5f7fecb75ffd0a1d2c73abde739bd97edb7f48e5ec07b2e4f064812e9ea552a4530becc33f9a3c9d5f7344e4f230a15b6b7b14780c595bf4033e0ef437a5a6cc4cee4b59cb61622f817e53e835eb67785e5e84c3e08e8b3e17412f1980301e1b4c986c0de4bee7727fd9323f2f16aba4966db85750d1567ed3b5d2a5aa48e3dff2b056d06f020f7c787e01b5b2a730a83de4a64d0b50317eb56bf509a516c1b0be5254a18d62d47e1fee45654e8ae86048cae95432ce010c89385e8f7fba563544ab18485ed1af83e71557a7aabd2eac859730d2cadac3eb0b2ce258333978988c128b2129924b03f492196a4dcd399644567062b4b296923074a83182a8b8e6e2a5018491803d9689a220b21092d25ef4285415e1523f0f3c5f41581c283bd05b18e77c927ae435225a1768646a11e5658db7458bb604a99f33af92583cad1abca8d4a96e2bfb2d2ab5d083b1109233187a68cf5ad97ae9cb4c0b37e888f220155649402a910aa492862e305c882036108a7ab3c5ae91d83b519428ba69634734a12b1dc35ce2bc640ff9230aa0c86626c5cf66cdd005782058c4a3c6c474ead16e45731a06130977ad759ba9dff70b29d3ba82f5c63c0eae1c8a3d0dfa3909efbff437a98ba1f5f9bd4fd4f51def090f874a508d43b8d1e92f2f6ffd39c77f4e89cb786038fcf786b2a2bd8d8c277975d1ce1e7e722239758b9c82681a4f17d590f146808bee55138cf64066bac6448646413037b5ec424124ae1a3df985e238f9c4f07d3bf4e73fd9640ccd3e4abd7e6aa8e651f81347598c56e427904652bc017ee5d472b60032abd106e024fc105bf81ff3d0ff6166a80793e702690de4244b0db147296cfd5b5a98f4abc64b011d80d336272ee2eb87c972c439654d40e53e25b58b37cd6bda48af84c4165e3224142d0089189a80c1849c01563ce2257b75b3a84850bd4c6a355a5654dd36630aed167bd441acc8918ccb58272d4c2266e29e43501025c76f0f8c3d2a80aa18db89e433bb29544aba9802573ee89a44e9c2a6d13e7710d61cdf5bf9b36edd17c13f7a8af3e2c9e8b388d9866501d0fce9d0fc7296d2bbf8501ee8bfa90d74786fd76dd3e3ae8b7155605bf05f2cf322d62aab907715b01b4d9f6bf3a90b01830148f0188e49ac4400f2c099834b15b329764a979a87c5f2638d39a0212fbe25738e354c886d867542aa85a1d8a4c83a25571f0515b70df98420a98c2b4238483958a6b0c2d601ae082aff2a341882f17518d9dbf0054879b85afd1ead946e056d571a7113f9f21bda98a0414be9ec85d032ecba3799147f37d194d212be9185517b2aef22843bf994a9ca90c9d98b480ecae589059c824fb41c1f927e71f81fcc9889fd9f785cc167d9ee75ea514501e3c00de49534c481983dd4e5f36e561a741083b6d36285860a72cbf87d813b5fd40cea9b555e3dbe908fc7dd52ccc622bdf5a9b9fd80fa03512c2341e18eec6e1b9902d64671cc85dce0f169252a134e0d1f1813379cb21b858eee831385bdbb605bbdee951fad73e9dee7cf151acb6afc3f0a9fedae226309a11be65590868f464f54ef8e993fc66d70bb562839581eb0f9c49f1ca0b0361939ba7b847eac37b3ce86948b1e6908dd2b634d177b1e8764cbe8b04fc0040c18a1b2be02f4c014e79ec1e31913a81ced12ebfcc47775d6d6ad499e027047776197036a679c4ae60f09ea65525636faa3cc9536db77c6d7f04420411eb51d85f2b0053653649862d7ad2ff5935be90f899de502b058bd15e957237cc9b67d0e66b3226cec7b3ded1f1e1c9de516fe89c5a0533096966f2f77f382dc599727c9304115761ddd15ea7d73e83304d59a69517b623d5bd622161c55bc0912f7fa77c2d21dd6b001c9dc91bd89a5ffe29a2bb2d7151cd256c8a2cc8befc43353351d15aa349f344baca1bf259c855c99e219c505c06545042ab4f32850009ea349e5300aee76e4493eb8e0f4e807ba04f059204dac1dc3a930b80ea77f92f504e670bc059dff4d09f728db35c11a06ec3728bf768e7e9ad58bb521a5b06ac24a76de1a4f8fec04edabdf8706e209740e77ed0833f2f9b0da979955c03b6f2ab0344bffcab98d120fffce95f37615028</marked_file>
      <paragraph_indexes count="65">93 165 582 609 749 825 931 1006 1011 1024 1088 1167 1428 1441 1473 1514 1546 1576 1608 1646 1678 1716 2296 2323 2657 2792 2797 2826 2927 3016 3025 3039 3172 3250 3259 3273 3334 3384 3422 3468 3551 3610 3698 3766 3775 3829 3851 3899 3942 4129 4138 4201 4243 4330 4449 4583 4588 4607 4708 4797 4806 4820 4951 5029 5038 5052 5113 5163 5201 5248 5331 5390 5476 5544 5553 5605 5627 5681 5724 5802 5816 5975 5984 6077 6090 6193 6310 6430 6435 6454 6556 6649 6658 6672 6733 6786 6857 6917 7001 7069 7078 7128 7150 7227 7270 7330 7344 7440 7449 7598 7612 7722 7736 7746 7789 7857 7862 7892 7938 7986 8000 8079 8314 8793 8969 9187 9200 9373 9382 9491 </paragraph_indexes>
      <support_files>
        <file type="todo">images/bluebottom.gif</file>
        <file type="todo">images/bluetop.gif</file>
        <file type="todo">images/bottomwhite.gif</file>
        <file type="todo">images/bottomwhite2.gif</file>
        <file type="todo">images/buy.gif</file>
        <file type="todo">images/download.gif</file>
        <file type="todo">images/logo1.gif</file>
        <file type="todo">images/menutabA1.gif</file>
        <file type="todo">images/menutabB1.gif</file>
        <file type="todo">images/next.gif</file>
        <file type="todo">images/photobackup/1bckgrnd.gif</file>
        <file type="todo">images/photobackup/2bckgrnd.gif</file>
        <file type="todo">images/photobackup/3bckgrnd.gif</file>
        <file type="todo">images/photobackup/photo_backup_small.png</file>
        <file type="todo">images/printer/passport_photo_small.png</file>
        <file type="todo">images/shrink_pic/sp_icon.png</file>
        <file type="todo">images/topline1.gif</file>
        <file type="todo">images/topline2.gif</file>
        <file type="todo">images/topline2WB.gif</file>
        <file type="todo">images/toplineL.gif</file>
        <file type="todo">images/toplineLW.gif</file>
        <file type="todo">images/toplineR.gif</file>
        <file type="todo">images/topwhite2.gif</file>
        <file type="todo">styles.css</file>
      </support_files>
    </extractor><translation>
      <languages>
        <language reviewed="False">Spanish</language>
        <language reviewed="False">German</language>
      </languages><sentences count="65">
        <ta_sentence do_translation="yes" encoding="utf-8" format="1" id="441" original_language="English" type="title">
          <space_before />
          <space_after />
          <text_data language="German">
            <text rev_id="13" status="New" time="1222355938">debug - $ppnt_name and $pbnt_name software by OnTheGoSoft</text>
          </text_data><text_data language="Spanish">
            <text rev_id="13" status="Modified" time="1222355820">Spanish :  and $pbnt_name software by OnTheGoSoft</text>
          </text_data><text_data language="English">
            <text from_TM="False" rev_id="13" status="New" time="1222355819">debug - $ppnt_name and $pbnt_name software by OnTheGoSoft</text>
          </text_data>
        </ta_sentence><ta_sentence do_translation="yes" encoding="utf-8" format="1" id="442" original_language="English">
          <space_before> </space_before>
          <space_after> </space_after>
          <text_data language="German">
            <text rev_id="13" status="New" time="1222355938">extra sentence</text>
          </text_data><text_data language="Spanish">
            <text rev_id="13" status="New" time="1222355820">extra sentence</text>
          </text_data><text_data language="English">
            <text from_TM="False" rev_id="13" status="New" time="1222355819">extra sentence</text>
          </text_data>
        </ta_sentence><ta_sentence do_translation="yes" encoding="utf-8" format="1" id="443" original_language="English">
          <space_before />
          <space_after />
          <text_data language="German">
            <text from_TM="False" rev_id="13" status="New" time="1222355938">OnTheGoSoft</text>
            <marker end="11" id="0" start="0" />
          </text_data><text_data language="Spanish">
            <text from_TM="False" rev_id="11" status="Complete" time="1222354203">Spanish : t</text>
            <marker end="11" id="0" start="0" />
          </text_data><text_data language="English">
            <text from_TM="False" rev_id="11" status="Complete" time="1222354203">OnTheGoSoft</text>
            <marker end="11" id="0" start="0" />
          </text_data><marker_def id="0" type="html">
            <html_marker tag="img">
              <attr name="src" val="images/bluetop.gif" />
              <attr name="alt" val="OnTheGoSoft" />
              <attr name="width" val="760" />
              <attr name="height" val="5" />
            </html_marker>
          </marker_def>
        </ta_sentence><ta_sentence do_translation="yes" encoding="utf-8" format="1" id="444" original_language="English">
          <space_before />
          <space_after />
          <text_data language="German">
            <text from_TM="False" rev_id="13" status="New" time="1222355938">OnTheGoSoft</text>
            <marker end="11" id="0" start="0" />
          </text_data><text_data language="Spanish">
            <text from_TM="False" rev_id="11" status="Complete" time="1222354203">Spanish : t</text>
            <marker end="11" id="0" start="0" />
          </text_data><text_data language="English">
            <text from_TM="False" rev_id="11" status="Complete" time="1222354203">OnTheGoSoft</text>
            <marker end="11" id="0" start="0" />
          </text_data><marker_def id="0" type="html">
            <html_marker tag="img">
              <attr name="src" val="images/logo1.gif" />
              <attr name="alt" val="OnTheGoSoft" />
              <attr name="width" val="397" />
              <attr name="height" val="62" />
            </html_marker>
          </marker_def>
        </ta_sentence><ta_sentence do_translation="no" encoding="utf-8" format="1" id="445" original_language="English">
          <space_before> </space_before>
          <space_after />
          <text_data language="German">
            <text from_TM="False" rev_id="13" status="New" time="1222355938" />
          </text_data><text_data language="Spanish">
            <text from_TM="False" rev_id="-1" status="Complete" time="1222355861" />
          </text_data><text_data language="English">
            <text from_TM="False" status="Complete" time="1222355861" />
          </text_data>
        </ta_sentence><ta_sentence do_translation="yes" encoding="utf-8" format="1" id="446" original_language="English">
          <space_before />
          <space_after />
          <text_data language="German">
            <text from_TM="False" rev_id="13" status="New" time="1222355938">OnTheGoSoft</text>
            <marker end="11" id="0" start="0" />
          </text_data><text_data language="Spanish">
            <text from_TM="False" rev_id="11" status="Complete" time="1222354203">Spanish : t</text>
            <marker end="11" id="0" start="0" />
          </text_data><text_data language="English">
            <text from_TM="False" rev_id="11" status="Complete" time="1222354203">OnTheGoSoft</text>
            <marker end="11" id="0" start="0" />
          </text_data><marker_def id="0" type="html">
            <html_marker tag="img">
              <attr name="src" val="images/bluebottom.gif" />
              <attr name="alt" val="OnTheGoSoft" />
              <attr name="width" val="760" />
              <attr name="height" val="5" />
            </html_marker>
          </marker_def>
        </ta_sentence><ta_sentence do_translation="yes" encoding="utf-8" format="1" id="447" original_language="English">
          <space_before />
          <space_after />
          <text_data language="German">
            <text from_TM="False" rev_id="13" status="New" time="1222355938">Products</text>
          </text_data><text_data language="Spanish">
            <text from_TM="False" rev_id="11" status="Complete" time="1222354203">Spanish : </text>
          </text_data><text_data language="English">
            <text from_TM="False" rev_id="11" status="Complete" time="1222354203">Products</text>
          </text_data>
        </ta_sentence><ta_sentence do_translation="yes" encoding="utf-8" format="1" id="448" original_language="English">
          <space_before />
          <space_after />
          <text_data language="German">
            <text from_TM="False" rev_id="13" status="New" time="1222355938">Downloads</text>
            <marker end="9" id="0" start="0" />
          </text_data><text_data language="Spanish">
            <text from_TM="False" rev_id="11" status="Complete" time="1222354203">Spanish : </text>
            <marker end="9" id="0" start="0" />
          </text_data><text_data language="English">
            <text from_TM="False" rev_id="11" status="Complete" time="1222354203">Downloads</text>
            <marker end="9" id="0" start="0" />
          </text_data><marker_def id="0" type="html">
            <html_marker tag="a">
              <attr name="href" val="download.htm" />
            </html_marker>
          </marker_def>
        </ta_sentence><ta_sentence do_translation="yes" encoding="utf-8" format="1" id="449" original_language="English">
          <space_before />
          <space_after />
          <text_data language="German">
            <text from_TM="False" rev_id="13" status="New" time="1222355938">Buy</text>
            <marker end="3" id="0" start="0" />
          </text_data><text_data language="Spanish">
            <text from_TM="False" rev_id="11" status="Complete" time="1222354203">Spanish : </text>
            <marker end="3" id="0" start="0" />
          </text_data><text_data language="English">
            <text from_TM="False" rev_id="11" status="Complete" time="1222354203">Buy</text>
            <marker end="3" id="0" start="0" />
          </text_data><marker_def id="0" type="html">
            <html_marker tag="a">
              <attr name="href" val="buy.htm" />
            </html_marker>
          </marker_def>
        </ta_sentence><ta_sentence do_translation="yes" encoding="utf-8" format="1" id="450" original_language="English">
          <space_before />
          <space_after />
          <text_data language="German">
            <text from_TM="False" rev_id="13" status="New" time="1222355938">Contact</text>
            <marker end="7" id="0" start="0" />
          </text_data><text_data language="Spanish">
            <text from_TM="False" rev_id="11" status="Complete" time="1222354203">Spanish : </text>
            <marker end="7" id="0" start="0" />
          </text_data><text_data language="English">
            <text from_TM="False" rev_id="11" status="Complete" time="1222354203">Contact</text>
            <marker end="7" id="0" start="0" />
          </text_data><marker_def id="0" type="html">
            <html_marker tag="a">
              <attr name="href" val="contact.htm" />
            </html_marker>
          </marker_def>
        </ta_sentence><ta_sentence do_translation="yes" encoding="utf-8" format="1" id="451" original_language="English">
          <space_before />
          <space_after />
          <text_data language="German">
            <text from_TM="False" rev_id="13" status="New" time="1222355938">Support</text>
            <marker end="7" id="0" start="0" />
          </text_data><text_data language="Spanish">
            <text from_TM="False" rev_id="11" status="Complete" time="1222354203">Spanish : </text>
            <marker end="7" id="0" start="0" />
          </text_data><text_data language="English">
            <text from_TM="False" rev_id="11" status="Complete" time="1222354203">Support</text>
            <marker end="7" id="0" start="0" />
          </text_data><marker_def id="0" type="html">
            <html_marker tag="a">
              <attr name="href" val="support.htm" />
            </html_marker>
          </marker_def>
        </ta_sentence><ta_sentence do_translation="yes" encoding="utf-8" format="1" id="452" original_language="English">
          <space_before />
          <space_after />
          <text_data language="German">
            <text from_TM="False" rev_id="13" status="New" time="1222355938">Digital Photo Software</text>
          </text_data><text_data language="Spanish">
            <text from_TM="False" rev_id="3" status="Complete" time="1217939596">Digital Photo Software</text>
          </text_data><text_data language="English">
            <text from_TM="False" rev_id="11" status="Complete" time="1222354203">Digital Photo Software</text>
          </text_data>
        </ta_sentence><ta_sentence do_translation="yes" encoding="utf-8" format="1" id="453" original_language="English">
          <space_before />
          <space_after />
          <text_data language="German">
            <text from_TM="False" rev_id="13" status="New" time="1222355938">Pasport Photo</text>
            <marker end="13" id="0" start="0" />
          </text_data><text_data language="Spanish">
            <text from_TM="False" rev_id="11" status="Complete" time="1222354203">Spanish : oto</text>
            <marker end="13" id="0" start="0" />
          </text_data><text_data language="English">
            <text from_TM="False" rev_id="11" status="Complete" time="1222354203">Pasport Photo</text>
            <marker end="13" id="0" start="0" />
          </text_data><marker_def id="0" type="html">
            <html_marker tag="img">
              <attr name="src" val="images/printer/passport_photo_small.png" />
              <attr name="alt" val="Pasport Photo" />
              <attr name="width" val="113" />
              <attr name="height" val="119" />
              <attr name="hspace" val="5" />
              <attr name="vspace" val="10" />
              <attr name="border" val="0" />
            </html_marker>
          </marker_def>
        </ta_sentence><ta_sentence do_translation="no" encoding="utf-8" format="1" id="454" original_language="English">
          <space_before> </space_before>
          <space_after> </space_after>
          <text_data language="German">
            <text from_TM="False" rev_id="13" status="New" time="1222355938" />
            <marker end="0" id="-1" start="-1" />
          </text_data><text_data language="Spanish">
            <text from_TM="False" rev_id="-1" status="Complete" time="1222355861" />
            <marker end="0" id="-1" start="-1" />
          </text_data><text_data language="English">
            <text from_TM="False" status="Complete" time="1222355861" />
            <marker end="0" id="-1" start="-1" />
          </text_data><marker_def id="-1" type="html">
            <html_marker tag="a" />
          </marker_def>
        </ta_sentence><ta_sentence do_translation="yes" encoding="utf-8" format="1" id="455" original_language="English">
          <space_before />
          <space_after />
          <text_data language="German">
            <text from_TM="False" rev_id="13" status="New" time="1222355938">Try it free!</text>
            <marker end="12" id="0" start="0" />
          </text_data><text_data language="Spanish">
            <text from_TM="False" rev_id="11" status="Complete" time="1222354203">Spanish : e!</text>
            <marker end="12" id="0" start="0" />
          </text_data><text_data language="English">
            <text from_TM="False" rev_id="11" status="Complete" time="1222354203">Try it free!</text>
            <marker end="12" id="0" start="0" />
          </text_data><marker_def id="0" type="html">
            <html_marker tag="img">
              <attr name="src" val="images/download.gif" />
              <attr name="alt" val="Try it free!" />
              <attr name="width" val="94" />
              <attr name="height" val="28" />
              <attr name="border" val="0" />
            </html_marker>
          </marker_def>
        </ta_sentence><ta_sentence do_translation="no" encoding="utf-8" format="1" id="456" original_language="English">
          <space_before> </space_before>
          <space_after />
          <text_data language="German">
            <text from_TM="False" rev_id="13" status="New" time="1222355938" />
          </text_data><text_data language="Spanish">
            <text from_TM="False" rev_id="-1" status="Complete" time="1222355861" />
          </text_data><text_data language="English">
            <text from_TM="False" status="Complete" time="1222355861" />
          </text_data>
        </ta_sentence><ta_sentence do_translation="yes" encoding="utf-8" format="1" id="457" original_language="English">
          <space_before />
          <space_after />
          <text_data language="German">
            <text from_TM="False" rev_id="13" status="New" time="1222355938">Buy it</text>
            <marker end="6" id="0" start="0" />
          </text_data><text_data language="Spanish">
            <text from_TM="False" rev_id="11" status="Complete" time="1222354203">Spanish : </text>
            <marker end="6" id="0" start="0" />
          </text_data><text_data language="English">
            <text from_TM="False" rev_id="11" status="Complete" time="1222354203">Buy it</text>
            <marker end="6" id="0" start="0" />
          </text_data><marker_def id="0" type="html">
            <html_marker tag="img">
              <attr name="src" val="images/buy.gif" />
              <attr name="alt" val="Buy it" />
              <attr name="width" val="94" />
              <attr name="height" val="28" />
              <attr name="border" val="0" />
            </html_marker>
          </marker_def>
        </ta_sentence><ta_sentence do_translation="no" encoding="utf-8" format="1" id="458" original_language="English">
          <space_before> </space_before>
          <space_after />
          <text_data language="German">
            <text from_TM="False" rev_id="13" status="New" time="1222355938" />
          </text_data><text_data language="Spanish">
            <text from_TM="False" rev_id="-1" status="Complete" time="1222355861" />
          </text_data><text_data language="English">
            <text from_TM="False" status="Complete" time="1222355861" />
          </text_data>
        </ta_sentence><ta_sentence do_translation="yes" encoding="utf-8" format="1" id="459" original_language="English">
          <space_before />
          <space_after />
          <text_data language="German">
            <text from_TM="False" rev_id="13" status="New" time="1222355938">No time limit</text>
            <marker end="13" id="0" start="0" />
          </text_data><text_data language="Spanish">
            <text from_TM="False" rev_id="11" status="Complete" time="1222354203">Spanish : mit</text>
            <marker end="13" id="0" start="0" />
          </text_data><text_data language="English">
            <text from_TM="False" rev_id="11" status="Complete" time="1222354203">No time limit</text>
            <marker end="13" id="0" start="0" />
          </text_data><marker_def id="0" type="html">
            <html_marker tag="span">
              <attr name="class" val="Text-Small" />
            </html_marker>
          </marker_def>
        </ta_sentence><ta_sentence do_translation="yes" encoding="utf-8" format="1" id="460" original_language="English">
          <space_before />
          <space_after />
          <text_data language="German">
            <text from_TM="False" rev_id="13" status="New" time="1222355938">$9.95 USD</text>
            <marker end="9" id="0" start="0" />
          </text_data><text_data language="Spanish">
            <text from_TM="False" rev_id="11" status="Complete" time="1222354203">Spanish : </text>
            <marker end="9" id="0" start="0" />
          </text_data><text_data language="English">
            <text from_TM="False" rev_id="11" status="Complete" time="1222354203">$9.95 USD</text>
            <marker end="9" id="0" start="0" />
          </text_data><marker_def id="0" type="html">
            <html_marker tag="span">
              <attr name="class" val="Text-Small" />
            </html_marker>
          </marker_def>
        </ta_sentence><ta_sentence do_translation="yes" encoding="utf-8" format="1" id="461" original_language="English">
          <space_before />
          <space_after />
          <text_data language="German">
            <text from_TM="False" rev_id="13" status="New" time="1222355938">News and announcements</text>
            <marker end="22" id="0" start="0" />
          </text_data><text_data language="Spanish">
            <text from_TM="False" rev_id="11" status="Complete" time="1222354203">Spanish : nnouncements</text>
            <marker end="22" id="0" start="0" />
          </text_data><text_data language="English">
            <text from_TM="False" rev_id="11" status="Complete" time="1222354203">News and announcements</text>
            <marker end="22" id="0" start="0" />
          </text_data><marker_def id="0" type="html">
            <html_marker tag="a">
              <attr name="href" val="blog/?sectionid=4" />
            </html_marker>
          </marker_def>
        </ta_sentence><ta_sentence do_translation="yes" encoding="utf-8" format="1" id="462" original_language="English">
          <space_before />
          <space_after />
          <text_data language="German">
            <text from_TM="False" rev_id="13" status="New" time="1222355938">more info...</text>
            <marker end="12" id="0" start="0" />
          </text_data><text_data language="Spanish">
            <text from_TM="False" rev_id="11" status="Complete" time="1222354203">Spanish : ..</text>
            <marker end="12" id="0" start="0" />
          </text_data><text_data language="English">
            <text from_TM="False" rev_id="11" status="Complete" time="1222354203">more info...</text>
            <marker end="12" id="0" start="0" />
          </text_data><marker_def id="0" type="html">
            <html_marker tag="img">
              <attr name="src" val="images/next.gif" />
              <attr name="alt" val="more info..." />
              <attr name="class" val="arrowimg" />
            </html_marker>
          </marker_def>
        </ta_sentence><ta_sentence do_translation="yes" encoding="utf-8" format="1" id="463" original_language="English">
          <space_before>&#160;</space_before>
          <space_after />
          <text_data language="German">
            <text from_TM="False" rev_id="13" status="New" time="1222355938">$ppnt_name</text>
            <marker end="10" id="0" start="0" />
          </text_data><text_data language="Spanish">
            <text from_TM="False" rev_id="11" status="Complete" time="1222354203">Spanish : </text>
            <marker end="10" id="0" start="0" />
          </text_data><text_data language="English">
            <text from_TM="False" rev_id="11" status="Complete" time="1222354203">$ppnt_name</text>
            <marker end="10" id="0" start="0" />
          </text_data><marker_def id="0" type="html">
            <html_marker tag="a">
              <attr name="href" val="passport_photo.htm" />
            </html_marker>
          </marker_def>
        </ta_sentence><ta_sentence do_translation="yes" encoding="utf-8" format="1" id="464" original_language="English">
          <space_before />
          <space_after />
          <text_data language="German">
            <text from_TM="False" rev_id="13" status="New" time="1222355938">Create and print your own passport pictures</text>
          </text_data><text_data language="Spanish">
            <text from_TM="False" rev_id="11" status="Complete" time="1222354203">Spanish :  print your own passport pictures</text>
          </text_data><text_data language="English">
            <text from_TM="False" rev_id="11" status="Complete" time="1222354203">Create and print your own passport pictures</text>
          </text_data>
        </ta_sentence><ta_sentence do_translation="yes" encoding="utf-8" format="1" id="465" original_language="English">
          <space_before />
          <space_after />
          <text_data language="German">
            <text from_TM="False" rev_id="13" status="New" time="1222355938">Do you need photos for a passport, license or ID? No problem, With $ppnt_name you can create and print professional quality passport size pictures, in one minute.</text>
          </text_data><text_data language="Spanish">
            <text from_TM="False" rev_id="11" status="Complete" time="1222354203">Spanish : d photos for a passport, license or ID? No problem, With $ppnt_name you can create and print professional quality passport size pictures, in one minute.</text>
          </text_data><text_data language="English">
            <text from_TM="False" rev_id="11" status="Complete" time="1222354203">Do you need photos for a passport, license or ID? No problem, With $ppnt_name you can create and print professional quality passport size pictures, in one minute.</text>
          </text_data>
        </ta_sentence><ta_sentence do_translation="yes" encoding="utf-8" format="1" id="466" original_language="English">
          <space_before> </space_before>
          <space_after />
          <text_data language="German">
            <text from_TM="False" rev_id="13" status="New" time="1222355938">$ppnt_name allows printing at home or in a shop.</text>
          </text_data><text_data language="Spanish">
            <text from_TM="False" rev_id="11" status="Complete" time="1222354203">Spanish :  allows printing at home or in a shop.</text>
          </text_data><text_data language="English">
            <text from_TM="False" rev_id="11" status="Complete" time="1222354203">$ppnt_name allows printing at home or in a shop.</text>
          </text_data>
        </ta_sentence><ta_sentence do_translation="yes" encoding="utf-8" format="1" id="467" original_language="English">
          <space_before />
          <space_after />
          <text_data language="German">
            <text from_TM="False" rev_id="13" status="New" time="1222355938">Download $ppnt_name now, and see how easy it can be!</text>
            <marker end="19" id="0" start="0" />
          </text_data><text_data language="Spanish">
            <text from_TM="False" rev_id="11" status="Complete" time="1222354203">Spanish : ppnt_name now, and see how easy it can be!</text>
            <marker end="19" id="0" start="0" />
          </text_data><text_data language="English">
            <text from_TM="False" rev_id="11" status="Complete" time="1222354203">Download $ppnt_name now, and see how easy it can be!</text>
            <marker end="19" id="0" start="0" />
          </text_data><marker_def id="0" type="html">
            <html_marker tag="a">
              <attr name="href" val="pp_download.htm" />
            </html_marker>
          </marker_def>
        </ta_sentence><ta_sentence do_translation="yes" encoding="utf-8" format="1" id="468" original_language="English">
          <space_before />
          <space_after />
          <text_data language="German">
            <text from_TM="False" rev_id="13" status="New" time="1222355938">$pbnt_name</text>
            <marker end="10" id="0" start="0" />
          </text_data><text_data language="Spanish">
            <text from_TM="False" rev_id="11" status="Complete" time="1222354203">Spanish : </text>
            <marker end="10" id="0" start="0" />
          </text_data><text_data language="English">
            <text from_TM="False" rev_id="11" status="Complete" time="1222354203">$pbnt_name</text>
            <marker end="10" id="0" start="0" />
          </text_data><marker_def id="0" type="html">
            <html_marker tag="img">
              <attr name="src" val="images/photobackup/photo_backup_small.png" />
              <attr name="alt" val="$pbnt_name" />
              <attr name="width" val="113" />
              <attr name="height" val="119" />
              <attr name="hspace" val="5" />
              <attr name="vspace" val="10" />
              <attr name="border" val="0" />
            </html_marker>
          </marker_def>
        </ta_sentence><ta_sentence do_translation="no" encoding="utf-8" format="1" id="469" original_language="English">
          <space_before> </space_before>
          <space_after />
          <text_data language="German">
            <text from_TM="False" rev_id="13" status="New" time="1222355938" />
            <marker end="0" id="-1" start="-1" />
          </text_data><text_data language="Spanish">
            <text from_TM="False" rev_id="-1" status="Complete" time="1222355861" />
            <marker end="0" id="-1" start="-1" />
          </text_data><text_data language="English">
            <text from_TM="False" status="Complete" time="1222355861" />
            <marker end="0" id="-1" start="-1" />
          </text_data><marker_def id="-1" type="html">
            <html_marker tag="a" />
          </marker_def>
        </ta_sentence><ta_sentence do_translation="yes" encoding="utf-8" format="1" id="470" original_language="English">
          <space_before />
          <space_after />
          <text_data language="German">
            <text from_TM="False" rev_id="13" status="New" time="1222355938">Try it free!</text>
            <marker end="12" id="0" start="0" />
          </text_data><text_data language="Spanish">
            <text from_TM="False" rev_id="11" status="Complete" time="1222354203">Spanish : e!</text>
            <marker end="12" id="0" start="0" />
          </text_data><text_data language="English">
            <text from_TM="False" rev_id="11" status="Complete" time="1222354203">Try it free!</text>
            <marker end="12" id="0" start="0" />
          </text_data><marker_def id="0" type="html">
            <html_marker tag="img">
              <attr name="src" val="images/download.gif" />
              <attr name="alt" val="Try it free!" />
              <attr name="width" val="94" />
              <attr name="height" val="28" />
              <attr name="border" val="0" />
            </html_marker>
          </marker_def>
        </ta_sentence><ta_sentence do_translation="no" encoding="utf-8" format="1" id="471" original_language="English">
          <space_before> </space_before>
          <space_after />
          <text_data language="German">
            <text from_TM="False" rev_id="13" status="New" time="1222355938" />
          </text_data><text_data language="Spanish">
            <text from_TM="False" rev_id="-1" status="Complete" time="1222355861" />
          </text_data><text_data language="English">
            <text from_TM="False" status="Complete" time="1222355861" />
          </text_data>
        </ta_sentence><ta_sentence do_translation="yes" encoding="utf-8" format="1" id="472" original_language="English">
          <space_before />
          <space_after />
          <text_data language="German">
            <text from_TM="False" rev_id="13" status="New" time="1222355938">Buy it</text>
            <marker end="6" id="0" start="0" />
          </text_data><text_data language="Spanish">
            <text from_TM="False" rev_id="11" status="Complete" time="1222354203">Spanish : </text>
            <marker end="6" id="0" start="0" />
          </text_data><text_data language="English">
            <text from_TM="False" rev_id="11" status="Complete" time="1222354203">Buy it</text>
            <marker end="6" id="0" start="0" />
          </text_data><marker_def id="0" type="html">
            <html_marker tag="img">
              <attr name="src" val="images/buy.gif" />
              <attr name="alt" val="Buy it" />
              <attr name="width" val="94" />
              <attr name="height" val="28" />
              <attr name="border" val="0" />
            </html_marker>
          </marker_def>
        </ta_sentence><ta_sentence do_translation="no" encoding="utf-8" format="1" id="473" original_language="English">
          <space_before> </space_before>
          <space_after />
          <text_data language="German">
            <text from_TM="False" rev_id="13" status="New" time="1222355938" />
          </text_data><text_data language="Spanish">
            <text from_TM="False" rev_id="-1" status="Complete" time="1222355861" />
          </text_data><text_data language="English">
            <text from_TM="False" status="Complete" time="1222355861" />
          </text_data>
        </ta_sentence><ta_sentence do_translation="yes" encoding="utf-8" format="1" id="474" original_language="English">
          <space_before />
          <space_after />
          <text_data language="German">
            <text from_TM="False" rev_id="13" status="New" time="1222355938">14 days trial</text>
            <marker end="13" id="0" start="0" />
          </text_data><text_data language="Spanish">
            <text from_TM="False" rev_id="11" status="Complete" time="1222354203">Spanish : ial</text>
            <marker end="13" id="0" start="0" />
          </text_data><text_data language="English">
            <text from_TM="False" rev_id="11" status="Complete" time="1222354203">14 days trial</text>
            <marker end="13" id="0" start="0" />
          </text_data><marker_def id="0" type="html">
            <html_marker tag="span">
              <attr name="class" val="Text-Small" />
            </html_marker>
          </marker_def>
        </ta_sentence><ta_sentence do_translation="yes" encoding="utf-8" format="1" id="475" original_language="English">
          <space_before />
          <space_after />
          <text_data language="German">
            <text from_TM="False" rev_id="13" status="New" time="1222355938">$29.95 USD</text>
            <marker end="10" id="0" start="0" />
          </text_data><text_data language="Spanish">
            <text from_TM="False" rev_id="11" status="Complete" time="1222354203">Spanish : </text>
            <marker end="10" id="0" start="0" />
          </text_data><text_data language="English">
            <text from_TM="False" rev_id="11" status="Complete" time="1222354203">$29.95 USD</text>
            <marker end="10" id="0" start="0" />
          </text_data><marker_def id="0" type="html">
            <html_marker tag="span">
              <attr name="class" val="Text-Small" />
            </html_marker>
          </marker_def>
        </ta_sentence><ta_sentence do_translation="yes" encoding="utf-8" format="1" id="476" original_language="English">
          <space_before />
          <space_after />
          <text_data language="German">
            <text from_TM="False" rev_id="13" status="New" time="1222355938">News and announcements</text>
            <marker end="22" id="0" start="0" />
          </text_data><text_data language="Spanish">
            <text from_TM="False" rev_id="11" status="Complete" time="1222354203">Spanish : nnouncements</text>
            <marker end="22" id="0" start="0" />
          </text_data><text_data language="English">
            <text from_TM="False" rev_id="11" status="Complete" time="1222354203">News and announcements</text>
            <marker end="22" id="0" start="0" />
          </text_data><marker_def id="0" type="html">
            <html_marker tag="a">
              <attr name="href" val="blog/?sectionid=5" />
            </html_marker>
          </marker_def>
        </ta_sentence><ta_sentence do_translation="yes" encoding="utf-8" format="1" id="477" original_language="English">
          <space_before />
          <space_after />
          <text_data language="German">
            <text from_TM="False" rev_id="13" status="New" time="1222355938">more info...</text>
            <marker end="12" id="0" start="0" />
          </text_data><text_data language="Spanish">
            <text from_TM="False" rev_id="11" status="Complete" time="1222354203">Spanish : ..</text>
            <marker end="12" id="0" start="0" />
          </text_data><text_data language="English">
            <text from_TM="False" rev_id="11" status="Complete" time="1222354203">more info...</text>
            <marker end="12" id="0" start="0" />
          </text_data><marker_def id="0" type="html">
            <html_marker tag="img">
              <attr name="src" val="images/next.gif" />
              <attr name="alt" val="more info..." />
              <attr name="class" val="arrowimg" />
            </html_marker>
          </marker_def>
        </ta_sentence><ta_sentence do_translation="yes" encoding="utf-8" format="1" id="478" original_language="English">
          <space_before>&#160;</space_before>
          <space_after />
          <text_data language="German">
            <text from_TM="False" rev_id="13" status="New" time="1222355938">$pbnt_name</text>
            <marker end="10" id="0" start="0" />
          </text_data><text_data language="Spanish">
            <text from_TM="False" rev_id="11" status="Complete" time="1222354203">Spanish : </text>
            <marker end="10" id="0" start="0" />
          </text_data><text_data language="English">
            <text from_TM="False" rev_id="11" status="Complete" time="1222354203">$pbnt_name</text>
            <marker end="10" id="0" start="0" />
          </text_data><marker_def id="0" type="html">
            <html_marker tag="a">
              <attr name="href" val="photo_backup.htm" />
            </html_marker>
          </marker_def>
        </ta_sentence><ta_sentence do_translation="yes" encoding="utf-8" format="1" id="479" original_language="English">
          <space_before />
          <space_after />
          <text_data language="German">
            <text from_TM="False" rev_id="13" status="New" time="1222355938">Professional quality digital photo backup program</text>
          </text_data><text_data language="Spanish">
            <text from_TM="False" rev_id="11" status="Complete" time="1222354203">Spanish : al quality digital photo backup program</text>
          </text_data><text_data language="English">
            <text from_TM="False" rev_id="11" status="Complete" time="1222354203">Professional quality digital photo backup program</text>
          </text_data>
        </ta_sentence><ta_sentence do_translation="yes" encoding="utf-8" format="1" id="480" original_language="English">
          <space_before />
          <space_after />
          <text_data language="German">
            <text from_TM="False" rev_id="13" status="New" time="1222355938">Protect your valuable photo collection from loss by making CD/DVD backup.</text>
          </text_data><text_data language="Spanish">
            <text from_TM="False" rev_id="11" status="Complete" time="1222354203">Spanish : ur valuable photo collection from loss by making CD/DVD backup.</text>
          </text_data><text_data language="English">
            <text from_TM="False" rev_id="11" status="Complete" time="1222354203">Protect your valuable photo collection from loss by making CD/DVD backup.</text>
          </text_data>
        </ta_sentence><ta_sentence do_translation="yes" encoding="utf-8" format="1" id="481" original_language="English">
          <space_before> </space_before>
          <space_after />
          <text_data language="German">
            <text from_TM="False" rev_id="13" status="New" time="1222355938">Use thumbnails to quickly search the archive according to dates, folders or disks and retrieve the photos you need, when you need them.</text>
          </text_data><text_data language="Spanish">
            <text from_TM="False" rev_id="11" status="Complete" time="1222354203">Spanish : ails to quickly search the archive according to dates, folders or disks and retrieve the photos you need, when you need them.</text>
          </text_data><text_data language="English">
            <text from_TM="False" rev_id="11" status="Complete" time="1222354203">Use thumbnails to quickly search the archive according to dates, folders or disks and retrieve the photos you need, when you need them.</text>
          </text_data>
        </ta_sentence><ta_sentence do_translation="yes" encoding="utf-8" format="1" id="482" original_language="English">
          <space_before> </space_before>
          <space_after />
          <text_data language="German">
            <text from_TM="False" rev_id="13" status="New" time="1222355938">$pbnt_name was designed to handle large numbers of photos, quickly and easily.</text>
          </text_data><text_data language="Spanish">
            <text from_TM="False" rev_id="11" status="Complete" time="1222354203">Spanish :  was designed to handle large numbers of photos, quickly and easily.</text>
          </text_data><text_data language="English">
            <text from_TM="False" rev_id="11" status="Complete" time="1222354203">$pbnt_name was designed to handle large numbers of photos, quickly and easily.</text>
          </text_data>
        </ta_sentence><ta_sentence do_translation="yes" encoding="utf-8" format="1" id="483" original_language="English">
          <space_before> </space_before>
          <space_after />
          <text_data language="German">
            <text from_TM="False" rev_id="13" status="New" time="1222355938">Download $pbnt_name and see how it fits into your work flow.</text>
            <marker end="19" id="0" start="0" />
          </text_data><text_data language="Spanish">
            <text from_TM="False" rev_id="11" status="Complete" time="1222354203">Spanish : pbnt_name and see how it fits into your work flow.</text>
            <marker end="19" id="0" start="0" />
          </text_data><text_data language="English">
            <text from_TM="False" rev_id="11" status="Complete" time="1222354203">Download $pbnt_name and see how it fits into your work flow.</text>
            <marker end="19" id="0" start="0" />
          </text_data><marker_def id="0" type="html">
            <html_marker tag="a">
              <attr name="href" val="pb_download.htm" />
            </html_marker>
          </marker_def>
        </ta_sentence><ta_sentence do_translation="yes" encoding="utf-8" format="1" id="484" original_language="English">
          <space_before />
          <space_after />
          <text_data language="German">
            <text from_TM="False" rev_id="13" status="New" time="1222355938">$spnt_name</text>
            <marker end="10" id="0" start="0" />
          </text_data><text_data language="Spanish">
            <text from_TM="False" rev_id="11" status="Complete" time="1222354203">Spanish : </text>
            <marker end="10" id="0" start="0" />
          </text_data><text_data language="English">
            <text from_TM="False" rev_id="11" status="Complete" time="1222354203">$spnt_name</text>
            <marker end="10" id="0" start="0" />
          </text_data><marker_def id="0" type="html">
            <html_marker tag="img">
              <attr name="src" val="images/shrink_pic/sp_icon.png" />
              <attr name="alt" val="$spnt_name" />
              <attr name="width" val="64" />
              <attr name="height" val="64" />
              <attr name="hspace" val="5" />
              <attr name="vspace" val="10" />
              <attr name="border" val="0" />
            </html_marker>
          </marker_def>
        </ta_sentence><ta_sentence do_translation="no" encoding="utf-8" format="1" id="485" original_language="English">
          <space_before> </space_before>
          <space_after />
          <text_data language="German">
            <text from_TM="False" rev_id="13" status="New" time="1222355938" />
            <marker end="0" id="-1" start="-1" />
          </text_data><text_data language="Spanish">
            <text from_TM="False" rev_id="-1" status="Complete" time="1222355861" />
            <marker end="0" id="-1" start="-1" />
          </text_data><text_data language="English">
            <text from_TM="False" status="Complete" time="1222355861" />
            <marker end="0" id="-1" start="-1" />
          </text_data><marker_def id="-1" type="html">
            <html_marker tag="a" />
          </marker_def>
        </ta_sentence><ta_sentence do_translation="yes" encoding="utf-8" format="1" id="486" original_language="English">
          <space_before />
          <space_after />
          <text_data language="German">
            <text from_TM="False" rev_id="13" status="New" time="1222355938">Completely free!</text>
            <marker end="16" id="0" start="0" />
          </text_data><text_data language="Spanish">
            <text from_TM="False" rev_id="11" status="Complete" time="1222354203">Spanish :  free!</text>
            <marker end="16" id="0" start="0" />
          </text_data><text_data language="English">
            <text from_TM="False" rev_id="11" status="Complete" time="1222354203">Completely free!</text>
            <marker end="16" id="0" start="0" />
          </text_data><marker_def id="0" type="html">
            <html_marker tag="img">
              <attr name="src" val="images/download.gif" />
              <attr name="alt" val="Completely free!" />
              <attr name="width" val="94" />
              <attr name="height" val="28" />
              <attr name="border" val="0" />
            </html_marker>
          </marker_def>
        </ta_sentence><ta_sentence do_translation="no" encoding="utf-8" format="1" id="487" original_language="English">
          <space_before> </space_before>
          <space_after />
          <text_data language="German">
            <text from_TM="False" rev_id="13" status="New" time="1222355938" />
          </text_data><text_data language="Spanish">
            <text from_TM="False" rev_id="-1" status="Complete" time="1222355861" />
          </text_data><text_data language="English">
            <text from_TM="False" status="Complete" time="1222355861" />
          </text_data>
        </ta_sentence><ta_sentence do_translation="yes" encoding="utf-8" format="1" id="488" original_language="English">
          <space_before />
          <space_after />
          <text_data language="German">
            <text from_TM="False" rev_id="13" status="New" time="1222355938">Completely free!</text>
            <marker end="16" id="0" start="0" />
          </text_data><text_data language="Spanish">
            <text from_TM="False" rev_id="11" status="Complete" time="1222354203">Spanish :  free!</text>
            <marker end="16" id="0" start="0" />
          </text_data><text_data language="English">
            <text from_TM="False" rev_id="11" status="Complete" time="1222354203">Completely free!</text>
            <marker end="16" id="0" start="0" />
          </text_data><marker_def id="0" type="html">
            <html_marker tag="span">
              <attr name="class" val="Text-Small" />
            </html_marker>
          </marker_def>
        </ta_sentence><ta_sentence do_translation="yes" encoding="utf-8" format="1" id="489" original_language="English">
          <space_before />
          <space_after />
          <text_data language="German">
            <text from_TM="False" rev_id="13" status="New" time="1222355938">News and announcements</text>
            <marker end="22" id="0" start="0" />
          </text_data><text_data language="Spanish">
            <text from_TM="False" rev_id="11" status="Complete" time="1222354203">Spanish : nnouncements</text>
            <marker end="22" id="0" start="0" />
          </text_data><text_data language="English">
            <text from_TM="False" rev_id="11" status="Complete" time="1222354203">News and announcements</text>
            <marker end="22" id="0" start="0" />
          </text_data><marker_def id="0" type="html">
            <html_marker tag="a">
              <attr name="href" val="blog/?sectionid=10" />
            </html_marker>
          </marker_def>
        </ta_sentence><ta_sentence do_translation="yes" encoding="utf-8" format="1" id="490" original_language="English">
          <space_before />
          <space_after />
          <text_data language="German">
            <text from_TM="False" rev_id="13" status="New" time="1222355938">more info...</text>
            <marker end="12" id="0" start="0" />
          </text_data><text_data language="Spanish">
            <text from_TM="False" rev_id="11" status="Complete" time="1222354203">Spanish : ..</text>
            <marker end="12" id="0" start="0" />
          </text_data><text_data language="English">
            <text from_TM="False" rev_id="11" status="Complete" time="1222354203">more info...</text>
            <marker end="12" id="0" start="0" />
          </text_data><marker_def id="0" type="html">
            <html_marker tag="img">
              <attr name="src" val="images/next.gif" />
              <attr name="alt" val="more info..." />
              <attr name="class" val="arrowimg" />
            </html_marker>
          </marker_def>
        </ta_sentence><ta_sentence do_translation="yes" encoding="utf-8" format="1" id="491" original_language="English">
          <space_before>&#160;</space_before>
          <space_after />
          <text_data language="German">
            <text from_TM="False" rev_id="13" status="New" time="1222355938">$spnt_name</text>
            <marker end="10" id="0" start="0" />
          </text_data><text_data language="Spanish">
            <text from_TM="False" rev_id="11" status="Complete" time="1222354203">Spanish : </text>
            <marker end="10" id="0" start="0" />
          </text_data><text_data language="English">
            <text from_TM="False" rev_id="11" status="Complete" time="1222354203">$spnt_name</text>
            <marker end="10" id="0" start="0" />
          </text_data><marker_def id="0" type="html">
            <html_marker tag="a">
              <attr name="href" val="shrink_pic.htm" />
            </html_marker>
          </marker_def>
        </ta_sentence><ta_sentence do_translation="yes" encoding="utf-8" format="1" id="492" original_language="English">
          <space_before />
          <space_after />
          <text_data language="German">
            <text from_TM="False" rev_id="13" status="New" time="1222355938">Automatically resize photos for email, instant messenger and web uploads</text>
          </text_data><text_data language="Spanish">
            <text from_TM="False" rev_id="11" status="Complete" time="1222354203">Spanish : lly resize photos for email, instant messenger and web uploads</text>
          </text_data><text_data language="English">
            <text from_TM="False" rev_id="11" status="Complete" time="1222354203">Automatically resize photos for email, instant messenger and web uploads</text>
          </text_data>
        </ta_sentence><ta_sentence do_translation="yes" encoding="utf-8" format="1" id="493" original_language="English">
          <space_before />
          <space_after />
          <text_data language="German">
            <text from_TM="False" rev_id="13" status="New" time="1222355938">Attach dozens of photos to emails without any problems.</text>
          </text_data><text_data language="Spanish">
            <text from_TM="False" rev_id="11" status="Complete" time="1222354203">Spanish : ens of photos to emails without any problems.</text>
          </text_data><text_data language="English">
            <text from_TM="False" rev_id="11" status="Complete" time="1222354203">Attach dozens of photos to emails without any problems.</text>
          </text_data>
        </ta_sentence><ta_sentence do_translation="yes" encoding="utf-8" format="1" id="494" original_language="English">
          <space_before> </space_before>
          <space_after />
          <text_data language="German">
            <text from_TM="False" rev_id="13" status="New" time="1222355938">Upload to your blog or website in seconds, and share with your friends instantly!</text>
          </text_data><text_data language="Spanish">
            <text from_TM="False" rev_id="11" status="Complete" time="1222354203">Spanish : your blog or website in seconds, and share with your friends instantly!</text>
          </text_data><text_data language="English">
            <text from_TM="False" rev_id="11" status="Complete" time="1222354203">Upload to your blog or website in seconds, and share with your friends instantly!</text>
          </text_data>
        </ta_sentence><ta_sentence do_translation="yes" encoding="utf-8" format="1" id="495" original_language="English">
          <space_before> </space_before>
          <space_after />
          <text_data language="German">
            <text from_TM="False" rev_id="13" status="New" time="1222355938">$spnt_name automatically detects when you send photos by email, Instant Messenger or web browser and compresses them for you.</text>
          </text_data><text_data language="Spanish">
            <text from_TM="False" rev_id="11" status="Complete" time="1222354203">Spanish :  automatically detects when you send photos by email, Instant Messenger or web browser and compresses them for you.</text>
          </text_data><text_data language="English">
            <text from_TM="False" rev_id="11" status="Complete" time="1222354203">$spnt_name automatically detects when you send photos by email, Instant Messenger or web browser and compresses them for you.</text>
          </text_data>
        </ta_sentence><ta_sentence do_translation="yes" encoding="utf-8" format="1" id="496" original_language="English">
          <space_before> </space_before>
          <space_after />
          <text_data language="German">
            <text from_TM="False" rev_id="13" status="New" time="1222355938">There's no need to make duplicates and resize - it all happens instantly, when you send photos. </text>
          </text_data><text_data language="Spanish">
            <text from_TM="False" rev_id="11" status="Complete" time="1222354203">Spanish :  need to make duplicates and resize - it all happens instantly, when you send photos. </text>
          </text_data><text_data language="English">
            <text from_TM="False" rev_id="11" status="Complete" time="1222354203">There's no need to make duplicates and resize - it all happens instantly, when you send photos. </text>
          </text_data>
        </ta_sentence><ta_sentence do_translation="no" encoding="utf-8" format="1" id="497" original_language="English">
          <space_before />
          <space_after />
          <text_data language="German">
            <text from_TM="False" rev_id="13" status="New" time="1222355938" />
          </text_data><text_data language="Spanish">
            <text from_TM="False" rev_id="-1" status="Complete" time="1222355861" />
          </text_data><text_data language="English">
            <text from_TM="False" status="Complete" time="1222355861" />
          </text_data>
        </ta_sentence><ta_sentence do_translation="yes" encoding="utf-8" format="1" id="498" original_language="English">
          <space_before />
          <space_after />
          <text_data language="German">
            <text from_TM="False" rev_id="13" status="New" time="1222355938">more info...</text>
            <marker end="12" id="0" start="0" />
          </text_data><text_data language="Spanish">
            <text from_TM="False" rev_id="11" status="Complete" time="1222354203">Spanish : ..</text>
            <marker end="12" id="0" start="0" />
          </text_data><text_data language="English">
            <text from_TM="False" rev_id="11" status="Complete" time="1222354203">more info...</text>
            <marker end="12" id="0" start="0" />
          </text_data><marker_def id="0" type="html">
            <html_marker tag="img">
              <attr name="src" val="images/next.gif" />
              <attr name="alt" val="more info..." />
              <attr name="class" val="arrowimg" />
            </html_marker>
          </marker_def>
        </ta_sentence><ta_sentence do_translation="yes" encoding="utf-8" format="1" id="499" original_language="English">
          <space_before>&#160; </space_before>
          <space_after />
          <text_data language="German">
            <text from_TM="False" rev_id="13" status="New" time="1222355938">Can you translate?</text>
          </text_data><text_data language="Spanish">
            <text from_TM="False" rev_id="11" status="Complete" time="1222354203">Spanish : anslate?</text>
          </text_data><text_data language="English">
            <text from_TM="False" rev_id="11" status="Complete" time="1222354203">Can you translate?</text>
          </text_data>
        </ta_sentence><ta_sentence do_translation="yes" encoding="utf-8" format="1" id="500" original_language="English">
          <space_before />
          <space_after />
          <text_data language="German">
            <text from_TM="False" rev_id="13" status="New" time="1222355938">We're looking for professional translators. Find out more...</text>
            <marker end="60" id="0" start="44" />
          </text_data><text_data language="Spanish">
            <text from_TM="False" rev_id="11" status="Complete" time="1222354203">Spanish : ing for professional translators. Find out more...</text>
            <marker end="60" id="0" start="44" />
          </text_data><text_data language="English">
            <text from_TM="False" rev_id="11" status="Complete" time="1222354203">We're looking for professional translators. Find out more...</text>
            <marker end="60" id="0" start="44" />
          </text_data><marker_def id="0" type="html">
            <html_marker tag="a">
              <attr name="href" val="http://www.onthegosoft.com/blog/?postid=63" />
            </html_marker>
          </marker_def>
        </ta_sentence><ta_sentence do_translation="no" encoding="utf-8" format="1" id="501" original_language="English">
          <space_before />
          <space_after />
          <text_data language="German">
            <text from_TM="False" rev_id="13" status="New" time="1222355938" />
          </text_data><text_data language="Spanish">
            <text from_TM="False" rev_id="-1" status="Complete" time="1222355861" />
          </text_data><text_data language="English">
            <text from_TM="False" status="Complete" time="1222355861" />
          </text_data>
        </ta_sentence><ta_sentence do_translation="yes" encoding="utf-8" format="1" id="502" original_language="English">
          <space_before />
          <space_after />
          <text_data language="German">
            <text from_TM="False" rev_id="13" status="New" time="1222355938">Products&#160;&#160; - &#160;&#160;$ppnt_name&#160;&#160; - &#160;&#160;$pbnt_name&#160;&#160; - &#160;&#160;$spnt_name&#160;&#160; - &#160;&#160;Resources&#160;&#160; - &#160;&#160;Partners&#160;&#160; - &#160;&#160;Blog&#160;&#160; - &#160;&#160;SiteMap</text>
            <marker end="8" id="0" start="0" />
            <marker end="25" id="1" start="15" />
            <marker end="42" id="2" start="32" />
            <marker end="59" id="3" start="49" />
            <marker end="75" id="4" start="66" />
            <marker end="90" id="5" start="82" />
            <marker end="101" id="6" start="97" />
            <marker end="115" id="7" start="108" />
          </text_data><text_data language="Spanish">
            <text from_TM="False" rev_id="11" status="Complete" time="1222354203">Spanish :  - &#160;&#160;$ppnt_name&#160;&#160; - &#160;&#160;$pbnt_name&#160;&#160; - &#160;&#160;$spnt_name&#160;&#160; - &#160;&#160;Resources&#160;&#160; - &#160;&#160;Partners&#160;&#160; - &#160;&#160;Blog&#160;&#160; - &#160;&#160;SiteMap</text>
            <marker end="8" id="0" start="0" />
            <marker end="25" id="1" start="15" />
            <marker end="42" id="2" start="32" />
            <marker end="59" id="3" start="49" />
            <marker end="75" id="4" start="66" />
            <marker end="90" id="5" start="82" />
            <marker end="101" id="6" start="97" />
            <marker end="115" id="7" start="108" />
          </text_data><text_data language="English">
            <text from_TM="False" rev_id="11" status="Complete" time="1222354203">Products&#160;&#160; - &#160;&#160;$ppnt_name&#160;&#160; - &#160;&#160;$pbnt_name&#160;&#160; - &#160;&#160;$spnt_name&#160;&#160; - &#160;&#160;Resources&#160;&#160; - &#160;&#160;Partners&#160;&#160; - &#160;&#160;Blog&#160;&#160; - &#160;&#160;SiteMap</text>
            <marker end="8" id="0" start="0" />
            <marker end="25" id="1" start="15" />
            <marker end="42" id="2" start="32" />
            <marker end="59" id="3" start="49" />
            <marker end="75" id="4" start="66" />
            <marker end="90" id="5" start="82" />
            <marker end="101" id="6" start="97" />
            <marker end="115" id="7" start="108" />
          </text_data><marker_def id="0" type="html">
            <html_marker tag="a">
              <attr name="href" val="./" />
            </html_marker>
          </marker_def><marker_def id="1" type="html">
            <html_marker tag="a">
              <attr name="href" val="passport_photo.htm" />
            </html_marker>
          </marker_def><marker_def id="2" type="html">
            <html_marker tag="a">
              <attr name="href" val="photo_backup.htm" />
            </html_marker>
          </marker_def><marker_def id="3" type="html">
            <html_marker tag="a">
              <attr name="href" val="shrink_pic.htm" />
            </html_marker>
          </marker_def><marker_def id="4" type="html">
            <html_marker tag="a">
              <attr name="href" val="links_nav.htm" />
            </html_marker>
          </marker_def><marker_def id="5" type="html">
            <html_marker tag="a">
              <attr name="href" val="partners.htm" />
            </html_marker>
          </marker_def><marker_def id="6" type="html">
            <html_marker tag="a">
              <attr name="href" val="blog/" />
            </html_marker>
          </marker_def><marker_def id="7" type="html">
            <html_marker tag="a">
              <attr name="href" val="sitemap.htm" />
            </html_marker>
          </marker_def>
        </ta_sentence><ta_sentence do_translation="yes" encoding="utf-8" format="1" id="503" original_language="English">
          <space_before />
          <space_after />
          <text_data language="German">
            <text from_TM="False" rev_id="13" status="New" time="1222355938">English&#160;&#160;-&#160;&#160;Deutsch&#160;&#160;-&#160;&#160;Fran&#231;ais&#160;&#160;-&#160;&#160;Espa&#241;ol&#160;&#160;-&#160;&#160;Portugu&#234;s</text>
            <marker end="19" id="0" start="12" />
            <marker end="32" id="1" start="24" />
            <marker end="44" id="2" start="37" />
            <marker end="58" id="3" start="49" />
          </text_data><text_data language="Spanish">
            <text from_TM="False" rev_id="11" status="Complete" time="1222354203">Spanish : &#160;&#160;Deutsch&#160;&#160;-&#160;&#160;Fran&#231;ais&#160;&#160;-&#160;&#160;Espa&#241;ol&#160;&#160;-&#160;&#160;Portugu&#234;s</text>
            <marker end="19" id="0" start="12" />
            <marker end="32" id="1" start="24" />
            <marker end="44" id="2" start="37" />
            <marker end="58" id="3" start="49" />
          </text_data><text_data language="English">
            <text from_TM="False" rev_id="11" status="Complete" time="1222354203">English&#160;&#160;-&#160;&#160;Deutsch&#160;&#160;-&#160;&#160;Fran&#231;ais&#160;&#160;-&#160;&#160;Espa&#241;ol&#160;&#160;-&#160;&#160;Portugu&#234;s</text>
            <marker end="19" id="0" start="12" />
            <marker end="32" id="1" start="24" />
            <marker end="44" id="2" start="37" />
            <marker end="58" id="3" start="49" />
          </text_data><marker_def id="0" type="html">
            <html_marker tag="a">
              <attr name="href" val="de/" />
            </html_marker>
          </marker_def><marker_def id="1" type="html">
            <html_marker tag="a">
              <attr name="href" val="fr/" />
            </html_marker>
          </marker_def><marker_def id="2" type="html">
            <html_marker tag="a">
              <attr name="href" val="es/" />
            </html_marker>
          </marker_def><marker_def id="3" type="html">
            <html_marker tag="a">
              <attr name="href" val="br/" />
            </html_marker>
          </marker_def>
        </ta_sentence><ta_sentence do_translation="yes" encoding="utf-8" format="1" id="504" original_language="English">
          <space_before> </space_before>
          <space_after />
          <text_data language="German">
            <text from_TM="False" rev_id="13" status="New" time="1222355938">This website has been translated using ICanLocalize - Affordable Website Translation</text>
            <marker end="-1" id="0" start="0" />
            <marker end="84" id="1" start="39" />
            <marker end="-1" id="0" start="0" />
          </text_data><text_data language="Spanish">
            <text from_TM="False" rev_id="11" status="Complete" time="1222354203">Spanish : te has been translated using ICanLocalize - Affordable Website Translation</text>
            <marker end="-1" id="0" start="0" />
            <marker end="84" id="1" start="39" />
            <marker end="-1" id="0" start="0" />
          </text_data><text_data language="English">
            <text from_TM="False" rev_id="11" status="Complete" time="1222354203">This website has been translated using ICanLocalize - Affordable Website Translation</text>
            <marker end="-1" id="0" start="0" />
            <marker end="84" id="1" start="39" />
            <marker end="-1" id="0" start="0" />
          </text_data><marker_def id="0" type="html">
            <html_marker tag="span">
              <attr name="class" val="copyright" />
            </html_marker>
          </marker_def><marker_def id="1" type="html">
            <html_marker tag="a">
              <attr name="target" val="_blank" />
              <attr name="href" val="http://www.icanlocalize.com" />
            </html_marker>
          </marker_def>
        </ta_sentence><ta_sentence do_translation="yes" encoding="utf-8" format="1" id="505" original_language="English">
          <space_before />
          <space_after />
          <text_data language="German">
            <text from_TM="False" rev_id="13" status="New" time="1222355938">&#169; OnTheGoSystems,INC. 2003-2008</text>
            <marker end="21" id="0" start="2" />
            <marker end="31" id="-1" start="-1" />
          </text_data><text_data language="Spanish">
            <text from_TM="False" rev_id="11" status="Complete" time="1222354203">Spanish : ystems,INC. 2003-2008</text>
            <marker end="21" id="0" start="2" />
            <marker end="31" id="-1" start="-1" />
          </text_data><text_data language="English">
            <text from_TM="False" rev_id="11" status="Complete" time="1222354203">&#169; OnTheGoSystems,INC. 2003-2008</text>
            <marker end="21" id="0" start="2" />
            <marker end="31" id="-1" start="-1" />
          </text_data><marker_def id="0" type="html">
            <html_marker tag="a">
              <attr name="href" val="http://www.onthegosystems.com/" />
              <attr name="target" val="_blank" />
            </html_marker>
          </marker_def><marker_def id="-1" type="html">
            <html_marker tag="span" />
          </marker_def>
        </ta_sentence>
      </sentences><html_output_change_data_3 />
    </translation>
  </ta_buffer><ta_buffer encoding="utf-8" format="1" manual="False" original_language="English" source_file="/irfanview_intro.htm" type="html">
    <extractor>
      <marked_file MD5="ee3c086d74d42d700b359164f23a3ff2" encoding="zlib-hex">789cd5595b73dbb8157edecef43f20cc34dbce58922f49bc496c657c4d347536aeadd6db270f484222c624c100a014edc3fef67e070029ca92137b775f9ac9c8bc0007e7f29def1c8007cf4e3f9f8cff7b79c63e8e3f5db0cb7f1f5f8c4e58d41b0c6ef64e0683d3f1a97ff1b2bfbdc3c69a97465aa94a9e0f06673f47c3bffee520b3458ebf8c1d6482a7ee0ad756da5c0c7f7b4effc647b7e3d1f8e2ecf9484f783993622e34ebb12396cb6966e7827ed924175f659c0b260b3e152c8ce265cace5269952641bf1d0cbcdcb048212c6799b5554f7ca9e5ec303a51a515a5ed8d17958858e2ef0e232bbeda01e9f98e2519d746d843528aae6f71735b707d27f4f3a8919bcbf28e655a4c0e236317b930fdc498886991370f32216cc42c9609d26980f7c220b8c1ddc42a5d34529ff57accaa8ac5bc2c85de63b198ca92f57a612c398d9303e632b5d961b4ff7a3b62b1d2a9d087112e39bc551e46092c121ac6893caf789aca72ea5ed3bda97812ee21f48703ab870c7f4972ca32e7e7c3e81539868642d81e5698e24e6189e7bb3bfbaf8e4e231fb403594c99d1c961e4e26106715e0b68df9fca09e902419fcb71263ea86b35812bba4a2f571a36514b9d3e0328e4f5dab0ecbaa6af7757540d23302695b37bee18b2cd5ae76aaa76bea3f3de9bfda8bba657dac96b560c6660dde10663beebe46fb83456d6aae24ff0ea1abc0452c781eb87f655c96772ca297f3df8f6fc0032a1abfcee3d88cc82afbdaed17093ff57b1fbf2a73f84dd036f11544a726ecc615488b2c6028d237948cefe201a5e6a95d689350703bee297efcf4ed5bccc154ffb608668781aee7e87a0b85e7819c7f5e2e9b389a57862bd84137ff37429a6ae2aa583946b7fb3268590821f8ad4b083e6fb08eac00420da6b50b402f42eba5763bfb3bdfdb795e0df8beefde893ec567823dddb0a6540c52217c88536f1360e299511f9ffd9184dd9d619d3308aa3b8364adf629bc6e35123b9925f45bee31e2f05af8cdd7fb5bf4c6828d22d00e73be7fbe76f3a3cfb07e2fa72535c3d66fd2d1e10801acdc728a2bdb1aa7ee63368de4df08faa1084e417656caa772fa6f69dbf6a0751b536b700ad073f0861aa79816a4d3d84d934b5ed43982cade70f80fd60400a0d1bf57ce6643b5ee93fa17581a84676a861c176afe9ed44705b6b619ad48e87ffaa6572c746e5441d0ce290cab16ebce8059d702ba64a2fdeb20f9a57994c4c50c0b001136e7d737fe60f176226f2b7ec988a40e92c1a113317180f716bc319bb11f15b068f5baea7e89ea2db38e7e55d1422402dd8dbc1603e9ff765e3a77e42a5828257c1294b2a5a110bf595b16fd9f9d5d959fbda7751c44eeeaa5a8188b1f02bd7e9d2492e32ff71c1348cb34ac1f6499d3bff77a3e483431e014059155062336e59021ce2c14ca60212be38afd3f4891682aab2d025e87026c08eccd449c6a6ded5b891566055c32e39a06432b027f0c7946647a98a05bbcc9455f4b8bf8ce0a0f28641c7cd96b55de83d8e7f3eeaa0351a3677644e0bcf0ee763fe8392aea861d602c5c4026f37e404838ac1d484a1294ee75c0b962a3662a510e9fb470a5d02f8a6f1ea88a4cca5cd98b48f15831a98e4b5818dc615c4e6667dfac1a00e5b0f8ea255a0175ff510cdf03b935dbfc851ac6abb74569398bb8f405aa8a9e4ecd73fb1544e2642c37b6c2291f8b411302013c00937c25891b21952105a6c611330b419b0d9402ec7fec0b89173bea0499e3f642eed824d001d829d8bc0b4c9e8805ac250dffbed0cf1ab2a917ae71ae4b3e639ab4bf9a516ac09042b15c2a08a42953989ae8169ac57d4b9952ed7db74f040de4294a094576e22b5b14b151aede74ae7e99c32c52583738a9758c111bc449a91f51f46e7ce35a6ef9cec3681d7c7ee0a6df50d29cd99c1d298b4f772fb9fc7ecec973337638bad780b973e21b11cf5672e31b5872f19c84e2f2e1a3dfaab09d6806215ec6ba018235e2dea9f028971574fe7361f79f44d9cdc5ed5600e1f20cef6fabbd38fbfd2f04418e37c5e21b79c39af76763f1db3aba34f5b4cd765492f6f6489fed4b05f2ebd806ba1673201a170b862b7cfdcdaf89f8a892c113bc4b750804c47be634222b812594c0fb95e9017b1c48a8b4998600e22bae3a966e8925f0992de30b021d53b5501751e3f0b580e4947e5a2551ddb65c18da02843f1e6e99b578e18c08db581f95804ae2fa19d035dcbde2d8431596904d7a12a6458477198d1a64bb360c1ef68a265b8f319158742e78c4a450e2a075dab96c7975edb62f38c325a517e9365a025942822c6562592486af074c6615a4a96e807b0b7e4c435dc9d87574f811ce870264a49c443c0c126b1a790fab95277d06352978ef98c0b95cf779b69554f33e2bdaeeb3665e5358a3519eab2bf31d615c81143a40d1dfbb43c029b294e92e899c8007340745702982889a75a65281de8ed39b995762f1bd77691847882c842d50e7c4e56e022cca5c76457526b625e6812d86b0b746c1238c9c52bcfe990a7c406db650e199e614383579099e468cc97229d0f69118045114a2987ee45f29bf13802c366c8b255e2a5c4740009a48e85e19b0291025855e1d6ee59d5a3bfce57f102595254302955356596db1bf4921cc4e734cfdab6d2c393aa460d4b4d02f083d1552a1e766bb2487217498704afd98ccb9cb73d6b5bbb52647f829671b105e04f35cc696d22d4cf455c70643a12699e51e6fa9e2815a83d81e772e592a5a91bbfc799cd8a6d6f06b2c8445e11deb01a94a0547784806a74879f3a4f695007e03f1a72f95eef941dd7d6aa55483eec2aa2130fef32153ecb47ae6f3c031f2420c507017cbc602be1a281809528b608b83ab49f04f2da2ad44899b864b274a40ad7168edd601d2a05948e9dd24d9205d71b88eb6cce9fe2dab1b208113c827ef44e2c9a82e9bc12b26e85cdcc1a31b76e5d928cabcbb081b2484c2632912e2d1ff06e28311004d815a014ef68079bce0aae904aca48c3aea0cdd942d05fdfd235d078c7b8856b2b1bd21a2afb14a60d804c1c7a00c262815df864cb89d7be7c14608d05f00eff2ca8fce08d015187b4aab8ef81316ac213e18b7a0d2fa4940c8b674f01b3a11ec9a5bbf5c832b5eb6d0455514d550ab572d947fa16126b234861abe221e76244dc479980ed35ed40a85851fe234d3d01931ffc2c2d7a30880e18a63e35c11054141ddf19f9ab607f0f790d50194f8c313477bbfc86ab01b667ff707175db9dc6b4d57d4fb7dc98b0ba0166c0a78e946961bfd7e225ea774175d6c7068d669c83c51d5f13788a58b9eabb093abedf3d6984999cfc8a2dd5dc79aba12fe38bbddbb581a1423c6bd3a4e312bfd72480e6777279ad6cafec41d62a77e7ed538af7514ef592f2cd6d0a968d1522fba325028b61a46bf2d98dd3ff1e5ad63706c12cb8c2d7770d884d9a56cd74b7b23e717a15fa47ea3acdbd1670e4b00ea5a9fb439aa21a214ee8d0b6dc74bc965458558920d4a2c9b9954e9d0045d5d7e74f0315da40862e22556466e831977cd3ee9197805a8d4a7b6094e9e1f23ac4e293729d9f3bebc17effce2bd50d4b98f0cdd0dc340ef192888ae14b43887bcf3e83be11afe35cb91d58d3f3d069c3f20c182f07ef8d70facbf47067271a52a79c0b244a2e7d0759a1b64b9389b47b38b515b670196da44c5d145c4bb1e201777af6ad53427fc8b7e9b8ef3b47839b8f15bb67ff61b63ffaa753cbb5c9ab8ab45fba264ad1ee67fd23d7a68f07cda1d08327fbe104cffdb21eebdeb6732a684a45edb6224085c3c0f0cc836c4d527388f690449a741b2365ea2ac8a327ecd83d79ac5e2603d1dddd82fbc2e9bcbb67973279ac847b279c57c2a0a3400d78ec7c07ce2800f8fe41dc8b44558b77acf3dd89ed6e6feff5f0f33a80d07d29e804b5fdb444910f9f380f06e143f0ff0046a5baeb</marked_file>
      <paragraph_indexes count="46">94 169 531 607 713 788 793 806 870 949 1199 1229 1261 1302 1334 1364 1396 1434 1466 1504 2158 2330 2339 2404 2453 2475 2484 2533 2542 2580 2589 2667 2676 2698 2746 2925 2974 3028 3048 3113 3133 3184 3204 3247 3305 3325 3364 3682 3696 3790 3838 3856 3895 4426 4470 4483 4522 4600 4614 4724 4738 4884 4922 5067 5081 5217 5255 5366 5380 5429 5443 5564 5602 5716 5730 5934 5972 6287 6301 6401 6448 6464 6503 6807 6844 6871 6914 7065 7305 7668 7677 7710 </paragraph_indexes>
      <support_files>
        <file type="todo">images/bluebottom.gif</file>
        <file type="todo">images/bluetop.gif</file>
        <file type="todo">images/bottomwhite.gif</file>
        <file type="todo">images/bottomwhite2.gif</file>
        <file type="todo">images/logo1.gif</file>
        <file type="todo">images/menutabA1.gif</file>
        <file type="todo">images/menutabB1.gif</file>
        <file type="todo">images/photobackup/1bckgrnd.gif</file>
        <file type="todo">images/photobackup/2bckgrnd.gif</file>
        <file type="todo">images/photobackup/3bckgrnd.gif</file>
        <file type="todo">images/topline1.gif</file>
        <file type="todo">images/topline2.gif</file>
        <file type="todo">images/topline2WB.gif</file>
        <file type="todo">images/toplineL.gif</file>
        <file type="todo">images/toplineLW.gif</file>
        <file type="todo">images/toplineR.gif</file>
        <file type="todo">images/topwhite2.gif</file>
        <file type="todo">styles.css</file>
      </support_files>
    </extractor><translation>
      <languages>
        <language reviewed="False">Spanish</language>
        <language reviewed="False">German</language>
      </languages><sentences count="46">
        <ta_sentence do_translation="yes" encoding="utf-8" format="1" id="1507" original_language="English" type="title">
          <space_before />
          <space_after />
          <text_data language="German">
            <text from_TM="False" rev_id="13" status="New" time="1222355938">Irfanviewer - A lightweight flexible image viewer and Editor</text>
          </text_data><text_data language="Spanish">
            <text from_TM="False" rev_id="11" status="Complete" time="1222354203">Spanish : r - A lightweight flexible image viewer and Editor</text>
          </text_data><text_data language="English">
            <text from_TM="False" rev_id="11" status="Complete" time="1222354203">Irfanviewer - A lightweight flexible image viewer and Editor</text>
          </text_data>
        </ta_sentence><ta_sentence do_translation="yes" encoding="utf-8" format="1" id="1508" original_language="English">
          <space_before />
          <space_after />
          <text_data language="German">
            <text from_TM="False" rev_id="13" status="New" time="1222355938">OnTheGoSoft</text>
            <marker end="11" id="0" start="0" />
          </text_data><text_data language="Spanish">
            <text from_TM="False" rev_id="11" status="Complete" time="1222354203">Spanish : t</text>
            <marker end="11" id="0" start="0" />
          </text_data><text_data language="English">
            <text from_TM="False" rev_id="11" status="Complete" time="1222354203">OnTheGoSoft</text>
            <marker end="11" id="0" start="0" />
          </text_data><marker_def id="0" type="html">
            <html_marker tag="img">
              <attr name="src" val="images/bluetop.gif" />
              <attr name="alt" val="OnTheGoSoft" />
              <attr name="width" val="760" />
              <attr name="height" val="5" />
            </html_marker>
          </marker_def>
        </ta_sentence><ta_sentence do_translation="yes" encoding="utf-8" format="1" id="1509" original_language="English">
          <space_before />
          <space_after />
          <text_data language="German">
            <text from_TM="False" rev_id="13" status="New" time="1222355938">OnTheGoSoft</text>
            <marker end="11" id="0" start="0" />
          </text_data><text_data language="Spanish">
            <text from_TM="False" rev_id="11" status="Complete" time="1222354203">Spanish : t</text>
            <marker end="11" id="0" start="0" />
          </text_data><text_data language="English">
            <text from_TM="False" rev_id="11" status="Complete" time="1222354203">OnTheGoSoft</text>
            <marker end="11" id="0" start="0" />
          </text_data><marker_def id="0" type="html">
            <html_marker tag="img">
              <attr name="src" val="images/logo1.gif" />
              <attr name="alt" val="OnTheGoSoft" />
              <attr name="width" val="397" />
              <attr name="height" val="62" />
            </html_marker>
          </marker_def>
        </ta_sentence><ta_sentence do_translation="no" encoding="utf-8" format="1" id="1510" original_language="English">
          <space_before> </space_before>
          <space_after />
          <text_data language="German">
            <text from_TM="False" rev_id="13" status="New" time="1222355938" />
          </text_data><text_data language="Spanish">
            <text from_TM="False" rev_id="-1" status="Complete" time="1222355861" />
          </text_data><text_data language="English">
            <text from_TM="False" status="Complete" time="1222355861" />
          </text_data>
        </ta_sentence><ta_sentence do_translation="yes" encoding="utf-8" format="1" id="1511" original_language="English">
          <space_before />
          <space_after />
          <text_data language="German">
            <text from_TM="False" rev_id="13" status="New" time="1222355938">OnTheGoSoft</text>
            <marker end="11" id="0" start="0" />
          </text_data><text_data language="Spanish">
            <text from_TM="False" rev_id="11" status="Complete" time="1222354203">Spanish : t</text>
            <marker end="11" id="0" start="0" />
          </text_data><text_data language="English">
            <text from_TM="False" rev_id="11" status="Complete" time="1222354203">OnTheGoSoft</text>
            <marker end="11" id="0" start="0" />
          </text_data><marker_def id="0" type="html">
            <html_marker tag="img">
              <attr name="src" val="images/bluebottom.gif" />
              <attr name="alt" val="OnTheGoSoft" />
              <attr name="width" val="760" />
              <attr name="height" val="5" />
            </html_marker>
          </marker_def>
        </ta_sentence><ta_sentence do_translation="yes" encoding="utf-8" format="1" id="1512" original_language="English">
          <space_before />
          <space_after />
          <text_data language="German">
            <text from_TM="False" rev_id="13" status="New" time="1222355938">Products</text>
            <marker end="8" id="0" start="0" />
          </text_data><text_data language="Spanish">
            <text from_TM="False" rev_id="11" status="Complete" time="1222354203">Spanish : </text>
            <marker end="8" id="0" start="0" />
          </text_data><text_data language="English">
            <text from_TM="False" rev_id="11" status="Complete" time="1222354203">Products</text>
            <marker end="8" id="0" start="0" />
          </text_data><marker_def id="0" type="html">
            <html_marker tag="a">
              <attr name="href" val="./" />
            </html_marker>
          </marker_def>
        </ta_sentence><ta_sentence do_translation="yes" encoding="utf-8" format="1" id="1513" original_language="English">
          <space_before />
          <space_after />
          <text_data language="German">
            <text from_TM="False" rev_id="13" status="New" time="1222355938">Downloads</text>
            <marker end="9" id="0" start="0" />
          </text_data><text_data language="Spanish">
            <text from_TM="False" rev_id="11" status="Complete" time="1222354203">Spanish : </text>
            <marker end="9" id="0" start="0" />
          </text_data><text_data language="English">
            <text from_TM="False" rev_id="11" status="Complete" time="1222354203">Downloads</text>
            <marker end="9" id="0" start="0" />
          </text_data><marker_def id="0" type="html">
            <html_marker tag="a">
              <attr name="href" val="download.htm" />
            </html_marker>
          </marker_def>
        </ta_sentence><ta_sentence do_translation="yes" encoding="utf-8" format="1" id="1514" original_language="English">
          <space_before />
          <space_after />
          <text_data language="German">
            <text from_TM="False" rev_id="13" status="New" time="1222355938">Buy</text>
            <marker end="3" id="0" start="0" />
          </text_data><text_data language="Spanish">
            <text from_TM="False" rev_id="11" status="Complete" time="1222354203">Spanish : </text>
            <marker end="3" id="0" start="0" />
          </text_data><text_data language="English">
            <text from_TM="False" rev_id="11" status="Complete" time="1222354203">Buy</text>
            <marker end="3" id="0" start="0" />
          </text_data><marker_def id="0" type="html">
            <html_marker tag="a">
              <attr name="href" val="buy.htm" />
            </html_marker>
          </marker_def>
        </ta_sentence><ta_sentence do_translation="yes" encoding="utf-8" format="1" id="1515" original_language="English">
          <space_before />
          <space_after />
          <text_data language="German">
            <text from_TM="False" rev_id="13" status="New" time="1222355938">Contact</text>
            <marker end="7" id="0" start="0" />
          </text_data><text_data language="Spanish">
            <text from_TM="False" rev_id="11" status="Complete" time="1222354203">Spanish : </text>
            <marker end="7" id="0" start="0" />
          </text_data><text_data language="English">
            <text from_TM="False" rev_id="11" status="Complete" time="1222354203">Contact</text>
            <marker end="7" id="0" start="0" />
          </text_data><marker_def id="0" type="html">
            <html_marker tag="a">
              <attr name="href" val="contact.htm" />
            </html_marker>
          </marker_def>
        </ta_sentence><ta_sentence do_translation="yes" encoding="utf-8" format="1" id="1516" original_language="English">
          <space_before />
          <space_after />
          <text_data language="German">
            <text from_TM="False" rev_id="13" status="New" time="1222355938">Support</text>
            <marker end="7" id="0" start="0" />
          </text_data><text_data language="Spanish">
            <text from_TM="False" rev_id="11" status="Complete" time="1222354203">Spanish : </text>
            <marker end="7" id="0" start="0" />
          </text_data><text_data language="English">
            <text from_TM="False" rev_id="11" status="Complete" time="1222354203">Support</text>
            <marker end="7" id="0" start="0" />
          </text_data><marker_def id="0" type="html">
            <html_marker tag="a">
              <attr name="href" val="support.htm" />
            </html_marker>
          </marker_def>
        </ta_sentence><ta_sentence do_translation="yes" encoding="utf-8" format="1" id="1517" original_language="English">
          <space_before> </space_before>
          <space_after> </space_after>
          <text_data language="German">
            <text from_TM="False" rev_id="13" status="New" time="1222355938">Home&#160;&gt;&#160;Program reviews&#160;&gt;&#160;Irfanview introduction</text>
            <marker end="47" id="0" start="0" />
            <marker end="4" id="1" start="0" />
            <marker end="22" id="2" start="7" />
          </text_data><text_data language="Spanish">
            <text from_TM="False" rev_id="11" status="Complete" time="1222354203">Spanish : gram reviews&#160;&gt;&#160;Irfanview introduction</text>
            <marker end="47" id="0" start="0" />
            <marker end="4" id="1" start="0" />
            <marker end="22" id="2" start="7" />
          </text_data><text_data language="English">
            <text from_TM="False" rev_id="11" status="Complete" time="1222354203">Home&#160;&gt;&#160;Program reviews&#160;&gt;&#160;Irfanview introduction</text>
            <marker end="47" id="0" start="0" />
            <marker end="4" id="1" start="0" />
            <marker end="22" id="2" start="7" />
          </text_data><marker_def id="0" type="html">
            <html_marker tag="span">
              <attr name="class" val="Text-TopNav" />
            </html_marker>
          </marker_def><marker_def id="1" type="html">
            <html_marker tag="a">
              <attr name="href" val="./" />
            </html_marker>
          </marker_def><marker_def id="2" type="html">
            <html_marker tag="a">
              <attr name="href" val="links_nav.htm" />
            </html_marker>
          </marker_def>
        </ta_sentence><ta_sentence do_translation="yes" encoding="utf-8" format="1" id="1518" original_language="English">
          <space_before />
          <space_after />
          <text_data language="German">
            <text from_TM="False" rev_id="13" status="New" time="1222355938">Irfanviewer - A lightweight flexible image viewer and Editor</text>
          </text_data><text_data language="Spanish">
            <text from_TM="False" rev_id="11" status="Complete" time="1222354203">Spanish : r - A lightweight flexible image viewer and Editor</text>
          </text_data><text_data language="English">
            <text from_TM="False" rev_id="11" status="Complete" time="1222354203">Irfanviewer - A lightweight flexible image viewer and Editor</text>
          </text_data>
        </ta_sentence><ta_sentence do_translation="yes" encoding="utf-8" format="1" id="1519" original_language="English">
          <space_before />
          <space_after />
          <text_data language="German">
            <text from_TM="False" rev_id="13" status="New" time="1222355938">Quick Info</text>
            <marker end="10" id="0" start="0" />
          </text_data><text_data language="Spanish">
            <text from_TM="False" rev_id="11" status="Complete" time="1222354203">Spanish : </text>
            <marker end="10" id="0" start="0" />
          </text_data><text_data language="English">
            <text from_TM="False" rev_id="11" status="Complete" time="1222354203">Quick Info</text>
            <marker end="10" id="0" start="0" />
          </text_data><marker_def id="0" type="html">
            <html_marker tag="b" />
          </marker_def>
        </ta_sentence><ta_sentence do_translation="yes" encoding="utf-8" format="1" id="1520" original_language="English">
          <space_before> </space_before>
          <space_after />
          <text_data language="German">
            <text from_TM="False" rev_id="13" status="New" time="1222355938">Category: Graphics viewers / editors</text>
          </text_data><text_data language="Spanish">
            <text from_TM="False" rev_id="11" status="Complete" time="1222354203">Spanish : Graphics viewers / editors</text>
          </text_data><text_data language="English">
            <text from_TM="False" rev_id="11" status="Complete" time="1222354203">Category: Graphics viewers / editors</text>
          </text_data>
        </ta_sentence><ta_sentence do_translation="yes" encoding="utf-8" format="1" id="1521" original_language="English">
          <space_before> </space_before>
          <space_after />
          <text_data language="German">
            <text from_TM="False" rev_id="13" status="New" time="1222355938">Level: Beginner - Intermediate</text>
          </text_data><text_data language="Spanish">
            <text from_TM="False" rev_id="11" status="Complete" time="1222354203">Spanish : inner - Intermediate</text>
          </text_data><text_data language="English">
            <text from_TM="False" rev_id="11" status="Complete" time="1222354203">Level: Beginner - Intermediate</text>
          </text_data>
        </ta_sentence><ta_sentence do_translation="yes" encoding="utf-8" format="1" id="1522" original_language="English">
          <space_before> </space_before>
          <space_after />
          <text_data language="German">
            <text from_TM="False" rev_id="13" status="New" time="1222355938">Web: Homepage</text>
            <marker end="13" id="0" start="5" />
          </text_data><text_data language="Spanish">
            <text from_TM="False" rev_id="11" status="Complete" time="1222354203">Spanish : age</text>
            <marker end="13" id="0" start="5" />
          </text_data><text_data language="English">
            <text from_TM="False" rev_id="11" status="Complete" time="1222354203">Web: Homepage</text>
            <marker end="13" id="0" start="5" />
          </text_data><marker_def id="0" type="html">
            <html_marker tag="a">
              <attr name="target" val="_blank" />
              <attr name="href" val="http://www.irfanview.com" />
            </html_marker>
          </marker_def>
        </ta_sentence><ta_sentence do_translation="yes" encoding="utf-8" format="1" id="1523" original_language="English">
          <space_before> </space_before>
          <space_after />
          <text_data language="German">
            <text from_TM="False" rev_id="13" status="New" time="1222355938">Cost: FREE</text>
          </text_data><text_data language="Spanish">
            <text from_TM="False" rev_id="11" status="Complete" time="1222354203">Spanish : </text>
          </text_data><text_data language="English">
            <text from_TM="False" rev_id="11" status="Complete" time="1222354203">Cost: FREE</text>
          </text_data>
        </ta_sentence><ta_sentence do_translation="yes" encoding="utf-8" format="1" id="1524" original_language="English">
          <space_before />
          <space_after />
          <text_data language="German">
            <text from_TM="False" rev_id="13" status="New" time="1222355938">IrfanView is a powerful and lightweight image editing program that can provide a quick and free alternative to such graphic suites as Paintshop Pro or Adobe Photoshop.</text>
            <marker end="167" id="0" start="0" />
          </text_data><text_data language="Spanish">
            <text from_TM="False" rev_id="11" status="Complete" time="1222354203">Spanish : is a powerful and lightweight image editing program that can provide a quick and free alternative to such graphic suites as Paintshop Pro or Adobe Photoshop.</text>
            <marker end="167" id="0" start="0" />
          </text_data><text_data language="English">
            <text from_TM="False" rev_id="11" status="Complete" time="1222354203">IrfanView is a powerful and lightweight image editing program that can provide a quick and free alternative to such graphic suites as Paintshop Pro or Adobe Photoshop.</text>
            <marker end="167" id="0" start="0" />
          </text_data><marker_def id="0" type="html">
            <html_marker tag="b" />
          </marker_def>
        </ta_sentence><ta_sentence do_translation="yes" encoding="utf-8" format="1" id="1525" original_language="English">
          <space_before />
          <space_after />
          <text_data language="German">
            <text from_TM="False" rev_id="13" status="New" time="1222355938">Introducing Irfanview</text>
            <marker end="21" id="0" start="0" />
          </text_data><text_data language="Spanish">
            <text from_TM="False" rev_id="11" status="Complete" time="1222354203">Spanish : g Irfanview</text>
            <marker end="21" id="0" start="0" />
          </text_data><text_data language="English">
            <text from_TM="False" rev_id="11" status="Complete" time="1222354203">Introducing Irfanview</text>
            <marker end="21" id="0" start="0" />
          </text_data><marker_def id="0" type="html">
            <html_marker tag="a">
              <attr name="href" val="#Introduction" />
            </html_marker>
          </marker_def>
        </ta_sentence><ta_sentence do_translation="yes" encoding="utf-8" format="1" id="1526" original_language="English">
          <space_before />
          <space_after />
          <text_data language="German">
            <text from_TM="False" rev_id="13" status="New" time="1222355938">What sort of hardware do I need?</text>
            <marker end="32" id="0" start="0" />
          </text_data><text_data language="Spanish">
            <text from_TM="False" rev_id="11" status="Complete" time="1222354203">Spanish : of hardware do I need?</text>
            <marker end="32" id="0" start="0" />
          </text_data><text_data language="English">
            <text from_TM="False" rev_id="11" status="Complete" time="1222354203">What sort of hardware do I need?</text>
            <marker end="32" id="0" start="0" />
          </text_data><marker_def id="0" type="html">
            <html_marker tag="a">
              <attr name="href" val="#Requirements" />
            </html_marker>
          </marker_def>
        </ta_sentence><ta_sentence do_translation="yes" encoding="utf-8" format="1" id="1527" original_language="English">
          <space_before />
          <space_after />
          <text_data language="German">
            <text from_TM="False" rev_id="13" status="New" time="1222355938">What can I do with it?</text>
            <marker end="22" id="0" start="0" />
          </text_data><text_data language="Spanish">
            <text from_TM="False" rev_id="11" status="Complete" time="1222354203">Spanish :  do with it?</text>
            <marker end="22" id="0" start="0" />
          </text_data><text_data language="English">
            <text from_TM="False" rev_id="11" status="Complete" time="1222354203">What can I do with it?</text>
            <marker end="22" id="0" start="0" />
          </text_data><marker_def id="0" type="html">
            <html_marker tag="a">
              <attr name="href" val="#features" />
            </html_marker>
          </marker_def>
        </ta_sentence><ta_sentence do_translation="yes" encoding="utf-8" format="1" id="1528" original_language="English">
          <space_before />
          <space_after />
          <text_data language="German">
            <text from_TM="False" rev_id="13" status="New" time="1222355938">Conclusions</text>
            <marker end="11" id="0" start="0" />
          </text_data><text_data language="Spanish">
            <text from_TM="False" rev_id="11" status="Complete" time="1222354203">Spanish : s</text>
            <marker end="11" id="0" start="0" />
          </text_data><text_data language="English">
            <text from_TM="False" rev_id="11" status="Complete" time="1222354203">Conclusions</text>
            <marker end="11" id="0" start="0" />
          </text_data><marker_def id="0" type="html">
            <html_marker tag="a">
              <attr name="href" val="#Conclusions" />
            </html_marker>
          </marker_def>
        </ta_sentence><ta_sentence do_translation="yes" encoding="utf-8" format="1" id="1529" original_language="English">
          <space_before />
          <space_after />
          <text_data language="German">
            <text from_TM="False" rev_id="13" status="New" time="1222355938">About Irfanview</text>
          </text_data><text_data language="Spanish">
            <text from_TM="False" rev_id="11" status="Complete" time="1222354203">Spanish : nview</text>
          </text_data><text_data language="English">
            <text from_TM="False" rev_id="11" status="Complete" time="1222354203">About Irfanview</text>
          </text_data>
        </ta_sentence><ta_sentence do_translation="yes" encoding="utf-8" format="1" id="1530" original_language="English">
          <space_before />
          <space_after />
          <text_data language="German">
            <text from_TM="False" rev_id="13" status="New" time="1222355938">Supporting 68 different file types in the tested version, this program leads the way in flexibility for freeware graphics editing. Equipped with several unique features not commonly found in multimedia editing suites, it was the first graphics program worldwide to support multiple animated GIF files.</text>
            <marker end="129" id="0" start="58" />
          </text_data><text_data language="Spanish">
            <text from_TM="False" rev_id="11" status="Complete" time="1222354203">Spanish :  68 different file types in the tested version, this program leads the way in flexibility for freeware graphics editing. Equipped with several unique features not commonly found in multimedia editing suites, it was the first graphics program worldwide to support multiple animated GIF files.</text>
            <marker end="129" id="0" start="58" />
          </text_data><text_data language="English">
            <text from_TM="False" rev_id="11" status="Complete" time="1222354203">Supporting 68 different file types in the tested version, this program leads the way in flexibility for freeware graphics editing. Equipped with several unique features not commonly found in multimedia editing suites, it was the first graphics program worldwide to support multiple animated GIF files.</text>
            <marker end="129" id="0" start="58" />
          </text_data><marker_def id="0" type="html">
            <html_marker tag="b" />
          </marker_def>
        </ta_sentence><ta_sentence do_translation="yes" encoding="utf-8" format="1" id="1531" original_language="English">
          <space_before> </space_before>
          <space_after />
          <text_data language="German">
            <text from_TM="False" rev_id="13" status="New" time="1222355938">With a single 340KB EXE file, this program is quick to load and requires no DLL support.</text>
          </text_data><text_data language="Spanish">
            <text from_TM="False" rev_id="11" status="Complete" time="1222354203">Spanish : gle 340KB EXE file, this program is quick to load and requires no DLL support.</text>
          </text_data><text_data language="English">
            <text from_TM="False" rev_id="11" status="Complete" time="1222354203">With a single 340KB EXE file, this program is quick to load and requires no DLL support.</text>
          </text_data>
        </ta_sentence><ta_sentence do_translation="yes" encoding="utf-8" format="1" id="1532" original_language="English">
          <space_before />
          <space_after />
          <text_data language="German">
            <text from_TM="False" rev_id="13" status="New" time="1222355938">Test hardware</text>
          </text_data><text_data language="Spanish">
            <text from_TM="False" rev_id="11" status="Complete" time="1222354203">Spanish : are</text>
          </text_data><text_data language="English">
            <text from_TM="False" rev_id="11" status="Complete" time="1222354203">Test hardware</text>
          </text_data>
        </ta_sentence><ta_sentence do_translation="yes" encoding="utf-8" format="1" id="1533" original_language="English">
          <space_before />
          <space_after />
          <text_data language="German">
            <text from_TM="False" rev_id="13" status="New" time="1222355938">This program was tested on a computer with a 3.2gHz processing speed and 512MB RAM, running Windows XP with Service Pack 2. This is definitely more processing power than necessary to run this program. The only requirements to run IrfanView are a compatible operating system. Any Windows release since Windows 95 can be used to harness the powerful features incorporated in the program. This freeware release makes it easy for beginners to delve into graphic processing, while offering a host of features for the advanced user.</text>
          </text_data><text_data language="Spanish">
            <text from_TM="False" rev_id="11" status="Complete" time="1222354203">Spanish : am was tested on a computer with a 3.2gHz processing speed and 512MB RAM, running Windows XP with Service Pack 2. This is definitely more processing power than necessary to run this program. The only requirements to run IrfanView are a compatible operating system. Any Windows release since Windows 95 can be used to harness the powerful features incorporated in the program. This freeware release makes it easy for beginners to delve into graphic processing, while offering a host of features for the advanced user.</text>
          </text_data><text_data language="English">
            <text from_TM="False" rev_id="11" status="Complete" time="1222354203">This program was tested on a computer with a 3.2gHz processing speed and 512MB RAM, running Windows XP with Service Pack 2. This is definitely more processing power than necessary to run this program. The only requirements to run IrfanView are a compatible operating system. Any Windows release since Windows 95 can be used to harness the powerful features incorporated in the program. This freeware release makes it easy for beginners to delve into graphic processing, while offering a host of features for the advanced user.</text>
          </text_data>
        </ta_sentence><ta_sentence do_translation="yes" encoding="utf-8" format="1" id="1534" original_language="English">
          <space_before />
          <space_after />
          <text_data language="German">
            <text from_TM="False" rev_id="13" status="New" time="1222355938">Features</text>
          </text_data><text_data language="Spanish">
            <text from_TM="False" rev_id="11" status="Complete" time="1222354203">Spanish : </text>
          </text_data><text_data language="English">
            <text from_TM="False" rev_id="11" status="Complete" time="1222354203">Features</text>
          </text_data>
        </ta_sentence><ta_sentence do_translation="yes" encoding="utf-8" format="1" id="1535" original_language="English">
          <space_before />
          <space_after />
          <text_data language="German">
            <text from_TM="False" rev_id="13" status="New" time="1222355938">Convenient and oft-overlooked functions are found throughout the program.</text>
          </text_data><text_data language="Spanish">
            <text from_TM="False" rev_id="11" status="Complete" time="1222354203">Spanish :  and oft-overlooked functions are found throughout the program.</text>
          </text_data><text_data language="English">
            <text from_TM="False" rev_id="11" status="Complete" time="1222354203">Convenient and oft-overlooked functions are found throughout the program.</text>
          </text_data>
        </ta_sentence><ta_sentence do_translation="yes" encoding="utf-8" format="1" id="1536" original_language="English">
          <space_before> </space_before>
          <space_after />
          <text_data language="German">
            <text from_TM="False" rev_id="13" status="New" time="1222355938">Some of the features that I personally found useful include the Reopen function on the File menu.</text>
            <marker end="70" id="0" start="64" />
          </text_data><text_data language="Spanish">
            <text from_TM="False" rev_id="11" status="Complete" time="1222354203">Spanish : e features that I personally found useful include the Reopen function on the File menu.</text>
            <marker end="70" id="0" start="64" />
          </text_data><text_data language="English">
            <text from_TM="False" rev_id="11" status="Complete" time="1222354203">Some of the features that I personally found useful include the Reopen function on the File menu.</text>
            <marker end="70" id="0" start="64" />
          </text_data><marker_def id="0" type="html">
            <html_marker tag="b" />
          </marker_def>
        </ta_sentence><ta_sentence do_translation="yes" encoding="utf-8" format="1" id="1537" original_language="English">
          <space_before> </space_before>
          <space_after />
          <text_data language="German">
            <text from_TM="False" rev_id="13" status="New" time="1222355938">This allows you to reopen the file you are currently editing, discarding all changes without having to close the file and open it once more.</text>
          </text_data><text_data language="Spanish">
            <text from_TM="False" rev_id="11" status="Complete" time="1222354203">Spanish : s you to reopen the file you are currently editing, discarding all changes without having to close the file and open it once more.</text>
          </text_data><text_data language="English">
            <text from_TM="False" rev_id="11" status="Complete" time="1222354203">This allows you to reopen the file you are currently editing, discarding all changes without having to close the file and open it once more.</text>
          </text_data>
        </ta_sentence><ta_sentence do_translation="yes" encoding="utf-8" format="1" id="1538" original_language="English">
          <space_before />
          <space_after />
          <text_data language="German">
            <text from_TM="False" rev_id="13" status="New" time="1222355938">Another unique feature is the ability to move from file-to-file by simply double right-clicking the viewer while in full screen mode.</text>
            <marker end="63" id="0" start="41" />
          </text_data><text_data language="Spanish">
            <text from_TM="False" rev_id="11" status="Complete" time="1222354203">Spanish : ique feature is the ability to move from file-to-file by simply double right-clicking the viewer while in full screen mode.</text>
            <marker end="63" id="0" start="41" />
          </text_data><text_data language="English">
            <text from_TM="False" rev_id="11" status="Complete" time="1222354203">Another unique feature is the ability to move from file-to-file by simply double right-clicking the viewer while in full screen mode.</text>
            <marker end="63" id="0" start="41" />
          </text_data><marker_def id="0" type="html">
            <html_marker tag="b" />
          </marker_def>
        </ta_sentence><ta_sentence do_translation="yes" encoding="utf-8" format="1" id="1539" original_language="English">
          <space_before> </space_before>
          <space_after />
          <text_data language="German">
            <text from_TM="False" rev_id="13" status="New" time="1222355938">This cycles through the available images in the directory, a great feature for webmasters who have to deal with a lot of graphics.</text>
          </text_data><text_data language="Spanish">
            <text from_TM="False" rev_id="11" status="Complete" time="1222354203">Spanish : s through the available images in the directory, a great feature for webmasters who have to deal with a lot of graphics.</text>
          </text_data><text_data language="English">
            <text from_TM="False" rev_id="11" status="Complete" time="1222354203">This cycles through the available images in the directory, a great feature for webmasters who have to deal with a lot of graphics.</text>
          </text_data>
        </ta_sentence><ta_sentence do_translation="yes" encoding="utf-8" format="1" id="1540" original_language="English">
          <space_before />
          <space_after />
          <text_data language="German">
            <text from_TM="False" rev_id="13" status="New" time="1222355938">Another feature that can be helpful to web related work would be the program's 3-D Button function.</text>
            <marker end="89" id="0" start="79" />
          </text_data><text_data language="Spanish">
            <text from_TM="False" rev_id="11" status="Complete" time="1222354203">Spanish : ature that can be helpful to web related work would be the program's 3-D Button function.</text>
            <marker end="89" id="0" start="79" />
          </text_data><text_data language="English">
            <text from_TM="False" rev_id="11" status="Complete" time="1222354203">Another feature that can be helpful to web related work would be the program's 3-D Button function.</text>
            <marker end="89" id="0" start="79" />
          </text_data><marker_def id="0" type="html">
            <html_marker tag="b" />
          </marker_def>
        </ta_sentence><ta_sentence do_translation="yes" encoding="utf-8" format="1" id="1541" original_language="English">
          <space_before> </space_before>
          <space_after />
          <text_data language="German">
            <text from_TM="False" rev_id="13" status="New" time="1222355938">This is found under the Image Effects menu.</text>
          </text_data><text_data language="Spanish">
            <text from_TM="False" rev_id="11" status="Complete" time="1222354203">Spanish : und under the Image Effects menu.</text>
          </text_data><text_data language="English">
            <text from_TM="False" rev_id="11" status="Complete" time="1222354203">This is found under the Image Effects menu.</text>
          </text_data>
        </ta_sentence><ta_sentence do_translation="yes" encoding="utf-8" format="1" id="1542" original_language="English">
          <space_before> </space_before>
          <space_after />
          <text_data language="German">
            <text from_TM="False" rev_id="13" status="New" time="1222355938">By clicking the menu item, your image is automatically transformed into a 3-D button useful for website navigation.</text>
          </text_data><text_data language="Spanish">
            <text from_TM="False" rev_id="11" status="Complete" time="1222354203">Spanish : g the menu item, your image is automatically transformed into a 3-D button useful for website navigation.</text>
          </text_data><text_data language="English">
            <text from_TM="False" rev_id="11" status="Complete" time="1222354203">By clicking the menu item, your image is automatically transformed into a 3-D button useful for website navigation.</text>
          </text_data>
        </ta_sentence><ta_sentence do_translation="yes" encoding="utf-8" format="1" id="1543" original_language="English">
          <space_before />
          <space_after />
          <text_data language="German">
            <text from_TM="False" rev_id="13" status="New" time="1222355938">Total hotkey support allows advanced users to harness the program's functions quickly and efficiently.</text>
            <marker end="20" id="0" start="6" />
          </text_data><text_data language="Spanish">
            <text from_TM="False" rev_id="11" status="Complete" time="1222354203">Spanish : ey support allows advanced users to harness the program's functions quickly and efficiently.</text>
            <marker end="20" id="0" start="6" />
          </text_data><text_data language="English">
            <text from_TM="False" rev_id="11" status="Complete" time="1222354203">Total hotkey support allows advanced users to harness the program's functions quickly and efficiently.</text>
            <marker end="20" id="0" start="6" />
          </text_data><marker_def id="0" type="html">
            <html_marker tag="b" />
          </marker_def>
        </ta_sentence><ta_sentence do_translation="yes" encoding="utf-8" format="1" id="1544" original_language="English">
          <space_before> </space_before>
          <space_after />
          <text_data language="German">
            <text from_TM="False" rev_id="13" status="New" time="1222355938">The only problem I found with the program was in its Red Eye Reduction feature; attempting to use it on a picture of myself, the red in my eyes stayed the same while part of my face was turned grey!</text>
          </text_data><text_data language="Spanish">
            <text from_TM="False" rev_id="11" status="Complete" time="1222354203">Spanish : roblem I found with the program was in its Red Eye Reduction feature; attempting to use it on a picture of myself, the red in my eyes stayed the same while part of my face was turned grey!</text>
          </text_data><text_data language="English">
            <text from_TM="False" rev_id="11" status="Complete" time="1222354203">The only problem I found with the program was in its Red Eye Reduction feature; attempting to use it on a picture of myself, the red in my eyes stayed the same while part of my face was turned grey!</text>
          </text_data>
        </ta_sentence><ta_sentence do_translation="yes" encoding="utf-8" format="1" id="1545" original_language="English">
          <space_before />
          <space_after />
          <text_data language="German">
            <text from_TM="False" rev_id="13" status="New" time="1222355938">Aside from this issue, there are many different types of image effects you can add successfully, including image re-sampling to decrease file size (great for saving bandwidth on the web!) and such standard graphic suite functions as image sharpening, creating panoramic pictures, blurring and embossing.</text>
            <marker end="70" id="0" start="57" />
          </text_data><text_data language="Spanish">
            <text from_TM="False" rev_id="11" status="Complete" time="1222354203">Spanish :  this issue, there are many different types of image effects you can add successfully, including image re-sampling to decrease file size (great for saving bandwidth on the web!) and such standard graphic suite functions as image sharpening, creating panoramic pictures, blurring and embossing.</text>
            <marker end="70" id="0" start="57" />
          </text_data><text_data language="English">
            <text from_TM="False" rev_id="11" status="Complete" time="1222354203">Aside from this issue, there are many different types of image effects you can add successfully, including image re-sampling to decrease file size (great for saving bandwidth on the web!) and such standard graphic suite functions as image sharpening, creating panoramic pictures, blurring and embossing.</text>
            <marker end="70" id="0" start="57" />
          </text_data><marker_def id="0" type="html">
            <html_marker tag="b" />
          </marker_def>
        </ta_sentence><ta_sentence do_translation="yes" encoding="utf-8" format="1" id="1546" original_language="English">
          <space_before> </space_before>
          <space_after />
          <text_data language="German">
            <text from_TM="False" rev_id="13" status="New" time="1222355938">Creating slide shows of images is easy and fast while using the program's Slideshow menu.</text>
          </text_data><text_data language="Spanish">
            <text from_TM="False" rev_id="11" status="Complete" time="1222354203">Spanish : lide shows of images is easy and fast while using the program's Slideshow menu.</text>
          </text_data><text_data language="English">
            <text from_TM="False" rev_id="11" status="Complete" time="1222354203">Creating slide shows of images is easy and fast while using the program's Slideshow menu.</text>
          </text_data>
        </ta_sentence><ta_sentence do_translation="yes" encoding="utf-8" format="1" id="1547" original_language="English">
          <space_before />
          <space_after />
          <text_data language="German">
            <text from_TM="False" rev_id="13" status="New" time="1222355938">Conclusions</text>
          </text_data><text_data language="Spanish">
            <text from_TM="False" rev_id="11" status="Complete" time="1222354203">Spanish : s</text>
          </text_data><text_data language="English">
            <text from_TM="False" rev_id="11" status="Complete" time="1222354203">Conclusions</text>
          </text_data>
        </ta_sentence><ta_sentence do_translation="yes" encoding="utf-8" format="1" id="1548" original_language="English">
          <space_before />
          <space_after />
          <text_data language="German">
            <text from_TM="False" rev_id="13" status="New" time="1222355938">All in all, IrfanView can't be beat. While there are many freeware graphics programs out there, few are as quick and feature-packed as this program. I was extremely impressed, and I will continue to use this program for all of my graphic needs that don't require advanced Photoshop functions.</text>
            <marker end="35" id="0" start="12" />
          </text_data><text_data language="Spanish">
            <text from_TM="False" rev_id="11" status="Complete" time="1222354203">Spanish : , IrfanView can't be beat. While there are many freeware graphics programs out there, few are as quick and feature-packed as this program. I was extremely impressed, and I will continue to use this program for all of my graphic needs that don't require advanced Photoshop functions.</text>
            <marker end="35" id="0" start="12" />
          </text_data><text_data language="English">
            <text from_TM="False" rev_id="11" status="Complete" time="1222354203">All in all, IrfanView can't be beat. While there are many freeware graphics programs out there, few are as quick and feature-packed as this program. I was extremely impressed, and I will continue to use this program for all of my graphic needs that don't require advanced Photoshop functions.</text>
            <marker end="35" id="0" start="12" />
          </text_data><marker_def id="0" type="html">
            <html_marker tag="b" />
          </marker_def>
        </ta_sentence><ta_sentence do_translation="yes" encoding="utf-8" format="1" id="1549" original_language="English">
          <space_before />
          <space_after />
          <text_data language="German">
            <text from_TM="False" rev_id="13" status="New" time="1222355938">More reviews like this</text>
          </text_data><text_data language="Spanish">
            <text from_TM="False" rev_id="11" status="Complete" time="1222354203">Spanish : ws like this</text>
          </text_data><text_data language="English">
            <text from_TM="False" rev_id="11" status="Complete" time="1222354203">More reviews like this</text>
          </text_data>
        </ta_sentence><ta_sentence do_translation="yes" encoding="utf-8" format="1" id="1550" original_language="English">
          <space_before />
          <space_after />
          <text_data language="German">
            <text from_TM="False" rev_id="13" status="New" time="1222355938">Was this review interesting? Our Blog includes a complete list of published reviews, with short summaries.</text>
            <marker end="37" id="0" start="33" />
            <marker end="83" id="1" start="49" />
          </text_data><text_data language="Spanish">
            <text from_TM="False" rev_id="11" status="Complete" time="1222354203">Spanish : eview interesting? Our Blog includes a complete list of published reviews, with short summaries.</text>
            <marker end="37" id="0" start="33" />
            <marker end="83" id="1" start="49" />
          </text_data><text_data language="English">
            <text from_TM="False" rev_id="11" status="Complete" time="1222354203">Was this review interesting? Our Blog includes a complete list of published reviews, with short summaries.</text>
            <marker end="37" id="0" start="33" />
            <marker end="83" id="1" start="49" />
          </text_data><marker_def id="0" type="html">
            <html_marker tag="b" />
          </marker_def><marker_def id="1" type="html">
            <html_marker tag="a">
              <attr name="href" val="blog/?sectionid=11" />
            </html_marker>
          </marker_def>
        </ta_sentence><ta_sentence do_translation="yes" encoding="utf-8" format="1" id="1551" original_language="English">
          <space_before />
          <space_after />
          <text_data language="German">
            <text from_TM="False" rev_id="13" status="New" time="1222355938">Products&#160;&#160; - &#160;&#160;Passport Photo&#160;&#160; - &#160;&#160;Photo Backup&#160;&#160; - &#160;&#160;Shrink Pic&#160;&#160; - &#160;&#160;Resources&#160;&#160; - &#160;&#160;Blog</text>
            <marker end="8" id="0" start="0" />
            <marker end="29" id="1" start="15" />
            <marker end="48" id="2" start="36" />
            <marker end="65" id="3" start="55" />
            <marker end="81" id="4" start="72" />
            <marker end="92" id="5" start="88" />
          </text_data><text_data language="Spanish">
            <text from_TM="False" rev_id="11" status="Complete" time="1222354203">Spanish :  - &#160;&#160;Passport Photo&#160;&#160; - &#160;&#160;Photo Backup&#160;&#160; - &#160;&#160;Shrink Pic&#160;&#160; - &#160;&#160;Resources&#160;&#160; - &#160;&#160;Blog</text>
            <marker end="8" id="0" start="0" />
            <marker end="29" id="1" start="15" />
            <marker end="48" id="2" start="36" />
            <marker end="65" id="3" start="55" />
            <marker end="81" id="4" start="72" />
            <marker end="92" id="5" start="88" />
          </text_data><text_data language="English">
            <text from_TM="False" rev_id="11" status="Complete" time="1222354203">Products&#160;&#160; - &#160;&#160;Passport Photo&#160;&#160; - &#160;&#160;Photo Backup&#160;&#160; - &#160;&#160;Shrink Pic&#160;&#160; - &#160;&#160;Resources&#160;&#160; - &#160;&#160;Blog</text>
            <marker end="8" id="0" start="0" />
            <marker end="29" id="1" start="15" />
            <marker end="48" id="2" start="36" />
            <marker end="65" id="3" start="55" />
            <marker end="81" id="4" start="72" />
            <marker end="92" id="5" start="88" />
          </text_data><marker_def id="0" type="html">
            <html_marker tag="a">
              <attr name="href" val="./" />
            </html_marker>
          </marker_def><marker_def id="1" type="html">
            <html_marker tag="a">
              <attr name="href" val="passport_photo.htm" />
            </html_marker>
          </marker_def><marker_def id="2" type="html">
            <html_marker tag="a">
              <attr name="href" val="photo_backup.htm" />
            </html_marker>
          </marker_def><marker_def id="3" type="html">
            <html_marker tag="a">
              <attr name="href" val="shrink_pic.htm" />
            </html_marker>
          </marker_def><marker_def id="4" type="html">
            <html_marker tag="a">
              <attr name="href" val="links_nav.htm" />
            </html_marker>
          </marker_def><marker_def id="5" type="html">
            <html_marker tag="a">
              <attr name="href" val="blog/" />
            </html_marker>
          </marker_def>
        </ta_sentence><ta_sentence do_translation="yes" encoding="utf-8" format="1" id="1552" original_language="English">
          <space_before />
          <space_after />
          <text_data language="German">
            <text from_TM="False" rev_id="13" status="New" time="1222355938">&#169; OnTheGoSoft 2003-2006</text>
          </text_data><text_data language="Spanish">
            <text from_TM="False" rev_id="11" status="Complete" time="1222354203">Spanish : oft 2003-2006</text>
          </text_data><text_data language="English">
            <text from_TM="False" rev_id="11" status="Complete" time="1222354203">&#169; OnTheGoSoft 2003-2006</text>
          </text_data>
        </ta_sentence>
      </sentences><html_output_change_data_3 />
    </translation>
  </ta_buffer><ta_buffer encoding="utf-8" format="1" manual="False" original_language="English" source_file="/links.htm" type="html">
    <extractor>
      <marked_file MD5="d4bef176a1a46dc98a8d87c7757c4b6e" encoding="zlib-hex">789cd5595b6fdb38167eee02fb1f5815d3d905623bf7341bdb8b38697602a49da07151cc534049b4c45a2235246557f330bf7dcf216959b2e55c76f765f3609bd2e1b97ee74266f8f6fad7abe96ff71fc92fd34f77e4feebe4eef68a04bdc1e0dbd1d560703dbd762f8efbfb0764aaa8d0dc70296836187cfc1c8cfffa97616af20cbe0919a68cc6f617fc36dc646cfce73bfc9b5e3e4e6fa7771fdf7dd56c5666a448a59189a2455a11c5326a584c322ee61a89ff1c0edc5ecf28678692d498a2c77e2ff962145c49619830bd6955b080446e350a0cfb6106a8cb058952aa343323148cbf1f61f198533567ea5db0e28b0249aad86c146853654cf723ad03d467f52065cc04c48018cf1d0960bbb575e08db58b50c6d58aefdb5e8f185990900ac1d4090959c205e9f53c2dba868619234b1e9b74149c9dee0724942a666a14c04f9af1448c82086c620acc635956d038e622b1af71ad0b1af935307d33346a4ce01b39c724653c49c11d27e81a2415f67798c04a8288778707672797d7810bcd90e709d12a1a053ca709d383302b1968df4ff80c750146bf8a69cafe251fe40c9cd1547a2d69bc8a5b6cf51980424eaf0eb15b8a9e1eb63475044012f3c58633c6a45be74c26f2e0198d8fcecf82a648a7b2e547bc446f04c81d7798f2ac8b9f7068288d91f9ffc0a75be0622276d07a53bf1274c1138a39da841e5ad0d4fd70031f0bef6aa76a30ee727f1bb8c71ffe2be00e9d41a0529451ad4741ce440902567ea43e37fb83607caf645c46460f07b4e596e777c772293249e33e1486607ced57ff01a3b0ac1c8f4959bd7e3716291a19c7e1ca2d5ecf4597452195e7f2e0165b5c1028f081911a37c0bc09a0064a1a186ac1bc89ed76e80ff6f77f6ac57e23b89bc147de35f31577672ae8028598650c32a14ebb4e122135cbfecf6814265b8366554f6c81ab83f454ad59793c58712ef80f961dd8c76bc61b013b5ae73328d22cfe37f66f5d649f0f6b1dc6d3ed3037f81edc9cdd9c7706da333f3fffa9ad9507376abcb26d0a4db63795c567ba00db9a15e017993384bae78b7fef1373416a223b3e3c02aa5d76dce1d26eb0649fa09313592a32531ce00e6f506cbbc4d601d834a0a5f4b0d8a5f784275f580c4dca0f39314fb8a1ed610799be694d3c6d4d8a6da83ca5cd76005a1a6943454c55bcab3515c745ff7bc192ba051d9c1cae5bd031047881d16616505eac4d54d7c40a9084f5632615b1a8d4cdae5a470647b77f0c06cbe5b2ef77c00647df8f643e80098baa04a6b5e031cca89843b977643752dd5bb256e0375f12ae0944428a1e261ce4409e97829b8ac859c3f54c69b24c25d1300db29a97015b15990bb9cc589cb03da2e71c10be470c8b52c17f2f19f28e49d352d853873667312ff3be35da4eb90f13fbcbcd148da1a218eff409d5c6aab9cb19970fd37bfb7e5de943e5d8ad73018888a3b2eec04a90b1c856f7951b9c2531d310464dc28a5c0a934a5191873e994aa560fe6d24d7b794435d405b67322a2d57e03591dac097e3b7470adf969d8f1417065d077bfc8b063f1b1b60028d105169b28ab01f007c2c2d803e9312091b55535509c593c33983cc4a21aa062f7c9996b9541214f306f5499d412bc25d4eb7064534678aee70f94d9be229c743b1ea7db1d9bcc284dbb747663ccbeb858106a7235900c4422e807d4615794ff3e2a26117c390292978a48986621531a2b980cf83f3d3d3b7e48145a50206d65b50aaf77fd636b8120f640b407e09c101710d8e8a2d385beab79dced9314cd39cfe014171c3aaaf0b1f4e1ab3f37e572df0bb7cfc9eab039ebaf724f0bb099fcc024f7d5f53138d1d8bacb45bf22ccef88cd50816d4804fa17a45f80d0f9a8845a4fb170e900ea116e71b394f367cdba15c971f8ee28c895df677d23d65fe0d280a9314415a570674c1228e19e4dfc8c220b82cb3aea2756b00b182403d84a303c969cc1a0e9929f06701ed057840f246ac3024c16ed3c9ead2bd73ca2c6599c5c8d2a43c9aef0196e8a2b23e5db35f30656b02d0039a214f4a534bdbb40cd808c83068a37b102780e5d28273a346646006440b12e815f0cf2b0dc797aa05ffb3c6d1f1e44317fcfd2ea24d1973d984ff94ce9b4ea424548cce5d2d56308773d7556cc9461731d5e9cedf64f9330055235a8d04d316ae3a6ba61668614382e9849ad7d0296811c7a10ff78bb4f8278f476108878d0933a682a2628794096842265421e0fae42a65d19c709ca10c582cdb453b92322309943afd72e9db78ffe47d68c53b4a14de5dbcde8b5017172f29f7283ee671b5abd85fe33ba273aa10fcca41f20dc64763c1c54942cbacc45efa640b7e5873a8e921ba5156da1ed71281171682ccc19f26058f59414c378258e1ac7a7fd56f728dd98265d04294db280192598194ab376e171c71bda8353ba7d596394eba3d9b7251f79c48c63809ad050360e140d02a8eebb7f018f61a55468e253a0e5a33eb6f44ed4547a0d71c79ba8f4bcd2b0dbfdbdd68e000b2b5b9a943e3f66e262520b1e3e2aeeb4e6485849d17160eaaee93f4487359efc101134ff38fb631b923ccbd7fe606bb2d4e4e25b293236e7a0c69342f0bcf0f9f404ae39397eaa553e876f3476883fed2c1aec93d8f5eca61e35cf6853994bdc233cac0395aaf7ce2562fdd1d42a6413826f0d5cadda18e1487fe652b7fa35024522619eb51183b2b6c95b66680bed06ffadf75eb2ef83b5d50c70561e57ed57c77d03d963482b1784482af97bd93d3e3f3fd93de4170e1044c158486a9bffdfda266b77dd28419b2f2970ad3143ae1928530fe3192528dcd43108337f4ee7c596a2c3ce08b8d92b75d1f3974fd4c4600ed3f189a1c8c6fafa8b8f34fc0b997336852b1bd2bf8e6254ebd20c8faedb2f81ef5bce86c05506d5296488dd53edf35fbacee471dd1deede7abbe3d041eeeef1ff5e0e343fbd86c6fb91a995bdf68617afbbbf9e1c0ff9fe2df93cead47</marked_file>
      <paragraph_indexes count="34">94 141 505 581 685 760 765 778 842 921 1170 1200 1232 1273 1305 1335 1367 1405 1437 1475 2170 2300 2354 2438 2533 2638 2643 2883 2897 2911 2919 2989 2998 3272 3292 3366 3375 3557 3578 3670 3675 3763 3772 3895 3929 4018 4027 4088 4102 4163 4177 4324 4345 4437 4442 4498 4512 4770 4811 4912 4921 5208 5443 5868 6044 6215 6224 6333 </paragraph_indexes>
      <support_files>
        <file type="todo">images/amazing.gif</file>
        <file type="todo">images/bluebottom.gif</file>
        <file type="todo">images/bluetop.gif</file>
        <file type="todo">images/bottomwhite.gif</file>
        <file type="todo">images/bottomwhite2.gif</file>
        <file type="todo">images/logo1.gif</file>
        <file type="todo">images/menutabA1.gif</file>
        <file type="todo">images/menutabB1.gif</file>
        <file type="todo">images/mystery.gif</file>
        <file type="todo">images/p4p.jpeg</file>
        <file type="todo">images/photobackup/1bckgrnd.gif</file>
        <file type="todo">images/photobackup/2bckgrnd.gif</file>
        <file type="todo">images/photobackup/3bckgrnd.gif</file>
        <file type="todo">images/topline1.gif</file>
        <file type="todo">images/topline2.gif</file>
        <file type="todo">images/topline2WB.gif</file>
        <file type="todo">images/toplineL.gif</file>
        <file type="todo">images/toplineLW.gif</file>
        <file type="todo">images/toplineR.gif</file>
        <file type="todo">images/topwhite2.gif</file>
        <file type="todo">styles.css</file>
      </support_files>
    </extractor><translation>
      <languages>
        <language reviewed="False">Spanish</language>
        <language reviewed="False">German</language>
      </languages><sentences count="34">
        <ta_sentence do_translation="yes" encoding="utf-8" format="1" id="2009" original_language="English" type="title">
          <space_before />
          <space_after />
          <text_data language="German">
            <text from_TM="False" rev_id="13" status="New" time="1222355938">Useful photography related links</text>
          </text_data><text_data language="Spanish">
            <text from_TM="False" rev_id="11" status="Complete" time="1222354203">Spanish : tography related links</text>
          </text_data><text_data language="English">
            <text from_TM="False" rev_id="11" status="Complete" time="1222354203">Useful photography related links</text>
          </text_data>
        </ta_sentence><ta_sentence do_translation="yes" encoding="utf-8" format="1" id="2010" original_language="English">
          <space_before />
          <space_after />
          <text_data language="German">
            <text from_TM="False" rev_id="13" status="New" time="1222355938">OnTheGoSoft</text>
            <marker end="11" id="0" start="0" />
          </text_data><text_data language="Spanish">
            <text from_TM="False" rev_id="11" status="Complete" time="1222354203">Spanish : t</text>
            <marker end="11" id="0" start="0" />
          </text_data><text_data language="English">
            <text from_TM="False" rev_id="11" status="Complete" time="1222354203">OnTheGoSoft</text>
            <marker end="11" id="0" start="0" />
          </text_data><marker_def id="0" type="html">
            <html_marker tag="img">
              <attr name="src" val="images/bluetop.gif" />
              <attr name="alt" val="OnTheGoSoft" />
              <attr name="width" val="760" />
              <attr name="height" val="5" />
            </html_marker>
          </marker_def>
        </ta_sentence><ta_sentence do_translation="yes" encoding="utf-8" format="1" id="2011" original_language="English">
          <space_before />
          <space_after />
          <text_data language="German">
            <text from_TM="False" rev_id="13" status="New" time="1222355938">OnTheGoSoft</text>
            <marker end="11" id="0" start="0" />
          </text_data><text_data language="Spanish">
            <text from_TM="False" rev_id="11" status="Complete" time="1222354203">Spanish : t</text>
            <marker end="11" id="0" start="0" />
          </text_data><text_data language="English">
            <text from_TM="False" rev_id="11" status="Complete" time="1222354203">OnTheGoSoft</text>
            <marker end="11" id="0" start="0" />
          </text_data><marker_def id="0" type="html">
            <html_marker tag="img">
              <attr name="src" val="images/logo1.gif" />
              <attr name="alt" val="OnTheGoSoft" />
              <attr name="width" val="397" />
              <attr name="height" val="62" />
            </html_marker>
          </marker_def>
        </ta_sentence><ta_sentence do_translation="no" encoding="utf-8" format="1" id="2012" original_language="English">
          <space_before> </space_before>
          <space_after />
          <text_data language="German">
            <text from_TM="False" rev_id="13" status="New" time="1222355938" />
          </text_data><text_data language="Spanish">
            <text from_TM="False" rev_id="-1" status="Complete" time="1222355861" />
          </text_data><text_data language="English">
            <text from_TM="False" status="Complete" time="1222355861" />
          </text_data>
        </ta_sentence><ta_sentence do_translation="yes" encoding="utf-8" format="1" id="2013" original_language="English">
          <space_before />
          <space_after />
          <text_data language="German">
            <text from_TM="False" rev_id="13" status="New" time="1222355938">OnTheGoSoft</text>
            <marker end="11" id="0" start="0" />
          </text_data><text_data language="Spanish">
            <text from_TM="False" rev_id="11" status="Complete" time="1222354203">Spanish : t</text>
            <marker end="11" id="0" start="0" />
          </text_data><text_data language="English">
            <text from_TM="False" rev_id="11" status="Complete" time="1222354203">OnTheGoSoft</text>
            <marker end="11" id="0" start="0" />
          </text_data><marker_def id="0" type="html">
            <html_marker tag="img">
              <attr name="src" val="images/bluebottom.gif" />
              <attr name="alt" val="OnTheGoSoft" />
              <attr name="width" val="760" />
              <attr name="height" val="5" />
            </html_marker>
          </marker_def>
        </ta_sentence><ta_sentence do_translation="yes" encoding="utf-8" format="1" id="2014" original_language="English">
          <space_before />
          <space_after />
          <text_data language="German">
            <text from_TM="False" rev_id="13" status="New" time="1222355938">Products</text>
            <marker end="8" id="0" start="0" />
          </text_data><text_data language="Spanish">
            <text from_TM="False" rev_id="11" status="Complete" time="1222354203">Spanish : </text>
            <marker end="8" id="0" start="0" />
          </text_data><text_data language="English">
            <text from_TM="False" rev_id="11" status="Complete" time="1222354203">Products</text>
            <marker end="8" id="0" start="0" />
          </text_data><marker_def id="0" type="html">
            <html_marker tag="a">
              <attr name="href" val="./" />
            </html_marker>
          </marker_def>
        </ta_sentence><ta_sentence do_translation="yes" encoding="utf-8" format="1" id="2015" original_language="English">
          <space_before />
          <space_after />
          <text_data language="German">
            <text from_TM="False" rev_id="13" status="New" time="1222355938">Downloads</text>
            <marker end="9" id="0" start="0" />
          </text_data><text_data language="Spanish">
            <text from_TM="False" rev_id="11" status="Complete" time="1222354203">Spanish : </text>
            <marker end="9" id="0" start="0" />
          </text_data><text_data language="English">
            <text from_TM="False" rev_id="11" status="Complete" time="1222354203">Downloads</text>
            <marker end="9" id="0" start="0" />
          </text_data><marker_def id="0" type="html">
            <html_marker tag="a">
              <attr name="href" val="download.htm" />
            </html_marker>
          </marker_def>
        </ta_sentence><ta_sentence do_translation="yes" encoding="utf-8" format="1" id="2016" original_language="English">
          <space_before />
          <space_after />
          <text_data language="German">
            <text from_TM="False" rev_id="13" status="New" time="1222355938">Buy</text>
            <marker end="3" id="0" start="0" />
          </text_data><text_data language="Spanish">
            <text from_TM="False" rev_id="11" status="Complete" time="1222354203">Spanish : </text>
            <marker end="3" id="0" start="0" />
          </text_data><text_data language="English">
            <text from_TM="False" rev_id="11" status="Complete" time="1222354203">Buy</text>
            <marker end="3" id="0" start="0" />
          </text_data><marker_def id="0" type="html">
            <html_marker tag="a">
              <attr name="href" val="buy.htm" />
            </html_marker>
          </marker_def>
        </ta_sentence><ta_sentence do_translation="yes" encoding="utf-8" format="1" id="2017" original_language="English">
          <space_before />
          <space_after />
          <text_data language="German">
            <text from_TM="False" rev_id="13" status="New" time="1222355938">Contact</text>
            <marker end="7" id="0" start="0" />
          </text_data><text_data language="Spanish">
            <text from_TM="False" rev_id="11" status="Complete" time="1222354203">Spanish : </text>
            <marker end="7" id="0" start="0" />
          </text_data><text_data language="English">
            <text from_TM="False" rev_id="11" status="Complete" time="1222354203">Contact</text>
            <marker end="7" id="0" start="0" />
          </text_data><marker_def id="0" type="html">
            <html_marker tag="a">
              <attr name="href" val="contact.htm" />
            </html_marker>
          </marker_def>
        </ta_sentence><ta_sentence do_translation="yes" encoding="utf-8" format="1" id="2018" original_language="English">
          <space_before />
          <space_after />
          <text_data language="German">
            <text from_TM="False" rev_id="13" status="New" time="1222355938">Support</text>
            <marker end="7" id="0" start="0" />
          </text_data><text_data language="Spanish">
            <text from_TM="False" rev_id="11" status="Complete" time="1222354203">Spanish : </text>
            <marker end="7" id="0" start="0" />
          </text_data><text_data language="English">
            <text from_TM="False" rev_id="11" status="Complete" time="1222354203">Support</text>
            <marker end="7" id="0" start="0" />
          </text_data><marker_def id="0" type="html">
            <html_marker tag="a">
              <attr name="href" val="support.htm" />
            </html_marker>
          </marker_def>
        </ta_sentence><ta_sentence do_translation="yes" encoding="utf-8" format="1" id="2019" original_language="English">
          <space_before />
          <space_after />
          <text_data language="German">
            <text from_TM="False" rev_id="13" status="New" time="1222355938">Home &gt; Links &gt; Meet our friends</text>
            <marker end="31" id="0" start="0" />
            <marker end="4" id="1" start="0" />
            <marker end="12" id="2" start="7" />
          </text_data><text_data language="Spanish">
            <text from_TM="False" rev_id="11" status="Complete" time="1222354203">Spanish : ks &gt; Meet our friends</text>
            <marker end="31" id="0" start="0" />
            <marker end="4" id="1" start="0" />
            <marker end="12" id="2" start="7" />
          </text_data><text_data language="English">
            <text from_TM="False" rev_id="11" status="Complete" time="1222354203">Home &gt; Links &gt; Meet our friends</text>
            <marker end="31" id="0" start="0" />
            <marker end="4" id="1" start="0" />
            <marker end="12" id="2" start="7" />
          </text_data><marker_def id="0" type="html">
            <html_marker tag="span">
              <attr name="class" val="Text-TopNav" />
            </html_marker>
          </marker_def><marker_def id="1" type="html">
            <html_marker tag="a">
              <attr name="href" val="./" />
            </html_marker>
          </marker_def><marker_def id="2" type="html">
            <html_marker tag="a">
              <attr name="href" val="links_nav.htm" />
            </html_marker>
          </marker_def>
        </ta_sentence><ta_sentence do_translation="yes" encoding="utf-8" format="1" id="2020" original_language="English">
          <space_before />
          <space_after />
          <text_data language="German">
            <text from_TM="False" rev_id="13" status="New" time="1222355938"> Useful digital photography related links</text>
            <marker end="41" id="0" start="0" />
          </text_data><text_data language="Spanish">
            <text from_TM="False" rev_id="11" status="Complete" time="1222354203">Spanish : gital photography related links</text>
            <marker end="41" id="0" start="0" />
          </text_data><text_data language="English">
            <text from_TM="False" rev_id="11" status="Complete" time="1222354203"> Useful digital photography related links</text>
            <marker end="41" id="0" start="0" />
          </text_data><marker_def id="0" type="html">
            <html_marker tag="span">
              <attr name="class" val="Text-BigRed" />
            </html_marker>
          </marker_def>
        </ta_sentence><ta_sentence do_translation="yes" encoding="utf-8" format="1" id="2021" original_language="English">
          <space_before />
          <space_after />
          <text_data language="German">
            <text from_TM="False" rev_id="13" status="New" time="1222355938">passion for pixels</text>
            <marker end="18" id="0" start="0" />
          </text_data><text_data language="Spanish">
            <text from_TM="False" rev_id="11" status="Complete" time="1222354203">Spanish : r pixels</text>
            <marker end="18" id="0" start="0" />
          </text_data><text_data language="English">
            <text from_TM="False" rev_id="11" status="Complete" time="1222354203">passion for pixels</text>
            <marker end="18" id="0" start="0" />
          </text_data><marker_def id="0" type="html">
            <html_marker tag="img">
              <attr name="src" val="images/p4p.jpeg" />
              <attr name="width" val="152" />
              <attr name="height" val="40" />
              <attr name="vspace" val="3" />
              <attr name="align" val="left" />
              <attr name="alt" val="passion for pixels" />
            </html_marker>
          </marker_def>
        </ta_sentence><ta_sentence do_translation="yes" encoding="utf-8" format="1" id="2022" original_language="English">
          <space_before />
          <space_after />
          <text_data language="German">
            <text from_TM="False" rev_id="13" status="New" time="1222355938">PassionForPixels PassionForPixels is an on-line community of photographers who share their knowledge, skills, techniques and passion for the digital medium. </text>
            <marker end="16" id="0" start="0" />
          </text_data><text_data language="Spanish">
            <text from_TM="False" rev_id="11" status="Complete" time="1222354203">Spanish : Pixels PassionForPixels is an on-line community of photographers who share their knowledge, skills, techniques and passion for the digital medium. </text>
            <marker end="16" id="0" start="0" />
          </text_data><text_data language="English">
            <text from_TM="False" rev_id="11" status="Complete" time="1222354203">PassionForPixels PassionForPixels is an on-line community of photographers who share their knowledge, skills, techniques and passion for the digital medium. </text>
            <marker end="16" id="0" start="0" />
          </text_data><marker_def id="0" type="html">
            <html_marker tag="a">
              <attr name="href" val="http://www.passionforpixels.com/" />
              <attr name="target" val="_blank" />
            </html_marker>
          </marker_def>
        </ta_sentence><ta_sentence do_translation="no" encoding="utf-8" format="1" id="2023" original_language="English">
          <space_before />
          <space_after />
          <text_data language="German">
            <text from_TM="False" rev_id="13" status="New" time="1222355938" />
          </text_data><text_data language="Spanish">
            <text from_TM="False" rev_id="-1" status="Complete" time="1222355861" />
          </text_data><text_data language="English">
            <text from_TM="False" status="Complete" time="1222355861" />
          </text_data>
        </ta_sentence><ta_sentence do_translation="yes" encoding="utf-8" format="1" id="2024" original_language="English">
          <space_before />
          <space_after />
          <text_data language="German">
            <text from_TM="False" rev_id="13" status="New" time="1222355938">ASTPhotos</text>
            <marker end="9" id="0" start="0" />
          </text_data><text_data language="Spanish">
            <text from_TM="False" rev_id="11" status="Complete" time="1222354203">Spanish : </text>
            <marker end="9" id="0" start="0" />
          </text_data><text_data language="English">
            <text from_TM="False" rev_id="11" status="Complete" time="1222354203">ASTPhotos</text>
            <marker end="9" id="0" start="0" />
          </text_data><marker_def id="0" type="html">
            <html_marker tag="a">
              <attr name="href" val="http://www.astphotos.com/" />
              <attr name="target" val="_blank" />
            </html_marker>
          </marker_def>
        </ta_sentence><ta_sentence do_translation="yes" encoding="utf-8" format="1" id="2025" original_language="English">
          <space_before> </space_before>
          <space_after> </space_after>
          <text_data language="German">
            <text from_TM="False" rev_id="13" status="New" time="1222355938">AST Photos is a collection of photos and designs by Anthony S. Torres. While the focus is on Boston photos, products and prints, the product line is constantly expanding with other photos and original funny and humorous designs.</text>
          </text_data><text_data language="Spanish">
            <text from_TM="False" rev_id="11" status="Complete" time="1222354203">Spanish :  is a collection of photos and designs by Anthony S. Torres. While the focus is on Boston photos, products and prints, the product line is constantly expanding with other photos and original funny and humorous designs.</text>
          </text_data><text_data language="English">
            <text from_TM="False" rev_id="11" status="Complete" time="1222354203">AST Photos is a collection of photos and designs by Anthony S. Torres. While the focus is on Boston photos, products and prints, the product line is constantly expanding with other photos and original funny and humorous designs.</text>
          </text_data>
        </ta_sentence><ta_sentence do_translation="yes" encoding="utf-8" format="1" id="2026" original_language="English">
          <space_before />
          <space_after />
          <text_data language="German">
            <text from_TM="False" rev_id="13" status="New" time="1222355938">Focuscamera.com</text>
            <marker end="15" id="0" start="0" />
          </text_data><text_data language="Spanish">
            <text from_TM="False" rev_id="11" status="Complete" time="1222354203">Spanish : a.com</text>
            <marker end="15" id="0" start="0" />
          </text_data><text_data language="English">
            <text from_TM="False" rev_id="11" status="Complete" time="1222354203">Focuscamera.com</text>
            <marker end="15" id="0" start="0" />
          </text_data><marker_def id="0" type="html">
            <html_marker tag="a">
              <attr name="href" val="http://focuscamera.com/" />
              <attr name="target" val="_blank" />
            </html_marker>
          </marker_def>
        </ta_sentence><ta_sentence do_translation="yes" encoding="utf-8" format="1" id="2027" original_language="English">
          <space_before> </space_before>
          <space_after> </space_after>
          <text_data language="German">
            <text from_TM="False" rev_id="13" status="New" time="1222355938">Top-Rated digital camera, film camera, telescope, binocular &amp; electronics source since 1966! Secure, with 1000's of positive customer reviews!</text>
          </text_data><text_data language="Spanish">
            <text from_TM="False" rev_id="11" status="Complete" time="1222354203">Spanish : digital camera, film camera, telescope, binocular &amp; electronics source since 1966! Secure, with 1000's of positive customer reviews!</text>
          </text_data><text_data language="English">
            <text from_TM="False" rev_id="11" status="Complete" time="1222354203">Top-Rated digital camera, film camera, telescope, binocular &amp; electronics source since 1966! Secure, with 1000's of positive customer reviews!</text>
          </text_data>
        </ta_sentence><ta_sentence do_translation="yes" encoding="utf-8" format="1" id="2028" original_language="English">
          <space_before />
          <space_after />
          <text_data language="German">
            <text from_TM="False" rev_id="13" status="New" time="1222355938">amazing photos</text>
            <marker end="14" id="0" start="0" />
          </text_data><text_data language="Spanish">
            <text from_TM="False" rev_id="11" status="Complete" time="1222354203">Spanish : otos</text>
            <marker end="14" id="0" start="0" />
          </text_data><text_data language="English">
            <text from_TM="False" rev_id="11" status="Complete" time="1222354203">amazing photos</text>
            <marker end="14" id="0" start="0" />
          </text_data><marker_def id="0" type="html">
            <html_marker tag="img">
              <attr name="src" val="images/amazing.gif" />
              <attr name="width" val="85" />
              <attr name="height" val="60" />
              <attr name="align" val="left" />
              <attr name="alt" val="amazing photos" />
            </html_marker>
          </marker_def>
        </ta_sentence><ta_sentence do_translation="yes" encoding="utf-8" format="1" id="2029" original_language="English">
          <space_before />
          <space_after />
          <text_data language="German">
            <text from_TM="False" rev_id="13" status="New" time="1222355938">www.amazing-photos.com</text>
            <marker end="22" id="0" start="0" />
          </text_data><text_data language="Spanish">
            <text from_TM="False" rev_id="11" status="Complete" time="1222354203">Spanish : g-photos.com</text>
            <marker end="22" id="0" start="0" />
          </text_data><text_data language="English">
            <text from_TM="False" rev_id="11" status="Complete" time="1222354203">www.amazing-photos.com</text>
            <marker end="22" id="0" start="0" />
          </text_data><marker_def id="0" type="html">
            <html_marker tag="a">
              <attr name="href" val="http://www.amazing-photos.com/" />
              <attr name="target" val="_blank" />
            </html_marker>
          </marker_def>
        </ta_sentence><ta_sentence do_translation="yes" encoding="utf-8" format="1" id="2030" original_language="English">
          <space_before> </space_before>
          <space_after />
          <text_data language="German">
            <text from_TM="False" rev_id="13" status="New" time="1222355938">Amazing-Photos.com sells amazing wildlife photos, nature pictures, lion pictures and other prints.</text>
          </text_data><text_data language="Spanish">
            <text from_TM="False" rev_id="11" status="Complete" time="1222354203">Spanish : otos.com sells amazing wildlife photos, nature pictures, lion pictures and other prints.</text>
          </text_data><text_data language="English">
            <text from_TM="False" rev_id="11" status="Complete" time="1222354203">Amazing-Photos.com sells amazing wildlife photos, nature pictures, lion pictures and other prints.</text>
          </text_data>
        </ta_sentence><ta_sentence do_translation="yes" encoding="utf-8" format="1" id="2031" original_language="English">
          <space_before> </space_before>
          <space_after />
          <text_data language="German">
            <text from_TM="False" rev_id="13" status="New" time="1222355938">http://www.3dlens.com</text>
            <marker end="21" id="0" start="0" />
          </text_data><text_data language="Spanish">
            <text from_TM="False" rev_id="11" status="Complete" time="1222354203">Spanish : .3dlens.com</text>
            <marker end="21" id="0" start="0" />
          </text_data><text_data language="English">
            <text from_TM="False" rev_id="11" status="Complete" time="1222354203">http://www.3dlens.com</text>
            <marker end="21" id="0" start="0" />
          </text_data><marker_def id="0" type="html">
            <html_marker tag="a">
              <attr name="href" val="http://www.3dlens.com/" />
              <attr name="target" val="_blank" />
            </html_marker>
          </marker_def>
        </ta_sentence><ta_sentence do_translation="yes" encoding="utf-8" format="1" id="2032" original_language="English">
          <space_before> </space_before>
          <space_after />
          <text_data language="German">
            <text from_TM="False" rev_id="13" status="New" time="1222355938">Fresnel lens is a special fresnel optics lens.</text>
          </text_data><text_data language="Spanish">
            <text from_TM="False" rev_id="11" status="Complete" time="1222354203">Spanish : ns is a special fresnel optics lens.</text>
          </text_data><text_data language="English">
            <text from_TM="False" rev_id="11" status="Complete" time="1222354203">Fresnel lens is a special fresnel optics lens.</text>
          </text_data>
        </ta_sentence><ta_sentence do_translation="yes" encoding="utf-8" format="1" id="2033" original_language="English">
          <space_before> </space_before>
          <space_after />
          <text_data language="German">
            <text from_TM="False" rev_id="13" status="New" time="1222355938">It can now be made from plastic except glass.</text>
          </text_data><text_data language="Spanish">
            <text from_TM="False" rev_id="11" status="Complete" time="1222354203">Spanish :  be made from plastic except glass.</text>
          </text_data><text_data language="English">
            <text from_TM="False" rev_id="11" status="Complete" time="1222354203">It can now be made from plastic except glass.</text>
          </text_data>
        </ta_sentence><ta_sentence do_translation="yes" encoding="utf-8" format="1" id="2034" original_language="English">
          <space_before> </space_before>
          <space_after> </space_after>
          <text_data language="German">
            <text from_TM="False" rev_id="13" status="New" time="1222355938">A glass lens would be thick, heavy and very expensive, but plastic Fresnel lens is thin, flat, lightweight and low price</text>
          </text_data><text_data language="Spanish">
            <text from_TM="False" rev_id="11" status="Complete" time="1222354203">Spanish : ns would be thick, heavy and very expensive, but plastic Fresnel lens is thin, flat, lightweight and low price</text>
          </text_data><text_data language="English">
            <text from_TM="False" rev_id="11" status="Complete" time="1222354203">A glass lens would be thick, heavy and very expensive, but plastic Fresnel lens is thin, flat, lightweight and low price</text>
          </text_data>
        </ta_sentence><ta_sentence do_translation="yes" encoding="utf-8" format="1" id="2035" original_language="English">
          <space_before />
          <space_after />
          <text_data language="German">
            <text from_TM="False" rev_id="13" status="New" time="1222355938">mystery studio</text>
            <marker end="14" id="0" start="0" />
          </text_data><text_data language="Spanish">
            <text from_TM="False" rev_id="11" status="Complete" time="1222354203">Spanish : udio</text>
            <marker end="14" id="0" start="0" />
          </text_data><text_data language="English">
            <text from_TM="False" rev_id="11" status="Complete" time="1222354203">mystery studio</text>
            <marker end="14" id="0" start="0" />
          </text_data><marker_def id="0" type="html">
            <html_marker tag="img">
              <attr name="src" val="images/mystery.gif" />
              <attr name="width" val="77" />
              <attr name="height" val="58" />
              <attr name="align" val="left" />
              <attr name="alt" val="mystery studio" />
            </html_marker>
          </marker_def>
        </ta_sentence><ta_sentence do_translation="yes" encoding="utf-8" format="1" id="2036" original_language="English">
          <space_before />
          <space_after />
          <text_data language="German">
            <text from_TM="False" rev_id="13" status="New" time="1222355938">Take a break and drop in for a cold beer.</text>
          </text_data><text_data language="Spanish">
            <text from_TM="False" rev_id="11" status="Complete" time="1222354203">Spanish : ak and drop in for a cold beer.</text>
          </text_data><text_data language="English">
            <text from_TM="False" rev_id="11" status="Complete" time="1222354203">Take a break and drop in for a cold beer.</text>
          </text_data>
        </ta_sentence><ta_sentence do_translation="yes" encoding="utf-8" format="1" id="2037" original_language="English">
          <space_before> </space_before>
          <space_after> </space_after>
          <text_data language="German">
            <text from_TM="False" rev_id="13" status="New" time="1222355938">You're sure to love the service at Betty's Beer Bar. Check it out along with other cool games at Mystery studio!</text>
            <marker end="51" id="0" start="35" />
            <marker end="111" id="1" start="97" />
          </text_data><text_data language="Spanish">
            <text from_TM="False" rev_id="11" status="Complete" time="1222354203">Spanish : e to love the service at Betty's Beer Bar. Check it out along with other cool games at Mystery studio!</text>
            <marker end="51" id="0" start="35" />
            <marker end="111" id="1" start="97" />
          </text_data><text_data language="English">
            <text from_TM="False" rev_id="11" status="Complete" time="1222354203">You're sure to love the service at Betty's Beer Bar. Check it out along with other cool games at Mystery studio!</text>
            <marker end="51" id="0" start="35" />
            <marker end="111" id="1" start="97" />
          </text_data><marker_def id="0" type="html">
            <html_marker tag="a">
              <attr name="href" val="http://www.mysterystudio.com/info.php?id=bbb" />
            </html_marker>
          </marker_def><marker_def id="1" type="html">
            <html_marker tag="a">
              <attr name="href" val="http://www.mysterystudio.com/" />
              <attr name="target" val="_blank" />
            </html_marker>
          </marker_def>
        </ta_sentence><ta_sentence do_translation="yes" encoding="utf-8" format="1" id="2038" original_language="English">
          <space_before />
          <space_after />
          <text_data language="German">
            <text from_TM="False" rev_id="13" status="New" time="1222355938">Didya smart card and security solutions</text>
            <marker end="39" id="0" start="0" />
          </text_data><text_data language="Spanish">
            <text from_TM="False" rev_id="11" status="Complete" time="1222354203">Spanish : t card and security solutions</text>
            <marker end="39" id="0" start="0" />
          </text_data><text_data language="English">
            <text from_TM="False" rev_id="11" status="Complete" time="1222354203">Didya smart card and security solutions</text>
            <marker end="39" id="0" start="0" />
          </text_data><marker_def id="0" type="html">
            <html_marker tag="a">
              <attr name="href" val="http://www.didya.com/" />
              <attr name="target" val="_blank" />
            </html_marker>
          </marker_def>
        </ta_sentence><ta_sentence do_translation="yes" encoding="utf-8" format="1" id="2039" original_language="English">
          <space_before> </space_before>
          <space_after />
          <text_data language="German">
            <text from_TM="False" rev_id="13" status="New" time="1222355938">Smart card solutions including a smart card logon kit that secures your PC. Smart card developer kit to help you develop your own smart card security solutions that contains source code, smart card readers, smart cards, instructions and more.</text>
          </text_data><text_data language="Spanish">
            <text from_TM="False" rev_id="11" status="Complete" time="1222354203">Spanish :  solutions including a smart card logon kit that secures your PC. Smart card developer kit to help you develop your own smart card security solutions that contains source code, smart card readers, smart cards, instructions and more.</text>
          </text_data><text_data language="English">
            <text from_TM="False" rev_id="11" status="Complete" time="1222354203">Smart card solutions including a smart card logon kit that secures your PC. Smart card developer kit to help you develop your own smart card security solutions that contains source code, smart card readers, smart cards, instructions and more.</text>
          </text_data>
        </ta_sentence><ta_sentence do_translation="yes" encoding="utf-8" format="1" id="2040" original_language="English">
          <space_before />
          <space_after />
          <text_data language="German">
            <text from_TM="False" rev_id="13" status="New" time="1222355938">Products&#160;&#160; - &#160;&#160;Passport Photo&#160;&#160; - &#160;&#160;Photo Backup&#160;&#160; - &#160;&#160;Shrink Pic&#160;&#160; - &#160;&#160;Resources&#160;&#160; - &#160;&#160;Partners&#160;&#160; - &#160;&#160;Blog</text>
            <marker end="8" id="0" start="0" />
            <marker end="29" id="1" start="15" />
            <marker end="48" id="2" start="36" />
            <marker end="65" id="3" start="55" />
            <marker end="81" id="4" start="72" />
            <marker end="96" id="5" start="88" />
            <marker end="107" id="6" start="103" />
          </text_data><text_data language="Spanish">
            <text from_TM="False" rev_id="11" status="Complete" time="1222354203">Spanish :  - &#160;&#160;Passport Photo&#160;&#160; - &#160;&#160;Photo Backup&#160;&#160; - &#160;&#160;Shrink Pic&#160;&#160; - &#160;&#160;Resources&#160;&#160; - &#160;&#160;Partners&#160;&#160; - &#160;&#160;Blog</text>
            <marker end="8" id="0" start="0" />
            <marker end="29" id="1" start="15" />
            <marker end="48" id="2" start="36" />
            <marker end="65" id="3" start="55" />
            <marker end="81" id="4" start="72" />
            <marker end="96" id="5" start="88" />
            <marker end="107" id="6" start="103" />
          </text_data><text_data language="English">
            <text from_TM="False" rev_id="11" status="Complete" time="1222354203">Products&#160;&#160; - &#160;&#160;Passport Photo&#160;&#160; - &#160;&#160;Photo Backup&#160;&#160; - &#160;&#160;Shrink Pic&#160;&#160; - &#160;&#160;Resources&#160;&#160; - &#160;&#160;Partners&#160;&#160; - &#160;&#160;Blog</text>
            <marker end="8" id="0" start="0" />
            <marker end="29" id="1" start="15" />
            <marker end="48" id="2" start="36" />
            <marker end="65" id="3" start="55" />
            <marker end="81" id="4" start="72" />
            <marker end="96" id="5" start="88" />
            <marker end="107" id="6" start="103" />
          </text_data><marker_def id="0" type="html">
            <html_marker tag="a">
              <attr name="href" val="./" />
            </html_marker>
          </marker_def><marker_def id="1" type="html">
            <html_marker tag="a">
              <attr name="href" val="passport_photo.htm" />
            </html_marker>
          </marker_def><marker_def id="2" type="html">
            <html_marker tag="a">
              <attr name="href" val="photo_backup.htm" />
            </html_marker>
          </marker_def><marker_def id="3" type="html">
            <html_marker tag="a">
              <attr name="href" val="shrink_pic.htm" />
            </html_marker>
          </marker_def><marker_def id="4" type="html">
            <html_marker tag="a">
              <attr name="href" val="links_nav.htm" />
            </html_marker>
          </marker_def><marker_def id="5" type="html">
            <html_marker tag="a">
              <attr name="href" val="partners.htm" />
            </html_marker>
          </marker_def><marker_def id="6" type="html">
            <html_marker tag="a">
              <attr name="href" val="blog/" />
            </html_marker>
          </marker_def>
        </ta_sentence><ta_sentence do_translation="yes" encoding="utf-8" format="1" id="2041" original_language="English">
          <space_before />
          <space_after />
          <text_data language="German">
            <text from_TM="False" rev_id="13" status="New" time="1222355938">This website has been translated using ICanLocalize - Affordable Website Translation</text>
            <marker end="-1" id="0" start="0" />
            <marker end="84" id="1" start="39" />
            <marker end="-1" id="0" start="0" />
          </text_data><text_data language="Spanish">
            <text from_TM="False" rev_id="11" status="Complete" time="1222354203">Spanish : te has been translated using ICanLocalize - Affordable Website Translation</text>
            <marker end="-1" id="0" start="0" />
            <marker end="84" id="1" start="39" />
            <marker end="-1" id="0" start="0" />
          </text_data><text_data language="English">
            <text from_TM="False" rev_id="11" status="Complete" time="1222354203">This website has been translated using ICanLocalize - Affordable Website Translation</text>
            <marker end="-1" id="0" start="0" />
            <marker end="84" id="1" start="39" />
            <marker end="-1" id="0" start="0" />
          </text_data><marker_def id="0" type="html">
            <html_marker tag="span">
              <attr name="class" val="copyright" />
            </html_marker>
          </marker_def><marker_def id="1" type="html">
            <html_marker tag="a">
              <attr name="target" val="_blank" />
              <attr name="href" val="http://www.icanlocalize.com" />
            </html_marker>
          </marker_def>
        </ta_sentence><ta_sentence do_translation="yes" encoding="utf-8" format="1" id="2042" original_language="English">
          <space_before />
          <space_after />
          <text_data language="German">
            <text from_TM="False" rev_id="13" status="New" time="1222355938">&#169; OnTheGoSystems,INC. 2003-2008</text>
            <marker end="21" id="0" start="2" />
            <marker end="31" id="-1" start="-1" />
          </text_data><text_data language="Spanish">
            <text from_TM="False" rev_id="11" status="Complete" time="1222354203">Spanish : ystems,INC. 2003-2008</text>
            <marker end="21" id="0" start="2" />
            <marker end="31" id="-1" start="-1" />
          </text_data><text_data language="English">
            <text from_TM="False" rev_id="11" status="Complete" time="1222354203">&#169; OnTheGoSystems,INC. 2003-2008</text>
            <marker end="21" id="0" start="2" />
            <marker end="31" id="-1" start="-1" />
          </text_data><marker_def id="0" type="html">
            <html_marker tag="a">
              <attr name="href" val="http://www.onthegosystems.com/" />
              <attr name="target" val="_blank" />
            </html_marker>
          </marker_def><marker_def id="-1" type="html">
            <html_marker tag="span" />
          </marker_def>
        </ta_sentence>
      </sentences><html_output_change_data_3 />
    </translation>
  </ta_buffer><ta_buffer encoding="utf-8" format="1" manual="False" original_language="English" source_file="/links_nav.htm" type="html">
    <extractor>
      <marked_file MD5="7841b7f760cced28d6ad2c9ca9c554fe" encoding="zlib-hex">789cd55a6d73db3612fe9c9bb9ff8030d3269db124bf244d73b19471ec24f54cd2786ab5b97ed2402424a2a2001600a5e83ef4b7dfb3004851b22c3b4defc36532964882bb8b7d7d76a1d387171fcf87bf5dbd613f0e3fbc6757bfbc7e7f79ce924eaff7e9e4bcd7bb185e84074fbb87476c68b8b2d249ad78d1ebbdf92919fcf31fa7b99b17f864ec34173cf3dff0dd495788c19f8fe8dff06c34bc1cbe7ff3e8424ea5e3052b73edf4d4f0325f31230aee44864fab2b930a4b6ffc79da0b0422b5b9709ce5ce951df1472517fde45c2b2794eb0c57a548581aaefa89139f5d8f047ac9d29c1b2b5c9fb8d3f7112e46736e66c23c4a6aba855433961b31e927d6ad0a61bba9b509c954dfc8857009736013a9d382b0dd5edcafbf18eb6c55537dd8e930a74b36e64a0973c2c6622a15eb74e25ad20e1f17822d65e6f27ef2fcfbc3848db5c984e927f8ca0b3955fd24c58e84c1e64451943ccba49afac7746d4b9ec66b107d70eacc80e19328672c17729a4319cf4831b414c44ec0618a2b0d168f8e8f9e3f3bbb4882754ee57ccaac49fb899cf3a9b0bd71510948df9dca09c902421fd53017eff4b59e40156da1d79c06b5d5322f4f0f0205b976b0bd29e9f7c71ba2c6155893c9c5963a066cb7d4859eeaa33b643e79f13c69f30c427b7a35c7b80df01decd8cc9d4adea3d2b1764ecfff06adde702fa1b2e05c0f9a478a2fe49453a006e73b090b680b6de18fb75c6411751d644d06bbf4bfe9bb4f7ff82adf3d0d3b824869c1aded2773a12a30a815c96370767bc9e0cae8ac4a9d3dedf10dbddcfd76a697aad03ceb223324838b78f517088dab55a0f1ba5a7df9db94a578ea0285f370f1e5546c5596da442ad7e1e20615f214fc214b0d5adebced412d3781139dd45eb4e1e86defdeb4fdd1e1e1371bc6dfb2eeb6f5897643bca61ef60a61908a4521100b4de0ed5ca2b415c5ffd91a43d1d65a5367149fe21a2bedcb36b5c6939a72293f8be2c8df5e13de58fbfcd9f3754043907601787bf4f6f9db17ad3cfb15767dbacbae511584098e82ffd6a5ffaa55facf8c93296a2ce3c8603f6fd57fbcd81029eb6d0f51813bd6613d37598c8c4fe271c60a391370696651e9050321263e9750bc5029edcbe56ca5ab0366355b0a56568ed64e85cb85619c4dc492f1284bd7b3f798e5fab5fff6e8512d07639f04cb752988d8e3a260395f08c62d9b5769ce26950270e0a4152f006f7667c1f43156e61cd631c04f5801d6f36edc6ad95297697d3f0e1b44e283c2e620be9062d9e8e7f89efa79ab8d9767a9cdec802481822a4b3270f80754e4564c4f98b7894c2d2d19b34c58388e374c19d8cfbdd41ad9e04e155556c07da0f354cfe7c2a41276274a1f4ba1d8b5b732ebb18911020699b825990cf6c8f09fcb62e525ddc58468bb5c578826261d96554586fae635dfd89e14db58fce10e0d9f04b50c73497611b3c7b6de62d470ade093d64b4fb7b2f054cecb9154cee89088df5d7eb8624fdea98a5d52c9671fb892655584dc7ac5d3196e7ec7fc0b54c470b795b341bde6b41b3f44cbf788abff4368a7fb7b394dd631fbc31a38bc388e10c34b456b9bc21c32ec1af7d47c83247bfde852916e9987d08e4de0555c312f20135970eaa8c7576b6fb8d0eab16373a85a23e8a08b468384e6ffd5eb2d97cb2eeda8ab0d76e3b84154f693d1b8e06a960c8090d83b3c25657917b2f019396108ed9c9796bc604e7b66b6c2d715b9b91222dbe9a26c2dd53b6ca0b6055a0ff88e236fd05906ef537c8e7b7538d47b3af0ac9739773e9826d258d09897685b2cac49ae64c4c19a4521b841fc8c69dbd2c1c778b6e028f9d398ee3269b7eed47b120b44c994a363b07a8edda2e3f20eafc8c5e90e82d5535c08b362a506e349552089715799dd09acb5756854112b8a51da0840495a54610b3b14eca201a29ac73ebe982f684dd4402e0830914888fb2dd084d36d51f433d2a767007a458cc66eb74bd65fef20b8ead8b46ee10a9e0b8df7135e14c93a6e7705fe1587e5b672e9be509766c215ad6e4b7a59df4401e96cc4b5d7e2985b993626f92ba1eeb986bff708f4469cbf2dda77c569a3892e12fbcd60f542fc8ac73e5a114f1c6519722ebdb428928593082dc9b7f34548d76477b8dd44a4e45a1235a2e36bc4c3b59ddf70bb22778bc10545471577804e66223b08715c93f522cc2b5b672bd439d5019bce04611e03bc9105ae8bdcb6f2de4b3c48146de6fb8bdda50b4c940070b1dcac7c85843f84301120e2b4343e66c15f2b543ca0125dd9981ab04c9ab66a6ead7dfbfd714fe4dc2c8180ff6d776f2897483ace02e08c1676e467347411185cd133768d6b063cc2fecd16b61bc09cbfd78112c6c01213aaf92550850d156ec3e36ff5b8dfa0fb14d5040860a91560a7f578a03d2db211b308e9415b34b1edae6df12312700dcc2612bec14386fca392e96c33447dc2175b51eafd29e5251fcb022e811b9d75cea7fa62897a97dd4b5d7becd1364568b81eeccd61d4ac29a4844238f4d423c26555396acd94f640c74f2830b4db99d2cbe87120457a59677cc4f01600f2daf7a95caab1fefcea4b11a74f6aed141492d47a134d367bda1a779cbc483632e17ab9ff5a720453b754d376420320440123f60e212dadad803e4b6c25f3e6ab6c055dae10fe45a197e43e46fc51090b535246381d0f481b1b0e2054ced133a0f9a649c378d072b0a1a6faa7b49313891c81906eeb927033f4b590ce7b21a910f43d8aae4aba0aa5b1ded316ed4fd4a5c0537e7af3eb9b9fd9542e443040261c20b13748cc1fa2b0e23670ac15364b955d7aab67a20021d370f61be44ae9aadee18e0e84921ee33e4efa492f9dcace58aa96314673ae609f6eb94ad81c1d94cefac9d5c7eb61d2aec737fb49ffd43787b14f8c8d67b6b775f1288b00197ba2cb3077fe6e6326d690a93d4ff9e6ae19d74246feb9106aeabded193c4cfe078f8ef08dc8f693097d6c0ddaee25db7bfebf16adb845b47a4450abf3be12bf99c395d8130a0194a4ec1669d7039fe3e4cb243f39ac2517c4e936a56e100deb6d359e4b374292aa47ede18e1f6054b8bc0e977b74111d2f4e53d6776eee20975926542d6a3acf1a2ed0cc8867d92ec41431d35dd43490f1a8447834345bf0492b1484a9a6969700548f0e1fec48f14528195fc7d41f97345c03fa880315e605ba1506f628e2ef2a37eb19f39e6223c6374e71ee5d33d097206f5103cfdb53a1f526905d974623b96a4a6904977624afaa683b4321f7716c1572a36db0c1a77c055490ceaaf29507b16721552d738974c6a7fac0a7766458caa38ce23e0540496106c343fbc41722167e59ec048fec0c7bf45403e29c5159b2959f5c006844b033317a1e2b4044413513d250617520e1d9bdaa0d59c8bfb2fbdaffaea9b724a0a0d804f9bf46a831d008d6557008b690d43bfa9e0615f6b7d043c667d443d38c07b5c72f63dc3968f3f69ef401cc6e82d94b24943089b24e941e6b794ce87898ec2163a1598feda79dd1c28cfbe9832794557e15df60bc93ef87a0f260e65075855a1bc0b7dfe8803dd59a5c1ed1df7aaf07c04c22f5483ee38e7b51ad2362631f7a4e43e03b7af1af329bcf1ec1721f848853091a7886838d207f87fd2aad74b1d32f002fa7558d747391cec8c061a6e051754acd0bd6df3245f82a790da7362bba9a08c38770af2dee750db84b4de33313867a7e42e8e54280ada263fae683bdf666fcfbc5c5035727053126de70057c0036d223095ba71b8abef09039b48fb92800f90c448b9da5a1a16a9b887d053f5cc15590d6c8753c117a0d4dc24db94f7b486c7b8f0fe265fb63e7a9c01d2708bb4f1fda4784f1ed704248871b375ede14aba92913ad2945dc3c0bdf75c63836771c007eabc6b67c19fe220db52f5bfd99b5743a167ab3ba8d0df782f7dca0144462b752a497462173447a2d27bcaf5c363788dd5129d3180dfe9a5dc9f4be14b690437374727fcd18a7d0b7d43a0957f77d7b5ce829ccf11a1febf9022c766a53234b179ab8f67857eb69213a681b8a15458d073f903797aafbbbddf871c5ef7cc1031572abf0ada17bcbba51c5d3d4b13e4b7e39eb3cfbfee98bc3679da3e4656030a42014e6c9772f1b72c1b1c8a16b674e75b98a6774f15420c46ace2dfc95ea19fdee25fc4c254c21a08bade9d78e6919e2bad0c00700c77e6036b83ce7ea7dbc03e59e4d80bc32df29d5296618196d9c0fd4c1f02dc9f972e704bd86962bd4ce7950f0cdf95cfd8383b0e8e0f2a7733f8f60c78787271dfcf9012a82566a90ed4f8d5b91db40400aeff87397d35efcf5cf7f01ba3f1cea</marked_file>
      <paragraph_indexes count="65">94 146 508 584 690 765 770 783 847 926 1176 1206 1238 1279 1311 1341 1373 1411 1443 1481 2147 2194 2237 2321 2335 2429 2462 2482 2525 2612 2626 2713 2727 2783 2804 2835 2857 2941 2959 3061 3066 3079 3109 3287 3301 3538 3552 3673 3687 3762 3821 3838 3860 3944 3962 4067 4072 4085 4115 4385 4399 4501 4515 4578 5081 5156 5199 5300 5305 5558 5572 5631 5784 5810 5833 5895 5940 5965 5988 6050 6118 6139 6174 6236 6259 6318 6368 6421 6426 6441 6446 6538 6543 6558 6563 6634 6639 6652 6726 6744 6787 6844 6901 7006 7020 7109 7155 7270 7284 7390 7404 7518 7532 7548 7594 7704 7718 7724 7770 7879 7893 7899 7945 8083 8345 8770 8946 9117 9126 9235 </paragraph_indexes>
      <support_files>
        <file type="todo">images/bluebottom.gif</file>
        <file type="todo">images/bluetop.gif</file>
        <file type="todo">images/bottomwhite.gif</file>
        <file type="todo">images/bottomwhite2.gif</file>
        <file type="todo">images/logo1.gif</file>
        <file type="todo">images/menutabA1.gif</file>
        <file type="todo">images/menutabB1.gif</file>
        <file type="todo">images/newsletter/newspaper.png</file>
        <file type="todo">images/photobackup/1bckgrnd.gif</file>
        <file type="todo">images/photobackup/2bckgrnd.gif</file>
        <file type="todo">images/photobackup/3bckgrnd.gif</file>
        <file type="todo">images/reviews/gimp/gimplogo.jpg</file>
        <file type="todo">images/reviews/irfan/irfan.jpg</file>
        <file type="todo">images/topline1.gif</file>
        <file type="todo">images/topline2.gif</file>
        <file type="todo">images/topline2WB.gif</file>
        <file type="todo">images/toplineL.gif</file>
        <file type="todo">images/toplineLW.gif</file>
        <file type="todo">images/toplineR.gif</file>
        <file type="todo">images/topwhite2.gif</file>
        <file type="todo">styles.css</file>
      </support_files>
    </extractor><translation>
      <languages>
        <language reviewed="False">Spanish</language>
        <language reviewed="False">German</language>
      </languages><sentences count="65">
        <ta_sentence do_translation="yes" encoding="utf-8" format="1" id="376" original_language="English" type="title">
          <space_before />
          <space_after />
          <text_data language="German">
            <text from_TM="False" rev_id="13" status="New" time="1222355938">Digital photography related resources</text>
          </text_data><text_data language="Spanish">
            <text from_TM="False" rev_id="11" status="Complete" time="1222354203">Spanish : otography related resources</text>
          </text_data><text_data language="English">
            <text from_TM="False" rev_id="11" status="Complete" time="1222354203">Digital photography related resources</text>
          </text_data>
        </ta_sentence><ta_sentence do_translation="yes" encoding="utf-8" format="1" id="377" original_language="English">
          <space_before />
          <space_after />
          <text_data language="German">
            <text from_TM="False" rev_id="13" status="New" time="1222355938">OnTheGoSoft</text>
            <marker end="11" id="0" start="0" />
          </text_data><text_data language="Spanish">
            <text from_TM="False" rev_id="11" status="Complete" time="1222354203">Spanish : t</text>
            <marker end="11" id="0" start="0" />
          </text_data><text_data language="English">
            <text from_TM="False" rev_id="11" status="Complete" time="1222354203">OnTheGoSoft</text>
            <marker end="11" id="0" start="0" />
          </text_data><marker_def id="0" type="html">
            <html_marker tag="img">
              <attr name="src" val="images/bluetop.gif" />
              <attr name="alt" val="OnTheGoSoft" />
              <attr name="width" val="760" />
              <attr name="height" val="5" />
            </html_marker>
          </marker_def>
        </ta_sentence><ta_sentence do_translation="yes" encoding="utf-8" format="1" id="378" original_language="English">
          <space_before />
          <space_after />
          <text_data language="German">
            <text from_TM="False" rev_id="13" status="New" time="1222355938">OnTheGoSoft</text>
            <marker end="11" id="0" start="0" />
          </text_data><text_data language="Spanish">
            <text from_TM="False" rev_id="11" status="Complete" time="1222354203">Spanish : t</text>
            <marker end="11" id="0" start="0" />
          </text_data><text_data language="English">
            <text from_TM="False" rev_id="11" status="Complete" time="1222354203">OnTheGoSoft</text>
            <marker end="11" id="0" start="0" />
          </text_data><marker_def id="0" type="html">
            <html_marker tag="img">
              <attr name="src" val="images/logo1.gif" />
              <attr name="alt" val="OnTheGoSoft" />
              <attr name="width" val="397" />
              <attr name="height" val="62" />
            </html_marker>
          </marker_def>
        </ta_sentence><ta_sentence do_translation="no" encoding="utf-8" format="1" id="379" original_language="English">
          <space_before> </space_before>
          <space_after />
          <text_data language="German">
            <text from_TM="False" rev_id="13" status="New" time="1222355938" />
          </text_data><text_data language="Spanish">
            <text from_TM="False" rev_id="-1" status="Complete" time="1222355861" />
          </text_data><text_data language="English">
            <text from_TM="False" status="Complete" time="1222355861" />
          </text_data>
        </ta_sentence><ta_sentence do_translation="yes" encoding="utf-8" format="1" id="380" original_language="English">
          <space_before />
          <space_after />
          <text_data language="German">
            <text from_TM="False" rev_id="13" status="New" time="1222355938">OnTheGoSoft</text>
            <marker end="11" id="0" start="0" />
          </text_data><text_data language="Spanish">
            <text from_TM="False" rev_id="11" status="Complete" time="1222354203">Spanish : t</text>
            <marker end="11" id="0" start="0" />
          </text_data><text_data language="English">
            <text from_TM="False" rev_id="11" status="Complete" time="1222354203">OnTheGoSoft</text>
            <marker end="11" id="0" start="0" />
          </text_data><marker_def id="0" type="html">
            <html_marker tag="img">
              <attr name="src" val="images/bluebottom.gif" />
              <attr name="alt" val="OnTheGoSoft" />
              <attr name="width" val="760" />
              <attr name="height" val="5" />
            </html_marker>
          </marker_def>
        </ta_sentence><ta_sentence do_translation="yes" encoding="utf-8" format="1" id="381" original_language="English">
          <space_before />
          <space_after />
          <text_data language="German">
            <text from_TM="False" rev_id="13" status="New" time="1222355938">Products</text>
            <marker end="8" id="0" start="0" />
          </text_data><text_data language="Spanish">
            <text from_TM="False" rev_id="11" status="Complete" time="1222354203">Spanish : </text>
            <marker end="8" id="0" start="0" />
          </text_data><text_data language="English">
            <text from_TM="False" rev_id="11" status="Complete" time="1222354203">Products</text>
            <marker end="8" id="0" start="0" />
          </text_data><marker_def id="0" type="html">
            <html_marker tag="a">
              <attr name="href" val="./" />
            </html_marker>
          </marker_def>
        </ta_sentence><ta_sentence do_translation="yes" encoding="utf-8" format="1" id="382" original_language="English">
          <space_before />
          <space_after />
          <text_data language="German">
            <text from_TM="False" rev_id="13" status="New" time="1222355938">Downloads</text>
            <marker end="9" id="0" start="0" />
          </text_data><text_data language="Spanish">
            <text from_TM="False" rev_id="11" status="Complete" time="1222354203">Spanish : </text>
            <marker end="9" id="0" start="0" />
          </text_data><text_data language="English">
            <text from_TM="False" rev_id="11" status="Complete" time="1222354203">Downloads</text>
            <marker end="9" id="0" start="0" />
          </text_data><marker_def id="0" type="html">
            <html_marker tag="a">
              <attr name="href" val="download.htm" />
            </html_marker>
          </marker_def>
        </ta_sentence><ta_sentence do_translation="yes" encoding="utf-8" format="1" id="383" original_language="English">
          <space_before />
          <space_after />
          <text_data language="German">
            <text from_TM="False" rev_id="13" status="New" time="1222355938">Buy</text>
            <marker end="3" id="0" start="0" />
          </text_data><text_data language="Spanish">
            <text from_TM="False" rev_id="11" status="Complete" time="1222354203">Spanish : </text>
            <marker end="3" id="0" start="0" />
          </text_data><text_data language="English">
            <text from_TM="False" rev_id="11" status="Complete" time="1222354203">Buy</text>
            <marker end="3" id="0" start="0" />
          </text_data><marker_def id="0" type="html">
            <html_marker tag="a">
              <attr name="href" val="buy.htm" />
            </html_marker>
          </marker_def>
        </ta_sentence><ta_sentence do_translation="yes" encoding="utf-8" format="1" id="384" original_language="English">
          <space_before />
          <space_after />
          <text_data language="German">
            <text from_TM="False" rev_id="13" status="New" time="1222355938">Contact</text>
            <marker end="7" id="0" start="0" />
          </text_data><text_data language="Spanish">
            <text from_TM="False" rev_id="11" status="Complete" time="1222354203">Spanish : </text>
            <marker end="7" id="0" start="0" />
          </text_data><text_data language="English">
            <text from_TM="False" rev_id="11" status="Complete" time="1222354203">Contact</text>
            <marker end="7" id="0" start="0" />
          </text_data><marker_def id="0" type="html">
            <html_marker tag="a">
              <attr name="href" val="contact.htm" />
            </html_marker>
          </marker_def>
        </ta_sentence><ta_sentence do_translation="yes" encoding="utf-8" format="1" id="385" original_language="English">
          <space_before />
          <space_after />
          <text_data language="German">
            <text from_TM="False" rev_id="13" status="New" time="1222355938">Support</text>
            <marker end="7" id="0" start="0" />
          </text_data><text_data language="Spanish">
            <text from_TM="False" rev_id="11" status="Complete" time="1222354203">Spanish : </text>
            <marker end="7" id="0" start="0" />
          </text_data><text_data language="English">
            <text from_TM="False" rev_id="11" status="Complete" time="1222354203">Support</text>
            <marker end="7" id="0" start="0" />
          </text_data><marker_def id="0" type="html">
            <html_marker tag="a">
              <attr name="href" val="support.htm" />
            </html_marker>
          </marker_def>
        </ta_sentence><ta_sentence do_translation="yes" encoding="utf-8" format="1" id="386" original_language="English">
          <space_before />
          <space_after />
          <text_data language="German">
            <text from_TM="False" rev_id="13" status="New" time="1222355938">Digital Photography Articles and Resources</text>
          </text_data><text_data language="Spanish">
            <text from_TM="False" rev_id="11" status="Complete" time="1222354203">Spanish : otography Articles and Resources</text>
          </text_data><text_data language="English">
            <text from_TM="False" rev_id="11" status="Complete" time="1222354203">Digital Photography Articles and Resources</text>
          </text_data>
        </ta_sentence><ta_sentence do_translation="yes" encoding="utf-8" format="1" id="387" original_language="English">
          <space_before />
          <space_after />
          <text_data language="German">
            <text from_TM="False" rev_id="13" status="New" time="1222355938">We'd like to share our experience with you, so we put to gether a few articles.</text>
          </text_data><text_data language="Spanish">
            <text from_TM="False" rev_id="11" status="Complete" time="1222354203">Spanish : to share our experience with you, so we put to gether a few articles.</text>
          </text_data><text_data language="English">
            <text from_TM="False" rev_id="11" status="Complete" time="1222354203">We'd like to share our experience with you, so we put to gether a few articles.</text>
          </text_data>
        </ta_sentence><ta_sentence do_translation="yes" encoding="utf-8" format="1" id="388" original_language="English">
          <space_before> </space_before>
          <space_after />
          <text_data language="German">
            <text from_TM="False" rev_id="13" status="New" time="1222355938">We hope you'll have as much fun reading our articles as we've had writing them.</text>
          </text_data><text_data language="Spanish">
            <text from_TM="False" rev_id="11" status="Complete" time="1222354203">Spanish : u'll have as much fun reading our articles as we've had writing them.</text>
          </text_data><text_data language="English">
            <text from_TM="False" rev_id="11" status="Complete" time="1222354203">We hope you'll have as much fun reading our articles as we've had writing them.</text>
          </text_data>
        </ta_sentence><ta_sentence do_translation="yes" encoding="utf-8" format="1" id="389" original_language="English">
          <space_before />
          <space_after />
          <text_data language="German">
            <text from_TM="False" rev_id="13" status="New" time="1222355938">Program reviews</text>
          </text_data><text_data language="Spanish">
            <text from_TM="False" rev_id="11" status="Complete" time="1222354203">Spanish : views</text>
          </text_data><text_data language="English">
            <text from_TM="False" rev_id="11" status="Complete" time="1222354203">Program reviews</text>
          </text_data>
        </ta_sentence><ta_sentence do_translation="yes" encoding="utf-8" format="1" id="390" original_language="English">
          <space_before />
          <space_after />
          <text_data language="German">
            <text from_TM="False" rev_id="13" status="New" time="1222355938">For our work, we're using a variety of graphics, web design and programming tools.</text>
          </text_data><text_data language="Spanish">
            <text from_TM="False" rev_id="11" status="Complete" time="1222354203">Spanish : rk, we're using a variety of graphics, web design and programming tools.</text>
          </text_data><text_data language="English">
            <text from_TM="False" rev_id="11" status="Complete" time="1222354203">For our work, we're using a variety of graphics, web design and programming tools.</text>
          </text_data>
        </ta_sentence><ta_sentence do_translation="yes" encoding="utf-8" format="1" id="391" original_language="English">
          <space_before> </space_before>
          <space_after />
          <text_data language="German">
            <text from_TM="False" rev_id="13" status="New" time="1222355938">We use both commercial and Open Source / free software to do daily work.</text>
          </text_data><text_data language="Spanish">
            <text from_TM="False" rev_id="11" status="Complete" time="1222354203">Spanish : h commercial and Open Source / free software to do daily work.</text>
          </text_data><text_data language="English">
            <text from_TM="False" rev_id="11" status="Complete" time="1222354203">We use both commercial and Open Source / free software to do daily work.</text>
          </text_data>
        </ta_sentence><ta_sentence do_translation="yes" encoding="utf-8" format="1" id="392" original_language="English">
          <space_before> </space_before>
          <space_after />
          <text_data language="German">
            <text from_TM="False" rev_id="13" status="New" time="1222355938">We thought it would be fun to share them with you!</text>
          </text_data><text_data language="Spanish">
            <text from_TM="False" rev_id="11" status="Complete" time="1222354203">Spanish :  it would be fun to share them with you!</text>
          </text_data><text_data language="English">
            <text from_TM="False" rev_id="11" status="Complete" time="1222354203">We thought it would be fun to share them with you!</text>
          </text_data>
        </ta_sentence><ta_sentence do_translation="yes" encoding="utf-8" format="1" id="393" original_language="English">
          <space_before />
          <space_after />
          <text_data language="German">
            <text from_TM="False" rev_id="13" status="New" time="1222355938">This week's program review</text>
          </text_data><text_data language="Spanish">
            <text from_TM="False" rev_id="11" status="Complete" time="1222354203">Spanish : s program review</text>
          </text_data><text_data language="English">
            <text from_TM="False" rev_id="11" status="Complete" time="1222354203">This week's program review</text>
          </text_data>
        </ta_sentence><ta_sentence do_translation="yes" encoding="utf-8" format="1" id="394" original_language="English">
          <space_before />
          <space_after />
          <text_data language="German">
            <text from_TM="False" rev_id="13" status="New" time="1222355938">GIMP (Gnu Image Manipulation Package) introduction</text>
            <marker end="50" id="0" start="0" />
          </text_data><text_data language="Spanish">
            <text from_TM="False" rev_id="11" status="Complete" time="1222354203">Spanish : Image Manipulation Package) introduction</text>
            <marker end="50" id="0" start="0" />
          </text_data><text_data language="English">
            <text from_TM="False" rev_id="11" status="Complete" time="1222354203">GIMP (Gnu Image Manipulation Package) introduction</text>
            <marker end="50" id="0" start="0" />
          </text_data><marker_def id="0" type="html">
            <html_marker tag="a">
              <attr name="href" val="gimp_intro.htm" />
            </html_marker>
          </marker_def>
        </ta_sentence><ta_sentence do_translation="yes" encoding="utf-8" format="1" id="395" original_language="English">
          <space_before />
          <space_after />
          <text_data language="German">
            <text from_TM="False" rev_id="13" status="New" time="1222355938">GIMP logo</text>
            <marker end="9" id="0" start="0" />
          </text_data><text_data language="Spanish">
            <text from_TM="False" rev_id="11" status="Complete" time="1222354203">Spanish : </text>
            <marker end="9" id="0" start="0" />
          </text_data><text_data language="English">
            <text from_TM="False" rev_id="11" status="Complete" time="1222354203">GIMP logo</text>
            <marker end="9" id="0" start="0" />
          </text_data><marker_def id="0" type="html">
            <html_marker tag="img">
              <attr name="src" val="images/reviews/gimp/gimplogo.jpg" />
              <attr name="width" val="108" />
              <attr name="height" val="92" />
              <attr name="alt" val="GIMP logo" />
              <attr name="align" val="left" />
            </html_marker>
          </marker_def>
        </ta_sentence><ta_sentence do_translation="no" encoding="utf-8" format="1" id="396" original_language="English">
          <space_before> </space_before>
          <space_after />
          <text_data language="German">
            <text from_TM="False" rev_id="13" status="New" time="1222355938" />
          </text_data><text_data language="Spanish">
            <text from_TM="False" rev_id="-1" status="Complete" time="1222355861" />
          </text_data><text_data language="English">
            <text from_TM="False" status="Complete" time="1222355861" />
          </text_data>
        </ta_sentence><ta_sentence do_translation="yes" encoding="utf-8" format="1" id="397" original_language="English">
          <space_before />
          <space_after />
          <text_data language="German">
            <text from_TM="False" rev_id="13" status="New" time="1222355938">In the market for an image editing program? Don't mis out on The Gimp and see if perhaps it might suit your needs.</text>
            <marker end="69" id="0" start="61" />
          </text_data><text_data language="Spanish">
            <text from_TM="False" rev_id="11" status="Complete" time="1222354203">Spanish : ket for an image editing program? Don't mis out on The Gimp and see if perhaps it might suit your needs.</text>
            <marker end="69" id="0" start="61" />
          </text_data><text_data language="English">
            <text from_TM="False" rev_id="11" status="Complete" time="1222354203">In the market for an image editing program? Don't mis out on The Gimp and see if perhaps it might suit your needs.</text>
            <marker end="69" id="0" start="61" />
          </text_data><marker_def id="0" type="html">
            <html_marker tag="a">
              <attr name="href" val="http://www.gimp.org" />
              <attr name="target" val="_blank" />
            </html_marker>
          </marker_def>
        </ta_sentence><ta_sentence do_translation="yes" encoding="utf-8" format="1" id="398" original_language="English">
          <space_before> </space_before>
          <space_after />
          <text_data language="German">
            <text from_TM="False" rev_id="13" status="New" time="1222355938">Get introduced to this oddly named graphics program, see what our first impressions were, learn about it's advantages and disadvantages and perhaps even gain some insight into some of it's very powerful features.</text>
          </text_data><text_data language="Spanish">
            <text from_TM="False" rev_id="11" status="Complete" time="1222354203">Spanish : uced to this oddly named graphics program, see what our first impressions were, learn about it's advantages and disadvantages and perhaps even gain some insight into some of it's very powerful features.</text>
          </text_data><text_data language="English">
            <text from_TM="False" rev_id="11" status="Complete" time="1222354203">Get introduced to this oddly named graphics program, see what our first impressions were, learn about it's advantages and disadvantages and perhaps even gain some insight into some of it's very powerful features.</text>
          </text_data>
        </ta_sentence><ta_sentence do_translation="yes" encoding="utf-8" format="1" id="399" original_language="English">
          <space_before> </space_before>
          <space_after />
          <text_data language="German">
            <text from_TM="False" rev_id="13" status="New" time="1222355938">Then peruse our conclusions and see if perhaps the Gimp might be the right program to fulfill your needs.</text>
          </text_data><text_data language="Spanish">
            <text from_TM="False" rev_id="11" status="Complete" time="1222354203">Spanish : e our conclusions and see if perhaps the Gimp might be the right program to fulfill your needs.</text>
          </text_data><text_data language="English">
            <text from_TM="False" rev_id="11" status="Complete" time="1222354203">Then peruse our conclusions and see if perhaps the Gimp might be the right program to fulfill your needs.</text>
          </text_data>
        </ta_sentence><ta_sentence do_translation="yes" encoding="utf-8" format="1" id="400" original_language="English">
          <space_before> </space_before>
          <space_after> </space_after>
          <text_data language="German">
            <text from_TM="False" rev_id="13" status="New" time="1222355938">Read the full review...</text>
            <marker end="23" id="0" start="0" />
          </text_data><text_data language="Spanish">
            <text from_TM="False" rev_id="11" status="Complete" time="1222354203">Spanish : ull review...</text>
            <marker end="23" id="0" start="0" />
          </text_data><text_data language="English">
            <text from_TM="False" rev_id="11" status="Complete" time="1222354203">Read the full review...</text>
            <marker end="23" id="0" start="0" />
          </text_data><marker_def id="0" type="html">
            <html_marker tag="a">
              <attr name="href" val="gimp_intro.htm" />
            </html_marker>
          </marker_def>
        </ta_sentence><ta_sentence do_translation="yes" encoding="utf-8" format="1" id="401" original_language="English">
          <space_before />
          <space_after />
          <text_data language="German">
            <text from_TM="False" rev_id="13" status="New" time="1222355938">Past reviews</text>
          </text_data><text_data language="Spanish">
            <text from_TM="False" rev_id="11" status="Complete" time="1222354203">Spanish : ws</text>
          </text_data><text_data language="English">
            <text from_TM="False" rev_id="11" status="Complete" time="1222354203">Past reviews</text>
          </text_data>
        </ta_sentence><ta_sentence do_translation="yes" encoding="utf-8" format="1" id="402" original_language="English">
          <space_before />
          <space_after />
          <text_data language="German">
            <text from_TM="False" rev_id="13" status="New" time="1222355938">Irfanviewer - introduction and basic features</text>
            <marker end="45" id="0" start="0" />
          </text_data><text_data language="Spanish">
            <text from_TM="False" rev_id="11" status="Complete" time="1222354203">Spanish : r - introduction and basic features</text>
            <marker end="45" id="0" start="0" />
          </text_data><text_data language="English">
            <text from_TM="False" rev_id="11" status="Complete" time="1222354203">Irfanviewer - introduction and basic features</text>
            <marker end="45" id="0" start="0" />
          </text_data><marker_def id="0" type="html">
            <html_marker tag="a">
              <attr name="href" val="irfanview_intro.htm" />
            </html_marker>
          </marker_def>
        </ta_sentence><ta_sentence do_translation="yes" encoding="utf-8" format="1" id="403" original_language="English">
          <space_before />
          <space_after />
          <text_data language="German">
            <text from_TM="False" rev_id="13" status="New" time="1222355938">Irfanview logo</text>
            <marker end="14" id="0" start="0" />
          </text_data><text_data language="Spanish">
            <text from_TM="False" rev_id="11" status="Complete" time="1222354203">Spanish : logo</text>
            <marker end="14" id="0" start="0" />
          </text_data><text_data language="English">
            <text from_TM="False" rev_id="11" status="Complete" time="1222354203">Irfanview logo</text>
            <marker end="14" id="0" start="0" />
          </text_data><marker_def id="0" type="html">
            <html_marker tag="img">
              <attr name="src" val="images/reviews/irfan/irfan.jpg" />
              <attr name="width" val="108" />
              <attr name="height" val="92" />
              <attr name="alt" val="Irfanview logo" />
              <attr name="align" val="left" />
            </html_marker>
          </marker_def>
        </ta_sentence><ta_sentence do_translation="no" encoding="utf-8" format="1" id="404" original_language="English">
          <space_before> </space_before>
          <space_after />
          <text_data language="German">
            <text from_TM="False" rev_id="13" status="New" time="1222355938" />
          </text_data><text_data language="Spanish">
            <text from_TM="False" rev_id="-1" status="Complete" time="1222355861" />
          </text_data><text_data language="English">
            <text from_TM="False" status="Complete" time="1222355861" />
          </text_data>
        </ta_sentence><ta_sentence do_translation="yes" encoding="utf-8" format="1" id="405" original_language="English">
          <space_before />
          <space_after />
          <text_data language="German">
            <text from_TM="False" rev_id="13" status="New" time="1222355938">IrfanView is a lightweight multimedia editing program with the perfect price - free! Easy to learn and feature-packed, this program is a must for any on-the-fly graphic editing you may need to perform.</text>
            <marker end="9" id="0" start="0" />
          </text_data><text_data language="Spanish">
            <text from_TM="False" rev_id="11" status="Complete" time="1222354203">Spanish : is a lightweight multimedia editing program with the perfect price - free! Easy to learn and feature-packed, this program is a must for any on-the-fly graphic editing you may need to perform.</text>
            <marker end="9" id="0" start="0" />
          </text_data><text_data language="English">
            <text from_TM="False" rev_id="11" status="Complete" time="1222354203">IrfanView is a lightweight multimedia editing program with the perfect price - free! Easy to learn and feature-packed, this program is a must for any on-the-fly graphic editing you may need to perform.</text>
            <marker end="9" id="0" start="0" />
          </text_data><marker_def id="0" type="html">
            <html_marker tag="a">
              <attr name="href" val="http://www.irfanview.com" />
              <attr name="target" val="_blank" />
            </html_marker>
          </marker_def>
        </ta_sentence><ta_sentence do_translation="yes" encoding="utf-8" format="1" id="406" original_language="English">
          <space_before> </space_before>
          <space_after />
          <text_data language="German">
            <text from_TM="False" rev_id="13" status="New" time="1222355938">It is a necessary tool in the repertoire of anyone serious about their multimedia work.</text>
          </text_data><text_data language="Spanish">
            <text from_TM="False" rev_id="11" status="Complete" time="1222354203">Spanish : cessary tool in the repertoire of anyone serious about their multimedia work.</text>
          </text_data><text_data language="English">
            <text from_TM="False" rev_id="11" status="Complete" time="1222354203">It is a necessary tool in the repertoire of anyone serious about their multimedia work.</text>
          </text_data>
        </ta_sentence><ta_sentence do_translation="yes" encoding="utf-8" format="1" id="407" original_language="English">
          <space_before> </space_before>
          <space_after />
          <text_data language="German">
            <text from_TM="False" rev_id="13" status="New" time="1222355938">Read the full review...</text>
            <marker end="23" id="0" start="0" />
          </text_data><text_data language="Spanish">
            <text from_TM="False" rev_id="11" status="Complete" time="1222354203">Spanish : ull review...</text>
            <marker end="23" id="0" start="0" />
          </text_data><text_data language="English">
            <text from_TM="False" rev_id="11" status="Complete" time="1222354203">Read the full review...</text>
            <marker end="23" id="0" start="0" />
          </text_data><marker_def id="0" type="html">
            <html_marker tag="a">
              <attr name="href" val="irfanview_intro.htm" />
            </html_marker>
          </marker_def>
        </ta_sentence><ta_sentence do_translation="yes" encoding="utf-8" format="1" id="408" original_language="English">
          <space_before />
          <space_after />
          <text_data language="German">
            <text from_TM="False" rev_id="13" status="New" time="1222355938">Want to know about new versions and get program reviews to your inbox?</text>
          </text_data><text_data language="Spanish">
            <text from_TM="False" rev_id="11" status="Complete" time="1222354203">Spanish : ow about new versions and get program reviews to your inbox?</text>
          </text_data><text_data language="English">
            <text from_TM="False" rev_id="11" status="Complete" time="1222354203">Want to know about new versions and get program reviews to your inbox?</text>
          </text_data>
        </ta_sentence><ta_sentence do_translation="yes" encoding="utf-8" format="1" id="409" original_language="English">
          <space_before />
          <space_after />
          <text_data language="German">
            <text from_TM="False" rev_id="13" status="New" time="1222355938">newsletter</text>
            <marker end="10" id="0" start="0" />
          </text_data><text_data language="Spanish">
            <text from_TM="False" rev_id="11" status="Complete" time="1222354203">Spanish : </text>
            <marker end="10" id="0" start="0" />
          </text_data><text_data language="English">
            <text from_TM="False" rev_id="11" status="Complete" time="1222354203">newsletter</text>
            <marker end="10" id="0" start="0" />
          </text_data><marker_def id="0" type="html">
            <html_marker tag="img">
              <attr name="align" val="left" />
              <attr name="alt" val="newsletter" />
              <attr name="width" val="40" />
              <attr name="height" val="39" />
              <attr name="src" val="images/newsletter/newspaper.png" />
            </html_marker>
          </marker_def>
        </ta_sentence><ta_sentence do_translation="yes" encoding="utf-8" format="1" id="410" original_language="English">
          <space_before />
          <space_after />
          <text_data language="German">
            <text from_TM="False" rev_id="13" status="New" time="1222355938">We constantly issue upgrades - usually following requests for new features and enhancements. To be notified of new versions, we invite you to sign up to our newsletter. We will NEVER give your details to anyone else.</text>
            <marker end="91" id="0" start="62" />
            <marker end="167" id="1" start="142" />
          </text_data><text_data language="Spanish">
            <text from_TM="False" rev_id="11" status="Complete" time="1222354203">Spanish : tly issue upgrades - usually following requests for new features and enhancements. To be notified of new versions, we invite you to sign up to our newsletter. We will NEVER give your details to anyone else.</text>
            <marker end="91" id="0" start="62" />
            <marker end="167" id="1" start="142" />
          </text_data><text_data language="English">
            <text from_TM="False" rev_id="11" status="Complete" time="1222354203">We constantly issue upgrades - usually following requests for new features and enhancements. To be notified of new versions, we invite you to sign up to our newsletter. We will NEVER give your details to anyone else.</text>
            <marker end="91" id="0" start="62" />
            <marker end="167" id="1" start="142" />
          </text_data><marker_def id="0" type="html">
            <html_marker tag="b" />
          </marker_def><marker_def id="1" type="html">
            <html_marker tag="b" />
          </marker_def>
        </ta_sentence><ta_sentence do_translation="yes" encoding="utf-8" format="1" id="411" original_language="English">
          <space_before> </space_before>
          <space_after />
          <text_data language="German">
            <text from_TM="False" rev_id="13" status="New" time="1222355938">We only use it to deliver our news and announcements.</text>
          </text_data><text_data language="Spanish">
            <text from_TM="False" rev_id="11" status="Complete" time="1222354203">Spanish : e it to deliver our news and announcements.</text>
          </text_data><text_data language="English">
            <text from_TM="False" rev_id="11" status="Complete" time="1222354203">We only use it to deliver our news and announcements.</text>
          </text_data>
        </ta_sentence><ta_sentence do_translation="yes" encoding="utf-8" format="1" id="412" original_language="English">
          <space_before />
          <space_after />
          <text_data language="German">
            <text from_TM="False" rev_id="13" status="New" time="1222355938">First name (optional)</text>
          </text_data><text_data language="Spanish">
            <text from_TM="False" rev_id="11" status="Complete" time="1222354203">Spanish :  (optional)</text>
          </text_data><text_data language="English">
            <text from_TM="False" rev_id="11" status="Complete" time="1222354203">First name (optional)</text>
          </text_data>
        </ta_sentence><ta_sentence do_translation="no" encoding="utf-8" format="1" id="413" original_language="English">
          <space_before />
          <space_after />
          <text_data language="German">
            <text from_TM="False" rev_id="13" status="New" time="1222355938" />
            <marker end="0" id="0" start="0" />
          </text_data><text_data language="Spanish">
            <text from_TM="False" rev_id="-1" status="Complete" time="1222355861" />
            <marker end="0" id="0" start="0" />
          </text_data><text_data language="English">
            <text from_TM="False" status="Complete" time="1222355861" />
            <marker end="0" id="0" start="0" />
          </text_data><marker_def id="0" type="html">
            <html_marker tag="input">
              <attr name="type" val="text" />
              <attr name="maxlength" val="45" />
              <attr name="size" val="15" />
              <attr name="name" val="fname" />
            </html_marker>
          </marker_def>
        </ta_sentence><ta_sentence do_translation="yes" encoding="utf-8" format="1" id="414" original_language="English">
          <space_before />
          <space_after />
          <text_data language="German">
            <text from_TM="False" rev_id="13" status="New" time="1222355938">Last name (optional)</text>
          </text_data><text_data language="Spanish">
            <text from_TM="False" rev_id="11" status="Complete" time="1222354203">Spanish : (optional)</text>
          </text_data><text_data language="English">
            <text from_TM="False" rev_id="11" status="Complete" time="1222354203">Last name (optional)</text>
          </text_data>
        </ta_sentence><ta_sentence do_translation="no" encoding="utf-8" format="1" id="415" original_language="English">
          <space_before />
          <space_after />
          <text_data language="German">
            <text from_TM="False" rev_id="13" status="New" time="1222355938" />
            <marker end="0" id="0" start="0" />
          </text_data><text_data language="Spanish">
            <text from_TM="False" rev_id="-1" status="Complete" time="1222355861" />
            <marker end="0" id="0" start="0" />
          </text_data><text_data language="English">
            <text from_TM="False" status="Complete" time="1222355861" />
            <marker end="0" id="0" start="0" />
          </text_data><marker_def id="0" type="html">
            <html_marker tag="input">
              <attr name="type" val="text" />
              <attr name="maxlength" val="45" />
              <attr name="size" val="15" />
              <attr name="name" val="lname" />
            </html_marker>
          </marker_def>
        </ta_sentence><ta_sentence do_translation="yes" encoding="utf-8" format="1" id="416" original_language="English">
          <space_before />
          <space_after />
          <text_data language="German">
            <text from_TM="False" rev_id="13" status="New" time="1222355938">Email (required)</text>
          </text_data><text_data language="Spanish">
            <text from_TM="False" rev_id="11" status="Complete" time="1222354203">Spanish : uired)</text>
          </text_data><text_data language="English">
            <text from_TM="False" rev_id="11" status="Complete" time="1222354203">Email (required)</text>
          </text_data>
        </ta_sentence><ta_sentence do_translation="no" encoding="utf-8" format="1" id="417" original_language="English">
          <space_before />
          <space_after />
          <text_data language="German">
            <text from_TM="False" rev_id="13" status="New" time="1222355938" />
            <marker end="0" id="0" start="0" />
          </text_data><text_data language="Spanish">
            <text from_TM="False" rev_id="-1" status="Complete" time="1222355861" />
            <marker end="0" id="0" start="0" />
          </text_data><text_data language="English">
            <text from_TM="False" status="Complete" time="1222355861" />
            <marker end="0" id="0" start="0" />
          </text_data><marker_def id="0" type="html">
            <html_marker tag="input">
              <attr name="type" val="text" />
              <attr name="maxlength" val="45" />
              <attr name="size" val="30" />
              <attr name="name" val="email" />
            </html_marker>
          </marker_def>
        </ta_sentence><ta_sentence do_translation="yes" encoding="utf-8" format="1" id="418" original_language="English">
          <space_before />
          <space_after />
          <text_data language="German">
            <text from_TM="False" rev_id="13" status="New" time="1222355938">Submit</text>
            <marker end="6" id="0" start="0" />
          </text_data><text_data language="Spanish">
            <text from_TM="False" rev_id="11" status="Complete" time="1222354203">Spanish : </text>
            <marker end="6" id="0" start="0" />
          </text_data><text_data language="English">
            <text from_TM="False" rev_id="11" status="Complete" time="1222354203">Submit</text>
            <marker end="6" id="0" start="0" />
          </text_data><marker_def id="0" type="html">
            <html_marker tag="input">
              <attr name="name" val="submit_now" />
              <attr name="type" val="submit" />
              <attr name="value" val="Submit" />
            </html_marker>
          </marker_def>
        </ta_sentence><ta_sentence do_translation="yes" encoding="utf-8" format="1" id="419" original_language="English">
          <space_before />
          <space_after />
          <text_data language="German">
            <text from_TM="False" rev_id="13" status="New" time="1222355938">req_add</text>
            <marker end="7" id="0" start="0" />
          </text_data><text_data language="Spanish">
            <text from_TM="False" rev_id="11" status="Complete" time="1222354203">Spanish : </text>
            <marker end="7" id="0" start="0" />
          </text_data><text_data language="English">
            <text from_TM="False" rev_id="11" status="Complete" time="1222354203">req_add</text>
            <marker end="7" id="0" start="0" />
          </text_data><marker_def id="0" type="html">
            <html_marker tag="input">
              <attr name="type" val="hidden" />
              <attr name="name" val="cmd" />
              <attr name="value" val="req_add" />
            </html_marker>
          </marker_def>
        </ta_sentence><ta_sentence do_translation="no" encoding="utf-8" format="1" id="420" original_language="English">
          <space_before> </space_before>
          <space_after />
          <text_data language="German">
            <text from_TM="False" rev_id="13" status="New" time="1222355938" />
          </text_data><text_data language="Spanish">
            <text from_TM="False" rev_id="-1" status="Complete" time="1222355861" />
          </text_data><text_data language="English">
            <text from_TM="False" status="Complete" time="1222355861" />
          </text_data>
        </ta_sentence><ta_sentence do_translation="yes" encoding="utf-8" format="1" id="421" original_language="English">
          <space_before />
          <space_after />
          <text_data language="German">
            <text from_TM="False" rev_id="13" status="New" time="1222355938">http://www.onthegosoft.com/links_nav.htm</text>
            <marker end="40" id="0" start="0" />
          </text_data><text_data language="Spanish">
            <text from_TM="False" rev_id="11" status="Complete" time="1222354203">Spanish : .onthegosoft.com/links_nav.htm</text>
            <marker end="40" id="0" start="0" />
          </text_data><text_data language="English">
            <text from_TM="False" rev_id="11" status="Complete" time="1222354203">http://www.onthegosoft.com/links_nav.htm</text>
            <marker end="40" id="0" start="0" />
          </text_data><marker_def id="0" type="html">
            <html_marker tag="input">
              <attr name="type" val="hidden" />
              <attr name="name" val="orig_page" />
              <attr name="value" val="http://www.onthegosoft.com/links_nav.htm" />
            </html_marker>
          </marker_def>
        </ta_sentence><ta_sentence do_translation="no" encoding="utf-8" format="1" id="422" original_language="English">
          <space_before> </space_before>
          <space_after />
          <text_data language="German">
            <text from_TM="False" rev_id="13" status="New" time="1222355938" />
          </text_data><text_data language="Spanish">
            <text from_TM="False" rev_id="-1" status="Complete" time="1222355861" />
          </text_data><text_data language="English">
            <text from_TM="False" status="Complete" time="1222355861" />
          </text_data>
        </ta_sentence><ta_sentence do_translation="yes" encoding="utf-8" format="1" id="423" original_language="English">
          <space_before />
          <space_after />
          <text_data language="German">
            <text from_TM="False" rev_id="13" status="New" time="1222355938">the resources page</text>
            <marker end="18" id="0" start="0" />
          </text_data><text_data language="Spanish">
            <text from_TM="False" rev_id="11" status="Complete" time="1222354203">Spanish : ces page</text>
            <marker end="18" id="0" start="0" />
          </text_data><text_data language="English">
            <text from_TM="False" rev_id="11" status="Complete" time="1222354203">the resources page</text>
            <marker end="18" id="0" start="0" />
          </text_data><marker_def id="0" type="html">
            <html_marker tag="input">
              <attr name="type" val="hidden" />
              <attr name="name" val="orig_title" />
              <attr name="value" val="the resources page" />
            </html_marker>
          </marker_def>
        </ta_sentence><ta_sentence do_translation="no" encoding="utf-8" format="1" id="424" original_language="English">
          <space_before> </space_before>
          <space_after />
          <text_data language="German">
            <text from_TM="False" rev_id="13" status="New" time="1222355938" />
          </text_data><text_data language="Spanish">
            <text from_TM="False" rev_id="-1" status="Complete" time="1222355861" />
          </text_data><text_data language="English">
            <text from_TM="False" status="Complete" time="1222355861" />
          </text_data>
        </ta_sentence><ta_sentence do_translation="yes" encoding="utf-8" format="1" id="425" original_language="English">
          <space_before />
          <space_after />
          <text_data language="German">
            <text from_TM="False" rev_id="13" status="New" time="1222355938">Web resources</text>
          </text_data><text_data language="Spanish">
            <text from_TM="False" rev_id="11" status="Complete" time="1222354203">Spanish : ces</text>
          </text_data><text_data language="English">
            <text from_TM="False" rev_id="11" status="Complete" time="1222354203">Web resources</text>
          </text_data>
        </ta_sentence><ta_sentence do_translation="yes" encoding="utf-8" format="1" id="426" original_language="English">
          <space_before />
          <space_after />
          <text_data language="German">
            <text from_TM="False" rev_id="13" status="New" time="1222355938">These are articles and resources we wrote over time.</text>
          </text_data><text_data language="Spanish">
            <text from_TM="False" rev_id="11" status="Complete" time="1222354203">Spanish : articles and resources we wrote over time.</text>
          </text_data><text_data language="English">
            <text from_TM="False" rev_id="11" status="Complete" time="1222354203">These are articles and resources we wrote over time.</text>
          </text_data>
        </ta_sentence><ta_sentence do_translation="yes" encoding="utf-8" format="1" id="427" original_language="English">
          <space_before> </space_before>
          <space_after />
          <text_data language="German">
            <text from_TM="False" rev_id="13" status="New" time="1222355938">Why backup? A while ago, you used an optical camera and saved the film.</text>
            <marker end="11" id="0" start="0" />
          </text_data><text_data language="Spanish">
            <text from_TM="False" rev_id="11" status="Complete" time="1222354203">Spanish : ? A while ago, you used an optical camera and saved the film.</text>
            <marker end="11" id="0" start="0" />
          </text_data><text_data language="English">
            <text from_TM="False" rev_id="11" status="Complete" time="1222354203">Why backup? A while ago, you used an optical camera and saved the film.</text>
            <marker end="11" id="0" start="0" />
          </text_data><marker_def id="0" type="html">
            <html_marker tag="a">
              <attr name="href" val="pros.htm" />
            </html_marker>
          </marker_def>
        </ta_sentence><ta_sentence do_translation="yes" encoding="utf-8" format="1" id="428" original_language="English">
          <space_before> </space_before>
          <space_after> </space_after>
          <text_data language="German">
            <text from_TM="False" rev_id="13" status="New" time="1222355938">Are you making sure that photos from your digital camera are also saved?</text>
          </text_data><text_data language="Spanish">
            <text from_TM="False" rev_id="11" status="Complete" time="1222354203">Spanish : king sure that photos from your digital camera are also saved?</text>
          </text_data><text_data language="English">
            <text from_TM="False" rev_id="11" status="Complete" time="1222354203">Are you making sure that photos from your digital camera are also saved?</text>
          </text_data>
        </ta_sentence><ta_sentence do_translation="yes" encoding="utf-8" format="1" id="429" original_language="English">
          <space_before> </space_before>
          <space_after />
          <text_data language="German">
            <text from_TM="False" rev_id="13" status="New" time="1222355938">Some known facts about computer viruses - Your computer is open to virus attacks.</text>
            <marker end="39" id="0" start="0" />
          </text_data><text_data language="Spanish">
            <text from_TM="False" rev_id="11" status="Complete" time="1222354203">Spanish :  facts about computer viruses - Your computer is open to virus attacks.</text>
            <marker end="39" id="0" start="0" />
          </text_data><text_data language="English">
            <text from_TM="False" rev_id="11" status="Complete" time="1222354203">Some known facts about computer viruses - Your computer is open to virus attacks.</text>
            <marker end="39" id="0" start="0" />
          </text_data><marker_def id="0" type="html">
            <html_marker tag="a">
              <attr name="href" val="av.htm" />
            </html_marker>
          </marker_def>
        </ta_sentence><ta_sentence do_translation="yes" encoding="utf-8" format="1" id="430" original_language="English">
          <space_before> </space_before>
          <space_after />
          <text_data language="German">
            <text from_TM="False" rev_id="13" status="New" time="1222355938">There are plenty of steps you can take to reduce the risk of damage due to a virus attack.</text>
          </text_data><text_data language="Spanish">
            <text from_TM="False" rev_id="11" status="Complete" time="1222354203">Spanish : plenty of steps you can take to reduce the risk of damage due to a virus attack.</text>
          </text_data><text_data language="English">
            <text from_TM="False" rev_id="11" status="Complete" time="1222354203">There are plenty of steps you can take to reduce the risk of damage due to a virus attack.</text>
          </text_data>
        </ta_sentence><ta_sentence do_translation="yes" encoding="utf-8" format="1" id="431" original_language="English">
          <space_before> </space_before>
          <space_after />
          <text_data language="German">
            <text from_TM="False" rev_id="13" status="New" time="1222355938">Making backup will ensure that even if a virus hits your computer, precious data can still be restored. </text>
          </text_data><text_data language="Spanish">
            <text from_TM="False" rev_id="11" status="Complete" time="1222354203">Spanish : kup will ensure that even if a virus hits your computer, precious data can still be restored. </text>
          </text_data><text_data language="English">
            <text from_TM="False" rev_id="11" status="Complete" time="1222354203">Making backup will ensure that even if a virus hits your computer, precious data can still be restored. </text>
          </text_data>
        </ta_sentence><ta_sentence do_translation="no" encoding="utf-8" format="1" id="432" original_language="English">
          <space_before />
          <space_after />
          <text_data language="German">
            <text from_TM="False" rev_id="13" status="New" time="1222355938" />
          </text_data><text_data language="Spanish">
            <text from_TM="False" rev_id="-1" status="Complete" time="1222355861" />
          </text_data><text_data language="English">
            <text from_TM="False" status="Complete" time="1222355861" />
          </text_data>
        </ta_sentence><ta_sentence do_translation="yes" encoding="utf-8" format="1" id="433" original_language="English">
          <space_before> </space_before>
          <space_after />
          <text_data language="German">
            <text from_TM="False" rev_id="13" status="New" time="1222355938">Meet our friends - Visit our colleagues and checkout some other cool sites. </text>
            <marker end="16" id="0" start="0" />
          </text_data><text_data language="Spanish">
            <text from_TM="False" rev_id="11" status="Complete" time="1222354203">Spanish : riends - Visit our colleagues and checkout some other cool sites. </text>
            <marker end="16" id="0" start="0" />
          </text_data><text_data language="English">
            <text from_TM="False" rev_id="11" status="Complete" time="1222354203">Meet our friends - Visit our colleagues and checkout some other cool sites. </text>
            <marker end="16" id="0" start="0" />
          </text_data><marker_def id="0" type="html">
            <html_marker tag="a">
              <attr name="href" val="links.htm" />
            </html_marker>
          </marker_def>
        </ta_sentence><ta_sentence do_translation="no" encoding="utf-8" format="1" id="434" original_language="English">
          <space_before />
          <space_after />
          <text_data language="German">
            <text from_TM="False" rev_id="13" status="New" time="1222355938" />
          </text_data><text_data language="Spanish">
            <text from_TM="False" rev_id="-1" status="Complete" time="1222355861" />
          </text_data><text_data language="English">
            <text from_TM="False" status="Complete" time="1222355861" />
          </text_data>
        </ta_sentence><ta_sentence do_translation="yes" encoding="utf-8" format="1" id="435" original_language="English">
          <space_before> </space_before>
          <space_after />
          <text_data language="German">
            <text from_TM="False" rev_id="13" status="New" time="1222355938">See our rating - See what popular shareware sites say about Photo Backup. </text>
            <marker end="14" id="0" start="0" />
          </text_data><text_data language="Spanish">
            <text from_TM="False" rev_id="11" status="Complete" time="1222354203">Spanish : ting - See what popular shareware sites say about Photo Backup. </text>
            <marker end="14" id="0" start="0" />
          </text_data><text_data language="English">
            <text from_TM="False" rev_id="11" status="Complete" time="1222354203">See our rating - See what popular shareware sites say about Photo Backup. </text>
            <marker end="14" id="0" start="0" />
          </text_data><marker_def id="0" type="html">
            <html_marker tag="a">
              <attr name="href" val="rating.htm" />
            </html_marker>
          </marker_def>
        </ta_sentence><ta_sentence do_translation="no" encoding="utf-8" format="1" id="436" original_language="English">
          <space_before />
          <space_after />
          <text_data language="German">
            <text from_TM="False" rev_id="13" status="New" time="1222355938" />
          </text_data><text_data language="Spanish">
            <text from_TM="False" rev_id="-1" status="Complete" time="1222355861" />
          </text_data><text_data language="English">
            <text from_TM="False" status="Complete" time="1222355861" />
          </text_data>
        </ta_sentence><ta_sentence do_translation="yes" encoding="utf-8" format="1" id="437" original_language="English">
          <space_before> </space_before>
          <space_after />
          <text_data language="German">
            <text from_TM="False" rev_id="13" status="New" time="1222355938">Website visitor statistics - Do you need help tracking your website visitors? Maybe we can help...</text>
            <marker end="26" id="0" start="0" />
          </text_data><text_data language="Spanish">
            <text from_TM="False" rev_id="11" status="Complete" time="1222354203">Spanish : sitor statistics - Do you need help tracking your website visitors? Maybe we can help...</text>
            <marker end="26" id="0" start="0" />
          </text_data><text_data language="English">
            <text from_TM="False" rev_id="11" status="Complete" time="1222354203">Website visitor statistics - Do you need help tracking your website visitors? Maybe we can help...</text>
            <marker end="26" id="0" start="0" />
          </text_data><marker_def id="0" type="html">
            <html_marker tag="a">
              <attr name="href" val="stats.htm" />
            </html_marker>
          </marker_def>
        </ta_sentence><ta_sentence do_translation="yes" encoding="utf-8" format="1" id="438" original_language="English">
          <space_before />
          <space_after />
          <text_data language="German">
            <text from_TM="False" rev_id="13" status="New" time="1222355938">Products&#160;&#160; - &#160;&#160;Passport Photo&#160;&#160; - &#160;&#160;Photo Backup&#160;&#160; - &#160;&#160;Shrink Pic&#160;&#160; - &#160;&#160;Resources&#160;&#160; - &#160;&#160;Partners&#160;&#160; - &#160;&#160;Blog</text>
            <marker end="8" id="0" start="0" />
            <marker end="29" id="1" start="15" />
            <marker end="48" id="2" start="36" />
            <marker end="65" id="3" start="55" />
            <marker end="81" id="4" start="72" />
            <marker end="96" id="5" start="88" />
            <marker end="107" id="6" start="103" />
          </text_data><text_data language="Spanish">
            <text from_TM="False" rev_id="11" status="Complete" time="1222354203">Spanish :  - &#160;&#160;Passport Photo&#160;&#160; - &#160;&#160;Photo Backup&#160;&#160; - &#160;&#160;Shrink Pic&#160;&#160; - &#160;&#160;Resources&#160;&#160; - &#160;&#160;Partners&#160;&#160; - &#160;&#160;Blog</text>
            <marker end="8" id="0" start="0" />
            <marker end="29" id="1" start="15" />
            <marker end="48" id="2" start="36" />
            <marker end="65" id="3" start="55" />
            <marker end="81" id="4" start="72" />
            <marker end="96" id="5" start="88" />
            <marker end="107" id="6" start="103" />
          </text_data><text_data language="English">
            <text from_TM="False" rev_id="11" status="Complete" time="1222354203">Products&#160;&#160; - &#160;&#160;Passport Photo&#160;&#160; - &#160;&#160;Photo Backup&#160;&#160; - &#160;&#160;Shrink Pic&#160;&#160; - &#160;&#160;Resources&#160;&#160; - &#160;&#160;Partners&#160;&#160; - &#160;&#160;Blog</text>
            <marker end="8" id="0" start="0" />
            <marker end="29" id="1" start="15" />
            <marker end="48" id="2" start="36" />
            <marker end="65" id="3" start="55" />
            <marker end="81" id="4" start="72" />
            <marker end="96" id="5" start="88" />
            <marker end="107" id="6" start="103" />
          </text_data><marker_def id="0" type="html">
            <html_marker tag="a">
              <attr name="href" val="./" />
            </html_marker>
          </marker_def><marker_def id="1" type="html">
            <html_marker tag="a">
              <attr name="href" val="passport_photo.htm" />
            </html_marker>
          </marker_def><marker_def id="2" type="html">
            <html_marker tag="a">
              <attr name="href" val="photo_backup.htm" />
            </html_marker>
          </marker_def><marker_def id="3" type="html">
            <html_marker tag="a">
              <attr name="href" val="shrink_pic.htm" />
            </html_marker>
          </marker_def><marker_def id="4" type="html">
            <html_marker tag="a">
              <attr name="href" val="links_nav.htm" />
            </html_marker>
          </marker_def><marker_def id="5" type="html">
            <html_marker tag="a">
              <attr name="href" val="partners.htm" />
            </html_marker>
          </marker_def><marker_def id="6" type="html">
            <html_marker tag="a">
              <attr name="href" val="blog/" />
            </html_marker>
          </marker_def>
        </ta_sentence><ta_sentence do_translation="yes" encoding="utf-8" format="1" id="439" original_language="English">
          <space_before />
          <space_after />
          <text_data language="German">
            <text from_TM="False" rev_id="13" status="New" time="1222355938">This website has been translated using ICanLocalize - Affordable Website Translation</text>
            <marker end="-1" id="0" start="0" />
            <marker end="84" id="1" start="39" />
            <marker end="-1" id="0" start="0" />
          </text_data><text_data language="Spanish">
            <text from_TM="False" rev_id="11" status="Complete" time="1222354203">Spanish : te has been translated using ICanLocalize - Affordable Website Translation</text>
            <marker end="-1" id="0" start="0" />
            <marker end="84" id="1" start="39" />
            <marker end="-1" id="0" start="0" />
          </text_data><text_data language="English">
            <text from_TM="False" rev_id="11" status="Complete" time="1222354203">This website has been translated using ICanLocalize - Affordable Website Translation</text>
            <marker end="-1" id="0" start="0" />
            <marker end="84" id="1" start="39" />
            <marker end="-1" id="0" start="0" />
          </text_data><marker_def id="0" type="html">
            <html_marker tag="span">
              <attr name="class" val="copyright" />
            </html_marker>
          </marker_def><marker_def id="1" type="html">
            <html_marker tag="a">
              <attr name="target" val="_blank" />
              <attr name="href" val="http://www.icanlocalize.com" />
            </html_marker>
          </marker_def>
        </ta_sentence><ta_sentence do_translation="yes" encoding="utf-8" format="1" id="440" original_language="English">
          <space_before />
          <space_after />
          <text_data language="German">
            <text from_TM="False" rev_id="13" status="New" time="1222355938">&#169; OnTheGoSystems,INC. 2003-2008</text>
            <marker end="21" id="0" start="2" />
            <marker end="31" id="-1" start="-1" />
          </text_data><text_data language="Spanish">
            <text from_TM="False" rev_id="11" status="Complete" time="1222354203">Spanish : ystems,INC. 2003-2008</text>
            <marker end="21" id="0" start="2" />
            <marker end="31" id="-1" start="-1" />
          </text_data><text_data language="English">
            <text from_TM="False" rev_id="11" status="Complete" time="1222354203">&#169; OnTheGoSystems,INC. 2003-2008</text>
            <marker end="21" id="0" start="2" />
            <marker end="31" id="-1" start="-1" />
          </text_data><marker_def id="0" type="html">
            <html_marker tag="a">
              <attr name="href" val="http://www.onthegosystems.com/" />
              <attr name="target" val="_blank" />
            </html_marker>
          </marker_def><marker_def id="-1" type="html">
            <html_marker tag="span" />
          </marker_def>
        </ta_sentence>
      </sentences><html_output_change_data_3 />
    </translation>
  </ta_buffer><ta_buffer encoding="utf-8" format="1" manual="False" original_language="English" source_file="/make_index.htm" type="html">
    <extractor>
      <marked_file MD5="4db9025a4159e83bccf4cd8e6bc90ad9" encoding="zlib-hex">789ccd5ae96fe33616ff3c0becffc06ad09904f191649299e9c67191b30d30171ab7d962b1306889b639914955a4ec713ff46fef7b242551b27c6406586c10243ac8c777bfdf23d5fbeefae3d5e0f74f37e4e7c1fb77e4d3af97efeeae48d0ee761f5e5d75bbd7836bfbe2a47378440629158a6b2e058dbbdd9b0f41ff9fffe84df52c86ff84f4a68c46e60aae35d731ebfff51c7f0617c3c1dde0ddcdf3ab9451cd0815848b887d21639992642ab554440a7275ade05544ae7fbb5638edaf5ed7527124674c5332d53a69b33f323e3f0faea4d04ce8f66099b08084f6ee3cd0ec8bee225767249cd254317d8e2ce0f5106e86339a3eb2f47990d38db97824d3948dcf03a59731539d50a980a42cce1f4c19d301d1b08ca38e0360ba91baebc4363723192d0b15d051ccc882477a7a1ebc797d1890914c23969e077049633e11e741081cb3149867719cd028e262625ee3bd4a68e8ee1d4920fa5dbb4db44cc8880ac1407b233262132e48bbed5868fee9e9b44fd6bfc6011199323e9982024f5199b8bc30d7a309dc4960fbf9f1d19bd38bebc09ab5c76713a2d2f03ce0333a61aa3b8a3306ac75267c8cf201a18f6230653fc97b3906f5f98a2857eae7968efa1bb8ef02fb1b856b60729bb87dd28bf8bc660878d885a7fd2d0c59023deadca6d3f575e259d9578f9ad1381e2ed8688b828e7c05bd3e2e344477646aa7410d925b01d0ea248ca952e7c1005c7d2093a0ff0963945cd2f0314b7a5d1ce2981aa576daa6f5cc9a3e594d2710720cc8a672cc9432e9845cf309d7f0df5f8bc088494a6726513c40ce900b5559ff09b6fa560ffbdaf0d9102c23a9b59cfdefe2a5217930c8b726753c2b5e0a3ae7138a49de4f2da8015fc8e35a92983b6fb232058d1e56cd88276fbf2923f68c88c89273ab1913192ca058cc42cda25cf17e8c823b4559a8150693afc7552af5d9e079229634ea405d09fad7eeee2b088db2a5a571992d9f3e1b6b1c0db5a570656f9e4e456549225347e5dedeac504117823f68b1be1767ceb59abcc5f3251b2ecf6c5cf8c1507581a3c3c3ef2b3e503372dd099076413ca7ee928a4c30a9c46cac1f823cda9bc780873c5c6e1923248cfa3f1a9362d479639c199eb9687756b22ff377552be42a0f72ca09ffc2e223f3b8245c1d8ba9270f6c60c48702b7e607ebe53758f47590cbe092139a6f4b02dac20f0c4cd694b2f6a58ca3220900041dcb35c5ac8814034e8723538c4cb854e87da0f37a6da41b688d86952cb24a2a4f2b1bc9c8394be79c2dd6d0f8e85e6fa43162828db9566b68dc024acf52a6368b63548398781d19975958446e653aa37a333de01b91c03a62bfb9d7e467aeb44c973bf066cd368cd91a92172399e92ade7877b33bdd298b93aee963907edc640b81a14bde5391d1782361800372d2fd5141e5022179747eda40ee035bd806e94208998990417aaf2915f376b2430c40c7c443005b99626a5b0c38716d9fb64e956938e5735605719bed2dd30915fc4fb699b0b5ce473736ddecd596519a455cae21e7cc7c8143b0dfac29af19aa4d59ca3c90f6bbcc084d19c1c7c5127803f31c3c5bd53d26b61299dc99eef7e60bb832e4c1cdc0baacfdd17094a50226ac11eeea9a5cda015fe513bf2a36ce629316315ac10fb77114cd2836d428c350e8355cdd08a80f28e5f5fb0bf25e46ac99b9862ab203025c859d65f53a79bb167b4bf9889b00c34c7512317176bd744f899e72451218594813b198875c66ca87dfa6abc8b5023a31fb05428e651ccb45e05484db15ffea76814007297432d54da4d23f66697c8eefbe7f75f1fdf12dfc2e168b0ee0b9299b4805f0bf13ca193c9dd147362c72cc0b3a4bcecc96c8b9dd4939a0e2c0bc3d009b1dd8403a90e2003c1b5e4507b89312104dd309030187a3988ac7a6a8c82597a26a6b8fed2a3eaca2c3a4ff428c547286a65c0189f5925ea2c426ecf2d558e5f48737ebb1cad1ed9bdb1fbe0d7cae40159d521e6fc12a05f23daaf2b62e10a1d93606a9342d3fcb998919abe317137de6b4bd16a4ac6092fad4edf96705ead7a52dcd5807e41541ed63dc1b3cb2423f790b10261644928ab69486a134cd3bbd01862d4d002e87964521612135955035e10f742b24b48be7f408a110ecd96c245038cb8f1c93a5cc52c8f0b6a2650a35e42bb453cf8739b13b33954c294c530cf00c14421408244479c0eff4945833e13256ea1699c11221896498997aee710713a9581209592135bb8f386dcc6306b370a510b40815bc0a614a31e16d49cb4aa7a754031f716cf4421658b608a3e1d49025a04004572cea78093aa7d020718fcdfa3da5532926fd7bcd12c412f6aed78557ce8249694019fb0463bec99eb9a710c116b9da94dd2e02692a42bb8562be3b7502e58edc8930ce22469294cd31bde7cb006185caa5a028a4f88ce5a132faa6f5de433acf2d21c9045078ea0c65f6d8cd9bafa15d06958decabeb9691016d0936cfd734a280f6288958845102d0fcea7a75c15ed7b3536f9a7ad7c776c5a37df274f3c0e4dd22d9e80ad906700154611cc711daf36d6fd1524d0e8b28ebbde6dce1fed25c014d846dc6f347c0b47a04d117180cc6ef4d1763401db71e11a108c84149dcadb63706e81d61aec2d75e78ef77cc12e836c67730b1a1ff780b54225b252ce4e325549954535c0d87b480290ed1b8741893e35e1853da30b436f10ca64cb488859786ad88a770095d12d98395f23bced47ecef814b44da214339c4d022535780dea37698618bf6f5427243bb392142fb51dd6401ab3d70c7cb055216fb20c4b8caac018ea9127499172fc6cd1e479c7fbe41e273647e4ee2e56c9998f0c7217860505844095c9b3d610d5b48822dae7a53c80baf7ac0bec6f325049dbb998b2b42306d68fc1f04521b215f0e6df77b73e165f5f750431100683830bae3994df3f995573be660b5058add3551525d6ddbcd1e417637046e3d3a64c83d32011c1a296b17be2f6ea4d903d0a282fec0b0d75bcf4a86f2b38bef537da6f6f9cca9959f6655e80a0cd06cc6ebb3af7e825c078c1e21650e221c25b920fce33bf4989b5f45f4cdf7f2a57e43a4b519d2677a16ee0a655d5bbcd5faa6e6e1a2be9e90906456ac50720c6a52de12562ca714a1e4c0c1f80a77a1807c88f524041f0746f06cd879d4d2c5967c87caba6e5dc13a5f8e5e2a11854926b93b55b407dc50a8746d8f964fdad746aec0b8ce6fe1149712ef2eab83c16c1eb394277761e1c172709d879f80db901883e222a149b6b2f431d6191814e8c8b8c11e8bf5013a093d4ecb600a2b33ed2326af5949c41fb09b442080fc8e93259221dc80d52c03d562bc8113319f13187251c8683479f3365ca5a4929ac02e496416ac80496ab97c6e6ae14210726a056d1dad634fa6adf14d9ff9488e4bf5b21c92ec9754df22b69e5150e4c912f163990de941c004b478dc9a84adfe29b22b3ea05801fbb97a6c061f1c8de68ab0cba8da9da8c7724b12cc458dd723398d8860e21b435127aa219532d8706d03a7eb643491bb29d630672268596a0c0121df20157d67cc60c02282909661d73cc3157186a2deb3b3261a284782d97000cfae010b7c85dcd5581f24b6c002056f3046d35cf3572184b030cd72ae81628439e4fa66603d1c284bdbc97497868768e5b84e9b0b35f742926bd61ab422b48a0d27a359ad9c46cddba65ea843a8df5c8a5432eaa30a612ab564678bab419af28e8e5c0351c308fd37a43c511ffd9cd49304c184229364e220dd9b18ca132ab5564d4aac63c6ef338cbe16c031dc13752c827594c53eb3d7f6458c3501440851914fa39db11339d0066aab502ebba809d01d44aaa3636b07aec86d17006b469e77332a9e7eda3c3933271bf7d03d72e719f969b3147450e77e75e6512bf3295dc43d265cf534455611ac8c3dc060e35e1f5bbd7349b38c6e8a8403918ba483924c02c896c9d9625c9b531f10000dc24791b0ee85fae2e3b6c64397255a65a2bec42db925c1543141165e67a2b5809cc293104034a9ab4b56c47d55d0f77d482d15393adb6feeee5bbba55f0cdc57c5d05f783064fb97c736b684698c27624cf96a06bdc31b7616e3d6050318657bf519d301e896281467489fb35b54eb693efb057fd0cfa2b39037c10558017cc024cac6d5306a3e634cecc06a48f3c38820fe78e4024c910638fbd12b52db87fb24d2f24348a00eea9717c2f5bb6118ea4c9d6b9eee0d6e0019d13fe71951d19afa15cd9b9d8e94b0a848b2eb7011948e97e4761407abbdc5ca3e4e8047a9b2544670aed8edd581312cc30814a9d5ac5a6f891605a28a4be9fe200fbbddd6128762e4c13655b03e462b77d9f955d18eb1828ce9e4cece792f172df3823faa941865b68d5106891331ab068c31ee52af1ca9ece36a7b810d80878db99d8c8ff91316510558b347f8f1296dfa3785190d90667c15edabd97494c8d83e1f169e9e21b3f6cb07bfd5f7142d0fc2584ffd9929b6d8f8ff0b4d6ff32c4fb8caa64c5dce196f8584a8cd595cf2f1bbf7cf2ce899a3f47725bf4e62f4056ffb6ecb780576cd3ec91a9dbea77cfacf95728e51f81ada3b8ebd1c146bed414badec721803ff74991b9279f78b82b05fc04570d059d5b02bf308bb09fa099544333a1729dd8bb5d679bc3f7a07f09ff2a87933d15a63cd1b688b9933c3ca79b483989599b42582f2124151ed6753303de3a9f55e543e1cf744e2d15742b7b55d05d336e980190d4e49c04bf5eb44f5f9ffc7078da3e0aceec0283144cc3d2bdfdb382dcea6112f69f0e391900bd602385a0664a15f82b360cf821776ca09f4d1ea08bfa3161e50013c506c022b03bc0fd251439e8df5d51f1ce3d01e55e8ca1ae45a6c43db815076e21739a5c3fbb7f817c9e95d9c45b2b3f0a5d2acd6656c12b0799fdfc73493ba875f7e1aa6392cff1e1e1ab36fc79dbf0ada817b9c5111686b7fb70bbd7759fb3ff0dc2fb3c53</marked_file>
      <paragraph_indexes count="81">94 151 565 641 841 931 1034 1080 1089 1208 1378 1457 1755 1785 1817 1858 1890 1920 1952 1990 2022 2060 2773 2821 2830 2897 2906 2968 2977 3036 3045 3104 3113 3184 3193 3260 3269 3348 3357 3437 3446 3525 3545 3593 3602 3680 3689 3762 3771 3842 3853 3920 3925 3985 3994 4057 4077 4131 4140 4214 4318 4400 4418 4623 4632 4652 4982 5137 5227 5274 5317 5427 5436 5655 5678 5724 5781 5829 5875 5941 5987 6033 6079 6146 6193 6244 6287 6357 6371 6572 6581 6692 6706 6794 6827 6855 6898 6989 6998 7081 7090 7191 7205 7304 7346 7454 7496 7774 7816 7905 7910 8133 8178 8228 8275 8356 8370 8440 8449 8729 8738 8843 8857 8973 8987 9150 9183 9224 9267 9382 9387 9517 9526 9609 9623 9737 9751 9757 9813 9891 9896 10139 10172 10192 10235 10282 10339 10465 10489 10541 10565 10617 10641 10710 10768 10878 11114 11539 11715 11886 11895 12004 </paragraph_indexes>
      <support_files>
        <file type="todo">images/bluebottom.gif</file>
        <file type="todo">images/bluetop.gif</file>
        <file type="todo">images/bookmark_us.png</file>
        <file type="todo">images/bottomwhite.gif</file>
        <file type="todo">images/bottomwhite2.gif</file>
        <file type="todo">images/exclaim.gif</file>
        <file type="todo">images/here.gif</file>
        <file type="todo">images/menutabA1.gif</file>
        <file type="todo">images/menutabB1.gif</file>
        <file type="todo">images/photobackup/1bckgrnd.gif</file>
        <file type="todo">images/photobackup/2bckgrnd.gif</file>
        <file type="todo">images/photobackup/3bckgrnd.gif</file>
        <file type="todo">images/photobackup/cd_media.jpg</file>
        <file type="todo">images/small_web.gif</file>
        <file type="todo">images/topline1.gif</file>
        <file type="todo">images/topline2.gif</file>
        <file type="todo">images/topline2WB.gif</file>
        <file type="todo">images/toplineL.gif</file>
        <file type="todo">images/toplineLW.gif</file>
        <file type="todo">images/toplineR.gif</file>
        <file type="todo">images/topwhite2.gif</file>
        <file type="todo">styles.css</file>
      </support_files>
    </extractor><translation>
      <languages>
        <language reviewed="False">Spanish</language>
        <language reviewed="False">German</language>
      </languages><sentences count="81">
        <ta_sentence do_translation="yes" encoding="utf-8" format="1" id="1194" original_language="English" type="title">
          <space_before />
          <space_after />
          <text_data language="German">
            <text from_TM="False" rev_id="13" status="New" time="1222355938">Create an index for photos on CDs and DVDs</text>
          </text_data><text_data language="Spanish">
            <text from_TM="False" rev_id="11" status="Complete" time="1222354203">Spanish : index for photos on CDs and DVDs</text>
          </text_data><text_data language="English">
            <text from_TM="False" rev_id="11" status="Complete" time="1222354203">Create an index for photos on CDs and DVDs</text>
          </text_data>
        </ta_sentence><ta_sentence do_translation="yes" encoding="utf-8" format="1" id="1195" original_language="English">
          <space_before />
          <space_after />
          <text_data language="German">
            <text from_TM="False" rev_id="13" status="New" time="1222355938">OnTheGoSoft</text>
            <marker end="11" id="0" start="0" />
          </text_data><text_data language="Spanish">
            <text from_TM="False" rev_id="11" status="Complete" time="1222354203">Spanish : t</text>
            <marker end="11" id="0" start="0" />
          </text_data><text_data language="English">
            <text from_TM="False" rev_id="11" status="Complete" time="1222354203">OnTheGoSoft</text>
            <marker end="11" id="0" start="0" />
          </text_data><marker_def id="0" type="html">
            <html_marker tag="img">
              <attr name="src" val="images/bluetop.gif" />
              <attr name="alt" val="OnTheGoSoft" />
              <attr name="width" val="760" />
              <attr name="height" val="5" />
            </html_marker>
          </marker_def>
        </ta_sentence><ta_sentence do_translation="yes" encoding="utf-8" format="1" id="1196" original_language="English">
          <space_before />
          <space_after />
          <text_data language="German">
            <text from_TM="False" rev_id="13" status="New" time="1222355938">OnTheGoSoft</text>
            <marker end="11" id="0" start="0" />
          </text_data><text_data language="Spanish">
            <text from_TM="False" rev_id="11" status="Complete" time="1222354203">Spanish : t</text>
            <marker end="11" id="0" start="0" />
          </text_data><text_data language="English">
            <text from_TM="False" rev_id="11" status="Complete" time="1222354203">OnTheGoSoft</text>
            <marker end="11" id="0" start="0" />
          </text_data><marker_def id="0" type="html">
            <html_marker tag="img">
              <attr name="border" val="0" />
              <attr name="src" val="images/small_web.gif" />
              <attr name="alt" val="OnTheGoSoft" />
              <attr name="width" val="160" />
              <attr name="height" val="62" />
            </html_marker>
          </marker_def>
        </ta_sentence><ta_sentence do_translation="yes" encoding="utf-8" format="1" id="1197" original_language="English">
          <space_before />
          <space_after />
          <text_data language="German">
            <text from_TM="False" rev_id="13" status="New" time="1222355938">Photo Backup</text>
            <marker end="12" id="0" start="0" />
          </text_data><text_data language="Spanish">
            <text from_TM="False" rev_id="11" status="Complete" time="1222354203">Spanish : up</text>
            <marker end="12" id="0" start="0" />
          </text_data><text_data language="English">
            <text from_TM="False" rev_id="11" status="Complete" time="1222354203">Photo Backup</text>
            <marker end="12" id="0" start="0" />
          </text_data><marker_def id="0" type="html">
            <html_marker tag="span">
              <attr name="class" val="TextTop" />
            </html_marker>
          </marker_def>
        </ta_sentence><ta_sentence do_translation="yes" encoding="utf-8" format="1" id="1198" original_language="English">
          <space_before> </space_before>
          <space_after />
          <text_data language="German">
            <text from_TM="False" rev_id="13" status="New" time="1222355938">Professional Digital Photo Backup Program for Windows</text>
            <marker end="53" id="0" start="0" />
          </text_data><text_data language="Spanish">
            <text from_TM="False" rev_id="11" status="Complete" time="1222354203">Spanish : al Digital Photo Backup Program for Windows</text>
            <marker end="53" id="0" start="0" />
          </text_data><text_data language="English">
            <text from_TM="False" rev_id="11" status="Complete" time="1222354203">Professional Digital Photo Backup Program for Windows</text>
            <marker end="53" id="0" start="0" />
          </text_data><marker_def id="0" type="html">
            <html_marker tag="span">
              <attr name="class" val="tagline" />
            </html_marker>
          </marker_def>
        </ta_sentence><ta_sentence do_translation="yes" encoding="utf-8" format="1" id="1199" original_language="English">
          <space_before />
          <space_after />
          <text_data language="German">
            <text from_TM="False" rev_id="13" status="New" time="1222355938">OnTheGoSoft</text>
            <marker end="11" id="0" start="0" />
          </text_data><text_data language="Spanish">
            <text from_TM="False" rev_id="11" status="Complete" time="1222354203">Spanish : t</text>
            <marker end="11" id="0" start="0" />
          </text_data><text_data language="English">
            <text from_TM="False" rev_id="11" status="Complete" time="1222354203">OnTheGoSoft</text>
            <marker end="11" id="0" start="0" />
          </text_data><marker_def id="0" type="html">
            <html_marker tag="img">
              <attr name="src" val="images/bluebottom.gif" />
              <attr name="alt" val="OnTheGoSoft" />
              <attr name="width" val="760" />
              <attr name="height" val="5" />
            </html_marker>
          </marker_def>
        </ta_sentence><ta_sentence do_translation="yes" encoding="utf-8" format="1" id="1200" original_language="English">
          <space_before />
          <space_after />
          <text_data language="German">
            <text from_TM="False" rev_id="13" status="New" time="1222355938">Products</text>
            <marker end="8" id="0" start="0" />
          </text_data><text_data language="Spanish">
            <text from_TM="False" rev_id="11" status="Complete" time="1222354203">Spanish : </text>
            <marker end="8" id="0" start="0" />
          </text_data><text_data language="English">
            <text from_TM="False" rev_id="11" status="Complete" time="1222354203">Products</text>
            <marker end="8" id="0" start="0" />
          </text_data><marker_def id="0" type="html">
            <html_marker tag="a">
              <attr name="href" val="./" />
            </html_marker>
          </marker_def>
        </ta_sentence><ta_sentence do_translation="yes" encoding="utf-8" format="1" id="1201" original_language="English">
          <space_before />
          <space_after />
          <text_data language="German">
            <text from_TM="False" rev_id="13" status="New" time="1222355938">Downloads</text>
            <marker end="9" id="0" start="0" />
          </text_data><text_data language="Spanish">
            <text from_TM="False" rev_id="11" status="Complete" time="1222354203">Spanish : </text>
            <marker end="9" id="0" start="0" />
          </text_data><text_data language="English">
            <text from_TM="False" rev_id="11" status="Complete" time="1222354203">Downloads</text>
            <marker end="9" id="0" start="0" />
          </text_data><marker_def id="0" type="html">
            <html_marker tag="a">
              <attr name="href" val="download.htm" />
            </html_marker>
          </marker_def>
        </ta_sentence><ta_sentence do_translation="yes" encoding="utf-8" format="1" id="1202" original_language="English">
          <space_before />
          <space_after />
          <text_data language="German">
            <text from_TM="False" rev_id="13" status="New" time="1222355938">Buy</text>
            <marker end="3" id="0" start="0" />
          </text_data><text_data language="Spanish">
            <text from_TM="False" rev_id="11" status="Complete" time="1222354203">Spanish : </text>
            <marker end="3" id="0" start="0" />
          </text_data><text_data language="English">
            <text from_TM="False" rev_id="11" status="Complete" time="1222354203">Buy</text>
            <marker end="3" id="0" start="0" />
          </text_data><marker_def id="0" type="html">
            <html_marker tag="a">
              <attr name="href" val="buy.htm" />
            </html_marker>
          </marker_def>
        </ta_sentence><ta_sentence do_translation="yes" encoding="utf-8" format="1" id="1203" original_language="English">
          <space_before />
          <space_after />
          <text_data language="German">
            <text from_TM="False" rev_id="13" status="New" time="1222355938">Contact</text>
            <marker end="7" id="0" start="0" />
          </text_data><text_data language="Spanish">
            <text from_TM="False" rev_id="11" status="Complete" time="1222354203">Spanish : </text>
            <marker end="7" id="0" start="0" />
          </text_data><text_data language="English">
            <text from_TM="False" rev_id="11" status="Complete" time="1222354203">Contact</text>
            <marker end="7" id="0" start="0" />
          </text_data><marker_def id="0" type="html">
            <html_marker tag="a">
              <attr name="href" val="contact.htm" />
            </html_marker>
          </marker_def>
        </ta_sentence><ta_sentence do_translation="yes" encoding="utf-8" format="1" id="1204" original_language="English">
          <space_before />
          <space_after />
          <text_data language="German">
            <text from_TM="False" rev_id="13" status="New" time="1222355938">Support</text>
            <marker end="7" id="0" start="0" />
          </text_data><text_data language="Spanish">
            <text from_TM="False" rev_id="11" status="Complete" time="1222354203">Spanish : </text>
            <marker end="7" id="0" start="0" />
          </text_data><text_data language="English">
            <text from_TM="False" rev_id="11" status="Complete" time="1222354203">Support</text>
            <marker end="7" id="0" start="0" />
          </text_data><marker_def id="0" type="html">
            <html_marker tag="a">
              <attr name="href" val="support.htm" />
            </html_marker>
          </marker_def>
        </ta_sentence><ta_sentence do_translation="yes" encoding="utf-8" format="1" id="1205" original_language="English">
          <space_before />
          <space_after />
          <text_data language="German">
            <text from_TM="False" rev_id="13" status="New" time="1222355938">Product info</text>
            <marker end="12" id="0" start="0" />
          </text_data><text_data language="Spanish">
            <text from_TM="False" rev_id="11" status="Complete" time="1222354203">Spanish : fo</text>
            <marker end="12" id="0" start="0" />
          </text_data><text_data language="English">
            <text from_TM="False" rev_id="11" status="Complete" time="1222354203">Product info</text>
            <marker end="12" id="0" start="0" />
          </text_data><marker_def id="0" type="html">
            <html_marker tag="span">
              <attr name="class" val="Text-Bold" />
            </html_marker>
          </marker_def>
        </ta_sentence><ta_sentence do_translation="yes" encoding="utf-8" format="1" id="1206" original_language="English">
          <space_before> </space_before>
          <space_after />
          <text_data language="German">
            <text from_TM="False" rev_id="13" status="New" time="1222355938">Photo Backup</text>
            <marker end="12" id="0" start="0" />
          </text_data><text_data language="Spanish">
            <text from_TM="False" rev_id="11" status="Complete" time="1222354203">Spanish : up</text>
            <marker end="12" id="0" start="0" />
          </text_data><text_data language="English">
            <text from_TM="False" rev_id="11" status="Complete" time="1222354203">Photo Backup</text>
            <marker end="12" id="0" start="0" />
          </text_data><marker_def id="0" type="html">
            <html_marker tag="a">
              <attr name="href" val="photo_backup.htm" />
              <attr name="class" val="Text-Nav" />
            </html_marker>
          </marker_def>
        </ta_sentence><ta_sentence do_translation="yes" encoding="utf-8" format="1" id="1207" original_language="English">
          <space_before> </space_before>
          <space_after />
          <text_data language="German">
            <text from_TM="False" rev_id="13" status="New" time="1222355938">Download</text>
            <marker end="8" id="0" start="0" />
          </text_data><text_data language="Spanish">
            <text from_TM="False" rev_id="11" status="Complete" time="1222354203">Spanish : </text>
            <marker end="8" id="0" start="0" />
          </text_data><text_data language="English">
            <text from_TM="False" rev_id="11" status="Complete" time="1222354203">Download</text>
            <marker end="8" id="0" start="0" />
          </text_data><marker_def id="0" type="html">
            <html_marker tag="a">
              <attr name="href" val="pb_download.htm" />
              <attr name="class" val="Text-Nav" />
            </html_marker>
          </marker_def>
        </ta_sentence><ta_sentence do_translation="yes" encoding="utf-8" format="1" id="1208" original_language="English">
          <space_before> </space_before>
          <space_after />
          <text_data language="German">
            <text from_TM="False" rev_id="13" status="New" time="1222355938">Overview</text>
            <marker end="8" id="0" start="0" />
          </text_data><text_data language="Spanish">
            <text from_TM="False" rev_id="11" status="Complete" time="1222354203">Spanish : </text>
            <marker end="8" id="0" start="0" />
          </text_data><text_data language="English">
            <text from_TM="False" rev_id="11" status="Complete" time="1222354203">Overview</text>
            <marker end="8" id="0" start="0" />
          </text_data><marker_def id="0" type="html">
            <html_marker tag="a">
              <attr name="href" val="overview.htm" />
              <attr name="class" val="Text-Nav" />
            </html_marker>
          </marker_def>
        </ta_sentence><ta_sentence do_translation="yes" encoding="utf-8" format="1" id="1209" original_language="English">
          <space_before> </space_before>
          <space_after />
          <text_data language="German">
            <text from_TM="False" rev_id="13" status="New" time="1222355938">Features</text>
            <marker end="8" id="0" start="0" />
          </text_data><text_data language="Spanish">
            <text from_TM="False" rev_id="11" status="Complete" time="1222354203">Spanish : </text>
            <marker end="8" id="0" start="0" />
          </text_data><text_data language="English">
            <text from_TM="False" rev_id="11" status="Complete" time="1222354203">Features</text>
            <marker end="8" id="0" start="0" />
          </text_data><marker_def id="0" type="html">
            <html_marker tag="a">
              <attr name="href" val="benefits.htm" />
              <attr name="class" val="Text-Nav" />
            </html_marker>
          </marker_def>
        </ta_sentence><ta_sentence do_translation="yes" encoding="utf-8" format="1" id="1210" original_language="English">
          <space_before> </space_before>
          <space_after />
          <text_data language="German">
            <text from_TM="False" rev_id="13" status="New" time="1222355938">Supported Formats</text>
            <marker end="17" id="0" start="0" />
          </text_data><text_data language="Spanish">
            <text from_TM="False" rev_id="11" status="Complete" time="1222354203">Spanish : Formats</text>
            <marker end="17" id="0" start="0" />
          </text_data><text_data language="English">
            <text from_TM="False" rev_id="11" status="Complete" time="1222354203">Supported Formats</text>
            <marker end="17" id="0" start="0" />
          </text_data><marker_def id="0" type="html">
            <html_marker tag="a">
              <attr name="href" val="photo_types.htm" />
              <attr name="class" val="Text-Nav" />
            </html_marker>
          </marker_def>
        </ta_sentence><ta_sentence do_translation="yes" encoding="utf-8" format="1" id="1211" original_language="English">
          <space_before> </space_before>
          <space_after />
          <text_data language="German">
            <text from_TM="False" rev_id="13" status="New" time="1222355938">Versions History</text>
            <marker end="16" id="0" start="0" />
          </text_data><text_data language="Spanish">
            <text from_TM="False" rev_id="11" status="Complete" time="1222354203">Spanish : istory</text>
            <marker end="16" id="0" start="0" />
          </text_data><text_data language="English">
            <text from_TM="False" rev_id="11" status="Complete" time="1222354203">Versions History</text>
            <marker end="16" id="0" start="0" />
          </text_data><marker_def id="0" type="html">
            <html_marker tag="a">
              <attr name="href" val="versions.htm" />
              <attr name="class" val="Text-Nav" />
            </html_marker>
          </marker_def>
        </ta_sentence><ta_sentence do_translation="yes" encoding="utf-8" format="1" id="1212" original_language="English">
          <space_before> </space_before>
          <space_after />
          <text_data language="German">
            <text from_TM="False" rev_id="13" status="New" time="1222355938">About Photo Backup LE</text>
            <marker end="21" id="0" start="0" />
          </text_data><text_data language="Spanish">
            <text from_TM="False" rev_id="11" status="Complete" time="1222354203">Spanish : o Backup LE</text>
            <marker end="21" id="0" start="0" />
          </text_data><text_data language="English">
            <text from_TM="False" rev_id="11" status="Complete" time="1222354203">About Photo Backup LE</text>
            <marker end="21" id="0" start="0" />
          </text_data><marker_def id="0" type="html">
            <html_marker tag="a">
              <attr name="href" val="photo_backup_le.htm" />
              <attr name="class" val="Text-Nav" />
            </html_marker>
          </marker_def>
        </ta_sentence><ta_sentence do_translation="yes" encoding="utf-8" format="1" id="1213" original_language="English">
          <space_before> </space_before>
          <space_after />
          <text_data language="German">
            <text from_TM="False" rev_id="13" status="New" time="1222355938">Online Manual</text>
            <marker end="13" id="0" start="0" />
          </text_data><text_data language="Spanish">
            <text from_TM="False" rev_id="11" status="Complete" time="1222354203">Spanish : ual</text>
            <marker end="13" id="0" start="0" />
          </text_data><text_data language="English">
            <text from_TM="False" rev_id="11" status="Complete" time="1222354203">Online Manual</text>
            <marker end="13" id="0" start="0" />
          </text_data><marker_def id="0" type="html">
            <html_marker tag="a">
              <attr name="href" val="photo_backup_help/index.html" />
              <attr name="class" val="Text-Nav" />
            </html_marker>
          </marker_def>
        </ta_sentence><ta_sentence do_translation="yes" encoding="utf-8" format="1" id="1214" original_language="English">
          <space_before> </space_before>
          <space_after />
          <text_data language="German">
            <text from_TM="False" rev_id="13" status="New" time="1222355938">News and Announcements</text>
            <marker end="22" id="0" start="0" />
          </text_data><text_data language="Spanish">
            <text from_TM="False" rev_id="11" status="Complete" time="1222354203">Spanish : nnouncements</text>
            <marker end="22" id="0" start="0" />
          </text_data><text_data language="English">
            <text from_TM="False" rev_id="11" status="Complete" time="1222354203">News and Announcements</text>
            <marker end="22" id="0" start="0" />
          </text_data><marker_def id="0" type="html">
            <html_marker tag="a">
              <attr name="href" val="/blog/?sectionid=5" />
              <attr name="class" val="Text-Nav" />
            </html_marker>
          </marker_def>
        </ta_sentence><ta_sentence do_translation="yes" encoding="utf-8" format="1" id="1215" original_language="English">
          <space_before />
          <space_after />
          <text_data language="German">
            <text from_TM="False" rev_id="13" status="New" time="1222355938">Typical uses</text>
            <marker end="12" id="0" start="0" />
          </text_data><text_data language="Spanish">
            <text from_TM="False" rev_id="11" status="Complete" time="1222354203">Spanish : es</text>
            <marker end="12" id="0" start="0" />
          </text_data><text_data language="English">
            <text from_TM="False" rev_id="11" status="Complete" time="1222354203">Typical uses</text>
            <marker end="12" id="0" start="0" />
          </text_data><marker_def id="0" type="html">
            <html_marker tag="span">
              <attr name="class" val="Text-Bold" />
            </html_marker>
          </marker_def>
        </ta_sentence><ta_sentence do_translation="yes" encoding="utf-8" format="1" id="1216" original_language="English">
          <space_before> </space_before>
          <space_after />
          <text_data language="German">
            <text from_TM="False" rev_id="13" status="New" time="1222355938">Archive Digital Photos</text>
            <marker end="22" id="0" start="0" />
          </text_data><text_data language="Spanish">
            <text from_TM="False" rev_id="11" status="Complete" time="1222354203">Spanish : gital Photos</text>
            <marker end="22" id="0" start="0" />
          </text_data><text_data language="English">
            <text from_TM="False" rev_id="11" status="Complete" time="1222354203">Archive Digital Photos</text>
            <marker end="22" id="0" start="0" />
          </text_data><marker_def id="0" type="html">
            <html_marker tag="a">
              <attr name="href" val="backup_photos.htm" />
              <attr name="class" val="Text-Nav" />
            </html_marker>
          </marker_def>
        </ta_sentence><ta_sentence do_translation="yes" encoding="utf-8" format="1" id="1217" original_language="English">
          <space_before> </space_before>
          <space_after />
          <text_data language="German">
            <text from_TM="False" rev_id="13" status="New" time="1222355938">Photo Organizer</text>
            <marker end="15" id="0" start="0" />
          </text_data><text_data language="Spanish">
            <text from_TM="False" rev_id="11" status="Complete" time="1222354203">Spanish : nizer</text>
            <marker end="15" id="0" start="0" />
          </text_data><text_data language="English">
            <text from_TM="False" rev_id="11" status="Complete" time="1222354203">Photo Organizer</text>
            <marker end="15" id="0" start="0" />
          </text_data><marker_def id="0" type="html">
            <html_marker tag="a">
              <attr name="href" val="organize_photos.htm" />
              <attr name="class" val="Text-Nav" />
            </html_marker>
          </marker_def>
        </ta_sentence><ta_sentence do_translation="yes" encoding="utf-8" format="1" id="1218" original_language="English">
          <space_before> </space_before>
          <space_after />
          <text_data language="German">
            <text from_TM="False" rev_id="13" status="New" time="1222355938">Backup Audio CDs</text>
            <marker end="16" id="0" start="0" />
          </text_data><text_data language="Spanish">
            <text from_TM="False" rev_id="11" status="Complete" time="1222354203">Spanish : io CDs</text>
            <marker end="16" id="0" start="0" />
          </text_data><text_data language="English">
            <text from_TM="False" rev_id="11" status="Complete" time="1222354203">Backup Audio CDs</text>
            <marker end="16" id="0" start="0" />
          </text_data><marker_def id="0" type="html">
            <html_marker tag="a">
              <attr name="href" val="backup_audio.htm" />
              <attr name="class" val="Text-Nav" />
            </html_marker>
          </marker_def>
        </ta_sentence><ta_sentence do_translation="yes" encoding="utf-8" format="1" id="1219" original_language="English">
          <space_before />
          <space_after />
          <text_data language="German">
            <text from_TM="False" rev_id="13" status="New" time="1222355938">You are here</text>
            <marker end="12" id="0" start="0" />
          </text_data><text_data language="Spanish">
            <text from_TM="False" rev_id="11" status="Complete" time="1222354203">Spanish : re</text>
            <marker end="12" id="0" start="0" />
          </text_data><text_data language="English">
            <text from_TM="False" rev_id="11" status="Complete" time="1222354203">You are here</text>
            <marker end="12" id="0" start="0" />
          </text_data><marker_def id="0" type="html">
            <html_marker tag="img">
              <attr name="src" val="images/here.gif" />
              <attr name="alt" val="You are here" />
              <attr name="class" val="hereimg" />
            </html_marker>
          </marker_def>
        </ta_sentence><ta_sentence do_translation="yes" encoding="utf-8" format="1" id="1220" original_language="English">
          <space_before />
          <space_after />
          <text_data language="German">
            <text from_TM="False" rev_id="13" status="New" time="1222355938">Index Existing Backup</text>
            <marker end="21" id="0" start="0" />
          </text_data><text_data language="Spanish">
            <text from_TM="False" rev_id="11" status="Complete" time="1222354203">Spanish : ting Backup</text>
            <marker end="21" id="0" start="0" />
          </text_data><text_data language="English">
            <text from_TM="False" rev_id="11" status="Complete" time="1222354203">Index Existing Backup</text>
            <marker end="21" id="0" start="0" />
          </text_data><marker_def id="0" type="html">
            <html_marker tag="span">
              <attr name="class" val="leftselected" />
            </html_marker>
          </marker_def>
        </ta_sentence><ta_sentence do_translation="yes" encoding="utf-8" format="1" id="1221" original_language="English">
          <space_before> </space_before>
          <space_after />
          <text_data language="German">
            <text from_TM="False" rev_id="13" status="New" time="1222355938">CD Burning</text>
            <marker end="10" id="0" start="0" />
          </text_data><text_data language="Spanish">
            <text from_TM="False" rev_id="11" status="Complete" time="1222354203">Spanish : </text>
            <marker end="10" id="0" start="0" />
          </text_data><text_data language="English">
            <text from_TM="False" rev_id="11" status="Complete" time="1222354203">CD Burning</text>
            <marker end="10" id="0" start="0" />
          </text_data><marker_def id="0" type="html">
            <html_marker tag="a">
              <attr name="href" val="cd_burning.htm" />
              <attr name="class" val="Text-Nav" />
            </html_marker>
          </marker_def>
        </ta_sentence><ta_sentence do_translation="yes" encoding="utf-8" format="1" id="1222" original_language="English">
          <space_before />
          <space_after />
          <text_data language="German">
            <text from_TM="False" rev_id="13" status="New" time="1222355938">Useful information</text>
            <marker end="18" id="0" start="0" />
          </text_data><text_data language="Spanish">
            <text from_TM="False" rev_id="11" status="Complete" time="1222354203">Spanish : ormation</text>
            <marker end="18" id="0" start="0" />
          </text_data><text_data language="English">
            <text from_TM="False" rev_id="11" status="Complete" time="1222354203">Useful information</text>
            <marker end="18" id="0" start="0" />
          </text_data><marker_def id="0" type="html">
            <html_marker tag="span">
              <attr name="class" val="Text-Bold" />
            </html_marker>
          </marker_def>
        </ta_sentence><ta_sentence do_translation="yes" encoding="utf-8" format="1" id="1223" original_language="English">
          <space_before> </space_before>
          <space_after />
          <text_data language="German">
            <text from_TM="False" rev_id="13" status="New" time="1222355938">Enabling DMA Mode</text>
            <marker end="17" id="0" start="0" />
          </text_data><text_data language="Spanish">
            <text from_TM="False" rev_id="11" status="Complete" time="1222354203">Spanish : MA Mode</text>
            <marker end="17" id="0" start="0" />
          </text_data><text_data language="English">
            <text from_TM="False" rev_id="11" status="Complete" time="1222354203">Enabling DMA Mode</text>
            <marker end="17" id="0" start="0" />
          </text_data><marker_def id="0" type="html">
            <html_marker tag="a">
              <attr name="href" val="dma_setting_nt.htm" />
              <attr name="class" val="Text-Nav" />
            </html_marker>
          </marker_def>
        </ta_sentence><ta_sentence do_translation="yes" encoding="utf-8" format="1" id="1224" original_language="English">
          <space_before />
          <space_after />
          <text_data language="German">
            <text from_TM="False" rev_id="13" status="New" time="1222355938">Bookmark this page</text>
            <marker end="18" id="0" start="0" />
          </text_data><text_data language="Spanish">
            <text from_TM="False" rev_id="11" status="Complete" time="1222354203">Spanish : his page</text>
            <marker end="18" id="0" start="0" />
          </text_data><text_data language="English">
            <text from_TM="False" rev_id="11" status="Complete" time="1222354203">Bookmark this page</text>
            <marker end="18" id="0" start="0" />
          </text_data><marker_def id="0" type="html">
            <html_marker tag="img">
              <attr name="src" val="images/bookmark_us.png" />
              <attr name="alt" val="Bookmark this page" />
              <attr name="class" val="delicious" />
            </html_marker>
          </marker_def>
        </ta_sentence><ta_sentence do_translation="yes" encoding="utf-8" format="1" id="1225" original_language="English">
          <space_before />
          <space_after />
          <text_data language="German">
            <text from_TM="False" rev_id="13" status="New" time="1222355938">Bookmark on</text>
            <marker end="-1" id="0" start="0" />
            <marker end="-1" id="0" start="0" />
          </text_data><text_data language="Spanish">
            <text from_TM="False" rev_id="11" status="Complete" time="1222354203">Spanish : n</text>
            <marker end="-1" id="0" start="0" />
            <marker end="-1" id="0" start="0" />
          </text_data><text_data language="English">
            <text from_TM="False" rev_id="11" status="Complete" time="1222354203">Bookmark on</text>
            <marker end="-1" id="0" start="0" />
            <marker end="-1" id="0" start="0" />
          </text_data><marker_def id="0" type="html">
            <html_marker tag="a">
              <attr name="rel" val="nofollow" />
              <attr name="href" val="http://del.icio.us/post?url=http%3A%2F%2Fwww.onthegosoft.com%2Fmake_index.htm&amp;title=Create+an+index+for+photos+on+CDs+and+DVDs" />
              <attr name="target" val="_blank" />
              <attr name="class" val="Text-Nav" />
            </html_marker>
          </marker_def>
        </ta_sentence><ta_sentence do_translation="yes" encoding="utf-8" format="1" id="1226" original_language="English">
          <space_before />
          <space_after />
          <text_data language="German">
            <text from_TM="False" rev_id="13" status="New" time="1222355938">del.icio.us</text>
            <marker end="11" id="-1" start="-1" />
          </text_data><text_data language="Spanish">
            <text from_TM="False" rev_id="11" status="Complete" time="1222354203">Spanish : s</text>
            <marker end="11" id="-1" start="-1" />
          </text_data><text_data language="English">
            <text from_TM="False" rev_id="11" status="Complete" time="1222354203">del.icio.us</text>
            <marker end="11" id="-1" start="-1" />
          </text_data><marker_def id="-1" type="html">
            <html_marker tag="a" />
          </marker_def>
        </ta_sentence><ta_sentence do_translation="yes" encoding="utf-8" format="1" id="1227" original_language="English">
          <space_before />
          <space_after />
          <text_data language="German">
            <text from_TM="False" rev_id="13" status="New" time="1222355938">Home&#160;&gt;&#160;Photo Backup&#160;&gt;&#160;Index Existing Backup</text>
            <marker end="43" id="0" start="0" />
            <marker end="4" id="1" start="0" />
            <marker end="19" id="2" start="7" />
          </text_data><text_data language="Spanish">
            <text from_TM="False" rev_id="11" status="Complete" time="1222354203">Spanish : to Backup&#160;&gt;&#160;Index Existing Backup</text>
            <marker end="43" id="0" start="0" />
            <marker end="4" id="1" start="0" />
            <marker end="19" id="2" start="7" />
          </text_data><text_data language="English">
            <text from_TM="False" rev_id="11" status="Complete" time="1222354203">Home&#160;&gt;&#160;Photo Backup&#160;&gt;&#160;Index Existing Backup</text>
            <marker end="43" id="0" start="0" />
            <marker end="4" id="1" start="0" />
            <marker end="19" id="2" start="7" />
          </text_data><marker_def id="0" type="html">
            <html_marker tag="span">
              <attr name="class" val="Text-TopNav" />
            </html_marker>
          </marker_def><marker_def id="1" type="html">
            <html_marker tag="a">
              <attr name="href" val="./" />
            </html_marker>
          </marker_def><marker_def id="2" type="html">
            <html_marker tag="a">
              <attr name="href" val="photo_backup.htm" />
            </html_marker>
          </marker_def>
        </ta_sentence><ta_sentence do_translation="yes" encoding="utf-8" format="1" id="1228" original_language="English">
          <space_before />
          <space_after />
          <text_data language="German">
            <text from_TM="False" rev_id="13" status="New" time="1222355938">Create an index for photos on CDs and DVDs</text>
          </text_data><text_data language="Spanish">
            <text from_TM="False" rev_id="11" status="Complete" time="1222354203">Spanish : index for photos on CDs and DVDs</text>
          </text_data><text_data language="English">
            <text from_TM="False" rev_id="11" status="Complete" time="1222354203">Create an index for photos on CDs and DVDs</text>
          </text_data>
        </ta_sentence><ta_sentence do_translation="yes" encoding="utf-8" format="1" id="1229" original_language="English">
          <space_before />
          <space_after />
          <text_data language="German">
            <text from_TM="False" rev_id="13" status="New" time="1222355938">This application note shows how to create a thumbnail index of your archive using Photo Backup.</text>
          </text_data><text_data language="Spanish">
            <text from_TM="False" rev_id="11" status="Complete" time="1222354203">Spanish : cation note shows how to create a thumbnail index of your archive using Photo Backup.</text>
          </text_data><text_data language="English">
            <text from_TM="False" rev_id="11" status="Complete" time="1222354203">This application note shows how to create a thumbnail index of your archive using Photo Backup.</text>
          </text_data>
        </ta_sentence><ta_sentence do_translation="yes" encoding="utf-8" format="1" id="1230" original_language="English">
          <space_before> </space_before>
          <space_after />
          <text_data language="German">
            <text from_TM="False" rev_id="13" status="New" time="1222355938">If you have several CDs or DVDs with backup of photos, music documents or any other type of files, you can use Photo Backup to create an index that will show where each file is stored.</text>
          </text_data><text_data language="Spanish">
            <text from_TM="False" rev_id="11" status="Complete" time="1222354203">Spanish : e several CDs or DVDs with backup of photos, music documents or any other type of files, you can use Photo Backup to create an index that will show where each file is stored.</text>
          </text_data><text_data language="English">
            <text from_TM="False" rev_id="11" status="Complete" time="1222354203">If you have several CDs or DVDs with backup of photos, music documents or any other type of files, you can use Photo Backup to create an index that will show where each file is stored.</text>
          </text_data>
        </ta_sentence><ta_sentence do_translation="yes" encoding="utf-8" format="1" id="1231" original_language="English">
          <space_before> </space_before>
          <space_after />
          <text_data language="German">
            <text from_TM="False" rev_id="13" status="New" time="1222355938">Steps</text>
            <marker end="5" id="0" start="0" />
            <marker end="5" id="1" start="0" />
          </text_data><text_data language="Spanish">
            <text from_TM="False" rev_id="11" status="Complete" time="1222354203">Spanish : </text>
            <marker end="5" id="0" start="0" />
            <marker end="5" id="1" start="0" />
          </text_data><text_data language="English">
            <text from_TM="False" rev_id="11" status="Complete" time="1222354203">Steps</text>
            <marker end="5" id="0" start="0" />
            <marker end="5" id="1" start="0" />
          </text_data><marker_def id="0" type="html">
            <html_marker tag="em" />
          </marker_def><marker_def id="1" type="html">
            <html_marker tag="strong" />
          </marker_def>
        </ta_sentence><ta_sentence do_translation="yes" encoding="utf-8" format="1" id="1232" original_language="English">
          <space_before />
          <space_after />
          <text_data language="German">
            <text from_TM="False" rev_id="13" status="New" time="1222355938">Create a new backup session in Photo Backup</text>
          </text_data><text_data language="Spanish">
            <text from_TM="False" rev_id="11" status="Complete" time="1222354203">Spanish : ew backup session in Photo Backup</text>
          </text_data><text_data language="English">
            <text from_TM="False" rev_id="11" status="Complete" time="1222354203">Create a new backup session in Photo Backup</text>
          </text_data>
        </ta_sentence><ta_sentence do_translation="yes" encoding="utf-8" format="1" id="1233" original_language="English">
          <space_before> </space_before>
          <space_after />
          <text_data language="German">
            <text from_TM="False" rev_id="13" status="New" time="1222355938">Use Include previous backup to scan all existing backup</text>
          </text_data><text_data language="Spanish">
            <text from_TM="False" rev_id="11" status="Complete" time="1222354203">Spanish : e previous backup to scan all existing backup</text>
          </text_data><text_data language="English">
            <text from_TM="False" rev_id="11" status="Complete" time="1222354203">Use Include previous backup to scan all existing backup</text>
          </text_data>
        </ta_sentence><ta_sentence do_translation="yes" encoding="utf-8" format="1" id="1234" original_language="English">
          <space_before> </space_before>
          <space_after />
          <text_data language="German">
            <text from_TM="False" rev_id="13" status="New" time="1222355938">Use Make index to generate an HTML index</text>
          </text_data><text_data language="Spanish">
            <text from_TM="False" rev_id="11" status="Complete" time="1222354203">Spanish : ndex to generate an HTML index</text>
          </text_data><text_data language="English">
            <text from_TM="False" rev_id="11" status="Complete" time="1222354203">Use Make index to generate an HTML index</text>
          </text_data>
        </ta_sentence><ta_sentence do_translation="yes" encoding="utf-8" format="1" id="1235" original_language="English">
          <space_before> </space_before>
          <space_after />
          <text_data language="German">
            <text from_TM="False" rev_id="13" status="New" time="1222355938">Create an Index CD, to store the index on a dedicated CD</text>
          </text_data><text_data language="Spanish">
            <text from_TM="False" rev_id="11" status="Complete" time="1222354203">Spanish : Index CD, to store the index on a dedicated CD</text>
          </text_data><text_data language="English">
            <text from_TM="False" rev_id="11" status="Complete" time="1222354203">Create an Index CD, to store the index on a dedicated CD</text>
          </text_data>
        </ta_sentence><ta_sentence do_translation="yes" encoding="utf-8" format="1" id="1236" original_language="English">
          <space_before />
          <space_after />
          <text_data language="German">
            <text from_TM="False" rev_id="13" status="New" time="1222355938">1) Create a new backup session in Photo Backup</text>
          </text_data><text_data language="Spanish">
            <text from_TM="False" rev_id="11" status="Complete" time="1222354203">Spanish : a new backup session in Photo Backup</text>
          </text_data><text_data language="English">
            <text from_TM="False" rev_id="11" status="Complete" time="1222354203">1) Create a new backup session in Photo Backup</text>
          </text_data>
        </ta_sentence><ta_sentence do_translation="yes" encoding="utf-8" format="1" id="1237" original_language="English">
          <space_before> </space_before>
          <space_after />
          <text_data language="German">
            <text from_TM="False" rev_id="13" status="New" time="1222355938">Use the setup assistant to create new backup settings.</text>
          </text_data><text_data language="Spanish">
            <text from_TM="False" rev_id="11" status="Complete" time="1222354203">Spanish : tup assistant to create new backup settings.</text>
          </text_data><text_data language="English">
            <text from_TM="False" rev_id="11" status="Complete" time="1222354203">Use the setup assistant to create new backup settings.</text>
          </text_data>
        </ta_sentence><ta_sentence do_translation="yes" encoding="utf-8" format="1" id="1238" original_language="English">
          <space_before> </space_before>
          <space_after />
          <text_data language="German">
            <text from_TM="False" rev_id="13" status="New" time="1222355938">You will be asked what file types are included in the backup (found on the CDs or DVDs). You can scan for all file types or specify certain types, which you are interested in.</text>
          </text_data><text_data language="Spanish">
            <text from_TM="False" rev_id="11" status="Complete" time="1222354203">Spanish : e asked what file types are included in the backup (found on the CDs or DVDs). You can scan for all file types or specify certain types, which you are interested in.</text>
          </text_data><text_data language="English">
            <text from_TM="False" rev_id="11" status="Complete" time="1222354203">You will be asked what file types are included in the backup (found on the CDs or DVDs). You can scan for all file types or specify certain types, which you are interested in.</text>
          </text_data>
        </ta_sentence><ta_sentence do_translation="yes" encoding="utf-8" format="1" id="1239" original_language="English">
          <space_before> </space_before>
          <space_after />
          <text_data language="German">
            <text from_TM="False" rev_id="13" status="New" time="1222355938">Then, select the directory (or directories) on the hard drive where these files exist.</text>
          </text_data><text_data language="Spanish">
            <text from_TM="False" rev_id="11" status="Complete" time="1222354203">Spanish : ct the directory (or directories) on the hard drive where these files exist.</text>
          </text_data><text_data language="English">
            <text from_TM="False" rev_id="11" status="Complete" time="1222354203">Then, select the directory (or directories) on the hard drive where these files exist.</text>
          </text_data>
        </ta_sentence><ta_sentence do_translation="yes" encoding="utf-8" format="1" id="1240" original_language="English">
          <space_before> </space_before>
          <space_after />
          <text_data language="German">
            <text from_TM="False" rev_id="13" status="New" time="1222355938">If the don't exist on the hard drive any more, this step can be skipped.</text>
          </text_data><text_data language="Spanish">
            <text from_TM="False" rev_id="11" status="Complete" time="1222354203">Spanish : 't exist on the hard drive any more, this step can be skipped.</text>
          </text_data><text_data language="English">
            <text from_TM="False" rev_id="11" status="Complete" time="1222354203">If the don't exist on the hard drive any more, this step can be skipped.</text>
          </text_data>
        </ta_sentence><ta_sentence do_translation="yes" encoding="utf-8" format="1" id="1241" original_language="English">
          <space_before />
          <space_after />
          <text_data language="German">
            <text from_TM="False" rev_id="13" status="New" time="1222355938">2) Scan existing backup</text>
          </text_data><text_data language="Spanish">
            <text from_TM="False" rev_id="11" status="Complete" time="1222354203">Spanish : isting backup</text>
          </text_data><text_data language="English">
            <text from_TM="False" rev_id="11" status="Complete" time="1222354203">2) Scan existing backup</text>
          </text_data>
        </ta_sentence><ta_sentence do_translation="yes" encoding="utf-8" format="1" id="1242" original_language="English">
          <space_before> </space_before>
          <space_after />
          <text_data language="German">
            <text from_TM="False" rev_id="13" status="New" time="1222355938">Photo Backup keeps a database of which file is stored on which CD (or DVD).</text>
          </text_data><text_data language="Spanish">
            <text from_TM="False" rev_id="11" status="Complete" time="1222354203">Spanish : up keeps a database of which file is stored on which CD (or DVD).</text>
          </text_data><text_data language="English">
            <text from_TM="False" rev_id="11" status="Complete" time="1222354203">Photo Backup keeps a database of which file is stored on which CD (or DVD).</text>
          </text_data>
        </ta_sentence><ta_sentence do_translation="yes" encoding="utf-8" format="1" id="1243" original_language="English">
          <space_before> </space_before>
          <space_after />
          <text_data language="German">
            <text from_TM="False" rev_id="13" status="New" time="1222355938">The database includes file details, thumbnails and EXIF information.</text>
          </text_data><text_data language="Spanish">
            <text from_TM="False" rev_id="11" status="Complete" time="1222354203">Spanish : se includes file details, thumbnails and EXIF information.</text>
          </text_data><text_data language="English">
            <text from_TM="False" rev_id="11" status="Complete" time="1222354203">The database includes file details, thumbnails and EXIF information.</text>
          </text_data>
        </ta_sentence><ta_sentence do_translation="yes" encoding="utf-8" format="1" id="1244" original_language="English">
          <space_before> </space_before>
          <space_after />
          <text_data language="German">
            <text from_TM="False" rev_id="13" status="New" time="1222355938">In order to initialize this database, let Photo Backup scan existing backup.</text>
          </text_data><text_data language="Spanish">
            <text from_TM="False" rev_id="11" status="Complete" time="1222354203">Spanish : o initialize this database, let Photo Backup scan existing backup.</text>
          </text_data><text_data language="English">
            <text from_TM="False" rev_id="11" status="Complete" time="1222354203">In order to initialize this database, let Photo Backup scan existing backup.</text>
          </text_data>
        </ta_sentence><ta_sentence do_translation="yes" encoding="utf-8" format="1" id="1245" original_language="English">
          <space_before> </space_before>
          <space_after />
          <text_data language="German">
            <text from_TM="False" rev_id="13" status="New" time="1222355938">After all CDs are scanned, the program will know exactly where each file is stored.</text>
          </text_data><text_data language="Spanish">
            <text from_TM="False" rev_id="11" status="Complete" time="1222354203">Spanish : CDs are scanned, the program will know exactly where each file is stored.</text>
          </text_data><text_data language="English">
            <text from_TM="False" rev_id="11" status="Complete" time="1222354203">After all CDs are scanned, the program will know exactly where each file is stored.</text>
          </text_data>
        </ta_sentence><ta_sentence do_translation="yes" encoding="utf-8" format="1" id="1246" original_language="English">
          <space_before />
          <space_after />
          <text_data language="German">
            <text from_TM="False" rev_id="13" status="New" time="1222355938">(from the 'Manage CDs' panel, click on Include previous backup).</text>
            <marker end="21" id="0" start="11" />
            <marker end="62" id="1" start="39" />
          </text_data><text_data language="Spanish">
            <text from_TM="False" rev_id="11" status="Complete" time="1222354203">Spanish : 'Manage CDs' panel, click on Include previous backup).</text>
            <marker end="21" id="0" start="11" />
            <marker end="62" id="1" start="39" />
          </text_data><text_data language="English">
            <text from_TM="False" rev_id="11" status="Complete" time="1222354203">(from the 'Manage CDs' panel, click on Include previous backup).</text>
            <marker end="21" id="0" start="11" />
            <marker end="62" id="1" start="39" />
          </text_data><marker_def id="0" type="html">
            <html_marker tag="strong" />
          </marker_def><marker_def id="1" type="html">
            <html_marker tag="strong" />
          </marker_def>
        </ta_sentence><ta_sentence do_translation="yes" encoding="utf-8" format="1" id="1247" original_language="English">
          <space_before> </space_before>
          <space_after />
          <text_data language="German">
            <text from_TM="False" rev_id="13" status="New" time="1222355938">During the scanning, Photo Backup creates thumbnails and also reads EXIF information, so that photos on archive can be searched and browsed (most photo formats are supported, including RAW formats - see details).</text>
            <marker end="210" id="0" start="199" />
          </text_data><text_data language="Spanish">
            <text from_TM="False" rev_id="11" status="Complete" time="1222354203">Spanish :  scanning, Photo Backup creates thumbnails and also reads EXIF information, so that photos on archive can be searched and browsed (most photo formats are supported, including RAW formats - see details).</text>
            <marker end="210" id="0" start="199" />
          </text_data><text_data language="English">
            <text from_TM="False" rev_id="11" status="Complete" time="1222354203">During the scanning, Photo Backup creates thumbnails and also reads EXIF information, so that photos on archive can be searched and browsed (most photo formats are supported, including RAW formats - see details).</text>
            <marker end="210" id="0" start="199" />
          </text_data><marker_def id="0" type="html">
            <html_marker tag="a">
              <attr name="href" val="photo_types.htm" />
            </html_marker>
          </marker_def>
        </ta_sentence><ta_sentence do_translation="no" encoding="utf-8" format="1" id="1248" original_language="English">
          <space_before />
          <space_after />
          <text_data language="German">
            <text from_TM="False" rev_id="13" status="New" time="1222355938" />
            <marker end="0" id="0" start="0" />
          </text_data><text_data language="Spanish">
            <text from_TM="False" rev_id="-1" status="Complete" time="1222355861" />
            <marker end="0" id="0" start="0" />
          </text_data><text_data language="English">
            <text from_TM="False" status="Complete" time="1222355861" />
            <marker end="0" id="0" start="0" />
          </text_data><marker_def id="0" type="html">
            <html_marker tag="img">
              <attr name="src" val="images/exclaim.gif" />
              <attr name="alt" val="" />
              <attr name="width" val="32" />
              <attr name="height" val="32" />
              <attr name="vspace" val="2" />
              <attr name="align" val="left" />
            </html_marker>
          </marker_def>
        </ta_sentence><ta_sentence do_translation="yes" encoding="utf-8" format="1" id="1249" original_language="English">
          <space_before />
          <space_after />
          <text_data language="German">
            <text from_TM="False" rev_id="13" status="New" time="1222355938">This information can be used to continue making incremental backup, and automatically copy to CD only new or modified files, or just to create an index, showing what's on backup and where.</text>
          </text_data><text_data language="Spanish">
            <text from_TM="False" rev_id="11" status="Complete" time="1222354203">Spanish : mation can be used to continue making incremental backup, and automatically copy to CD only new or modified files, or just to create an index, showing what's on backup and where.</text>
          </text_data><text_data language="English">
            <text from_TM="False" rev_id="11" status="Complete" time="1222354203">This information can be used to continue making incremental backup, and automatically copy to CD only new or modified files, or just to create an index, showing what's on backup and where.</text>
          </text_data>
        </ta_sentence><ta_sentence do_translation="yes" encoding="utf-8" format="1" id="1250" original_language="English">
          <space_before />
          <space_after />
          <text_data language="German">
            <text from_TM="False" rev_id="13" status="New" time="1222355938">3) Use [Make index] to generate an HTML index</text>
          </text_data><text_data language="Spanish">
            <text from_TM="False" rev_id="11" status="Complete" time="1222354203">Spanish : ke index] to generate an HTML index</text>
          </text_data><text_data language="English">
            <text from_TM="False" rev_id="11" status="Complete" time="1222354203">3) Use [Make index] to generate an HTML index</text>
          </text_data>
        </ta_sentence><ta_sentence do_translation="yes" encoding="utf-8" format="1" id="1251" original_language="English">
          <space_before> </space_before>
          <space_after />
          <text_data language="German">
            <text from_TM="False" rev_id="13" status="New" time="1222355938">The HTML index, which is generated shows where each file is saved.</text>
          </text_data><text_data language="Spanish">
            <text from_TM="False" rev_id="11" status="Complete" time="1222354203">Spanish : ndex, which is generated shows where each file is saved.</text>
          </text_data><text_data language="English">
            <text from_TM="False" rev_id="11" status="Complete" time="1222354203">The HTML index, which is generated shows where each file is saved.</text>
          </text_data>
        </ta_sentence><ta_sentence do_translation="yes" encoding="utf-8" format="1" id="1252" original_language="English">
          <space_before> </space_before>
          <space_after />
          <text_data language="German">
            <text from_TM="False" rev_id="13" status="New" time="1222355938">The index includes two sections - text and thumbnails.</text>
          </text_data><text_data language="Spanish">
            <text from_TM="False" rev_id="11" status="Complete" time="1222354203">Spanish : includes two sections - text and thumbnails.</text>
          </text_data><text_data language="English">
            <text from_TM="False" rev_id="11" status="Complete" time="1222354203">The index includes two sections - text and thumbnails.</text>
          </text_data>
        </ta_sentence><ta_sentence do_translation="yes" encoding="utf-8" format="1" id="1253" original_language="English">
          <space_before> </space_before>
          <space_after />
          <text_data language="German">
            <text from_TM="False" rev_id="13" status="New" time="1222355938">The text index is a list showing the source file names, the CD on which each file is stored and the path on the CD. Next time you need to find a file, just open the index, search for its name and you'll see exactly where it is located.</text>
          </text_data><text_data language="Spanish">
            <text from_TM="False" rev_id="11" status="Complete" time="1222354203">Spanish : ndex is a list showing the source file names, the CD on which each file is stored and the path on the CD. Next time you need to find a file, just open the index, search for its name and you'll see exactly where it is located.</text>
          </text_data><text_data language="English">
            <text from_TM="False" rev_id="11" status="Complete" time="1222354203">The text index is a list showing the source file names, the CD on which each file is stored and the path on the CD. Next time you need to find a file, just open the index, search for its name and you'll see exactly where it is located.</text>
          </text_data>
        </ta_sentence><ta_sentence do_translation="yes" encoding="utf-8" format="1" id="1254" original_language="English">
          <space_before> </space_before>
          <space_after />
          <text_data language="German">
            <text from_TM="False" rev_id="13" status="New" time="1222355938">For graphical files (photos, pictures, etc.) you can also use a thumbnail index.</text>
          </text_data><text_data language="Spanish">
            <text from_TM="False" rev_id="11" status="Complete" time="1222354203">Spanish : cal files (photos, pictures, etc.) you can also use a thumbnail index.</text>
          </text_data><text_data language="English">
            <text from_TM="False" rev_id="11" status="Complete" time="1222354203">For graphical files (photos, pictures, etc.) you can also use a thumbnail index.</text>
          </text_data>
        </ta_sentence><ta_sentence do_translation="yes" encoding="utf-8" format="1" id="1255" original_language="English">
          <space_before> </space_before>
          <space_after />
          <text_data language="German">
            <text from_TM="False" rev_id="13" status="New" time="1222355938">This index includes thumbnails of all photos in the backup, and where they are stored on the backup.</text>
          </text_data><text_data language="Spanish">
            <text from_TM="False" rev_id="11" status="Complete" time="1222354203">Spanish :  includes thumbnails of all photos in the backup, and where they are stored on the backup.</text>
          </text_data><text_data language="English">
            <text from_TM="False" rev_id="11" status="Complete" time="1222354203">This index includes thumbnails of all photos in the backup, and where they are stored on the backup.</text>
          </text_data>
        </ta_sentence><ta_sentence do_translation="yes" encoding="utf-8" format="1" id="1256" original_language="English">
          <space_before> </space_before>
          <space_after />
          <text_data language="German">
            <text from_TM="False" rev_id="13" status="New" time="1222355938">The thumbnail index is organized according to the folders on the hard drive, to make searching for a particular file quick and intuitive.</text>
          </text_data><text_data language="Spanish">
            <text from_TM="False" rev_id="11" status="Complete" time="1222354203">Spanish : ail index is organized according to the folders on the hard drive, to make searching for a particular file quick and intuitive.</text>
          </text_data><text_data language="English">
            <text from_TM="False" rev_id="11" status="Complete" time="1222354203">The thumbnail index is organized according to the folders on the hard drive, to make searching for a particular file quick and intuitive.</text>
          </text_data>
        </ta_sentence><ta_sentence do_translation="yes" encoding="utf-8" format="1" id="1257" original_language="English">
          <space_before />
          <space_after />
          <text_data language="German">
            <text from_TM="False" rev_id="13" status="New" time="1222355938">4) Store the index on a dedicated CD</text>
          </text_data><text_data language="Spanish">
            <text from_TM="False" rev_id="11" status="Complete" time="1222354203">Spanish : he index on a dedicated CD</text>
          </text_data><text_data language="English">
            <text from_TM="False" rev_id="11" status="Complete" time="1222354203">4) Store the index on a dedicated CD</text>
          </text_data>
        </ta_sentence><ta_sentence do_translation="no" encoding="utf-8" format="1" id="1258" original_language="English">
          <space_before />
          <space_after />
          <text_data language="German">
            <text from_TM="False" rev_id="13" status="New" time="1222355938" />
            <marker end="0" id="0" start="0" />
          </text_data><text_data language="Spanish">
            <text from_TM="False" rev_id="-1" status="Complete" time="1222355861" />
            <marker end="0" id="0" start="0" />
          </text_data><text_data language="English">
            <text from_TM="False" status="Complete" time="1222355861" />
            <marker end="0" id="0" start="0" />
          </text_data><marker_def id="0" type="html">
            <html_marker tag="img">
              <attr name="src" val="images/photobackup/cd_media.jpg" />
              <attr name="alt" val="" />
              <attr name="width" val="104" />
              <attr name="height" val="87" />
              <attr name="hspace" val="5" />
              <attr name="border" val="1" />
              <attr name="align" val="right" />
            </html_marker>
          </marker_def>
        </ta_sentence><ta_sentence do_translation="yes" encoding="utf-8" format="1" id="1259" original_language="English">
          <space_before />
          <space_after />
          <text_data language="German">
            <text from_TM="False" rev_id="13" status="New" time="1222355938">Click on Index CD and the index is copied to a CD. You can use the same CD to write updates to the index.</text>
          </text_data><text_data language="Spanish">
            <text from_TM="False" rev_id="11" status="Complete" time="1222354203">Spanish : ndex CD and the index is copied to a CD. You can use the same CD to write updates to the index.</text>
          </text_data><text_data language="English">
            <text from_TM="False" rev_id="11" status="Complete" time="1222354203">Click on Index CD and the index is copied to a CD. You can use the same CD to write updates to the index.</text>
          </text_data>
        </ta_sentence><ta_sentence do_translation="yes" encoding="utf-8" format="1" id="1260" original_language="English">
          <space_before> </space_before>
          <space_after />
          <text_data language="German">
            <text from_TM="False" rev_id="13" status="New" time="1222355938">When new files are archived, the index can be automatically updated.</text>
          </text_data><text_data language="Spanish">
            <text from_TM="False" rev_id="11" status="Complete" time="1222354203">Spanish : iles are archived, the index can be automatically updated.</text>
          </text_data><text_data language="English">
            <text from_TM="False" rev_id="11" status="Complete" time="1222354203">When new files are archived, the index can be automatically updated.</text>
          </text_data>
        </ta_sentence><ta_sentence do_translation="yes" encoding="utf-8" format="1" id="1261" original_language="English">
          <space_before> </space_before>
          <space_after />
          <text_data language="German">
            <text from_TM="False" rev_id="13" status="New" time="1222355938">Photo Backup can also update the index CD to contain an up-to-date version of the index. </text>
          </text_data><text_data language="Spanish">
            <text from_TM="False" rev_id="11" status="Complete" time="1222354203">Spanish : up can also update the index CD to contain an up-to-date version of the index. </text>
          </text_data><text_data language="English">
            <text from_TM="False" rev_id="11" status="Complete" time="1222354203">Photo Backup can also update the index CD to contain an up-to-date version of the index. </text>
          </text_data>
        </ta_sentence><ta_sentence do_translation="no" encoding="utf-8" format="1" id="1262" original_language="English">
          <space_before />
          <space_after />
          <text_data language="German">
            <text from_TM="False" rev_id="13" status="New" time="1222355938" />
          </text_data><text_data language="Spanish">
            <text from_TM="False" rev_id="-1" status="Complete" time="1222355861" />
          </text_data><text_data language="English">
            <text from_TM="False" status="Complete" time="1222355861" />
          </text_data>
        </ta_sentence><ta_sentence do_translation="no" encoding="utf-8" format="1" id="1263" original_language="English">
          <space_before />
          <space_after />
          <text_data language="German">
            <text from_TM="False" rev_id="13" status="New" time="1222355938" />
            <marker end="0" id="0" start="0" />
          </text_data><text_data language="Spanish">
            <text from_TM="False" rev_id="-1" status="Complete" time="1222355861" />
            <marker end="0" id="0" start="0" />
          </text_data><text_data language="English">
            <text from_TM="False" status="Complete" time="1222355861" />
            <marker end="0" id="0" start="0" />
          </text_data><marker_def id="0" type="html">
            <html_marker tag="img">
              <attr name="src" val="images/exclaim.gif" />
              <attr name="alt" val="" />
              <attr name="width" val="32" />
              <attr name="height" val="32" />
              <attr name="align" val="left" />
            </html_marker>
          </marker_def>
        </ta_sentence><ta_sentence do_translation="yes" encoding="utf-8" format="1" id="1264" original_language="English">
          <space_before />
          <space_after />
          <text_data language="German">
            <text from_TM="False" rev_id="13" status="New" time="1222355938">To view the index it doesn't need to be burned on a CD. The index can also be viewed from within Photo Backup. Burning the index is recommended to protect this valuable information in case the computer fails.</text>
          </text_data><text_data language="Spanish">
            <text from_TM="False" rev_id="11" status="Complete" time="1222354203">Spanish : e index it doesn't need to be burned on a CD. The index can also be viewed from within Photo Backup. Burning the index is recommended to protect this valuable information in case the computer fails.</text>
          </text_data><text_data language="English">
            <text from_TM="False" rev_id="11" status="Complete" time="1222354203">To view the index it doesn't need to be burned on a CD. The index can also be viewed from within Photo Backup. Burning the index is recommended to protect this valuable information in case the computer fails.</text>
          </text_data>
        </ta_sentence><ta_sentence do_translation="yes" encoding="utf-8" format="1" id="1265" original_language="English">
          <space_before />
          <space_after />
          <text_data language="German">
            <text from_TM="False" rev_id="13" status="New" time="1222355938">Getting started</text>
          </text_data><text_data language="Spanish">
            <text from_TM="False" rev_id="11" status="Complete" time="1222354203">Spanish : arted</text>
          </text_data><text_data language="English">
            <text from_TM="False" rev_id="11" status="Complete" time="1222354203">Getting started</text>
          </text_data>
        </ta_sentence><ta_sentence do_translation="yes" encoding="utf-8" format="1" id="1266" original_language="English">
          <space_before />
          <space_after />
          <text_data language="German">
            <text from_TM="False" rev_id="13" status="New" time="1222355938">So, what do you need to do to get started?</text>
          </text_data><text_data language="Spanish">
            <text from_TM="False" rev_id="11" status="Complete" time="1222354203">Spanish : o you need to do to get started?</text>
          </text_data><text_data language="English">
            <text from_TM="False" rev_id="11" status="Complete" time="1222354203">So, what do you need to do to get started?</text>
          </text_data>
        </ta_sentence><ta_sentence do_translation="yes" encoding="utf-8" format="1" id="1267" original_language="English">
          <space_before />
          <space_after />
          <text_data language="German">
            <text from_TM="False" rev_id="13" status="New" time="1222355938">Download and install the program - you have a 14 days trial with no registration required</text>
            <marker end="8" id="0" start="0" />
          </text_data><text_data language="Spanish">
            <text from_TM="False" rev_id="11" status="Complete" time="1222354203">Spanish : nd install the program - you have a 14 days trial with no registration required</text>
            <marker end="8" id="0" start="0" />
          </text_data><text_data language="English">
            <text from_TM="False" rev_id="11" status="Complete" time="1222354203">Download and install the program - you have a 14 days trial with no registration required</text>
            <marker end="8" id="0" start="0" />
          </text_data><marker_def id="0" type="html">
            <html_marker tag="a">
              <attr name="href" val="download.htm" />
            </html_marker>
          </marker_def>
        </ta_sentence><ta_sentence do_translation="yes" encoding="utf-8" format="1" id="1268" original_language="English">
          <space_before> </space_before>
          <space_after />
          <text_data language="German">
            <text from_TM="False" rev_id="13" status="New" time="1222355938">Setup a session to include all existing backup</text>
          </text_data><text_data language="Spanish">
            <text from_TM="False" rev_id="11" status="Complete" time="1222354203">Spanish : ssion to include all existing backup</text>
          </text_data><text_data language="English">
            <text from_TM="False" rev_id="11" status="Complete" time="1222354203">Setup a session to include all existing backup</text>
          </text_data>
        </ta_sentence><ta_sentence do_translation="yes" encoding="utf-8" format="1" id="1269" original_language="English">
          <space_before> </space_before>
          <space_after />
          <text_data language="German">
            <text from_TM="False" rev_id="13" status="New" time="1222355938">Create an index and (optionally) burn it to CD</text>
          </text_data><text_data language="Spanish">
            <text from_TM="False" rev_id="11" status="Complete" time="1222354203">Spanish : index and (optionally) burn it to CD</text>
          </text_data><text_data language="English">
            <text from_TM="False" rev_id="11" status="Complete" time="1222354203">Create an index and (optionally) burn it to CD</text>
          </text_data>
        </ta_sentence><ta_sentence do_translation="yes" encoding="utf-8" format="1" id="1270" original_language="English">
          <space_before> </space_before>
          <space_after />
          <text_data language="German">
            <text from_TM="False" rev_id="13" status="New" time="1222355938">Continue making automatic incremental backup using Photo Backup</text>
          </text_data><text_data language="Spanish">
            <text from_TM="False" rev_id="11" status="Complete" time="1222354203">Spanish : aking automatic incremental backup using Photo Backup</text>
          </text_data><text_data language="English">
            <text from_TM="False" rev_id="11" status="Complete" time="1222354203">Continue making automatic incremental backup using Photo Backup</text>
          </text_data>
        </ta_sentence><ta_sentence do_translation="yes" encoding="utf-8" format="1" id="1271" original_language="English">
          <space_before />
          <space_after />
          <text_data language="German">
            <text from_TM="False" rev_id="13" status="New" time="1222355938">And, if you have any questions, contact us and we'll be glad to help.</text>
            <marker end="39" id="0" start="32" />
          </text_data><text_data language="Spanish">
            <text from_TM="False" rev_id="11" status="Complete" time="1222354203">Spanish : u have any questions, contact us and we'll be glad to help.</text>
            <marker end="39" id="0" start="32" />
          </text_data><text_data language="English">
            <text from_TM="False" rev_id="11" status="Complete" time="1222354203">And, if you have any questions, contact us and we'll be glad to help.</text>
            <marker end="39" id="0" start="32" />
          </text_data><marker_def id="0" type="html">
            <html_marker tag="a">
              <attr name="href" val="contact.htm" />
            </html_marker>
          </marker_def>
        </ta_sentence><ta_sentence do_translation="yes" encoding="utf-8" format="1" id="1272" original_language="English">
          <space_before />
          <space_after />
          <text_data language="German">
            <text from_TM="False" rev_id="13" status="New" time="1222355938">Products&#160;&#160; - &#160;&#160;Passport Photo&#160;&#160; - &#160;&#160;Photo Backup&#160;&#160; - &#160;&#160;Shrink Pic&#160;&#160; - &#160;&#160;Resources&#160;&#160; - &#160;&#160;Partners&#160;&#160; - &#160;&#160;Blog</text>
            <marker end="8" id="0" start="0" />
            <marker end="29" id="1" start="15" />
            <marker end="48" id="2" start="36" />
            <marker end="65" id="3" start="55" />
            <marker end="81" id="4" start="72" />
            <marker end="96" id="5" start="88" />
            <marker end="107" id="6" start="103" />
          </text_data><text_data language="Spanish">
            <text from_TM="False" rev_id="11" status="Complete" time="1222354203">Spanish :  - &#160;&#160;Passport Photo&#160;&#160; - &#160;&#160;Photo Backup&#160;&#160; - &#160;&#160;Shrink Pic&#160;&#160; - &#160;&#160;Resources&#160;&#160; - &#160;&#160;Partners&#160;&#160; - &#160;&#160;Blog</text>
            <marker end="8" id="0" start="0" />
            <marker end="29" id="1" start="15" />
            <marker end="48" id="2" start="36" />
            <marker end="65" id="3" start="55" />
            <marker end="81" id="4" start="72" />
            <marker end="96" id="5" start="88" />
            <marker end="107" id="6" start="103" />
          </text_data><text_data language="English">
            <text from_TM="False" rev_id="11" status="Complete" time="1222354203">Products&#160;&#160; - &#160;&#160;Passport Photo&#160;&#160; - &#160;&#160;Photo Backup&#160;&#160; - &#160;&#160;Shrink Pic&#160;&#160; - &#160;&#160;Resources&#160;&#160; - &#160;&#160;Partners&#160;&#160; - &#160;&#160;Blog</text>
            <marker end="8" id="0" start="0" />
            <marker end="29" id="1" start="15" />
            <marker end="48" id="2" start="36" />
            <marker end="65" id="3" start="55" />
            <marker end="81" id="4" start="72" />
            <marker end="96" id="5" start="88" />
            <marker end="107" id="6" start="103" />
          </text_data><marker_def id="0" type="html">
            <html_marker tag="a">
              <attr name="href" val="./" />
            </html_marker>
          </marker_def><marker_def id="1" type="html">
            <html_marker tag="a">
              <attr name="href" val="passport_photo.htm" />
            </html_marker>
          </marker_def><marker_def id="2" type="html">
            <html_marker tag="a">
              <attr name="href" val="photo_backup.htm" />
            </html_marker>
          </marker_def><marker_def id="3" type="html">
            <html_marker tag="a">
              <attr name="href" val="shrink_pic.htm" />
            </html_marker>
          </marker_def><marker_def id="4" type="html">
            <html_marker tag="a">
              <attr name="href" val="links_nav.htm" />
            </html_marker>
          </marker_def><marker_def id="5" type="html">
            <html_marker tag="a">
              <attr name="href" val="partners.htm" />
            </html_marker>
          </marker_def><marker_def id="6" type="html">
            <html_marker tag="a">
              <attr name="href" val="blog/" />
            </html_marker>
          </marker_def>
        </ta_sentence><ta_sentence do_translation="yes" encoding="utf-8" format="1" id="1273" original_language="English">
          <space_before />
          <space_after />
          <text_data language="German">
            <text from_TM="False" rev_id="13" status="New" time="1222355938">This website has been translated using ICanLocalize - Affordable Website Translation</text>
            <marker end="-1" id="0" start="0" />
            <marker end="84" id="1" start="39" />
            <marker end="-1" id="0" start="0" />
          </text_data><text_data language="Spanish">
            <text from_TM="False" rev_id="11" status="Complete" time="1222354203">Spanish : te has been translated using ICanLocalize - Affordable Website Translation</text>
            <marker end="-1" id="0" start="0" />
            <marker end="84" id="1" start="39" />
            <marker end="-1" id="0" start="0" />
          </text_data><text_data language="English">
            <text from_TM="False" rev_id="11" status="Complete" time="1222354203">This website has been translated using ICanLocalize - Affordable Website Translation</text>
            <marker end="-1" id="0" start="0" />
            <marker end="84" id="1" start="39" />
            <marker end="-1" id="0" start="0" />
          </text_data><marker_def id="0" type="html">
            <html_marker tag="span">
              <attr name="class" val="copyright" />
            </html_marker>
          </marker_def><marker_def id="1" type="html">
            <html_marker tag="a">
              <attr name="target" val="_blank" />
              <attr name="href" val="http://www.icanlocalize.com" />
            </html_marker>
          </marker_def>
        </ta_sentence><ta_sentence do_translation="yes" encoding="utf-8" format="1" id="1274" original_language="English">
          <space_before />
          <space_after />
          <text_data language="German">
            <text from_TM="False" rev_id="13" status="New" time="1222355938">&#169; OnTheGoSystems,INC. 2003-2008</text>
            <marker end="21" id="0" start="2" />
            <marker end="31" id="-1" start="-1" />
          </text_data><text_data language="Spanish">
            <text from_TM="False" rev_id="11" status="Complete" time="1222354203">Spanish : ystems,INC. 2003-2008</text>
            <marker end="21" id="0" start="2" />
            <marker end="31" id="-1" start="-1" />
          </text_data><text_data language="English">
            <text from_TM="False" rev_id="11" status="Complete" time="1222354203">&#169; OnTheGoSystems,INC. 2003-2008</text>
            <marker end="21" id="0" start="2" />
            <marker end="31" id="-1" start="-1" />
          </text_data><marker_def id="0" type="html">
            <html_marker tag="a">
              <attr name="href" val="http://www.onthegosystems.com/" />
              <attr name="target" val="_blank" />
            </html_marker>
          </marker_def><marker_def id="-1" type="html">
            <html_marker tag="span" />
          </marker_def>
        </ta_sentence>
      </sentences><html_output_change_data_3 />
    </translation>
  </ta_buffer><ta_buffer encoding="utf-8" format="1" manual="False" original_language="English" source_file="/organize_photos.htm" type="html">
    <extractor>
      <marked_file MD5="385274618ea9cabd6b1a9404c83a008e" encoding="zlib-hex">789ccd5a5b6fdb38167eee02fb1f382ada99a2b19da44d3bddd82e9cdb368bde76ea4e314f0625d1361b89d488941defc3fcf63d87a464ca966cb705161b048925911fcffd26f77fbafa7039fee3e33579337ef7967cfc7cf1f6f692049d5eefcbb3cb5eef6a7c651f3cef1e9f90714e85e29a4b41935eeffa7d30fcfbdffa739d26f09f90fe9cd1d87c82cf9aeb840dff7a883fe3d1647c3b7e7bfdf09aaa15d192148a916c2ee193cc6754f0ffb01cd7fdd5efd96d0e23659a92b9d65987fd59f0c520b8944233a13be355c60212d9ab41a0d9bdee2119e7249ad35c313dc033f1f3042e2629cdefe084a0c44db8b823f39c4d0781d2ab84a96ea4544072969437e68ce9806838c6a1e302d86ed8ec393ecd4528e355c5330d1346963cd6f341f0f2c571404299c72c1f04f091267c2606410414b31c88674992d138e662661ee3b5ca68e4ae1d2480fed4e980c832125221584eb290846cc605e9741c09cd3f7d9d0f49fb635c109339e3b33908f00c8589c70bf3399cc19504b21f9e9ebc3c1b5d05568f7d9ece88caa341c0533a63aa17260503d2ba333e45fe00e88318cfd93fe5273905f1f982589f342c351d0f7750df03f27732d740e43e7687a41ff3c58622e0660fee0ef7106401fad4994db7e7cbc4d3b22f1e95d224992c59b8474027be805e9c5612a2071275d0a206ce2d03a875122554a9413006531fcb2c187e34ce7941a3bb22ebf77089232accedb65de799337d584d67e0720c607339654a99f841aef88c6bf8ef9f4560c52ca72999ca9c7ce122964b553bff1b74f5a316f6bdeeb3c35942a9b54cff77fed2103c98886de878e03d1674c16714e3ba1f5c50063e9ba71b6162e1ecc9721534da583d263efff5876262df30892439c34a9928e000c51216691697a2f7bd140c2a2e22add09d7c496ea36cee06db1389a47117324b30bc7257df0114162b8b7151acbe7d3766391a698b70692fbe1d451559267387f2c95e6ca1a011c11fd4d8d0f334675c4dd652b326eb320f4aeff05da26e0627c7c78f6a76b0a1e84d43407cef80f5092ebcc80cc34bc2a6fa4b50fa7ddb2ab0952f177b570909ebfe0f57e5e889b5554e390faa38e0b46717f8cf37f5532a2328cfc8f83d4b4eccedc043a8afc6e0543a3e10e5170b37e60733ea0f68fb85d5b63136d4e89ed8b487145898b5e4b9ce854ce22a3e102ea6b225d3554e644ad649683295f1a41ade7bbad84c9c74075638a905986da832e2ec84910b962f385bb6607c708f7762844cb029d7aa05e386515de44ced66c788060be636181774584c6e649e52bd1b0fe8c632a10dec77f798bce14acb7c75006d566d9384b5408e4259e87a31f2f6fa70dc394bb21e142cec1ef193265d08f460f28e8a82263b81a15690b3de6b05490d98e4f1e0ac01ee3d5b2a4221fe8e849085881844fe0da16248cf0ef00168a778049518b4656a9f0f38760def6dda19e5d19c2f58bdc2db24adb94a9ab39c79f5d11fb2203467046f5707e105ec7395d136671836d62581d5e887b2cf3c903f5ac45cb6b0e7ac63844bc8e5d56e434ee91d9b5476d180768bcfc8f53d183204c0434247144fc22217b0ba05f2f28a5cd805df650e9f159b16898988e8a86082fb8416a7141b6d646022740b55d702b202b278f56e44dec9983513d7903b0ea80bb78bd175ce7afe6b6b4d2ee51d0e072685ea6662e68ceec2dd257ace15c96065c54dcc121e715928bf2c37dd462915908999230839954922978113118e31fed1eb01401711ba85ea6552e9d7459e0cf0d9a367a347a737f0bb5c2ebb50e5cdd94c2a680bba914ce16e3927f11cef314db373332f19e05ce5a9964fc1819f9a054fabb94a4034cd670cd89a840915774df65cf22b455dc31eb1f55ab15e2966c3c72254d9392a70ab60dccce17ec5d85cb1fc407572f6ea657b757272f3f2e6d58f95a27e71a273ca933dd54955029fd4c96af33fe8bd8d466a1dcc1b991a57b1427e3cd3e74edcad65c95615b2b975574cdcaaf837f95c6bb0a926afb1593ec0d9e08965ba3c94c42e395883866803ce1716a97254c07a6ff70fe8eccc92e168751feb56837035abf175a23424599a97cde57b49202642bb4a96731ecd4905482a8e229ab29c9215e4ae395db0a37a51115134157c9ad765e04355eedb35e23023d44f170f1ffa6bca30fed11fa4627c85a0a5789a81c0b03c60101b3650cc36722bc0e119f0caa33b432c5266f01f4439d47ccc29c4a0a4506896aa0a995e3256eaab11db0beb6b7acbf0e0eba0b66087964ff668f9b9d3b26f92cd46e985848b8bab2bec12dab2219ffd8615c41b68ba126cbccae2c843278e55c897cd4663973ee827dc1ef369ad192e74c1355fb4cdc261cbe6ee4bab9805cf7551d94dcd6f1a36fdbb000d272b92c808373b2d160a6d659ab07b8e520f73b9c43bed30a6a620590e6463d5831e9b725168b67574a9ef22f114eef5a20f5a627f6d4d7d891f496acfe7a796ba93276494e754cc2a06718438a54a6fb2063bbcfdd92e67275752fcac21a1a72c0dc1e5d93d8d3448d2d0bac43a9450a704ae5e13880d592e81dc9474eca956d18a51a888a19c00e3a62be36b4b0a75d2663d05a05fb89e0326929b38df3caa9c339a1bfe1067cad1882cc358f8a336f0be01b147e795a3ba41eacf209204bc491d11ea2a74d0e311d13c65607c9555f97e6d8bb24a5a4562f5b4368a6db759cbf0c61c47b001853a402bc34829972802d74613ac0c02a4e8282d0925bf946095129fd49355697340d04e454249bc878c7500463996028ab98a36ed7bdf5910588d48cd81a828657a18a72d60054c002ce2a83c2fc572cf184a4c57df78d60875654f72f8aa3cb281b3a648e139eba16e71897688c878aec27c136326e102d7a17f60322f6dd81c9d4a7ce567ccb9d1ae9a7dfaf44955a3b49609a7ebf2632fd92eab29c8e0625565376b0f828166bc206c6ed66b94c64c67d8bb5eb07c657dd2a6f7445ab9379fb576fe0db0915d26a753701b834cf12de782098e3e8ec103a39a97eb0fa0f016d4c2680ca8c4e4f5cae74a2773f9dda403349d75c00151ca88a3d0ac4d01470704899d4ad8eac1d83dace6fe4b91ea4dc8b3d3f58b10fcbcc0f4cf06c169f5e600bb0b7f0ef0bba3cecace4a333631bc2c6940196a050249bd6008fc4330178e4953eaa09dc16d83837321109e83c3e830c78814e71820b842f454c67cca59dca255258fcaed31d594845439c7882533002190774718689af0a991bf21c35254c67147f18e8aeb10af7af6845c426bca22ed5217da6995d7bf3d498e310ffeac8880ca58429c2b3d2992d9aa342816738d924badb1991118c4091c635839689ca43425c43f9c2962fc283580d81e03d68269017d3f5877b4462eb93240004ffe55403960474384ba4802c6a66d6e7660a587e23966ffd1da146cb1fcf1b7dbf763a4978c0024fe0aa8c0b21b59a2a9300ae9de0a77c99304ebfd1913d014e03a6b9b02bbc38c5b5121d418870d5c44491163f4ae71934b6dfdd66ccb6596554efc4b2dce9bae02858dab9f6c7be7e68b03e27eb6daf1b2b7feceaebcfdad83ff02d161d8910d0e47fd3733b5979a6bb2cc15f6a55329b5a97136be0cd1f816d29bce34bf1a741db2f90bc59b7fb9eeb3815a1c61db198cebb4dd3ddbe36d2195af64db100feddc77d2a5e660a577938c47eef59eb9261f797428027e21464da0c7b700bf31057614b16f904cae05462627137b75e86e33ed0e8617f0af3612ecab28e799b6d9c2cdcf703a3693120a8b0e1534598187281c91f50a2cd844f7abaa7d6de72b5d508b8286653f55b82deb2605b8942603127c1e75ce5e3c7f757cd63909ceed01e31c54c3f25f9e9c5770dbdd23463ef7a6ce78f592858a6b4c1b18cb21906bfc1e5562a2816dc340169b63badad810d9865820b0854ba03a419683e1ed25156fdd1d10ee680ac5416c7ae82feec4b13bc8cc703747ca8f91ce7352e9c13bab1c409a4c6905bc35481c965f5eb08b8e6edf5f76f110727a7cfcac037f7e6df8e686e7b9d51c09dddb7d8daadf73df26fb2f412b8ecd</marked_file>
      <paragraph_indexes count="67">94 136 550 626 826 916 1019 1065 1074 1193 1363 1442 1742 1772 1804 1845 1877 1907 1939 1977 2009 2047 2787 2835 2844 2911 2920 2982 2991 3050 3059 3118 3127 3198 3207 3274 3283 3362 3371 3451 3460 3539 3559 3607 3616 3694 3705 3772 3777 3831 3840 3911 3920 3994 4003 4066 4086 4140 4149 4223 4327 4409 4427 4622 4631 4651 4982 5131 5227 5265 5419 5536 5565 5606 5620 5698 5712 5718 5892 5953 5995 6036 6057 6089 6110 6160 6181 6212 6339 6379 6424 6524 6533 6682 6714 6840 6881 6948 6989 7056 7097 7155 7215 7282 7319 7352 7398 7468 7482 7545 7559 7630 7644 7743 7787 7876 7881 8015 8029 8116 8130 8136 8173 8208 8253 8333 8342 8669 8937 9362 9538 9709 9718 9827 </paragraph_indexes>
      <support_files>
        <file type="todo">images/bluebottom.gif</file>
        <file type="todo">images/bluetop.gif</file>
        <file type="todo">images/bookmark_us.png</file>
        <file type="todo">images/bottomwhite.gif</file>
        <file type="todo">images/bottomwhite2.gif</file>
        <file type="todo">images/exclaim.gif</file>
        <file type="todo">images/here.gif</file>
        <file type="todo">images/menutabA1.gif</file>
        <file type="todo">images/menutabB1.gif</file>
        <file type="todo">images/photobackup/1bckgrnd.gif</file>
        <file type="todo">images/photobackup/2bckgrnd.gif</file>
        <file type="todo">images/photobackup/3bckgrnd.gif</file>
        <file type="todo">images/small_web.gif</file>
        <file type="todo">images/topline1.gif</file>
        <file type="todo">images/topline2.gif</file>
        <file type="todo">images/topline2WB.gif</file>
        <file type="todo">images/toplineL.gif</file>
        <file type="todo">images/toplineLW.gif</file>
        <file type="todo">images/toplineR.gif</file>
        <file type="todo">images/topwhite2.gif</file>
        <file type="todo">styles.css</file>
      </support_files>
    </extractor><translation>
      <languages>
        <language reviewed="False">Spanish</language>
        <language reviewed="False">German</language>
      </languages><sentences count="67">
        <ta_sentence do_translation="yes" encoding="utf-8" format="1" id="1718" original_language="English" type="title">
          <space_before />
          <space_after />
          <text_data language="German">
            <text from_TM="False" rev_id="13" status="New" time="1222355938">Easy to use photo organizer</text>
          </text_data><text_data language="Spanish">
            <text from_TM="False" rev_id="11" status="Complete" time="1222354203">Spanish : e photo organizer</text>
          </text_data><text_data language="English">
            <text from_TM="False" rev_id="11" status="Complete" time="1222354203">Easy to use photo organizer</text>
          </text_data>
        </ta_sentence><ta_sentence do_translation="yes" encoding="utf-8" format="1" id="1719" original_language="English">
          <space_before />
          <space_after />
          <text_data language="German">
            <text from_TM="False" rev_id="13" status="New" time="1222355938">OnTheGoSoft</text>
            <marker end="11" id="0" start="0" />
          </text_data><text_data language="Spanish">
            <text from_TM="False" rev_id="11" status="Complete" time="1222354203">Spanish : t</text>
            <marker end="11" id="0" start="0" />
          </text_data><text_data language="English">
            <text from_TM="False" rev_id="11" status="Complete" time="1222354203">OnTheGoSoft</text>
            <marker end="11" id="0" start="0" />
          </text_data><marker_def id="0" type="html">
            <html_marker tag="img">
              <attr name="src" val="images/bluetop.gif" />
              <attr name="alt" val="OnTheGoSoft" />
              <attr name="width" val="760" />
              <attr name="height" val="5" />
            </html_marker>
          </marker_def>
        </ta_sentence><ta_sentence do_translation="yes" encoding="utf-8" format="1" id="1720" original_language="English">
          <space_before />
          <space_after />
          <text_data language="German">
            <text from_TM="False" rev_id="13" status="New" time="1222355938">OnTheGoSoft</text>
            <marker end="11" id="0" start="0" />
          </text_data><text_data language="Spanish">
            <text from_TM="False" rev_id="11" status="Complete" time="1222354203">Spanish : t</text>
            <marker end="11" id="0" start="0" />
          </text_data><text_data language="English">
            <text from_TM="False" rev_id="11" status="Complete" time="1222354203">OnTheGoSoft</text>
            <marker end="11" id="0" start="0" />
          </text_data><marker_def id="0" type="html">
            <html_marker tag="img">
              <attr name="border" val="0" />
              <attr name="src" val="images/small_web.gif" />
              <attr name="alt" val="OnTheGoSoft" />
              <attr name="width" val="160" />
              <attr name="height" val="62" />
            </html_marker>
          </marker_def>
        </ta_sentence><ta_sentence do_translation="yes" encoding="utf-8" format="1" id="1721" original_language="English">
          <space_before />
          <space_after />
          <text_data language="German">
            <text from_TM="False" rev_id="13" status="New" time="1222355938">Photo Backup</text>
            <marker end="12" id="0" start="0" />
          </text_data><text_data language="Spanish">
            <text from_TM="False" rev_id="11" status="Complete" time="1222354203">Spanish : up</text>
            <marker end="12" id="0" start="0" />
          </text_data><text_data language="English">
            <text from_TM="False" rev_id="11" status="Complete" time="1222354203">Photo Backup</text>
            <marker end="12" id="0" start="0" />
          </text_data><marker_def id="0" type="html">
            <html_marker tag="span">
              <attr name="class" val="TextTop" />
            </html_marker>
          </marker_def>
        </ta_sentence><ta_sentence do_translation="yes" encoding="utf-8" format="1" id="1722" original_language="English">
          <space_before> </space_before>
          <space_after />
          <text_data language="German">
            <text from_TM="False" rev_id="13" status="New" time="1222355938">Professional Digital Photo Backup Program for Windows</text>
            <marker end="53" id="0" start="0" />
          </text_data><text_data language="Spanish">
            <text from_TM="False" rev_id="11" status="Complete" time="1222354203">Spanish : al Digital Photo Backup Program for Windows</text>
            <marker end="53" id="0" start="0" />
          </text_data><text_data language="English">
            <text from_TM="False" rev_id="11" status="Complete" time="1222354203">Professional Digital Photo Backup Program for Windows</text>
            <marker end="53" id="0" start="0" />
          </text_data><marker_def id="0" type="html">
            <html_marker tag="span">
              <attr name="class" val="tagline" />
            </html_marker>
          </marker_def>
        </ta_sentence><ta_sentence do_translation="yes" encoding="utf-8" format="1" id="1723" original_language="English">
          <space_before />
          <space_after />
          <text_data language="German">
            <text from_TM="False" rev_id="13" status="New" time="1222355938">OnTheGoSoft</text>
            <marker end="11" id="0" start="0" />
          </text_data><text_data language="Spanish">
            <text from_TM="False" rev_id="11" status="Complete" time="1222354203">Spanish : t</text>
            <marker end="11" id="0" start="0" />
          </text_data><text_data language="English">
            <text from_TM="False" rev_id="11" status="Complete" time="1222354203">OnTheGoSoft</text>
            <marker end="11" id="0" start="0" />
          </text_data><marker_def id="0" type="html">
            <html_marker tag="img">
              <attr name="src" val="images/bluebottom.gif" />
              <attr name="alt" val="OnTheGoSoft" />
              <attr name="width" val="760" />
              <attr name="height" val="5" />
            </html_marker>
          </marker_def>
        </ta_sentence><ta_sentence do_translation="yes" encoding="utf-8" format="1" id="1724" original_language="English">
          <space_before />
          <space_after />
          <text_data language="German">
            <text from_TM="False" rev_id="13" status="New" time="1222355938">Products</text>
            <marker end="8" id="0" start="0" />
          </text_data><text_data language="Spanish">
            <text from_TM="False" rev_id="11" status="Complete" time="1222354203">Spanish : </text>
            <marker end="8" id="0" start="0" />
          </text_data><text_data language="English">
            <text from_TM="False" rev_id="11" status="Complete" time="1222354203">Products</text>
            <marker end="8" id="0" start="0" />
          </text_data><marker_def id="0" type="html">
            <html_marker tag="a">
              <attr name="href" val="./" />
            </html_marker>
          </marker_def>
        </ta_sentence><ta_sentence do_translation="yes" encoding="utf-8" format="1" id="1725" original_language="English">
          <space_before />
          <space_after />
          <text_data language="German">
            <text from_TM="False" rev_id="13" status="New" time="1222355938">Downloads</text>
            <marker end="9" id="0" start="0" />
          </text_data><text_data language="Spanish">
            <text from_TM="False" rev_id="11" status="Complete" time="1222354203">Spanish : </text>
            <marker end="9" id="0" start="0" />
          </text_data><text_data language="English">
            <text from_TM="False" rev_id="11" status="Complete" time="1222354203">Downloads</text>
            <marker end="9" id="0" start="0" />
          </text_data><marker_def id="0" type="html">
            <html_marker tag="a">
              <attr name="href" val="download.htm" />
            </html_marker>
          </marker_def>
        </ta_sentence><ta_sentence do_translation="yes" encoding="utf-8" format="1" id="1726" original_language="English">
          <space_before />
          <space_after />
          <text_data language="German">
            <text from_TM="False" rev_id="13" status="New" time="1222355938">Buy</text>
            <marker end="3" id="0" start="0" />
          </text_data><text_data language="Spanish">
            <text from_TM="False" rev_id="11" status="Complete" time="1222354203">Spanish : </text>
            <marker end="3" id="0" start="0" />
          </text_data><text_data language="English">
            <text from_TM="False" rev_id="11" status="Complete" time="1222354203">Buy</text>
            <marker end="3" id="0" start="0" />
          </text_data><marker_def id="0" type="html">
            <html_marker tag="a">
              <attr name="href" val="buy.htm" />
            </html_marker>
          </marker_def>
        </ta_sentence><ta_sentence do_translation="yes" encoding="utf-8" format="1" id="1727" original_language="English">
          <space_before />
          <space_after />
          <text_data language="German">
            <text from_TM="False" rev_id="13" status="New" time="1222355938">Contact</text>
            <marker end="7" id="0" start="0" />
          </text_data><text_data language="Spanish">
            <text from_TM="False" rev_id="11" status="Complete" time="1222354203">Spanish : </text>
            <marker end="7" id="0" start="0" />
          </text_data><text_data language="English">
            <text from_TM="False" rev_id="11" status="Complete" time="1222354203">Contact</text>
            <marker end="7" id="0" start="0" />
          </text_data><marker_def id="0" type="html">
            <html_marker tag="a">
              <attr name="href" val="contact.htm" />
            </html_marker>
          </marker_def>
        </ta_sentence><ta_sentence do_translation="yes" encoding="utf-8" format="1" id="1728" original_language="English">
          <space_before />
          <space_after />
          <text_data language="German">
            <text from_TM="False" rev_id="13" status="New" time="1222355938">Support</text>
            <marker end="7" id="0" start="0" />
          </text_data><text_data language="Spanish">
            <text from_TM="False" rev_id="11" status="Complete" time="1222354203">Spanish : </text>
            <marker end="7" id="0" start="0" />
          </text_data><text_data language="English">
            <text from_TM="False" rev_id="11" status="Complete" time="1222354203">Support</text>
            <marker end="7" id="0" start="0" />
          </text_data><marker_def id="0" type="html">
            <html_marker tag="a">
              <attr name="href" val="support.htm" />
            </html_marker>
          </marker_def>
        </ta_sentence><ta_sentence do_translation="yes" encoding="utf-8" format="1" id="1729" original_language="English">
          <space_before />
          <space_after />
          <text_data language="German">
            <text from_TM="False" rev_id="13" status="New" time="1222355938">Product info</text>
            <marker end="12" id="0" start="0" />
          </text_data><text_data language="Spanish">
            <text from_TM="False" rev_id="11" status="Complete" time="1222354203">Spanish : fo</text>
            <marker end="12" id="0" start="0" />
          </text_data><text_data language="English">
            <text from_TM="False" rev_id="11" status="Complete" time="1222354203">Product info</text>
            <marker end="12" id="0" start="0" />
          </text_data><marker_def id="0" type="html">
            <html_marker tag="span">
              <attr name="class" val="Text-Bold" />
            </html_marker>
          </marker_def>
        </ta_sentence><ta_sentence do_translation="yes" encoding="utf-8" format="1" id="1730" original_language="English">
          <space_before> </space_before>
          <space_after />
          <text_data language="German">
            <text from_TM="False" rev_id="13" status="New" time="1222355938">Photo Backup</text>
            <marker end="12" id="0" start="0" />
          </text_data><text_data language="Spanish">
            <text from_TM="False" rev_id="11" status="Complete" time="1222354203">Spanish : up</text>
            <marker end="12" id="0" start="0" />
          </text_data><text_data language="English">
            <text from_TM="False" rev_id="11" status="Complete" time="1222354203">Photo Backup</text>
            <marker end="12" id="0" start="0" />
          </text_data><marker_def id="0" type="html">
            <html_marker tag="a">
              <attr name="href" val="photo_backup.htm" />
              <attr name="class" val="Text-Nav" />
            </html_marker>
          </marker_def>
        </ta_sentence><ta_sentence do_translation="yes" encoding="utf-8" format="1" id="1731" original_language="English">
          <space_before> </space_before>
          <space_after />
          <text_data language="German">
            <text from_TM="False" rev_id="13" status="New" time="1222355938">Download</text>
            <marker end="8" id="0" start="0" />
          </text_data><text_data language="Spanish">
            <text from_TM="False" rev_id="11" status="Complete" time="1222354203">Spanish : </text>
            <marker end="8" id="0" start="0" />
          </text_data><text_data language="English">
            <text from_TM="False" rev_id="11" status="Complete" time="1222354203">Download</text>
            <marker end="8" id="0" start="0" />
          </text_data><marker_def id="0" type="html">
            <html_marker tag="a">
              <attr name="href" val="pb_download.htm" />
              <attr name="class" val="Text-Nav" />
            </html_marker>
          </marker_def>
        </ta_sentence><ta_sentence do_translation="yes" encoding="utf-8" format="1" id="1732" original_language="English">
          <space_before> </space_before>
          <space_after />
          <text_data language="German">
            <text from_TM="False" rev_id="13" status="New" time="1222355938">Overview</text>
            <marker end="8" id="0" start="0" />
          </text_data><text_data language="Spanish">
            <text from_TM="False" rev_id="11" status="Complete" time="1222354203">Spanish : </text>
            <marker end="8" id="0" start="0" />
          </text_data><text_data language="English">
            <text from_TM="False" rev_id="11" status="Complete" time="1222354203">Overview</text>
            <marker end="8" id="0" start="0" />
          </text_data><marker_def id="0" type="html">
            <html_marker tag="a">
              <attr name="href" val="overview.htm" />
              <attr name="class" val="Text-Nav" />
            </html_marker>
          </marker_def>
        </ta_sentence><ta_sentence do_translation="yes" encoding="utf-8" format="1" id="1733" original_language="English">
          <space_before> </space_before>
          <space_after />
          <text_data language="German">
            <text from_TM="False" rev_id="13" status="New" time="1222355938">Features</text>
            <marker end="8" id="0" start="0" />
          </text_data><text_data language="Spanish">
            <text from_TM="False" rev_id="11" status="Complete" time="1222354203">Spanish : </text>
            <marker end="8" id="0" start="0" />
          </text_data><text_data language="English">
            <text from_TM="False" rev_id="11" status="Complete" time="1222354203">Features</text>
            <marker end="8" id="0" start="0" />
          </text_data><marker_def id="0" type="html">
            <html_marker tag="a">
              <attr name="href" val="benefits.htm" />
              <attr name="class" val="Text-Nav" />
            </html_marker>
          </marker_def>
        </ta_sentence><ta_sentence do_translation="yes" encoding="utf-8" format="1" id="1734" original_language="English">
          <space_before> </space_before>
          <space_after />
          <text_data language="German">
            <text from_TM="False" rev_id="13" status="New" time="1222355938">Supported Formats</text>
            <marker end="17" id="0" start="0" />
          </text_data><text_data language="Spanish">
            <text from_TM="False" rev_id="11" status="Complete" time="1222354203">Spanish : Formats</text>
            <marker end="17" id="0" start="0" />
          </text_data><text_data language="English">
            <text from_TM="False" rev_id="11" status="Complete" time="1222354203">Supported Formats</text>
            <marker end="17" id="0" start="0" />
          </text_data><marker_def id="0" type="html">
            <html_marker tag="a">
              <attr name="href" val="photo_types.htm" />
              <attr name="class" val="Text-Nav" />
            </html_marker>
          </marker_def>
        </ta_sentence><ta_sentence do_translation="yes" encoding="utf-8" format="1" id="1735" original_language="English">
          <space_before> </space_before>
          <space_after />
          <text_data language="German">
            <text from_TM="False" rev_id="13" status="New" time="1222355938">Versions History</text>
            <marker end="16" id="0" start="0" />
          </text_data><text_data language="Spanish">
            <text from_TM="False" rev_id="11" status="Complete" time="1222354203">Spanish : istory</text>
            <marker end="16" id="0" start="0" />
          </text_data><text_data language="English">
            <text from_TM="False" rev_id="11" status="Complete" time="1222354203">Versions History</text>
            <marker end="16" id="0" start="0" />
          </text_data><marker_def id="0" type="html">
            <html_marker tag="a">
              <attr name="href" val="versions.htm" />
              <attr name="class" val="Text-Nav" />
            </html_marker>
          </marker_def>
        </ta_sentence><ta_sentence do_translation="yes" encoding="utf-8" format="1" id="1736" original_language="English">
          <space_before> </space_before>
          <space_after />
          <text_data language="German">
            <text from_TM="False" rev_id="13" status="New" time="1222355938">About Photo Backup LE</text>
            <marker end="21" id="0" start="0" />
          </text_data><text_data language="Spanish">
            <text from_TM="False" rev_id="11" status="Complete" time="1222354203">Spanish : o Backup LE</text>
            <marker end="21" id="0" start="0" />
          </text_data><text_data language="English">
            <text from_TM="False" rev_id="11" status="Complete" time="1222354203">About Photo Backup LE</text>
            <marker end="21" id="0" start="0" />
          </text_data><marker_def id="0" type="html">
            <html_marker tag="a">
              <attr name="href" val="photo_backup_le.htm" />
              <attr name="class" val="Text-Nav" />
            </html_marker>
          </marker_def>
        </ta_sentence><ta_sentence do_translation="yes" encoding="utf-8" format="1" id="1737" original_language="English">
          <space_before> </space_before>
          <space_after />
          <text_data language="German">
            <text from_TM="False" rev_id="13" status="New" time="1222355938">Online Manual</text>
            <marker end="13" id="0" start="0" />
          </text_data><text_data language="Spanish">
            <text from_TM="False" rev_id="11" status="Complete" time="1222354203">Spanish : ual</text>
            <marker end="13" id="0" start="0" />
          </text_data><text_data language="English">
            <text from_TM="False" rev_id="11" status="Complete" time="1222354203">Online Manual</text>
            <marker end="13" id="0" start="0" />
          </text_data><marker_def id="0" type="html">
            <html_marker tag="a">
              <attr name="href" val="photo_backup_help/index.html" />
              <attr name="class" val="Text-Nav" />
            </html_marker>
          </marker_def>
        </ta_sentence><ta_sentence do_translation="yes" encoding="utf-8" format="1" id="1738" original_language="English">
          <space_before> </space_before>
          <space_after />
          <text_data language="German">
            <text from_TM="False" rev_id="13" status="New" time="1222355938">News and Announcements</text>
            <marker end="22" id="0" start="0" />
          </text_data><text_data language="Spanish">
            <text from_TM="False" rev_id="11" status="Complete" time="1222354203">Spanish : nnouncements</text>
            <marker end="22" id="0" start="0" />
          </text_data><text_data language="English">
            <text from_TM="False" rev_id="11" status="Complete" time="1222354203">News and Announcements</text>
            <marker end="22" id="0" start="0" />
          </text_data><marker_def id="0" type="html">
            <html_marker tag="a">
              <attr name="href" val="/blog/?sectionid=5" />
              <attr name="class" val="Text-Nav" />
            </html_marker>
          </marker_def>
        </ta_sentence><ta_sentence do_translation="yes" encoding="utf-8" format="1" id="1739" original_language="English">
          <space_before />
          <space_after />
          <text_data language="German">
            <text from_TM="False" rev_id="13" status="New" time="1222355938">Typical uses</text>
            <marker end="12" id="0" start="0" />
          </text_data><text_data language="Spanish">
            <text from_TM="False" rev_id="11" status="Complete" time="1222354203">Spanish : es</text>
            <marker end="12" id="0" start="0" />
          </text_data><text_data language="English">
            <text from_TM="False" rev_id="11" status="Complete" time="1222354203">Typical uses</text>
            <marker end="12" id="0" start="0" />
          </text_data><marker_def id="0" type="html">
            <html_marker tag="span">
              <attr name="class" val="Text-Bold" />
            </html_marker>
          </marker_def>
        </ta_sentence><ta_sentence do_translation="yes" encoding="utf-8" format="1" id="1740" original_language="English">
          <space_before> </space_before>
          <space_after />
          <text_data language="German">
            <text from_TM="False" rev_id="13" status="New" time="1222355938">Archive Digital Photos</text>
            <marker end="22" id="0" start="0" />
          </text_data><text_data language="Spanish">
            <text from_TM="False" rev_id="11" status="Complete" time="1222354203">Spanish : gital Photos</text>
            <marker end="22" id="0" start="0" />
          </text_data><text_data language="English">
            <text from_TM="False" rev_id="11" status="Complete" time="1222354203">Archive Digital Photos</text>
            <marker end="22" id="0" start="0" />
          </text_data><marker_def id="0" type="html">
            <html_marker tag="a">
              <attr name="href" val="backup_photos.htm" />
              <attr name="class" val="Text-Nav" />
            </html_marker>
          </marker_def>
        </ta_sentence><ta_sentence do_translation="yes" encoding="utf-8" format="1" id="1741" original_language="English">
          <space_before />
          <space_after />
          <text_data language="German">
            <text from_TM="False" rev_id="13" status="New" time="1222355938">You are here</text>
            <marker end="12" id="0" start="0" />
          </text_data><text_data language="Spanish">
            <text from_TM="False" rev_id="11" status="Complete" time="1222354203">Spanish : re</text>
            <marker end="12" id="0" start="0" />
          </text_data><text_data language="English">
            <text from_TM="False" rev_id="11" status="Complete" time="1222354203">You are here</text>
            <marker end="12" id="0" start="0" />
          </text_data><marker_def id="0" type="html">
            <html_marker tag="img">
              <attr name="src" val="images/here.gif" />
              <attr name="alt" val="You are here" />
              <attr name="class" val="hereimg" />
            </html_marker>
          </marker_def>
        </ta_sentence><ta_sentence do_translation="yes" encoding="utf-8" format="1" id="1742" original_language="English">
          <space_before />
          <space_after />
          <text_data language="German">
            <text from_TM="False" rev_id="13" status="New" time="1222355938">Photo Organizer</text>
            <marker end="15" id="0" start="0" />
          </text_data><text_data language="Spanish">
            <text from_TM="False" rev_id="11" status="Complete" time="1222354203">Spanish : nizer</text>
            <marker end="15" id="0" start="0" />
          </text_data><text_data language="English">
            <text from_TM="False" rev_id="11" status="Complete" time="1222354203">Photo Organizer</text>
            <marker end="15" id="0" start="0" />
          </text_data><marker_def id="0" type="html">
            <html_marker tag="span">
              <attr name="class" val="leftselected" />
            </html_marker>
          </marker_def>
        </ta_sentence><ta_sentence do_translation="yes" encoding="utf-8" format="1" id="1743" original_language="English">
          <space_before> </space_before>
          <space_after />
          <text_data language="German">
            <text from_TM="False" rev_id="13" status="New" time="1222355938">Backup Audio CDs</text>
            <marker end="16" id="0" start="0" />
          </text_data><text_data language="Spanish">
            <text from_TM="False" rev_id="11" status="Complete" time="1222354203">Spanish : io CDs</text>
            <marker end="16" id="0" start="0" />
          </text_data><text_data language="English">
            <text from_TM="False" rev_id="11" status="Complete" time="1222354203">Backup Audio CDs</text>
            <marker end="16" id="0" start="0" />
          </text_data><marker_def id="0" type="html">
            <html_marker tag="a">
              <attr name="href" val="backup_audio.htm" />
              <attr name="class" val="Text-Nav" />
            </html_marker>
          </marker_def>
        </ta_sentence><ta_sentence do_translation="yes" encoding="utf-8" format="1" id="1744" original_language="English">
          <space_before> </space_before>
          <space_after />
          <text_data language="German">
            <text from_TM="False" rev_id="13" status="New" time="1222355938">Index Existing Backup</text>
            <marker end="21" id="0" start="0" />
          </text_data><text_data language="Spanish">
            <text from_TM="False" rev_id="11" status="Complete" time="1222354203">Spanish : ting Backup</text>
            <marker end="21" id="0" start="0" />
          </text_data><text_data language="English">
            <text from_TM="False" rev_id="11" status="Complete" time="1222354203">Index Existing Backup</text>
            <marker end="21" id="0" start="0" />
          </text_data><marker_def id="0" type="html">
            <html_marker tag="a">
              <attr name="href" val="make_index.htm" />
              <attr name="class" val="Text-Nav" />
            </html_marker>
          </marker_def>
        </ta_sentence><ta_sentence do_translation="yes" encoding="utf-8" format="1" id="1745" original_language="English">
          <space_before> </space_before>
          <space_after />
          <text_data language="German">
            <text from_TM="False" rev_id="13" status="New" time="1222355938">CD Burning</text>
            <marker end="10" id="0" start="0" />
          </text_data><text_data language="Spanish">
            <text from_TM="False" rev_id="11" status="Complete" time="1222354203">Spanish : </text>
            <marker end="10" id="0" start="0" />
          </text_data><text_data language="English">
            <text from_TM="False" rev_id="11" status="Complete" time="1222354203">CD Burning</text>
            <marker end="10" id="0" start="0" />
          </text_data><marker_def id="0" type="html">
            <html_marker tag="a">
              <attr name="href" val="cd_burning.htm" />
              <attr name="class" val="Text-Nav" />
            </html_marker>
          </marker_def>
        </ta_sentence><ta_sentence do_translation="yes" encoding="utf-8" format="1" id="1746" original_language="English">
          <space_before />
          <space_after />
          <text_data language="German">
            <text from_TM="False" rev_id="13" status="New" time="1222355938">Useful information</text>
            <marker end="18" id="0" start="0" />
          </text_data><text_data language="Spanish">
            <text from_TM="False" rev_id="11" status="Complete" time="1222354203">Spanish : ormation</text>
            <marker end="18" id="0" start="0" />
          </text_data><text_data language="English">
            <text from_TM="False" rev_id="11" status="Complete" time="1222354203">Useful information</text>
            <marker end="18" id="0" start="0" />
          </text_data><marker_def id="0" type="html">
            <html_marker tag="span">
              <attr name="class" val="Text-Bold" />
            </html_marker>
          </marker_def>
        </ta_sentence><ta_sentence do_translation="yes" encoding="utf-8" format="1" id="1747" original_language="English">
          <space_before> </space_before>
          <space_after />
          <text_data language="German">
            <text from_TM="False" rev_id="13" status="New" time="1222355938">Enabling DMA Mode</text>
            <marker end="17" id="0" start="0" />
          </text_data><text_data language="Spanish">
            <text from_TM="False" rev_id="11" status="Complete" time="1222354203">Spanish : MA Mode</text>
            <marker end="17" id="0" start="0" />
          </text_data><text_data language="English">
            <text from_TM="False" rev_id="11" status="Complete" time="1222354203">Enabling DMA Mode</text>
            <marker end="17" id="0" start="0" />
          </text_data><marker_def id="0" type="html">
            <html_marker tag="a">
              <attr name="href" val="dma_setting_nt.htm" />
              <attr name="class" val="Text-Nav" />
            </html_marker>
          </marker_def>
        </ta_sentence><ta_sentence do_translation="yes" encoding="utf-8" format="1" id="1748" original_language="English">
          <space_before />
          <space_after />
          <text_data language="German">
            <text from_TM="False" rev_id="13" status="New" time="1222355938">Bookmark this page</text>
            <marker end="18" id="0" start="0" />
          </text_data><text_data language="Spanish">
            <text from_TM="False" rev_id="11" status="Complete" time="1222354203">Spanish : his page</text>
            <marker end="18" id="0" start="0" />
          </text_data><text_data language="English">
            <text from_TM="False" rev_id="11" status="Complete" time="1222354203">Bookmark this page</text>
            <marker end="18" id="0" start="0" />
          </text_data><marker_def id="0" type="html">
            <html_marker tag="img">
              <attr name="src" val="images/bookmark_us.png" />
              <attr name="alt" val="Bookmark this page" />
              <attr name="class" val="delicious" />
            </html_marker>
          </marker_def>
        </ta_sentence><ta_sentence do_translation="yes" encoding="utf-8" format="1" id="1749" original_language="English">
          <space_before />
          <space_after />
          <text_data language="German">
            <text from_TM="False" rev_id="13" status="New" time="1222355938">Bookmark on</text>
            <marker end="-1" id="0" start="0" />
            <marker end="-1" id="0" start="0" />
          </text_data><text_data language="Spanish">
            <text from_TM="False" rev_id="11" status="Complete" time="1222354203">Spanish : n</text>
            <marker end="-1" id="0" start="0" />
            <marker end="-1" id="0" start="0" />
          </text_data><text_data language="English">
            <text from_TM="False" rev_id="11" status="Complete" time="1222354203">Bookmark on</text>
            <marker end="-1" id="0" start="0" />
            <marker end="-1" id="0" start="0" />
          </text_data><marker_def id="0" type="html">
            <html_marker tag="a">
              <attr name="rel" val="nofollow" />
              <attr name="href" val="http://del.icio.us/post?url=http%3A%2F%2Fwww.onthegosoft.com%2Forganize_photos.htm&amp;title=Easy+to+use+photo+organizer" />
              <attr name="target" val="_blank" />
              <attr name="class" val="Text-Nav" />
            </html_marker>
          </marker_def>
        </ta_sentence><ta_sentence do_translation="yes" encoding="utf-8" format="1" id="1750" original_language="English">
          <space_before />
          <space_after />
          <text_data language="German">
            <text from_TM="False" rev_id="13" status="New" time="1222355938">del.icio.us</text>
            <marker end="11" id="-1" start="-1" />
          </text_data><text_data language="Spanish">
            <text from_TM="False" rev_id="11" status="Complete" time="1222354203">Spanish : s</text>
            <marker end="11" id="-1" start="-1" />
          </text_data><text_data language="English">
            <text from_TM="False" rev_id="11" status="Complete" time="1222354203">del.icio.us</text>
            <marker end="11" id="-1" start="-1" />
          </text_data><marker_def id="-1" type="html">
            <html_marker tag="a" />
          </marker_def>
        </ta_sentence><ta_sentence do_translation="yes" encoding="utf-8" format="1" id="1751" original_language="English">
          <space_before />
          <space_after />
          <text_data language="German">
            <text from_TM="False" rev_id="13" status="New" time="1222355938">Home&#160;&gt;&#160;Photo Backup&#160;&gt;&#160;Photo Organizer</text>
            <marker end="37" id="0" start="0" />
            <marker end="4" id="1" start="0" />
            <marker end="19" id="2" start="7" />
          </text_data><text_data language="Spanish">
            <text from_TM="False" rev_id="11" status="Complete" time="1222354203">Spanish : to Backup&#160;&gt;&#160;Photo Organizer</text>
            <marker end="37" id="0" start="0" />
            <marker end="4" id="1" start="0" />
            <marker end="19" id="2" start="7" />
          </text_data><text_data language="English">
            <text from_TM="False" rev_id="11" status="Complete" time="1222354203">Home&#160;&gt;&#160;Photo Backup&#160;&gt;&#160;Photo Organizer</text>
            <marker end="37" id="0" start="0" />
            <marker end="4" id="1" start="0" />
            <marker end="19" id="2" start="7" />
          </text_data><marker_def id="0" type="html">
            <html_marker tag="span">
              <attr name="class" val="Text-TopNav" />
            </html_marker>
          </marker_def><marker_def id="1" type="html">
            <html_marker tag="a">
              <attr name="href" val="./" />
            </html_marker>
          </marker_def><marker_def id="2" type="html">
            <html_marker tag="a">
              <attr name="href" val="photo_backup.htm" />
            </html_marker>
          </marker_def>
        </ta_sentence><ta_sentence do_translation="yes" encoding="utf-8" format="1" id="1752" original_language="English">
          <space_before />
          <space_after />
          <text_data language="German">
            <text from_TM="False" rev_id="13" status="New" time="1222355938">Organize digital photos in albums</text>
          </text_data><text_data language="Spanish">
            <text from_TM="False" rev_id="11" status="Complete" time="1222354203">Spanish : igital photos in albums</text>
          </text_data><text_data language="English">
            <text from_TM="False" rev_id="11" status="Complete" time="1222354203">Organize digital photos in albums</text>
          </text_data>
        </ta_sentence><ta_sentence do_translation="yes" encoding="utf-8" format="1" id="1753" original_language="English">
          <space_before />
          <space_after />
          <text_data language="German">
            <text from_TM="False" rev_id="13" status="New" time="1222355938">No matter which digital camera you have, Photo Backup can be your digital photo organizer.</text>
          </text_data><text_data language="Spanish">
            <text from_TM="False" rev_id="11" status="Complete" time="1222354203">Spanish : which digital camera you have, Photo Backup can be your digital photo organizer.</text>
          </text_data><text_data language="English">
            <text from_TM="False" rev_id="11" status="Complete" time="1222354203">No matter which digital camera you have, Photo Backup can be your digital photo organizer.</text>
          </text_data>
        </ta_sentence><ta_sentence do_translation="yes" encoding="utf-8" format="1" id="1754" original_language="English">
          <space_before />
          <space_after />
          <text_data language="German">
            <text from_TM="False" rev_id="13" status="New" time="1222355938">Photo organizing is simple and easy.</text>
          </text_data><text_data language="Spanish">
            <text from_TM="False" rev_id="11" status="Complete" time="1222354203">Spanish : nizing is simple and easy.</text>
          </text_data><text_data language="English">
            <text from_TM="False" rev_id="11" status="Complete" time="1222354203">Photo organizing is simple and easy.</text>
          </text_data>
        </ta_sentence><ta_sentence do_translation="yes" encoding="utf-8" format="1" id="1755" original_language="English">
          <space_before> </space_before>
          <space_after />
          <text_data language="German">
            <text from_TM="False" rev_id="13" status="New" time="1222355938">In one click you can create albums and move photos between albums. </text>
          </text_data><text_data language="Spanish">
            <text from_TM="False" rev_id="11" status="Complete" time="1222354203">Spanish : ck you can create albums and move photos between albums. </text>
          </text_data><text_data language="English">
            <text from_TM="False" rev_id="11" status="Complete" time="1222354203">In one click you can create albums and move photos between albums. </text>
          </text_data>
        </ta_sentence><ta_sentence do_translation="no" encoding="utf-8" format="1" id="1756" original_language="English">
          <space_before />
          <space_after />
          <text_data language="German">
            <text from_TM="False" rev_id="13" status="New" time="1222355938" />
          </text_data><text_data language="Spanish">
            <text from_TM="False" rev_id="-1" status="Complete" time="1222355861" />
          </text_data><text_data language="English">
            <text from_TM="False" status="Complete" time="1222355861" />
          </text_data>
        </ta_sentence><ta_sentence do_translation="yes" encoding="utf-8" format="1" id="1757" original_language="English">
          <space_before />
          <space_after> </space_after>
          <text_data language="German">
            <text from_TM="False" rev_id="13" status="New" time="1222355938">Highlights</text>
            <marker end="10" id="0" start="0" />
          </text_data><text_data language="Spanish">
            <text from_TM="False" rev_id="11" status="Complete" time="1222354203">Spanish : </text>
            <marker end="10" id="0" start="0" />
          </text_data><text_data language="English">
            <text from_TM="False" rev_id="11" status="Complete" time="1222354203">Highlights</text>
            <marker end="10" id="0" start="0" />
          </text_data><marker_def id="0" type="html">
            <html_marker tag="span">
              <attr name="class" val="Text-BigRed" />
            </html_marker>
          </marker_def>
        </ta_sentence><ta_sentence do_translation="yes" encoding="utf-8" format="1" id="1758" original_language="English">
          <space_before />
          <space_after />
          <text_data language="German">
            <text from_TM="False" rev_id="13" status="New" time="1222355938">Simple and intuitive photo organizer</text>
          </text_data><text_data language="Spanish">
            <text from_TM="False" rev_id="11" status="Complete" time="1222354203">Spanish :  intuitive photo organizer</text>
          </text_data><text_data language="English">
            <text from_TM="False" rev_id="11" status="Complete" time="1222354203">Simple and intuitive photo organizer</text>
          </text_data>
        </ta_sentence><ta_sentence do_translation="yes" encoding="utf-8" format="1" id="1759" original_language="English">
          <space_before />
          <space_after />
          <text_data language="German">
            <text from_TM="False" rev_id="13" status="New" time="1222355938">Create virtual photo albums</text>
          </text_data><text_data language="Spanish">
            <text from_TM="False" rev_id="11" status="Complete" time="1222354203">Spanish : tual photo albums</text>
          </text_data><text_data language="English">
            <text from_TM="False" rev_id="11" status="Complete" time="1222354203">Create virtual photo albums</text>
          </text_data>
        </ta_sentence><ta_sentence do_translation="yes" encoding="utf-8" format="1" id="1760" original_language="English">
          <space_before />
          <space_after />
          <text_data language="German">
            <text from_TM="False" rev_id="13" status="New" time="1222355938">Quickly locate photos using flexible browsing</text>
          </text_data><text_data language="Spanish">
            <text from_TM="False" rev_id="11" status="Complete" time="1222354203">Spanish : cate photos using flexible browsing</text>
          </text_data><text_data language="English">
            <text from_TM="False" rev_id="11" status="Complete" time="1222354203">Quickly locate photos using flexible browsing</text>
          </text_data>
        </ta_sentence><ta_sentence do_translation="yes" encoding="utf-8" format="1" id="1761" original_language="English">
          <space_before> </space_before>
          <space_after />
          <text_data language="German">
            <text from_TM="False" rev_id="13" status="New" time="1222355938">Burn print CDs in minutes</text>
          </text_data><text_data language="Spanish">
            <text from_TM="False" rev_id="11" status="Complete" time="1222354203">Spanish :  CDs in minutes</text>
          </text_data><text_data language="English">
            <text from_TM="False" rev_id="11" status="Complete" time="1222354203">Burn print CDs in minutes</text>
          </text_data>
        </ta_sentence><ta_sentence do_translation="yes" encoding="utf-8" format="1" id="1762" original_language="English">
          <space_before />
          <space_after />
          <text_data language="German">
            <text from_TM="False" rev_id="13" status="New" time="1222355938">1) Arrange photos for fast browsing</text>
          </text_data><text_data language="Spanish">
            <text from_TM="False" rev_id="11" status="Complete" time="1222354203">Spanish :  photos for fast browsing</text>
          </text_data><text_data language="English">
            <text from_TM="False" rev_id="11" status="Complete" time="1222354203">1) Arrange photos for fast browsing</text>
          </text_data>
        </ta_sentence><ta_sentence do_translation="yes" encoding="utf-8" format="1" id="1763" original_language="English">
          <space_before> </space_before>
          <space_after />
          <text_data language="German">
            <text from_TM="False" rev_id="13" status="New" time="1222355938">Don't remember exactly where a photo is? No problem - browse and search the way you want.</text>
          </text_data><text_data language="Spanish">
            <text from_TM="False" rev_id="11" status="Complete" time="1222354203">Spanish : mber exactly where a photo is? No problem - browse and search the way you want.</text>
          </text_data><text_data language="English">
            <text from_TM="False" rev_id="11" status="Complete" time="1222354203">Don't remember exactly where a photo is? No problem - browse and search the way you want.</text>
          </text_data>
        </ta_sentence><ta_sentence do_translation="yes" encoding="utf-8" format="1" id="1764" original_language="English">
          <space_before> </space_before>
          <space_after />
          <text_data language="German">
            <text from_TM="False" rev_id="13" status="New" time="1222355938">With a single click, you can change the file arrangement in the browser between Windows' folders, archive CDs, time or virtual albums.</text>
          </text_data><text_data language="Spanish">
            <text from_TM="False" rev_id="11" status="Complete" time="1222354203">Spanish : gle click, you can change the file arrangement in the browser between Windows' folders, archive CDs, time or virtual albums.</text>
          </text_data><text_data language="English">
            <text from_TM="False" rev_id="11" status="Complete" time="1222354203">With a single click, you can change the file arrangement in the browser between Windows' folders, archive CDs, time or virtual albums.</text>
          </text_data>
        </ta_sentence><ta_sentence do_translation="yes" encoding="utf-8" format="1" id="1765" original_language="English">
          <space_before> </space_before>
          <space_after />
          <text_data language="German">
            <text from_TM="False" rev_id="13" status="New" time="1222355938">Folder view lets you browse according to Windows folders (standard browsing)</text>
            <marker end="76" id="0" start="0" />
          </text_data><text_data language="Spanish">
            <text from_TM="False" rev_id="11" status="Complete" time="1222354203">Spanish : w lets you browse according to Windows folders (standard browsing)</text>
            <marker end="76" id="0" start="0" />
          </text_data><text_data language="English">
            <text from_TM="False" rev_id="11" status="Complete" time="1222354203">Folder view lets you browse according to Windows folders (standard browsing)</text>
            <marker end="76" id="0" start="0" />
          </text_data><marker_def id="0" type="html">
            <html_marker tag="span">
              <attr name="class" val="Text-standard" />
            </html_marker>
          </marker_def>
        </ta_sentence><ta_sentence do_translation="yes" encoding="utf-8" format="1" id="1766" original_language="English">
          <space_before> </space_before>
          <space_after />
          <text_data language="German">
            <text from_TM="False" rev_id="13" status="New" time="1222355938">CD view lets you browse according to the archive discs</text>
          </text_data><text_data language="Spanish">
            <text from_TM="False" rev_id="11" status="Complete" time="1222354203">Spanish : ts you browse according to the archive discs</text>
          </text_data><text_data language="English">
            <text from_TM="False" rev_id="11" status="Complete" time="1222354203">CD view lets you browse according to the archive discs</text>
          </text_data>
        </ta_sentence><ta_sentence do_translation="yes" encoding="utf-8" format="1" id="1767" original_language="English">
          <space_before> </space_before>
          <space_after />
          <text_data language="German">
            <text from_TM="False" rev_id="13" status="New" time="1222355938">In time view files are arranged by year, month and day</text>
          </text_data><text_data language="Spanish">
            <text from_TM="False" rev_id="11" status="Complete" time="1222354203">Spanish : ew files are arranged by year, month and day</text>
          </text_data><text_data language="English">
            <text from_TM="False" rev_id="11" status="Complete" time="1222354203">In time view files are arranged by year, month and day</text>
          </text_data>
        </ta_sentence><ta_sentence do_translation="yes" encoding="utf-8" format="1" id="1768" original_language="English">
          <space_before> </space_before>
          <space_after />
          <text_data language="German">
            <text from_TM="False" rev_id="13" status="New" time="1222355938">Album view arranges files according to albums</text>
          </text_data><text_data language="Spanish">
            <text from_TM="False" rev_id="11" status="Complete" time="1222354203">Spanish :  arranges files according to albums</text>
          </text_data><text_data language="English">
            <text from_TM="False" rev_id="11" status="Complete" time="1222354203">Album view arranges files according to albums</text>
          </text_data>
        </ta_sentence><ta_sentence do_translation="yes" encoding="utf-8" format="1" id="1769" original_language="English">
          <space_before />
          <space_after />
          <text_data language="German">
            <text from_TM="False" rev_id="13" status="New" time="1222355938">Changing views is done instantly in a single mouse click.</text>
          </text_data><text_data language="Spanish">
            <text from_TM="False" rev_id="11" status="Complete" time="1222354203">Spanish : iews is done instantly in a single mouse click.</text>
          </text_data><text_data language="English">
            <text from_TM="False" rev_id="11" status="Complete" time="1222354203">Changing views is done instantly in a single mouse click.</text>
          </text_data>
        </ta_sentence><ta_sentence do_translation="yes" encoding="utf-8" format="1" id="1770" original_language="English">
          <space_before />
          <space_after />
          <text_data language="German">
            <text from_TM="False" rev_id="13" status="New" time="1222355938">2) Organize photos in albums</text>
          </text_data><text_data language="Spanish">
            <text from_TM="False" rev_id="11" status="Complete" time="1222354203">Spanish : e photos in albums</text>
          </text_data><text_data language="English">
            <text from_TM="False" rev_id="11" status="Complete" time="1222354203">2) Organize photos in albums</text>
          </text_data>
        </ta_sentence><ta_sentence do_translation="yes" encoding="utf-8" format="1" id="1771" original_language="English">
          <space_before />
          <space_after />
          <text_data language="German">
            <text from_TM="False" rev_id="13" status="New" time="1222355938">Create as many albums as you need to organize you digital photos.</text>
          </text_data><text_data language="Spanish">
            <text from_TM="False" rev_id="11" status="Complete" time="1222354203">Spanish : many albums as you need to organize you digital photos.</text>
          </text_data><text_data language="English">
            <text from_TM="False" rev_id="11" status="Complete" time="1222354203">Create as many albums as you need to organize you digital photos.</text>
          </text_data>
        </ta_sentence><ta_sentence do_translation="yes" encoding="utf-8" format="1" id="1772" original_language="English">
          <space_before> </space_before>
          <space_after />
          <text_data language="German">
            <text from_TM="False" rev_id="13" status="New" time="1222355938">Every file can belong to as many albums as you want.</text>
          </text_data><text_data language="Spanish">
            <text from_TM="False" rev_id="11" status="Complete" time="1222354203">Spanish :  can belong to as many albums as you want.</text>
          </text_data><text_data language="English">
            <text from_TM="False" rev_id="11" status="Complete" time="1222354203">Every file can belong to as many albums as you want.</text>
          </text_data>
        </ta_sentence><ta_sentence do_translation="yes" encoding="utf-8" format="1" id="1773" original_language="English">
          <space_before> </space_before>
          <space_after />
          <text_data language="German">
            <text from_TM="False" rev_id="13" status="New" time="1222355938">Albums offer a convenient way for organizing digital photos.</text>
          </text_data><text_data language="Spanish">
            <text from_TM="False" rev_id="11" status="Complete" time="1222354203">Spanish : er a convenient way for organizing digital photos.</text>
          </text_data><text_data language="English">
            <text from_TM="False" rev_id="11" status="Complete" time="1222354203">Albums offer a convenient way for organizing digital photos.</text>
          </text_data>
        </ta_sentence><ta_sentence do_translation="yes" encoding="utf-8" format="1" id="1774" original_language="English">
          <space_before> </space_before>
          <space_after />
          <text_data language="German">
            <text from_TM="False" rev_id="13" status="New" time="1222355938">Instead of creating folders and moving files, you can associate files to virtual albums.</text>
          </text_data><text_data language="Spanish">
            <text from_TM="False" rev_id="11" status="Complete" time="1222354203">Spanish :  creating folders and moving files, you can associate files to virtual albums.</text>
          </text_data><text_data language="English">
            <text from_TM="False" rev_id="11" status="Complete" time="1222354203">Instead of creating folders and moving files, you can associate files to virtual albums.</text>
          </text_data>
        </ta_sentence><ta_sentence do_translation="no" encoding="utf-8" format="1" id="1775" original_language="English">
          <space_before />
          <space_after />
          <text_data language="German">
            <text from_TM="False" rev_id="13" status="New" time="1222355938" />
            <marker end="0" id="0" start="0" />
          </text_data><text_data language="Spanish">
            <text from_TM="False" rev_id="-1" status="Complete" time="1222355861" />
            <marker end="0" id="0" start="0" />
          </text_data><text_data language="English">
            <text from_TM="False" status="Complete" time="1222355861" />
            <marker end="0" id="0" start="0" />
          </text_data><marker_def id="0" type="html">
            <html_marker tag="img">
              <attr name="src" val="images/exclaim.gif" />
              <attr name="alt" val="" />
              <attr name="width" val="32" />
              <attr name="height" val="32" />
              <attr name="vspace" val="2" />
              <attr name="align" val="left" />
            </html_marker>
          </marker_def>
        </ta_sentence><ta_sentence do_translation="yes" encoding="utf-8" format="1" id="1776" original_language="English">
          <space_before />
          <space_after />
          <text_data language="German">
            <text from_TM="False" rev_id="13" status="New" time="1222355938">Virtual albums don't create any system folders, and when files move in and out of albums the hard drive isn't modified.</text>
          </text_data><text_data language="Spanish">
            <text from_TM="False" rev_id="11" status="Complete" time="1222354203">Spanish : bums don't create any system folders, and when files move in and out of albums the hard drive isn't modified.</text>
          </text_data><text_data language="English">
            <text from_TM="False" rev_id="11" status="Complete" time="1222354203">Virtual albums don't create any system folders, and when files move in and out of albums the hard drive isn't modified.</text>
          </text_data>
        </ta_sentence><ta_sentence do_translation="yes" encoding="utf-8" format="1" id="1777" original_language="English">
          <space_before> </space_before>
          <space_after />
          <text_data language="German">
            <text from_TM="False" rev_id="13" status="New" time="1222355938">Also, albums data base doesn't break even if you move files between folders. </text>
          </text_data><text_data language="Spanish">
            <text from_TM="False" rev_id="11" status="Complete" time="1222354203">Spanish : ms data base doesn't break even if you move files between folders. </text>
          </text_data><text_data language="English">
            <text from_TM="False" rev_id="11" status="Complete" time="1222354203">Also, albums data base doesn't break even if you move files between folders. </text>
          </text_data>
        </ta_sentence><ta_sentence do_translation="no" encoding="utf-8" format="1" id="1778" original_language="English">
          <space_before />
          <space_after />
          <text_data language="German">
            <text from_TM="False" rev_id="13" status="New" time="1222355938" />
          </text_data><text_data language="Spanish">
            <text from_TM="False" rev_id="-1" status="Complete" time="1222355861" />
          </text_data><text_data language="English">
            <text from_TM="False" status="Complete" time="1222355861" />
          </text_data>
        </ta_sentence><ta_sentence do_translation="yes" encoding="utf-8" format="1" id="1779" original_language="English">
          <space_before />
          <space_after />
          <text_data language="German">
            <text from_TM="False" rev_id="13" status="New" time="1222355938">3) Collect photo to a print CD</text>
          </text_data><text_data language="Spanish">
            <text from_TM="False" rev_id="11" status="Complete" time="1222354203">Spanish :  photo to a print CD</text>
          </text_data><text_data language="English">
            <text from_TM="False" rev_id="11" status="Complete" time="1222354203">3) Collect photo to a print CD</text>
          </text_data>
        </ta_sentence><ta_sentence do_translation="yes" encoding="utf-8" format="1" id="1780" original_language="English">
          <space_before />
          <space_after />
          <text_data language="German">
            <text from_TM="False" rev_id="13" status="New" time="1222355938">There's no more need to copy files, edit them and manually burn to CD.</text>
          </text_data><text_data language="Spanish">
            <text from_TM="False" rev_id="11" status="Complete" time="1222354203">Spanish :  more need to copy files, edit them and manually burn to CD.</text>
          </text_data><text_data language="English">
            <text from_TM="False" rev_id="11" status="Complete" time="1222354203">There's no more need to copy files, edit them and manually burn to CD.</text>
          </text_data>
        </ta_sentence><ta_sentence do_translation="yes" encoding="utf-8" format="1" id="1781" original_language="English">
          <space_before> </space_before>
          <space_after />
          <text_data language="German">
            <text from_TM="False" rev_id="13" status="New" time="1222355938">You can use albums to collect photos and automatically burn a print CD. Just select an album with the photos you want to print, and click PRINT CD. An adjusted version of each photo will be generated and copied to CD. This includes automatically rotating and cropping (according to your editting).</text>
          </text_data><text_data language="Spanish">
            <text from_TM="False" rev_id="11" status="Complete" time="1222354203">Spanish : e albums to collect photos and automatically burn a print CD. Just select an album with the photos you want to print, and click PRINT CD. An adjusted version of each photo will be generated and copied to CD. This includes automatically rotating and cropping (according to your editting).</text>
          </text_data><text_data language="English">
            <text from_TM="False" rev_id="11" status="Complete" time="1222354203">You can use albums to collect photos and automatically burn a print CD. Just select an album with the photos you want to print, and click PRINT CD. An adjusted version of each photo will be generated and copied to CD. This includes automatically rotating and cropping (according to your editting).</text>
          </text_data>
        </ta_sentence><ta_sentence do_translation="yes" encoding="utf-8" format="1" id="1782" original_language="English">
          <space_before />
          <space_after />
          <text_data language="German">
            <text from_TM="False" rev_id="13" status="New" time="1222355938">Products&#160;&#160; - &#160;&#160;Passport Photo&#160;&#160; - &#160;&#160;Photo Backup&#160;&#160; - &#160;&#160;Shrink Pic&#160;&#160; - &#160;&#160;Resources&#160;&#160; - &#160;&#160;Partners&#160;&#160; - &#160;&#160;Blog</text>
            <marker end="8" id="0" start="0" />
            <marker end="29" id="1" start="15" />
            <marker end="48" id="2" start="36" />
            <marker end="65" id="3" start="55" />
            <marker end="81" id="4" start="72" />
            <marker end="96" id="5" start="88" />
            <marker end="107" id="6" start="103" />
          </text_data><text_data language="Spanish">
            <text from_TM="False" rev_id="11" status="Complete" time="1222354203">Spanish :  - &#160;&#160;Passport Photo&#160;&#160; - &#160;&#160;Photo Backup&#160;&#160; - &#160;&#160;Shrink Pic&#160;&#160; - &#160;&#160;Resources&#160;&#160; - &#160;&#160;Partners&#160;&#160; - &#160;&#160;Blog</text>
            <marker end="8" id="0" start="0" />
            <marker end="29" id="1" start="15" />
            <marker end="48" id="2" start="36" />
            <marker end="65" id="3" start="55" />
            <marker end="81" id="4" start="72" />
            <marker end="96" id="5" start="88" />
            <marker end="107" id="6" start="103" />
          </text_data><text_data language="English">
            <text from_TM="False" rev_id="11" status="Complete" time="1222354203">Products&#160;&#160; - &#160;&#160;Passport Photo&#160;&#160; - &#160;&#160;Photo Backup&#160;&#160; - &#160;&#160;Shrink Pic&#160;&#160; - &#160;&#160;Resources&#160;&#160; - &#160;&#160;Partners&#160;&#160; - &#160;&#160;Blog</text>
            <marker end="8" id="0" start="0" />
            <marker end="29" id="1" start="15" />
            <marker end="48" id="2" start="36" />
            <marker end="65" id="3" start="55" />
            <marker end="81" id="4" start="72" />
            <marker end="96" id="5" start="88" />
            <marker end="107" id="6" start="103" />
          </text_data><marker_def id="0" type="html">
            <html_marker tag="a">
              <attr name="href" val="./" />
            </html_marker>
          </marker_def><marker_def id="1" type="html">
            <html_marker tag="a">
              <attr name="href" val="passport_photo.htm" />
            </html_marker>
          </marker_def><marker_def id="2" type="html">
            <html_marker tag="a">
              <attr name="href" val="photo_backup.htm" />
            </html_marker>
          </marker_def><marker_def id="3" type="html">
            <html_marker tag="a">
              <attr name="href" val="shrink_pic.htm" />
            </html_marker>
          </marker_def><marker_def id="4" type="html">
            <html_marker tag="a">
              <attr name="href" val="links_nav.htm" />
            </html_marker>
          </marker_def><marker_def id="5" type="html">
            <html_marker tag="a">
              <attr name="href" val="partners.htm" />
            </html_marker>
          </marker_def><marker_def id="6" type="html">
            <html_marker tag="a">
              <attr name="href" val="blog/" />
            </html_marker>
          </marker_def>
        </ta_sentence><ta_sentence do_translation="yes" encoding="utf-8" format="1" id="1783" original_language="English">
          <space_before />
          <space_after />
          <text_data language="German">
            <text from_TM="False" rev_id="13" status="New" time="1222355938">This website has been translated using ICanLocalize - Affordable Website Translation</text>
            <marker end="-1" id="0" start="0" />
            <marker end="84" id="1" start="39" />
            <marker end="-1" id="0" start="0" />
          </text_data><text_data language="Spanish">
            <text from_TM="False" rev_id="11" status="Complete" time="1222354203">Spanish : te has been translated using ICanLocalize - Affordable Website Translation</text>
            <marker end="-1" id="0" start="0" />
            <marker end="84" id="1" start="39" />
            <marker end="-1" id="0" start="0" />
          </text_data><text_data language="English">
            <text from_TM="False" rev_id="11" status="Complete" time="1222354203">This website has been translated using ICanLocalize - Affordable Website Translation</text>
            <marker end="-1" id="0" start="0" />
            <marker end="84" id="1" start="39" />
            <marker end="-1" id="0" start="0" />
          </text_data><marker_def id="0" type="html">
            <html_marker tag="span">
              <attr name="class" val="copyright" />
            </html_marker>
          </marker_def><marker_def id="1" type="html">
            <html_marker tag="a">
              <attr name="target" val="_blank" />
              <attr name="href" val="http://www.icanlocalize.com" />
            </html_marker>
          </marker_def>
        </ta_sentence><ta_sentence do_translation="yes" encoding="utf-8" format="1" id="1784" original_language="English">
          <space_before />
          <space_after />
          <text_data language="German">
            <text from_TM="False" rev_id="13" status="New" time="1222355938">&#169; OnTheGoSystems,INC. 2003-2008</text>
            <marker end="21" id="0" start="2" />
            <marker end="31" id="-1" start="-1" />
          </text_data><text_data language="Spanish">
            <text from_TM="False" rev_id="11" status="Complete" time="1222354203">Spanish : ystems,INC. 2003-2008</text>
            <marker end="21" id="0" start="2" />
            <marker end="31" id="-1" start="-1" />
          </text_data><text_data language="English">
            <text from_TM="False" rev_id="11" status="Complete" time="1222354203">&#169; OnTheGoSystems,INC. 2003-2008</text>
            <marker end="21" id="0" start="2" />
            <marker end="31" id="-1" start="-1" />
          </text_data><marker_def id="0" type="html">
            <html_marker tag="a">
              <attr name="href" val="http://www.onthegosystems.com/" />
              <attr name="target" val="_blank" />
            </html_marker>
          </marker_def><marker_def id="-1" type="html">
            <html_marker tag="span" />
          </marker_def>
        </ta_sentence>
      </sentences><html_output_change_data_3 />
    </translation>
  </ta_buffer><ta_buffer encoding="utf-8" format="1" manual="False" original_language="English" source_file="/overview.htm" type="html">
    <extractor>
      <marked_file MD5="3cac695d6dc229c7a539b5c240b1fe77" encoding="zlib-hex">789ccd5a6d6fe33612fe9c02fd0fac826eefd0d84ebcef17db451227b70bec1bbade2efac9a024da6223912a49c5eb7ee86fbf199292255b729cddc3e18220b1247238eff3ccc8a31fa6efaf66bf7fb826af666fdf900f9f2edfbcbe22416f30f8fcf86a3098cea6eec193fee91999292a34375c0a9a0e06d7ef82c9f7df8d1293a5f09f9051c2686c3fc167c34dca267f1fe3cfec623e7b3d7b737dfc219146924b1add163991774cdd71b6c2157f8f066e83df9d314349624cde637f16fc6e1c5c49619830bdd93a670189dcd53830ec8b192003e7244aa8d2cc8cf134fc3c878b7946d52d53c7414937e5e296248a2dc68136eb94e97ea47540144bcb1b09632620068ef1d471016cb7020ebc84f62294f1ba92968629232b1e9b641c3c7f761a9050aa98a971001f69ca97621c44c03153c03c4bd39cc631174bfb18af754e237fed4902d11f7a3d62644e422a0453240f49c8965c905ecfb3d0fe33326a42ba1fe38298248c2f1350e05354261e2fece770095712d83e1e9e3d7f7a310d9c05473c5b12ada271c033ba647a10a60503d6fa4bbe40f980d07b314bd8bfe547b900f5d515b13969525a3a9eece17e00ecef15ae85c9fbc49d9051ccefb60c0137077077720f438ec0887ab7e90fea3aa959b9ae1e9dd1349daf58788f82ceea0a7a36ac34440f64eaa0452d923b01d0ea244aa9d6e36006ae3e937930a987e868804b3c53a172dbf69d67cfac9335740921c780ac920ba6b5cd1c64ca97dcc0ff463a80154b4533b2908a7ce622962bdd38ff01b6fa560ffbdaf0d9132ca1344666ffbb7869491e4cc42e751c550f05bde34b8af9bc9e5a50037521875b49e2ce7b93932968f5b066467cf2e29b32e2c88a882c79b7ca9828e000cd52161916978aafc728b8535c44466330d5f5b84b657b37789e48258dfb505782c9d45f7d05a1b0583b1a97c5fae1bbb1c6d1c8380a57eee2e1547491e752792a1fddc50e157421f883169bd4e2ccbb569bb7d47cc985cb918b8b7a30345de0ecf4f4c7860f6c1979db09907645bca4ee938acc31a9a46c613e0765b4b7af010ff97c79cf1a2161d5ffd11a8551575be3cd70e4a3dd5bc93d2c9f35ad50aa3c2829e7fc0b4bcfeced0de1e65a4c3d65600323752870637fb05e7e83459f05a50c3e39a1f9ee4940f7f0030bf38e52d6bb94695c2501c2c5427614b32a52722c46f3d016231b2e0d7aefe8dd766da47b6885f34616d92555a6950699efbf6b2f200953ac563a7e9705a18a11bc5d91c60bd8e78bc6ae5650dd9b7cf9de63effb941232c116dce80e296e183585627abf32ac6211517791f17989c5e446aa8c9afdf48075c4115dc47ef38fc92bae8d54eb037873469fa7ac83e445280bd3442b6fae0fa79bb0341f00a2615f907eda72c07b81814fde5251d0742f6100137239f845831d41481e8f9fb6907bc7569a5048d11742c842440c8ac3965231ebe7074410f45b3c02a85668a6ef751627ae95bdcb3a172a4af81d6b42c0fdf6966a4905ff8bed27ecacf3deaf557b297a46691173d941ce9bf9029790abe97e0e337acbe695815ba8bdc667e4fa0b782424c343324814cfc3420958dd41f26a4a2edd82afb2eb27cd16456a1323461cf8d27dd68d338a2d350a3017a683ab6b011502459cbebd206f65ccda996ba9230760c05de0b9a95f4f5e74a26f296f710c302f743f174b9f432ffd5d6212ae490e2b2b696296f288cb42d701b8ed2b4aad804eecc440c8854c53b90abc8a7060f1afc10008f49142bfd0835c6af34ba1d2313efbf1f1c58fc31bf85dad567d4074095b4a0d0d403f9219dc2d0722a8db4734cbcfed48646c3dfb67e7333f976b0262a85a3290641ea654dcb6b97029a2144da3d6f86b42c12610cc278f44a8f373b4d90e1edcaede1b40d80653be1a963c7df9bc1b969cdd3cbf79f96d38730795184579ba034b864d5c52a1dc6193b9ae9083c6da5aa4d1a0bc92998d0ea7e4474b73eed5dd094876f0c7f6d6d6aabe83e4b72504d379f91a80bb6907546a43d472118efdce9ce0fba67bb0a6b6236fa8471ba85554956d5c834ca400623057cd32caa10be250da21f90dc8f4b72971dab13383d857145f25b6f35879f66b40839a309db388d3345d6365c34c88247206081c3c299124a150a4520c3147106d9ebaa2eb98595161a02b22b78ce590445846345db07e2dd755d296f153d36bfdf11ef73dbbc77d9f383b1c55538ba38de53aa2e6f2723a45f0dc551df8f2570488afa00949b11129abfe8638214e48505abb15edcaa351cab77ad16367adaab81aacac0330632d0bc1a6ceed0b28b1001619050c812a27d48309b48762467176e7cda50f24b992ea7681197c72032897ac65a1082bcb74f91069912d62a5698b7473bd9b432b8bd7fa3ddfb11d8d4ce9247b534a4522d9f8547ba1b3823b150f1af853431031512b7e1fed0da2611139aba64f8f4f6bd3a7e113602441c763e3e04535b1f1bde9a6c7a8d8a390523256622b4ce7a50192a1d3fa4501459b22ca776bcacc30dcc8b8372f60db232449a55832e502b48a3f0514895c58ca683af02e6bcb7a32b0ef213e5eda4fc7c74d381f4bc83126a1c6e601d8dab66513b38dbd2b9ea644471048f6c8043826b12afd32852a6c8902548098f6a7d8e10eb4bb7bf843719128383a980ad3d5620da98983ef3b52443016033db9e1cb2ac5578c369a374a664850b193a60c0610acb639bb751f244d2b25025da2a1e3735240b8a935b0b1f239d2dea4790e110ac42ceb35756cd884041c323413b20afed0ce6db9defb49be719350819fc021e30032f8d78688b679a4232a8655540c5f3cde44c5d9f0b42d2a100ced0d0a97b97643e28d8c2020daf2d74383e315d473502824b662b9498c2b6e126c5d6db20c79cacd1a63e6cf8247b750fa902d7f1efaee4f6057745724041e7b42fe28b4b1a1217e3204bbd8074445ca5c3e25ba3d5f973c5472e3820d2fd6b9f71f570608a20cd85d64a1006403d559290a292226348aa08e3a696cec9d90d882098b1674d41e773388b713f0de88593eac8e5a783bd93062d51441d380509bfcca70ece084b4f1d8504b5ddc8c2c7c3c969ae9442d9f3109e0d15b6e7282bbd7560d2183ac927390db4622c429b85e957540642ad64462f097f983622ab53e023b33403ee88a06e88705686917ca3c34062bf7df5459fb6aabf47e5b7201d2c98ebafbd01868289a51cdc1bd803c5b2a6b752b68f3243cc5213f25237c3d05f7da7064970b8259ac427df050a4b379cd6529c0e1392c39410b60962dfd886a0c561986eb136b58d8190266583b9fb16cca950098b9c6ba862ae1a5b10e44bacd048f1552d71d59eed4ab13a225e67441f8c2f955267d609691ab58660138942efb72e2a0b36d3ce8f25c2e1a14ad44708383bc802e382acecd246c04c16a0a022b80de126a8d36aa8870e44834cf38e07352969d5d71f69b6e867d3f68d769df0690922bdd14b7b01e5117c6da11cecec1529675ffaa925c7fc90160b7d7cf8e4ab633e13ffa2fb4cfed6f04eaafeffc6e3744c1b963fd0d49ed75e206c456ddf1424a03eebef33584d63780b56949fb6b39dfbedabfa447ea979b261878c5d9b01bfef936d8df7386d9a154be0ceda278685bbd972f9d282e6ee7398ffcab357b4d3ef0e8500af855143d873edc1180b201ee1bb10768461901a9bdd489bb3a74b71d23432706ff1a23ba11340b3c370e35f979164eab96522e53d6a3109e6bc3a17442c518141826a2ff876e7c61e60f7a471d15742bf7a9a2dbb16e5e40b136644c824f17bda7cf9ebc3c7dda3b0bcedd0133cc5d4cfde39fe715b9ddee156adfda77272eb459a8b941fc896013729ac1ef2ea5b6ff70610dbad89ea135c678283687c49002484bf95f0c450e26afafa878e3ef80722f1690ac62dbc17ff627cefc4176a6ba3de27d847c9e93ca0eb5b3ca81e05a1b963905ef4cf926e5d706dca293d7efaefab63d1d9e9e3eeec19f172ddf99a8456e35a6c3f0f65f601a0dfc37b8fe030bc78472</marked_file>
      <paragraph_indexes count="69">94 130 544 620 820 910 1013 1059 1068 1187 1357 1436 1734 1764 1796 1837 1869 1899 1931 1969 2001 2039 2752 2800 2809 2876 2885 2947 2958 3025 3030 3077 3086 3145 3154 3225 3234 3301 3310 3389 3398 3478 3487 3566 3586 3634 3643 3721 3730 3803 3812 3883 3892 3966 3975 4038 4058 4112 4121 4195 4299 4381 4399 4581 4590 4610 4941 5083 5190 5216 5261 5336 5345 5455 5624 5684 5725 5768 5788 5851 5871 5928 6068 6197 6202 6236 6245 6266 6309 6373 6387 6424 6438 6533 6547 6617 6631 6673 6687 6791 6805 6818 6871 6986 6991 7023 7032 7063 7106 7214 7228 7325 7339 7421 7435 7566 7575 7706 7798 7835 7878 7968 7982 8130 8139 8254 8263 8411 8425 8529 8543 8556 8797 9222 9398 9569 9578 9687 </paragraph_indexes>
      <support_files>
        <file type="todo">images/bluebottom.gif</file>
        <file type="todo">images/bluetop.gif</file>
        <file type="todo">images/bookmark_us.png</file>
        <file type="todo">images/bottomwhite.gif</file>
        <file type="todo">images/bottomwhite2.gif</file>
        <file type="todo">images/here.gif</file>
        <file type="todo">images/menutabA1.gif</file>
        <file type="todo">images/menutabB1.gif</file>
        <file type="todo">images/photobackup/1bckgrnd.gif</file>
        <file type="todo">images/photobackup/2bckgrnd.gif</file>
        <file type="todo">images/photobackup/3bckgrnd.gif</file>
        <file type="todo">images/photobackup/photo_backup_screen.png</file>
        <file type="todo">images/photobackup/search.png</file>
        <file type="todo">images/small_web.gif</file>
        <file type="todo">images/topline1.gif</file>
        <file type="todo">images/topline2.gif</file>
        <file type="todo">images/topline2WB.gif</file>
        <file type="todo">images/toplineL.gif</file>
        <file type="todo">images/toplineLW.gif</file>
        <file type="todo">images/toplineR.gif</file>
        <file type="todo">images/topwhite2.gif</file>
        <file type="todo">styles.css</file>
      </support_files>
    </extractor><translation>
      <languages>
        <language reviewed="False">Spanish</language>
        <language reviewed="False">German</language>
      </languages><sentences count="69">
        <ta_sentence do_translation="yes" encoding="utf-8" format="1" id="307" original_language="English" type="title">
          <space_before />
          <space_after />
          <text_data language="German">
            <text from_TM="False" rev_id="13" status="New" time="1222355938">Photo Backup overview</text>
          </text_data><text_data language="Spanish">
            <text from_TM="False" rev_id="11" status="Complete" time="1222354203">Spanish : up overview</text>
          </text_data><text_data language="English">
            <text from_TM="False" rev_id="11" status="Complete" time="1222354203">Photo Backup overview</text>
          </text_data>
        </ta_sentence><ta_sentence do_translation="yes" encoding="utf-8" format="1" id="308" original_language="English">
          <space_before />
          <space_after />
          <text_data language="German">
            <text from_TM="False" rev_id="13" status="New" time="1222355938">OnTheGoSoft</text>
            <marker end="11" id="0" start="0" />
          </text_data><text_data language="Spanish">
            <text from_TM="False" rev_id="11" status="Complete" time="1222354203">Spanish : t</text>
            <marker end="11" id="0" start="0" />
          </text_data><text_data language="English">
            <text from_TM="False" rev_id="11" status="Complete" time="1222354203">OnTheGoSoft</text>
            <marker end="11" id="0" start="0" />
          </text_data><marker_def id="0" type="html">
            <html_marker tag="img">
              <attr name="src" val="images/bluetop.gif" />
              <attr name="alt" val="OnTheGoSoft" />
              <attr name="width" val="760" />
              <attr name="height" val="5" />
            </html_marker>
          </marker_def>
        </ta_sentence><ta_sentence do_translation="yes" encoding="utf-8" format="1" id="309" original_language="English">
          <space_before />
          <space_after />
          <text_data language="German">
            <text from_TM="False" rev_id="13" status="New" time="1222355938">OnTheGoSoft</text>
            <marker end="11" id="0" start="0" />
          </text_data><text_data language="Spanish">
            <text from_TM="False" rev_id="11" status="Complete" time="1222354203">Spanish : t</text>
            <marker end="11" id="0" start="0" />
          </text_data><text_data language="English">
            <text from_TM="False" rev_id="11" status="Complete" time="1222354203">OnTheGoSoft</text>
            <marker end="11" id="0" start="0" />
          </text_data><marker_def id="0" type="html">
            <html_marker tag="img">
              <attr name="border" val="0" />
              <attr name="src" val="images/small_web.gif" />
              <attr name="alt" val="OnTheGoSoft" />
              <attr name="width" val="160" />
              <attr name="height" val="62" />
            </html_marker>
          </marker_def>
        </ta_sentence><ta_sentence do_translation="yes" encoding="utf-8" format="1" id="310" original_language="English">
          <space_before />
          <space_after />
          <text_data language="German">
            <text from_TM="False" rev_id="13" status="New" time="1222355938">Photo Backup</text>
            <marker end="12" id="0" start="0" />
          </text_data><text_data language="Spanish">
            <text from_TM="False" rev_id="11" status="Complete" time="1222354203">Spanish : up</text>
            <marker end="12" id="0" start="0" />
          </text_data><text_data language="English">
            <text from_TM="False" rev_id="11" status="Complete" time="1222354203">Photo Backup</text>
            <marker end="12" id="0" start="0" />
          </text_data><marker_def id="0" type="html">
            <html_marker tag="span">
              <attr name="class" val="TextTop" />
            </html_marker>
          </marker_def>
        </ta_sentence><ta_sentence do_translation="yes" encoding="utf-8" format="1" id="311" original_language="English">
          <space_before> </space_before>
          <space_after />
          <text_data language="German">
            <text from_TM="False" rev_id="13" status="New" time="1222355938">Professional Digital Photo Backup Program for Windows</text>
            <marker end="53" id="0" start="0" />
          </text_data><text_data language="Spanish">
            <text from_TM="False" rev_id="11" status="Complete" time="1222354203">Spanish : al Digital Photo Backup Program for Windows</text>
            <marker end="53" id="0" start="0" />
          </text_data><text_data language="English">
            <text from_TM="False" rev_id="11" status="Complete" time="1222354203">Professional Digital Photo Backup Program for Windows</text>
            <marker end="53" id="0" start="0" />
          </text_data><marker_def id="0" type="html">
            <html_marker tag="span">
              <attr name="class" val="tagline" />
            </html_marker>
          </marker_def>
        </ta_sentence><ta_sentence do_translation="yes" encoding="utf-8" format="1" id="312" original_language="English">
          <space_before />
          <space_after />
          <text_data language="German">
            <text from_TM="False" rev_id="13" status="New" time="1222355938">OnTheGoSoft</text>
            <marker end="11" id="0" start="0" />
          </text_data><text_data language="Spanish">
            <text from_TM="False" rev_id="11" status="Complete" time="1222354203">Spanish : t</text>
            <marker end="11" id="0" start="0" />
          </text_data><text_data language="English">
            <text from_TM="False" rev_id="11" status="Complete" time="1222354203">OnTheGoSoft</text>
            <marker end="11" id="0" start="0" />
          </text_data><marker_def id="0" type="html">
            <html_marker tag="img">
              <attr name="src" val="images/bluebottom.gif" />
              <attr name="alt" val="OnTheGoSoft" />
              <attr name="width" val="760" />
              <attr name="height" val="5" />
            </html_marker>
          </marker_def>
        </ta_sentence><ta_sentence do_translation="yes" encoding="utf-8" format="1" id="313" original_language="English">
          <space_before />
          <space_after />
          <text_data language="German">
            <text from_TM="False" rev_id="13" status="New" time="1222355938">Products</text>
            <marker end="8" id="0" start="0" />
          </text_data><text_data language="Spanish">
            <text from_TM="False" rev_id="11" status="Complete" time="1222354203">Spanish : </text>
            <marker end="8" id="0" start="0" />
          </text_data><text_data language="English">
            <text from_TM="False" rev_id="11" status="Complete" time="1222354203">Products</text>
            <marker end="8" id="0" start="0" />
          </text_data><marker_def id="0" type="html">
            <html_marker tag="a">
              <attr name="href" val="./" />
            </html_marker>
          </marker_def>
        </ta_sentence><ta_sentence do_translation="yes" encoding="utf-8" format="1" id="314" original_language="English">
          <space_before />
          <space_after />
          <text_data language="German">
            <text from_TM="False" rev_id="13" status="New" time="1222355938">Downloads</text>
            <marker end="9" id="0" start="0" />
          </text_data><text_data language="Spanish">
            <text from_TM="False" rev_id="11" status="Complete" time="1222354203">Spanish : </text>
            <marker end="9" id="0" start="0" />
          </text_data><text_data language="English">
            <text from_TM="False" rev_id="11" status="Complete" time="1222354203">Downloads</text>
            <marker end="9" id="0" start="0" />
          </text_data><marker_def id="0" type="html">
            <html_marker tag="a">
              <attr name="href" val="download.htm" />
            </html_marker>
          </marker_def>
        </ta_sentence><ta_sentence do_translation="yes" encoding="utf-8" format="1" id="315" original_language="English">
          <space_before />
          <space_after />
          <text_data language="German">
            <text from_TM="False" rev_id="13" status="New" time="1222355938">Buy</text>
            <marker end="3" id="0" start="0" />
          </text_data><text_data language="Spanish">
            <text from_TM="False" rev_id="11" status="Complete" time="1222354203">Spanish : </text>
            <marker end="3" id="0" start="0" />
          </text_data><text_data language="English">
            <text from_TM="False" rev_id="11" status="Complete" time="1222354203">Buy</text>
            <marker end="3" id="0" start="0" />
          </text_data><marker_def id="0" type="html">
            <html_marker tag="a">
              <attr name="href" val="buy.htm" />
            </html_marker>
          </marker_def>
        </ta_sentence><ta_sentence do_translation="yes" encoding="utf-8" format="1" id="316" original_language="English">
          <space_before />
          <space_after />
          <text_data language="German">
            <text from_TM="False" rev_id="13" status="New" time="1222355938">Contact</text>
            <marker end="7" id="0" start="0" />
          </text_data><text_data language="Spanish">
            <text from_TM="False" rev_id="11" status="Complete" time="1222354203">Spanish : </text>
            <marker end="7" id="0" start="0" />
          </text_data><text_data language="English">
            <text from_TM="False" rev_id="11" status="Complete" time="1222354203">Contact</text>
            <marker end="7" id="0" start="0" />
          </text_data><marker_def id="0" type="html">
            <html_marker tag="a">
              <attr name="href" val="contact.htm" />
            </html_marker>
          </marker_def>
        </ta_sentence><ta_sentence do_translation="yes" encoding="utf-8" format="1" id="317" original_language="English">
          <space_before />
          <space_after />
          <text_data language="German">
            <text from_TM="False" rev_id="13" status="New" time="1222355938">Support</text>
            <marker end="7" id="0" start="0" />
          </text_data><text_data language="Spanish">
            <text from_TM="False" rev_id="11" status="Complete" time="1222354203">Spanish : </text>
            <marker end="7" id="0" start="0" />
          </text_data><text_data language="English">
            <text from_TM="False" rev_id="11" status="Complete" time="1222354203">Support</text>
            <marker end="7" id="0" start="0" />
          </text_data><marker_def id="0" type="html">
            <html_marker tag="a">
              <attr name="href" val="support.htm" />
            </html_marker>
          </marker_def>
        </ta_sentence><ta_sentence do_translation="yes" encoding="utf-8" format="1" id="318" original_language="English">
          <space_before />
          <space_after />
          <text_data language="German">
            <text from_TM="False" rev_id="13" status="New" time="1222355938">Product info</text>
            <marker end="12" id="0" start="0" />
          </text_data><text_data language="Spanish">
            <text from_TM="False" rev_id="11" status="Complete" time="1222354203">Spanish : fo</text>
            <marker end="12" id="0" start="0" />
          </text_data><text_data language="English">
            <text from_TM="False" rev_id="11" status="Complete" time="1222354203">Product info</text>
            <marker end="12" id="0" start="0" />
          </text_data><marker_def id="0" type="html">
            <html_marker tag="span">
              <attr name="class" val="Text-Bold" />
            </html_marker>
          </marker_def>
        </ta_sentence><ta_sentence do_translation="yes" encoding="utf-8" format="1" id="319" original_language="English">
          <space_before> </space_before>
          <space_after />
          <text_data language="German">
            <text from_TM="False" rev_id="13" status="New" time="1222355938">Photo Backup</text>
            <marker end="12" id="0" start="0" />
          </text_data><text_data language="Spanish">
            <text from_TM="False" rev_id="11" status="Complete" time="1222354203">Spanish : up</text>
            <marker end="12" id="0" start="0" />
          </text_data><text_data language="English">
            <text from_TM="False" rev_id="11" status="Complete" time="1222354203">Photo Backup</text>
            <marker end="12" id="0" start="0" />
          </text_data><marker_def id="0" type="html">
            <html_marker tag="a">
              <attr name="href" val="photo_backup.htm" />
              <attr name="class" val="Text-Nav" />
            </html_marker>
          </marker_def>
        </ta_sentence><ta_sentence do_translation="yes" encoding="utf-8" format="1" id="320" original_language="English">
          <space_before> </space_before>
          <space_after />
          <text_data language="German">
            <text from_TM="False" rev_id="13" status="New" time="1222355938">Download</text>
            <marker end="8" id="0" start="0" />
          </text_data><text_data language="Spanish">
            <text from_TM="False" rev_id="11" status="Complete" time="1222354203">Spanish : </text>
            <marker end="8" id="0" start="0" />
          </text_data><text_data language="English">
            <text from_TM="False" rev_id="11" status="Complete" time="1222354203">Download</text>
            <marker end="8" id="0" start="0" />
          </text_data><marker_def id="0" type="html">
            <html_marker tag="a">
              <attr name="href" val="pb_download.htm" />
              <attr name="class" val="Text-Nav" />
            </html_marker>
          </marker_def>
        </ta_sentence><ta_sentence do_translation="yes" encoding="utf-8" format="1" id="321" original_language="English">
          <space_before />
          <space_after />
          <text_data language="German">
            <text from_TM="False" rev_id="13" status="New" time="1222355938">You are here</text>
            <marker end="12" id="0" start="0" />
          </text_data><text_data language="Spanish">
            <text from_TM="False" rev_id="11" status="Complete" time="1222354203">Spanish : re</text>
            <marker end="12" id="0" start="0" />
          </text_data><text_data language="English">
            <text from_TM="False" rev_id="11" status="Complete" time="1222354203">You are here</text>
            <marker end="12" id="0" start="0" />
          </text_data><marker_def id="0" type="html">
            <html_marker tag="img">
              <attr name="src" val="images/here.gif" />
              <attr name="alt" val="You are here" />
              <attr name="class" val="hereimg" />
            </html_marker>
          </marker_def>
        </ta_sentence><ta_sentence do_translation="yes" encoding="utf-8" format="1" id="322" original_language="English">
          <space_before />
          <space_after />
          <text_data language="German">
            <text from_TM="False" rev_id="13" status="New" time="1222355938">Overview</text>
            <marker end="8" id="0" start="0" />
          </text_data><text_data language="Spanish">
            <text from_TM="False" rev_id="11" status="Complete" time="1222354203">Spanish : </text>
            <marker end="8" id="0" start="0" />
          </text_data><text_data language="English">
            <text from_TM="False" rev_id="11" status="Complete" time="1222354203">Overview</text>
            <marker end="8" id="0" start="0" />
          </text_data><marker_def id="0" type="html">
            <html_marker tag="span">
              <attr name="class" val="leftselected" />
            </html_marker>
          </marker_def>
        </ta_sentence><ta_sentence do_translation="yes" encoding="utf-8" format="1" id="323" original_language="English">
          <space_before> </space_before>
          <space_after />
          <text_data language="German">
            <text from_TM="False" rev_id="13" status="New" time="1222355938">Features</text>
            <marker end="8" id="0" start="0" />
          </text_data><text_data language="Spanish">
            <text from_TM="False" rev_id="11" status="Complete" time="1222354203">Spanish : </text>
            <marker end="8" id="0" start="0" />
          </text_data><text_data language="English">
            <text from_TM="False" rev_id="11" status="Complete" time="1222354203">Features</text>
            <marker end="8" id="0" start="0" />
          </text_data><marker_def id="0" type="html">
            <html_marker tag="a">
              <attr name="href" val="benefits.htm" />
              <attr name="class" val="Text-Nav" />
            </html_marker>
          </marker_def>
        </ta_sentence><ta_sentence do_translation="yes" encoding="utf-8" format="1" id="324" original_language="English">
          <space_before> </space_before>
          <space_after />
          <text_data language="German">
            <text from_TM="False" rev_id="13" status="New" time="1222355938">Supported Formats</text>
            <marker end="17" id="0" start="0" />
          </text_data><text_data language="Spanish">
            <text from_TM="False" rev_id="11" status="Complete" time="1222354203">Spanish : Formats</text>
            <marker end="17" id="0" start="0" />
          </text_data><text_data language="English">
            <text from_TM="False" rev_id="11" status="Complete" time="1222354203">Supported Formats</text>
            <marker end="17" id="0" start="0" />
          </text_data><marker_def id="0" type="html">
            <html_marker tag="a">
              <attr name="href" val="photo_types.htm" />
              <attr name="class" val="Text-Nav" />
            </html_marker>
          </marker_def>
        </ta_sentence><ta_sentence do_translation="yes" encoding="utf-8" format="1" id="325" original_language="English">
          <space_before> </space_before>
          <space_after />
          <text_data language="German">
            <text from_TM="False" rev_id="13" status="New" time="1222355938">Versions History</text>
            <marker end="16" id="0" start="0" />
          </text_data><text_data language="Spanish">
            <text from_TM="False" rev_id="11" status="Complete" time="1222354203">Spanish : istory</text>
            <marker end="16" id="0" start="0" />
          </text_data><text_data language="English">
            <text from_TM="False" rev_id="11" status="Complete" time="1222354203">Versions History</text>
            <marker end="16" id="0" start="0" />
          </text_data><marker_def id="0" type="html">
            <html_marker tag="a">
              <attr name="href" val="versions.htm" />
              <attr name="class" val="Text-Nav" />
            </html_marker>
          </marker_def>
        </ta_sentence><ta_sentence do_translation="yes" encoding="utf-8" format="1" id="326" original_language="English">
          <space_before> </space_before>
          <space_after />
          <text_data language="German">
            <text from_TM="False" rev_id="13" status="New" time="1222355938">About Photo Backup LE</text>
            <marker end="21" id="0" start="0" />
          </text_data><text_data language="Spanish">
            <text from_TM="False" rev_id="11" status="Complete" time="1222354203">Spanish : o Backup LE</text>
            <marker end="21" id="0" start="0" />
          </text_data><text_data language="English">
            <text from_TM="False" rev_id="11" status="Complete" time="1222354203">About Photo Backup LE</text>
            <marker end="21" id="0" start="0" />
          </text_data><marker_def id="0" type="html">
            <html_marker tag="a">
              <attr name="href" val="photo_backup_le.htm" />
              <attr name="class" val="Text-Nav" />
            </html_marker>
          </marker_def>
        </ta_sentence><ta_sentence do_translation="yes" encoding="utf-8" format="1" id="327" original_language="English">
          <space_before> </space_before>
          <space_after />
          <text_data language="German">
            <text from_TM="False" rev_id="13" status="New" time="1222355938">Online Manual</text>
            <marker end="13" id="0" start="0" />
          </text_data><text_data language="Spanish">
            <text from_TM="False" rev_id="11" status="Complete" time="1222354203">Spanish : ual</text>
            <marker end="13" id="0" start="0" />
          </text_data><text_data language="English">
            <text from_TM="False" rev_id="11" status="Complete" time="1222354203">Online Manual</text>
            <marker end="13" id="0" start="0" />
          </text_data><marker_def id="0" type="html">
            <html_marker tag="a">
              <attr name="href" val="photo_backup_help/index.html" />
              <attr name="class" val="Text-Nav" />
            </html_marker>
          </marker_def>
        </ta_sentence><ta_sentence do_translation="yes" encoding="utf-8" format="1" id="328" original_language="English">
          <space_before> </space_before>
          <space_after />
          <text_data language="German">
            <text from_TM="False" rev_id="13" status="New" time="1222355938">News and Announcements</text>
            <marker end="22" id="0" start="0" />
          </text_data><text_data language="Spanish">
            <text from_TM="False" rev_id="11" status="Complete" time="1222354203">Spanish : nnouncements</text>
            <marker end="22" id="0" start="0" />
          </text_data><text_data language="English">
            <text from_TM="False" rev_id="11" status="Complete" time="1222354203">News and Announcements</text>
            <marker end="22" id="0" start="0" />
          </text_data><marker_def id="0" type="html">
            <html_marker tag="a">
              <attr name="href" val="/blog/?sectionid=5" />
              <attr name="class" val="Text-Nav" />
            </html_marker>
          </marker_def>
        </ta_sentence><ta_sentence do_translation="yes" encoding="utf-8" format="1" id="329" original_language="English">
          <space_before />
          <space_after />
          <text_data language="German">
            <text from_TM="False" rev_id="13" status="New" time="1222355938">Typical uses</text>
            <marker end="12" id="0" start="0" />
          </text_data><text_data language="Spanish">
            <text from_TM="False" rev_id="11" status="Complete" time="1222354203">Spanish : es</text>
            <marker end="12" id="0" start="0" />
          </text_data><text_data language="English">
            <text from_TM="False" rev_id="11" status="Complete" time="1222354203">Typical uses</text>
            <marker end="12" id="0" start="0" />
          </text_data><marker_def id="0" type="html">
            <html_marker tag="span">
              <attr name="class" val="Text-Bold" />
            </html_marker>
          </marker_def>
        </ta_sentence><ta_sentence do_translation="yes" encoding="utf-8" format="1" id="330" original_language="English">
          <space_before> </space_before>
          <space_after />
          <text_data language="German">
            <text from_TM="False" rev_id="13" status="New" time="1222355938">Archive Digital Photos</text>
            <marker end="22" id="0" start="0" />
          </text_data><text_data language="Spanish">
            <text from_TM="False" rev_id="11" status="Complete" time="1222354203">Spanish : gital Photos</text>
            <marker end="22" id="0" start="0" />
          </text_data><text_data language="English">
            <text from_TM="False" rev_id="11" status="Complete" time="1222354203">Archive Digital Photos</text>
            <marker end="22" id="0" start="0" />
          </text_data><marker_def id="0" type="html">
            <html_marker tag="a">
              <attr name="href" val="backup_photos.htm" />
              <attr name="class" val="Text-Nav" />
            </html_marker>
          </marker_def>
        </ta_sentence><ta_sentence do_translation="yes" encoding="utf-8" format="1" id="331" original_language="English">
          <space_before> </space_before>
          <space_after />
          <text_data language="German">
            <text from_TM="False" rev_id="13" status="New" time="1222355938">Photo Organizer</text>
            <marker end="15" id="0" start="0" />
          </text_data><text_data language="Spanish">
            <text from_TM="False" rev_id="11" status="Complete" time="1222354203">Spanish : nizer</text>
            <marker end="15" id="0" start="0" />
          </text_data><text_data language="English">
            <text from_TM="False" rev_id="11" status="Complete" time="1222354203">Photo Organizer</text>
            <marker end="15" id="0" start="0" />
          </text_data><marker_def id="0" type="html">
            <html_marker tag="a">
              <attr name="href" val="organize_photos.htm" />
              <attr name="class" val="Text-Nav" />
            </html_marker>
          </marker_def>
        </ta_sentence><ta_sentence do_translation="yes" encoding="utf-8" format="1" id="332" original_language="English">
          <space_before> </space_before>
          <space_after />
          <text_data language="German">
            <text from_TM="False" rev_id="13" status="New" time="1222355938">Backup Audio CDs</text>
            <marker end="16" id="0" start="0" />
          </text_data><text_data language="Spanish">
            <text from_TM="False" rev_id="11" status="Complete" time="1222354203">Spanish : io CDs</text>
            <marker end="16" id="0" start="0" />
          </text_data><text_data language="English">
            <text from_TM="False" rev_id="11" status="Complete" time="1222354203">Backup Audio CDs</text>
            <marker end="16" id="0" start="0" />
          </text_data><marker_def id="0" type="html">
            <html_marker tag="a">
              <attr name="href" val="backup_audio.htm" />
              <attr name="class" val="Text-Nav" />
            </html_marker>
          </marker_def>
        </ta_sentence><ta_sentence do_translation="yes" encoding="utf-8" format="1" id="333" original_language="English">
          <space_before> </space_before>
          <space_after />
          <text_data language="German">
            <text from_TM="False" rev_id="13" status="New" time="1222355938">Index Existing Backup</text>
            <marker end="21" id="0" start="0" />
          </text_data><text_data language="Spanish">
            <text from_TM="False" rev_id="11" status="Complete" time="1222354203">Spanish : ting Backup</text>
            <marker end="21" id="0" start="0" />
          </text_data><text_data language="English">
            <text from_TM="False" rev_id="11" status="Complete" time="1222354203">Index Existing Backup</text>
            <marker end="21" id="0" start="0" />
          </text_data><marker_def id="0" type="html">
            <html_marker tag="a">
              <attr name="href" val="make_index.htm" />
              <attr name="class" val="Text-Nav" />
            </html_marker>
          </marker_def>
        </ta_sentence><ta_sentence do_translation="yes" encoding="utf-8" format="1" id="334" original_language="English">
          <space_before> </space_before>
          <space_after />
          <text_data language="German">
            <text from_TM="False" rev_id="13" status="New" time="1222355938">CD Burning</text>
            <marker end="10" id="0" start="0" />
          </text_data><text_data language="Spanish">
            <text from_TM="False" rev_id="11" status="Complete" time="1222354203">Spanish : </text>
            <marker end="10" id="0" start="0" />
          </text_data><text_data language="English">
            <text from_TM="False" rev_id="11" status="Complete" time="1222354203">CD Burning</text>
            <marker end="10" id="0" start="0" />
          </text_data><marker_def id="0" type="html">
            <html_marker tag="a">
              <attr name="href" val="cd_burning.htm" />
              <attr name="class" val="Text-Nav" />
            </html_marker>
          </marker_def>
        </ta_sentence><ta_sentence do_translation="yes" encoding="utf-8" format="1" id="335" original_language="English">
          <space_before />
          <space_after />
          <text_data language="German">
            <text from_TM="False" rev_id="13" status="New" time="1222355938">Useful information</text>
            <marker end="18" id="0" start="0" />
          </text_data><text_data language="Spanish">
            <text from_TM="False" rev_id="11" status="Complete" time="1222354203">Spanish : ormation</text>
            <marker end="18" id="0" start="0" />
          </text_data><text_data language="English">
            <text from_TM="False" rev_id="11" status="Complete" time="1222354203">Useful information</text>
            <marker end="18" id="0" start="0" />
          </text_data><marker_def id="0" type="html">
            <html_marker tag="span">
              <attr name="class" val="Text-Bold" />
            </html_marker>
          </marker_def>
        </ta_sentence><ta_sentence do_translation="yes" encoding="utf-8" format="1" id="336" original_language="English">
          <space_before> </space_before>
          <space_after />
          <text_data language="German">
            <text from_TM="False" rev_id="13" status="New" time="1222355938">Enabling DMA Mode</text>
            <marker end="17" id="0" start="0" />
          </text_data><text_data language="Spanish">
            <text from_TM="False" rev_id="11" status="Complete" time="1222354203">Spanish : MA Mode</text>
            <marker end="17" id="0" start="0" />
          </text_data><text_data language="English">
            <text from_TM="False" rev_id="11" status="Complete" time="1222354203">Enabling DMA Mode</text>
            <marker end="17" id="0" start="0" />
          </text_data><marker_def id="0" type="html">
            <html_marker tag="a">
              <attr name="href" val="dma_setting_nt.htm" />
              <attr name="class" val="Text-Nav" />
            </html_marker>
          </marker_def>
        </ta_sentence><ta_sentence do_translation="yes" encoding="utf-8" format="1" id="337" original_language="English">
          <space_before />
          <space_after />
          <text_data language="German">
            <text from_TM="False" rev_id="13" status="New" time="1222355938">Bookmark this page</text>
            <marker end="18" id="0" start="0" />
          </text_data><text_data language="Spanish">
            <text from_TM="False" rev_id="11" status="Complete" time="1222354203">Spanish : his page</text>
            <marker end="18" id="0" start="0" />
          </text_data><text_data language="English">
            <text from_TM="False" rev_id="11" status="Complete" time="1222354203">Bookmark this page</text>
            <marker end="18" id="0" start="0" />
          </text_data><marker_def id="0" type="html">
            <html_marker tag="img">
              <attr name="src" val="images/bookmark_us.png" />
              <attr name="alt" val="Bookmark this page" />
              <attr name="class" val="delicious" />
            </html_marker>
          </marker_def>
        </ta_sentence><ta_sentence do_translation="yes" encoding="utf-8" format="1" id="338" original_language="English">
          <space_before />
          <space_after />
          <text_data language="German">
            <text from_TM="False" rev_id="13" status="New" time="1222355938">Bookmark on</text>
            <marker end="-1" id="0" start="0" />
            <marker end="-1" id="0" start="0" />
          </text_data><text_data language="Spanish">
            <text from_TM="False" rev_id="11" status="Complete" time="1222354203">Spanish : n</text>
            <marker end="-1" id="0" start="0" />
            <marker end="-1" id="0" start="0" />
          </text_data><text_data language="English">
            <text from_TM="False" rev_id="11" status="Complete" time="1222354203">Bookmark on</text>
            <marker end="-1" id="0" start="0" />
            <marker end="-1" id="0" start="0" />
          </text_data><marker_def id="0" type="html">
            <html_marker tag="a">
              <attr name="rel" val="nofollow" />
              <attr name="href" val="http://del.icio.us/post?url=http%3A%2F%2Fwww.onthegosoft.com%2Foverview.htm&amp;title=Photo+Backup+overview" />
              <attr name="target" val="_blank" />
              <attr name="class" val="Text-Nav" />
            </html_marker>
          </marker_def>
        </ta_sentence><ta_sentence do_translation="yes" encoding="utf-8" format="1" id="339" original_language="English">
          <space_before />
          <space_after />
          <text_data language="German">
            <text from_TM="False" rev_id="13" status="New" time="1222355938">del.icio.us</text>
            <marker end="11" id="-1" start="-1" />
          </text_data><text_data language="Spanish">
            <text from_TM="False" rev_id="11" status="Complete" time="1222354203">Spanish : s</text>
            <marker end="11" id="-1" start="-1" />
          </text_data><text_data language="English">
            <text from_TM="False" rev_id="11" status="Complete" time="1222354203">del.icio.us</text>
            <marker end="11" id="-1" start="-1" />
          </text_data><marker_def id="-1" type="html">
            <html_marker tag="a" />
          </marker_def>
        </ta_sentence><ta_sentence do_translation="yes" encoding="utf-8" format="1" id="340" original_language="English">
          <space_before />
          <space_after />
          <text_data language="German">
            <text from_TM="False" rev_id="13" status="New" time="1222355938">Home&#160;&gt;&#160;Photo Backup&#160;&gt;&#160;Overview</text>
            <marker end="30" id="0" start="0" />
            <marker end="4" id="1" start="0" />
            <marker end="19" id="2" start="7" />
          </text_data><text_data language="Spanish">
            <text from_TM="False" rev_id="11" status="Complete" time="1222354203">Spanish : to Backup&#160;&gt;&#160;Overview</text>
            <marker end="30" id="0" start="0" />
            <marker end="4" id="1" start="0" />
            <marker end="19" id="2" start="7" />
          </text_data><text_data language="English">
            <text from_TM="False" rev_id="11" status="Complete" time="1222354203">Home&#160;&gt;&#160;Photo Backup&#160;&gt;&#160;Overview</text>
            <marker end="30" id="0" start="0" />
            <marker end="4" id="1" start="0" />
            <marker end="19" id="2" start="7" />
          </text_data><marker_def id="0" type="html">
            <html_marker tag="span">
              <attr name="class" val="Text-TopNav" />
            </html_marker>
          </marker_def><marker_def id="1" type="html">
            <html_marker tag="a">
              <attr name="href" val="./" />
            </html_marker>
          </marker_def><marker_def id="2" type="html">
            <html_marker tag="a">
              <attr name="href" val="photo_backup.htm" />
            </html_marker>
          </marker_def>
        </ta_sentence><ta_sentence do_translation="yes" encoding="utf-8" format="1" id="341" original_language="English">
          <space_before />
          <space_after />
          <text_data language="German">
            <text from_TM="False" rev_id="13" status="New" time="1222355938">Photo Backup overview</text>
          </text_data><text_data language="Spanish">
            <text from_TM="False" rev_id="11" status="Complete" time="1222354203">Spanish : up overview</text>
          </text_data><text_data language="English">
            <text from_TM="False" rev_id="11" status="Complete" time="1222354203">Photo Backup overview</text>
          </text_data>
        </ta_sentence><ta_sentence do_translation="yes" encoding="utf-8" format="1" id="342" original_language="English">
          <space_before />
          <space_after />
          <text_data language="German">
            <text from_TM="False" rev_id="13" status="New" time="1222355938">Photo Backup creates and maintains CD / DVD backup for digital photos.</text>
          </text_data><text_data language="Spanish">
            <text from_TM="False" rev_id="11" status="Complete" time="1222354203">Spanish : up creates and maintains CD / DVD backup for digital photos.</text>
          </text_data><text_data language="English">
            <text from_TM="False" rev_id="11" status="Complete" time="1222354203">Photo Backup creates and maintains CD / DVD backup for digital photos.</text>
          </text_data>
        </ta_sentence><ta_sentence do_translation="yes" encoding="utf-8" format="1" id="343" original_language="English">
          <space_before> </space_before>
          <space_after />
          <text_data language="German">
            <text from_TM="False" rev_id="13" status="New" time="1222355938">It is especially useful for people who have large photo collections and want to keep them safe.</text>
          </text_data><text_data language="Spanish">
            <text from_TM="False" rev_id="11" status="Complete" time="1222354203">Spanish : cially useful for people who have large photo collections and want to keep them safe.</text>
          </text_data><text_data language="English">
            <text from_TM="False" rev_id="11" status="Complete" time="1222354203">It is especially useful for people who have large photo collections and want to keep them safe.</text>
          </text_data>
        </ta_sentence><ta_sentence do_translation="yes" encoding="utf-8" format="1" id="344" original_language="English">
          <space_before />
          <space_after> </space_after>
          <text_data language="German">
            <text from_TM="False" rev_id="13" status="New" time="1222355938">Highlights</text>
            <marker end="10" id="0" start="0" />
          </text_data><text_data language="Spanish">
            <text from_TM="False" rev_id="11" status="Complete" time="1222354203">Spanish : </text>
            <marker end="10" id="0" start="0" />
          </text_data><text_data language="English">
            <text from_TM="False" rev_id="11" status="Complete" time="1222354203">Highlights</text>
            <marker end="10" id="0" start="0" />
          </text_data><marker_def id="0" type="html">
            <html_marker tag="span">
              <attr name="class" val="Text-BigRed" />
            </html_marker>
          </marker_def>
        </ta_sentence><ta_sentence do_translation="yes" encoding="utf-8" format="1" id="345" original_language="English">
          <space_before />
          <space_after />
          <text_data language="German">
            <text from_TM="False" rev_id="13" status="New" time="1222355938">Backup to CD/DVD</text>
            <marker end="16" id="0" start="0" />
          </text_data><text_data language="Spanish">
            <text from_TM="False" rev_id="11" status="Complete" time="1222354203">Spanish : CD/DVD</text>
            <marker end="16" id="0" start="0" />
          </text_data><text_data language="English">
            <text from_TM="False" rev_id="11" status="Complete" time="1222354203">Backup to CD/DVD</text>
            <marker end="16" id="0" start="0" />
          </text_data><marker_def id="0" type="html">
            <html_marker tag="a">
              <attr name="href" val="#backup" />
            </html_marker>
          </marker_def>
        </ta_sentence><ta_sentence do_translation="yes" encoding="utf-8" format="1" id="346" original_language="English">
          <space_before />
          <space_after />
          <text_data language="German">
            <text from_TM="False" rev_id="13" status="New" time="1222355938">Search the archive and retrieve photos</text>
            <marker end="38" id="0" start="0" />
          </text_data><text_data language="Spanish">
            <text from_TM="False" rev_id="11" status="Complete" time="1222354203">Spanish :  archive and retrieve photos</text>
            <marker end="38" id="0" start="0" />
          </text_data><text_data language="English">
            <text from_TM="False" rev_id="11" status="Complete" time="1222354203">Search the archive and retrieve photos</text>
            <marker end="38" id="0" start="0" />
          </text_data><marker_def id="0" type="html">
            <html_marker tag="a">
              <attr name="href" val="#find" />
            </html_marker>
          </marker_def>
        </ta_sentence><ta_sentence do_translation="yes" encoding="utf-8" format="1" id="347" original_language="English">
          <space_before />
          <space_after> </space_after>
          <text_data language="German">
            <text from_TM="False" rev_id="13" status="New" time="1222355938">Fits your existing workflow</text>
            <marker end="27" id="0" start="0" />
          </text_data><text_data language="Spanish">
            <text from_TM="False" rev_id="11" status="Complete" time="1222354203">Spanish : existing workflow</text>
            <marker end="27" id="0" start="0" />
          </text_data><text_data language="English">
            <text from_TM="False" rev_id="11" status="Complete" time="1222354203">Fits your existing workflow</text>
            <marker end="27" id="0" start="0" />
          </text_data><marker_def id="0" type="html">
            <html_marker tag="a">
              <attr name="href" val="#workflow" />
            </html_marker>
          </marker_def>
        </ta_sentence><ta_sentence do_translation="yes" encoding="utf-8" format="1" id="348" original_language="English">
          <space_before />
          <space_after />
          <text_data language="German">
            <text from_TM="False" rev_id="13" status="New" time="1222355938">Screen shot 1</text>
            <marker end="13" id="0" start="0" />
          </text_data><text_data language="Spanish">
            <text from_TM="False" rev_id="11" status="Complete" time="1222354203">Spanish : t 1</text>
            <marker end="13" id="0" start="0" />
          </text_data><text_data language="English">
            <text from_TM="False" rev_id="11" status="Complete" time="1222354203">Screen shot 1</text>
            <marker end="13" id="0" start="0" />
          </text_data><marker_def id="0" type="html">
            <html_marker tag="img">
              <attr name="src" val="images/photobackup/photo_backup_screen.png" />
              <attr name="alt" val="Screen shot 1" />
              <attr name="width" val="300" />
              <attr name="height" val="242" />
              <attr name="hspace" val="8" />
              <attr name="align" val="right" />
            </html_marker>
          </marker_def>
        </ta_sentence><ta_sentence do_translation="no" encoding="utf-8" format="1" id="349" original_language="English">
          <space_before> </space_before>
          <space_after />
          <text_data language="German">
            <text from_TM="False" rev_id="13" status="New" time="1222355938" />
            <marker end="0" id="0" start="0" />
          </text_data><text_data language="Spanish">
            <text from_TM="False" rev_id="-1" status="Complete" time="1222355861" />
            <marker end="0" id="0" start="0" />
          </text_data><text_data language="English">
            <text from_TM="False" status="Complete" time="1222355861" />
            <marker end="0" id="0" start="0" />
          </text_data><marker_def id="0" type="html">
            <html_marker tag="a">
              <attr name="name" val="backup" />
            </html_marker>
          </marker_def>
        </ta_sentence><ta_sentence do_translation="yes" encoding="utf-8" format="1" id="350" original_language="English">
          <space_before />
          <space_after />
          <text_data language="German">
            <text from_TM="False" rev_id="13" status="New" time="1222355938">Automated backup</text>
          </text_data><text_data language="Spanish">
            <text from_TM="False" rev_id="11" status="Complete" time="1222354203">Spanish : backup</text>
          </text_data><text_data language="English">
            <text from_TM="False" rev_id="11" status="Complete" time="1222354203">Automated backup</text>
          </text_data>
        </ta_sentence><ta_sentence do_translation="yes" encoding="utf-8" format="1" id="351" original_language="English">
          <space_before />
          <space_after />
          <text_data language="German">
            <text from_TM="False" rev_id="13" status="New" time="1222355938">You no longer have to keep track of backing up your photos.</text>
          </text_data><text_data language="Spanish">
            <text from_TM="False" rev_id="11" status="Complete" time="1222354203">Spanish : ger have to keep track of backing up your photos.</text>
          </text_data><text_data language="English">
            <text from_TM="False" rev_id="11" status="Complete" time="1222354203">You no longer have to keep track of backing up your photos.</text>
          </text_data>
        </ta_sentence><ta_sentence do_translation="yes" encoding="utf-8" format="1" id="352" original_language="English">
          <space_before> </space_before>
          <space_after />
          <text_data language="German">
            <text from_TM="False" rev_id="13" status="New" time="1222355938">Photo Backup does that for you.</text>
          </text_data><text_data language="Spanish">
            <text from_TM="False" rev_id="11" status="Complete" time="1222354203">Spanish : up does that for you.</text>
          </text_data><text_data language="English">
            <text from_TM="False" rev_id="11" status="Complete" time="1222354203">Photo Backup does that for you.</text>
          </text_data>
        </ta_sentence><ta_sentence do_translation="yes" encoding="utf-8" format="1" id="353" original_language="English">
          <space_before> </space_before>
          <space_after />
          <text_data language="German">
            <text from_TM="False" rev_id="13" status="New" time="1222355938">Photo Backup will scan your hard drive and look for folders that contain photos.</text>
          </text_data><text_data language="Spanish">
            <text from_TM="False" rev_id="11" status="Complete" time="1222354203">Spanish : up will scan your hard drive and look for folders that contain photos.</text>
          </text_data><text_data language="English">
            <text from_TM="False" rev_id="11" status="Complete" time="1222354203">Photo Backup will scan your hard drive and look for folders that contain photos.</text>
          </text_data>
        </ta_sentence><ta_sentence do_translation="yes" encoding="utf-8" format="1" id="354" original_language="English">
          <space_before> </space_before>
          <space_after />
          <text_data language="German">
            <text from_TM="False" rev_id="13" status="New" time="1222355938">You can then specify which folder needs to have backup.</text>
          </text_data><text_data language="Spanish">
            <text from_TM="False" rev_id="11" status="Complete" time="1222354203">Spanish : en specify which folder needs to have backup.</text>
          </text_data><text_data language="English">
            <text from_TM="False" rev_id="11" status="Complete" time="1222354203">You can then specify which folder needs to have backup.</text>
          </text_data>
        </ta_sentence><ta_sentence do_translation="yes" encoding="utf-8" format="1" id="355" original_language="English">
          <space_before> </space_before>
          <space_after />
          <text_data language="German">
            <text from_TM="False" rev_id="13" status="New" time="1222355938">From there, Photo Backup takes over.</text>
          </text_data><text_data language="Spanish">
            <text from_TM="False" rev_id="11" status="Complete" time="1222354203">Spanish : , Photo Backup takes over.</text>
          </text_data><text_data language="English">
            <text from_TM="False" rev_id="11" status="Complete" time="1222354203">From there, Photo Backup takes over.</text>
          </text_data>
        </ta_sentence><ta_sentence do_translation="yes" encoding="utf-8" format="1" id="356" original_language="English">
          <space_before> </space_before>
          <space_after />
          <text_data language="German">
            <text from_TM="False" rev_id="13" status="New" time="1222355938">It will make sure that every new photo that appears on the hard drive is being backed up. </text>
          </text_data><text_data language="Spanish">
            <text from_TM="False" rev_id="11" status="Complete" time="1222354203">Spanish : ke sure that every new photo that appears on the hard drive is being backed up. </text>
          </text_data><text_data language="English">
            <text from_TM="False" rev_id="11" status="Complete" time="1222354203">It will make sure that every new photo that appears on the hard drive is being backed up. </text>
          </text_data>
        </ta_sentence><ta_sentence do_translation="no" encoding="utf-8" format="1" id="357" original_language="English">
          <space_before />
          <space_after />
          <text_data language="German">
            <text from_TM="False" rev_id="13" status="New" time="1222355938" />
          </text_data><text_data language="Spanish">
            <text from_TM="False" rev_id="-1" status="Complete" time="1222355861" />
          </text_data><text_data language="English">
            <text from_TM="False" status="Complete" time="1222355861" />
          </text_data>
        </ta_sentence><ta_sentence do_translation="yes" encoding="utf-8" format="1" id="358" original_language="English">
          <space_before />
          <space_after />
          <text_data language="German">
            <text from_TM="False" rev_id="13" status="New" time="1222355938">Screen shot 2</text>
            <marker end="13" id="0" start="0" />
          </text_data><text_data language="Spanish">
            <text from_TM="False" rev_id="11" status="Complete" time="1222354203">Spanish : t 2</text>
            <marker end="13" id="0" start="0" />
          </text_data><text_data language="English">
            <text from_TM="False" rev_id="11" status="Complete" time="1222354203">Screen shot 2</text>
            <marker end="13" id="0" start="0" />
          </text_data><marker_def id="0" type="html">
            <html_marker tag="img">
              <attr name="src" val="images/photobackup/search.png" />
              <attr name="alt" val="Screen shot 2" />
              <attr name="width" val="283" />
              <attr name="height" val="120" />
              <attr name="hspace" val="8" />
              <attr name="align" val="left" />
            </html_marker>
          </marker_def>
        </ta_sentence><ta_sentence do_translation="no" encoding="utf-8" format="1" id="359" original_language="English">
          <space_before> </space_before>
          <space_after />
          <text_data language="German">
            <text from_TM="False" rev_id="13" status="New" time="1222355938" />
            <marker end="0" id="0" start="0" />
          </text_data><text_data language="Spanish">
            <text from_TM="False" rev_id="-1" status="Complete" time="1222355861" />
            <marker end="0" id="0" start="0" />
          </text_data><text_data language="English">
            <text from_TM="False" status="Complete" time="1222355861" />
            <marker end="0" id="0" start="0" />
          </text_data><marker_def id="0" type="html">
            <html_marker tag="a">
              <attr name="name" val="find" />
            </html_marker>
          </marker_def>
        </ta_sentence><ta_sentence do_translation="yes" encoding="utf-8" format="1" id="360" original_language="English">
          <space_before />
          <space_after />
          <text_data language="German">
            <text from_TM="False" rev_id="13" status="New" time="1222355938">Locate and retrieve photos</text>
          </text_data><text_data language="Spanish">
            <text from_TM="False" rev_id="11" status="Complete" time="1222354203">Spanish :  retrieve photos</text>
          </text_data><text_data language="English">
            <text from_TM="False" rev_id="11" status="Complete" time="1222354203">Locate and retrieve photos</text>
          </text_data>
        </ta_sentence><ta_sentence do_translation="yes" encoding="utf-8" format="1" id="361" original_language="English">
          <space_before />
          <space_after />
          <text_data language="German">
            <text from_TM="False" rev_id="13" status="New" time="1222355938">Having a huge archive without the ability to quickly find photos you're looking for, just doesn't help.</text>
          </text_data><text_data language="Spanish">
            <text from_TM="False" rev_id="11" status="Complete" time="1222354203">Spanish : uge archive without the ability to quickly find photos you're looking for, just doesn't help.</text>
          </text_data><text_data language="English">
            <text from_TM="False" rev_id="11" status="Complete" time="1222354203">Having a huge archive without the ability to quickly find photos you're looking for, just doesn't help.</text>
          </text_data>
        </ta_sentence><ta_sentence do_translation="yes" encoding="utf-8" format="1" id="362" original_language="English">
          <space_before> </space_before>
          <space_after />
          <text_data language="German">
            <text from_TM="False" rev_id="13" status="New" time="1222355938">Photo Backup lets you search the archive and quickly retrieve the photos you need.</text>
          </text_data><text_data language="Spanish">
            <text from_TM="False" rev_id="11" status="Complete" time="1222354203">Spanish : up lets you search the archive and quickly retrieve the photos you need.</text>
          </text_data><text_data language="English">
            <text from_TM="False" rev_id="11" status="Complete" time="1222354203">Photo Backup lets you search the archive and quickly retrieve the photos you need.</text>
          </text_data>
        </ta_sentence><ta_sentence do_translation="yes" encoding="utf-8" format="1" id="363" original_language="English">
          <space_before> </space_before>
          <space_after />
          <text_data language="German">
            <text from_TM="False" rev_id="13" status="New" time="1222355938">You can view thumbnails arranged according folders, dates or discs.</text>
          </text_data><text_data language="Spanish">
            <text from_TM="False" rev_id="11" status="Complete" time="1222354203">Spanish : ew thumbnails arranged according folders, dates or discs.</text>
          </text_data><text_data language="English">
            <text from_TM="False" rev_id="11" status="Complete" time="1222354203">You can view thumbnails arranged according folders, dates or discs.</text>
          </text_data>
        </ta_sentence><ta_sentence do_translation="yes" encoding="utf-8" format="1" id="364" original_language="English">
          <space_before> </space_before>
          <space_after />
          <text_data language="German">
            <text from_TM="False" rev_id="13" status="New" time="1222355938">Then, once you find the photos you need, just click on Restore and have Photo Backup retrieve them from the archive.</text>
          </text_data><text_data language="Spanish">
            <text from_TM="False" rev_id="11" status="Complete" time="1222354203">Spanish :  you find the photos you need, just click on Restore and have Photo Backup retrieve them from the archive.</text>
          </text_data><text_data language="English">
            <text from_TM="False" rev_id="11" status="Complete" time="1222354203">Then, once you find the photos you need, just click on Restore and have Photo Backup retrieve them from the archive.</text>
          </text_data>
        </ta_sentence><ta_sentence do_translation="yes" encoding="utf-8" format="1" id="365" original_language="English">
          <space_before> </space_before>
          <space_after />
          <text_data language="German">
            <text from_TM="False" rev_id="13" status="New" time="1222355938">When you retrieve photos, they can be copied to the same folders or any other folder along with complete attributes.</text>
          </text_data><text_data language="Spanish">
            <text from_TM="False" rev_id="11" status="Complete" time="1222354203">Spanish : etrieve photos, they can be copied to the same folders or any other folder along with complete attributes.</text>
          </text_data><text_data language="English">
            <text from_TM="False" rev_id="11" status="Complete" time="1222354203">When you retrieve photos, they can be copied to the same folders or any other folder along with complete attributes.</text>
          </text_data>
        </ta_sentence><ta_sentence do_translation="yes" encoding="utf-8" format="1" id="366" original_language="English">
          <space_before />
          <space_after />
          <text_data language="German">
            <text from_TM="False" rev_id="13" status="New" time="1222355938">Fits into your existing workflow</text>
          </text_data><text_data language="Spanish">
            <text from_TM="False" rev_id="11" status="Complete" time="1222354203">Spanish : your existing workflow</text>
          </text_data><text_data language="English">
            <text from_TM="False" rev_id="11" status="Complete" time="1222354203">Fits into your existing workflow</text>
          </text_data>
        </ta_sentence><ta_sentence do_translation="yes" encoding="utf-8" format="1" id="367" original_language="English">
          <space_before />
          <space_after />
          <text_data language="German">
            <text from_TM="False" rev_id="13" status="New" time="1222355938">Photo Backup easily integrates with your existing flow for processing digital photos.</text>
          </text_data><text_data language="Spanish">
            <text from_TM="False" rev_id="11" status="Complete" time="1222354203">Spanish : up easily integrates with your existing flow for processing digital photos.</text>
          </text_data><text_data language="English">
            <text from_TM="False" rev_id="11" status="Complete" time="1222354203">Photo Backup easily integrates with your existing flow for processing digital photos.</text>
          </text_data>
        </ta_sentence><ta_sentence do_translation="yes" encoding="utf-8" format="1" id="368" original_language="English">
          <space_before> </space_before>
          <space_after />
          <text_data language="German">
            <text from_TM="False" rev_id="13" status="New" time="1222355938">Whether you're a professional photographer, or take photos as a hobby, you probably have your own way of working with digital photos.</text>
          </text_data><text_data language="Spanish">
            <text from_TM="False" rev_id="11" status="Complete" time="1222354203">Spanish : u're a professional photographer, or take photos as a hobby, you probably have your own way of working with digital photos.</text>
          </text_data><text_data language="English">
            <text from_TM="False" rev_id="11" status="Complete" time="1222354203">Whether you're a professional photographer, or take photos as a hobby, you probably have your own way of working with digital photos.</text>
          </text_data>
        </ta_sentence><ta_sentence do_translation="yes" encoding="utf-8" format="1" id="369" original_language="English">
          <space_before> </space_before>
          <space_after />
          <text_data language="German">
            <text from_TM="False" rev_id="13" status="New" time="1222355938">Photo Backup tracks the photos on your hard drive, so even if they move the archive remains in tact.</text>
          </text_data><text_data language="Spanish">
            <text from_TM="False" rev_id="11" status="Complete" time="1222354203">Spanish : up tracks the photos on your hard drive, so even if they move the archive remains in tact.</text>
          </text_data><text_data language="English">
            <text from_TM="False" rev_id="11" status="Complete" time="1222354203">Photo Backup tracks the photos on your hard drive, so even if they move the archive remains in tact.</text>
          </text_data>
        </ta_sentence><ta_sentence do_translation="yes" encoding="utf-8" format="1" id="370" original_language="English">
          <space_before> </space_before>
          <space_after />
          <text_data language="German">
            <text from_TM="False" rev_id="13" status="New" time="1222355938">Photo Backup stores photos in the archive with their original format and in a directory structure similar to that on your hard drive.</text>
          </text_data><text_data language="Spanish">
            <text from_TM="False" rev_id="11" status="Complete" time="1222354203">Spanish : up stores photos in the archive with their original format and in a directory structure similar to that on your hard drive.</text>
          </text_data><text_data language="English">
            <text from_TM="False" rev_id="11" status="Complete" time="1222354203">Photo Backup stores photos in the archive with their original format and in a directory structure similar to that on your hard drive.</text>
          </text_data>
        </ta_sentence><ta_sentence do_translation="yes" encoding="utf-8" format="1" id="371" original_language="English">
          <space_before> </space_before>
          <space_after />
          <text_data language="German">
            <text from_TM="False" rev_id="13" status="New" time="1222355938">This way, you can browse the archive using Photo Backup, or simply with Windows Explorer. </text>
          </text_data><text_data language="Spanish">
            <text from_TM="False" rev_id="11" status="Complete" time="1222354203">Spanish : you can browse the archive using Photo Backup, or simply with Windows Explorer. </text>
          </text_data><text_data language="English">
            <text from_TM="False" rev_id="11" status="Complete" time="1222354203">This way, you can browse the archive using Photo Backup, or simply with Windows Explorer. </text>
          </text_data>
        </ta_sentence><ta_sentence do_translation="no" encoding="utf-8" format="1" id="372" original_language="English">
          <space_before />
          <space_after />
          <text_data language="German">
            <text from_TM="False" rev_id="13" status="New" time="1222355938" />
          </text_data><text_data language="Spanish">
            <text from_TM="False" rev_id="-1" status="Complete" time="1222355861" />
          </text_data><text_data language="English">
            <text from_TM="False" status="Complete" time="1222355861" />
          </text_data>
        </ta_sentence><ta_sentence do_translation="yes" encoding="utf-8" format="1" id="373" original_language="English">
          <space_before />
          <space_after />
          <text_data language="German">
            <text from_TM="False" rev_id="13" status="New" time="1222355938">Products&#160;&#160; - &#160;&#160;Passport Photo&#160;&#160; - &#160;&#160;Photo Backup&#160;&#160; - &#160;&#160;Shrink Pic&#160;&#160; - &#160;&#160;Resources&#160;&#160; - &#160;&#160;Partners&#160;&#160; - &#160;&#160;Blog</text>
            <marker end="8" id="0" start="0" />
            <marker end="29" id="1" start="15" />
            <marker end="48" id="2" start="36" />
            <marker end="65" id="3" start="55" />
            <marker end="81" id="4" start="72" />
            <marker end="96" id="5" start="88" />
            <marker end="107" id="6" start="103" />
          </text_data><text_data language="Spanish">
            <text from_TM="False" rev_id="11" status="Complete" time="1222354203">Spanish :  - &#160;&#160;Passport Photo&#160;&#160; - &#160;&#160;Photo Backup&#160;&#160; - &#160;&#160;Shrink Pic&#160;&#160; - &#160;&#160;Resources&#160;&#160; - &#160;&#160;Partners&#160;&#160; - &#160;&#160;Blog</text>
            <marker end="8" id="0" start="0" />
            <marker end="29" id="1" start="15" />
            <marker end="48" id="2" start="36" />
            <marker end="65" id="3" start="55" />
            <marker end="81" id="4" start="72" />
            <marker end="96" id="5" start="88" />
            <marker end="107" id="6" start="103" />
          </text_data><text_data language="English">
            <text from_TM="False" rev_id="11" status="Complete" time="1222354203">Products&#160;&#160; - &#160;&#160;Passport Photo&#160;&#160; - &#160;&#160;Photo Backup&#160;&#160; - &#160;&#160;Shrink Pic&#160;&#160; - &#160;&#160;Resources&#160;&#160; - &#160;&#160;Partners&#160;&#160; - &#160;&#160;Blog</text>
            <marker end="8" id="0" start="0" />
            <marker end="29" id="1" start="15" />
            <marker end="48" id="2" start="36" />
            <marker end="65" id="3" start="55" />
            <marker end="81" id="4" start="72" />
            <marker end="96" id="5" start="88" />
            <marker end="107" id="6" start="103" />
          </text_data><marker_def id="0" type="html">
            <html_marker tag="a">
              <attr name="href" val="./" />
            </html_marker>
          </marker_def><marker_def id="1" type="html">
            <html_marker tag="a">
              <attr name="href" val="passport_photo.htm" />
            </html_marker>
          </marker_def><marker_def id="2" type="html">
            <html_marker tag="a">
              <attr name="href" val="photo_backup.htm" />
            </html_marker>
          </marker_def><marker_def id="3" type="html">
            <html_marker tag="a">
              <attr name="href" val="shrink_pic.htm" />
            </html_marker>
          </marker_def><marker_def id="4" type="html">
            <html_marker tag="a">
              <attr name="href" val="links_nav.htm" />
            </html_marker>
          </marker_def><marker_def id="5" type="html">
            <html_marker tag="a">
              <attr name="href" val="partners.htm" />
            </html_marker>
          </marker_def><marker_def id="6" type="html">
            <html_marker tag="a">
              <attr name="href" val="blog/" />
            </html_marker>
          </marker_def>
        </ta_sentence><ta_sentence do_translation="yes" encoding="utf-8" format="1" id="374" original_language="English">
          <space_before />
          <space_after />
          <text_data language="German">
            <text from_TM="False" rev_id="13" status="New" time="1222355938">This website has been translated using ICanLocalize - Affordable Website Translation</text>
            <marker end="-1" id="0" start="0" />
            <marker end="84" id="1" start="39" />
            <marker end="-1" id="0" start="0" />
          </text_data><text_data language="Spanish">
            <text from_TM="False" rev_id="11" status="Complete" time="1222354203">Spanish : te has been translated using ICanLocalize - Affordable Website Translation</text>
            <marker end="-1" id="0" start="0" />
            <marker end="84" id="1" start="39" />
            <marker end="-1" id="0" start="0" />
          </text_data><text_data language="English">
            <text from_TM="False" rev_id="11" status="Complete" time="1222354203">This website has been translated using ICanLocalize - Affordable Website Translation</text>
            <marker end="-1" id="0" start="0" />
            <marker end="84" id="1" start="39" />
            <marker end="-1" id="0" start="0" />
          </text_data><marker_def id="0" type="html">
            <html_marker tag="span">
              <attr name="class" val="copyright" />
            </html_marker>
          </marker_def><marker_def id="1" type="html">
            <html_marker tag="a">
              <attr name="target" val="_blank" />
              <attr name="href" val="http://www.icanlocalize.com" />
            </html_marker>
          </marker_def>
        </ta_sentence><ta_sentence do_translation="yes" encoding="utf-8" format="1" id="375" original_language="English">
          <space_before />
          <space_after />
          <text_data language="German">
            <text from_TM="False" rev_id="13" status="New" time="1222355938">&#169; OnTheGoSystems,INC. 2003-2008</text>
            <marker end="21" id="0" start="2" />
            <marker end="31" id="-1" start="-1" />
          </text_data><text_data language="Spanish">
            <text from_TM="False" rev_id="11" status="Complete" time="1222354203">Spanish : ystems,INC. 2003-2008</text>
            <marker end="21" id="0" start="2" />
            <marker end="31" id="-1" start="-1" />
          </text_data><text_data language="English">
            <text from_TM="False" rev_id="11" status="Complete" time="1222354203">&#169; OnTheGoSystems,INC. 2003-2008</text>
            <marker end="21" id="0" start="2" />
            <marker end="31" id="-1" start="-1" />
          </text_data><marker_def id="0" type="html">
            <html_marker tag="a">
              <attr name="href" val="http://www.onthegosystems.com/" />
              <attr name="target" val="_blank" />
            </html_marker>
          </marker_def><marker_def id="-1" type="html">
            <html_marker tag="span" />
          </marker_def>
        </ta_sentence>
      </sentences><html_output_change_data_3 />
    </translation>
  </ta_buffer><ta_buffer encoding="utf-8" format="1" manual="False" original_language="English" source_file="/partners.htm" type="html">
    <extractor>
      <marked_file MD5="1410d1d7dd96d4c1c385d78870815dcf" encoding="zlib-hex">789ced59598fdbb6167ece05fa1f580d9a36406c8d673299a463bb982d6d8034311a17419f0c4aa2257628512529bbbe0ffdedf71c929225dbb1271b7a51741e3c5ac8b37e67e1d1f0eb9b37d7d3df26b7e4a7e9cfafc8e4d7ab572faf49d00bc377a7d7617833bd712f9ef48f0764aa68a1b9e1b2a0220c6f5f07e3affe33cc4c2ee03f21c38cd1c45ec1b5e146b0f15f47f837bd9c4d5f4e5fdd1e4da832055364c94d46de14d38cfd28dfcab9c1457f0d43b7c713c899a12433a6ecb13f2abe1805d7b230ac30bde9aa640189dddd2830ec4f13a20c1724cea8d2cc8c90215ecfe066965375c7d45150d315bcb8239962f351a0cd4a30dd8fb50e8862a27e9031660262808da78e0b60bbd531f44ada9b4826ab9aeed7bd1e31b224112d40c53312b19417a4d7f36bd12434120c744f4c360ace9f1e0724922a616a14c025153c2d46410c3a3105ea31214a9a24bc48ed6bbcd7258dfd3d107d30346a4ce03f524e48c6789a8139ced034b8b4b0d7510a7712581c9d0ccecf2e6f02e79221cf53a2553c0a784e53a6c348540ca4efa77c8eb200a1967b828ed06b4ee3da6f89952704819c5c3bd86e09faf4a423a95b004b12bed830c698ec9659c8540e0e487cfafc3c68b374225b7ac473f44a00dff10e550e9a788f4123698ccc3f834db7c0c58ac441eb41f3aaa00b9e528ccd36f45083b6ec271bf85878533b5183f12ef37781fbe4d9270177e81402916241b51e05392b2a6050db91fad8ec87c178a26452c5460f43da31cbe1dd895c1642d2a40f892118dff8bb8f2014552b47e3aa5a1ddead9960b161c926154c5634368ed2b5bbf9705974559652792a6fddcd1615040cfca0c7c62d506f02a9859616963a706f63bc0b81c1f1f1371d0c6c3879130448bb215e5377aa822c9090c16c10114df8ed5c5248b0ee81358757dc87cae75aa330e45a6beaac62d35ce3a27d19c7d32bf99f4c0cacf1d7e4369c74ba8e6560df4efc2f062fce5f3cff341f3e6df2735de914e5e240ce69641b7465f3b0c677b5865328b3bda92c5fd30508dace013fc99c21c81f16912e2f1ea6e6c25d1d8cadcd0dbef7801c808c5b41d3098d4db5d6c1f1c0652eef6a7f854dcfc0e973399f73c1a9619a50d8a4108c02f87946b0acd95276d4d606d65355278d77ec5bc520ab2ee94a1321e51d3880cca522a9940929bd1610c490d3454974a9a02121b252a454325534d77dcbd2b65d6fafecd5d151cd7b2a494eef18e18630aa5796f04a568fc9927dbb60041a265295c42c25b1fcfd6be416b1185ce1183921fa5eb5b236cb3ea03bc476b1bb07dd1f1b0f759d1b04f7098d1bfb070dc6070bb6255a1d56c13d84ac7b93f3e70783b6b6e2a7c5ae8fc816684f1cd8068f081436420da124e13a9655615af0adb17bd2f670a7c4ec70eb4759e2d9df6d899347e4173687b3495c69e88430c49c1d62c6213028c029cfb9d69014bea055fe85fd1775f6dec43b8cc6ef3256d87c57560a0e909a91bc12869720432c4b0ea95dce3ba9f6b15d5d830433a72467c7df34b1d41f86d178234d821c52bc47907a853da73ab17e9448149936252f8c53de8b7811ea4c9625683b8b2123f7cbd50f8282ead070d52f08bec06a68c1ecda536232860ad8d6da3effa3a2059cbd513f93412e409d0ac6925d8584dc629f8f4b146139564b3038640b4da0fc23e50eebba4480323b54bb9c7b528dbd9d3d975c88c6a8e096c61bf659890782686c2564091a072a3e5f40e5ad35b3aeb194ea867cbf1c375c1bc5a3ca51003e5b0c910b0862b56e12044ad127b734ceb63680f2d812914ab3c44d3b30bfce21bfc031a96bb71da20d4329feb919f76010326cc3e2bb56266e50a96c8a0667540eb9b1620977afb05561e80b4d41da9c26ec3304dfde2e138468428b17c64614b39101b09bef0c1e68ee00da2035a2152042eba61130ec8aafefb8f603f6b71d4182732d5da78a258b3437ccc689359e951f2254972ce654380b6394f20238e6b6d97d8fc48e1380d9c20018dc15724996196fe35ec2618717a04842e64ae687557853c4585573902bc3eed371013dd62e556442571310d6dbc66a638309e37c5d8fc1edaad819e35f2690fedf8bf4973c447e9e9cb0e73815a9f57576eab03201444937756ee3b5eec34eef7db2b269190ac48227cc571a4413ac7d4cdcdcce06f3ae50da77a822e45e79c232b3b8b65138e7b1ad618ee7d2660688b254d0a43eddfd0d27acd66cd0ef76a3411c686c6deeb26f86037329b1b06f4fc0770d17c1e1fb277ffe206f7f498fb46f9b3d25488ae3b0599949239df527fe1999e0b32d4a4e24f25e8ab869164196ac4a4f0f9f902bfbe4be72e94c019666258ffdd4cede93098fef4bc1627156d08523f00bd300a0987d8065dcc0a0b6493d04b9dfee48c814dc7105ffd69346f0d850c70adb1c3bf1c68f34df87e172b9eca752a682f52844eacaf058f7214b87582378d1ff5d773eaafc4e17d4514158b9ab86ee7bd6cd2a2805868c48f0eb65efece993e7c767bd4170e1184cb1a431f5dda38b86dcf6a009daf8959fcb4d33aeebe82650c400afd0fd1bfcc4256c21ab341648b085a12a6590b86711f4d77781b74d4b6d0e7945c818a0fd5f862a07e397d7b478e59f80712fe790b5129b33df798e53cf081259c7b456e68728e7c53aadb47861c164a9d42b6d58ee0c1c6c4a38ae3f34b8458f5fbebeeedb1474727c7cda839f67dd29981d13b722b7997a6178fb8f5cc3d07fe8fb1f3be28814</marked_file>
      <paragraph_indexes count="33">94 133 497 573 677 752 757 770 834 913 1162 1192 1224 1265 1297 1327 1367 1405 1437 1475 2164 2296 2372 2401 2444 2516 2530 2620 3065 3101 3331 3379 3845 3939 3996 4125 4139 4191 4215 4327 4351 4482 4746 4832 4889 4954 4968 5016 5040 5132 5146 5211 5235 5323 5791 5819 5862 5929 5943 6046 6276 6701 6877 7048 7057 7166 </paragraph_indexes>
      <support_files>
        <file type="todo">images/bluebottom.gif</file>
        <file type="todo">images/bluetop.gif</file>
        <file type="todo">images/bottomwhite.gif</file>
        <file type="todo">images/bottomwhite2.gif</file>
        <file type="todo">images/logo1.gif</file>
        <file type="todo">images/menutabA1.gif</file>
        <file type="todo">images/menutabB1.gif</file>
        <file type="todo">images/photobackup/1bckgrnd.gif</file>
        <file type="todo">images/photobackup/2bckgrnd.gif</file>
        <file type="todo">images/photobackup/3bckgrnd.gif</file>
        <file type="todo">images/topline1.gif</file>
        <file type="todo">images/topline2.gif</file>
        <file type="todo">images/topline2WB.gif</file>
        <file type="todo">images/toplineL.gif</file>
        <file type="todo">images/toplineLW.gif</file>
        <file type="todo">images/toplineR.gif</file>
        <file type="todo">images/topwhite2.gif</file>
        <file type="todo">styles.css</file>
      </support_files>
    </extractor><translation>
      <languages>
        <language reviewed="False">Spanish</language>
        <language reviewed="False">German</language>
      </languages><sentences count="33">
        <ta_sentence do_translation="yes" encoding="utf-8" format="1" id="1474" original_language="English" type="title">
          <space_before />
          <space_after />
          <text_data language="German">
            <text from_TM="False" rev_id="13" status="New" time="1222355938">Partner with OnTheGoSoft</text>
          </text_data><text_data language="Spanish">
            <text from_TM="False" rev_id="11" status="Complete" time="1222354203">Spanish : th OnTheGoSoft</text>
          </text_data><text_data language="English">
            <text from_TM="False" rev_id="11" status="Complete" time="1222354203">Partner with OnTheGoSoft</text>
          </text_data>
        </ta_sentence><ta_sentence do_translation="yes" encoding="utf-8" format="1" id="1475" original_language="English">
          <space_before />
          <space_after />
          <text_data language="German">
            <text from_TM="False" rev_id="13" status="New" time="1222355938">OnTheGoSoft</text>
            <marker end="11" id="0" start="0" />
          </text_data><text_data language="Spanish">
            <text from_TM="False" rev_id="11" status="Complete" time="1222354203">Spanish : t</text>
            <marker end="11" id="0" start="0" />
          </text_data><text_data language="English">
            <text from_TM="False" rev_id="11" status="Complete" time="1222354203">OnTheGoSoft</text>
            <marker end="11" id="0" start="0" />
          </text_data><marker_def id="0" type="html">
            <html_marker tag="img">
              <attr name="src" val="images/bluetop.gif" />
              <attr name="alt" val="OnTheGoSoft" />
              <attr name="width" val="760" />
              <attr name="height" val="5" />
            </html_marker>
          </marker_def>
        </ta_sentence><ta_sentence do_translation="yes" encoding="utf-8" format="1" id="1476" original_language="English">
          <space_before />
          <space_after />
          <text_data language="German">
            <text from_TM="False" rev_id="13" status="New" time="1222355938">OnTheGoSoft</text>
            <marker end="11" id="0" start="0" />
          </text_data><text_data language="Spanish">
            <text from_TM="False" rev_id="11" status="Complete" time="1222354203">Spanish : t</text>
            <marker end="11" id="0" start="0" />
          </text_data><text_data language="English">
            <text from_TM="False" rev_id="11" status="Complete" time="1222354203">OnTheGoSoft</text>
            <marker end="11" id="0" start="0" />
          </text_data><marker_def id="0" type="html">
            <html_marker tag="img">
              <attr name="src" val="images/logo1.gif" />
              <attr name="alt" val="OnTheGoSoft" />
              <attr name="width" val="397" />
              <attr name="height" val="62" />
            </html_marker>
          </marker_def>
        </ta_sentence><ta_sentence do_translation="no" encoding="utf-8" format="1" id="1477" original_language="English">
          <space_before> </space_before>
          <space_after />
          <text_data language="German">
            <text from_TM="False" rev_id="13" status="New" time="1222355938" />
          </text_data><text_data language="Spanish">
            <text from_TM="False" rev_id="-1" status="Complete" time="1222355861" />
          </text_data><text_data language="English">
            <text from_TM="False" status="Complete" time="1222355861" />
          </text_data>
        </ta_sentence><ta_sentence do_translation="yes" encoding="utf-8" format="1" id="1478" original_language="English">
          <space_before />
          <space_after />
          <text_data language="German">
            <text from_TM="False" rev_id="13" status="New" time="1222355938">OnTheGoSoft</text>
            <marker end="11" id="0" start="0" />
          </text_data><text_data language="Spanish">
            <text from_TM="False" rev_id="11" status="Complete" time="1222354203">Spanish : t</text>
            <marker end="11" id="0" start="0" />
          </text_data><text_data language="English">
            <text from_TM="False" rev_id="11" status="Complete" time="1222354203">OnTheGoSoft</text>
            <marker end="11" id="0" start="0" />
          </text_data><marker_def id="0" type="html">
            <html_marker tag="img">
              <attr name="src" val="images/bluebottom.gif" />
              <attr name="alt" val="OnTheGoSoft" />
              <attr name="width" val="760" />
              <attr name="height" val="5" />
            </html_marker>
          </marker_def>
        </ta_sentence><ta_sentence do_translation="yes" encoding="utf-8" format="1" id="1479" original_language="English">
          <space_before />
          <space_after />
          <text_data language="German">
            <text from_TM="False" rev_id="13" status="New" time="1222355938">Products</text>
            <marker end="8" id="0" start="0" />
          </text_data><text_data language="Spanish">
            <text from_TM="False" rev_id="11" status="Complete" time="1222354203">Spanish : </text>
            <marker end="8" id="0" start="0" />
          </text_data><text_data language="English">
            <text from_TM="False" rev_id="11" status="Complete" time="1222354203">Products</text>
            <marker end="8" id="0" start="0" />
          </text_data><marker_def id="0" type="html">
            <html_marker tag="a">
              <attr name="href" val="./" />
            </html_marker>
          </marker_def>
        </ta_sentence><ta_sentence do_translation="yes" encoding="utf-8" format="1" id="1480" original_language="English">
          <space_before />
          <space_after />
          <text_data language="German">
            <text from_TM="False" rev_id="13" status="New" time="1222355938">Downloads</text>
            <marker end="9" id="0" start="0" />
          </text_data><text_data language="Spanish">
            <text from_TM="False" rev_id="11" status="Complete" time="1222354203">Spanish : </text>
            <marker end="9" id="0" start="0" />
          </text_data><text_data language="English">
            <text from_TM="False" rev_id="11" status="Complete" time="1222354203">Downloads</text>
            <marker end="9" id="0" start="0" />
          </text_data><marker_def id="0" type="html">
            <html_marker tag="a">
              <attr name="href" val="download.htm" />
            </html_marker>
          </marker_def>
        </ta_sentence><ta_sentence do_translation="yes" encoding="utf-8" format="1" id="1481" original_language="English">
          <space_before />
          <space_after />
          <text_data language="German">
            <text from_TM="False" rev_id="13" status="New" time="1222355938">Buy</text>
            <marker end="3" id="0" start="0" />
          </text_data><text_data language="Spanish">
            <text from_TM="False" rev_id="11" status="Complete" time="1222354203">Spanish : </text>
            <marker end="3" id="0" start="0" />
          </text_data><text_data language="English">
            <text from_TM="False" rev_id="11" status="Complete" time="1222354203">Buy</text>
            <marker end="3" id="0" start="0" />
          </text_data><marker_def id="0" type="html">
            <html_marker tag="a">
              <attr name="href" val="buy.htm" />
            </html_marker>
          </marker_def>
        </ta_sentence><ta_sentence do_translation="yes" encoding="utf-8" format="1" id="1482" original_language="English">
          <space_before />
          <space_after />
          <text_data language="German">
            <text from_TM="False" rev_id="13" status="New" time="1222355938">Contact</text>
            <marker end="7" id="0" start="0" />
          </text_data><text_data language="Spanish">
            <text from_TM="False" rev_id="11" status="Complete" time="1222354203">Spanish : </text>
            <marker end="7" id="0" start="0" />
          </text_data><text_data language="English">
            <text from_TM="False" rev_id="11" status="Complete" time="1222354203">Contact</text>
            <marker end="7" id="0" start="0" />
          </text_data><marker_def id="0" type="html">
            <html_marker tag="a">
              <attr name="href" val="contact.htm" />
            </html_marker>
          </marker_def>
        </ta_sentence><ta_sentence do_translation="yes" encoding="utf-8" format="1" id="1483" original_language="English">
          <space_before />
          <space_after />
          <text_data language="German">
            <text from_TM="False" rev_id="13" status="New" time="1222355938">Support</text>
            <marker end="7" id="0" start="0" />
          </text_data><text_data language="Spanish">
            <text from_TM="False" rev_id="11" status="Complete" time="1222354203">Spanish : </text>
            <marker end="7" id="0" start="0" />
          </text_data><text_data language="English">
            <text from_TM="False" rev_id="11" status="Complete" time="1222354203">Support</text>
            <marker end="7" id="0" start="0" />
          </text_data><marker_def id="0" type="html">
            <html_marker tag="a">
              <attr name="href" val="support.htm" />
            </html_marker>
          </marker_def>
        </ta_sentence><ta_sentence do_translation="yes" encoding="utf-8" format="1" id="1484" original_language="English">
          <space_before />
          <space_after />
          <text_data language="German">
            <text from_TM="False" rev_id="13" status="New" time="1222355938">Home&#160;&gt;&#160;Contact&#160;&gt;&#160;Partners</text>
            <marker end="25" id="0" start="0" />
            <marker end="4" id="1" start="0" />
            <marker end="14" id="2" start="7" />
          </text_data><text_data language="Spanish">
            <text from_TM="False" rev_id="11" status="Complete" time="1222354203">Spanish : tact&#160;&gt;&#160;Partners</text>
            <marker end="25" id="0" start="0" />
            <marker end="4" id="1" start="0" />
            <marker end="14" id="2" start="7" />
          </text_data><text_data language="English">
            <text from_TM="False" rev_id="11" status="Complete" time="1222354203">Home&#160;&gt;&#160;Contact&#160;&gt;&#160;Partners</text>
            <marker end="25" id="0" start="0" />
            <marker end="4" id="1" start="0" />
            <marker end="14" id="2" start="7" />
          </text_data><marker_def id="0" type="html">
            <html_marker tag="span">
              <attr name="class" val="Text-TopNav" />
            </html_marker>
          </marker_def><marker_def id="1" type="html">
            <html_marker tag="a">
              <attr name="href" val="./" />
            </html_marker>
          </marker_def><marker_def id="2" type="html">
            <html_marker tag="a">
              <attr name="href" val="contact.htm" />
            </html_marker>
          </marker_def>
        </ta_sentence><ta_sentence do_translation="yes" encoding="utf-8" format="1" id="1485" original_language="English">
          <space_before />
          <space_after />
          <text_data language="German">
            <text from_TM="False" rev_id="13" status="New" time="1222355938">Affiliates and resellers</text>
          </text_data><text_data language="Spanish">
            <text from_TM="False" rev_id="11" status="Complete" time="1222354203">Spanish :  and resellers</text>
          </text_data><text_data language="English">
            <text from_TM="False" rev_id="11" status="Complete" time="1222354203">Affiliates and resellers</text>
          </text_data>
        </ta_sentence><ta_sentence do_translation="yes" encoding="utf-8" format="1" id="1486" original_language="English">
          <space_before />
          <space_after />
          <text_data language="German">
            <text from_TM="False" rev_id="13" status="New" time="1222355938">We're always looking for good partners to help spread our programs.</text>
          </text_data><text_data language="Spanish">
            <text from_TM="False" rev_id="11" status="Complete" time="1222354203">Spanish : ys looking for good partners to help spread our programs.</text>
          </text_data><text_data language="English">
            <text from_TM="False" rev_id="11" status="Complete" time="1222354203">We're always looking for good partners to help spread our programs.</text>
          </text_data>
        </ta_sentence><ta_sentence do_translation="yes" encoding="utf-8" format="1" id="1487" original_language="English">
          <space_before> </space_before>
          <space_after />
          <text_data language="German">
            <text from_TM="False" rev_id="13" status="New" time="1222355938">To make it easy for you, we've set up two ways for you to become our partner.</text>
          </text_data><text_data language="Spanish">
            <text from_TM="False" rev_id="11" status="Complete" time="1222354203">Spanish :  easy for you, we've set up two ways for you to become our partner.</text>
          </text_data><text_data language="English">
            <text from_TM="False" rev_id="11" status="Complete" time="1222354203">To make it easy for you, we've set up two ways for you to become our partner.</text>
          </text_data>
        </ta_sentence><ta_sentence do_translation="yes" encoding="utf-8" format="1" id="1488" original_language="English">
          <space_before />
          <space_after />
          <text_data language="German">
            <text from_TM="False" rev_id="13" status="New" time="1222355938">1) Buy at a discount and resell</text>
          </text_data><text_data language="Spanish">
            <text from_TM="False" rev_id="11" status="Complete" time="1222354203">Spanish : a discount and resell</text>
          </text_data><text_data language="English">
            <text from_TM="False" rev_id="11" status="Complete" time="1222354203">1) Buy at a discount and resell</text>
          </text_data>
        </ta_sentence><ta_sentence do_translation="yes" encoding="utf-8" format="1" id="1489" original_language="English">
          <space_before />
          <space_after />
          <text_data language="German">
            <text from_TM="False" rev_id="13" status="New" time="1222355938">2) Refer customers and receive a commission</text>
          </text_data><text_data language="Spanish">
            <text from_TM="False" rev_id="11" status="Complete" time="1222354203">Spanish : ustomers and receive a commission</text>
          </text_data><text_data language="English">
            <text from_TM="False" rev_id="11" status="Complete" time="1222354203">2) Refer customers and receive a commission</text>
          </text_data>
        </ta_sentence><ta_sentence do_translation="yes" encoding="utf-8" format="1" id="1490" original_language="English">
          <space_before />
          <space_after />
          <text_data language="German">
            <text from_TM="False" rev_id="13" status="New" time="1222355938">When you purchase multiple copies of our programs, you receive up to 50% discount.</text>
            <marker end="82" id="0" start="0" />
          </text_data><text_data language="Spanish">
            <text from_TM="False" rev_id="11" status="Complete" time="1222354203">Spanish : urchase multiple copies of our programs, you receive up to 50% discount.</text>
            <marker end="82" id="0" start="0" />
          </text_data><text_data language="English">
            <text from_TM="False" rev_id="11" status="Complete" time="1222354203">When you purchase multiple copies of our programs, you receive up to 50% discount.</text>
            <marker end="82" id="0" start="0" />
          </text_data><marker_def id="0" type="html">
            <html_marker tag="b" />
          </marker_def>
        </ta_sentence><ta_sentence do_translation="yes" encoding="utf-8" format="1" id="1491" original_language="English">
          <space_before />
          <space_after />
          <text_data language="German">
            <text from_TM="False" rev_id="13" status="New" time="1222355938">Go to our shopping cart and select the products and quantities that you need.</text>
            <marker end="23" id="0" start="10" />
          </text_data><text_data language="Spanish">
            <text from_TM="False" rev_id="11" status="Complete" time="1222354203">Spanish : shopping cart and select the products and quantities that you need.</text>
            <marker end="23" id="0" start="10" />
          </text_data><text_data language="English">
            <text from_TM="False" rev_id="11" status="Complete" time="1222354203">Go to our shopping cart and select the products and quantities that you need.</text>
            <marker end="23" id="0" start="10" />
          </text_data><marker_def id="0" type="html">
            <html_marker tag="a">
              <attr name="href" val="/cgi-bin/shopping_cart.py?lang=0" />
            </html_marker>
          </marker_def>
        </ta_sentence><ta_sentence do_translation="yes" encoding="utf-8" format="1" id="1492" original_language="English">
          <space_before> </space_before>
          <space_after />
          <text_data language="German">
            <text from_TM="False" rev_id="13" status="New" time="1222355938">Enter your email address in the shopping cart.</text>
          </text_data><text_data language="Spanish">
            <text from_TM="False" rev_id="11" status="Complete" time="1222354203">Spanish :  email address in the shopping cart.</text>
          </text_data><text_data language="English">
            <text from_TM="False" rev_id="11" status="Complete" time="1222354203">Enter your email address in the shopping cart.</text>
          </text_data>
        </ta_sentence><ta_sentence do_translation="yes" encoding="utf-8" format="1" id="1493" original_language="English">
          <space_before />
          <space_after />
          <text_data language="German">
            <text from_TM="False" rev_id="13" status="New" time="1222355938">After you purchase, you will receive purchase receipts needed to activate the programs you selected.</text>
            <marker end="54" id="0" start="37" />
          </text_data><text_data language="Spanish">
            <text from_TM="False" rev_id="11" status="Complete" time="1222354203">Spanish : purchase, you will receive purchase receipts needed to activate the programs you selected.</text>
            <marker end="54" id="0" start="37" />
          </text_data><text_data language="English">
            <text from_TM="False" rev_id="11" status="Complete" time="1222354203">After you purchase, you will receive purchase receipts needed to activate the programs you selected.</text>
            <marker end="54" id="0" start="37" />
          </text_data><marker_def id="0" type="html">
            <html_marker tag="b" />
          </marker_def>
        </ta_sentence><ta_sentence do_translation="yes" encoding="utf-8" format="1" id="1494" original_language="English">
          <space_before />
          <space_after />
          <text_data language="German">
            <text from_TM="False" rev_id="13" status="New" time="1222355938">Distribute these purchase receipts to your customers. Each purchase receipt can be used with a different email address.</text>
            <marker end="52" id="0" start="38" />
          </text_data><text_data language="Spanish">
            <text from_TM="False" rev_id="11" status="Complete" time="1222354203">Spanish :  these purchase receipts to your customers. Each purchase receipt can be used with a different email address.</text>
            <marker end="52" id="0" start="38" />
          </text_data><text_data language="English">
            <text from_TM="False" rev_id="11" status="Complete" time="1222354203">Distribute these purchase receipts to your customers. Each purchase receipt can be used with a different email address.</text>
            <marker end="52" id="0" start="38" />
          </text_data><marker_def id="0" type="html">
            <html_marker tag="b" />
          </marker_def>
        </ta_sentence><ta_sentence do_translation="yes" encoding="utf-8" format="1" id="1495" original_language="English">
          <space_before />
          <space_after />
          <text_data language="German">
            <text from_TM="False" rev_id="13" status="New" time="1222355938">We track customers that you refer to us and credit you for each sale made.</text>
            <marker end="74" id="0" start="0" />
          </text_data><text_data language="Spanish">
            <text from_TM="False" rev_id="11" status="Complete" time="1222354203">Spanish : ustomers that you refer to us and credit you for each sale made.</text>
            <marker end="74" id="0" start="0" />
          </text_data><text_data language="English">
            <text from_TM="False" rev_id="11" status="Complete" time="1222354203">We track customers that you refer to us and credit you for each sale made.</text>
            <marker end="74" id="0" start="0" />
          </text_data><marker_def id="0" type="html">
            <html_marker tag="b" />
          </marker_def>
        </ta_sentence><ta_sentence do_translation="yes" encoding="utf-8" format="1" id="1496" original_language="English">
          <space_before />
          <space_after />
          <text_data language="German">
            <text from_TM="False" rev_id="13" status="New" time="1222355938">Contact us and introduce yourself.</text>
            <marker end="10" id="0" start="0" />
          </text_data><text_data language="Spanish">
            <text from_TM="False" rev_id="11" status="Complete" time="1222354203">Spanish :  and introduce yourself.</text>
            <marker end="10" id="0" start="0" />
          </text_data><text_data language="English">
            <text from_TM="False" rev_id="11" status="Complete" time="1222354203">Contact us and introduce yourself.</text>
            <marker end="10" id="0" start="0" />
          </text_data><marker_def id="0" type="html">
            <html_marker tag="a">
              <attr name="href" val="contact.htm" />
            </html_marker>
          </marker_def>
        </ta_sentence><ta_sentence do_translation="yes" encoding="utf-8" format="1" id="1497" original_language="English">
          <space_before> </space_before>
          <space_after />
          <text_data language="German">
            <text from_TM="False" rev_id="13" status="New" time="1222355938">We'll create an affiliate account for you.</text>
          </text_data><text_data language="Spanish">
            <text from_TM="False" rev_id="11" status="Complete" time="1222354203">Spanish : te an affiliate account for you.</text>
          </text_data><text_data language="English">
            <text from_TM="False" rev_id="11" status="Complete" time="1222354203">We'll create an affiliate account for you.</text>
          </text_data>
        </ta_sentence><ta_sentence do_translation="yes" encoding="utf-8" format="1" id="1498" original_language="English">
          <space_before />
          <space_after />
          <text_data language="German">
            <text from_TM="False" rev_id="13" status="New" time="1222355938">You will receive links to our website that contain special tracking information.</text>
            <marker end="37" id="0" start="17" />
          </text_data><text_data language="Spanish">
            <text from_TM="False" rev_id="11" status="Complete" time="1222354203">Spanish : eceive links to our website that contain special tracking information.</text>
            <marker end="37" id="0" start="17" />
          </text_data><text_data language="English">
            <text from_TM="False" rev_id="11" status="Complete" time="1222354203">You will receive links to our website that contain special tracking information.</text>
            <marker end="37" id="0" start="17" />
          </text_data><marker_def id="0" type="html">
            <html_marker tag="b" />
          </marker_def>
        </ta_sentence><ta_sentence do_translation="yes" encoding="utf-8" format="1" id="1499" original_language="English">
          <space_before> </space_before>
          <space_after />
          <text_data language="German">
            <text from_TM="False" rev_id="13" status="New" time="1222355938">We will be able to know which purchase originated from you.</text>
          </text_data><text_data language="Spanish">
            <text from_TM="False" rev_id="11" status="Complete" time="1222354203">Spanish :  able to know which purchase originated from you.</text>
          </text_data><text_data language="English">
            <text from_TM="False" rev_id="11" status="Complete" time="1222354203">We will be able to know which purchase originated from you.</text>
          </text_data>
        </ta_sentence><ta_sentence do_translation="yes" encoding="utf-8" format="1" id="1500" original_language="English">
          <space_before />
          <space_after />
          <text_data language="German">
            <text from_TM="False" rev_id="13" status="New" time="1222355938">Once a month, we will credit your PayPal account with the commission earned.</text>
            <marker end="48" id="0" start="22" />
          </text_data><text_data language="Spanish">
            <text from_TM="False" rev_id="11" status="Complete" time="1222354203">Spanish : th, we will credit your PayPal account with the commission earned.</text>
            <marker end="48" id="0" start="22" />
          </text_data><text_data language="English">
            <text from_TM="False" rev_id="11" status="Complete" time="1222354203">Once a month, we will credit your PayPal account with the commission earned.</text>
            <marker end="48" id="0" start="22" />
          </text_data><marker_def id="0" type="html">
            <html_marker tag="b" />
          </marker_def>
        </ta_sentence><ta_sentence do_translation="yes" encoding="utf-8" format="1" id="1501" original_language="English">
          <space_before />
          <space_after />
          <text_data language="German">
            <text from_TM="False" rev_id="13" status="New" time="1222355938">Promotional information</text>
          </text_data><text_data language="Spanish">
            <text from_TM="False" rev_id="11" status="Complete" time="1222354203">Spanish : l information</text>
          </text_data><text_data language="English">
            <text from_TM="False" rev_id="11" status="Complete" time="1222354203">Promotional information</text>
          </text_data>
        </ta_sentence><ta_sentence do_translation="yes" encoding="utf-8" format="1" id="1502" original_language="English">
          <space_before />
          <space_after />
          <text_data language="German">
            <text from_TM="False" rev_id="13" status="New" time="1222355938">We can provide you with text, images and links to our website.</text>
          </text_data><text_data language="Spanish">
            <text from_TM="False" rev_id="11" status="Complete" time="1222354203">Spanish : vide you with text, images and links to our website.</text>
          </text_data><text_data language="English">
            <text from_TM="False" rev_id="11" status="Complete" time="1222354203">We can provide you with text, images and links to our website.</text>
          </text_data>
        </ta_sentence><ta_sentence do_translation="yes" encoding="utf-8" format="1" id="1503" original_language="English">
          <space_before> </space_before>
          <space_after />
          <text_data language="German">
            <text from_TM="False" rev_id="13" status="New" time="1222355938">Contact us with your specific needs and we'll be glad to help.</text>
            <marker end="10" id="0" start="0" />
          </text_data><text_data language="Spanish">
            <text from_TM="False" rev_id="11" status="Complete" time="1222354203">Spanish :  with your specific needs and we'll be glad to help.</text>
            <marker end="10" id="0" start="0" />
          </text_data><text_data language="English">
            <text from_TM="False" rev_id="11" status="Complete" time="1222354203">Contact us with your specific needs and we'll be glad to help.</text>
            <marker end="10" id="0" start="0" />
          </text_data><marker_def id="0" type="html">
            <html_marker tag="a">
              <attr name="href" val="contact.htm" />
            </html_marker>
          </marker_def>
        </ta_sentence><ta_sentence do_translation="yes" encoding="utf-8" format="1" id="1504" original_language="English">
          <space_before />
          <space_after />
          <text_data language="German">
            <text from_TM="False" rev_id="13" status="New" time="1222355938">Products&#160;&#160; - &#160;&#160;Passport Photo&#160;&#160; - &#160;&#160;Photo Backup&#160;&#160; - &#160;&#160;Shrink Pic&#160;&#160; - &#160;&#160;Resources&#160;&#160; - &#160;&#160;Partners&#160;&#160; - &#160;&#160;Blog</text>
            <marker end="8" id="0" start="0" />
            <marker end="29" id="1" start="15" />
            <marker end="48" id="2" start="36" />
            <marker end="65" id="3" start="55" />
            <marker end="81" id="4" start="72" />
            <marker end="96" id="5" start="88" />
            <marker end="107" id="6" start="103" />
          </text_data><text_data language="Spanish">
            <text from_TM="False" rev_id="11" status="Complete" time="1222354203">Spanish :  - &#160;&#160;Passport Photo&#160;&#160; - &#160;&#160;Photo Backup&#160;&#160; - &#160;&#160;Shrink Pic&#160;&#160; - &#160;&#160;Resources&#160;&#160; - &#160;&#160;Partners&#160;&#160; - &#160;&#160;Blog</text>
            <marker end="8" id="0" start="0" />
            <marker end="29" id="1" start="15" />
            <marker end="48" id="2" start="36" />
            <marker end="65" id="3" start="55" />
            <marker end="81" id="4" start="72" />
            <marker end="96" id="5" start="88" />
            <marker end="107" id="6" start="103" />
          </text_data><text_data language="English">
            <text from_TM="False" rev_id="11" status="Complete" time="1222354203">Products&#160;&#160; - &#160;&#160;Passport Photo&#160;&#160; - &#160;&#160;Photo Backup&#160;&#160; - &#160;&#160;Shrink Pic&#160;&#160; - &#160;&#160;Resources&#160;&#160; - &#160;&#160;Partners&#160;&#160; - &#160;&#160;Blog</text>
            <marker end="8" id="0" start="0" />
            <marker end="29" id="1" start="15" />
            <marker end="48" id="2" start="36" />
            <marker end="65" id="3" start="55" />
            <marker end="81" id="4" start="72" />
            <marker end="96" id="5" start="88" />
            <marker end="107" id="6" start="103" />
          </text_data><marker_def id="0" type="html">
            <html_marker tag="a">
              <attr name="href" val="./" />
            </html_marker>
          </marker_def><marker_def id="1" type="html">
            <html_marker tag="a">
              <attr name="href" val="passport_photo.htm" />
            </html_marker>
          </marker_def><marker_def id="2" type="html">
            <html_marker tag="a">
              <attr name="href" val="photo_backup.htm" />
            </html_marker>
          </marker_def><marker_def id="3" type="html">
            <html_marker tag="a">
              <attr name="href" val="shrink_pic.htm" />
            </html_marker>
          </marker_def><marker_def id="4" type="html">
            <html_marker tag="a">
              <attr name="href" val="links_nav.htm" />
            </html_marker>
          </marker_def><marker_def id="5" type="html">
            <html_marker tag="a">
              <attr name="href" val="partners.htm" />
            </html_marker>
          </marker_def><marker_def id="6" type="html">
            <html_marker tag="a">
              <attr name="href" val="blog/" />
            </html_marker>
          </marker_def>
        </ta_sentence><ta_sentence do_translation="yes" encoding="utf-8" format="1" id="1505" original_language="English">
          <space_before />
          <space_after />
          <text_data language="German">
            <text from_TM="False" rev_id="13" status="New" time="1222355938">This website has been translated using ICanLocalize - Affordable Website Translation</text>
            <marker end="-1" id="0" start="0" />
            <marker end="84" id="1" start="39" />
            <marker end="-1" id="0" start="0" />
          </text_data><text_data language="Spanish">
            <text from_TM="False" rev_id="11" status="Complete" time="1222354203">Spanish : te has been translated using ICanLocalize - Affordable Website Translation</text>
            <marker end="-1" id="0" start="0" />
            <marker end="84" id="1" start="39" />
            <marker end="-1" id="0" start="0" />
          </text_data><text_data language="English">
            <text from_TM="False" rev_id="11" status="Complete" time="1222354203">This website has been translated using ICanLocalize - Affordable Website Translation</text>
            <marker end="-1" id="0" start="0" />
            <marker end="84" id="1" start="39" />
            <marker end="-1" id="0" start="0" />
          </text_data><marker_def id="0" type="html">
            <html_marker tag="span">
              <attr name="class" val="copyright" />
            </html_marker>
          </marker_def><marker_def id="1" type="html">
            <html_marker tag="a">
              <attr name="target" val="_blank" />
              <attr name="href" val="http://www.icanlocalize.com" />
            </html_marker>
          </marker_def>
        </ta_sentence><ta_sentence do_translation="yes" encoding="utf-8" format="1" id="1506" original_language="English">
          <space_before />
          <space_after />
          <text_data language="German">
            <text from_TM="False" rev_id="13" status="New" time="1222355938">&#169; OnTheGoSystems,INC. 2003-2008</text>
            <marker end="21" id="0" start="2" />
            <marker end="31" id="-1" start="-1" />
          </text_data><text_data language="Spanish">
            <text from_TM="False" rev_id="11" status="Complete" time="1222354203">Spanish : ystems,INC. 2003-2008</text>
            <marker end="21" id="0" start="2" />
            <marker end="31" id="-1" start="-1" />
          </text_data><text_data language="English">
            <text from_TM="False" rev_id="11" status="Complete" time="1222354203">&#169; OnTheGoSystems,INC. 2003-2008</text>
            <marker end="21" id="0" start="2" />
            <marker end="31" id="-1" start="-1" />
          </text_data><marker_def id="0" type="html">
            <html_marker tag="a">
              <attr name="href" val="http://www.onthegosystems.com/" />
              <attr name="target" val="_blank" />
            </html_marker>
          </marker_def><marker_def id="-1" type="html">
            <html_marker tag="span" />
          </marker_def>
        </ta_sentence>
      </sentences><html_output_change_data_3 />
    </translation>
  </ta_buffer><ta_buffer encoding="utf-8" format="1" manual="False" original_language="English" source_file="/passport_application.htm" type="html">
    <extractor>
      <marked_file MD5="6f4adda0efcfb6470c0794b0e3f51167" encoding="zlib-hex">789ccd5ae96fdbb812ffdc05f67f6055f4081a5b397bbcd82e7234db60bb6df0e222d84f062dd1161b49d48a945dbf0ffbb7bf19923a2d5fe93ee00581ad831ccef99b19d2bda7575f2f877fde7e249f867f7c26b7df2e3edf5c12a7e3baf7c797ae7b35bc322f4eba07876498d25872c5454c43d7fdf8c519fcfa4b2f505108df84f402467d7d05d78aab900dfe7e867fc3f3d1f066f8f9e3b35b2a65225245ce9324e41e454aa443e601554409e28b0f38fcef9e6b665b52115394044a251df657c6677de752c48ac5aa335c24cc219eb9eb3b8afd502e727346bc80a692a93e2e8dd723b81945347d60e93327a71bf2f88104299bf41da91621935d4f4a87a42ccc1f048c29872858c652c7014656b710b63716fea2109b8e4346e6dc5741df79fbe6c0216391fa2ced3b7049433e8dfb8e07dcb2141867619850dfe7f154bfc67b9950cfde5b9240f469a703ea49c898c6314b4902576cca41731dd4bf4a07241fdaf6d7533e09189f06a0a25354172e12ebebf114ee0430f7ece8f0ede9f995630cd6e3d194c8d4eb3b3ca25326dd71983160a03be5139402083935194bf283dc80fe60354ff03a5df75aa52d9c6d9271407a3e9f35740c0f5d783ad8c09021d0a3d61bba6e55111503567522231a86a3391b57b4f2351e06ec37712726aa50d06155416f8e0a0dd12d99da6a508be446003435f14288bbbe33040f1e8ac4191461781b08257a2e0eb26c8d533371dd8a7ad52a6145a7104bcc195ca68c2a4668ec9324e5b12249be52822b49024e2b6246221e678a3dadadbc839d7ed6bb1e1b2f6ba2632c9412d1ff38405a808081aa350c3c295ec674c6a7065a1b305195eca8010533eb3e4610a7d5a5eae876f2eea7d0ada7454496ac17450c9c828e250b99a7989f6bbb1a94b7a9f0334f498c9eaa1e97a93467fb621e8782fa5dc80fcee0cade3d82d0385b181a17d962f7d998aba8a70c854b73b33b159925185486ca9db959a2822e041f68b14125b8ac6bb5794bc5974c8c3c31c1508d80ba0b1c1e1c3caff940c3c84d2740da05f19cbac510912086846ca2ee9d3cc4dbc78087dc5f6c18130b18f57f3426c5a8ab8cb1667862a3dd5ac9bcccdfd5ad90abdcc92927fc070b0ff5e392707d2c424f1ed8c04835e15feb3f4c903f61d1374e2e83052734df0600dac00f0c4c56e4aece8508fd020420974c56e5ae2252f2fc33d2f947074c8de2173a5b4e87740dbd64544392656239b4ac250329434cdd0f12800eb4c4fdfe490ba52f6c2e752a3d8f6391c51e0334a842df58c7b19b6ca332144c2b2c8db46176d3db4826cce3135bb0cbadd448ee6a73d6aac313512462bb56920af0c768d52a977a2cb9e59eca52466eede847a9e537a614f831a1459dd2d4cbafbfb4a7fc80a5ac92ecff1419a1c00d3e2e78c61b986733fe3223182b65b26b6b8db6b652ca6236a7e126c3fcdb0c7b94aebe2a90874ca0be03b5cb4d9c79010ffd11f7471e4dfd95a6c441e4e68a5ce2a0b51ea2b0f10ca1b6f43bd887c90e787287fb9d75e487c51ca2e7109843bc7c4d6f69cd42132d80b84531b35c4195407cf26e65ed28c403f6a5a34c7693786afde9c23e252ae0129c735a7a95cfc03bb8c864b592d45571ae36509a6e616331116128e68ed52176d0ff725d20d0450add4cba8990ea4396867d7cf7fcf8fcf9d135fccfe7f32e9426019b0a099d4c17c2139e16ce464b0745cdbfa05172a6fbf57eee68af2b3efcbaf31adbfbd74abcf6c5f3e36b68a7693a85d6dc198d431a3fb418ae905ec47587a8b05e2f77eac54e3278118f657286e65caa799a19aa2c7ada52f1a353efe9fbb7ab53efe1f5dbebf745eafc471330040a0f3764e0a29e3bacb3b80a00a067d476a995e29f44c4d00846d52fa6eacc2a7d4dea6dc9b4cde91b6170a9866d0a5c1ab45969d664358f71d3ead0c88d0b2e301b204c50923362578551c58ca4a61da92047039858f57dc1141b868b7db280a420039101de8ca127461b435ac4e859d8358aee78928a08c7033e41a65729cc665c03ee784122fa6092944a798224e0058919e41b5969b0c504722d23424f990a9c0143354d168d61d482f009debf843c253225b90fdf93daaadd26fe1a81870279604462c2d5e32b10006b31496424840a506a2c5850cc99e03ee050c20c0003ebb2a6928758cccdc69f2fbc4c9736fa75cc9826304e51843968413f7e058249342d4887a8b56779d5886ded82ee906f259ae915e7cfad7d6464bb372b939b62c180ce561a28df9684d905a5cd51bb7e6fef89f14f7d518799ca7e015e17e17ae49054cc8b6bebcd0868ad71dc4c359e48a10f91ee3ce08a75705a47d92dbd152beb5cf4aa483440b06c60ea5d8e014433d7591af438c14ccbb4bb647ade56a2edad102d6fc0962c945378dfd6b96c317f5dfa6828ab75893cafd5676ceca89eac76d99a5f1e35fcf6c84e2ec55885a479741d1b0b1dee917302853ce04b01315cf1ffb058063cc983e9b83a752da8627d1d6500771520f519f40112e05fc12d46b3c5369a2f854b2354d6c04d1f46dc5de8ab67cfa022461c44ec41a40158acf2093522745eaa1511eaf0d310ff68af76c0815d97c6c50963bbcb7e139308000f9891cc4228f045665c72a5e59bb3315c2e81f94bb9941c900728bdf42c644a9ac4a37437d3a61ed0fbcb30ac6add6ceb6a6138bc81a9209a220154036d144a21218d042c2ef9d7600ed365ce8a05760dde0c9dc7635232bf95af0b0675adeeb8f00c47e29c6f77fbe4dbefa65fced02d420eab343460cc5c6d84a1c6849c01f2238d5c37b4613cb9d6dac77be40f1e8b54962eea41c90c68c699ce574092a7c04a8a8ef6080728d2360844fd2c54a45324f2d8d85ccce356457d12733663e93eca181b472e4b9cb2fcd0b7110ab10f490c346499add42f09941bf088bca2c66e6638684decadd5ce094201e285eebaf25cbfbb16a0080166e6b5509f0722bf84993c42d116a615afd51a6a918039a128b3650135c711c8505e60ac95e1748f0ce7022a8579f340e351e14ce3858ee6f556d11260f4e902059f8313418c6bbc4271f6a1bcc2cdf6264f2d555c1e82bdf1e0cf3cfeb0dc0104658b4a8da9c3191d4ab270423289cf762ce87bee78d0adae79c1402e5d3742e7f7600b48c3e93e9109c20005649cdb43210952514c3f04c7edb02135006d88089ccb370fb53a95916b2a84df541332db5dc6a70c006947914b5cacc2e13ed6e2dc581bfc3081a0fd8ef810725042caa65948d3bac52ace57a6f84a31516d50f3f4ffd3c5c3fa92646325b4a68edbbe0c1dabe867ebd02d2bb37f967953696ec5fdcea5e686c2ba98d7748a159d50a52baef5415f312f721a367362112c955c58a05da50bda58b621d64c788cbb0e511232a8532a2bedc38d17663adccb2c2c342ee8f88640f92be3a9d9fad6c9bd2e168f9b358fad864a105c6a67350c7ebb2b44940859109d10f5cdada9dac619d4143316764146203f15333727e0c21c77c253693f47ef8e8f102b420797b962904c150a80e87d87b361b16b1c48148f58bbaa353ab5b7e386ffdf77e61fb7f58af215f8ef660f850823b010fbd1a512ea79207da3738c5a688d178077c7d21996911d5ddd362be24d1cb754655b712e1bac4bcd3bcddc7b3676afb13a733fa2ed6f0520304af0c3a9ae55573f8c87508ac9f96402e9d478d430a53e0a75db620753fe15a9024569ec3bac3dd133bb828fd84b6c3f02ac9ed7dbd966b3194f18ab47a295df0f94ac14c8301142e1d652b939625fb61df9577695dbcfe1ed0e9efe042d566f1fb7176828e5bf7e584551970163ea3d6489a5a74bba0bfd645bbe640028f23082ead09ea5eb7b3c5cda9682ee3f46319d1902d04f021c796c07cda40a334aae1373b7ed6c7d8ce80c2ee0ab7694d1935eca1365525725fca10e9a86ac43631a2ea08694b8b5ef02bf018fbbdf65ed976edfe98c1a2ae856e6aaa0bb62dc2883ce47913e71be9d774edf9cbc3f38ed1c3a6766010833ef81a5aff6ce0a72cbfbcd9e4816f6a87c88471f796f1b5068101914cbe54150599e6e443d08e63814503243678f223b839b4b1a7fb64f10cf2610e7beee71efed8af9e991de7f6e9e4cbd403ecfca3ab1b2567e70b2900a0f3151c14b471e83fc776266d0fecd97cbae2e248f0e0e8e3bf0f1aee5975195c82d923986b7fdf561cfb5bfc3fc2fefbfc76a</marked_file>
      <paragraph_indexes count="61">94 143 527 592 792 882 985 1033 1042 1155 1325 1393 1691 1721 1753 1794 1826 1856 1888 1926 1958 1996 2709 2757 2766 2837 2846 2908 2917 2996 3016 3069 3078 3179 3188 3275 3295 3349 3360 3427 3432 3491 3500 3575 3595 3645 3654 3725 3734 3841 3945 4027 4045 4254 4263 4283 4620 4778 4868 4896 4939 5133 5142 5305 5362 5414 5588 5668 5806 5887 6224 6259 6304 6378 6392 6456 6479 6511 6556 6665 6679 6731 6745 6817 6831 6950 6973 7024 7069 7114 7128 7236 7259 7286 7331 7432 7455 7486 7531 7635 7644 8069 8283 8364 8472 8554 8698 8748 8791 8920 8933 9116 9125 9294 9303 9521 9763 10188 10364 10535 10544 10653 </paragraph_indexes>
      <support_files>
        <file type="todo">images/bluebottom.gif</file>
        <file type="todo">images/bluetop.gif</file>
        <file type="todo">images/bookmark_us.png</file>
        <file type="todo">images/bottomwhite.gif</file>
        <file type="todo">images/bottomwhite2.gif</file>
        <file type="todo">images/corners/white-left-btm.gif</file>
        <file type="todo">images/corners/white-left-tp.gif</file>
        <file type="todo">images/corners/white-right-btm.gif</file>
        <file type="todo">images/corners/white-right-tp.gif</file>
        <file type="todo">images/here.gif</file>
        <file type="todo">images/menutabA1.gif</file>
        <file type="todo">images/menutabB1.gif</file>
        <file type="todo">images/photobackup/1bckgrnd.gif</file>
        <file type="todo">images/photobackup/2bckgrnd.gif</file>
        <file type="todo">images/photobackup/3bckgrnd.gif</file>
        <file type="todo">images/small_web.gif</file>
        <file type="todo">images/topline1.gif</file>
        <file type="todo">images/topline2.gif</file>
        <file type="todo">images/topline2WB.gif</file>
        <file type="todo">images/toplineL.gif</file>
        <file type="todo">images/toplineLW.gif</file>
        <file type="todo">images/toplineR.gif</file>
        <file type="todo">images/topwhite2.gif</file>
        <file type="todo">styles.css</file>
      </support_files>
    </extractor><translation>
      <languages>
        <language reviewed="False">Spanish</language>
        <language reviewed="False">German</language>
      </languages><sentences count="61">
        <ta_sentence do_translation="yes" encoding="utf-8" format="1" id="1275" original_language="English" type="title">
          <space_before />
          <space_after />
          <text_data language="German">
            <text from_TM="False" rev_id="13" status="New" time="1222355938">Passport Application - what to do?</text>
          </text_data><text_data language="Spanish">
            <text from_TM="False" rev_id="11" status="Complete" time="1222354203">Spanish : pplication - what to do?</text>
          </text_data><text_data language="English">
            <text from_TM="False" rev_id="11" status="Complete" time="1222354203">Passport Application - what to do?</text>
          </text_data>
        </ta_sentence><ta_sentence do_translation="no" encoding="utf-8" format="1" id="1276" original_language="English">
          <space_before />
          <space_after />
          <text_data language="German">
            <text from_TM="False" rev_id="13" status="New" time="1222355938" />
            <marker end="0" id="0" start="0" />
          </text_data><text_data language="Spanish">
            <text from_TM="False" rev_id="-1" status="Complete" time="1222355861" />
            <marker end="0" id="0" start="0" />
          </text_data><text_data language="English">
            <text from_TM="False" status="Complete" time="1222355861" />
            <marker end="0" id="0" start="0" />
          </text_data><marker_def id="0" type="html">
            <html_marker tag="img">
              <attr name="src" val="images/bluetop.gif" />
              <attr name="alt" val="" />
              <attr name="width" val="760" />
              <attr name="height" val="5" />
            </html_marker>
          </marker_def>
        </ta_sentence><ta_sentence do_translation="yes" encoding="utf-8" format="1" id="1277" original_language="English">
          <space_before />
          <space_after />
          <text_data language="German">
            <text from_TM="False" rev_id="13" status="New" time="1222355938">OnTheGoSoft</text>
            <marker end="11" id="0" start="0" />
          </text_data><text_data language="Spanish">
            <text from_TM="False" rev_id="11" status="Complete" time="1222354203">Spanish : t</text>
            <marker end="11" id="0" start="0" />
          </text_data><text_data language="English">
            <text from_TM="False" rev_id="11" status="Complete" time="1222354203">OnTheGoSoft</text>
            <marker end="11" id="0" start="0" />
          </text_data><marker_def id="0" type="html">
            <html_marker tag="img">
              <attr name="border" val="0" />
              <attr name="src" val="images/small_web.gif" />
              <attr name="alt" val="OnTheGoSoft" />
              <attr name="width" val="160" />
              <attr name="height" val="62" />
            </html_marker>
          </marker_def>
        </ta_sentence><ta_sentence do_translation="yes" encoding="utf-8" format="1" id="1278" original_language="English">
          <space_before />
          <space_after />
          <text_data language="German">
            <text from_TM="False" rev_id="13" status="New" time="1222355938">Passport Photo</text>
            <marker end="14" id="0" start="0" />
          </text_data><text_data language="Spanish">
            <text from_TM="False" rev_id="11" status="Complete" time="1222354203">Spanish : hoto</text>
            <marker end="14" id="0" start="0" />
          </text_data><text_data language="English">
            <text from_TM="False" rev_id="11" status="Complete" time="1222354203">Passport Photo</text>
            <marker end="14" id="0" start="0" />
          </text_data><marker_def id="0" type="html">
            <html_marker tag="span">
              <attr name="class" val="TextTop" />
            </html_marker>
          </marker_def>
        </ta_sentence><ta_sentence do_translation="yes" encoding="utf-8" format="1" id="1279" original_language="English">
          <space_before> </space_before>
          <space_after />
          <text_data language="German">
            <text from_TM="False" rev_id="13" status="New" time="1222355938">Create and print passport photos in one minute!</text>
            <marker end="47" id="0" start="0" />
          </text_data><text_data language="Spanish">
            <text from_TM="False" rev_id="11" status="Complete" time="1222354203">Spanish :  print passport photos in one minute!</text>
            <marker end="47" id="0" start="0" />
          </text_data><text_data language="English">
            <text from_TM="False" rev_id="11" status="Complete" time="1222354203">Create and print passport photos in one minute!</text>
            <marker end="47" id="0" start="0" />
          </text_data><marker_def id="0" type="html">
            <html_marker tag="span">
              <attr name="class" val="tagline" />
            </html_marker>
          </marker_def>
        </ta_sentence><ta_sentence do_translation="no" encoding="utf-8" format="1" id="1280" original_language="English">
          <space_before />
          <space_after />
          <text_data language="German">
            <text from_TM="False" rev_id="13" status="New" time="1222355938" />
            <marker end="0" id="0" start="0" />
          </text_data><text_data language="Spanish">
            <text from_TM="False" rev_id="-1" status="Complete" time="1222355861" />
            <marker end="0" id="0" start="0" />
          </text_data><text_data language="English">
            <text from_TM="False" status="Complete" time="1222355861" />
            <marker end="0" id="0" start="0" />
          </text_data><marker_def id="0" type="html">
            <html_marker tag="img">
              <attr name="src" val="images/bluebottom.gif" />
              <attr name="alt" val="" />
              <attr name="width" val="760" />
              <attr name="height" val="5" />
            </html_marker>
          </marker_def>
        </ta_sentence><ta_sentence do_translation="yes" encoding="utf-8" format="1" id="1281" original_language="English">
          <space_before />
          <space_after />
          <text_data language="German">
            <text from_TM="False" rev_id="13" status="New" time="1222355938">Products</text>
            <marker end="8" id="0" start="0" />
          </text_data><text_data language="Spanish">
            <text from_TM="False" rev_id="11" status="Complete" time="1222354203">Spanish : </text>
            <marker end="8" id="0" start="0" />
          </text_data><text_data language="English">
            <text from_TM="False" rev_id="11" status="Complete" time="1222354203">Products</text>
            <marker end="8" id="0" start="0" />
          </text_data><marker_def id="0" type="html">
            <html_marker tag="a">
              <attr name="href" val="./" />
            </html_marker>
          </marker_def>
        </ta_sentence><ta_sentence do_translation="yes" encoding="utf-8" format="1" id="1282" original_language="English">
          <space_before />
          <space_after />
          <text_data language="German">
            <text from_TM="False" rev_id="13" status="New" time="1222355938">Downloads</text>
            <marker end="9" id="0" start="0" />
          </text_data><text_data language="Spanish">
            <text from_TM="False" rev_id="11" status="Complete" time="1222354203">Spanish : </text>
            <marker end="9" id="0" start="0" />
          </text_data><text_data language="English">
            <text from_TM="False" rev_id="11" status="Complete" time="1222354203">Downloads</text>
            <marker end="9" id="0" start="0" />
          </text_data><marker_def id="0" type="html">
            <html_marker tag="a">
              <attr name="href" val="download.htm" />
            </html_marker>
          </marker_def>
        </ta_sentence><ta_sentence do_translation="yes" encoding="utf-8" format="1" id="1283" original_language="English">
          <space_before />
          <space_after />
          <text_data language="German">
            <text from_TM="False" rev_id="13" status="New" time="1222355938">Buy</text>
            <marker end="3" id="0" start="0" />
          </text_data><text_data language="Spanish">
            <text from_TM="False" rev_id="11" status="Complete" time="1222354203">Spanish : </text>
            <marker end="3" id="0" start="0" />
          </text_data><text_data language="English">
            <text from_TM="False" rev_id="11" status="Complete" time="1222354203">Buy</text>
            <marker end="3" id="0" start="0" />
          </text_data><marker_def id="0" type="html">
            <html_marker tag="a">
              <attr name="href" val="buy.htm" />
            </html_marker>
          </marker_def>
        </ta_sentence><ta_sentence do_translation="yes" encoding="utf-8" format="1" id="1284" original_language="English">
          <space_before />
          <space_after />
          <text_data language="German">
            <text from_TM="False" rev_id="13" status="New" time="1222355938">Contact</text>
            <marker end="7" id="0" start="0" />
          </text_data><text_data language="Spanish">
            <text from_TM="False" rev_id="11" status="Complete" time="1222354203">Spanish : </text>
            <marker end="7" id="0" start="0" />
          </text_data><text_data language="English">
            <text from_TM="False" rev_id="11" status="Complete" time="1222354203">Contact</text>
            <marker end="7" id="0" start="0" />
          </text_data><marker_def id="0" type="html">
            <html_marker tag="a">
              <attr name="href" val="contact.htm" />
            </html_marker>
          </marker_def>
        </ta_sentence><ta_sentence do_translation="yes" encoding="utf-8" format="1" id="1285" original_language="English">
          <space_before />
          <space_after />
          <text_data language="German">
            <text from_TM="False" rev_id="13" status="New" time="1222355938">Support</text>
            <marker end="7" id="0" start="0" />
          </text_data><text_data language="Spanish">
            <text from_TM="False" rev_id="11" status="Complete" time="1222354203">Spanish : </text>
            <marker end="7" id="0" start="0" />
          </text_data><text_data language="English">
            <text from_TM="False" rev_id="11" status="Complete" time="1222354203">Support</text>
            <marker end="7" id="0" start="0" />
          </text_data><marker_def id="0" type="html">
            <html_marker tag="a">
              <attr name="href" val="support.htm" />
            </html_marker>
          </marker_def>
        </ta_sentence><ta_sentence do_translation="yes" encoding="utf-8" format="1" id="1286" original_language="English">
          <space_before />
          <space_after />
          <text_data language="German">
            <text from_TM="False" rev_id="13" status="New" time="1222355938">Product info</text>
            <marker end="12" id="0" start="0" />
          </text_data><text_data language="Spanish">
            <text from_TM="False" rev_id="11" status="Complete" time="1222354203">Spanish : fo</text>
            <marker end="12" id="0" start="0" />
          </text_data><text_data language="English">
            <text from_TM="False" rev_id="11" status="Complete" time="1222354203">Product info</text>
            <marker end="12" id="0" start="0" />
          </text_data><marker_def id="0" type="html">
            <html_marker tag="span">
              <attr name="class" val="Text-Bold" />
            </html_marker>
          </marker_def>
        </ta_sentence><ta_sentence do_translation="yes" encoding="utf-8" format="1" id="1287" original_language="English">
          <space_before> </space_before>
          <space_after />
          <text_data language="German">
            <text from_TM="False" rev_id="13" status="New" time="1222355938">Passport Photo</text>
            <marker end="14" id="0" start="0" />
          </text_data><text_data language="Spanish">
            <text from_TM="False" rev_id="11" status="Complete" time="1222354203">Spanish : hoto</text>
            <marker end="14" id="0" start="0" />
          </text_data><text_data language="English">
            <text from_TM="False" rev_id="11" status="Complete" time="1222354203">Passport Photo</text>
            <marker end="14" id="0" start="0" />
          </text_data><marker_def id="0" type="html">
            <html_marker tag="a">
              <attr name="href" val="passport_photo.htm" />
              <attr name="class" val="Text-Nav" />
            </html_marker>
          </marker_def>
        </ta_sentence><ta_sentence do_translation="yes" encoding="utf-8" format="1" id="1288" original_language="English">
          <space_before> </space_before>
          <space_after />
          <text_data language="German">
            <text from_TM="False" rev_id="13" status="New" time="1222355938">Download</text>
            <marker end="8" id="0" start="0" />
          </text_data><text_data language="Spanish">
            <text from_TM="False" rev_id="11" status="Complete" time="1222354203">Spanish : </text>
            <marker end="8" id="0" start="0" />
          </text_data><text_data language="English">
            <text from_TM="False" rev_id="11" status="Complete" time="1222354203">Download</text>
            <marker end="8" id="0" start="0" />
          </text_data><marker_def id="0" type="html">
            <html_marker tag="a">
              <attr name="href" val="pp_download.htm" />
              <attr name="class" val="Text-Nav" />
            </html_marker>
          </marker_def>
        </ta_sentence><ta_sentence do_translation="yes" encoding="utf-8" format="1" id="1289" original_language="English">
          <space_before> </space_before>
          <space_after />
          <text_data language="German">
            <text from_TM="False" rev_id="13" status="New" time="1222355938">News and Announcements</text>
            <marker end="22" id="0" start="0" />
          </text_data><text_data language="Spanish">
            <text from_TM="False" rev_id="11" status="Complete" time="1222354203">Spanish : nnouncements</text>
            <marker end="22" id="0" start="0" />
          </text_data><text_data language="English">
            <text from_TM="False" rev_id="11" status="Complete" time="1222354203">News and Announcements</text>
            <marker end="22" id="0" start="0" />
          </text_data><marker_def id="0" type="html">
            <html_marker tag="a">
              <attr name="href" val="/blog/?sectionid=4" />
              <attr name="class" val="Text-Nav" />
            </html_marker>
          </marker_def>
        </ta_sentence><ta_sentence do_translation="yes" encoding="utf-8" format="1" id="1290" original_language="English">
          <space_before />
          <space_after />
          <text_data language="German">
            <text from_TM="False" rev_id="13" status="New" time="1222355938">Photo information</text>
            <marker end="17" id="0" start="0" />
          </text_data><text_data language="Spanish">
            <text from_TM="False" rev_id="11" status="Complete" time="1222354203">Spanish : rmation</text>
            <marker end="17" id="0" start="0" />
          </text_data><text_data language="English">
            <text from_TM="False" rev_id="11" status="Complete" time="1222354203">Photo information</text>
            <marker end="17" id="0" start="0" />
          </text_data><marker_def id="0" type="html">
            <html_marker tag="span">
              <attr name="class" val="Text-Bold" />
            </html_marker>
          </marker_def>
        </ta_sentence><ta_sentence do_translation="yes" encoding="utf-8" format="1" id="1291" original_language="English">
          <space_before> </space_before>
          <space_after />
          <text_data language="German">
            <text from_TM="False" rev_id="13" status="New" time="1222355938">Passport Photo Specifications</text>
            <marker end="29" id="0" start="0" />
          </text_data><text_data language="Spanish">
            <text from_TM="False" rev_id="11" status="Complete" time="1222354203">Spanish : hoto Specifications</text>
            <marker end="29" id="0" start="0" />
          </text_data><text_data language="English">
            <text from_TM="False" rev_id="11" status="Complete" time="1222354203">Passport Photo Specifications</text>
            <marker end="29" id="0" start="0" />
          </text_data><marker_def id="0" type="html">
            <html_marker tag="a">
              <attr name="href" val="passport_photo_specifications.htm" />
              <attr name="class" val="Text-Nav" />
            </html_marker>
          </marker_def>
        </ta_sentence><ta_sentence do_translation="yes" encoding="utf-8" format="1" id="1292" original_language="English">
          <space_before> </space_before>
          <space_after />
          <text_data language="German">
            <text from_TM="False" rev_id="13" status="New" time="1222355938">Common Picture Problems</text>
            <marker end="23" id="0" start="0" />
          </text_data><text_data language="Spanish">
            <text from_TM="False" rev_id="11" status="Complete" time="1222354203">Spanish : ture Problems</text>
            <marker end="23" id="0" start="0" />
          </text_data><text_data language="English">
            <text from_TM="False" rev_id="11" status="Complete" time="1222354203">Common Picture Problems</text>
            <marker end="23" id="0" start="0" />
          </text_data><marker_def id="0" type="html">
            <html_marker tag="a">
              <attr name="href" val="common_photo_problems.htm" />
              <attr name="class" val="Text-Nav" />
            </html_marker>
          </marker_def>
        </ta_sentence><ta_sentence do_translation="yes" encoding="utf-8" format="1" id="1293" original_language="English">
          <space_before />
          <space_after />
          <text_data language="German">
            <text from_TM="False" rev_id="13" status="New" time="1222355938">Getting a passport</text>
            <marker end="18" id="0" start="0" />
          </text_data><text_data language="Spanish">
            <text from_TM="False" rev_id="11" status="Complete" time="1222354203">Spanish : passport</text>
            <marker end="18" id="0" start="0" />
          </text_data><text_data language="English">
            <text from_TM="False" rev_id="11" status="Complete" time="1222354203">Getting a passport</text>
            <marker end="18" id="0" start="0" />
          </text_data><marker_def id="0" type="html">
            <html_marker tag="span">
              <attr name="class" val="Text-Bold" />
            </html_marker>
          </marker_def>
        </ta_sentence><ta_sentence do_translation="yes" encoding="utf-8" format="1" id="1294" original_language="English">
          <space_before />
          <space_after />
          <text_data language="German">
            <text from_TM="False" rev_id="13" status="New" time="1222355938">You are here</text>
            <marker end="12" id="0" start="0" />
          </text_data><text_data language="Spanish">
            <text from_TM="False" rev_id="11" status="Complete" time="1222354203">Spanish : re</text>
            <marker end="12" id="0" start="0" />
          </text_data><text_data language="English">
            <text from_TM="False" rev_id="11" status="Complete" time="1222354203">You are here</text>
            <marker end="12" id="0" start="0" />
          </text_data><marker_def id="0" type="html">
            <html_marker tag="img">
              <attr name="src" val="images/here.gif" />
              <attr name="alt" val="You are here" />
              <attr name="class" val="hereimg" />
            </html_marker>
          </marker_def>
        </ta_sentence><ta_sentence do_translation="yes" encoding="utf-8" format="1" id="1295" original_language="English">
          <space_before />
          <space_after />
          <text_data language="German">
            <text from_TM="False" rev_id="13" status="New" time="1222355938">Passport Application</text>
            <marker end="20" id="0" start="0" />
          </text_data><text_data language="Spanish">
            <text from_TM="False" rev_id="11" status="Complete" time="1222354203">Spanish : pplication</text>
            <marker end="20" id="0" start="0" />
          </text_data><text_data language="English">
            <text from_TM="False" rev_id="11" status="Complete" time="1222354203">Passport Application</text>
            <marker end="20" id="0" start="0" />
          </text_data><marker_def id="0" type="html">
            <html_marker tag="span">
              <attr name="class" val="leftselected" />
            </html_marker>
          </marker_def>
        </ta_sentence><ta_sentence do_translation="yes" encoding="utf-8" format="1" id="1296" original_language="English">
          <space_before> </space_before>
          <space_after />
          <text_data language="German">
            <text from_TM="False" rev_id="13" status="New" time="1222355938">Passport Renewal</text>
            <marker end="16" id="0" start="0" />
          </text_data><text_data language="Spanish">
            <text from_TM="False" rev_id="11" status="Complete" time="1222354203">Spanish : enewal</text>
            <marker end="16" id="0" start="0" />
          </text_data><text_data language="English">
            <text from_TM="False" rev_id="11" status="Complete" time="1222354203">Passport Renewal</text>
            <marker end="16" id="0" start="0" />
          </text_data><marker_def id="0" type="html">
            <html_marker tag="a">
              <attr name="href" val="passport_renewal.htm" />
              <attr name="class" val="Text-Nav" />
            </html_marker>
          </marker_def>
        </ta_sentence><ta_sentence do_translation="yes" encoding="utf-8" format="1" id="1297" original_language="English">
          <space_before />
          <space_after />
          <text_data language="German">
            <text from_TM="False" rev_id="13" status="New" time="1222355938">Other features</text>
            <marker end="14" id="0" start="0" />
          </text_data><text_data language="Spanish">
            <text from_TM="False" rev_id="11" status="Complete" time="1222354203">Spanish : ures</text>
            <marker end="14" id="0" start="0" />
          </text_data><text_data language="English">
            <text from_TM="False" rev_id="11" status="Complete" time="1222354203">Other features</text>
            <marker end="14" id="0" start="0" />
          </text_data><marker_def id="0" type="html">
            <html_marker tag="span">
              <attr name="class" val="Text-Bold" />
            </html_marker>
          </marker_def>
        </ta_sentence><ta_sentence do_translation="yes" encoding="utf-8" format="1" id="1298" original_language="English">
          <space_before> </space_before>
          <space_after />
          <text_data language="German">
            <text from_TM="False" rev_id="13" status="New" time="1222355938">Child ID Cards</text>
            <marker end="14" id="0" start="0" />
          </text_data><text_data language="Spanish">
            <text from_TM="False" rev_id="11" status="Complete" time="1222354203">Spanish : ards</text>
            <marker end="14" id="0" start="0" />
          </text_data><text_data language="English">
            <text from_TM="False" rev_id="11" status="Complete" time="1222354203">Child ID Cards</text>
            <marker end="14" id="0" start="0" />
          </text_data><marker_def id="0" type="html">
            <html_marker tag="a">
              <attr name="href" val="child_id_cards.htm" />
              <attr name="class" val="Text-Nav" />
            </html_marker>
          </marker_def>
        </ta_sentence><ta_sentence do_translation="yes" encoding="utf-8" format="1" id="1299" original_language="English">
          <space_before> </space_before>
          <space_after />
          <text_data language="German">
            <text from_TM="False" rev_id="13" status="New" time="1222355938">Translated texts for child ID cards</text>
            <marker end="35" id="0" start="0" />
          </text_data><text_data language="Spanish">
            <text from_TM="False" rev_id="11" status="Complete" time="1222354203">Spanish :  texts for child ID cards</text>
            <marker end="35" id="0" start="0" />
          </text_data><text_data language="English">
            <text from_TM="False" rev_id="11" status="Complete" time="1222354203">Translated texts for child ID cards</text>
            <marker end="35" id="0" start="0" />
          </text_data><marker_def id="0" type="html">
            <html_marker tag="a">
              <attr name="href" val="translated-texts-for-id-cards.htm" />
              <attr name="class" val="Text-Nav" />
            </html_marker>
          </marker_def>
        </ta_sentence><ta_sentence do_translation="yes" encoding="utf-8" format="1" id="1300" original_language="English">
          <space_before />
          <space_after />
          <text_data language="German">
            <text from_TM="False" rev_id="13" status="New" time="1222355938">Bookmark this page</text>
            <marker end="18" id="0" start="0" />
          </text_data><text_data language="Spanish">
            <text from_TM="False" rev_id="11" status="Complete" time="1222354203">Spanish : his page</text>
            <marker end="18" id="0" start="0" />
          </text_data><text_data language="English">
            <text from_TM="False" rev_id="11" status="Complete" time="1222354203">Bookmark this page</text>
            <marker end="18" id="0" start="0" />
          </text_data><marker_def id="0" type="html">
            <html_marker tag="img">
              <attr name="src" val="images/bookmark_us.png" />
              <attr name="alt" val="Bookmark this page" />
              <attr name="class" val="delicious" />
            </html_marker>
          </marker_def>
        </ta_sentence><ta_sentence do_translation="yes" encoding="utf-8" format="1" id="1301" original_language="English">
          <space_before />
          <space_after />
          <text_data language="German">
            <text from_TM="False" rev_id="13" status="New" time="1222355938">Bookmark on</text>
            <marker end="-1" id="0" start="0" />
            <marker end="-1" id="0" start="0" />
          </text_data><text_data language="Spanish">
            <text from_TM="False" rev_id="11" status="Complete" time="1222354203">Spanish : n</text>
            <marker end="-1" id="0" start="0" />
            <marker end="-1" id="0" start="0" />
          </text_data><text_data language="English">
            <text from_TM="False" rev_id="11" status="Complete" time="1222354203">Bookmark on</text>
            <marker end="-1" id="0" start="0" />
            <marker end="-1" id="0" start="0" />
          </text_data><marker_def id="0" type="html">
            <html_marker tag="a">
              <attr name="rel" val="nofollow" />
              <attr name="href" val="http://del.icio.us/post?url=http%3A%2F%2Fwww.onthegosoft.com%2Fpassport_application.htm&amp;title=Passport+Application+-+what+to+do%3F" />
              <attr name="target" val="_blank" />
              <attr name="class" val="Text-Nav" />
            </html_marker>
          </marker_def>
        </ta_sentence><ta_sentence do_translation="yes" encoding="utf-8" format="1" id="1302" original_language="English">
          <space_before />
          <space_after />
          <text_data language="German">
            <text from_TM="False" rev_id="13" status="New" time="1222355938">del.icio.us</text>
            <marker end="11" id="-1" start="-1" />
          </text_data><text_data language="Spanish">
            <text from_TM="False" rev_id="11" status="Complete" time="1222354203">Spanish : s</text>
            <marker end="11" id="-1" start="-1" />
          </text_data><text_data language="English">
            <text from_TM="False" rev_id="11" status="Complete" time="1222354203">del.icio.us</text>
            <marker end="11" id="-1" start="-1" />
          </text_data><marker_def id="-1" type="html">
            <html_marker tag="a" />
          </marker_def>
        </ta_sentence><ta_sentence do_translation="yes" encoding="utf-8" format="1" id="1303" original_language="English">
          <space_before />
          <space_after />
          <text_data language="German">
            <text from_TM="False" rev_id="13" status="New" time="1222355938">Home&#160;&gt;&#160;Passport Photo&#160;&gt;&#160;Passport Application</text>
            <marker end="44" id="0" start="0" />
            <marker end="4" id="1" start="0" />
            <marker end="21" id="2" start="7" />
          </text_data><text_data language="Spanish">
            <text from_TM="False" rev_id="11" status="Complete" time="1222354203">Spanish : sport Photo&#160;&gt;&#160;Passport Application</text>
            <marker end="44" id="0" start="0" />
            <marker end="4" id="1" start="0" />
            <marker end="21" id="2" start="7" />
          </text_data><text_data language="English">
            <text from_TM="False" rev_id="11" status="Complete" time="1222354203">Home&#160;&gt;&#160;Passport Photo&#160;&gt;&#160;Passport Application</text>
            <marker end="44" id="0" start="0" />
            <marker end="4" id="1" start="0" />
            <marker end="21" id="2" start="7" />
          </text_data><marker_def id="0" type="html">
            <html_marker tag="span">
              <attr name="class" val="Text-TopNav" />
            </html_marker>
          </marker_def><marker_def id="1" type="html">
            <html_marker tag="a">
              <attr name="href" val="./" />
            </html_marker>
          </marker_def><marker_def id="2" type="html">
            <html_marker tag="a">
              <attr name="href" val="passport_photo.htm" />
            </html_marker>
          </marker_def>
        </ta_sentence><ta_sentence do_translation="yes" encoding="utf-8" format="1" id="1304" original_language="English">
          <space_before />
          <space_after />
          <text_data language="German">
            <text from_TM="False" rev_id="13" status="New" time="1222355938">Applying for a Passport</text>
          </text_data><text_data language="Spanish">
            <text from_TM="False" rev_id="11" status="Complete" time="1222354203">Spanish : or a Passport</text>
          </text_data><text_data language="English">
            <text from_TM="False" rev_id="11" status="Complete" time="1222354203">Applying for a Passport</text>
          </text_data>
        </ta_sentence><ta_sentence do_translation="yes" encoding="utf-8" format="1" id="1305" original_language="English">
          <space_before />
          <space_after />
          <text_data language="German">
            <text from_TM="False" rev_id="13" status="New" time="1222355938">Normally, you should be able to apply for a passport from your country, either by making a trip to the nearest passport office or by going to your embassy if you're outside of your country.</text>
          </text_data><text_data language="Spanish">
            <text from_TM="False" rev_id="11" status="Complete" time="1222354203">Spanish : you should be able to apply for a passport from your country, either by making a trip to the nearest passport office or by going to your embassy if you're outside of your country.</text>
          </text_data><text_data language="English">
            <text from_TM="False" rev_id="11" status="Complete" time="1222354203">Normally, you should be able to apply for a passport from your country, either by making a trip to the nearest passport office or by going to your embassy if you're outside of your country.</text>
          </text_data>
        </ta_sentence><ta_sentence do_translation="yes" encoding="utf-8" format="1" id="1306" original_language="English">
          <space_before> </space_before>
          <space_after />
          <text_data language="German">
            <text from_TM="False" rev_id="13" status="New" time="1222355938">To make sure your application goes smoothly, and to avoid repeated trips, you should know what documents you need to bring with you (or send by post).</text>
          </text_data><text_data language="Spanish">
            <text from_TM="False" rev_id="11" status="Complete" time="1222354203">Spanish : re your application goes smoothly, and to avoid repeated trips, you should know what documents you need to bring with you (or send by post).</text>
          </text_data><text_data language="English">
            <text from_TM="False" rev_id="11" status="Complete" time="1222354203">To make sure your application goes smoothly, and to avoid repeated trips, you should know what documents you need to bring with you (or send by post).</text>
          </text_data>
        </ta_sentence><ta_sentence do_translation="yes" encoding="utf-8" format="1" id="1307" original_language="English">
          <space_before />
          <space_after />
          <text_data language="German">
            <text from_TM="False" rev_id="13" status="New" time="1222355938">What do I need to have to apply for a passport?</text>
          </text_data><text_data language="Spanish">
            <text from_TM="False" rev_id="11" status="Complete" time="1222354203">Spanish : need to have to apply for a passport?</text>
          </text_data><text_data language="English">
            <text from_TM="False" rev_id="11" status="Complete" time="1222354203">What do I need to have to apply for a passport?</text>
          </text_data>
        </ta_sentence><ta_sentence do_translation="no" encoding="utf-8" format="1" id="1308" original_language="English">
          <space_before />
          <space_after />
          <text_data language="German">
            <text from_TM="False" rev_id="13" status="New" time="1222355938">(</text>
            <marker end="1" id="0" start="0" />
          </text_data><text_data language="Spanish">
            <text from_TM="False" rev_id="11" status="Complete" time="1222354203">Spanish : </text>
            <marker end="1" id="0" start="0" />
          </text_data><text_data language="English">
            <text from_TM="False" rev_id="11" status="Complete" time="1222354203">(</text>
            <marker end="1" id="0" start="0" />
          </text_data><marker_def id="0" type="html">
            <html_marker tag="img">
              <attr name="src" val="images/corners/white-left-tp.gif" />
              <attr name="width" val="10" />
              <attr name="height" val="10" />
              <attr name="alt" val="(" />
            </html_marker>
          </marker_def>
        </ta_sentence><ta_sentence do_translation="no" encoding="utf-8" format="1" id="1309" original_language="English">
          <space_before />
          <space_after />
          <text_data language="German">
            <text from_TM="False" rev_id="13" status="New" time="1222355938">)</text>
            <marker end="1" id="0" start="0" />
          </text_data><text_data language="Spanish">
            <text from_TM="False" rev_id="11" status="Complete" time="1222354203">Spanish : </text>
            <marker end="1" id="0" start="0" />
          </text_data><text_data language="English">
            <text from_TM="False" rev_id="11" status="Complete" time="1222354203">)</text>
            <marker end="1" id="0" start="0" />
          </text_data><marker_def id="0" type="html">
            <html_marker tag="img">
              <attr name="src" val="images/corners/white-right-tp.gif" />
              <attr name="width" val="10" />
              <attr name="height" val="10" />
              <attr name="alt" val=")" />
            </html_marker>
          </marker_def>
        </ta_sentence><ta_sentence do_translation="yes" encoding="utf-8" format="1" id="1310" original_language="English">
          <space_before />
          <space_after />
          <text_data language="German">
            <text from_TM="False" rev_id="13" status="New" time="1222355938">1) A proof of your citizenship</text>
          </text_data><text_data language="Spanish">
            <text from_TM="False" rev_id="11" status="Complete" time="1222354203">Spanish :  of your citizenship</text>
          </text_data><text_data language="English">
            <text from_TM="False" rev_id="11" status="Complete" time="1222354203">1) A proof of your citizenship</text>
          </text_data>
        </ta_sentence><ta_sentence do_translation="yes" encoding="utf-8" format="1" id="1311" original_language="English">
          <space_before />
          <space_after />
          <text_data language="German">
            <text from_TM="False" rev_id="13" status="New" time="1222355938">You must be able to demonstrate that you're a citizen of the country.</text>
          </text_data><text_data language="Spanish">
            <text from_TM="False" rev_id="11" status="Complete" time="1222354203">Spanish : e able to demonstrate that you're a citizen of the country.</text>
          </text_data><text_data language="English">
            <text from_TM="False" rev_id="11" status="Complete" time="1222354203">You must be able to demonstrate that you're a citizen of the country.</text>
          </text_data>
        </ta_sentence><ta_sentence do_translation="yes" encoding="utf-8" format="1" id="1312" original_language="English">
          <space_before> </space_before>
          <space_after />
          <text_data language="German">
            <text from_TM="False" rev_id="13" status="New" time="1222355938">Residents without citizenship cannot apply for a passport.</text>
          </text_data><text_data language="Spanish">
            <text from_TM="False" rev_id="11" status="Complete" time="1222354203">Spanish : without citizenship cannot apply for a passport.</text>
          </text_data><text_data language="English">
            <text from_TM="False" rev_id="11" status="Complete" time="1222354203">Residents without citizenship cannot apply for a passport.</text>
          </text_data>
        </ta_sentence><ta_sentence do_translation="yes" encoding="utf-8" format="1" id="1313" original_language="English">
          <space_before />
          <space_after />
          <text_data language="German">
            <text from_TM="False" rev_id="13" status="New" time="1222355938">2) Application form and fee</text>
          </text_data><text_data language="Spanish">
            <text from_TM="False" rev_id="11" status="Complete" time="1222354203">Spanish : tion form and fee</text>
          </text_data><text_data language="English">
            <text from_TM="False" rev_id="11" status="Complete" time="1222354203">2) Application form and fee</text>
          </text_data>
        </ta_sentence><ta_sentence do_translation="yes" encoding="utf-8" format="1" id="1314" original_language="English">
          <space_before />
          <space_after />
          <text_data language="German">
            <text from_TM="False" rev_id="13" status="New" time="1222355938">In most cases, you can visit the website of your country's passport office and get the forms from there.</text>
          </text_data><text_data language="Spanish">
            <text from_TM="False" rev_id="11" status="Complete" time="1222354203">Spanish : ses, you can visit the website of your country's passport office and get the forms from there.</text>
          </text_data><text_data language="English">
            <text from_TM="False" rev_id="11" status="Complete" time="1222354203">In most cases, you can visit the website of your country's passport office and get the forms from there.</text>
          </text_data>
        </ta_sentence><ta_sentence do_translation="yes" encoding="utf-8" format="1" id="1315" original_language="English">
          <space_before> </space_before>
          <space_after />
          <text_data language="German">
            <text from_TM="False" rev_id="13" status="New" time="1222355938">You'll be able to print and fill them at home.</text>
          </text_data><text_data language="Spanish">
            <text from_TM="False" rev_id="11" status="Complete" time="1222354203">Spanish : able to print and fill them at home.</text>
          </text_data><text_data language="English">
            <text from_TM="False" rev_id="11" status="Complete" time="1222354203">You'll be able to print and fill them at home.</text>
          </text_data>
        </ta_sentence><ta_sentence do_translation="yes" encoding="utf-8" format="1" id="1316" original_language="English">
          <space_before> </space_before>
          <space_after />
          <text_data language="German">
            <text from_TM="False" rev_id="13" status="New" time="1222355938">Then, you can send these forms by post to be processed.</text>
          </text_data><text_data language="Spanish">
            <text from_TM="False" rev_id="11" status="Complete" time="1222354203">Spanish : can send these forms by post to be processed.</text>
          </text_data><text_data language="English">
            <text from_TM="False" rev_id="11" status="Complete" time="1222354203">Then, you can send these forms by post to be processed.</text>
          </text_data>
        </ta_sentence><ta_sentence do_translation="yes" encoding="utf-8" format="1" id="1317" original_language="English">
          <space_before> </space_before>
          <space_after />
          <text_data language="German">
            <text from_TM="False" rev_id="13" status="New" time="1222355938">Below are links to US, UK and Australian passport offices with information on where to get the application forms.</text>
          </text_data><text_data language="Spanish">
            <text from_TM="False" rev_id="11" status="Complete" time="1222354203">Spanish : links to US, UK and Australian passport offices with information on where to get the application forms.</text>
          </text_data><text_data language="English">
            <text from_TM="False" rev_id="11" status="Complete" time="1222354203">Below are links to US, UK and Australian passport offices with information on where to get the application forms.</text>
          </text_data>
        </ta_sentence><ta_sentence do_translation="yes" encoding="utf-8" format="1" id="1318" original_language="English">
          <space_before />
          <space_after />
          <text_data language="German">
            <text from_TM="False" rev_id="13" status="New" time="1222355938">3) Minors must be accompanied by their parents</text>
          </text_data><text_data language="Spanish">
            <text from_TM="False" rev_id="11" status="Complete" time="1222354203">Spanish : must be accompanied by their parents</text>
          </text_data><text_data language="English">
            <text from_TM="False" rev_id="11" status="Complete" time="1222354203">3) Minors must be accompanied by their parents</text>
          </text_data>
        </ta_sentence><ta_sentence do_translation="yes" encoding="utf-8" format="1" id="1319" original_language="English">
          <space_before />
          <space_after />
          <text_data language="German">
            <text from_TM="False" rev_id="13" status="New" time="1222355938">If you're an adult - you're on your own.</text>
          </text_data><text_data language="Spanish">
            <text from_TM="False" rev_id="11" status="Complete" time="1222354203">Spanish : an adult - you're on your own.</text>
          </text_data><text_data language="English">
            <text from_TM="False" rev_id="11" status="Complete" time="1222354203">If you're an adult - you're on your own.</text>
          </text_data>
        </ta_sentence><ta_sentence do_translation="yes" encoding="utf-8" format="1" id="1320" original_language="English">
          <space_before> </space_before>
          <space_after />
          <text_data language="German">
            <text from_TM="False" rev_id="13" status="New" time="1222355938">However, when applying for a passport for a minor, both parents should be present (and the minor too).</text>
          </text_data><text_data language="Spanish">
            <text from_TM="False" rev_id="11" status="Complete" time="1222354203">Spanish : hen applying for a passport for a minor, both parents should be present (and the minor too).</text>
          </text_data><text_data language="English">
            <text from_TM="False" rev_id="11" status="Complete" time="1222354203">However, when applying for a passport for a minor, both parents should be present (and the minor too).</text>
          </text_data>
        </ta_sentence><ta_sentence do_translation="yes" encoding="utf-8" format="1" id="1321" original_language="English">
          <space_before />
          <space_after />
          <text_data language="German">
            <text from_TM="False" rev_id="13" status="New" time="1222355938">4) A valid ID document</text>
          </text_data><text_data language="Spanish">
            <text from_TM="False" rev_id="11" status="Complete" time="1222354203">Spanish :  ID document</text>
          </text_data><text_data language="English">
            <text from_TM="False" rev_id="11" status="Complete" time="1222354203">4) A valid ID document</text>
          </text_data>
        </ta_sentence><ta_sentence do_translation="yes" encoding="utf-8" format="1" id="1322" original_language="English">
          <space_before />
          <space_after />
          <text_data language="German">
            <text from_TM="False" rev_id="13" status="New" time="1222355938">To show that you're who you're claiming you are, you should typically bring a photo ID with you.</text>
          </text_data><text_data language="Spanish">
            <text from_TM="False" rev_id="11" status="Complete" time="1222354203">Spanish : at you're who you're claiming you are, you should typically bring a photo ID with you.</text>
          </text_data><text_data language="English">
            <text from_TM="False" rev_id="11" status="Complete" time="1222354203">To show that you're who you're claiming you are, you should typically bring a photo ID with you.</text>
          </text_data>
        </ta_sentence><ta_sentence do_translation="yes" encoding="utf-8" format="1" id="1323" original_language="English">
          <space_before />
          <space_after />
          <text_data language="German">
            <text from_TM="False" rev_id="13" status="New" time="1222355938">5) Two new passport photos</text>
          </text_data><text_data language="Spanish">
            <text from_TM="False" rev_id="11" status="Complete" time="1222354203">Spanish :  passport photos</text>
          </text_data><text_data language="English">
            <text from_TM="False" rev_id="11" status="Complete" time="1222354203">5) Two new passport photos</text>
          </text_data>
        </ta_sentence><ta_sentence do_translation="yes" encoding="utf-8" format="1" id="1324" original_language="English">
          <space_before />
          <space_after />
          <text_data language="German">
            <text from_TM="False" rev_id="13" status="New" time="1222355938">In any case, when applying for a passport, you'll need a pair of identical, recent passport photos.</text>
          </text_data><text_data language="Spanish">
            <text from_TM="False" rev_id="11" status="Complete" time="1222354203">Spanish : e, when applying for a passport, you'll need a pair of identical, recent passport photos.</text>
          </text_data><text_data language="English">
            <text from_TM="False" rev_id="11" status="Complete" time="1222354203">In any case, when applying for a passport, you'll need a pair of identical, recent passport photos.</text>
          </text_data>
        </ta_sentence><ta_sentence do_translation="yes" encoding="utf-8" format="1" id="1325" original_language="English">
          <space_before> </space_before>
          <space_after />
          <text_data language="German">
            <text from_TM="False" rev_id="13" status="New" time="1222355938">You can save money by making them yourself using Passport Photo. Before you take your photos, spend a few minutes reading our recommendations for taking good passport photos. Then, use Passport Photo to print them at home, or in any shop - just like regular photos.</text>
            <marker end="63" id="0" start="0" />
            <marker end="63" id="1" start="49" />
            <marker end="173" id="2" start="126" />
            <marker end="199" id="3" start="185" />
          </text_data><text_data language="Spanish">
            <text from_TM="False" rev_id="11" status="Complete" time="1222354203">Spanish : ve money by making them yourself using Passport Photo. Before you take your photos, spend a few minutes reading our recommendations for taking good passport photos. Then, use Passport Photo to print them at home, or in any shop - just like regular photos.</text>
            <marker end="63" id="0" start="0" />
            <marker end="63" id="1" start="49" />
            <marker end="173" id="2" start="126" />
            <marker end="199" id="3" start="185" />
          </text_data><text_data language="English">
            <text from_TM="False" rev_id="11" status="Complete" time="1222354203">You can save money by making them yourself using Passport Photo. Before you take your photos, spend a few minutes reading our recommendations for taking good passport photos. Then, use Passport Photo to print them at home, or in any shop - just like regular photos.</text>
            <marker end="63" id="0" start="0" />
            <marker end="63" id="1" start="49" />
            <marker end="173" id="2" start="126" />
            <marker end="199" id="3" start="185" />
          </text_data><marker_def id="0" type="html">
            <html_marker tag="b" />
          </marker_def><marker_def id="1" type="html">
            <html_marker tag="a">
              <attr name="href" val="passport_photo.htm" />
            </html_marker>
          </marker_def><marker_def id="2" type="html">
            <html_marker tag="a">
              <attr name="href" val="passport_photo_specifications.htm" />
            </html_marker>
          </marker_def><marker_def id="3" type="html">
            <html_marker tag="a">
              <attr name="href" val="passport_photo.htm" />
            </html_marker>
          </marker_def>
        </ta_sentence><ta_sentence do_translation="no" encoding="utf-8" format="1" id="1326" original_language="English">
          <space_before />
          <space_after />
          <text_data language="German">
            <text from_TM="False" rev_id="13" status="New" time="1222355938">(</text>
            <marker end="1" id="0" start="0" />
          </text_data><text_data language="Spanish">
            <text from_TM="False" rev_id="11" status="Complete" time="1222354203">Spanish : </text>
            <marker end="1" id="0" start="0" />
          </text_data><text_data language="English">
            <text from_TM="False" rev_id="11" status="Complete" time="1222354203">(</text>
            <marker end="1" id="0" start="0" />
          </text_data><marker_def id="0" type="html">
            <html_marker tag="img">
              <attr name="src" val="images/corners/white-left-btm.gif" />
              <attr name="width" val="10" />
              <attr name="height" val="10" />
              <attr name="alt" val="(" />
            </html_marker>
          </marker_def>
        </ta_sentence><ta_sentence do_translation="no" encoding="utf-8" format="1" id="1327" original_language="English">
          <space_before />
          <space_after />
          <text_data language="German">
            <text from_TM="False" rev_id="13" status="New" time="1222355938">)</text>
            <marker end="1" id="0" start="0" />
          </text_data><text_data language="Spanish">
            <text from_TM="False" rev_id="11" status="Complete" time="1222354203">Spanish : </text>
            <marker end="1" id="0" start="0" />
          </text_data><text_data language="English">
            <text from_TM="False" rev_id="11" status="Complete" time="1222354203">)</text>
            <marker end="1" id="0" start="0" />
          </text_data><marker_def id="0" type="html">
            <html_marker tag="img">
              <attr name="src" val="images/corners/white-right-btm.gif" />
              <attr name="width" val="10" />
              <attr name="height" val="10" />
              <attr name="alt" val=")" />
            </html_marker>
          </marker_def>
        </ta_sentence><ta_sentence do_translation="yes" encoding="utf-8" format="1" id="1328" original_language="English">
          <space_before />
          <space_after />
          <text_data language="German">
            <text from_TM="False" rev_id="13" status="New" time="1222355938">Official information on passport applications</text>
          </text_data><text_data language="Spanish">
            <text from_TM="False" rev_id="11" status="Complete" time="1222354203">Spanish : nformation on passport applications</text>
          </text_data><text_data language="English">
            <text from_TM="False" rev_id="11" status="Complete" time="1222354203">Official information on passport applications</text>
          </text_data>
        </ta_sentence><ta_sentence do_translation="yes" encoding="utf-8" format="1" id="1329" original_language="English">
          <space_before />
          <space_after />
          <text_data language="German">
            <text from_TM="False" rev_id="13" status="New" time="1222355938">You can find complete information, including where to go, specific requirements and what to bring in your country's website.</text>
          </text_data><text_data language="Spanish">
            <text from_TM="False" rev_id="11" status="Complete" time="1222354203">Spanish : nd complete information, including where to go, specific requirements and what to bring in your country's website.</text>
          </text_data><text_data language="English">
            <text from_TM="False" rev_id="11" status="Complete" time="1222354203">You can find complete information, including where to go, specific requirements and what to bring in your country's website.</text>
          </text_data>
        </ta_sentence><ta_sentence do_translation="yes" encoding="utf-8" format="1" id="1330" original_language="English">
          <space_before> </space_before>
          <space_after />
          <text_data language="German">
            <text from_TM="False" rev_id="13" status="New" time="1222355938">US passports - US Department of State - First time passport applications.</text>
            <marker end="12" id="0" start="0" />
            <marker end="72" id="1" start="15" />
          </text_data><text_data language="Spanish">
            <text from_TM="False" rev_id="11" status="Complete" time="1222354203">Spanish : ts - US Department of State - First time passport applications.</text>
            <marker end="12" id="0" start="0" />
            <marker end="72" id="1" start="15" />
          </text_data><text_data language="English">
            <text from_TM="False" rev_id="11" status="Complete" time="1222354203">US passports - US Department of State - First time passport applications.</text>
            <marker end="12" id="0" start="0" />
            <marker end="72" id="1" start="15" />
          </text_data><marker_def id="0" type="html">
            <html_marker tag="b" />
          </marker_def><marker_def id="1" type="html">
            <html_marker tag="a">
              <attr name="target" val="_blank" />
              <attr name="href" val="http://travel.state.gov/passport/get/first/first_832.html" />
            </html_marker>
          </marker_def>
        </ta_sentence><ta_sentence do_translation="yes" encoding="utf-8" format="1" id="1331" original_language="English">
          <space_before> </space_before>
          <space_after />
          <text_data language="German">
            <text from_TM="False" rev_id="13" status="New" time="1222355938">UK passports - UK Identity and Passport Service - Apply for a passport.</text>
            <marker end="12" id="0" start="0" />
            <marker end="70" id="1" start="15" />
          </text_data><text_data language="Spanish">
            <text from_TM="False" rev_id="11" status="Complete" time="1222354203">Spanish : ts - UK Identity and Passport Service - Apply for a passport.</text>
            <marker end="12" id="0" start="0" />
            <marker end="70" id="1" start="15" />
          </text_data><text_data language="English">
            <text from_TM="False" rev_id="11" status="Complete" time="1222354203">UK passports - UK Identity and Passport Service - Apply for a passport.</text>
            <marker end="12" id="0" start="0" />
            <marker end="70" id="1" start="15" />
          </text_data><marker_def id="0" type="html">
            <html_marker tag="b" />
          </marker_def><marker_def id="1" type="html">
            <html_marker tag="a">
              <attr name="target" val="_blank" />
              <attr name="href" val="http://www.passport.gov.uk/passport_index.asp" />
            </html_marker>
          </marker_def>
        </ta_sentence><ta_sentence do_translation="yes" encoding="utf-8" format="1" id="1332" original_language="English">
          <space_before> </space_before>
          <space_after> </space_after>
          <text_data language="German">
            <text from_TM="False" rev_id="13" status="New" time="1222355938">Australian passports - Australian Department of Foreign Affairs and Trade - Passport application forms.</text>
            <marker end="20" id="0" start="0" />
            <marker end="102" id="1" start="23" />
          </text_data><text_data language="Spanish">
            <text from_TM="False" rev_id="11" status="Complete" time="1222354203">Spanish :  passports - Australian Department of Foreign Affairs and Trade - Passport application forms.</text>
            <marker end="20" id="0" start="0" />
            <marker end="102" id="1" start="23" />
          </text_data><text_data language="English">
            <text from_TM="False" rev_id="11" status="Complete" time="1222354203">Australian passports - Australian Department of Foreign Affairs and Trade - Passport application forms.</text>
            <marker end="20" id="0" start="0" />
            <marker end="102" id="1" start="23" />
          </text_data><marker_def id="0" type="html">
            <html_marker tag="b" />
          </marker_def><marker_def id="1" type="html">
            <html_marker tag="a">
              <attr name="target" val="_blank" />
              <attr name="href" val="https://www.passports.gov.au/Web/Forms/EntryPoint.aspx" />
            </html_marker>
          </marker_def>
        </ta_sentence><ta_sentence do_translation="yes" encoding="utf-8" format="1" id="1333" original_language="English">
          <space_before />
          <space_after />
          <text_data language="German">
            <text from_TM="False" rev_id="13" status="New" time="1222355938">Products&#160;&#160; - &#160;&#160;Passport Photo&#160;&#160; - &#160;&#160;Photo Backup&#160;&#160; - &#160;&#160;Shrink Pic&#160;&#160; - &#160;&#160;Resources&#160;&#160; - &#160;&#160;Partners&#160;&#160; - &#160;&#160;Blog</text>
            <marker end="8" id="0" start="0" />
            <marker end="29" id="1" start="15" />
            <marker end="48" id="2" start="36" />
            <marker end="65" id="3" start="55" />
            <marker end="81" id="4" start="72" />
            <marker end="96" id="5" start="88" />
            <marker end="107" id="6" start="103" />
          </text_data><text_data language="Spanish">
            <text from_TM="False" rev_id="11" status="Complete" time="1222354203">Spanish :  - &#160;&#160;Passport Photo&#160;&#160; - &#160;&#160;Photo Backup&#160;&#160; - &#160;&#160;Shrink Pic&#160;&#160; - &#160;&#160;Resources&#160;&#160; - &#160;&#160;Partners&#160;&#160; - &#160;&#160;Blog</text>
            <marker end="8" id="0" start="0" />
            <marker end="29" id="1" start="15" />
            <marker end="48" id="2" start="36" />
            <marker end="65" id="3" start="55" />
            <marker end="81" id="4" start="72" />
            <marker end="96" id="5" start="88" />
            <marker end="107" id="6" start="103" />
          </text_data><text_data language="English">
            <text from_TM="False" rev_id="11" status="Complete" time="1222354203">Products&#160;&#160; - &#160;&#160;Passport Photo&#160;&#160; - &#160;&#160;Photo Backup&#160;&#160; - &#160;&#160;Shrink Pic&#160;&#160; - &#160;&#160;Resources&#160;&#160; - &#160;&#160;Partners&#160;&#160; - &#160;&#160;Blog</text>
            <marker end="8" id="0" start="0" />
            <marker end="29" id="1" start="15" />
            <marker end="48" id="2" start="36" />
            <marker end="65" id="3" start="55" />
            <marker end="81" id="4" start="72" />
            <marker end="96" id="5" start="88" />
            <marker end="107" id="6" start="103" />
          </text_data><marker_def id="0" type="html">
            <html_marker tag="a">
              <attr name="href" val="./" />
            </html_marker>
          </marker_def><marker_def id="1" type="html">
            <html_marker tag="a">
              <attr name="href" val="passport_photo.htm" />
            </html_marker>
          </marker_def><marker_def id="2" type="html">
            <html_marker tag="a">
              <attr name="href" val="photo_backup.htm" />
            </html_marker>
          </marker_def><marker_def id="3" type="html">
            <html_marker tag="a">
              <attr name="href" val="shrink_pic.htm" />
            </html_marker>
          </marker_def><marker_def id="4" type="html">
            <html_marker tag="a">
              <attr name="href" val="links_nav.htm" />
            </html_marker>
          </marker_def><marker_def id="5" type="html">
            <html_marker tag="a">
              <attr name="href" val="partners.htm" />
            </html_marker>
          </marker_def><marker_def id="6" type="html">
            <html_marker tag="a">
              <attr name="href" val="blog/" />
            </html_marker>
          </marker_def>
        </ta_sentence><ta_sentence do_translation="yes" encoding="utf-8" format="1" id="1334" original_language="English">
          <space_before />
          <space_after />
          <text_data language="German">
            <text from_TM="False" rev_id="13" status="New" time="1222355938">This website has been translated using ICanLocalize - Affordable Website Translation</text>
            <marker end="-1" id="0" start="0" />
            <marker end="84" id="1" start="39" />
            <marker end="-1" id="0" start="0" />
          </text_data><text_data language="Spanish">
            <text from_TM="False" rev_id="11" status="Complete" time="1222354203">Spanish : te has been translated using ICanLocalize - Affordable Website Translation</text>
            <marker end="-1" id="0" start="0" />
            <marker end="84" id="1" start="39" />
            <marker end="-1" id="0" start="0" />
          </text_data><text_data language="English">
            <text from_TM="False" rev_id="11" status="Complete" time="1222354203">This website has been translated using ICanLocalize - Affordable Website Translation</text>
            <marker end="-1" id="0" start="0" />
            <marker end="84" id="1" start="39" />
            <marker end="-1" id="0" start="0" />
          </text_data><marker_def id="0" type="html">
            <html_marker tag="span">
              <attr name="class" val="copyright" />
            </html_marker>
          </marker_def><marker_def id="1" type="html">
            <html_marker tag="a">
              <attr name="target" val="_blank" />
              <attr name="href" val="http://www.icanlocalize.com" />
            </html_marker>
          </marker_def>
        </ta_sentence><ta_sentence do_translation="yes" encoding="utf-8" format="1" id="1335" original_language="English">
          <space_before />
          <space_after />
          <text_data language="German">
            <text from_TM="False" rev_id="13" status="New" time="1222355938">&#169; OnTheGoSystems,INC. 2003-2008</text>
            <marker end="21" id="0" start="2" />
            <marker end="31" id="-1" start="-1" />
          </text_data><text_data language="Spanish">
            <text from_TM="False" rev_id="11" status="Complete" time="1222354203">Spanish : ystems,INC. 2003-2008</text>
            <marker end="21" id="0" start="2" />
            <marker end="31" id="-1" start="-1" />
          </text_data><text_data language="English">
            <text from_TM="False" rev_id="11" status="Complete" time="1222354203">&#169; OnTheGoSystems,INC. 2003-2008</text>
            <marker end="21" id="0" start="2" />
            <marker end="31" id="-1" start="-1" />
          </text_data><marker_def id="0" type="html">
            <html_marker tag="a">
              <attr name="href" val="http://www.onthegosystems.com/" />
              <attr name="target" val="_blank" />
            </html_marker>
          </marker_def><marker_def id="-1" type="html">
            <html_marker tag="span" />
          </marker_def>
        </ta_sentence>
      </sentences><html_output_change_data_3 />
    </translation>
  </ta_buffer><ta_buffer encoding="utf-8" format="1" manual="False" original_language="English" source_file="/passport_photo_specifications.htm" type="html">
    <extractor>
      <marked_file MD5="83c6788986222bf8e1d6710a54e457e3" encoding="zlib-hex">789ced5c5973dc36127e56aaf63fc0e3c4b62a7348b2e5231e4d4aa7a3f5115524552a4f531812338445125c02d478f290bfb355fbb6bf217f6cbb0190048f39247bb7b2555625d29003341a8d3ebe6e001e3e38f9f9f8eab78b53f2d3d5fb77e4e2fae8ddf931e9f406835f9f1e0f06275727e68b67fd9d5d7295d25872c5454cc3c1e0f44367f4b76f86818a42f84bc83060d4d79fe0b3e22a64a33f1ee2cfd5e1f8eafceadde9c30b2a652252459240284152f68f8ca72c62b192d8ee8fe1c074b33422a62809944a7ad8f0f6a0732c62058d7b578b847588679e0e3a8a7d520364e335f1029a4aa60e704cfc3c86877144d31b963eece474431edf902065d3838e548b90c9be276507d809f3170163aa43140c63a9630333c94131cbe144f88b62be74123232e7be0a0e3a2f9eef74c844a43e4b0f3af091867c161f743ce096a5c0380bc384fa3e8f67fa6b7c9609f5ecb32509441ff47a4489844c681cb39424f089cd784c7a3d14bc4a47246fdaf633543e09189f0520a27d14170e12ebcf93193c0960eee1deee8bfdc3938e59a9218f6644a6de41874774c6e46012660c18e8cff8146701843a953996e447f902faa3e53cc1d7e9aaaf55dac2d9ba398ec8d0e7b73519c3cb01bc1dad61c8101852ab0dfd812b0867015d99c88886e178ce268e547e8eaf02f6465c8aa92a04b4eb0ae8f95e2121ba21531b356a99b999002e35f14230b883ce1568f095483aa36f932456e398466c38c00696a5496a3aad1a4d8fe81255740676c43aa3e39451c5088d7d92a43c06e3ae58b924a0b0226624e271a6d883cac87758a3cfd5acfbdaca0acb9808a544f45f368e1627c040d4da056c155fc6f496cf287ae6ba8b7067b6577303b75675cc443aadea54f56ccf5e7e96671bea29224b568bc0f76730806421f314f37369bb0679910a3ff39444cb71e5d8a452efed8b791c0aeaf72136744627f6e91e8426d9c2d038ca1677ef8d718a7aca5038360f77a722b3048dca50b9340f0d2aa842f00b576ce4189755ad366d7174c9d8c8963106d702aa2ab0bbb3f35d45076a8b5c5702a45d10cfa95b1f2212f421219baa5f3bb989b7b7010df9f5684d9b5840abbf509b14adce69639761cb5abb5d25f365fe5d751572917772ca09ffc4c25dfdba245c6d8bae27376c60c40df667fa0783e367ace8f34e3e07eb9c70f9d638a035fc40c36449dcea1d89d02f9c00c492a95812bb0a4bc9e3cf58c71f6d30158a1fe86d3514d215b49271c58b3409e56e65251908176236f8518293030971ffe0590ba50f6c2e75183d8c6391c59e01c615ba68e2c926e2d2f81a8595467a51ea32fbdb37ed612d60297302da6f22233465045f171ce303f4b351adc907ea43e9d00bcc6f78ba4c98c7a7dcd35cc9754be9892812b159c871920a50da482e598863dd965c704f65c0f2856d7d2ff9bd614a81b2135a80998d958e2660fb667a4b182d247258365dad8439ed94c56c4ec375747f31cdee35f39f152c2f9902a40321ae5f9f8087fe98fb638fa6fed285c146e4fc841c63a39533559860860027fd1ea65db2070adce37e6f15f9aba20fd17d08f4215e3ea6d718b390448b0fdc00bf344153e97b9fbd5c0a1785b8c134749cc97e12cfac791dd9b744055c82aacd4a23f319a806179974c1a306c2b9d840683a638dc55484a19877ac0c3161fe613000027da4d0cfe4201152fd98a5e1017ef7ddd3c3eff6cee0bff97cde073412b0999090b8f4c1d8e06dd57b8e65c55e71091ed12879adf3f4835ce3bed76dbf77f379c89e693a834cbc339e8434be6959b862f622ae2a84c37a15e154f14d327a144f64f21a97b30173ea41a9c4396dd1f7ded176ffd58be5d176f7ecc5d9ab225a7ed1980b86c2c33541b78070bb55169739004811f5ba54d0f74fc2444823ea4733f5da0a7d45b4adf9fcb6ee9b4785067eadcfbc5cd93acaac4cdabcc62ad5ae11c0fa6214b42c7a2515514905711a3c8b95e5250809c49dc52ae54c9280de32e2f3e9140225e4c32e65cddd167a28b0bb5aa64c24ff9df5f5d8ba667679a43f3d7c48aea0edf5654e4836326ce8abe9ea81a9a643c494ec914ff03f8fbd803cb9e5922bd2f419752badf81090f52dd822cc56012a10b7837c60500ce0e784253455382f1ced125be15a6ff73533efc1e9384279027c8419aa3339cd529130d0beeb1817b068d3d5428197e8cbdf424b5f445d729849e023e454632381f1496ee7b2208ff3a5784c9ef6f761c2cfe0b71759c9f4eb91662b37a26500af060cc14f4b011c4610a9611273ae02cde4e975975cbf35682de72f265567a903d184836ec0ecbc62d172a67410da44bb70f579845d29481a420588502b6cc4a209046b3a11995375292799d75f4041028a3dd982c84064101929aebe753fa021c8b812a934743d318b51854a4a0bc081f380c58646088e9b0041789b16e32e535cc9c82ce318ce622dc0300434192635e2c09650b686845ac50ad546ce3d8a0e8e6412f402bcdc2a4966e1c859e590af12ecb9d648b49869066c4da9c7ba649a424c24b79ccd8dbe25306badcf6cc172c710f2cd0721efe90d2332cba7841394da15e841b19a8c63466610cccec19602ca535c0bb35aa0f0e43e235fe1c8dacfd87400f16c48e1ef3c001b23a09e623aed99073dfc847a37b314ecd1bfcf7887b782fbc033058b9210d5f5d828551ce9f3489f21155c7ae3288d125b77172356a521619f50b4125d8a9ecc132f14a831119847b07d9f512f8c0edae16281f9a7511999c533ecc8ac47870982a2de4b3fd0bcb1449452692c20c4b2011a398f9dd5d3c3584ec01662ccecc2e678c3816301abfdca70323a03be2391323755c4858be80d32a00d1cbc6323e014d164390628fde8638888182011dfa24fed0f079351d3723534b79f31d07ba99092e4ce59ba08676b5340b50acb9b51ce4ca64326608c0c8cd2d2df3295caadad1a3474cabaf8b980587b1d9282d2e79f2df04010da8abdeae98127d218ac7ca04db187dd7acaeeba2c1959e70f4faa95e5ad5a19cac057d3cb29437dd6944c4debee73d2fd369ad4766352796dacb12a79df576d45a50dfaaf82f93531b50e91e71fd51e6b8b5d5bcbf5b7a2a47b3525deb39dcb692c03ba39d4dd336b739632f0c13186e03ae6f402e6e1e6a845bc7b6ef775dee37c8a1ee2314636008f317a0cf01d7a136895f7e89239d328238a10bbeb088f1840b342c0afe804de5473589a022c697a8c4d38bc9626fa819b5a897273f67a9abd1e0ad3a780868ae4782115969d3cccf66be22b1a6bb088a109241d00b432d8c88818d02345d80e9f299909e1c3ec756e80782306ce754748ab436804d1df3a590d36ad1c8ada57430aa5f6397aeee6b8b9667eb65eafb696b546bac2b96cee15272ababf5bdcd05d7c59b68de3db88ef3b78be351ebee8e72ac2ca80470a400e8118c8330ac2812cc14d9c1d92b967b968f1262197aaea4f7417dc5bb46c4f21a22bbb3bd22ec322d1b466314838662cfd8f495e3b3bac7b326d2e80cf3057c30d69049ea5bcf7f61c81efbdcc25dd921936ea22a55b194e3137c835e7d5ab1df8e98c8e00c15779190eb0e1a8b9d55dcaefa919b74c0e0aac0c186f6e9283452ec5a71b223ac09290ec1991593ad182dc70bf4bae0081a55d704da14ec1cbf9424a6044db96bf9d2b006f80aa955a1031b9c57a64914bda7ef01ef25fdca025580d40ff551247767052adc45bd2e065a5a9729ea7b73a0b15d92c3041035b6615860c20cf94292714a99dc6d665428539a62d22f83ae258cc4bab99f49681b4cdfd93dcb62a087603c3b10b7f893342846ff24d909aee6a33b346b2e4aac0e719128d78bad68c62ac2862a87438716ce9a9634b4f5ffc2f6da9d0ad36a35a671b14b519129127872083ed2e811c26cfb38a554095292710529878ba6855dff70be88807d030679a531dde312baa53332baa8f9475c1ebba051a68ed733f7eacc85ca437008bc2b0df5031931ad5247b514bc8cac450814789cd2ad2253ad5d55f8b0a2b345e1499bb53aad395096d5b6033bacc8c6ff5a0b3942601f3b79b1cdfdb28de32966042cf32554de8bfb81504349c8e65c443b6912d343972ace1a5630dcf9ffd7f59c3694ae32e06095d57c550d1aaeb3f61125f38c8724a58f98c67a0dd5a926d3d0f43ebac311480cac47e64869af218927ab000f0de0083ad2f7fecea6484c191b62e8ade302b5763d3f8b24a24580bb1f0bc3a62d735006b68259373b4306aeb310e4b80ec0599f099910d243d586dd3330785d49babad4c1f411b873a161d1de3c66a64570732644917b688a972b59442ef6279efb9a59957a2ba65190a87d39a59ec8b7c3133c453746b0d7042edf8905c69872d9718dffeee5fc7f8d623198dd5ec34317a947e1b270c8a24342e34753f3bf12ed8482675ccd249234d12543f1463ae15905a62412f8b7b9964bac0406d8db26e49555073471c761efb809c3c859550ad29dddc5b92297408343b7a589f4d691662111f1028cdd7d0ec04ccf82dcb3362098df461d1486f1c51c9e497875d876d06fec5d51ac7d8ade875cba8cb22c8fe9750e29d9de7cf5189df34c75d9f9cdc4d79b944af0dee710aea60100ec7d0a217ffe7b71a5bd365db44c4b2b1b99b3ec45ac8d4f85870b80e1401a0536e0b60c104b47fe1f852636114fca8527890d61c14ca39c644610a3a29b51bacecd96a10e486bd9a1db5f971acea3b1b12202d8b214c3441d898da848f6b0f3f8f9d019e54731525c4b6e9578238ece66ee654760e1c8829b5eedd75cff15a3b99b2865fe45a3a26cff0c8f78a1d478b1a71e37191b0a2a4d5750e89c36422b32305d34c7037914237aacfc739042d86f6d025c067dcbe9e65214d5b97c04c6fad5ff8bab9f07573e1ebe6c217db5c3811e678803e9c208c835856faff310fb5ee3ec392a08a6e82a5f9dfb1be7663ceced949eded3e73c15fbec4b6838123b5f16b9ae69c602dd9312caedefbd86ce353ef0968c3d7deb37e4fa614928944b59b326d61a5e412fddbe85c69cf28c9c70cfce3b7affaaff671a784f42012dcb07227068f04c533ac0932ed464ba938231b4fdcdc60587f3c85eb3326b8ebc14d2543fed04645844bc8546615725b20d327881139b80edeee74375a1f0702b22073f2e9c9f5e52119e0f19c0139bdde5ed7f5d01cdb012c01412149cce91ae075965148571563b6e4599ed1b2195104085d5f86d4b544f0488887d78d76a1975eeb66b9fe566331c331471afe7e71fa0632645831444fc53a3656a932ca7020c28d57ed37913d4600ce0ae80658092757878b907380e2fa0bb4edfc0c0e32a5b9770f3b3741aba3a92b2de61d04e9d89c43306799aa26a4551a46d44a5ea1553fbb953f4116327f90776da8e2d71db3af3b669fbd63669aaebcdaa31fef73c2b8fd2e907b71cff63647d0715bdfbd1be55c242c592990ef5408f4350ee0b55fb6ddfd73ce9ab75fc8b3e77af56f083beee31d8264854a7e057219357d2c1df3a02cb1a78db5633ed26f36e54906e0536fc610ffec853afd8c974736a58097c825cce0d610f8854970881ebb835452854a9f9f98364f9bf6d6f7893aa323f853b9dc30945eca1365accb9e6fc073fe900342fcef514899178a7bfa30c300f80d78dcff282b57dd3fd25b6aa8a04a994f05dd25edc619f520581f90cef5616ffff9b3573bfbbdddce6b33c015a475372c7db2fdba20a795ea14200997813bbf5eeb647d36a8ea50cbad84cee804f26be9057509b6939ca69b903c0300f0e73f296f2c4b3b51a714b482e82958f19fff16e16634271b317a015f67b3eccf7f55afbab8576cdc628e27928545c01abdcdd944620d21a09809e3066b79a7c6941bd79da1411d039620fa7ae0437e67e6b0ccf9318ddfd937a0c98753000ebece4b7eb523e697775aaf403d423e5f97c70c9db19a4773068db3eca3fc56be69d43dff70dcd7907c6f67e7690f7ebd6cb98beeb8c8e26201fa51fb6f3d0c07f69fbbf80fce5356b6</marked_file>
      <paragraph_indexes count="105">94 136 520 585 785 875 978 1022 1031 1144 1314 1382 1680 1710 1742 1783 1815 1845 1877 1915 1947 1985 2698 2746 2755 2822 2831 2893 2902 2981 3001 3054 3065 3132 3137 3205 3214 3301 3321 3375 3384 3467 3476 3551 3571 3621 3630 3701 3710 3817 3921 4003 4021 4230 4239 4259 4596 4763 4853 4885 4928 5009 5023 5343 5352 5492 5534 5706 5720 5822 5879 5934 5980 6056 6102 6168 6214 6259 6305 6377 6423 6478 6524 6590 6646 6776 7024 7104 7236 7317 7648 7687 7732 7850 7894 8112 8326 8407 8509 8591 8762 8791 8833 8953 8962 9059 9082 9117 9160 9226 9240 9319 9333 9339 9359 9518 9587 9632 9674 9797 9806 9912 9956 10022 10036 10129 10152 10307 10376 10406 10448 10579 10588 10694 10738 10770 10784 10828 10842 10951 10965 10971 11013 11132 11146 11209 11266 11309 11351 11472 11481 11587 11609 11779 11799 11941 12010 12036 12078 12181 12190 12288 12310 12401 12460 12612 12626 12776 12818 12999 13261 13341 13473 13554 13885 13935 13955 14078 14083 14098 14128 14235 14249 14353 14397 14423 14484 14504 14530 14563 14589 14673 14699 14775 14835 14922 14931 15074 15288 15369 15471 15553 15905 16326 16502 16852 16865 17038 17047 17156 </paragraph_indexes>
      <support_files>
        <file type="todo">images/bluebottom.gif</file>
        <file type="todo">images/bluetop.gif</file>
        <file type="todo">images/bookmark_us.png</file>
        <file type="todo">images/bottomwhite.gif</file>
        <file type="todo">images/bottomwhite2.gif</file>
        <file type="todo">images/corners/white-left-btm.gif</file>
        <file type="todo">images/corners/white-left-tp.gif</file>
        <file type="todo">images/corners/white-right-btm.gif</file>
        <file type="todo">images/corners/white-right-tp.gif</file>
        <file type="todo">images/here.gif</file>
        <file type="todo">images/menutabA1.gif</file>
        <file type="todo">images/menutabB1.gif</file>
        <file type="todo">images/passport/samples/amir.jpg</file>
        <file type="todo">images/passport/samples/blue.jpg</file>
        <file type="todo">images/passport/samples/good1.jpg</file>
        <file type="todo">images/passport/samples/half_smile.jpg</file>
        <file type="todo">images/passport/samples/pillow.jpg</file>
        <file type="todo">images/photobackup/1bckgrnd.gif</file>
        <file type="todo">images/photobackup/2bckgrnd.gif</file>
        <file type="todo">images/photobackup/3bckgrnd.gif</file>
        <file type="todo">images/printer/printer_small.png</file>
        <file type="todo">images/small_web.gif</file>
        <file type="todo">images/topline1.gif</file>
        <file type="todo">images/topline2.gif</file>
        <file type="todo">images/topline2WB.gif</file>
        <file type="todo">images/toplineL.gif</file>
        <file type="todo">images/toplineLW.gif</file>
        <file type="todo">images/toplineR.gif</file>
        <file type="todo">images/topwhite2.gif</file>
        <file type="todo">styles.css</file>
      </support_files>
    </extractor><translation>
      <languages>
        <language reviewed="False">Spanish</language>
        <language reviewed="False">German</language>
      </languages><sentences count="105">
        <ta_sentence do_translation="yes" encoding="utf-8" format="1" id="2159" original_language="English" type="title">
          <space_before />
          <space_after />
          <text_data language="German">
            <text from_TM="False" rev_id="13" status="New" time="1222355938">Passport photo requirements</text>
          </text_data><text_data language="Spanish">
            <text from_TM="False" rev_id="11" status="Complete" time="1222354203">Spanish : hoto requirements</text>
          </text_data><text_data language="English">
            <text from_TM="False" rev_id="11" status="Complete" time="1222354203">Passport photo requirements</text>
          </text_data>
        </ta_sentence><ta_sentence do_translation="no" encoding="utf-8" format="1" id="2160" original_language="English">
          <space_before />
          <space_after />
          <text_data language="German">
            <text from_TM="False" rev_id="13" status="New" time="1222355938" />
            <marker end="0" id="0" start="0" />
          </text_data><text_data language="Spanish">
            <text from_TM="False" rev_id="-1" status="Complete" time="1222355861" />
            <marker end="0" id="0" start="0" />
          </text_data><text_data language="English">
            <text from_TM="False" status="Complete" time="1222355861" />
            <marker end="0" id="0" start="0" />
          </text_data><marker_def id="0" type="html">
            <html_marker tag="img">
              <attr name="src" val="images/bluetop.gif" />
              <attr name="alt" val="" />
              <attr name="width" val="760" />
              <attr name="height" val="5" />
            </html_marker>
          </marker_def>
        </ta_sentence><ta_sentence do_translation="yes" encoding="utf-8" format="1" id="2161" original_language="English">
          <space_before />
          <space_after />
          <text_data language="German">
            <text from_TM="False" rev_id="13" status="New" time="1222355938">OnTheGoSoft</text>
            <marker end="11" id="0" start="0" />
          </text_data><text_data language="Spanish">
            <text from_TM="False" rev_id="11" status="Complete" time="1222354203">Spanish : t</text>
            <marker end="11" id="0" start="0" />
          </text_data><text_data language="English">
            <text from_TM="False" rev_id="11" status="Complete" time="1222354203">OnTheGoSoft</text>
            <marker end="11" id="0" start="0" />
          </text_data><marker_def id="0" type="html">
            <html_marker tag="img">
              <attr name="border" val="0" />
              <attr name="src" val="images/small_web.gif" />
              <attr name="alt" val="OnTheGoSoft" />
              <attr name="width" val="160" />
              <attr name="height" val="62" />
            </html_marker>
          </marker_def>
        </ta_sentence><ta_sentence do_translation="yes" encoding="utf-8" format="1" id="2162" original_language="English">
          <space_before />
          <space_after />
          <text_data language="German">
            <text from_TM="False" rev_id="13" status="New" time="1222355938">$ppnt_name</text>
            <marker end="10" id="0" start="0" />
          </text_data><text_data language="Spanish">
            <text from_TM="False" rev_id="11" status="Complete" time="1222354203">Spanish : </text>
            <marker end="10" id="0" start="0" />
          </text_data><text_data language="English">
            <text from_TM="False" rev_id="11" status="Complete" time="1222354203">$ppnt_name</text>
            <marker end="10" id="0" start="0" />
          </text_data><marker_def id="0" type="html">
            <html_marker tag="span">
              <attr name="class" val="TextTop" />
            </html_marker>
          </marker_def>
        </ta_sentence><ta_sentence do_translation="yes" encoding="utf-8" format="1" id="2163" original_language="English">
          <space_before> </space_before>
          <space_after />
          <text_data language="German">
            <text from_TM="False" rev_id="13" status="New" time="1222355938">Create and print passport photos in one minute!</text>
            <marker end="47" id="0" start="0" />
          </text_data><text_data language="Spanish">
            <text from_TM="False" rev_id="11" status="Complete" time="1222354203">Spanish :  print passport photos in one minute!</text>
            <marker end="47" id="0" start="0" />
          </text_data><text_data language="English">
            <text from_TM="False" rev_id="11" status="Complete" time="1222354203">Create and print passport photos in one minute!</text>
            <marker end="47" id="0" start="0" />
          </text_data><marker_def id="0" type="html">
            <html_marker tag="span">
              <attr name="class" val="tagline" />
            </html_marker>
          </marker_def>
        </ta_sentence><ta_sentence do_translation="no" encoding="utf-8" format="1" id="2164" original_language="English">
          <space_before />
          <space_after />
          <text_data language="German">
            <text from_TM="False" rev_id="13" status="New" time="1222355938" />
            <marker end="0" id="0" start="0" />
          </text_data><text_data language="Spanish">
            <text from_TM="False" rev_id="-1" status="Complete" time="1222355861" />
            <marker end="0" id="0" start="0" />
          </text_data><text_data language="English">
            <text from_TM="False" status="Complete" time="1222355861" />
            <marker end="0" id="0" start="0" />
          </text_data><marker_def id="0" type="html">
            <html_marker tag="img">
              <attr name="src" val="images/bluebottom.gif" />
              <attr name="alt" val="" />
              <attr name="width" val="760" />
              <attr name="height" val="5" />
            </html_marker>
          </marker_def>
        </ta_sentence><ta_sentence do_translation="yes" encoding="utf-8" format="1" id="2165" original_language="English">
          <space_before />
          <space_after />
          <text_data language="German">
            <text from_TM="False" rev_id="13" status="New" time="1222355938">Products</text>
            <marker end="8" id="0" start="0" />
          </text_data><text_data language="Spanish">
            <text from_TM="False" rev_id="11" status="Complete" time="1222354203">Spanish : </text>
            <marker end="8" id="0" start="0" />
          </text_data><text_data language="English">
            <text from_TM="False" rev_id="11" status="Complete" time="1222354203">Products</text>
            <marker end="8" id="0" start="0" />
          </text_data><marker_def id="0" type="html">
            <html_marker tag="a">
              <attr name="href" val="./" />
            </html_marker>
          </marker_def>
        </ta_sentence><ta_sentence do_translation="yes" encoding="utf-8" format="1" id="2166" original_language="English">
          <space_before />
          <space_after />
          <text_data language="German">
            <text from_TM="False" rev_id="13" status="New" time="1222355938">Downloads</text>
            <marker end="9" id="0" start="0" />
          </text_data><text_data language="Spanish">
            <text from_TM="False" rev_id="11" status="Complete" time="1222354203">Spanish : </text>
            <marker end="9" id="0" start="0" />
          </text_data><text_data language="English">
            <text from_TM="False" rev_id="11" status="Complete" time="1222354203">Downloads</text>
            <marker end="9" id="0" start="0" />
          </text_data><marker_def id="0" type="html">
            <html_marker tag="a">
              <attr name="href" val="download.htm" />
            </html_marker>
          </marker_def>
        </ta_sentence><ta_sentence do_translation="yes" encoding="utf-8" format="1" id="2167" original_language="English">
          <space_before />
          <space_after />
          <text_data language="German">
            <text from_TM="False" rev_id="13" status="New" time="1222355938">Buy</text>
            <marker end="3" id="0" start="0" />
          </text_data><text_data language="Spanish">
            <text from_TM="False" rev_id="11" status="Complete" time="1222354203">Spanish : </text>
            <marker end="3" id="0" start="0" />
          </text_data><text_data language="English">
            <text from_TM="False" rev_id="11" status="Complete" time="1222354203">Buy</text>
            <marker end="3" id="0" start="0" />
          </text_data><marker_def id="0" type="html">
            <html_marker tag="a">
              <attr name="href" val="buy.htm" />
            </html_marker>
          </marker_def>
        </ta_sentence><ta_sentence do_translation="yes" encoding="utf-8" format="1" id="2168" original_language="English">
          <space_before />
          <space_after />
          <text_data language="German">
            <text from_TM="False" rev_id="13" status="New" time="1222355938">Contact</text>
            <marker end="7" id="0" start="0" />
          </text_data><text_data language="Spanish">
            <text from_TM="False" rev_id="11" status="Complete" time="1222354203">Spanish : </text>
            <marker end="7" id="0" start="0" />
          </text_data><text_data language="English">
            <text from_TM="False" rev_id="11" status="Complete" time="1222354203">Contact</text>
            <marker end="7" id="0" start="0" />
          </text_data><marker_def id="0" type="html">
            <html_marker tag="a">
              <attr name="href" val="contact.htm" />
            </html_marker>
          </marker_def>
        </ta_sentence><ta_sentence do_translation="yes" encoding="utf-8" format="1" id="2169" original_language="English">
          <space_before />
          <space_after />
          <text_data language="German">
            <text from_TM="False" rev_id="13" status="New" time="1222355938">Support</text>
            <marker end="7" id="0" start="0" />
          </text_data><text_data language="Spanish">
            <text from_TM="False" rev_id="11" status="Complete" time="1222354203">Spanish : </text>
            <marker end="7" id="0" start="0" />
          </text_data><text_data language="English">
            <text from_TM="False" rev_id="11" status="Complete" time="1222354203">Support</text>
            <marker end="7" id="0" start="0" />
          </text_data><marker_def id="0" type="html">
            <html_marker tag="a">
              <attr name="href" val="support.htm" />
            </html_marker>
          </marker_def>
        </ta_sentence><ta_sentence do_translation="yes" encoding="utf-8" format="1" id="2170" original_language="English">
          <space_before />
          <space_after />
          <text_data language="German">
            <text from_TM="False" rev_id="13" status="New" time="1222355938">Product info</text>
            <marker end="12" id="0" start="0" />
          </text_data><text_data language="Spanish">
            <text from_TM="False" rev_id="11" status="Complete" time="1222354203">Spanish : fo</text>
            <marker end="12" id="0" start="0" />
          </text_data><text_data language="English">
            <text from_TM="False" rev_id="11" status="Complete" time="1222354203">Product info</text>
            <marker end="12" id="0" start="0" />
          </text_data><marker_def id="0" type="html">
            <html_marker tag="span">
              <attr name="class" val="Text-Bold" />
            </html_marker>
          </marker_def>
        </ta_sentence><ta_sentence do_translation="yes" encoding="utf-8" format="1" id="2171" original_language="English">
          <space_before> </space_before>
          <space_after />
          <text_data language="German">
            <text from_TM="False" rev_id="13" status="New" time="1222355938">$ppnt_name</text>
            <marker end="10" id="0" start="0" />
          </text_data><text_data language="Spanish">
            <text from_TM="False" rev_id="11" status="Complete" time="1222354203">Spanish : </text>
            <marker end="10" id="0" start="0" />
          </text_data><text_data language="English">
            <text from_TM="False" rev_id="11" status="Complete" time="1222354203">$ppnt_name</text>
            <marker end="10" id="0" start="0" />
          </text_data><marker_def id="0" type="html">
            <html_marker tag="a">
              <attr name="href" val="passport_photo.htm" />
              <attr name="class" val="Text-Nav" />
            </html_marker>
          </marker_def>
        </ta_sentence><ta_sentence do_translation="yes" encoding="utf-8" format="1" id="2172" original_language="English">
          <space_before> </space_before>
          <space_after />
          <text_data language="German">
            <text from_TM="False" rev_id="13" status="New" time="1222355938">Download</text>
            <marker end="8" id="0" start="0" />
          </text_data><text_data language="Spanish">
            <text from_TM="False" rev_id="11" status="Complete" time="1222354203">Spanish : </text>
            <marker end="8" id="0" start="0" />
          </text_data><text_data language="English">
            <text from_TM="False" rev_id="11" status="Complete" time="1222354203">Download</text>
            <marker end="8" id="0" start="0" />
          </text_data><marker_def id="0" type="html">
            <html_marker tag="a">
              <attr name="href" val="pp_download.htm" />
              <attr name="class" val="Text-Nav" />
            </html_marker>
          </marker_def>
        </ta_sentence><ta_sentence do_translation="yes" encoding="utf-8" format="1" id="2173" original_language="English">
          <space_before> </space_before>
          <space_after />
          <text_data language="German">
            <text from_TM="False" rev_id="13" status="New" time="1222355938">News and Announcements</text>
            <marker end="22" id="0" start="0" />
          </text_data><text_data language="Spanish">
            <text from_TM="False" rev_id="11" status="Complete" time="1222354203">Spanish : nnouncements</text>
            <marker end="22" id="0" start="0" />
          </text_data><text_data language="English">
            <text from_TM="False" rev_id="11" status="Complete" time="1222354203">News and Announcements</text>
            <marker end="22" id="0" start="0" />
          </text_data><marker_def id="0" type="html">
            <html_marker tag="a">
              <attr name="href" val="/blog/?sectionid=4" />
              <attr name="class" val="Text-Nav" />
            </html_marker>
          </marker_def>
        </ta_sentence><ta_sentence do_translation="yes" encoding="utf-8" format="1" id="2174" original_language="English">
          <space_before />
          <space_after />
          <text_data language="German">
            <text from_TM="False" rev_id="13" status="New" time="1222355938">Photo information</text>
            <marker end="17" id="0" start="0" />
          </text_data><text_data language="Spanish">
            <text from_TM="False" rev_id="11" status="Complete" time="1222354203">Spanish : rmation</text>
            <marker end="17" id="0" start="0" />
          </text_data><text_data language="English">
            <text from_TM="False" rev_id="11" status="Complete" time="1222354203">Photo information</text>
            <marker end="17" id="0" start="0" />
          </text_data><marker_def id="0" type="html">
            <html_marker tag="span">
              <attr name="class" val="Text-Bold" />
            </html_marker>
          </marker_def>
        </ta_sentence><ta_sentence do_translation="yes" encoding="utf-8" format="1" id="2175" original_language="English">
          <space_before />
          <space_after />
          <text_data language="German">
            <text from_TM="False" rev_id="13" status="New" time="1222355938">You are here</text>
            <marker end="12" id="0" start="0" />
          </text_data><text_data language="Spanish">
            <text from_TM="False" rev_id="11" status="Complete" time="1222354203">Spanish : re</text>
            <marker end="12" id="0" start="0" />
          </text_data><text_data language="English">
            <text from_TM="False" rev_id="11" status="Complete" time="1222354203">You are here</text>
            <marker end="12" id="0" start="0" />
          </text_data><marker_def id="0" type="html">
            <html_marker tag="img">
              <attr name="src" val="images/here.gif" />
              <attr name="alt" val="You are here" />
              <attr name="class" val="hereimg" />
            </html_marker>
          </marker_def>
        </ta_sentence><ta_sentence do_translation="yes" encoding="utf-8" format="1" id="2176" original_language="English">
          <space_before />
          <space_after />
          <text_data language="German">
            <text from_TM="False" rev_id="13" status="New" time="1222355938">Passport Photo Specifications</text>
            <marker end="29" id="0" start="0" />
          </text_data><text_data language="Spanish">
            <text from_TM="False" rev_id="11" status="Complete" time="1222354203">Spanish : hoto Specifications</text>
            <marker end="29" id="0" start="0" />
          </text_data><text_data language="English">
            <text from_TM="False" rev_id="11" status="Complete" time="1222354203">Passport Photo Specifications</text>
            <marker end="29" id="0" start="0" />
          </text_data><marker_def id="0" type="html">
            <html_marker tag="span">
              <attr name="class" val="leftselected" />
            </html_marker>
          </marker_def>
        </ta_sentence><ta_sentence do_translation="yes" encoding="utf-8" format="1" id="2177" original_language="English">
          <space_before> </space_before>
          <space_after />
          <text_data language="German">
            <text from_TM="False" rev_id="13" status="New" time="1222355938">Common Picture Problems</text>
            <marker end="23" id="0" start="0" />
          </text_data><text_data language="Spanish">
            <text from_TM="False" rev_id="11" status="Complete" time="1222354203">Spanish : ture Problems</text>
            <marker end="23" id="0" start="0" />
          </text_data><text_data language="English">
            <text from_TM="False" rev_id="11" status="Complete" time="1222354203">Common Picture Problems</text>
            <marker end="23" id="0" start="0" />
          </text_data><marker_def id="0" type="html">
            <html_marker tag="a">
              <attr name="href" val="common_photo_problems.htm" />
              <attr name="class" val="Text-Nav" />
            </html_marker>
          </marker_def>
        </ta_sentence><ta_sentence do_translation="yes" encoding="utf-8" format="1" id="2178" original_language="English">
          <space_before />
          <space_after />
          <text_data language="German">
            <text from_TM="False" rev_id="13" status="New" time="1222355938">Getting a passport</text>
            <marker end="18" id="0" start="0" />
          </text_data><text_data language="Spanish">
            <text from_TM="False" rev_id="11" status="Complete" time="1222354203">Spanish : passport</text>
            <marker end="18" id="0" start="0" />
          </text_data><text_data language="English">
            <text from_TM="False" rev_id="11" status="Complete" time="1222354203">Getting a passport</text>
            <marker end="18" id="0" start="0" />
          </text_data><marker_def id="0" type="html">
            <html_marker tag="span">
              <attr name="class" val="Text-Bold" />
            </html_marker>
          </marker_def>
        </ta_sentence><ta_sentence do_translation="yes" encoding="utf-8" format="1" id="2179" original_language="English">
          <space_before> </space_before>
          <space_after />
          <text_data language="German">
            <text from_TM="False" rev_id="13" status="New" time="1222355938">Passport Application</text>
            <marker end="20" id="0" start="0" />
          </text_data><text_data language="Spanish">
            <text from_TM="False" rev_id="11" status="Complete" time="1222354203">Spanish : pplication</text>
            <marker end="20" id="0" start="0" />
          </text_data><text_data language="English">
            <text from_TM="False" rev_id="11" status="Complete" time="1222354203">Passport Application</text>
            <marker end="20" id="0" start="0" />
          </text_data><marker_def id="0" type="html">
            <html_marker tag="a">
              <attr name="href" val="passport_application.htm" />
              <attr name="class" val="Text-Nav" />
            </html_marker>
          </marker_def>
        </ta_sentence><ta_sentence do_translation="yes" encoding="utf-8" format="1" id="2180" original_language="English">
          <space_before> </space_before>
          <space_after />
          <text_data language="German">
            <text from_TM="False" rev_id="13" status="New" time="1222355938">Passport Renewal</text>
            <marker end="16" id="0" start="0" />
          </text_data><text_data language="Spanish">
            <text from_TM="False" rev_id="11" status="Complete" time="1222354203">Spanish : enewal</text>
            <marker end="16" id="0" start="0" />
          </text_data><text_data language="English">
            <text from_TM="False" rev_id="11" status="Complete" time="1222354203">Passport Renewal</text>
            <marker end="16" id="0" start="0" />
          </text_data><marker_def id="0" type="html">
            <html_marker tag="a">
              <attr name="href" val="passport_renewal.htm" />
              <attr name="class" val="Text-Nav" />
            </html_marker>
          </marker_def>
        </ta_sentence><ta_sentence do_translation="yes" encoding="utf-8" format="1" id="2181" original_language="English">
          <space_before />
          <space_after />
          <text_data language="German">
            <text from_TM="False" rev_id="13" status="New" time="1222355938">Other features</text>
            <marker end="14" id="0" start="0" />
          </text_data><text_data language="Spanish">
            <text from_TM="False" rev_id="11" status="Complete" time="1222354203">Spanish : ures</text>
            <marker end="14" id="0" start="0" />
          </text_data><text_data language="English">
            <text from_TM="False" rev_id="11" status="Complete" time="1222354203">Other features</text>
            <marker end="14" id="0" start="0" />
          </text_data><marker_def id="0" type="html">
            <html_marker tag="span">
              <attr name="class" val="Text-Bold" />
            </html_marker>
          </marker_def>
        </ta_sentence><ta_sentence do_translation="yes" encoding="utf-8" format="1" id="2182" original_language="English">
          <space_before> </space_before>
          <space_after />
          <text_data language="German">
            <text from_TM="False" rev_id="13" status="New" time="1222355938">Child ID Cards</text>
            <marker end="14" id="0" start="0" />
          </text_data><text_data language="Spanish">
            <text from_TM="False" rev_id="11" status="Complete" time="1222354203">Spanish : ards</text>
            <marker end="14" id="0" start="0" />
          </text_data><text_data language="English">
            <text from_TM="False" rev_id="11" status="Complete" time="1222354203">Child ID Cards</text>
            <marker end="14" id="0" start="0" />
          </text_data><marker_def id="0" type="html">
            <html_marker tag="a">
              <attr name="href" val="child_id_cards.htm" />
              <attr name="class" val="Text-Nav" />
            </html_marker>
          </marker_def>
        </ta_sentence><ta_sentence do_translation="yes" encoding="utf-8" format="1" id="2183" original_language="English">
          <space_before> </space_before>
          <space_after />
          <text_data language="German">
            <text from_TM="False" rev_id="13" status="New" time="1222355938">Translated texts for child ID cards</text>
            <marker end="35" id="0" start="0" />
          </text_data><text_data language="Spanish">
            <text from_TM="False" rev_id="11" status="Complete" time="1222354203">Spanish :  texts for child ID cards</text>
            <marker end="35" id="0" start="0" />
          </text_data><text_data language="English">
            <text from_TM="False" rev_id="11" status="Complete" time="1222354203">Translated texts for child ID cards</text>
            <marker end="35" id="0" start="0" />
          </text_data><marker_def id="0" type="html">
            <html_marker tag="a">
              <attr name="href" val="translated-texts-for-id-cards.htm" />
              <attr name="class" val="Text-Nav" />
            </html_marker>
          </marker_def>
        </ta_sentence><ta_sentence do_translation="yes" encoding="utf-8" format="1" id="2184" original_language="English">
          <space_before />
          <space_after />
          <text_data language="German">
            <text from_TM="False" rev_id="13" status="New" time="1222355938">Bookmark this page</text>
            <marker end="18" id="0" start="0" />
          </text_data><text_data language="Spanish">
            <text from_TM="False" rev_id="11" status="Complete" time="1222354203">Spanish : his page</text>
            <marker end="18" id="0" start="0" />
          </text_data><text_data language="English">
            <text from_TM="False" rev_id="11" status="Complete" time="1222354203">Bookmark this page</text>
            <marker end="18" id="0" start="0" />
          </text_data><marker_def id="0" type="html">
            <html_marker tag="img">
              <attr name="src" val="images/bookmark_us.png" />
              <attr name="alt" val="Bookmark this page" />
              <attr name="class" val="delicious" />
            </html_marker>
          </marker_def>
        </ta_sentence><ta_sentence do_translation="yes" encoding="utf-8" format="1" id="2185" original_language="English">
          <space_before />
          <space_after />
          <text_data language="German">
            <text from_TM="False" rev_id="13" status="New" time="1222355938">Bookmark on</text>
            <marker end="-1" id="0" start="0" />
            <marker end="-1" id="0" start="0" />
          </text_data><text_data language="Spanish">
            <text from_TM="False" rev_id="11" status="Complete" time="1222354203">Spanish : n</text>
            <marker end="-1" id="0" start="0" />
            <marker end="-1" id="0" start="0" />
          </text_data><text_data language="English">
            <text from_TM="False" rev_id="11" status="Complete" time="1222354203">Bookmark on</text>
            <marker end="-1" id="0" start="0" />
            <marker end="-1" id="0" start="0" />
          </text_data><marker_def id="0" type="html">
            <html_marker tag="a">
              <attr name="rel" val="nofollow" />
              <attr name="href" val="http://del.icio.us/post?url=http%3A%2F%2Fwww.onthegosoft.com%2Fpassport_photo_specifications.htm&amp;title=Passport+photo+requirements" />
              <attr name="target" val="_blank" />
              <attr name="class" val="Text-Nav" />
            </html_marker>
          </marker_def>
        </ta_sentence><ta_sentence do_translation="yes" encoding="utf-8" format="1" id="2186" original_language="English">
          <space_before />
          <space_after />
          <text_data language="German">
            <text from_TM="False" rev_id="13" status="New" time="1222355938">del.icio.us</text>
            <marker end="11" id="-1" start="-1" />
          </text_data><text_data language="Spanish">
            <text from_TM="False" rev_id="11" status="Complete" time="1222354203">Spanish : s</text>
            <marker end="11" id="-1" start="-1" />
          </text_data><text_data language="English">
            <text from_TM="False" rev_id="11" status="Complete" time="1222354203">del.icio.us</text>
            <marker end="11" id="-1" start="-1" />
          </text_data><marker_def id="-1" type="html">
            <html_marker tag="a" />
          </marker_def>
        </ta_sentence><ta_sentence do_translation="yes" encoding="utf-8" format="1" id="2187" original_language="English">
          <space_before />
          <space_after />
          <text_data language="German">
            <text from_TM="False" rev_id="13" status="New" time="1222355938">Home&#160;&gt;&#160;Passport Photo&#160;&gt;&#160;Passport Photo Specifications</text>
            <marker end="53" id="0" start="0" />
            <marker end="4" id="1" start="0" />
            <marker end="21" id="2" start="7" />
          </text_data><text_data language="Spanish">
            <text from_TM="False" rev_id="11" status="Complete" time="1222354203">Spanish : sport Photo&#160;&gt;&#160;Passport Photo Specifications</text>
            <marker end="53" id="0" start="0" />
            <marker end="4" id="1" start="0" />
            <marker end="21" id="2" start="7" />
          </text_data><text_data language="English">
            <text from_TM="False" rev_id="11" status="Complete" time="1222354203">Home&#160;&gt;&#160;Passport Photo&#160;&gt;&#160;Passport Photo Specifications</text>
            <marker end="53" id="0" start="0" />
            <marker end="4" id="1" start="0" />
            <marker end="21" id="2" start="7" />
          </text_data><marker_def id="0" type="html">
            <html_marker tag="span">
              <attr name="class" val="Text-TopNav" />
            </html_marker>
          </marker_def><marker_def id="1" type="html">
            <html_marker tag="a">
              <attr name="href" val="./" />
            </html_marker>
          </marker_def><marker_def id="2" type="html">
            <html_marker tag="a">
              <attr name="href" val="passport_photo.htm" />
            </html_marker>
          </marker_def>
        </ta_sentence><ta_sentence do_translation="yes" encoding="utf-8" format="1" id="2188" original_language="English">
          <space_before />
          <space_after />
          <text_data language="German">
            <text from_TM="False" rev_id="13" status="New" time="1222355938">Passport photo requirements</text>
          </text_data><text_data language="Spanish">
            <text from_TM="False" rev_id="11" status="Complete" time="1222354203">Spanish : hoto requirements</text>
          </text_data><text_data language="English">
            <text from_TM="False" rev_id="11" status="Complete" time="1222354203">Passport photo requirements</text>
          </text_data>
        </ta_sentence><ta_sentence do_translation="yes" encoding="utf-8" format="1" id="2189" original_language="English">
          <space_before />
          <space_after />
          <text_data language="German">
            <text from_TM="False" rev_id="13" status="New" time="1222355938">Some countries have different requirements for the passport photo size.</text>
          </text_data><text_data language="Spanish">
            <text from_TM="False" rev_id="11" status="Complete" time="1222354203">Spanish : ries have different requirements for the passport photo size.</text>
          </text_data><text_data language="English">
            <text from_TM="False" rev_id="11" status="Complete" time="1222354203">Some countries have different requirements for the passport photo size.</text>
          </text_data>
        </ta_sentence><ta_sentence do_translation="yes" encoding="utf-8" format="1" id="2190" original_language="English">
          <space_before> </space_before>
          <space_after />
          <text_data language="German">
            <text from_TM="False" rev_id="13" status="New" time="1222355938">The US requires passport photos to have a size of 2 x 2 inch (visit US Department of State). Most countries (including European Union countries, the United Kingdom, Australia and others) require 'standard' 3.5 x 4.5 cm photos.</text>
            <marker end="90" id="0" start="68" />
          </text_data><text_data language="Spanish">
            <text from_TM="False" rev_id="11" status="Complete" time="1222354203">Spanish : uires passport photos to have a size of 2 x 2 inch (visit US Department of State). Most countries (including European Union countries, the United Kingdom, Australia and others) require 'standard' 3.5 x 4.5 cm photos.</text>
            <marker end="90" id="0" start="68" />
          </text_data><text_data language="English">
            <text from_TM="False" rev_id="11" status="Complete" time="1222354203">The US requires passport photos to have a size of 2 x 2 inch (visit US Department of State). Most countries (including European Union countries, the United Kingdom, Australia and others) require 'standard' 3.5 x 4.5 cm photos.</text>
            <marker end="90" id="0" start="68" />
          </text_data><marker_def id="0" type="html">
            <html_marker tag="a">
              <attr name="rel" val="nofollow" />
              <attr name="target" val="_blank" />
              <attr name="href" val="http://travel.state.gov/passport/" />
            </html_marker>
          </marker_def>
        </ta_sentence><ta_sentence do_translation="yes" encoding="utf-8" format="1" id="2191" original_language="English">
          <space_before> </space_before>
          <space_after />
          <text_data language="German">
            <text from_TM="False" rev_id="13" status="New" time="1222355938">$ppnt_name also complies with the EU, UK and Australian specifications for biometric passports.</text>
            <marker end="10" id="0" start="0" />
          </text_data><text_data language="Spanish">
            <text from_TM="False" rev_id="11" status="Complete" time="1222354203">Spanish :  also complies with the EU, UK and Australian specifications for biometric passports.</text>
            <marker end="10" id="0" start="0" />
          </text_data><text_data language="English">
            <text from_TM="False" rev_id="11" status="Complete" time="1222354203">$ppnt_name also complies with the EU, UK and Australian specifications for biometric passports.</text>
            <marker end="10" id="0" start="0" />
          </text_data><marker_def id="0" type="html">
            <html_marker tag="a">
              <attr name="href" val="pp_download.htm" />
            </html_marker>
          </marker_def>
        </ta_sentence><ta_sentence do_translation="yes" encoding="utf-8" format="1" id="2192" original_language="English">
          <space_before />
          <space_after />
          <text_data language="German">
            <text from_TM="False" rev_id="13" status="New" time="1222355938">The important thing to remember about passport photos is that they should allow border inspectors to recognize you when they look at your passport.</text>
          </text_data><text_data language="Spanish">
            <text from_TM="False" rev_id="11" status="Complete" time="1222354203">Spanish : ant thing to remember about passport photos is that they should allow border inspectors to recognize you when they look at your passport.</text>
          </text_data><text_data language="English">
            <text from_TM="False" rev_id="11" status="Complete" time="1222354203">The important thing to remember about passport photos is that they should allow border inspectors to recognize you when they look at your passport.</text>
          </text_data>
        </ta_sentence><ta_sentence do_translation="yes" encoding="utf-8" format="1" id="2193" original_language="English">
          <space_before> </space_before>
          <space_after />
          <text_data language="German">
            <text from_TM="False" rev_id="13" status="New" time="1222355938">These guidelines will help you shoot and prepare photos that can be used in passports.</text>
          </text_data><text_data language="Spanish">
            <text from_TM="False" rev_id="11" status="Complete" time="1222354203">Spanish : elines will help you shoot and prepare photos that can be used in passports.</text>
          </text_data><text_data language="English">
            <text from_TM="False" rev_id="11" status="Complete" time="1222354203">These guidelines will help you shoot and prepare photos that can be used in passports.</text>
          </text_data>
        </ta_sentence><ta_sentence do_translation="yes" encoding="utf-8" format="1" id="2194" original_language="English">
          <space_before />
          <space_after />
          <text_data language="German">
            <text from_TM="False" rev_id="13" status="New" time="1222355938">Include a full face, front view and open eyes</text>
          </text_data><text_data language="Spanish">
            <text from_TM="False" rev_id="11" status="Complete" time="1222354203">Spanish : full face, front view and open eyes</text>
          </text_data><text_data language="English">
            <text from_TM="False" rev_id="11" status="Complete" time="1222354203">Include a full face, front view and open eyes</text>
          </text_data>
        </ta_sentence><ta_sentence do_translation="yes" encoding="utf-8" format="1" id="2195" original_language="English">
          <space_before> </space_before>
          <space_after> </space_after>
          <text_data language="German">
            <text from_TM="False" rev_id="13" status="New" time="1222355938">Make sure photo presents full head from top of hair to shoulders</text>
          </text_data><text_data language="Spanish">
            <text from_TM="False" rev_id="11" status="Complete" time="1222354203">Spanish : photo presents full head from top of hair to shoulders</text>
          </text_data><text_data language="English">
            <text from_TM="False" rev_id="11" status="Complete" time="1222354203">Make sure photo presents full head from top of hair to shoulders</text>
          </text_data>
        </ta_sentence><ta_sentence do_translation="yes" encoding="utf-8" format="1" id="2196" original_language="English">
          <space_before> </space_before>
          <space_after />
          <text_data language="German">
            <text from_TM="False" rev_id="13" status="New" time="1222355938">Take the photo in a plain white or off-white background</text>
          </text_data><text_data language="Spanish">
            <text from_TM="False" rev_id="11" status="Complete" time="1222354203">Spanish : hoto in a plain white or off-white background</text>
          </text_data><text_data language="English">
            <text from_TM="False" rev_id="11" status="Complete" time="1222354203">Take the photo in a plain white or off-white background</text>
          </text_data>
        </ta_sentence><ta_sentence do_translation="yes" encoding="utf-8" format="1" id="2197" original_language="English">
          <space_before> </space_before>
          <space_after />
          <text_data language="German">
            <text from_TM="False" rev_id="13" status="New" time="1222355938">Avoid shadows on the face or background</text>
          </text_data><text_data language="Spanish">
            <text from_TM="False" rev_id="11" status="Complete" time="1222354203">Spanish : ows on the face or background</text>
          </text_data><text_data language="English">
            <text from_TM="False" rev_id="11" status="Complete" time="1222354203">Avoid shadows on the face or background</text>
          </text_data>
        </ta_sentence><ta_sentence do_translation="yes" encoding="utf-8" format="1" id="2198" original_language="English">
          <space_before> </space_before>
          <space_after />
          <text_data language="German">
            <text from_TM="False" rev_id="13" status="New" time="1222355938">Face in photo should have a natural expression (closed mouth)</text>
          </text_data><text_data language="Spanish">
            <text from_TM="False" rev_id="11" status="Complete" time="1222354203">Spanish : oto should have a natural expression (closed mouth)</text>
          </text_data><text_data language="English">
            <text from_TM="False" rev_id="11" status="Complete" time="1222354203">Face in photo should have a natural expression (closed mouth)</text>
          </text_data>
        </ta_sentence><ta_sentence do_translation="yes" encoding="utf-8" format="1" id="2199" original_language="English">
          <space_before> </space_before>
          <space_after />
          <text_data language="German">
            <text from_TM="False" rev_id="13" status="New" time="1222355938">Photos should not include sunglasses or hats</text>
          </text_data><text_data language="Spanish">
            <text from_TM="False" rev_id="11" status="Complete" time="1222354203">Spanish : uld not include sunglasses or hats</text>
          </text_data><text_data language="English">
            <text from_TM="False" rev_id="11" status="Complete" time="1222354203">Photos should not include sunglasses or hats</text>
          </text_data>
        </ta_sentence><ta_sentence do_translation="yes" encoding="utf-8" format="1" id="2200" original_language="English">
          <space_before> </space_before>
          <space_after />
          <text_data language="German">
            <text from_TM="False" rev_id="13" status="New" time="1222355938">The contrast and lighting in the photo should be normal</text>
          </text_data><text_data language="Spanish">
            <text from_TM="False" rev_id="11" status="Complete" time="1222354203">Spanish : st and lighting in the photo should be normal</text>
          </text_data><text_data language="English">
            <text from_TM="False" rev_id="11" status="Complete" time="1222354203">The contrast and lighting in the photo should be normal</text>
          </text_data>
        </ta_sentence><ta_sentence do_translation="yes" encoding="utf-8" format="1" id="2201" original_language="English">
          <space_before />
          <space_after />
          <text_data language="German">
            <text from_TM="False" rev_id="13" status="New" time="1222355938">For more information on making your own passport photos visit $ppnt_name's home page.</text>
            <marker end="85" id="0" start="0" />
            <marker end="84" id="1" start="62" />
          </text_data><text_data language="Spanish">
            <text from_TM="False" rev_id="11" status="Complete" time="1222354203">Spanish : nformation on making your own passport photos visit $ppnt_name's home page.</text>
            <marker end="85" id="0" start="0" />
            <marker end="84" id="1" start="62" />
          </text_data><text_data language="English">
            <text from_TM="False" rev_id="11" status="Complete" time="1222354203">For more information on making your own passport photos visit $ppnt_name's home page.</text>
            <marker end="85" id="0" start="0" />
            <marker end="84" id="1" start="62" />
          </text_data><marker_def id="0" type="html">
            <html_marker tag="b" />
          </marker_def><marker_def id="1" type="html">
            <html_marker tag="a">
              <attr name="href" val="passport_photo.htm" />
            </html_marker>
          </marker_def>
        </ta_sentence><ta_sentence do_translation="no" encoding="utf-8" format="1" id="2202" original_language="English">
          <space_before />
          <space_after />
          <text_data language="German">
            <text from_TM="False" rev_id="13" status="New" time="1222355938">(</text>
            <marker end="1" id="0" start="0" />
          </text_data><text_data language="Spanish">
            <text from_TM="False" rev_id="11" status="Complete" time="1222354203">Spanish : </text>
            <marker end="1" id="0" start="0" />
          </text_data><text_data language="English">
            <text from_TM="False" rev_id="11" status="Complete" time="1222354203">(</text>
            <marker end="1" id="0" start="0" />
          </text_data><marker_def id="0" type="html">
            <html_marker tag="img">
              <attr name="src" val="images/corners/white-left-tp.gif" />
              <attr name="width" val="10" />
              <attr name="height" val="10" />
              <attr name="alt" val="(" />
            </html_marker>
          </marker_def>
        </ta_sentence><ta_sentence do_translation="no" encoding="utf-8" format="1" id="2203" original_language="English">
          <space_before />
          <space_after />
          <text_data language="German">
            <text from_TM="False" rev_id="13" status="New" time="1222355938">)</text>
            <marker end="1" id="0" start="0" />
          </text_data><text_data language="Spanish">
            <text from_TM="False" rev_id="11" status="Complete" time="1222354203">Spanish : </text>
            <marker end="1" id="0" start="0" />
          </text_data><text_data language="English">
            <text from_TM="False" rev_id="11" status="Complete" time="1222354203">)</text>
            <marker end="1" id="0" start="0" />
          </text_data><marker_def id="0" type="html">
            <html_marker tag="img">
              <attr name="src" val="images/corners/white-right-tp.gif" />
              <attr name="width" val="10" />
              <attr name="height" val="10" />
              <attr name="alt" val=")" />
            </html_marker>
          </marker_def>
        </ta_sentence><ta_sentence do_translation="yes" encoding="utf-8" format="1" id="2204" original_language="English">
          <space_before />
          <space_after />
          <text_data language="German">
            <text from_TM="False" rev_id="13" status="New" time="1222355938">Free online passport photo checker</text>
          </text_data><text_data language="Spanish">
            <text from_TM="False" rev_id="11" status="Complete" time="1222354203">Spanish : e passport photo checker</text>
          </text_data><text_data language="English">
            <text from_TM="False" rev_id="11" status="Complete" time="1222354203">Free online passport photo checker</text>
          </text_data>
        </ta_sentence><ta_sentence do_translation="yes" encoding="utf-8" format="1" id="2205" original_language="English">
          <space_before />
          <space_after />
          <text_data language="German">
            <text from_TM="False" rev_id="13" status="New" time="1222355938">If you're planning on printing your own passport photos, we recommend that you check it for common errors.</text>
            <marker end="106" id="0" start="0" />
          </text_data><text_data language="Spanish">
            <text from_TM="False" rev_id="11" status="Complete" time="1222354203">Spanish : planning on printing your own passport photos, we recommend that you check it for common errors.</text>
            <marker end="106" id="0" start="0" />
          </text_data><text_data language="English">
            <text from_TM="False" rev_id="11" status="Complete" time="1222354203">If you're planning on printing your own passport photos, we recommend that you check it for common errors.</text>
            <marker end="106" id="0" start="0" />
          </text_data><marker_def id="0" type="html">
            <html_marker tag="b" />
          </marker_def>
        </ta_sentence><ta_sentence do_translation="yes" encoding="utf-8" format="1" id="2206" original_language="English">
          <space_before />
          <space_after />
          <text_data language="German">
            <text from_TM="False" rev_id="13" status="New" time="1222355938">Use the passport photo validator to see how your photo compares to a good reference, next to samples of photos with common problems.</text>
            <marker end="32" id="0" start="8" />
          </text_data><text_data language="Spanish">
            <text from_TM="False" rev_id="11" status="Complete" time="1222354203">Spanish : ssport photo validator to see how your photo compares to a good reference, next to samples of photos with common problems.</text>
            <marker end="32" id="0" start="8" />
          </text_data><text_data language="English">
            <text from_TM="False" rev_id="11" status="Complete" time="1222354203">Use the passport photo validator to see how your photo compares to a good reference, next to samples of photos with common problems.</text>
            <marker end="32" id="0" start="8" />
          </text_data><marker_def id="0" type="html">
            <html_marker tag="a">
              <attr name="target" val="_blank" />
              <attr name="href" val="http://passport-photo-validator.onthegosystems.com" />
            </html_marker>
          </marker_def>
        </ta_sentence><ta_sentence do_translation="no" encoding="utf-8" format="1" id="2207" original_language="English">
          <space_before />
          <space_after />
          <text_data language="German">
            <text from_TM="False" rev_id="13" status="New" time="1222355938">(</text>
            <marker end="1" id="0" start="0" />
          </text_data><text_data language="Spanish">
            <text from_TM="False" rev_id="11" status="Complete" time="1222354203">Spanish : </text>
            <marker end="1" id="0" start="0" />
          </text_data><text_data language="English">
            <text from_TM="False" rev_id="11" status="Complete" time="1222354203">(</text>
            <marker end="1" id="0" start="0" />
          </text_data><marker_def id="0" type="html">
            <html_marker tag="img">
              <attr name="src" val="images/corners/white-left-btm.gif" />
              <attr name="width" val="10" />
              <attr name="height" val="10" />
              <attr name="alt" val="(" />
            </html_marker>
          </marker_def>
        </ta_sentence><ta_sentence do_translation="no" encoding="utf-8" format="1" id="2208" original_language="English">
          <space_before />
          <space_after />
          <text_data language="German">
            <text from_TM="False" rev_id="13" status="New" time="1222355938">)</text>
            <marker end="1" id="0" start="0" />
          </text_data><text_data language="Spanish">
            <text from_TM="False" rev_id="11" status="Complete" time="1222354203">Spanish : </text>
            <marker end="1" id="0" start="0" />
          </text_data><text_data language="English">
            <text from_TM="False" rev_id="11" status="Complete" time="1222354203">)</text>
            <marker end="1" id="0" start="0" />
          </text_data><marker_def id="0" type="html">
            <html_marker tag="img">
              <attr name="src" val="images/corners/white-right-btm.gif" />
              <attr name="width" val="10" />
              <attr name="height" val="10" />
              <attr name="alt" val=")" />
            </html_marker>
          </marker_def>
        </ta_sentence><ta_sentence do_translation="yes" encoding="utf-8" format="1" id="2209" original_language="English">
          <space_before />
          <space_after />
          <text_data language="German">
            <text from_TM="False" rev_id="13" status="New" time="1222355938">Passport photo checklist</text>
          </text_data><text_data language="Spanish">
            <text from_TM="False" rev_id="11" status="Complete" time="1222354203">Spanish : hoto checklist</text>
          </text_data><text_data language="English">
            <text from_TM="False" rev_id="11" status="Complete" time="1222354203">Passport photo checklist</text>
          </text_data>
        </ta_sentence><ta_sentence do_translation="yes" encoding="utf-8" format="1" id="2210" original_language="English">
          <space_before />
          <space_after />
          <text_data language="German">
            <text from_TM="False" rev_id="13" status="New" time="1222355938">A passport photo with incomplate face</text>
            <marker end="37" id="0" start="0" />
          </text_data><text_data language="Spanish">
            <text from_TM="False" rev_id="11" status="Complete" time="1222354203">Spanish :  photo with incomplate face</text>
            <marker end="37" id="0" start="0" />
          </text_data><text_data language="English">
            <text from_TM="False" rev_id="11" status="Complete" time="1222354203">A passport photo with incomplate face</text>
            <marker end="37" id="0" start="0" />
          </text_data><marker_def id="0" type="html">
            <html_marker tag="img">
              <attr name="src" val="images/passport/samples/pillow.jpg" />
              <attr name="alt" val="A passport photo with incomplate face" />
              <attr name="width" val="122" />
              <attr name="height" val="128" />
            </html_marker>
          </marker_def>
        </ta_sentence><ta_sentence do_translation="yes" encoding="utf-8" format="1" id="2211" original_language="English">
          <space_before> </space_before>
          <space_after />
          <text_data language="German">
            <text from_TM="False" rev_id="13" status="New" time="1222355938">Bad passport photo</text>
            <marker end="18" id="0" start="0" />
            <marker end="18" id="1" start="0" />
          </text_data><text_data language="Spanish">
            <text from_TM="False" rev_id="11" status="Complete" time="1222354203">Spanish : rt photo</text>
            <marker end="18" id="0" start="0" />
            <marker end="18" id="1" start="0" />
          </text_data><text_data language="English">
            <text from_TM="False" rev_id="11" status="Complete" time="1222354203">Bad passport photo</text>
            <marker end="18" id="0" start="0" />
            <marker end="18" id="1" start="0" />
          </text_data><marker_def id="0" type="html">
            <html_marker tag="span">
              <attr name="class" val="Text-standard" />
            </html_marker>
          </marker_def><marker_def id="1" type="html">
            <html_marker tag="font">
              <attr name="color" val="#990000" />
            </html_marker>
          </marker_def>
        </ta_sentence><ta_sentence do_translation="yes" encoding="utf-8" format="1" id="2212" original_language="English">
          <space_before />
          <space_after />
          <text_data language="German">
            <text from_TM="False" rev_id="13" status="New" time="1222355938">Make sure the face shows fully</text>
          </text_data><text_data language="Spanish">
            <text from_TM="False" rev_id="11" status="Complete" time="1222354203">Spanish : the face shows fully</text>
          </text_data><text_data language="English">
            <text from_TM="False" rev_id="11" status="Complete" time="1222354203">Make sure the face shows fully</text>
          </text_data>
        </ta_sentence><ta_sentence do_translation="yes" encoding="utf-8" format="1" id="2213" original_language="English">
          <space_before> </space_before>
          <space_after />
          <text_data language="German">
            <text from_TM="False" rev_id="13" status="New" time="1222355938">This sample shows my kid, Tomer, holding a pillow.</text>
          </text_data><text_data language="Spanish">
            <text from_TM="False" rev_id="11" status="Complete" time="1222354203">Spanish : e shows my kid, Tomer, holding a pillow.</text>
          </text_data><text_data language="English">
            <text from_TM="False" rev_id="11" status="Complete" time="1222354203">This sample shows my kid, Tomer, holding a pillow.</text>
          </text_data>
        </ta_sentence><ta_sentence do_translation="yes" encoding="utf-8" format="1" id="2214" original_language="English">
          <space_before> </space_before>
          <space_after />
          <text_data language="German">
            <text from_TM="False" rev_id="13" status="New" time="1222355938">It's pretty obvious that the pillow obstructs part of his face. </text>
          </text_data><text_data language="Spanish">
            <text from_TM="False" rev_id="11" status="Complete" time="1222354203">Spanish : y obvious that the pillow obstructs part of his face. </text>
          </text_data><text_data language="English">
            <text from_TM="False" rev_id="11" status="Complete" time="1222354203">It's pretty obvious that the pillow obstructs part of his face. </text>
          </text_data>
        </ta_sentence><ta_sentence do_translation="no" encoding="utf-8" format="1" id="2215" original_language="English">
          <space_before />
          <space_after />
          <text_data language="German">
            <text from_TM="False" rev_id="13" status="New" time="1222355938" />
          </text_data><text_data language="Spanish">
            <text from_TM="False" rev_id="-1" status="Complete" time="1222355861" />
          </text_data><text_data language="English">
            <text from_TM="False" status="Complete" time="1222355861" />
          </text_data>
        </ta_sentence><ta_sentence do_translation="yes" encoding="utf-8" format="1" id="2216" original_language="English">
          <space_before />
          <space_after />
          <text_data language="German">
            <text from_TM="False" rev_id="13" status="New" time="1222355938">Even though you can cut the pillow out, the full face and shoulders are required for making a passport photo.</text>
            <marker end="109" id="0" start="0" />
          </text_data><text_data language="Spanish">
            <text from_TM="False" rev_id="11" status="Complete" time="1222354203">Spanish : h you can cut the pillow out, the full face and shoulders are required for making a passport photo.</text>
            <marker end="109" id="0" start="0" />
          </text_data><text_data language="English">
            <text from_TM="False" rev_id="11" status="Complete" time="1222354203">Even though you can cut the pillow out, the full face and shoulders are required for making a passport photo.</text>
            <marker end="109" id="0" start="0" />
          </text_data><marker_def id="0" type="html">
            <html_marker tag="span">
              <attr name="class" val="Text-standard" />
            </html_marker>
          </marker_def>
        </ta_sentence><ta_sentence do_translation="yes" encoding="utf-8" format="1" id="2217" original_language="English">
          <space_before />
          <space_after />
          <text_data language="German">
            <text from_TM="False" rev_id="13" status="New" time="1222355938">Stand in front of clear white background</text>
          </text_data><text_data language="Spanish">
            <text from_TM="False" rev_id="11" status="Complete" time="1222354203">Spanish : ront of clear white background</text>
          </text_data><text_data language="English">
            <text from_TM="False" rev_id="11" status="Complete" time="1222354203">Stand in front of clear white background</text>
          </text_data>
        </ta_sentence><ta_sentence do_translation="yes" encoding="utf-8" format="1" id="2218" original_language="English">
          <space_before />
          <space_after />
          <text_data language="German">
            <text from_TM="False" rev_id="13" status="New" time="1222355938">A passport photo with non blank background</text>
            <marker end="42" id="0" start="0" />
          </text_data><text_data language="Spanish">
            <text from_TM="False" rev_id="11" status="Complete" time="1222354203">Spanish :  photo with non blank background</text>
            <marker end="42" id="0" start="0" />
          </text_data><text_data language="English">
            <text from_TM="False" rev_id="11" status="Complete" time="1222354203">A passport photo with non blank background</text>
            <marker end="42" id="0" start="0" />
          </text_data><marker_def id="0" type="html">
            <html_marker tag="img">
              <attr name="src" val="images/passport/samples/amir.jpg" />
              <attr name="alt" val="A passport photo with non blank background" />
              <attr name="width" val="123" />
              <attr name="height" val="137" />
            </html_marker>
          </marker_def>
        </ta_sentence><ta_sentence do_translation="yes" encoding="utf-8" format="1" id="2219" original_language="English">
          <space_before> </space_before>
          <space_after> </space_after>
          <text_data language="German">
            <text from_TM="False" rev_id="13" status="New" time="1222355938">Bad passport photo</text>
            <marker end="18" id="0" start="0" />
            <marker end="18" id="1" start="0" />
          </text_data><text_data language="Spanish">
            <text from_TM="False" rev_id="11" status="Complete" time="1222354203">Spanish : rt photo</text>
            <marker end="18" id="0" start="0" />
            <marker end="18" id="1" start="0" />
          </text_data><text_data language="English">
            <text from_TM="False" rev_id="11" status="Complete" time="1222354203">Bad passport photo</text>
            <marker end="18" id="0" start="0" />
            <marker end="18" id="1" start="0" />
          </text_data><marker_def id="0" type="html">
            <html_marker tag="span">
              <attr name="class" val="Text-standard" />
            </html_marker>
          </marker_def><marker_def id="1" type="html">
            <html_marker tag="font">
              <attr name="color" val="#990000" />
            </html_marker>
          </marker_def>
        </ta_sentence><ta_sentence do_translation="yes" encoding="utf-8" format="1" id="2220" original_language="English">
          <space_before> </space_before>
          <space_after />
          <text_data language="German">
            <text from_TM="False" rev_id="13" status="New" time="1222355938">That's me (Amir), sitting in front of the laundry.</text>
          </text_data><text_data language="Spanish">
            <text from_TM="False" rev_id="11" status="Complete" time="1222354203">Spanish : (Amir), sitting in front of the laundry.</text>
          </text_data><text_data language="English">
            <text from_TM="False" rev_id="11" status="Complete" time="1222354203">That's me (Amir), sitting in front of the laundry.</text>
          </text_data>
        </ta_sentence><ta_sentence do_translation="yes" encoding="utf-8" format="1" id="2221" original_language="English">
          <space_before> </space_before>
          <space_after />
          <text_data language="German">
            <text from_TM="False" rev_id="13" status="New" time="1222355938">My intention was to sit in front of the white sheet, but it didn't work well.</text>
          </text_data><text_data language="Spanish">
            <text from_TM="False" rev_id="11" status="Complete" time="1222354203">Spanish : on was to sit in front of the white sheet, but it didn't work well.</text>
          </text_data><text_data language="English">
            <text from_TM="False" rev_id="11" status="Complete" time="1222354203">My intention was to sit in front of the white sheet, but it didn't work well.</text>
          </text_data>
        </ta_sentence><ta_sentence do_translation="yes" encoding="utf-8" format="1" id="2222" original_language="English">
          <space_before> </space_before>
          <space_after />
          <text_data language="German">
            <text from_TM="False" rev_id="13" status="New" time="1222355938">Passport photos should be taken with a clear white background, without any shadows (including from the person being photographed).</text>
          </text_data><text_data language="Spanish">
            <text from_TM="False" rev_id="11" status="Complete" time="1222354203">Spanish : hotos should be taken with a clear white background, without any shadows (including from the person being photographed).</text>
          </text_data><text_data language="English">
            <text from_TM="False" rev_id="11" status="Complete" time="1222354203">Passport photos should be taken with a clear white background, without any shadows (including from the person being photographed).</text>
          </text_data>
        </ta_sentence><ta_sentence do_translation="yes" encoding="utf-8" format="1" id="2223" original_language="English">
          <space_before />
          <space_after />
          <text_data language="German">
            <text from_TM="False" rev_id="13" status="New" time="1222355938">Keep a neutral expression</text>
          </text_data><text_data language="Spanish">
            <text from_TM="False" rev_id="11" status="Complete" time="1222354203">Spanish : tral expression</text>
          </text_data><text_data language="English">
            <text from_TM="False" rev_id="11" status="Complete" time="1222354203">Keep a neutral expression</text>
          </text_data>
        </ta_sentence><ta_sentence do_translation="yes" encoding="utf-8" format="1" id="2224" original_language="English">
          <space_before />
          <space_after />
          <text_data language="German">
            <text from_TM="False" rev_id="13" status="New" time="1222355938">A passport photo with non neutral expression</text>
            <marker end="44" id="0" start="0" />
          </text_data><text_data language="Spanish">
            <text from_TM="False" rev_id="11" status="Complete" time="1222354203">Spanish :  photo with non neutral expression</text>
            <marker end="44" id="0" start="0" />
          </text_data><text_data language="English">
            <text from_TM="False" rev_id="11" status="Complete" time="1222354203">A passport photo with non neutral expression</text>
            <marker end="44" id="0" start="0" />
          </text_data><marker_def id="0" type="html">
            <html_marker tag="img">
              <attr name="src" val="images/passport/samples/half_smile.jpg" />
              <attr name="alt" val="A passport photo with non neutral expression" />
              <attr name="width" val="128" />
              <attr name="height" val="164" />
            </html_marker>
          </marker_def>
        </ta_sentence><ta_sentence do_translation="yes" encoding="utf-8" format="1" id="2225" original_language="English">
          <space_before> </space_before>
          <space_after> </space_after>
          <text_data language="German">
            <text from_TM="False" rev_id="13" status="New" time="1222355938">Bad passport photo</text>
            <marker end="18" id="0" start="0" />
            <marker end="18" id="1" start="0" />
          </text_data><text_data language="Spanish">
            <text from_TM="False" rev_id="11" status="Complete" time="1222354203">Spanish : rt photo</text>
            <marker end="18" id="0" start="0" />
            <marker end="18" id="1" start="0" />
          </text_data><text_data language="English">
            <text from_TM="False" rev_id="11" status="Complete" time="1222354203">Bad passport photo</text>
            <marker end="18" id="0" start="0" />
            <marker end="18" id="1" start="0" />
          </text_data><marker_def id="0" type="html">
            <html_marker tag="span">
              <attr name="class" val="Text-standard" />
            </html_marker>
          </marker_def><marker_def id="1" type="html">
            <html_marker tag="font">
              <attr name="color" val="#990000" />
            </html_marker>
          </marker_def>
        </ta_sentence><ta_sentence do_translation="yes" encoding="utf-8" format="1" id="2226" original_language="English">
          <space_before> </space_before>
          <space_after />
          <text_data language="German">
            <text from_TM="False" rev_id="13" status="New" time="1222355938">That's Eran, my other kid.</text>
          </text_data><text_data language="Spanish">
            <text from_TM="False" rev_id="11" status="Complete" time="1222354203">Spanish : n, my other kid.</text>
          </text_data><text_data language="English">
            <text from_TM="False" rev_id="11" status="Complete" time="1222354203">That's Eran, my other kid.</text>
          </text_data>
        </ta_sentence><ta_sentence do_translation="yes" encoding="utf-8" format="1" id="2227" original_language="English">
          <space_before> </space_before>
          <space_after />
          <text_data language="German">
            <text from_TM="False" rev_id="13" status="New" time="1222355938">He's making a strange smile.</text>
          </text_data><text_data language="Spanish">
            <text from_TM="False" rev_id="11" status="Complete" time="1222354203">Spanish : g a strange smile.</text>
          </text_data><text_data language="English">
            <text from_TM="False" rev_id="11" status="Complete" time="1222354203">He's making a strange smile.</text>
          </text_data>
        </ta_sentence><ta_sentence do_translation="yes" encoding="utf-8" format="1" id="2228" original_language="English">
          <space_before> </space_before>
          <space_after />
          <text_data language="German">
            <text from_TM="False" rev_id="13" status="New" time="1222355938">Although his grandmother finds it cute, you can't make a passport photo with this expression. </text>
          </text_data><text_data language="Spanish">
            <text from_TM="False" rev_id="11" status="Complete" time="1222354203">Spanish : is grandmother finds it cute, you can't make a passport photo with this expression. </text>
          </text_data><text_data language="English">
            <text from_TM="False" rev_id="11" status="Complete" time="1222354203">Although his grandmother finds it cute, you can't make a passport photo with this expression. </text>
          </text_data>
        </ta_sentence><ta_sentence do_translation="no" encoding="utf-8" format="1" id="2229" original_language="English">
          <space_before />
          <space_after />
          <text_data language="German">
            <text from_TM="False" rev_id="13" status="New" time="1222355938" />
          </text_data><text_data language="Spanish">
            <text from_TM="False" rev_id="-1" status="Complete" time="1222355861" />
          </text_data><text_data language="English">
            <text from_TM="False" status="Complete" time="1222355861" />
          </text_data>
        </ta_sentence><ta_sentence do_translation="yes" encoding="utf-8" format="1" id="2230" original_language="English">
          <space_before />
          <space_after />
          <text_data language="German">
            <text from_TM="False" rev_id="13" status="New" time="1222355938">For a good passport photo, the person should wear a normal expression, no big smiles, or other gestures.</text>
          </text_data><text_data language="Spanish">
            <text from_TM="False" rev_id="11" status="Complete" time="1222354203">Spanish :  passport photo, the person should wear a normal expression, no big smiles, or other gestures.</text>
          </text_data><text_data language="English">
            <text from_TM="False" rev_id="11" status="Complete" time="1222354203">For a good passport photo, the person should wear a normal expression, no big smiles, or other gestures.</text>
          </text_data>
        </ta_sentence><ta_sentence do_translation="yes" encoding="utf-8" format="1" id="2231" original_language="English">
          <space_before> </space_before>
          <space_after />
          <text_data language="German">
            <text from_TM="False" rev_id="13" status="New" time="1222355938">Both eyes should be open, and the mouth closed.</text>
          </text_data><text_data language="Spanish">
            <text from_TM="False" rev_id="11" status="Complete" time="1222354203">Spanish : should be open, and the mouth closed.</text>
          </text_data><text_data language="English">
            <text from_TM="False" rev_id="11" status="Complete" time="1222354203">Both eyes should be open, and the mouth closed.</text>
          </text_data>
        </ta_sentence><ta_sentence do_translation="yes" encoding="utf-8" format="1" id="2232" original_language="English">
          <space_before />
          <space_after />
          <text_data language="German">
            <text from_TM="False" rev_id="13" status="New" time="1222355938">Mind the contrast, lighting and colors</text>
          </text_data><text_data language="Spanish">
            <text from_TM="False" rev_id="11" status="Complete" time="1222354203">Spanish : ontrast, lighting and colors</text>
          </text_data><text_data language="English">
            <text from_TM="False" rev_id="11" status="Complete" time="1222354203">Mind the contrast, lighting and colors</text>
          </text_data>
        </ta_sentence><ta_sentence do_translation="yes" encoding="utf-8" format="1" id="2233" original_language="English">
          <space_before />
          <space_after />
          <text_data language="German">
            <text from_TM="False" rev_id="13" status="New" time="1222355938">A passport photo with bad color settings</text>
            <marker end="40" id="0" start="0" />
          </text_data><text_data language="Spanish">
            <text from_TM="False" rev_id="11" status="Complete" time="1222354203">Spanish :  photo with bad color settings</text>
            <marker end="40" id="0" start="0" />
          </text_data><text_data language="English">
            <text from_TM="False" rev_id="11" status="Complete" time="1222354203">A passport photo with bad color settings</text>
            <marker end="40" id="0" start="0" />
          </text_data><marker_def id="0" type="html">
            <html_marker tag="img">
              <attr name="src" val="images/passport/samples/blue.jpg" />
              <attr name="alt" val="A passport photo with bad color settings" />
              <attr name="width" val="128" />
              <attr name="height" val="151" />
            </html_marker>
          </marker_def>
        </ta_sentence><ta_sentence do_translation="yes" encoding="utf-8" format="1" id="2234" original_language="English">
          <space_before> </space_before>
          <space_after> </space_after>
          <text_data language="German">
            <text from_TM="False" rev_id="13" status="New" time="1222355938">Bad passport photo</text>
            <marker end="18" id="0" start="0" />
            <marker end="18" id="1" start="0" />
          </text_data><text_data language="Spanish">
            <text from_TM="False" rev_id="11" status="Complete" time="1222354203">Spanish : rt photo</text>
            <marker end="18" id="0" start="0" />
            <marker end="18" id="1" start="0" />
          </text_data><text_data language="English">
            <text from_TM="False" rev_id="11" status="Complete" time="1222354203">Bad passport photo</text>
            <marker end="18" id="0" start="0" />
            <marker end="18" id="1" start="0" />
          </text_data><marker_def id="0" type="html">
            <html_marker tag="span">
              <attr name="class" val="Text-standard" />
            </html_marker>
          </marker_def><marker_def id="1" type="html">
            <html_marker tag="font">
              <attr name="color" val="#990000" />
            </html_marker>
          </marker_def>
        </ta_sentence><ta_sentence do_translation="yes" encoding="utf-8" format="1" id="2235" original_language="English">
          <space_before />
          <space_after />
          <text_data language="German">
            <text from_TM="False" rev_id="13" status="New" time="1222355938">This photo was taken with bad exposure settings, causing it to appear blue and therefore un-useable as a passport photo.</text>
            <marker end="120" id="0" start="0" />
          </text_data><text_data language="Spanish">
            <text from_TM="False" rev_id="11" status="Complete" time="1222354203">Spanish :  was taken with bad exposure settings, causing it to appear blue and therefore un-useable as a passport photo.</text>
            <marker end="120" id="0" start="0" />
          </text_data><text_data language="English">
            <text from_TM="False" rev_id="11" status="Complete" time="1222354203">This photo was taken with bad exposure settings, causing it to appear blue and therefore un-useable as a passport photo.</text>
            <marker end="120" id="0" start="0" />
          </text_data><marker_def id="0" type="html">
            <html_marker tag="span">
              <attr name="class" val="Text-standard" />
            </html_marker>
          </marker_def>
        </ta_sentence><ta_sentence do_translation="yes" encoding="utf-8" format="1" id="2236" original_language="English">
          <space_before />
          <space_after />
          <text_data language="German">
            <text from_TM="False" rev_id="13" status="New" time="1222355938">Indirect sunlight, with no flash and default camera setting will give good results in most cases.</text>
            <marker end="97" id="0" start="0" />
          </text_data><text_data language="Spanish">
            <text from_TM="False" rev_id="11" status="Complete" time="1222354203">Spanish : unlight, with no flash and default camera setting will give good results in most cases.</text>
            <marker end="97" id="0" start="0" />
          </text_data><text_data language="English">
            <text from_TM="False" rev_id="11" status="Complete" time="1222354203">Indirect sunlight, with no flash and default camera setting will give good results in most cases.</text>
            <marker end="97" id="0" start="0" />
          </text_data><marker_def id="0" type="html">
            <html_marker tag="span">
              <attr name="class" val="Text-standard" />
            </html_marker>
          </marker_def>
        </ta_sentence><ta_sentence do_translation="yes" encoding="utf-8" format="1" id="2237" original_language="English">
          <space_before />
          <space_after />
          <text_data language="German">
            <text from_TM="False" rev_id="13" status="New" time="1222355938">A good passport photo</text>
          </text_data><text_data language="Spanish">
            <text from_TM="False" rev_id="11" status="Complete" time="1222354203">Spanish : sport photo</text>
          </text_data><text_data language="English">
            <text from_TM="False" rev_id="11" status="Complete" time="1222354203">A good passport photo</text>
          </text_data>
        </ta_sentence><ta_sentence do_translation="yes" encoding="utf-8" format="1" id="2238" original_language="English">
          <space_before />
          <space_after />
          <text_data language="German">
            <text from_TM="False" rev_id="13" status="New" time="1222355938">A good passport photo</text>
            <marker end="21" id="0" start="0" />
          </text_data><text_data language="Spanish">
            <text from_TM="False" rev_id="11" status="Complete" time="1222354203">Spanish : sport photo</text>
            <marker end="21" id="0" start="0" />
          </text_data><text_data language="English">
            <text from_TM="False" rev_id="11" status="Complete" time="1222354203">A good passport photo</text>
            <marker end="21" id="0" start="0" />
          </text_data><marker_def id="0" type="html">
            <html_marker tag="img">
              <attr name="src" val="images/passport/samples/good1.jpg" />
              <attr name="alt" val="A good passport photo" />
              <attr name="width" val="128" />
              <attr name="height" val="165" />
            </html_marker>
          </marker_def>
        </ta_sentence><ta_sentence do_translation="yes" encoding="utf-8" format="1" id="2239" original_language="English">
          <space_before> </space_before>
          <space_after />
          <text_data language="German">
            <text from_TM="False" rev_id="13" status="New" time="1222355938">Good passport photo</text>
            <marker end="19" id="0" start="0" />
            <marker end="19" id="1" start="0" />
          </text_data><text_data language="Spanish">
            <text from_TM="False" rev_id="11" status="Complete" time="1222354203">Spanish : ort photo</text>
            <marker end="19" id="0" start="0" />
            <marker end="19" id="1" start="0" />
          </text_data><text_data language="English">
            <text from_TM="False" rev_id="11" status="Complete" time="1222354203">Good passport photo</text>
            <marker end="19" id="0" start="0" />
            <marker end="19" id="1" start="0" />
          </text_data><marker_def id="0" type="html">
            <html_marker tag="span">
              <attr name="class" val="Text-standard" />
            </html_marker>
          </marker_def><marker_def id="1" type="html">
            <html_marker tag="font">
              <attr name="color" val="#006600" />
            </html_marker>
          </marker_def>
        </ta_sentence><ta_sentence do_translation="yes" encoding="utf-8" format="1" id="2240" original_language="English">
          <space_before />
          <space_after />
          <text_data language="German">
            <text from_TM="False" rev_id="13" status="New" time="1222355938">This photo isn't perfect, but it's OK for a passport.</text>
            <marker end="-1" id="0" start="0" />
            <marker end="-1" id="0" start="0" />
          </text_data><text_data language="Spanish">
            <text from_TM="False" rev_id="11" status="Complete" time="1222354203">Spanish :  isn't perfect, but it's OK for a passport.</text>
            <marker end="-1" id="0" start="0" />
            <marker end="-1" id="0" start="0" />
          </text_data><text_data language="English">
            <text from_TM="False" rev_id="11" status="Complete" time="1222354203">This photo isn't perfect, but it's OK for a passport.</text>
            <marker end="-1" id="0" start="0" />
            <marker end="-1" id="0" start="0" />
          </text_data><marker_def id="0" type="html">
            <html_marker tag="span">
              <attr name="class" val="Text-standard" />
            </html_marker>
          </marker_def>
        </ta_sentence><ta_sentence do_translation="yes" encoding="utf-8" format="1" id="2241" original_language="English">
          <space_before />
          <space_after />
          <text_data language="German">
            <text from_TM="False" rev_id="13" status="New" time="1222355938">A professional photographer would have probably taken a better picture, but it fulfills the requirements from a passport photo.</text>
          </text_data><text_data language="Spanish">
            <text from_TM="False" rev_id="11" status="Complete" time="1222354203">Spanish : onal photographer would have probably taken a better picture, but it fulfills the requirements from a passport photo.</text>
          </text_data><text_data language="English">
            <text from_TM="False" rev_id="11" status="Complete" time="1222354203">A professional photographer would have probably taken a better picture, but it fulfills the requirements from a passport photo.</text>
          </text_data>
        </ta_sentence><ta_sentence do_translation="yes" encoding="utf-8" format="1" id="2242" original_language="English">
          <space_before> </space_before>
          <space_after />
          <text_data language="German">
            <text from_TM="False" rev_id="13" status="New" time="1222355938">The expression is neutral, the entire face is shown (and shoulders too), the background is plain white and lighting is good.</text>
          </text_data><text_data language="Spanish">
            <text from_TM="False" rev_id="11" status="Complete" time="1222354203">Spanish : sion is neutral, the entire face is shown (and shoulders too), the background is plain white and lighting is good.</text>
          </text_data><text_data language="English">
            <text from_TM="False" rev_id="11" status="Complete" time="1222354203">The expression is neutral, the entire face is shown (and shoulders too), the background is plain white and lighting is good.</text>
          </text_data>
        </ta_sentence><ta_sentence do_translation="yes" encoding="utf-8" format="1" id="2243" original_language="English">
          <space_before />
          <space_after />
          <text_data language="German">
            <text from_TM="False" rev_id="13" status="New" time="1222355938">Using $ppnt_name you can make great passport photos from this type of photo, and print them in a shop at a fraction of the cost of a regular passport photo.</text>
          </text_data><text_data language="Spanish">
            <text from_TM="False" rev_id="11" status="Complete" time="1222354203">Spanish : t_name you can make great passport photos from this type of photo, and print them in a shop at a fraction of the cost of a regular passport photo.</text>
          </text_data><text_data language="English">
            <text from_TM="False" rev_id="11" status="Complete" time="1222354203">Using $ppnt_name you can make great passport photos from this type of photo, and print them in a shop at a fraction of the cost of a regular passport photo.</text>
          </text_data>
        </ta_sentence><ta_sentence do_translation="no" encoding="utf-8" format="1" id="2244" original_language="English">
          <space_before />
          <space_after />
          <text_data language="German">
            <text from_TM="False" rev_id="13" status="New" time="1222355938">(</text>
            <marker end="1" id="0" start="0" />
          </text_data><text_data language="Spanish">
            <text from_TM="False" rev_id="11" status="Complete" time="1222354203">Spanish : </text>
            <marker end="1" id="0" start="0" />
          </text_data><text_data language="English">
            <text from_TM="False" rev_id="11" status="Complete" time="1222354203">(</text>
            <marker end="1" id="0" start="0" />
          </text_data><marker_def id="0" type="html">
            <html_marker tag="img">
              <attr name="src" val="images/corners/white-left-tp.gif" />
              <attr name="width" val="10" />
              <attr name="height" val="10" />
              <attr name="alt" val="(" />
            </html_marker>
          </marker_def>
        </ta_sentence><ta_sentence do_translation="no" encoding="utf-8" format="1" id="2245" original_language="English">
          <space_before />
          <space_after />
          <text_data language="German">
            <text from_TM="False" rev_id="13" status="New" time="1222355938">)</text>
            <marker end="1" id="0" start="0" />
          </text_data><text_data language="Spanish">
            <text from_TM="False" rev_id="11" status="Complete" time="1222354203">Spanish : </text>
            <marker end="1" id="0" start="0" />
          </text_data><text_data language="English">
            <text from_TM="False" rev_id="11" status="Complete" time="1222354203">)</text>
            <marker end="1" id="0" start="0" />
          </text_data><marker_def id="0" type="html">
            <html_marker tag="img">
              <attr name="src" val="images/corners/white-right-tp.gif" />
              <attr name="width" val="10" />
              <attr name="height" val="10" />
              <attr name="alt" val=")" />
            </html_marker>
          </marker_def>
        </ta_sentence><ta_sentence do_translation="yes" encoding="utf-8" format="1" id="2246" original_language="English">
          <space_before />
          <space_after />
          <text_data language="German">
            <text from_TM="False" rev_id="13" status="New" time="1222355938">Do you want to make your own passport photos?</text>
          </text_data><text_data language="Spanish">
            <text from_TM="False" rev_id="11" status="Complete" time="1222354203">Spanish : t to make your own passport photos?</text>
          </text_data><text_data language="English">
            <text from_TM="False" rev_id="11" status="Complete" time="1222354203">Do you want to make your own passport photos?</text>
          </text_data>
        </ta_sentence><ta_sentence do_translation="yes" encoding="utf-8" format="1" id="2247" original_language="English">
          <space_before />
          <space_after />
          <text_data language="German">
            <text from_TM="False" rev_id="13" status="New" time="1222355938">printer with passport photos</text>
            <marker end="28" id="0" start="0" />
          </text_data><text_data language="Spanish">
            <text from_TM="False" rev_id="11" status="Complete" time="1222354203">Spanish : th passport photos</text>
            <marker end="28" id="0" start="0" />
          </text_data><text_data language="English">
            <text from_TM="False" rev_id="11" status="Complete" time="1222354203">printer with passport photos</text>
            <marker end="28" id="0" start="0" />
          </text_data><marker_def id="0" type="html">
            <html_marker tag="img">
              <attr name="src" val="images/printer/printer_small.png" />
              <attr name="width" val="214" />
              <attr name="height" val="150" />
              <attr name="alt" val="printer with passport photos" />
              <attr name="align" val="right" />
            </html_marker>
          </marker_def>
        </ta_sentence><ta_sentence do_translation="no" encoding="utf-8" format="1" id="2248" original_language="English">
          <space_before> </space_before>
          <space_after />
          <text_data language="German">
            <text from_TM="False" rev_id="13" status="New" time="1222355938" />
          </text_data><text_data language="Spanish">
            <text from_TM="False" rev_id="-1" status="Complete" time="1222355861" />
          </text_data><text_data language="English">
            <text from_TM="False" status="Complete" time="1222355861" />
          </text_data>
        </ta_sentence><ta_sentence do_translation="yes" encoding="utf-8" format="1" id="2249" original_language="English">
          <space_before />
          <space_after />
          <text_data language="German">
            <text from_TM="False" rev_id="13" status="New" time="1222355938">$ppnt_name lets you create and print your own pictures in one minute.</text>
            <marker end="10" id="0" start="0" />
          </text_data><text_data language="Spanish">
            <text from_TM="False" rev_id="11" status="Complete" time="1222354203">Spanish :  lets you create and print your own pictures in one minute.</text>
            <marker end="10" id="0" start="0" />
          </text_data><text_data language="English">
            <text from_TM="False" rev_id="11" status="Complete" time="1222354203">$ppnt_name lets you create and print your own pictures in one minute.</text>
            <marker end="10" id="0" start="0" />
          </text_data><marker_def id="0" type="html">
            <html_marker tag="a">
              <attr name="href" val="passport_photo.htm" />
            </html_marker>
          </marker_def>
        </ta_sentence><ta_sentence do_translation="yes" encoding="utf-8" format="1" id="2250" original_language="English">
          <space_before> </space_before>
          <space_after />
          <text_data language="German">
            <text from_TM="False" rev_id="13" status="New" time="1222355938">It costs just $9.95 - like printing a single set of passport pictures in a shop.</text>
            <marker end="19" id="0" start="0" />
          </text_data><text_data language="Spanish">
            <text from_TM="False" rev_id="11" status="Complete" time="1222354203">Spanish : ust $9.95 - like printing a single set of passport pictures in a shop.</text>
            <marker end="19" id="0" start="0" />
          </text_data><text_data language="English">
            <text from_TM="False" rev_id="11" status="Complete" time="1222354203">It costs just $9.95 - like printing a single set of passport pictures in a shop.</text>
            <marker end="19" id="0" start="0" />
          </text_data><marker_def id="0" type="html">
            <html_marker tag="b" />
          </marker_def>
        </ta_sentence><ta_sentence do_translation="yes" encoding="utf-8" format="1" id="2251" original_language="English">
          <space_before />
          <space_after />
          <text_data language="German">
            <text from_TM="False" rev_id="13" status="New" time="1222355938">This is how it works:</text>
          </text_data><text_data language="Spanish">
            <text from_TM="False" rev_id="11" status="Complete" time="1222354203">Spanish : w it works:</text>
          </text_data><text_data language="English">
            <text from_TM="False" rev_id="11" status="Complete" time="1222354203">This is how it works:</text>
          </text_data>
        </ta_sentence><ta_sentence do_translation="yes" encoding="utf-8" format="1" id="2252" original_language="English">
          <space_before />
          <space_after />
          <text_data language="German">
            <text from_TM="False" rev_id="13" status="New" time="1222355938">Select a photo.</text>
          </text_data><text_data language="Spanish">
            <text from_TM="False" rev_id="11" status="Complete" time="1222354203">Spanish : hoto.</text>
          </text_data><text_data language="English">
            <text from_TM="False" rev_id="11" status="Complete" time="1222354203">Select a photo.</text>
          </text_data>
        </ta_sentence><ta_sentence do_translation="yes" encoding="utf-8" format="1" id="2253" original_language="English">
          <space_before />
          <space_after />
          <text_data language="German">
            <text from_TM="False" rev_id="13" status="New" time="1222355938">Choose size (USA / UK / EU).</text>
          </text_data><text_data language="Spanish">
            <text from_TM="False" rev_id="11" status="Complete" time="1222354203">Spanish : e (USA / UK / EU).</text>
          </text_data><text_data language="English">
            <text from_TM="False" rev_id="11" status="Complete" time="1222354203">Choose size (USA / UK / EU).</text>
          </text_data>
        </ta_sentence><ta_sentence do_translation="yes" encoding="utf-8" format="1" id="2254" original_language="English">
          <space_before />
          <space_after />
          <text_data language="German">
            <text from_TM="False" rev_id="13" status="New" time="1222355938">A special cropping tool guarantees that photo size and composition are correct.</text>
          </text_data><text_data language="Spanish">
            <text from_TM="False" rev_id="11" status="Complete" time="1222354203">Spanish : cropping tool guarantees that photo size and composition are correct.</text>
          </text_data><text_data language="English">
            <text from_TM="False" rev_id="11" status="Complete" time="1222354203">A special cropping tool guarantees that photo size and composition are correct.</text>
          </text_data>
        </ta_sentence><ta_sentence do_translation="yes" encoding="utf-8" format="1" id="2255" original_language="English">
          <space_before />
          <space_after />
          <text_data language="German">
            <text from_TM="False" rev_id="13" status="New" time="1222355938">Print with your own printer or save a JPEG file for printing in a shop.</text>
          </text_data><text_data language="Spanish">
            <text from_TM="False" rev_id="11" status="Complete" time="1222354203">Spanish :  your own printer or save a JPEG file for printing in a shop.</text>
          </text_data><text_data language="English">
            <text from_TM="False" rev_id="11" status="Complete" time="1222354203">Print with your own printer or save a JPEG file for printing in a shop.</text>
          </text_data>
        </ta_sentence><ta_sentence do_translation="yes" encoding="utf-8" format="1" id="2256" original_language="English">
          <space_before />
          <space_after />
          <text_data language="German">
            <text from_TM="False" rev_id="13" status="New" time="1222355938">You'll get perfectly sized passport photos, ready to be used for your application.</text>
          </text_data><text_data language="Spanish">
            <text from_TM="False" rev_id="11" status="Complete" time="1222354203">Spanish :  perfectly sized passport photos, ready to be used for your application.</text>
          </text_data><text_data language="English">
            <text from_TM="False" rev_id="11" status="Complete" time="1222354203">You'll get perfectly sized passport photos, ready to be used for your application.</text>
          </text_data>
        </ta_sentence><ta_sentence do_translation="yes" encoding="utf-8" format="1" id="2257" original_language="English">
          <space_before> </space_before>
          <space_after />
          <text_data language="German">
            <text from_TM="False" rev_id="13" status="New" time="1222355938">Learn more about $ppnt_name or just download now!</text>
            <marker end="27" id="0" start="0" />
            <marker end="27" id="1" start="0" />
            <marker end="49" id="2" start="36" />
            <marker end="49" id="3" start="36" />
          </text_data><text_data language="Spanish">
            <text from_TM="False" rev_id="11" status="Complete" time="1222354203">Spanish :  about $ppnt_name or just download now!</text>
            <marker end="27" id="0" start="0" />
            <marker end="27" id="1" start="0" />
            <marker end="49" id="2" start="36" />
            <marker end="49" id="3" start="36" />
          </text_data><text_data language="English">
            <text from_TM="False" rev_id="11" status="Complete" time="1222354203">Learn more about $ppnt_name or just download now!</text>
            <marker end="27" id="0" start="0" />
            <marker end="27" id="1" start="0" />
            <marker end="49" id="2" start="36" />
            <marker end="49" id="3" start="36" />
          </text_data><marker_def id="0" type="html">
            <html_marker tag="b" />
          </marker_def><marker_def id="1" type="html">
            <html_marker tag="a">
              <attr name="href" val="passport_photo.htm" />
            </html_marker>
          </marker_def><marker_def id="2" type="html">
            <html_marker tag="b" />
          </marker_def><marker_def id="3" type="html">
            <html_marker tag="a">
              <attr name="href" val="pp_download.htm" />
            </html_marker>
          </marker_def>
        </ta_sentence><ta_sentence do_translation="no" encoding="utf-8" format="1" id="2258" original_language="English">
          <space_before />
          <space_after />
          <text_data language="German">
            <text from_TM="False" rev_id="13" status="New" time="1222355938">(</text>
            <marker end="1" id="0" start="0" />
          </text_data><text_data language="Spanish">
            <text from_TM="False" rev_id="11" status="Complete" time="1222354203">Spanish : </text>
            <marker end="1" id="0" start="0" />
          </text_data><text_data language="English">
            <text from_TM="False" rev_id="11" status="Complete" time="1222354203">(</text>
            <marker end="1" id="0" start="0" />
          </text_data><marker_def id="0" type="html">
            <html_marker tag="img">
              <attr name="src" val="images/corners/white-left-btm.gif" />
              <attr name="width" val="10" />
              <attr name="height" val="10" />
              <attr name="alt" val="(" />
            </html_marker>
          </marker_def>
        </ta_sentence><ta_sentence do_translation="no" encoding="utf-8" format="1" id="2259" original_language="English">
          <space_before />
          <space_after />
          <text_data language="German">
            <text from_TM="False" rev_id="13" status="New" time="1222355938">)</text>
            <marker end="1" id="0" start="0" />
          </text_data><text_data language="Spanish">
            <text from_TM="False" rev_id="11" status="Complete" time="1222354203">Spanish : </text>
            <marker end="1" id="0" start="0" />
          </text_data><text_data language="English">
            <text from_TM="False" rev_id="11" status="Complete" time="1222354203">)</text>
            <marker end="1" id="0" start="0" />
          </text_data><marker_def id="0" type="html">
            <html_marker tag="img">
              <attr name="src" val="images/corners/white-right-btm.gif" />
              <attr name="width" val="10" />
              <attr name="height" val="10" />
              <attr name="alt" val=")" />
            </html_marker>
          </marker_def>
        </ta_sentence><ta_sentence do_translation="yes" encoding="utf-8" format="1" id="2260" original_language="English">
          <space_before />
          <space_after />
          <text_data language="German">
            <text from_TM="False" rev_id="13" status="New" time="1222355938">Products&#160;&#160; - &#160;&#160;$ppnt_name&#160;&#160; - &#160;&#160;Photo Backup&#160;&#160; - &#160;&#160;Shrink Pic&#160;&#160; - &#160;&#160;Resources&#160;&#160; - &#160;&#160;Partners&#160;&#160; - &#160;&#160;Blog</text>
            <marker end="8" id="0" start="0" />
            <marker end="25" id="1" start="15" />
            <marker end="44" id="2" start="32" />
            <marker end="61" id="3" start="51" />
            <marker end="77" id="4" start="68" />
            <marker end="92" id="5" start="84" />
            <marker end="103" id="6" start="99" />
          </text_data><text_data language="Spanish">
            <text from_TM="False" rev_id="11" status="Complete" time="1222354203">Spanish :  - &#160;&#160;$ppnt_name&#160;&#160; - &#160;&#160;Photo Backup&#160;&#160; - &#160;&#160;Shrink Pic&#160;&#160; - &#160;&#160;Resources&#160;&#160; - &#160;&#160;Partners&#160;&#160; - &#160;&#160;Blog</text>
            <marker end="8" id="0" start="0" />
            <marker end="25" id="1" start="15" />
            <marker end="44" id="2" start="32" />
            <marker end="61" id="3" start="51" />
            <marker end="77" id="4" start="68" />
            <marker end="92" id="5" start="84" />
            <marker end="103" id="6" start="99" />
          </text_data><text_data language="English">
            <text from_TM="False" rev_id="11" status="Complete" time="1222354203">Products&#160;&#160; - &#160;&#160;$ppnt_name&#160;&#160; - &#160;&#160;Photo Backup&#160;&#160; - &#160;&#160;Shrink Pic&#160;&#160; - &#160;&#160;Resources&#160;&#160; - &#160;&#160;Partners&#160;&#160; - &#160;&#160;Blog</text>
            <marker end="8" id="0" start="0" />
            <marker end="25" id="1" start="15" />
            <marker end="44" id="2" start="32" />
            <marker end="61" id="3" start="51" />
            <marker end="77" id="4" start="68" />
            <marker end="92" id="5" start="84" />
            <marker end="103" id="6" start="99" />
          </text_data><marker_def id="0" type="html">
            <html_marker tag="a">
              <attr name="href" val="./" />
            </html_marker>
          </marker_def><marker_def id="1" type="html">
            <html_marker tag="a">
              <attr name="href" val="passport_photo.htm" />
            </html_marker>
          </marker_def><marker_def id="2" type="html">
            <html_marker tag="a">
              <attr name="href" val="photo_backup.htm" />
            </html_marker>
          </marker_def><marker_def id="3" type="html">
            <html_marker tag="a">
              <attr name="href" val="shrink_pic.htm" />
            </html_marker>
          </marker_def><marker_def id="4" type="html">
            <html_marker tag="a">
              <attr name="href" val="links_nav.htm" />
            </html_marker>
          </marker_def><marker_def id="5" type="html">
            <html_marker tag="a">
              <attr name="href" val="partners.htm" />
            </html_marker>
          </marker_def><marker_def id="6" type="html">
            <html_marker tag="a">
              <attr name="href" val="blog/" />
            </html_marker>
          </marker_def>
        </ta_sentence><ta_sentence do_translation="yes" encoding="utf-8" format="1" id="2261" original_language="English">
          <space_before />
          <space_after />
          <text_data language="German">
            <text from_TM="False" rev_id="13" status="New" time="1222355938">English&#160;&#160;-&#160;&#160;Deutsch&#160;&#160;-&#160;&#160;Fran&#231;ais&#160;&#160;-&#160;&#160;Espa&#241;ol&#160;&#160;-&#160;&#160;Portugu&#234;s</text>
            <marker end="19" id="0" start="12" />
            <marker end="32" id="1" start="24" />
            <marker end="44" id="2" start="37" />
            <marker end="58" id="3" start="49" />
          </text_data><text_data language="Spanish">
            <text from_TM="False" rev_id="11" status="Complete" time="1222354203">Spanish : &#160;&#160;Deutsch&#160;&#160;-&#160;&#160;Fran&#231;ais&#160;&#160;-&#160;&#160;Espa&#241;ol&#160;&#160;-&#160;&#160;Portugu&#234;s</text>
            <marker end="19" id="0" start="12" />
            <marker end="32" id="1" start="24" />
            <marker end="44" id="2" start="37" />
            <marker end="58" id="3" start="49" />
          </text_data><text_data language="English">
            <text from_TM="False" rev_id="11" status="Complete" time="1222354203">English&#160;&#160;-&#160;&#160;Deutsch&#160;&#160;-&#160;&#160;Fran&#231;ais&#160;&#160;-&#160;&#160;Espa&#241;ol&#160;&#160;-&#160;&#160;Portugu&#234;s</text>
            <marker end="19" id="0" start="12" />
            <marker end="32" id="1" start="24" />
            <marker end="44" id="2" start="37" />
            <marker end="58" id="3" start="49" />
          </text_data><marker_def id="0" type="html">
            <html_marker tag="a">
              <attr name="href" val="de/passport_photo_specifications.htm" />
            </html_marker>
          </marker_def><marker_def id="1" type="html">
            <html_marker tag="a">
              <attr name="href" val="fr/passport_photo_specifications.htm" />
            </html_marker>
          </marker_def><marker_def id="2" type="html">
            <html_marker tag="a">
              <attr name="href" val="es/passport_photo_specifications.htm" />
            </html_marker>
          </marker_def><marker_def id="3" type="html">
            <html_marker tag="a">
              <attr name="href" val="br/passport_photo_specifications.htm" />
            </html_marker>
          </marker_def>
        </ta_sentence><ta_sentence do_translation="yes" encoding="utf-8" format="1" id="2262" original_language="English">
          <space_before> </space_before>
          <space_after />
          <text_data language="German">
            <text from_TM="False" rev_id="13" status="New" time="1222355938">This website has been translated using ICanLocalize - Affordable Website Translation</text>
            <marker end="-1" id="0" start="0" />
            <marker end="84" id="1" start="39" />
            <marker end="-1" id="0" start="0" />
          </text_data><text_data language="Spanish">
            <text from_TM="False" rev_id="11" status="Complete" time="1222354203">Spanish : te has been translated using ICanLocalize - Affordable Website Translation</text>
            <marker end="-1" id="0" start="0" />
            <marker end="84" id="1" start="39" />
            <marker end="-1" id="0" start="0" />
          </text_data><text_data language="English">
            <text from_TM="False" rev_id="11" status="Complete" time="1222354203">This website has been translated using ICanLocalize - Affordable Website Translation</text>
            <marker end="-1" id="0" start="0" />
            <marker end="84" id="1" start="39" />
            <marker end="-1" id="0" start="0" />
          </text_data><marker_def id="0" type="html">
            <html_marker tag="span">
              <attr name="class" val="copyright" />
            </html_marker>
          </marker_def><marker_def id="1" type="html">
            <html_marker tag="a">
              <attr name="target" val="_blank" />
              <attr name="href" val="http://www.icanlocalize.com" />
            </html_marker>
          </marker_def>
        </ta_sentence><ta_sentence do_translation="yes" encoding="utf-8" format="1" id="2263" original_language="English">
          <space_before />
          <space_after />
          <text_data language="German">
            <text from_TM="False" rev_id="13" status="New" time="1222355938">&#169; OnTheGoSystems,INC. 2003-2008</text>
            <marker end="21" id="0" start="2" />
            <marker end="31" id="-1" start="-1" />
          </text_data><text_data language="Spanish">
            <text from_TM="False" rev_id="11" status="Complete" time="1222354203">Spanish : ystems,INC. 2003-2008</text>
            <marker end="21" id="0" start="2" />
            <marker end="31" id="-1" start="-1" />
          </text_data><text_data language="English">
            <text from_TM="False" rev_id="11" status="Complete" time="1222354203">&#169; OnTheGoSystems,INC. 2003-2008</text>
            <marker end="21" id="0" start="2" />
            <marker end="31" id="-1" start="-1" />
          </text_data><marker_def id="0" type="html">
            <html_marker tag="a">
              <attr name="href" val="http://www.onthegosystems.com/" />
              <attr name="target" val="_blank" />
            </html_marker>
          </marker_def><marker_def id="-1" type="html">
            <html_marker tag="span" />
          </marker_def>
        </ta_sentence>
      </sentences><html_output_change_data_3 />
    </translation>
  </ta_buffer><ta_buffer encoding="utf-8" format="1" manual="False" original_language="English" source_file="/passport_renewal.htm" type="html">
    <extractor>
      <marked_file MD5="87524250c15a1cbf18489492a0faccd3" encoding="zlib-hex">789ccd5ae96fdbb812ffdc07bcff8155d123686ce5e8f9e2b8c8d1ee06db6d838d8ba29f0c5aa22d3612a92529bbde0ffbb7bf1952b7e523e93ee01585a3831ccef99b19528387979f2f46dfaedf935f47bf7f24d75fce3f5e5d10afe7fb5f8f2f7cff7274e95ebce81f1c9291a24273c3a5a0b1efbfffe40dfffdaf41649218fe123288180ded155c1b6e6236fcfb11fe1b9d8d4757a38fef1f5d53ad53a90cf98309b6a031e99145440d319284f21d0efd7be0bb99399984194a2263d21efb33e3f353ef420ac384e98d9629f348e0ee4e3dc37e181f39392141449566e61497c5eb31dc8c13aa6e997ae41574632e6e49a4d8f4d4d3661933dd0fb4f6886271f12062cc78c4c03239751ce0e4f44b410713192e4b91e9246664c143139d7aaf5f1d78642255c8d4a9079734e63371ea05c02d53c0388be39486211733fb1aef754a83fc3e2709441ff67aa09e944ca8104c9114aed88c0bd2eba1ee8d1a926268d7bf810949c4f82c0215bd4475e122c25e4f66702781b9474787af5f9e5d7ace58039ecc8856c1a9c7133a63da9fc4190306fa333e45298090d790b1223f2c0c180ed7f304afd5a6d7467570b64dc62119847cded2313cf4e1e9700b438ec080e6ded0f7eb8aa819b0ae139dd0381e2fd8a4a695cf6214b15fe48d9c9a5241877505bd3a2a354477646aa7411d923b01d0d4248821e64ebd1178f048a6deb00cc1eb481a39f07150ced644b9899b56b4abd6091b3a835862def042316a18a12224a9e2c290b45829c5953401a7958291848bccb0878d95ef60a79ff5aefbc6cb86e898486364f23f0e900e2060a06a0b030fca9782cef98c2240b761a22ed9510b0ae6b9fb3841bc4e976aa2db8b373f856e032b22b2947b51c2c029e844b39805868585b6eb4179ad6498054663f4d4f5b84aa53d3b940b114b1af6213f78c3cbfcee1e8426d9d2d138cf96779f8db98a06c651b8703777a7a2b31483ca51b971372b54d085e0072d36ac0557ee5a5dde52f32517230f5c30d423a0e9028707078f1b3ed03272db09907649bca09e63884c11436236355fbd22c4bbc780877c3ddf32464818f57f344661d4d5c6e4667890477b6e25f7b278d7b442a172afa09cf21f2c3eb48f2bc2cdb1083d45600323f584ffc1fec304f913167de51532e4e084e6db02405bf88181e99adcd53b9771588200e492e9badc55464a917fc636ffd8806950fc44e7abe9906ea0978e1b48b24aac80968d642065c899ff4e03d081967878faa283d227b6d036959e092133113040833af44d6c1cfbe92e2a43c1acc254620d7337bd8d75ca023ee5819dab775223b969ccd9a88e40268914f95aa992e08fc9ba552eec5872cd03932946aef3d1f752cb2fcc18f06342cb3a6567bdd014c2dac9b64d1d67d5d01697dde544c414ab1512df644628488a8fcb65f006e6e5d5c4aa90188755226db75c6d2977d5d76703eb9229d478a07abd4d5741c4e370ccc3714055b8d69c38885c5d920b1cb4d14b0c369e31d497610f7b31dd036feef1b0b789fca89c43ec1c02734850ac19acac596aa2031477286856aba80a8c5fbc595b3f4a798bbde938d3fd54cc72bb9fe74f8989b806079d55d60f1938149799ae5793b6322ed4064ab36dac905319c772e1e53ac42efa3fbe0f04fa48a19f693f95dabccb547c8aef1e1f9f3d3efa00ff178b451fca9388cda4866ea60f210a4f4bf757ce9150eb4f68929ed87efdb4f0b3e7b99f3def3dc7d6feb991cf43f9f8f803b4d254cda02df7c693988adb0e8395524bd174841acbcd52a759e8a4c32762a2d31334e34abdd3ce4e55c1d39586ef9d765fbe7dbd3eed1e7e78fde16d9936ffd1e40b01c2e32dd9b7ace50e9b2cae0b7ce817ad5d1a65f8af32616804a7ea273373922b7d43daedc8b2ede91b616aa5766d0b5b19b35d6136e4748f71a3ead0c96c17c32cb0949922050ff9a230a89c903614a30da466c08f5c73efe74c103e7544caae37a25a3c3584fd48b902085a32b38f23484297443004254980108c842017b736174d6466882a98e2a66f59b11b6837e7f60a51f1416ef81b30051835134671a6c19162508a34e0eac6ae649bb115c69e6ac793d35c883d3b608c6054916799ce681c2ff789e63f488218a0f7882c689050a244119d439b0fa960416c245b7cd2155b08b3205892ea7eaec9744745dec8fd7ca9a790f452202e4ae308180f86e7290c4119289949195addcd509541c482db9609b0804ae82d231acb85960430c76aba547383cfe8c8b174ce401c37d746d47e8da0017cebf78bc930a39c9dc5c34a1f83986f12fa5b83656ef749ac68d02f8676afd5ca2145ecfc06452f20385f3ae6f75d6e41350814220aa12641244660ae21872fc163a9d2f75c822ca04821147dd1527b45161106895b916b9db1f0becc0b0a6e9f4757105131eb2235f0ad0dca5b848d62ab79a2d0676a00d9b2f9571c174a7255c6293accbb0e3b6f47f0cd7bbc0f1c5ed98b66caa9ed1be17509dd471e5172515ee7e886c9ad13d3dbe5462015f4a3da5f44dcb01e4eeb997c6b77cdcab61e7956161b40b06a649bddae4b8e6eaeb732e87e82b9d6f9ee92d9793b89b6b746b4a2115fb15041e16d5707bbc3fc4da5444b599d4b14354e73c6d6cefac17a976df8e551cb6f8ff2c99518eb326b1145c7ce42877bc4866b902980ab6a3bb808a3e3faa48d69615421b54da14f21cf15106eff2ebbd621cf1036f3cc658725d281b6dd872e2915319e402d0cebe016e65ebf628d90df1b80efb2cf0a46ef13890dd282eb8a3276b3a0ed65c9ac4d1d94a028c04133ebb4b477b457ef1d31a726360d4c19bbbb02af84932ea09a69578504a08539d7dc58c85fb0095c3222f35ac11515cba7bad2a69c423fefb6f7a18ab7b39029e8aa944cf056b1ae6a057d00753181a9e878a005773a6085c18a05a626982922a866d6d53b85294690442afe35967d305d17ac4c96043b1a8bf10cd51f30ad59d8c9d73983d6c836d77814a871ce979b7df2e537b7ed92692832630eabb434a06daaacefa7802d31bb292b5ca19b3c433bc6365afa788f8c16d23a45ebc4e45e86a66269edbcef32ae6a54b8c5024de7c72d10aed0f83c04ef079f8bf7f34868b3d46f77e8956d0693e1b7c2302eda045ba249c0eb6d8d8676462e348ba724d3f8ec8e4dc3c09f0c1ba159abce0cc69613d2720a356c8afee10a5577e8a4412a8ab04670dc1d36bc86a00d992440cf3db435ae7172591c68a90999edaf3a6e069e7a4791ab80a9c7c9be2dca9db1752453d223dfc163c1956fd1f566594c55d36235dfab52472d49d59be022adfc7452da9ceab666d80df5c1eee5cdc4243f5bdfec98f1ff59e65d05b313f7772e61b6146ce5bcb653aca9a46bdd77a38efe8c80c901045b6059064b0e921d85f546942b6066ca0566e024858697d51781165104716623bd42666921c18636acfc67066db9dd55b780df940842ab9507f30c59e15f03034b04fc72534aa711ad203021e0db3b5f8dfd38c8337316f74146203f9373bf20e0c31cdfaac8fd8edf1c1f234cc41e2e73c952aa0c0a80c07d83b361b1eb966a2d10ad6276c5ef6f77e61777078b39c86f3fbbf59b7b83a0c13ed5501502f52b9b51ccd22ab9e4ee86a93956133db7dd032f090db3d8d4f6e237f3dd919f77e25fb704d056029af95fd9c4ff80b9da2f98f42d6beeb778363e40c17e78f5f59b86001a104f829c4da790539d6f8d1476d8abc621b4793ad02f446c6d476c3c38741b90f7d8b6ec3e69ac7f1690cf76fbd97890593f79ad7da650b15202c4544adc7baaf5d8f9cbae2f0b6a1bd7ddc7fdf966a1fd053dd66fefb7ede828151f59aca368ab81090d6eb334a7670fb7ceed935df9d21120caed38e5417e646feff10c6b570ab63e1d0b3a7704fe601aa0296077d08c3298580a9db8bb5d67dbd34a6f780e7f1aa725031d289e1a97c16ad000e5d02c663d2a68bc845252e3e9810ffc465cf4bfebc60775dfe99c3a2ae856eeaaa4bb66dc38a34160c829f1be9cf55ebe7af1f6e065efd03b710b40a005b74c3ddb3b29c9ad6e6d07325de627f2233c5d297a9f884203c1a064aece9aaa2a752b2242188b5842e5ccff6228b237bcbaa0e263fe04940b802055687ba0aff98ac50155fb70d0f2fc04f93ca9cac5da5ac5d9cc521b3c2b4505af9cae0c8bcfd1dca0fdab4f177d5b4f1e1d1c1cf7e0e74dc70758b5c82d733a8677fe91e3c0cf3ff5fc2f5cbcd9c4</marked_file>
      <paragraph_indexes count="61">94 139 523 588 788 878 981 1029 1038 1151 1321 1389 1687 1717 1749 1790 1822 1852 1884 1922 1954 1992 2705 2753 2762 2833 2842 2904 2913 2992 3012 3065 3074 3175 3184 3271 3291 3345 3354 3437 3448 3515 3520 3575 3595 3645 3654 3725 3734 3841 3945 4027 4045 4246 4255 4275 4612 4766 4856 4883 4926 5022 5036 5213 5255 5381 5402 5442 5500 5565 5611 5664 5710 5754 5800 5829 5902 5930 6104 6184 6322 6403 6740 6769 6814 7035 7058 7090 7135 7244 7258 7310 7324 7396 7410 7525 7548 7579 7624 7727 7736 8161 8375 8456 8564 8646 8790 8835 8878 9007 9020 9187 9196 9371 9380 9620 9862 10287 10463 10634 10643 10752 </paragraph_indexes>
      <support_files>
        <file type="todo">images/bluebottom.gif</file>
        <file type="todo">images/bluetop.gif</file>
        <file type="todo">images/bookmark_us.png</file>
        <file type="todo">images/bottomwhite.gif</file>
        <file type="todo">images/bottomwhite2.gif</file>
        <file type="todo">images/corners/white-left-btm.gif</file>
        <file type="todo">images/corners/white-left-tp.gif</file>
        <file type="todo">images/corners/white-right-btm.gif</file>
        <file type="todo">images/corners/white-right-tp.gif</file>
        <file type="todo">images/here.gif</file>
        <file type="todo">images/menutabA1.gif</file>
        <file type="todo">images/menutabB1.gif</file>
        <file type="todo">images/photobackup/1bckgrnd.gif</file>
        <file type="todo">images/photobackup/2bckgrnd.gif</file>
        <file type="todo">images/photobackup/3bckgrnd.gif</file>
        <file type="todo">images/small_web.gif</file>
        <file type="todo">images/topline1.gif</file>
        <file type="todo">images/topline2.gif</file>
        <file type="todo">images/topline2WB.gif</file>
        <file type="todo">images/toplineL.gif</file>
        <file type="todo">images/toplineLW.gif</file>
        <file type="todo">images/toplineR.gif</file>
        <file type="todo">images/topwhite2.gif</file>
        <file type="todo">styles.css</file>
      </support_files>
    </extractor><translation>
      <languages>
        <language reviewed="False">Spanish</language>
        <language reviewed="False">German</language>
      </languages><sentences count="61">
        <ta_sentence do_translation="yes" encoding="utf-8" format="1" id="1" original_language="English" type="title">
          <space_before />
          <space_after />
          <text_data language="German">
            <text from_TM="False" rev_id="13" status="New" time="1222355938">Passport Renewal - what to do?</text>
          </text_data><text_data language="Spanish">
            <text from_TM="False" rev_id="11" status="Complete" time="1222354203">Spanish : enewal - what to do?</text>
          </text_data><text_data language="English">
            <text from_TM="False" rev_id="11" status="Complete" time="1222354203">Passport Renewal - what to do?</text>
          </text_data>
        </ta_sentence><ta_sentence do_translation="no" encoding="utf-8" format="1" id="2" original_language="English">
          <space_before />
          <space_after />
          <text_data language="German">
            <text from_TM="False" rev_id="13" status="New" time="1222355938" />
            <marker end="0" id="0" start="0" />
          </text_data><text_data language="Spanish">
            <text from_TM="False" rev_id="-1" status="Complete" time="1222355861" />
            <marker end="0" id="0" start="0" />
          </text_data><text_data language="English">
            <text from_TM="False" status="Complete" time="1222355861" />
            <marker end="0" id="0" start="0" />
          </text_data><marker_def id="0" type="html">
            <html_marker tag="img">
              <attr name="src" val="images/bluetop.gif" />
              <attr name="alt" val="" />
              <attr name="width" val="760" />
              <attr name="height" val="5" />
            </html_marker>
          </marker_def>
        </ta_sentence><ta_sentence do_translation="yes" encoding="utf-8" format="1" id="3" original_language="English">
          <space_before />
          <space_after />
          <text_data language="German">
            <text from_TM="False" rev_id="13" status="New" time="1222355938">OnTheGoSoft</text>
            <marker end="11" id="0" start="0" />
          </text_data><text_data language="Spanish">
            <text from_TM="False" rev_id="11" status="Complete" time="1222354203">Spanish : t</text>
            <marker end="11" id="0" start="0" />
          </text_data><text_data language="English">
            <text from_TM="False" rev_id="11" status="Complete" time="1222354203">OnTheGoSoft</text>
            <marker end="11" id="0" start="0" />
          </text_data><marker_def id="0" type="html">
            <html_marker tag="img">
              <attr name="border" val="0" />
              <attr name="src" val="images/small_web.gif" />
              <attr name="alt" val="OnTheGoSoft" />
              <attr name="width" val="160" />
              <attr name="height" val="62" />
            </html_marker>
          </marker_def>
        </ta_sentence><ta_sentence do_translation="yes" encoding="utf-8" format="1" id="4" original_language="English">
          <space_before />
          <space_after />
          <text_data language="German">
            <text from_TM="False" rev_id="13" status="New" time="1222355938">Passport Photo</text>
            <marker end="14" id="0" start="0" />
          </text_data><text_data language="Spanish">
            <text from_TM="False" rev_id="11" status="Complete" time="1222354203">Spanish : hoto</text>
            <marker end="14" id="0" start="0" />
          </text_data><text_data language="English">
            <text from_TM="False" rev_id="11" status="Complete" time="1222354203">Passport Photo</text>
            <marker end="14" id="0" start="0" />
          </text_data><marker_def id="0" type="html">
            <html_marker tag="span">
              <attr name="class" val="TextTop" />
            </html_marker>
          </marker_def>
        </ta_sentence><ta_sentence do_translation="yes" encoding="utf-8" format="1" id="5" original_language="English">
          <space_before> </space_before>
          <space_after />
          <text_data language="German">
            <text from_TM="False" rev_id="13" status="New" time="1222355938">Create and print passport photos in one minute!</text>
            <marker end="47" id="0" start="0" />
          </text_data><text_data language="Spanish">
            <text from_TM="False" rev_id="11" status="Complete" time="1222354203">Spanish :  print passport photos in one minute!</text>
            <marker end="47" id="0" start="0" />
          </text_data><text_data language="English">
            <text from_TM="False" rev_id="11" status="Complete" time="1222354203">Create and print passport photos in one minute!</text>
            <marker end="47" id="0" start="0" />
          </text_data><marker_def id="0" type="html">
            <html_marker tag="span">
              <attr name="class" val="tagline" />
            </html_marker>
          </marker_def>
        </ta_sentence><ta_sentence do_translation="no" encoding="utf-8" format="1" id="6" original_language="English">
          <space_before />
          <space_after />
          <text_data language="German">
            <text from_TM="False" rev_id="13" status="New" time="1222355938" />
            <marker end="0" id="0" start="0" />
          </text_data><text_data language="Spanish">
            <text from_TM="False" rev_id="-1" status="Complete" time="1222355861" />
            <marker end="0" id="0" start="0" />
          </text_data><text_data language="English">
            <text from_TM="False" status="Complete" time="1222355861" />
            <marker end="0" id="0" start="0" />
          </text_data><marker_def id="0" type="html">
            <html_marker tag="img">
              <attr name="src" val="images/bluebottom.gif" />
              <attr name="alt" val="" />
              <attr name="width" val="760" />
              <attr name="height" val="5" />
            </html_marker>
          </marker_def>
        </ta_sentence><ta_sentence do_translation="yes" encoding="utf-8" format="1" id="7" original_language="English">
          <space_before />
          <space_after />
          <text_data language="German">
            <text from_TM="False" rev_id="13" status="New" time="1222355938">Products</text>
            <marker end="8" id="0" start="0" />
          </text_data><text_data language="Spanish">
            <text from_TM="False" rev_id="11" status="Complete" time="1222354203">Spanish : </text>
            <marker end="8" id="0" start="0" />
          </text_data><text_data language="English">
            <text from_TM="False" rev_id="11" status="Complete" time="1222354203">Products</text>
            <marker end="8" id="0" start="0" />
          </text_data><marker_def id="0" type="html">
            <html_marker tag="a">
              <attr name="href" val="./" />
            </html_marker>
          </marker_def>
        </ta_sentence><ta_sentence do_translation="yes" encoding="utf-8" format="1" id="8" original_language="English">
          <space_before />
          <space_after />
          <text_data language="German">
            <text from_TM="False" rev_id="13" status="New" time="1222355938">Downloads</text>
            <marker end="9" id="0" start="0" />
          </text_data><text_data language="Spanish">
            <text from_TM="False" rev_id="11" status="Complete" time="1222354203">Spanish : </text>
            <marker end="9" id="0" start="0" />
          </text_data><text_data language="English">
            <text from_TM="False" rev_id="11" status="Complete" time="1222354203">Downloads</text>
            <marker end="9" id="0" start="0" />
          </text_data><marker_def id="0" type="html">
            <html_marker tag="a">
              <attr name="href" val="download.htm" />
            </html_marker>
          </marker_def>
        </ta_sentence><ta_sentence do_translation="yes" encoding="utf-8" format="1" id="9" original_language="English">
          <space_before />
          <space_after />
          <text_data language="German">
            <text from_TM="False" rev_id="13" status="New" time="1222355938">Buy</text>
            <marker end="3" id="0" start="0" />
          </text_data><text_data language="Spanish">
            <text from_TM="False" rev_id="11" status="Complete" time="1222354203">Spanish : </text>
            <marker end="3" id="0" start="0" />
          </text_data><text_data language="English">
            <text from_TM="False" rev_id="11" status="Complete" time="1222354203">Buy</text>
            <marker end="3" id="0" start="0" />
          </text_data><marker_def id="0" type="html">
            <html_marker tag="a">
              <attr name="href" val="buy.htm" />
            </html_marker>
          </marker_def>
        </ta_sentence><ta_sentence do_translation="yes" encoding="utf-8" format="1" id="10" original_language="English">
          <space_before />
          <space_after />
          <text_data language="German">
            <text from_TM="False" rev_id="13" status="New" time="1222355938">Contact</text>
            <marker end="7" id="0" start="0" />
          </text_data><text_data language="Spanish">
            <text from_TM="False" rev_id="11" status="Complete" time="1222354203">Spanish : </text>
            <marker end="7" id="0" start="0" />
          </text_data><text_data language="English">
            <text from_TM="False" rev_id="11" status="Complete" time="1222354203">Contact</text>
            <marker end="7" id="0" start="0" />
          </text_data><marker_def id="0" type="html">
            <html_marker tag="a">
              <attr name="href" val="contact.htm" />
            </html_marker>
          </marker_def>
        </ta_sentence><ta_sentence do_translation="yes" encoding="utf-8" format="1" id="11" original_language="English">
          <space_before />
          <space_after />
          <text_data language="German">
            <text from_TM="False" rev_id="13" status="New" time="1222355938">Support</text>
            <marker end="7" id="0" start="0" />
          </text_data><text_data language="Spanish">
            <text from_TM="False" rev_id="11" status="Complete" time="1222354203">Spanish : </text>
            <marker end="7" id="0" start="0" />
          </text_data><text_data language="English">
            <text from_TM="False" rev_id="11" status="Complete" time="1222354203">Support</text>
            <marker end="7" id="0" start="0" />
          </text_data><marker_def id="0" type="html">
            <html_marker tag="a">
              <attr name="href" val="support.htm" />
            </html_marker>
          </marker_def>
        </ta_sentence><ta_sentence do_translation="yes" encoding="utf-8" format="1" id="12" original_language="English">
          <space_before />
          <space_after />
          <text_data language="German">
            <text from_TM="False" rev_id="13" status="New" time="1222355938">Product info</text>
            <marker end="12" id="0" start="0" />
          </text_data><text_data language="Spanish">
            <text from_TM="False" rev_id="11" status="Complete" time="1222354203">Spanish : fo</text>
            <marker end="12" id="0" start="0" />
          </text_data><text_data language="English">
            <text from_TM="False" rev_id="11" status="Complete" time="1222354203">Product info</text>
            <marker end="12" id="0" start="0" />
          </text_data><marker_def id="0" type="html">
            <html_marker tag="span">
              <attr name="class" val="Text-Bold" />
            </html_marker>
          </marker_def>
        </ta_sentence><ta_sentence do_translation="yes" encoding="utf-8" format="1" id="13" original_language="English">
          <space_before> </space_before>
          <space_after />
          <text_data language="German">
            <text from_TM="False" rev_id="13" status="New" time="1222355938">Passport Photo</text>
            <marker end="14" id="0" start="0" />
          </text_data><text_data language="Spanish">
            <text from_TM="False" rev_id="11" status="Complete" time="1222354203">Spanish : hoto</text>
            <marker end="14" id="0" start="0" />
          </text_data><text_data language="English">
            <text from_TM="False" rev_id="11" status="Complete" time="1222354203">Passport Photo</text>
            <marker end="14" id="0" start="0" />
          </text_data><marker_def id="0" type="html">
            <html_marker tag="a">
              <attr name="href" val="passport_photo.htm" />
              <attr name="class" val="Text-Nav" />
            </html_marker>
          </marker_def>
        </ta_sentence><ta_sentence do_translation="yes" encoding="utf-8" format="1" id="14" original_language="English">
          <space_before> </space_before>
          <space_after />
          <text_data language="German">
            <text from_TM="False" rev_id="13" status="New" time="1222355938">Download</text>
            <marker end="8" id="0" start="0" />
          </text_data><text_data language="Spanish">
            <text from_TM="False" rev_id="11" status="Complete" time="1222354203">Spanish : </text>
            <marker end="8" id="0" start="0" />
          </text_data><text_data language="English">
            <text from_TM="False" rev_id="11" status="Complete" time="1222354203">Download</text>
            <marker end="8" id="0" start="0" />
          </text_data><marker_def id="0" type="html">
            <html_marker tag="a">
              <attr name="href" val="pp_download.htm" />
              <attr name="class" val="Text-Nav" />
            </html_marker>
          </marker_def>
        </ta_sentence><ta_sentence do_translation="yes" encoding="utf-8" format="1" id="15" original_language="English">
          <space_before> </space_before>
          <space_after />
          <text_data language="German">
            <text from_TM="False" rev_id="13" status="New" time="1222355938">News and Announcements</text>
            <marker end="22" id="0" start="0" />
          </text_data><text_data language="Spanish">
            <text from_TM="False" rev_id="11" status="Complete" time="1222354203">Spanish : nnouncements</text>
            <marker end="22" id="0" start="0" />
          </text_data><text_data language="English">
            <text from_TM="False" rev_id="11" status="Complete" time="1222354203">News and Announcements</text>
            <marker end="22" id="0" start="0" />
          </text_data><marker_def id="0" type="html">
            <html_marker tag="a">
              <attr name="href" val="/blog/?sectionid=4" />
              <attr name="class" val="Text-Nav" />
            </html_marker>
          </marker_def>
        </ta_sentence><ta_sentence do_translation="yes" encoding="utf-8" format="1" id="16" original_language="English">
          <space_before />
          <space_after />
          <text_data language="German">
            <text from_TM="False" rev_id="13" status="New" time="1222355938">Photo information</text>
            <marker end="17" id="0" start="0" />
          </text_data><text_data language="Spanish">
            <text from_TM="False" rev_id="11" status="Complete" time="1222354203">Spanish : rmation</text>
            <marker end="17" id="0" start="0" />
          </text_data><text_data language="English">
            <text from_TM="False" rev_id="11" status="Complete" time="1222354203">Photo information</text>
            <marker end="17" id="0" start="0" />
          </text_data><marker_def id="0" type="html">
            <html_marker tag="span">
              <attr name="class" val="Text-Bold" />
            </html_marker>
          </marker_def>
        </ta_sentence><ta_sentence do_translation="yes" encoding="utf-8" format="1" id="17" original_language="English">
          <space_before> </space_before>
          <space_after />
          <text_data language="German">
            <text from_TM="False" rev_id="13" status="New" time="1222355938">Passport Photo Specifications</text>
            <marker end="29" id="0" start="0" />
          </text_data><text_data language="Spanish">
            <text from_TM="False" rev_id="11" status="Complete" time="1222354203">Spanish : hoto Specifications</text>
            <marker end="29" id="0" start="0" />
          </text_data><text_data language="English">
            <text from_TM="False" rev_id="11" status="Complete" time="1222354203">Passport Photo Specifications</text>
            <marker end="29" id="0" start="0" />
          </text_data><marker_def id="0" type="html">
            <html_marker tag="a">
              <attr name="href" val="passport_photo_specifications.htm" />
              <attr name="class" val="Text-Nav" />
            </html_marker>
          </marker_def>
        </ta_sentence><ta_sentence do_translation="yes" encoding="utf-8" format="1" id="18" original_language="English">
          <space_before> </space_before>
          <space_after />
          <text_data language="German">
            <text from_TM="False" rev_id="13" status="New" time="1222355938">Common Picture Problems</text>
            <marker end="23" id="0" start="0" />
          </text_data><text_data language="Spanish">
            <text from_TM="False" rev_id="11" status="Complete" time="1222354203">Spanish : ture Problems</text>
            <marker end="23" id="0" start="0" />
          </text_data><text_data language="English">
            <text from_TM="False" rev_id="11" status="Complete" time="1222354203">Common Picture Problems</text>
            <marker end="23" id="0" start="0" />
          </text_data><marker_def id="0" type="html">
            <html_marker tag="a">
              <attr name="href" val="common_photo_problems.htm" />
              <attr name="class" val="Text-Nav" />
            </html_marker>
          </marker_def>
        </ta_sentence><ta_sentence do_translation="yes" encoding="utf-8" format="1" id="19" original_language="English">
          <space_before />
          <space_after />
          <text_data language="German">
            <text from_TM="False" rev_id="13" status="New" time="1222355938">Getting a passport</text>
            <marker end="18" id="0" start="0" />
          </text_data><text_data language="Spanish">
            <text from_TM="False" rev_id="11" status="Complete" time="1222354203">Spanish : passport</text>
            <marker end="18" id="0" start="0" />
          </text_data><text_data language="English">
            <text from_TM="False" rev_id="11" status="Complete" time="1222354203">Getting a passport</text>
            <marker end="18" id="0" start="0" />
          </text_data><marker_def id="0" type="html">
            <html_marker tag="span">
              <attr name="class" val="Text-Bold" />
            </html_marker>
          </marker_def>
        </ta_sentence><ta_sentence do_translation="yes" encoding="utf-8" format="1" id="20" original_language="English">
          <space_before> </space_before>
          <space_after />
          <text_data language="German">
            <text from_TM="False" rev_id="13" status="New" time="1222355938">Passport Application</text>
            <marker end="20" id="0" start="0" />
          </text_data><text_data language="Spanish">
            <text from_TM="False" rev_id="11" status="Complete" time="1222354203">Spanish : pplication</text>
            <marker end="20" id="0" start="0" />
          </text_data><text_data language="English">
            <text from_TM="False" rev_id="11" status="Complete" time="1222354203">Passport Application</text>
            <marker end="20" id="0" start="0" />
          </text_data><marker_def id="0" type="html">
            <html_marker tag="a">
              <attr name="href" val="passport_application.htm" />
              <attr name="class" val="Text-Nav" />
            </html_marker>
          </marker_def>
        </ta_sentence><ta_sentence do_translation="yes" encoding="utf-8" format="1" id="21" original_language="English">
          <space_before />
          <space_after />
          <text_data language="German">
            <text from_TM="False" rev_id="13" status="New" time="1222355938">You are here</text>
            <marker end="12" id="0" start="0" />
          </text_data><text_data language="Spanish">
            <text from_TM="False" rev_id="11" status="Complete" time="1222354203">Spanish : re</text>
            <marker end="12" id="0" start="0" />
          </text_data><text_data language="English">
            <text from_TM="False" rev_id="11" status="Complete" time="1222354203">You are here</text>
            <marker end="12" id="0" start="0" />
          </text_data><marker_def id="0" type="html">
            <html_marker tag="img">
              <attr name="src" val="images/here.gif" />
              <attr name="alt" val="You are here" />
              <attr name="class" val="hereimg" />
            </html_marker>
          </marker_def>
        </ta_sentence><ta_sentence do_translation="yes" encoding="utf-8" format="1" id="22" original_language="English">
          <space_before />
          <space_after />
          <text_data language="German">
            <text from_TM="False" rev_id="13" status="New" time="1222355938">Passport Renewal</text>
            <marker end="16" id="0" start="0" />
          </text_data><text_data language="Spanish">
            <text from_TM="False" rev_id="11" status="Complete" time="1222354203">Spanish : enewal</text>
            <marker end="16" id="0" start="0" />
          </text_data><text_data language="English">
            <text from_TM="False" rev_id="11" status="Complete" time="1222354203">Passport Renewal</text>
            <marker end="16" id="0" start="0" />
          </text_data><marker_def id="0" type="html">
            <html_marker tag="span">
              <attr name="class" val="leftselected" />
            </html_marker>
          </marker_def>
        </ta_sentence><ta_sentence do_translation="yes" encoding="utf-8" format="1" id="23" original_language="English">
          <space_before />
          <space_after />
          <text_data language="German">
            <text from_TM="False" rev_id="13" status="New" time="1222355938">Other features</text>
            <marker end="14" id="0" start="0" />
          </text_data><text_data language="Spanish">
            <text from_TM="False" rev_id="11" status="Complete" time="1222354203">Spanish : ures</text>
            <marker end="14" id="0" start="0" />
          </text_data><text_data language="English">
            <text from_TM="False" rev_id="11" status="Complete" time="1222354203">Other features</text>
            <marker end="14" id="0" start="0" />
          </text_data><marker_def id="0" type="html">
            <html_marker tag="span">
              <attr name="class" val="Text-Bold" />
            </html_marker>
          </marker_def>
        </ta_sentence><ta_sentence do_translation="yes" encoding="utf-8" format="1" id="24" original_language="English">
          <space_before> </space_before>
          <space_after />
          <text_data language="German">
            <text from_TM="False" rev_id="13" status="New" time="1222355938">Child ID Cards</text>
            <marker end="14" id="0" start="0" />
          </text_data><text_data language="Spanish">
            <text from_TM="False" rev_id="11" status="Complete" time="1222354203">Spanish : ards</text>
            <marker end="14" id="0" start="0" />
          </text_data><text_data language="English">
            <text from_TM="False" rev_id="11" status="Complete" time="1222354203">Child ID Cards</text>
            <marker end="14" id="0" start="0" />
          </text_data><marker_def id="0" type="html">
            <html_marker tag="a">
              <attr name="href" val="child_id_cards.htm" />
              <attr name="class" val="Text-Nav" />
            </html_marker>
          </marker_def>
        </ta_sentence><ta_sentence do_translation="yes" encoding="utf-8" format="1" id="25" original_language="English">
          <space_before> </space_before>
          <space_after />
          <text_data language="German">
            <text from_TM="False" rev_id="13" status="New" time="1222355938">Translated texts for child ID cards</text>
            <marker end="35" id="0" start="0" />
          </text_data><text_data language="Spanish">
            <text from_TM="False" rev_id="11" status="Complete" time="1222354203">Spanish :  texts for child ID cards</text>
            <marker end="35" id="0" start="0" />
          </text_data><text_data language="English">
            <text from_TM="False" rev_id="11" status="Complete" time="1222354203">Translated texts for child ID cards</text>
            <marker end="35" id="0" start="0" />
          </text_data><marker_def id="0" type="html">
            <html_marker tag="a">
              <attr name="href" val="translated-texts-for-id-cards.htm" />
              <attr name="class" val="Text-Nav" />
            </html_marker>
          </marker_def>
        </ta_sentence><ta_sentence do_translation="yes" encoding="utf-8" format="1" id="26" original_language="English">
          <space_before />
          <space_after />
          <text_data language="German">
            <text from_TM="False" rev_id="13" status="New" time="1222355938">Bookmark this page</text>
            <marker end="18" id="0" start="0" />
          </text_data><text_data language="Spanish">
            <text from_TM="False" rev_id="11" status="Complete" time="1222354203">Spanish : his page</text>
            <marker end="18" id="0" start="0" />
          </text_data><text_data language="English">
            <text from_TM="False" rev_id="11" status="Complete" time="1222354203">Bookmark this page</text>
            <marker end="18" id="0" start="0" />
          </text_data><marker_def id="0" type="html">
            <html_marker tag="img">
              <attr name="src" val="images/bookmark_us.png" />
              <attr name="alt" val="Bookmark this page" />
              <attr name="class" val="delicious" />
            </html_marker>
          </marker_def>
        </ta_sentence><ta_sentence do_translation="yes" encoding="utf-8" format="1" id="27" original_language="English">
          <space_before />
          <space_after />
          <text_data language="German">
            <text from_TM="False" rev_id="13" status="New" time="1222355938">Bookmark on</text>
            <marker end="-1" id="0" start="0" />
            <marker end="-1" id="0" start="0" />
          </text_data><text_data language="Spanish">
            <text from_TM="False" rev_id="11" status="Complete" time="1222354203">Spanish : n</text>
            <marker end="-1" id="0" start="0" />
            <marker end="-1" id="0" start="0" />
          </text_data><text_data language="English">
            <text from_TM="False" rev_id="11" status="Complete" time="1222354203">Bookmark on</text>
            <marker end="-1" id="0" start="0" />
            <marker end="-1" id="0" start="0" />
          </text_data><marker_def id="0" type="html">
            <html_marker tag="a">
              <attr name="rel" val="nofollow" />
              <attr name="href" val="http://del.icio.us/post?url=http%3A%2F%2Fwww.onthegosoft.com%2Fpassport_renewal.htm&amp;title=Passport+Renewal+-+what+to+do%3F" />
              <attr name="target" val="_blank" />
              <attr name="class" val="Text-Nav" />
            </html_marker>
          </marker_def>
        </ta_sentence><ta_sentence do_translation="yes" encoding="utf-8" format="1" id="28" original_language="English">
          <space_before />
          <space_after />
          <text_data language="German">
            <text from_TM="False" rev_id="13" status="New" time="1222355938">del.icio.us</text>
            <marker end="11" id="-1" start="-1" />
          </text_data><text_data language="Spanish">
            <text from_TM="False" rev_id="11" status="Complete" time="1222354203">Spanish : s</text>
            <marker end="11" id="-1" start="-1" />
          </text_data><text_data language="English">
            <text from_TM="False" rev_id="11" status="Complete" time="1222354203">del.icio.us</text>
            <marker end="11" id="-1" start="-1" />
          </text_data><marker_def id="-1" type="html">
            <html_marker tag="a" />
          </marker_def>
        </ta_sentence><ta_sentence do_translation="yes" encoding="utf-8" format="1" id="29" original_language="English">
          <space_before />
          <space_after />
          <text_data language="German">
            <text from_TM="False" rev_id="13" status="New" time="1222355938">Home&#160;&gt;&#160;Passport Photo&#160;&gt;&#160;Passport Renewal</text>
            <marker end="40" id="0" start="0" />
            <marker end="4" id="1" start="0" />
            <marker end="21" id="2" start="7" />
          </text_data><text_data language="Spanish">
            <text from_TM="False" rev_id="11" status="Complete" time="1222354203">Spanish : sport Photo&#160;&gt;&#160;Passport Renewal</text>
            <marker end="40" id="0" start="0" />
            <marker end="4" id="1" start="0" />
            <marker end="21" id="2" start="7" />
          </text_data><text_data language="English">
            <text from_TM="False" rev_id="11" status="Complete" time="1222354203">Home&#160;&gt;&#160;Passport Photo&#160;&gt;&#160;Passport Renewal</text>
            <marker end="40" id="0" start="0" />
            <marker end="4" id="1" start="0" />
            <marker end="21" id="2" start="7" />
          </text_data><marker_def id="0" type="html">
            <html_marker tag="span">
              <attr name="class" val="Text-TopNav" />
            </html_marker>
          </marker_def><marker_def id="1" type="html">
            <html_marker tag="a">
              <attr name="href" val="./" />
            </html_marker>
          </marker_def><marker_def id="2" type="html">
            <html_marker tag="a">
              <attr name="href" val="passport_photo.htm" />
            </html_marker>
          </marker_def>
        </ta_sentence><ta_sentence do_translation="yes" encoding="utf-8" format="1" id="30" original_language="English">
          <space_before />
          <space_after />
          <text_data language="German">
            <text from_TM="False" rev_id="13" status="New" time="1222355938">Renewing your Passport</text>
          </text_data><text_data language="Spanish">
            <text from_TM="False" rev_id="11" status="Complete" time="1222354203">Spanish : our Passport</text>
          </text_data><text_data language="English">
            <text from_TM="False" rev_id="11" status="Complete" time="1222354203">Renewing your Passport</text>
          </text_data>
        </ta_sentence><ta_sentence do_translation="yes" encoding="utf-8" format="1" id="31" original_language="English">
          <space_before />
          <space_after />
          <text_data language="German">
            <text from_TM="False" rev_id="13" status="New" time="1222355938">Even if your passport hasn't expired yet, you may need to start thinking about renewing it.</text>
          </text_data><text_data language="Spanish">
            <text from_TM="False" rev_id="11" status="Complete" time="1222354203">Spanish : ur passport hasn't expired yet, you may need to start thinking about renewing it.</text>
          </text_data><text_data language="English">
            <text from_TM="False" rev_id="11" status="Complete" time="1222354203">Even if your passport hasn't expired yet, you may need to start thinking about renewing it.</text>
          </text_data>
        </ta_sentence><ta_sentence do_translation="yes" encoding="utf-8" format="1" id="32" original_language="English">
          <space_before> </space_before>
          <space_after />
          <text_data language="German">
            <text from_TM="False" rev_id="13" status="New" time="1222355938">Some countries will not let you enter if your passport's expiration date is near (usually, six months) or if you don't have a few blank pages for stamps.</text>
          </text_data><text_data language="Spanish">
            <text from_TM="False" rev_id="11" status="Complete" time="1222354203">Spanish : ries will not let you enter if your passport's expiration date is near (usually, six months) or if you don't have a few blank pages for stamps.</text>
          </text_data><text_data language="English">
            <text from_TM="False" rev_id="11" status="Complete" time="1222354203">Some countries will not let you enter if your passport's expiration date is near (usually, six months) or if you don't have a few blank pages for stamps.</text>
          </text_data>
        </ta_sentence><ta_sentence do_translation="yes" encoding="utf-8" format="1" id="33" original_language="English">
          <space_before />
          <space_after />
          <text_data language="German">
            <text from_TM="False" rev_id="13" status="New" time="1222355938">So, if you're planning your next trip, it's a good thing to check your passport and make sure you don't have to renew it.</text>
          </text_data><text_data language="Spanish">
            <text from_TM="False" rev_id="11" status="Complete" time="1222354203">Spanish : 're planning your next trip, it's a good thing to check your passport and make sure you don't have to renew it.</text>
          </text_data><text_data language="English">
            <text from_TM="False" rev_id="11" status="Complete" time="1222354203">So, if you're planning your next trip, it's a good thing to check your passport and make sure you don't have to renew it.</text>
          </text_data>
        </ta_sentence><ta_sentence do_translation="yes" encoding="utf-8" format="1" id="34" original_language="English">
          <space_before />
          <space_after />
          <text_data language="German">
            <text from_TM="False" rev_id="13" status="New" time="1222355938">Before you begin, make sure that...</text>
          </text_data><text_data language="Spanish">
            <text from_TM="False" rev_id="11" status="Complete" time="1222354203">Spanish :  begin, make sure that...</text>
          </text_data><text_data language="English">
            <text from_TM="False" rev_id="11" status="Complete" time="1222354203">Before you begin, make sure that...</text>
          </text_data>
        </ta_sentence><ta_sentence do_translation="yes" encoding="utf-8" format="1" id="35" original_language="English">
          <space_before />
          <space_after />
          <text_data language="German">
            <text from_TM="False" rev_id="13" status="New" time="1222355938">Your passport is in good condition and only needs a renewal.</text>
          </text_data><text_data language="Spanish">
            <text from_TM="False" rev_id="11" status="Complete" time="1222354203">Spanish : ort is in good condition and only needs a renewal.</text>
          </text_data><text_data language="English">
            <text from_TM="False" rev_id="11" status="Complete" time="1222354203">Your passport is in good condition and only needs a renewal.</text>
          </text_data>
        </ta_sentence><ta_sentence do_translation="yes" encoding="utf-8" format="1" id="36" original_language="English">
          <space_before />
          <space_after />
          <text_data language="German">
            <text from_TM="False" rev_id="13" status="New" time="1222355938">Your passport was made within the last 15 years.</text>
          </text_data><text_data language="Spanish">
            <text from_TM="False" rev_id="11" status="Complete" time="1222354203">Spanish : ort was made within the last 15 years.</text>
          </text_data><text_data language="English">
            <text from_TM="False" rev_id="11" status="Complete" time="1222354203">Your passport was made within the last 15 years.</text>
          </text_data>
        </ta_sentence><ta_sentence do_translation="yes" encoding="utf-8" format="1" id="37" original_language="English">
          <space_before />
          <space_after />
          <text_data language="German">
            <text from_TM="False" rev_id="13" status="New" time="1222355938">You were at least 16 when it was issued</text>
          </text_data><text_data language="Spanish">
            <text from_TM="False" rev_id="11" status="Complete" time="1222354203">Spanish : t least 16 when it was issued</text>
          </text_data><text_data language="English">
            <text from_TM="False" rev_id="11" status="Complete" time="1222354203">You were at least 16 when it was issued</text>
          </text_data>
        </ta_sentence><ta_sentence do_translation="yes" encoding="utf-8" format="1" id="38" original_language="English">
          <space_before />
          <space_after />
          <text_data language="German">
            <text from_TM="False" rev_id="13" status="New" time="1222355938">Your name hasn't changed</text>
          </text_data><text_data language="Spanish">
            <text from_TM="False" rev_id="11" status="Complete" time="1222354203">Spanish : hasn't changed</text>
          </text_data><text_data language="English">
            <text from_TM="False" rev_id="11" status="Complete" time="1222354203">Your name hasn't changed</text>
          </text_data>
        </ta_sentence><ta_sentence do_translation="yes" encoding="utf-8" format="1" id="39" original_language="English">
          <space_before />
          <space_after />
          <text_data language="German">
            <text from_TM="False" rev_id="13" status="New" time="1222355938">What do I need to have?</text>
          </text_data><text_data language="Spanish">
            <text from_TM="False" rev_id="11" status="Complete" time="1222354203">Spanish : need to have?</text>
          </text_data><text_data language="English">
            <text from_TM="False" rev_id="11" status="Complete" time="1222354203">What do I need to have?</text>
          </text_data>
        </ta_sentence><ta_sentence do_translation="no" encoding="utf-8" format="1" id="40" original_language="English">
          <space_before />
          <space_after />
          <text_data language="German">
            <text from_TM="False" rev_id="13" status="New" time="1222355938">(</text>
            <marker end="1" id="0" start="0" />
          </text_data><text_data language="Spanish">
            <text from_TM="False" rev_id="11" status="Complete" time="1222354203">Spanish : </text>
            <marker end="1" id="0" start="0" />
          </text_data><text_data language="English">
            <text from_TM="False" rev_id="11" status="Complete" time="1222354203">(</text>
            <marker end="1" id="0" start="0" />
          </text_data><marker_def id="0" type="html">
            <html_marker tag="img">
              <attr name="src" val="images/corners/white-left-tp.gif" />
              <attr name="width" val="10" />
              <attr name="height" val="10" />
              <attr name="alt" val="(" />
            </html_marker>
          </marker_def>
        </ta_sentence><ta_sentence do_translation="no" encoding="utf-8" format="1" id="41" original_language="English">
          <space_before />
          <space_after />
          <text_data language="German">
            <text from_TM="False" rev_id="13" status="New" time="1222355938">)</text>
            <marker end="1" id="0" start="0" />
          </text_data><text_data language="Spanish">
            <text from_TM="False" rev_id="11" status="Complete" time="1222354203">Spanish : </text>
            <marker end="1" id="0" start="0" />
          </text_data><text_data language="English">
            <text from_TM="False" rev_id="11" status="Complete" time="1222354203">)</text>
            <marker end="1" id="0" start="0" />
          </text_data><marker_def id="0" type="html">
            <html_marker tag="img">
              <attr name="src" val="images/corners/white-right-tp.gif" />
              <attr name="width" val="10" />
              <attr name="height" val="10" />
              <attr name="alt" val=")" />
            </html_marker>
          </marker_def>
        </ta_sentence><ta_sentence do_translation="yes" encoding="utf-8" format="1" id="42" original_language="English">
          <space_before />
          <space_after />
          <text_data language="German">
            <text from_TM="False" rev_id="13" status="New" time="1222355938">1) Your current passport</text>
          </text_data><text_data language="Spanish">
            <text from_TM="False" rev_id="11" status="Complete" time="1222354203">Spanish : rrent passport</text>
          </text_data><text_data language="English">
            <text from_TM="False" rev_id="11" status="Complete" time="1222354203">1) Your current passport</text>
          </text_data>
        </ta_sentence><ta_sentence do_translation="yes" encoding="utf-8" format="1" id="43" original_language="English">
          <space_before />
          <space_after />
          <text_data language="German">
            <text from_TM="False" rev_id="13" status="New" time="1222355938">To renew it, you'll have to have your current passport (and if you have more than one, you'll need to most recent). Make sure that it's in good condition, otherwise, you'll probably have to make a new one.</text>
          </text_data><text_data language="Spanish">
            <text from_TM="False" rev_id="11" status="Complete" time="1222354203">Spanish : t, you'll have to have your current passport (and if you have more than one, you'll need to most recent). Make sure that it's in good condition, otherwise, you'll probably have to make a new one.</text>
          </text_data><text_data language="English">
            <text from_TM="False" rev_id="11" status="Complete" time="1222354203">To renew it, you'll have to have your current passport (and if you have more than one, you'll need to most recent). Make sure that it's in good condition, otherwise, you'll probably have to make a new one.</text>
          </text_data>
        </ta_sentence><ta_sentence do_translation="yes" encoding="utf-8" format="1" id="44" original_language="English">
          <space_before />
          <space_after />
          <text_data language="German">
            <text from_TM="False" rev_id="13" status="New" time="1222355938">2) Application form and fee</text>
          </text_data><text_data language="Spanish">
            <text from_TM="False" rev_id="11" status="Complete" time="1222354203">Spanish : tion form and fee</text>
          </text_data><text_data language="English">
            <text from_TM="False" rev_id="11" status="Complete" time="1222354203">2) Application form and fee</text>
          </text_data>
        </ta_sentence><ta_sentence do_translation="yes" encoding="utf-8" format="1" id="45" original_language="English">
          <space_before />
          <space_after />
          <text_data language="German">
            <text from_TM="False" rev_id="13" status="New" time="1222355938">In most cases, you can visit the website of your country's passport office and get the forms from there.</text>
          </text_data><text_data language="Spanish">
            <text from_TM="False" rev_id="11" status="Complete" time="1222354203">Spanish : ses, you can visit the website of your country's passport office and get the forms from there.</text>
          </text_data><text_data language="English">
            <text from_TM="False" rev_id="11" status="Complete" time="1222354203">In most cases, you can visit the website of your country's passport office and get the forms from there.</text>
          </text_data>
        </ta_sentence><ta_sentence do_translation="yes" encoding="utf-8" format="1" id="46" original_language="English">
          <space_before> </space_before>
          <space_after />
          <text_data language="German">
            <text from_TM="False" rev_id="13" status="New" time="1222355938">You'll be able to print and fill them at home.</text>
          </text_data><text_data language="Spanish">
            <text from_TM="False" rev_id="11" status="Complete" time="1222354203">Spanish : able to print and fill them at home.</text>
          </text_data><text_data language="English">
            <text from_TM="False" rev_id="11" status="Complete" time="1222354203">You'll be able to print and fill them at home.</text>
          </text_data>
        </ta_sentence><ta_sentence do_translation="yes" encoding="utf-8" format="1" id="47" original_language="English">
          <space_before> </space_before>
          <space_after />
          <text_data language="German">
            <text from_TM="False" rev_id="13" status="New" time="1222355938">Then, you can send these forms by post to be processed.</text>
          </text_data><text_data language="Spanish">
            <text from_TM="False" rev_id="11" status="Complete" time="1222354203">Spanish : can send these forms by post to be processed.</text>
          </text_data><text_data language="English">
            <text from_TM="False" rev_id="11" status="Complete" time="1222354203">Then, you can send these forms by post to be processed.</text>
          </text_data>
        </ta_sentence><ta_sentence do_translation="yes" encoding="utf-8" format="1" id="48" original_language="English">
          <space_before> </space_before>
          <space_after />
          <text_data language="German">
            <text from_TM="False" rev_id="13" status="New" time="1222355938">Below are links to US, UK and Australian passport offices with information on where to get the renewal forms.</text>
          </text_data><text_data language="Spanish">
            <text from_TM="False" rev_id="11" status="Complete" time="1222354203">Spanish : links to US, UK and Australian passport offices with information on where to get the renewal forms.</text>
          </text_data><text_data language="English">
            <text from_TM="False" rev_id="11" status="Complete" time="1222354203">Below are links to US, UK and Australian passport offices with information on where to get the renewal forms.</text>
          </text_data>
        </ta_sentence><ta_sentence do_translation="yes" encoding="utf-8" format="1" id="49" original_language="English">
          <space_before />
          <space_after />
          <text_data language="German">
            <text from_TM="False" rev_id="13" status="New" time="1222355938">3) Two new passport photos</text>
          </text_data><text_data language="Spanish">
            <text from_TM="False" rev_id="11" status="Complete" time="1222354203">Spanish :  passport photos</text>
          </text_data><text_data language="English">
            <text from_TM="False" rev_id="11" status="Complete" time="1222354203">3) Two new passport photos</text>
          </text_data>
        </ta_sentence><ta_sentence do_translation="yes" encoding="utf-8" format="1" id="50" original_language="English">
          <space_before />
          <space_after />
          <text_data language="German">
            <text from_TM="False" rev_id="13" status="New" time="1222355938">In any case, when renewing your passport, you'll need a pair of identical, recent passport photos.</text>
          </text_data><text_data language="Spanish">
            <text from_TM="False" rev_id="11" status="Complete" time="1222354203">Spanish : e, when renewing your passport, you'll need a pair of identical, recent passport photos.</text>
          </text_data><text_data language="English">
            <text from_TM="False" rev_id="11" status="Complete" time="1222354203">In any case, when renewing your passport, you'll need a pair of identical, recent passport photos.</text>
          </text_data>
        </ta_sentence><ta_sentence do_translation="yes" encoding="utf-8" format="1" id="51" original_language="English">
          <space_before> </space_before>
          <space_after />
          <text_data language="German">
            <text from_TM="False" rev_id="13" status="New" time="1222355938">You can save money by making them yourself using Passport Photo. Before you take your photos, spend a few minutes reading our recommendations for taking good passport photos. Then, use Passport Photo to print them at home, or in any shop - just like regular photos.</text>
            <marker end="63" id="0" start="0" />
            <marker end="63" id="1" start="49" />
            <marker end="173" id="2" start="126" />
            <marker end="199" id="3" start="185" />
          </text_data><text_data language="Spanish">
            <text from_TM="False" rev_id="11" status="Complete" time="1222354203">Spanish : ve money by making them yourself using Passport Photo. Before you take your photos, spend a few minutes reading our recommendations for taking good passport photos. Then, use Passport Photo to print them at home, or in any shop - just like regular photos.</text>
            <marker end="63" id="0" start="0" />
            <marker end="63" id="1" start="49" />
            <marker end="173" id="2" start="126" />
            <marker end="199" id="3" start="185" />
          </text_data><text_data language="English">
            <text from_TM="False" rev_id="11" status="Complete" time="1222354203">You can save money by making them yourself using Passport Photo. Before you take your photos, spend a few minutes reading our recommendations for taking good passport photos. Then, use Passport Photo to print them at home, or in any shop - just like regular photos.</text>
            <marker end="63" id="0" start="0" />
            <marker end="63" id="1" start="49" />
            <marker end="173" id="2" start="126" />
            <marker end="199" id="3" start="185" />
          </text_data><marker_def id="0" type="html">
            <html_marker tag="b" />
          </marker_def><marker_def id="1" type="html">
            <html_marker tag="a">
              <attr name="href" val="passport_photo.htm" />
            </html_marker>
          </marker_def><marker_def id="2" type="html">
            <html_marker tag="a">
              <attr name="href" val="passport_photo_specifications.htm" />
            </html_marker>
          </marker_def><marker_def id="3" type="html">
            <html_marker tag="a">
              <attr name="href" val="passport_photo.htm" />
            </html_marker>
          </marker_def>
        </ta_sentence><ta_sentence do_translation="no" encoding="utf-8" format="1" id="52" original_language="English">
          <space_before />
          <space_after />
          <text_data language="German">
            <text from_TM="False" rev_id="13" status="New" time="1222355938">(</text>
            <marker end="1" id="0" start="0" />
          </text_data><text_data language="Spanish">
            <text from_TM="False" rev_id="11" status="Complete" time="1222354203">Spanish : </text>
            <marker end="1" id="0" start="0" />
          </text_data><text_data language="English">
            <text from_TM="False" rev_id="11" status="Complete" time="1222354203">(</text>
            <marker end="1" id="0" start="0" />
          </text_data><marker_def id="0" type="html">
            <html_marker tag="img">
              <attr name="src" val="images/corners/white-left-btm.gif" />
              <attr name="width" val="10" />
              <attr name="height" val="10" />
              <attr name="alt" val="(" />
            </html_marker>
          </marker_def>
        </ta_sentence><ta_sentence do_translation="no" encoding="utf-8" format="1" id="53" original_language="English">
          <space_before />
          <space_after />
          <text_data language="German">
            <text from_TM="False" rev_id="13" status="New" time="1222355938">)</text>
            <marker end="1" id="0" start="0" />
          </text_data><text_data language="Spanish">
            <text from_TM="False" rev_id="11" status="Complete" time="1222354203">Spanish : </text>
            <marker end="1" id="0" start="0" />
          </text_data><text_data language="English">
            <text from_TM="False" rev_id="11" status="Complete" time="1222354203">)</text>
            <marker end="1" id="0" start="0" />
          </text_data><marker_def id="0" type="html">
            <html_marker tag="img">
              <attr name="src" val="images/corners/white-right-btm.gif" />
              <attr name="width" val="10" />
              <attr name="height" val="10" />
              <attr name="alt" val=")" />
            </html_marker>
          </marker_def>
        </ta_sentence><ta_sentence do_translation="yes" encoding="utf-8" format="1" id="54" original_language="English">
          <space_before />
          <space_after />
          <text_data language="German">
            <text from_TM="False" rev_id="13" status="New" time="1222355938">Official information on passport renewal</text>
          </text_data><text_data language="Spanish">
            <text from_TM="False" rev_id="11" status="Complete" time="1222354203">Spanish : nformation on passport renewal</text>
          </text_data><text_data language="English">
            <text from_TM="False" rev_id="11" status="Complete" time="1222354203">Official information on passport renewal</text>
          </text_data>
        </ta_sentence><ta_sentence do_translation="yes" encoding="utf-8" format="1" id="55" original_language="English">
          <space_before />
          <space_after />
          <text_data language="German">
            <text from_TM="False" rev_id="13" status="New" time="1222355938">You can find complete information, including where to go, specific requirements and what to bring in your country's website.</text>
          </text_data><text_data language="Spanish">
            <text from_TM="False" rev_id="11" status="Complete" time="1222354203">Spanish : nd complete information, including where to go, specific requirements and what to bring in your country's website.</text>
          </text_data><text_data language="English">
            <text from_TM="False" rev_id="11" status="Complete" time="1222354203">You can find complete information, including where to go, specific requirements and what to bring in your country's website.</text>
          </text_data>
        </ta_sentence><ta_sentence do_translation="yes" encoding="utf-8" format="1" id="56" original_language="English">
          <space_before> </space_before>
          <space_after />
          <text_data language="German">
            <text from_TM="False" rev_id="13" status="New" time="1222355938">US passports - US Department of State - Passport renewal.</text>
            <marker end="12" id="0" start="0" />
            <marker end="56" id="1" start="15" />
          </text_data><text_data language="Spanish">
            <text from_TM="False" rev_id="11" status="Complete" time="1222354203">Spanish : ts - US Department of State - Passport renewal.</text>
            <marker end="12" id="0" start="0" />
            <marker end="56" id="1" start="15" />
          </text_data><text_data language="English">
            <text from_TM="False" rev_id="11" status="Complete" time="1222354203">US passports - US Department of State - Passport renewal.</text>
            <marker end="12" id="0" start="0" />
            <marker end="56" id="1" start="15" />
          </text_data><marker_def id="0" type="html">
            <html_marker tag="b" />
          </marker_def><marker_def id="1" type="html">
            <html_marker tag="a">
              <attr name="target" val="_blank" />
              <attr name="href" val="http://travel.state.gov/passport/get/renew/renew_833.html" />
            </html_marker>
          </marker_def>
        </ta_sentence><ta_sentence do_translation="yes" encoding="utf-8" format="1" id="57" original_language="English">
          <space_before> </space_before>
          <space_after />
          <text_data language="German">
            <text from_TM="False" rev_id="13" status="New" time="1222355938">UK passports - UK Identity and Passport Service - Renew an adult passport.</text>
            <marker end="12" id="0" start="0" />
            <marker end="73" id="1" start="15" />
          </text_data><text_data language="Spanish">
            <text from_TM="False" rev_id="11" status="Complete" time="1222354203">Spanish : ts - UK Identity and Passport Service - Renew an adult passport.</text>
            <marker end="12" id="0" start="0" />
            <marker end="73" id="1" start="15" />
          </text_data><text_data language="English">
            <text from_TM="False" rev_id="11" status="Complete" time="1222354203">UK passports - UK Identity and Passport Service - Renew an adult passport.</text>
            <marker end="12" id="0" start="0" />
            <marker end="73" id="1" start="15" />
          </text_data><marker_def id="0" type="html">
            <html_marker tag="b" />
          </marker_def><marker_def id="1" type="html">
            <html_marker tag="a">
              <attr name="target" val="_blank" />
              <attr name="href" val="http://www.passport.gov.uk/passport_renewing.asp" />
            </html_marker>
          </marker_def>
        </ta_sentence><ta_sentence do_translation="yes" encoding="utf-8" format="1" id="58" original_language="English">
          <space_before> </space_before>
          <space_after> </space_after>
          <text_data language="German">
            <text from_TM="False" rev_id="13" status="New" time="1222355938">Australian passports - Australian Department of Foreign Affairs and Trade - Passport renewal application.</text>
            <marker end="20" id="0" start="0" />
            <marker end="104" id="1" start="23" />
          </text_data><text_data language="Spanish">
            <text from_TM="False" rev_id="11" status="Complete" time="1222354203">Spanish :  passports - Australian Department of Foreign Affairs and Trade - Passport renewal application.</text>
            <marker end="20" id="0" start="0" />
            <marker end="104" id="1" start="23" />
          </text_data><text_data language="English">
            <text from_TM="False" rev_id="11" status="Complete" time="1222354203">Australian passports - Australian Department of Foreign Affairs and Trade - Passport renewal application.</text>
            <marker end="20" id="0" start="0" />
            <marker end="104" id="1" start="23" />
          </text_data><marker_def id="0" type="html">
            <html_marker tag="b" />
          </marker_def><marker_def id="1" type="html">
            <html_marker tag="a">
              <attr name="target" val="_blank" />
              <attr name="href" val="https://www.passports.gov.au/Web/Forms/Passport/Renew/RenewPassport_0.aspx" />
            </html_marker>
          </marker_def>
        </ta_sentence><ta_sentence do_translation="yes" encoding="utf-8" format="1" id="59" original_language="English">
          <space_before />
          <space_after />
          <text_data language="German">
            <text from_TM="False" rev_id="13" status="New" time="1222355938">Products&#160;&#160; - &#160;&#160;Passport Photo&#160;&#160; - &#160;&#160;Photo Backup&#160;&#160; - &#160;&#160;Shrink Pic&#160;&#160; - &#160;&#160;Resources&#160;&#160; - &#160;&#160;Partners&#160;&#160; - &#160;&#160;Blog</text>
            <marker end="8" id="0" start="0" />
            <marker end="29" id="1" start="15" />
            <marker end="48" id="2" start="36" />
            <marker end="65" id="3" start="55" />
            <marker end="81" id="4" start="72" />
            <marker end="96" id="5" start="88" />
            <marker end="107" id="6" start="103" />
          </text_data><text_data language="Spanish">
            <text from_TM="False" rev_id="11" status="Complete" time="1222354203">Spanish :  - &#160;&#160;Passport Photo&#160;&#160; - &#160;&#160;Photo Backup&#160;&#160; - &#160;&#160;Shrink Pic&#160;&#160; - &#160;&#160;Resources&#160;&#160; - &#160;&#160;Partners&#160;&#160; - &#160;&#160;Blog</text>
            <marker end="8" id="0" start="0" />
            <marker end="29" id="1" start="15" />
            <marker end="48" id="2" start="36" />
            <marker end="65" id="3" start="55" />
            <marker end="81" id="4" start="72" />
            <marker end="96" id="5" start="88" />
            <marker end="107" id="6" start="103" />
          </text_data><text_data language="English">
            <text from_TM="False" rev_id="11" status="Complete" time="1222354203">Products&#160;&#160; - &#160;&#160;Passport Photo&#160;&#160; - &#160;&#160;Photo Backup&#160;&#160; - &#160;&#160;Shrink Pic&#160;&#160; - &#160;&#160;Resources&#160;&#160; - &#160;&#160;Partners&#160;&#160; - &#160;&#160;Blog</text>
            <marker end="8" id="0" start="0" />
            <marker end="29" id="1" start="15" />
            <marker end="48" id="2" start="36" />
            <marker end="65" id="3" start="55" />
            <marker end="81" id="4" start="72" />
            <marker end="96" id="5" start="88" />
            <marker end="107" id="6" start="103" />
          </text_data><marker_def id="0" type="html">
            <html_marker tag="a">
              <attr name="href" val="./" />
            </html_marker>
          </marker_def><marker_def id="1" type="html">
            <html_marker tag="a">
              <attr name="href" val="passport_photo.htm" />
            </html_marker>
          </marker_def><marker_def id="2" type="html">
            <html_marker tag="a">
              <attr name="href" val="photo_backup.htm" />
            </html_marker>
          </marker_def><marker_def id="3" type="html">
            <html_marker tag="a">
              <attr name="href" val="shrink_pic.htm" />
            </html_marker>
          </marker_def><marker_def id="4" type="html">
            <html_marker tag="a">
              <attr name="href" val="links_nav.htm" />
            </html_marker>
          </marker_def><marker_def id="5" type="html">
            <html_marker tag="a">
              <attr name="href" val="partners.htm" />
            </html_marker>
          </marker_def><marker_def id="6" type="html">
            <html_marker tag="a">
              <attr name="href" val="blog/" />
            </html_marker>
          </marker_def>
        </ta_sentence><ta_sentence do_translation="yes" encoding="utf-8" format="1" id="60" original_language="English">
          <space_before />
          <space_after />
          <text_data language="German">
            <text from_TM="False" rev_id="13" status="New" time="1222355938">This website has been translated using ICanLocalize - Affordable Website Translation</text>
            <marker end="-1" id="0" start="0" />
            <marker end="84" id="1" start="39" />
            <marker end="-1" id="0" start="0" />
          </text_data><text_data language="Spanish">
            <text from_TM="False" rev_id="11" status="Complete" time="1222354203">Spanish : te has been translated using ICanLocalize - Affordable Website Translation</text>
            <marker end="-1" id="0" start="0" />
            <marker end="84" id="1" start="39" />
            <marker end="-1" id="0" start="0" />
          </text_data><text_data language="English">
            <text from_TM="False" rev_id="11" status="Complete" time="1222354203">This website has been translated using ICanLocalize - Affordable Website Translation</text>
            <marker end="-1" id="0" start="0" />
            <marker end="84" id="1" start="39" />
            <marker end="-1" id="0" start="0" />
          </text_data><marker_def id="0" type="html">
            <html_marker tag="span">
              <attr name="class" val="copyright" />
            </html_marker>
          </marker_def><marker_def id="1" type="html">
            <html_marker tag="a">
              <attr name="target" val="_blank" />
              <attr name="href" val="http://www.icanlocalize.com" />
            </html_marker>
          </marker_def>
        </ta_sentence><ta_sentence do_translation="yes" encoding="utf-8" format="1" id="61" original_language="English">
          <space_before />
          <space_after />
          <text_data language="German">
            <text from_TM="False" rev_id="13" status="New" time="1222355938">&#169; OnTheGoSystems,INC. 2003-2008</text>
            <marker end="21" id="0" start="2" />
            <marker end="31" id="-1" start="-1" />
          </text_data><text_data language="Spanish">
            <text from_TM="False" rev_id="11" status="Complete" time="1222354203">Spanish : ystems,INC. 2003-2008</text>
            <marker end="21" id="0" start="2" />
            <marker end="31" id="-1" start="-1" />
          </text_data><text_data language="English">
            <text from_TM="False" rev_id="11" status="Complete" time="1222354203">&#169; OnTheGoSystems,INC. 2003-2008</text>
            <marker end="21" id="0" start="2" />
            <marker end="31" id="-1" start="-1" />
          </text_data><marker_def id="0" type="html">
            <html_marker tag="a">
              <attr name="href" val="http://www.onthegosystems.com/" />
              <attr name="target" val="_blank" />
            </html_marker>
          </marker_def><marker_def id="-1" type="html">
            <html_marker tag="span" />
          </marker_def>
        </ta_sentence>
      </sentences><html_output_change_data_3 />
    </translation>
  </ta_buffer><ta_buffer encoding="utf-8" format="1" manual="False" original_language="English" source_file="/photo_backup_le.htm" type="html">
    <extractor>
      <marked_file MD5="3e882a4d4659e47d594afb5f37732ba7" encoding="zlib-hex">789ccd5a6d6fdbb616fe9c01fb0f9c8a761b1a5b49dab4eb8dedc289933540dfd0ba0bf6c9a024da6623931a49c5f53eecb7df73484a966cf925cd70718d209644f2f0bc9f8747eefc34f87031fcf3e32579337cf7967cfc72fef6fa8204ad30bc7976118683e1c00d3c6f1f1d93a1a24273c3a5a069185ebe0f7a3ffed0999a590adf8474a68c26f60aae0d3729ebfdf3083fc3fe68783d7c7bf9a81fc9dc908f53692439a7f16d9e11780a9f7f3aa15be057cf98a1646a4cd6627fe5fcae1b5c48619830ade122630189dd5d3730ec9b09918133124fa9d2cc747137bc1ec1cd6846d52d538f82826ecac52d992a36ee06da2c52a6dbb1d601512c2d1e4c19330131b08da78e1360b91530f412da9b48268b525a1aa58ccc7962a6dde0e58ba3804452254c7503b8a4299f886e1003c74c01f32c4d339a245c4cec30deeb8cc6fede9304a23fb55ac4c88c445408a6481691884db820ad9667a1f9d331aa47360fe384844c199f4c4181a7a84cdc5ed8eb68027712d87e7472fcf2b43f089c053b7c36215ac5dd80cfe884e9304a7306acb5277c8cf201a10f623865bfcbcf720ceaab2a62b953afb074d2dbc27d08ec6f15ae81c95de2f64827e1772b868087213ceded60c811e850ef36edb0aa938a95abead1339aa6a3398b7628e8b8aaa01727a586e89e4ced35a9417227005a9dc429d5ba1b0cc1d587320b7ad5e0ec8438c5331529b76cdb7e76cf2a59432710720cc82a39665adbcc41067cc20d7cd71201cc98283a2363a9c80d17899cebdafef7b0d5433dec7bc3674bb044d21839fbdfc54b43f2602271a9e3a01c14f48e4f28e6f36a6a410d54853c59491277de9b9c4c41a387d533e2f3df1e94113b564464c9bbd58c891c36d02c65b16149a1f86a8c823b25796c340653558feb54565783e78954d2a40d7525e80dfcdd77108af285a3719e2feebf1a6b1c8d8da370e16eee4f45e7592695a7f2d9ddac514117827f68b15e25cebc6b35794bc5975cb81cb8b8a80643dd058e8f8e1ed77c60c5c8ab4e80b44be205759f54648649256563731314d1de3c073ce4e67cc71c2161d6ffd11c85515799e3cd70e0a3dd5bc90d1663752b142a0f0aca19ffc6d263fb7849b83e17534f11d8c048150a5cd90fd6cb0758f44550c8e093139a6f4702dac10f4ccc3694b2d6b94c933209102ec67243312b2325c362348a6c31b2e152a3f79edeadd646ba855634aa65917552455ad94a46de3175c7d97c038d0f7e782b8d880936e6466fa071c5a8c915d3dbc5b1aa414cbc898ccf2c2c215752cda8d94e0ff84624b089d81f7e98bce1da48b5a8d1faf187e6223b658a55caeb9f32275431828fcb2df006d6f9c2baee39e892cb9ad27858b98f178da62ccd428032ec1b4a9a36995060c4937754e434ddaa3340117212bed6c01ce88627ddd30672efd95c130ab9b92f84cc45cca02aacd802d37db647e8c0418bc780d172cdf42ea1bdb856f64d46edab78caef581dfb6d7713a92654f0bfd976c2ce401ffc5cb53d181ca3344fb8dc40ce5bba8f53c8c5603b87337acb46a5811ba85de318b9fc068e0c59709fd41127a3285702666f20793120e76ec277d9f58b66e33cb5191103157c6997759319c5b3340a301266035797024a038a3878d727ef64c29a996b28207b80bf75c4b92c5ccf7fdb08bba5bcc5f3ff28d7ed4c4c7c6238f74f8999724d3298594a93b094c75ce6ba8abced81a2d00ae8c4b60a841ccb3495f3c0ab083b15ff094320d0460aed5c8799d4e675aed22e8e3d7ed67f7c72057ff3f9bc0d506eca265203f26fc772064f6b492365a8e22774969dd99648d7e6a1a7d6cd9f3a077afaf6322086aa09038146514ac56d932717924a51b76d85cd3a14ac03c1acf744443a3b43d3ade1c1d5eabd04844d30e5bb61c9e9ab979b61c9f1d5cbab570fc3996ba8c428cad335587252c72525ca3da933b729f2e0606d2d523ba0bc91331b244ec94f26e6ccab7b232059c31fab4b7757ac3558bf2a2ed8d10bbb86be6b0aae89ede66003f0d8a9605b9f0fe694f3b39a9ab481d24555719c5b597e48205e31fe00d101ce187be0423c9820724ceea1ba76c10321700e07f2259d98a2d1b1ee2570ea218e08640bc80bc09ec67d5c3dc251281087b6e07211a77902ecd03485c98c6472ce14665acd28943e3b09d8053cc396bc2f9900aab80a16a40527ed4afaf4fab249b4d0f589535381e0603d3516f30869c818ca3f7265a92ea52b6c70b2a4032c361b61c95c27e56eafc11f03e24f94a4b5aa3829d205992b6e58a11a2f4108cb1b88f5933b2aac293984af2b477a9d6c2299163f9b72df4ed4fbf879d009a3de215e0fdeff8ed756bf701bd31953947ceadfd8a7487a071beff2d4f00c38a00ea134b0802e61a59b510ee770d02a251af2c77291dbc276ba3f9fdbab478f2c95aa412d9d29308aeb04c901fbcd38626691cf22a6d007104b64108300db9c97955c3508d109f374dd1f567887a0b9fa7479d960f8adc1773d260b80d0822da380401878cf1f2b39c37145120fe7bcde8b9058895d3297799a8029417113050e4bbecac876fa804893ee967642203fe7a04488499be781ee5f398f6fc11c5e3736e62c37cbc0a41a8c2516c80d5ea31c2cd968251af1949b052e74e17a48521953c37cd81ac519ec53951ee3caefbf64d666282720689619329f32b154e49af600cb412d491da62f2c5c89f1dd956d1b727215cde707128127320c3097dc0f5c53ed602dbb2f3b90785d2d754acecb6b9ffe110634d6c05530164b25c023c3f9143cbe85cb5ac6bf3ed8b0b3456bbf94500c082e5b22f5be8983116e6db036e9fb04734d98fb4b66d7ed25daaf1b442b5a3a6b162a28bc6aea85ecb17e1be85a5156e316051aacafd8d9a339d8eccb35873d5971e813bf782946c38ee5c0ae7c7605b926abbe83b0b13851349b82f10e215025242900cb736ea6f542e28a882b38800a70b09f484847ee083b95992d35903b60831836700b6cea28f2271e1471a147139097a1945a9adb40cb2a2240e0823946313837ccb04c24f5a46155541aa8e20a55505e18efc1a6dfee503bfd784b14ee9f4422337b6816d933aefe5de65d9ed88bfb7b278a1d69b15c57758aadb5a2862f6eb08b863e0da74fc2cdebfb220b2ce808848a0629543417716be7168feaca285899e3005e518b33f7faf0674d3676617be59678ecb7a78095925befcbaf3eb48a3b38f817ceb8cd6dfbea3b36bfda353cb047587d8d5179e7b70ceaf2083b96d2009a5cfbad40e36bba4a67a3f9dd993f63daff808cabb74b4503af88cd5da3ce1fb8fc339725d728156f2c3751dcf7ecbb952f3d555cdc8e321efbf75ff69e7ce4f1be14f0f7227a04e76347e013d300db62760fcd2883515fe8c4ddedbbdab67c83de397cd5da691d1d2b9e19975e7cef093b4b1329e14cd2a250df1686c71adb4b618e2055b4bfeadaaf5abed23beaa8a05bb9ab92ee8679a39cc6b1215d127ce9b74e5f3c7f7574da3a0ecedc064305a661ea975fcf4a72ebdd9058660bff7a6b88edb7398b346443381469f05780ca067f6094523c14e578c2c2605e6d74d55a6e2836877482703de57f331439e85d5f50f1d63f01e5f6c770d4482cfeb8f13b0efd46beaad61b644f90cfb36522a9ec5534ef16dab09953f05a2bae57bcdb77930eafdf5fb46de93e393a7ad6827fbf35fcb0a112b9652f0dc3dbffcaa813fa9f59fd175d704f73</marked_file>
      <paragraph_indexes count="55">94 130 544 620 820 910 1013 1059 1068 1187 1357 1436 1734 1764 1796 1837 1869 1899 1931 1969 2001 2039 2752 2800 2809 2876 2885 2947 2956 3015 3024 3083 3092 3163 3172 3239 3250 3317 3322 3382 3391 3471 3480 3559 3579 3627 3636 3714 3723 3796 3805 3876 3885 3959 3968 4031 4051 4105 4114 4188 4292 4374 4392 4581 4590 4610 4941 5096 5200 5226 5269 5531 5564 5614 5672 5725 5749 5860 5884 5959 5973 6057 6092 6119 6162 6275 6289 6381 6395 6539 6737 6817 6955 7036 7394 7616 7830 7911 8019 8101 8236 8257 8300 8446 8706 9131 9307 9478 9487 9596 </paragraph_indexes>
      <support_files>
        <file type="todo">images/bluebottom.gif</file>
        <file type="todo">images/bluetop.gif</file>
        <file type="todo">images/bookmark_us.png</file>
        <file type="todo">images/bottomwhite.gif</file>
        <file type="todo">images/bottomwhite2.gif</file>
        <file type="todo">images/corners/white-left-btm.gif</file>
        <file type="todo">images/corners/white-left-tp.gif</file>
        <file type="todo">images/corners/white-right-btm.gif</file>
        <file type="todo">images/corners/white-right-tp.gif</file>
        <file type="todo">images/here.gif</file>
        <file type="todo">images/menutabA1.gif</file>
        <file type="todo">images/menutabB1.gif</file>
        <file type="todo">images/photobackup/1bckgrnd.gif</file>
        <file type="todo">images/photobackup/2bckgrnd.gif</file>
        <file type="todo">images/photobackup/3bckgrnd.gif</file>
        <file type="todo">images/small_web.gif</file>
        <file type="todo">images/topline1.gif</file>
        <file type="todo">images/topline2.gif</file>
        <file type="todo">images/topline2WB.gif</file>
        <file type="todo">images/toplineL.gif</file>
        <file type="todo">images/toplineLW.gif</file>
        <file type="todo">images/toplineR.gif</file>
        <file type="todo">images/topwhite2.gif</file>
        <file type="todo">styles.css</file>
      </support_files>
    </extractor><translation>
      <languages>
        <language reviewed="False">Spanish</language>
        <language reviewed="False">German</language>
      </languages><sentences count="55">
        <ta_sentence do_translation="yes" encoding="utf-8" format="1" id="1830" original_language="English" type="title">
          <space_before />
          <space_after />
          <text_data language="German">
            <text from_TM="False" rev_id="13" status="New" time="1222355938">About Photo Backup LE</text>
          </text_data><text_data language="Spanish">
            <text from_TM="False" rev_id="11" status="Complete" time="1222354203">Spanish : o Backup LE</text>
          </text_data><text_data language="English">
            <text from_TM="False" rev_id="11" status="Complete" time="1222354203">About Photo Backup LE</text>
          </text_data>
        </ta_sentence><ta_sentence do_translation="yes" encoding="utf-8" format="1" id="1831" original_language="English">
          <space_before />
          <space_after />
          <text_data language="German">
            <text from_TM="False" rev_id="13" status="New" time="1222355938">OnTheGoSoft</text>
            <marker end="11" id="0" start="0" />
          </text_data><text_data language="Spanish">
            <text from_TM="False" rev_id="11" status="Complete" time="1222354203">Spanish : t</text>
            <marker end="11" id="0" start="0" />
          </text_data><text_data language="English">
            <text from_TM="False" rev_id="11" status="Complete" time="1222354203">OnTheGoSoft</text>
            <marker end="11" id="0" start="0" />
          </text_data><marker_def id="0" type="html">
            <html_marker tag="img">
              <attr name="src" val="images/bluetop.gif" />
              <attr name="alt" val="OnTheGoSoft" />
              <attr name="width" val="760" />
              <attr name="height" val="5" />
            </html_marker>
          </marker_def>
        </ta_sentence><ta_sentence do_translation="yes" encoding="utf-8" format="1" id="1832" original_language="English">
          <space_before />
          <space_after />
          <text_data language="German">
            <text from_TM="False" rev_id="13" status="New" time="1222355938">OnTheGoSoft</text>
            <marker end="11" id="0" start="0" />
          </text_data><text_data language="Spanish">
            <text from_TM="False" rev_id="11" status="Complete" time="1222354203">Spanish : t</text>
            <marker end="11" id="0" start="0" />
          </text_data><text_data language="English">
            <text from_TM="False" rev_id="11" status="Complete" time="1222354203">OnTheGoSoft</text>
            <marker end="11" id="0" start="0" />
          </text_data><marker_def id="0" type="html">
            <html_marker tag="img">
              <attr name="border" val="0" />
              <attr name="src" val="images/small_web.gif" />
              <attr name="alt" val="OnTheGoSoft" />
              <attr name="width" val="160" />
              <attr name="height" val="62" />
            </html_marker>
          </marker_def>
        </ta_sentence><ta_sentence do_translation="yes" encoding="utf-8" format="1" id="1833" original_language="English">
          <space_before />
          <space_after />
          <text_data language="German">
            <text from_TM="False" rev_id="13" status="New" time="1222355938">Photo Backup</text>
            <marker end="12" id="0" start="0" />
          </text_data><text_data language="Spanish">
            <text from_TM="False" rev_id="11" status="Complete" time="1222354203">Spanish : up</text>
            <marker end="12" id="0" start="0" />
          </text_data><text_data language="English">
            <text from_TM="False" rev_id="11" status="Complete" time="1222354203">Photo Backup</text>
            <marker end="12" id="0" start="0" />
          </text_data><marker_def id="0" type="html">
            <html_marker tag="span">
              <attr name="class" val="TextTop" />
            </html_marker>
          </marker_def>
        </ta_sentence><ta_sentence do_translation="yes" encoding="utf-8" format="1" id="1834" original_language="English">
          <space_before> </space_before>
          <space_after />
          <text_data language="German">
            <text from_TM="False" rev_id="13" status="New" time="1222355938">Professional Digital Photo Backup Program for Windows</text>
            <marker end="53" id="0" start="0" />
          </text_data><text_data language="Spanish">
            <text from_TM="False" rev_id="11" status="Complete" time="1222354203">Spanish : al Digital Photo Backup Program for Windows</text>
            <marker end="53" id="0" start="0" />
          </text_data><text_data language="English">
            <text from_TM="False" rev_id="11" status="Complete" time="1222354203">Professional Digital Photo Backup Program for Windows</text>
            <marker end="53" id="0" start="0" />
          </text_data><marker_def id="0" type="html">
            <html_marker tag="span">
              <attr name="class" val="tagline" />
            </html_marker>
          </marker_def>
        </ta_sentence><ta_sentence do_translation="yes" encoding="utf-8" format="1" id="1835" original_language="English">
          <space_before />
          <space_after />
          <text_data language="German">
            <text from_TM="False" rev_id="13" status="New" time="1222355938">OnTheGoSoft</text>
            <marker end="11" id="0" start="0" />
          </text_data><text_data language="Spanish">
            <text from_TM="False" rev_id="11" status="Complete" time="1222354203">Spanish : t</text>
            <marker end="11" id="0" start="0" />
          </text_data><text_data language="English">
            <text from_TM="False" rev_id="11" status="Complete" time="1222354203">OnTheGoSoft</text>
            <marker end="11" id="0" start="0" />
          </text_data><marker_def id="0" type="html">
            <html_marker tag="img">
              <attr name="src" val="images/bluebottom.gif" />
              <attr name="alt" val="OnTheGoSoft" />
              <attr name="width" val="760" />
              <attr name="height" val="5" />
            </html_marker>
          </marker_def>
        </ta_sentence><ta_sentence do_translation="yes" encoding="utf-8" format="1" id="1836" original_language="English">
          <space_before />
          <space_after />
          <text_data language="German">
            <text from_TM="False" rev_id="13" status="New" time="1222355938">Products</text>
            <marker end="8" id="0" start="0" />
          </text_data><text_data language="Spanish">
            <text from_TM="False" rev_id="11" status="Complete" time="1222354203">Spanish : </text>
            <marker end="8" id="0" start="0" />
          </text_data><text_data language="English">
            <text from_TM="False" rev_id="11" status="Complete" time="1222354203">Products</text>
            <marker end="8" id="0" start="0" />
          </text_data><marker_def id="0" type="html">
            <html_marker tag="a">
              <attr name="href" val="./" />
            </html_marker>
          </marker_def>
        </ta_sentence><ta_sentence do_translation="yes" encoding="utf-8" format="1" id="1837" original_language="English">
          <space_before />
          <space_after />
          <text_data language="German">
            <text from_TM="False" rev_id="13" status="New" time="1222355938">Downloads</text>
            <marker end="9" id="0" start="0" />
          </text_data><text_data language="Spanish">
            <text from_TM="False" rev_id="11" status="Complete" time="1222354203">Spanish : </text>
            <marker end="9" id="0" start="0" />
          </text_data><text_data language="English">
            <text from_TM="False" rev_id="11" status="Complete" time="1222354203">Downloads</text>
            <marker end="9" id="0" start="0" />
          </text_data><marker_def id="0" type="html">
            <html_marker tag="a">
              <attr name="href" val="download.htm" />
            </html_marker>
          </marker_def>
        </ta_sentence><ta_sentence do_translation="yes" encoding="utf-8" format="1" id="1838" original_language="English">
          <space_before />
          <space_after />
          <text_data language="German">
            <text from_TM="False" rev_id="13" status="New" time="1222355938">Buy</text>
            <marker end="3" id="0" start="0" />
          </text_data><text_data language="Spanish">
            <text from_TM="False" rev_id="11" status="Complete" time="1222354203">Spanish : </text>
            <marker end="3" id="0" start="0" />
          </text_data><text_data language="English">
            <text from_TM="False" rev_id="11" status="Complete" time="1222354203">Buy</text>
            <marker end="3" id="0" start="0" />
          </text_data><marker_def id="0" type="html">
            <html_marker tag="a">
              <attr name="href" val="buy.htm" />
            </html_marker>
          </marker_def>
        </ta_sentence><ta_sentence do_translation="yes" encoding="utf-8" format="1" id="1839" original_language="English">
          <space_before />
          <space_after />
          <text_data language="German">
            <text from_TM="False" rev_id="13" status="New" time="1222355938">Contact</text>
            <marker end="7" id="0" start="0" />
          </text_data><text_data language="Spanish">
            <text from_TM="False" rev_id="11" status="Complete" time="1222354203">Spanish : </text>
            <marker end="7" id="0" start="0" />
          </text_data><text_data language="English">
            <text from_TM="False" rev_id="11" status="Complete" time="1222354203">Contact</text>
            <marker end="7" id="0" start="0" />
          </text_data><marker_def id="0" type="html">
            <html_marker tag="a">
              <attr name="href" val="contact.htm" />
            </html_marker>
          </marker_def>
        </ta_sentence><ta_sentence do_translation="yes" encoding="utf-8" format="1" id="1840" original_language="English">
          <space_before />
          <space_after />
          <text_data language="German">
            <text from_TM="False" rev_id="13" status="New" time="1222355938">Support</text>
            <marker end="7" id="0" start="0" />
          </text_data><text_data language="Spanish">
            <text from_TM="False" rev_id="11" status="Complete" time="1222354203">Spanish : </text>
            <marker end="7" id="0" start="0" />
          </text_data><text_data language="English">
            <text from_TM="False" rev_id="11" status="Complete" time="1222354203">Support</text>
            <marker end="7" id="0" start="0" />
          </text_data><marker_def id="0" type="html">
            <html_marker tag="a">
              <attr name="href" val="support.htm" />
            </html_marker>
          </marker_def>
        </ta_sentence><ta_sentence do_translation="yes" encoding="utf-8" format="1" id="1841" original_language="English">
          <space_before />
          <space_after />
          <text_data language="German">
            <text from_TM="False" rev_id="13" status="New" time="1222355938">Product info</text>
            <marker end="12" id="0" start="0" />
          </text_data><text_data language="Spanish">
            <text from_TM="False" rev_id="11" status="Complete" time="1222354203">Spanish : fo</text>
            <marker end="12" id="0" start="0" />
          </text_data><text_data language="English">
            <text from_TM="False" rev_id="11" status="Complete" time="1222354203">Product info</text>
            <marker end="12" id="0" start="0" />
          </text_data><marker_def id="0" type="html">
            <html_marker tag="span">
              <attr name="class" val="Text-Bold" />
            </html_marker>
          </marker_def>
        </ta_sentence><ta_sentence do_translation="yes" encoding="utf-8" format="1" id="1842" original_language="English">
          <space_before> </space_before>
          <space_after />
          <text_data language="German">
            <text from_TM="False" rev_id="13" status="New" time="1222355938">Photo Backup</text>
            <marker end="12" id="0" start="0" />
          </text_data><text_data language="Spanish">
            <text from_TM="False" rev_id="11" status="Complete" time="1222354203">Spanish : up</text>
            <marker end="12" id="0" start="0" />
          </text_data><text_data language="English">
            <text from_TM="False" rev_id="11" status="Complete" time="1222354203">Photo Backup</text>
            <marker end="12" id="0" start="0" />
          </text_data><marker_def id="0" type="html">
            <html_marker tag="a">
              <attr name="href" val="photo_backup.htm" />
              <attr name="class" val="Text-Nav" />
            </html_marker>
          </marker_def>
        </ta_sentence><ta_sentence do_translation="yes" encoding="utf-8" format="1" id="1843" original_language="English">
          <space_before> </space_before>
          <space_after />
          <text_data language="German">
            <text from_TM="False" rev_id="13" status="New" time="1222355938">Download</text>
            <marker end="8" id="0" start="0" />
          </text_data><text_data language="Spanish">
            <text from_TM="False" rev_id="11" status="Complete" time="1222354203">Spanish : </text>
            <marker end="8" id="0" start="0" />
          </text_data><text_data language="English">
            <text from_TM="False" rev_id="11" status="Complete" time="1222354203">Download</text>
            <marker end="8" id="0" start="0" />
          </text_data><marker_def id="0" type="html">
            <html_marker tag="a">
              <attr name="href" val="pb_download.htm" />
              <attr name="class" val="Text-Nav" />
            </html_marker>
          </marker_def>
        </ta_sentence><ta_sentence do_translation="yes" encoding="utf-8" format="1" id="1844" original_language="English">
          <space_before> </space_before>
          <space_after />
          <text_data language="German">
            <text from_TM="False" rev_id="13" status="New" time="1222355938">Overview</text>
            <marker end="8" id="0" start="0" />
          </text_data><text_data language="Spanish">
            <text from_TM="False" rev_id="11" status="Complete" time="1222354203">Spanish : </text>
            <marker end="8" id="0" start="0" />
          </text_data><text_data language="English">
            <text from_TM="False" rev_id="11" status="Complete" time="1222354203">Overview</text>
            <marker end="8" id="0" start="0" />
          </text_data><marker_def id="0" type="html">
            <html_marker tag="a">
              <attr name="href" val="overview.htm" />
              <attr name="class" val="Text-Nav" />
            </html_marker>
          </marker_def>
        </ta_sentence><ta_sentence do_translation="yes" encoding="utf-8" format="1" id="1845" original_language="English">
          <space_before> </space_before>
          <space_after />
          <text_data language="German">
            <text from_TM="False" rev_id="13" status="New" time="1222355938">Features</text>
            <marker end="8" id="0" start="0" />
          </text_data><text_data language="Spanish">
            <text from_TM="False" rev_id="11" status="Complete" time="1222354203">Spanish : </text>
            <marker end="8" id="0" start="0" />
          </text_data><text_data language="English">
            <text from_TM="False" rev_id="11" status="Complete" time="1222354203">Features</text>
            <marker end="8" id="0" start="0" />
          </text_data><marker_def id="0" type="html">
            <html_marker tag="a">
              <attr name="href" val="benefits.htm" />
              <attr name="class" val="Text-Nav" />
            </html_marker>
          </marker_def>
        </ta_sentence><ta_sentence do_translation="yes" encoding="utf-8" format="1" id="1846" original_language="English">
          <space_before> </space_before>
          <space_after />
          <text_data language="German">
            <text from_TM="False" rev_id="13" status="New" time="1222355938">Supported Formats</text>
            <marker end="17" id="0" start="0" />
          </text_data><text_data language="Spanish">
            <text from_TM="False" rev_id="11" status="Complete" time="1222354203">Spanish : Formats</text>
            <marker end="17" id="0" start="0" />
          </text_data><text_data language="English">
            <text from_TM="False" rev_id="11" status="Complete" time="1222354203">Supported Formats</text>
            <marker end="17" id="0" start="0" />
          </text_data><marker_def id="0" type="html">
            <html_marker tag="a">
              <attr name="href" val="photo_types.htm" />
              <attr name="class" val="Text-Nav" />
            </html_marker>
          </marker_def>
        </ta_sentence><ta_sentence do_translation="yes" encoding="utf-8" format="1" id="1847" original_language="English">
          <space_before> </space_before>
          <space_after />
          <text_data language="German">
            <text from_TM="False" rev_id="13" status="New" time="1222355938">Versions History</text>
            <marker end="16" id="0" start="0" />
          </text_data><text_data language="Spanish">
            <text from_TM="False" rev_id="11" status="Complete" time="1222354203">Spanish : istory</text>
            <marker end="16" id="0" start="0" />
          </text_data><text_data language="English">
            <text from_TM="False" rev_id="11" status="Complete" time="1222354203">Versions History</text>
            <marker end="16" id="0" start="0" />
          </text_data><marker_def id="0" type="html">
            <html_marker tag="a">
              <attr name="href" val="versions.htm" />
              <attr name="class" val="Text-Nav" />
            </html_marker>
          </marker_def>
        </ta_sentence><ta_sentence do_translation="yes" encoding="utf-8" format="1" id="1848" original_language="English">
          <space_before />
          <space_after />
          <text_data language="German">
            <text from_TM="False" rev_id="13" status="New" time="1222355938">You are here</text>
            <marker end="12" id="0" start="0" />
          </text_data><text_data language="Spanish">
            <text from_TM="False" rev_id="11" status="Complete" time="1222354203">Spanish : re</text>
            <marker end="12" id="0" start="0" />
          </text_data><text_data language="English">
            <text from_TM="False" rev_id="11" status="Complete" time="1222354203">You are here</text>
            <marker end="12" id="0" start="0" />
          </text_data><marker_def id="0" type="html">
            <html_marker tag="img">
              <attr name="src" val="images/here.gif" />
              <attr name="alt" val="You are here" />
              <attr name="class" val="hereimg" />
            </html_marker>
          </marker_def>
        </ta_sentence><ta_sentence do_translation="yes" encoding="utf-8" format="1" id="1849" original_language="English">
          <space_before />
          <space_after />
          <text_data language="German">
            <text from_TM="False" rev_id="13" status="New" time="1222355938">About Photo Backup LE</text>
            <marker end="21" id="0" start="0" />
          </text_data><text_data language="Spanish">
            <text from_TM="False" rev_id="11" status="Complete" time="1222354203">Spanish : o Backup LE</text>
            <marker end="21" id="0" start="0" />
          </text_data><text_data language="English">
            <text from_TM="False" rev_id="11" status="Complete" time="1222354203">About Photo Backup LE</text>
            <marker end="21" id="0" start="0" />
          </text_data><marker_def id="0" type="html">
            <html_marker tag="span">
              <attr name="class" val="leftselected" />
            </html_marker>
          </marker_def>
        </ta_sentence><ta_sentence do_translation="yes" encoding="utf-8" format="1" id="1850" original_language="English">
          <space_before> </space_before>
          <space_after />
          <text_data language="German">
            <text from_TM="False" rev_id="13" status="New" time="1222355938">Online Manual</text>
            <marker end="13" id="0" start="0" />
          </text_data><text_data language="Spanish">
            <text from_TM="False" rev_id="11" status="Complete" time="1222354203">Spanish : ual</text>
            <marker end="13" id="0" start="0" />
          </text_data><text_data language="English">
            <text from_TM="False" rev_id="11" status="Complete" time="1222354203">Online Manual</text>
            <marker end="13" id="0" start="0" />
          </text_data><marker_def id="0" type="html">
            <html_marker tag="a">
              <attr name="href" val="photo_backup_help/index.html" />
              <attr name="class" val="Text-Nav" />
            </html_marker>
          </marker_def>
        </ta_sentence><ta_sentence do_translation="yes" encoding="utf-8" format="1" id="1851" original_language="English">
          <space_before> </space_before>
          <space_after />
          <text_data language="German">
            <text from_TM="False" rev_id="13" status="New" time="1222355938">News and Announcements</text>
            <marker end="22" id="0" start="0" />
          </text_data><text_data language="Spanish">
            <text from_TM="False" rev_id="11" status="Complete" time="1222354203">Spanish : nnouncements</text>
            <marker end="22" id="0" start="0" />
          </text_data><text_data language="English">
            <text from_TM="False" rev_id="11" status="Complete" time="1222354203">News and Announcements</text>
            <marker end="22" id="0" start="0" />
          </text_data><marker_def id="0" type="html">
            <html_marker tag="a">
              <attr name="href" val="/blog/?sectionid=5" />
              <attr name="class" val="Text-Nav" />
            </html_marker>
          </marker_def>
        </ta_sentence><ta_sentence do_translation="yes" encoding="utf-8" format="1" id="1852" original_language="English">
          <space_before />
          <space_after />
          <text_data language="German">
            <text from_TM="False" rev_id="13" status="New" time="1222355938">Typical uses</text>
            <marker end="12" id="0" start="0" />
          </text_data><text_data language="Spanish">
            <text from_TM="False" rev_id="11" status="Complete" time="1222354203">Spanish : es</text>
            <marker end="12" id="0" start="0" />
          </text_data><text_data language="English">
            <text from_TM="False" rev_id="11" status="Complete" time="1222354203">Typical uses</text>
            <marker end="12" id="0" start="0" />
          </text_data><marker_def id="0" type="html">
            <html_marker tag="span">
              <attr name="class" val="Text-Bold" />
            </html_marker>
          </marker_def>
        </ta_sentence><ta_sentence do_translation="yes" encoding="utf-8" format="1" id="1853" original_language="English">
          <space_before> </space_before>
          <space_after />
          <text_data language="German">
            <text from_TM="False" rev_id="13" status="New" time="1222355938">Archive Digital Photos</text>
            <marker end="22" id="0" start="0" />
          </text_data><text_data language="Spanish">
            <text from_TM="False" rev_id="11" status="Complete" time="1222354203">Spanish : gital Photos</text>
            <marker end="22" id="0" start="0" />
          </text_data><text_data language="English">
            <text from_TM="False" rev_id="11" status="Complete" time="1222354203">Archive Digital Photos</text>
            <marker end="22" id="0" start="0" />
          </text_data><marker_def id="0" type="html">
            <html_marker tag="a">
              <attr name="href" val="backup_photos.htm" />
              <attr name="class" val="Text-Nav" />
            </html_marker>
          </marker_def>
        </ta_sentence><ta_sentence do_translation="yes" encoding="utf-8" format="1" id="1854" original_language="English">
          <space_before> </space_before>
          <space_after />
          <text_data language="German">
            <text from_TM="False" rev_id="13" status="New" time="1222355938">Photo Organizer</text>
            <marker end="15" id="0" start="0" />
          </text_data><text_data language="Spanish">
            <text from_TM="False" rev_id="11" status="Complete" time="1222354203">Spanish : nizer</text>
            <marker end="15" id="0" start="0" />
          </text_data><text_data language="English">
            <text from_TM="False" rev_id="11" status="Complete" time="1222354203">Photo Organizer</text>
            <marker end="15" id="0" start="0" />
          </text_data><marker_def id="0" type="html">
            <html_marker tag="a">
              <attr name="href" val="organize_photos.htm" />
              <attr name="class" val="Text-Nav" />
            </html_marker>
          </marker_def>
        </ta_sentence><ta_sentence do_translation="yes" encoding="utf-8" format="1" id="1855" original_language="English">
          <space_before> </space_before>
          <space_after />
          <text_data language="German">
            <text from_TM="False" rev_id="13" status="New" time="1222355938">Backup Audio CDs</text>
            <marker end="16" id="0" start="0" />
          </text_data><text_data language="Spanish">
            <text from_TM="False" rev_id="11" status="Complete" time="1222354203">Spanish : io CDs</text>
            <marker end="16" id="0" start="0" />
          </text_data><text_data language="English">
            <text from_TM="False" rev_id="11" status="Complete" time="1222354203">Backup Audio CDs</text>
            <marker end="16" id="0" start="0" />
          </text_data><marker_def id="0" type="html">
            <html_marker tag="a">
              <attr name="href" val="backup_audio.htm" />
              <attr name="class" val="Text-Nav" />
            </html_marker>
          </marker_def>
        </ta_sentence><ta_sentence do_translation="yes" encoding="utf-8" format="1" id="1856" original_language="English">
          <space_before> </space_before>
          <space_after />
          <text_data language="German">
            <text from_TM="False" rev_id="13" status="New" time="1222355938">Index Existing Backup</text>
            <marker end="21" id="0" start="0" />
          </text_data><text_data language="Spanish">
            <text from_TM="False" rev_id="11" status="Complete" time="1222354203">Spanish : ting Backup</text>
            <marker end="21" id="0" start="0" />
          </text_data><text_data language="English">
            <text from_TM="False" rev_id="11" status="Complete" time="1222354203">Index Existing Backup</text>
            <marker end="21" id="0" start="0" />
          </text_data><marker_def id="0" type="html">
            <html_marker tag="a">
              <attr name="href" val="make_index.htm" />
              <attr name="class" val="Text-Nav" />
            </html_marker>
          </marker_def>
        </ta_sentence><ta_sentence do_translation="yes" encoding="utf-8" format="1" id="1857" original_language="English">
          <space_before> </space_before>
          <space_after />
          <text_data language="German">
            <text from_TM="False" rev_id="13" status="New" time="1222355938">CD Burning</text>
            <marker end="10" id="0" start="0" />
          </text_data><text_data language="Spanish">
            <text from_TM="False" rev_id="11" status="Complete" time="1222354203">Spanish : </text>
            <marker end="10" id="0" start="0" />
          </text_data><text_data language="English">
            <text from_TM="False" rev_id="11" status="Complete" time="1222354203">CD Burning</text>
            <marker end="10" id="0" start="0" />
          </text_data><marker_def id="0" type="html">
            <html_marker tag="a">
              <attr name="href" val="cd_burning.htm" />
              <attr name="class" val="Text-Nav" />
            </html_marker>
          </marker_def>
        </ta_sentence><ta_sentence do_translation="yes" encoding="utf-8" format="1" id="1858" original_language="English">
          <space_before />
          <space_after />
          <text_data language="German">
            <text from_TM="False" rev_id="13" status="New" time="1222355938">Useful information</text>
            <marker end="18" id="0" start="0" />
          </text_data><text_data language="Spanish">
            <text from_TM="False" rev_id="11" status="Complete" time="1222354203">Spanish : ormation</text>
            <marker end="18" id="0" start="0" />
          </text_data><text_data language="English">
            <text from_TM="False" rev_id="11" status="Complete" time="1222354203">Useful information</text>
            <marker end="18" id="0" start="0" />
          </text_data><marker_def id="0" type="html">
            <html_marker tag="span">
              <attr name="class" val="Text-Bold" />
            </html_marker>
          </marker_def>
        </ta_sentence><ta_sentence do_translation="yes" encoding="utf-8" format="1" id="1859" original_language="English">
          <space_before> </space_before>
          <space_after />
          <text_data language="German">
            <text from_TM="False" rev_id="13" status="New" time="1222355938">Enabling DMA Mode</text>
            <marker end="17" id="0" start="0" />
          </text_data><text_data language="Spanish">
            <text from_TM="False" rev_id="11" status="Complete" time="1222354203">Spanish : MA Mode</text>
            <marker end="17" id="0" start="0" />
          </text_data><text_data language="English">
            <text from_TM="False" rev_id="11" status="Complete" time="1222354203">Enabling DMA Mode</text>
            <marker end="17" id="0" start="0" />
          </text_data><marker_def id="0" type="html">
            <html_marker tag="a">
              <attr name="href" val="dma_setting_nt.htm" />
              <attr name="class" val="Text-Nav" />
            </html_marker>
          </marker_def>
        </ta_sentence><ta_sentence do_translation="yes" encoding="utf-8" format="1" id="1860" original_language="English">
          <space_before />
          <space_after />
          <text_data language="German">
            <text from_TM="False" rev_id="13" status="New" time="1222355938">Bookmark this page</text>
            <marker end="18" id="0" start="0" />
          </text_data><text_data language="Spanish">
            <text from_TM="False" rev_id="11" status="Complete" time="1222354203">Spanish : his page</text>
            <marker end="18" id="0" start="0" />
          </text_data><text_data language="English">
            <text from_TM="False" rev_id="11" status="Complete" time="1222354203">Bookmark this page</text>
            <marker end="18" id="0" start="0" />
          </text_data><marker_def id="0" type="html">
            <html_marker tag="img">
              <attr name="src" val="images/bookmark_us.png" />
              <attr name="alt" val="Bookmark this page" />
              <attr name="class" val="delicious" />
            </html_marker>
          </marker_def>
        </ta_sentence><ta_sentence do_translation="yes" encoding="utf-8" format="1" id="1861" original_language="English">
          <space_before />
          <space_after />
          <text_data language="German">
            <text from_TM="False" rev_id="13" status="New" time="1222355938">Bookmark on</text>
            <marker end="-1" id="0" start="0" />
            <marker end="-1" id="0" start="0" />
          </text_data><text_data language="Spanish">
            <text from_TM="False" rev_id="11" status="Complete" time="1222354203">Spanish : n</text>
            <marker end="-1" id="0" start="0" />
            <marker end="-1" id="0" start="0" />
          </text_data><text_data language="English">
            <text from_TM="False" rev_id="11" status="Complete" time="1222354203">Bookmark on</text>
            <marker end="-1" id="0" start="0" />
            <marker end="-1" id="0" start="0" />
          </text_data><marker_def id="0" type="html">
            <html_marker tag="a">
              <attr name="rel" val="nofollow" />
              <attr name="href" val="http://del.icio.us/post?url=http%3A%2F%2Fwww.onthegosoft.com%2Fphoto_backup_le.htm&amp;title=About+Photo+Backup+LE" />
              <attr name="target" val="_blank" />
              <attr name="class" val="Text-Nav" />
            </html_marker>
          </marker_def>
        </ta_sentence><ta_sentence do_translation="yes" encoding="utf-8" format="1" id="1862" original_language="English">
          <space_before />
          <space_after />
          <text_data language="German">
            <text from_TM="False" rev_id="13" status="New" time="1222355938">del.icio.us</text>
            <marker end="11" id="-1" start="-1" />
          </text_data><text_data language="Spanish">
            <text from_TM="False" rev_id="11" status="Complete" time="1222354203">Spanish : s</text>
            <marker end="11" id="-1" start="-1" />
          </text_data><text_data language="English">
            <text from_TM="False" rev_id="11" status="Complete" time="1222354203">del.icio.us</text>
            <marker end="11" id="-1" start="-1" />
          </text_data><marker_def id="-1" type="html">
            <html_marker tag="a" />
          </marker_def>
        </ta_sentence><ta_sentence do_translation="yes" encoding="utf-8" format="1" id="1863" original_language="English">
          <space_before />
          <space_after />
          <text_data language="German">
            <text from_TM="False" rev_id="13" status="New" time="1222355938">Home&#160;&gt;&#160;Photo Backup&#160;&gt;&#160;About Photo Backup LE</text>
            <marker end="43" id="0" start="0" />
            <marker end="4" id="1" start="0" />
            <marker end="19" id="2" start="7" />
          </text_data><text_data language="Spanish">
            <text from_TM="False" rev_id="11" status="Complete" time="1222354203">Spanish : to Backup&#160;&gt;&#160;About Photo Backup LE</text>
            <marker end="43" id="0" start="0" />
            <marker end="4" id="1" start="0" />
            <marker end="19" id="2" start="7" />
          </text_data><text_data language="English">
            <text from_TM="False" rev_id="11" status="Complete" time="1222354203">Home&#160;&gt;&#160;Photo Backup&#160;&gt;&#160;About Photo Backup LE</text>
            <marker end="43" id="0" start="0" />
            <marker end="4" id="1" start="0" />
            <marker end="19" id="2" start="7" />
          </text_data><marker_def id="0" type="html">
            <html_marker tag="span">
              <attr name="class" val="Text-TopNav" />
            </html_marker>
          </marker_def><marker_def id="1" type="html">
            <html_marker tag="a">
              <attr name="href" val="./" />
            </html_marker>
          </marker_def><marker_def id="2" type="html">
            <html_marker tag="a">
              <attr name="href" val="photo_backup.htm" />
            </html_marker>
          </marker_def>
        </ta_sentence><ta_sentence do_translation="yes" encoding="utf-8" format="1" id="1864" original_language="English">
          <space_before />
          <space_after />
          <text_data language="German">
            <text from_TM="False" rev_id="13" status="New" time="1222355938">About Photo Backup LE</text>
          </text_data><text_data language="Spanish">
            <text from_TM="False" rev_id="11" status="Complete" time="1222354203">Spanish : o Backup LE</text>
          </text_data><text_data language="English">
            <text from_TM="False" rev_id="11" status="Complete" time="1222354203">About Photo Backup LE</text>
          </text_data>
        </ta_sentence><ta_sentence do_translation="yes" encoding="utf-8" format="1" id="1865" original_language="English">
          <space_before />
          <space_after />
          <text_data language="German">
            <text from_TM="False" rev_id="13" status="New" time="1222355938">Photo Backup LE, is a reduced features version of Photo Backup. The LE version can be used to backup thousands of photos to CDs, and includes all the powerful search and restore features of the full version.</text>
            <marker end="62" id="0" start="50" />
          </text_data><text_data language="Spanish">
            <text from_TM="False" rev_id="11" status="Complete" time="1222354203">Spanish : up LE, is a reduced features version of Photo Backup. The LE version can be used to backup thousands of photos to CDs, and includes all the powerful search and restore features of the full version.</text>
            <marker end="62" id="0" start="50" />
          </text_data><text_data language="English">
            <text from_TM="False" rev_id="11" status="Complete" time="1222354203">Photo Backup LE, is a reduced features version of Photo Backup. The LE version can be used to backup thousands of photos to CDs, and includes all the powerful search and restore features of the full version.</text>
            <marker end="62" id="0" start="50" />
          </text_data><marker_def id="0" type="html">
            <html_marker tag="a">
              <attr name="href" val="photo_backup.htm" />
            </html_marker>
          </marker_def>
        </ta_sentence><ta_sentence do_translation="yes" encoding="utf-8" format="1" id="1866" original_language="English">
          <space_before />
          <space_after />
          <text_data language="German">
            <text from_TM="False" rev_id="13" status="New" time="1222355938">Features that are not found in the LE version</text>
          </text_data><text_data language="Spanish">
            <text from_TM="False" rev_id="11" status="Complete" time="1222354203">Spanish : hat are not found in the LE version</text>
          </text_data><text_data language="English">
            <text from_TM="False" rev_id="11" status="Complete" time="1222354203">Features that are not found in the LE version</text>
          </text_data>
        </ta_sentence><ta_sentence do_translation="yes" encoding="utf-8" format="1" id="1867" original_language="English">
          <space_before />
          <space_after />
          <text_data language="German">
            <text from_TM="False" rev_id="13" status="New" time="1222355938">DVD support - The LE version only writes to CDs.</text>
          </text_data><text_data language="Spanish">
            <text from_TM="False" rev_id="11" status="Complete" time="1222354203">Spanish : t - The LE version only writes to CDs.</text>
          </text_data><text_data language="English">
            <text from_TM="False" rev_id="11" status="Complete" time="1222354203">DVD support - The LE version only writes to CDs.</text>
          </text_data>
        </ta_sentence><ta_sentence do_translation="yes" encoding="utf-8" format="1" id="1868" original_language="English">
          <space_before />
          <space_after />
          <text_data language="German">
            <text from_TM="False" rev_id="13" status="New" time="1222355938">Advanced file formats - The LE version doesn't support PSD, DNG and camera RAW files.</text>
            <marker end="58" id="0" start="55" />
            <marker end="63" id="1" start="60" />
            <marker end="78" id="2" start="68" />
          </text_data><text_data language="Spanish">
            <text from_TM="False" rev_id="11" status="Complete" time="1222354203">Spanish : ile formats - The LE version doesn't support PSD, DNG and camera RAW files.</text>
            <marker end="58" id="0" start="55" />
            <marker end="63" id="1" start="60" />
            <marker end="78" id="2" start="68" />
          </text_data><text_data language="English">
            <text from_TM="False" rev_id="11" status="Complete" time="1222354203">Advanced file formats - The LE version doesn't support PSD, DNG and camera RAW files.</text>
            <marker end="58" id="0" start="55" />
            <marker end="63" id="1" start="60" />
            <marker end="78" id="2" start="68" />
          </text_data><marker_def id="0" type="html">
            <html_marker tag="b" />
          </marker_def><marker_def id="1" type="html">
            <html_marker tag="b" />
          </marker_def><marker_def id="2" type="html">
            <html_marker tag="b" />
          </marker_def>
        </ta_sentence><ta_sentence do_translation="yes" encoding="utf-8" format="1" id="1869" original_language="English">
          <space_before />
          <space_after />
          <text_data language="German">
            <text from_TM="False" rev_id="13" status="New" time="1222355938">Multiple archives - The LE version can only maintain a single archive.</text>
          </text_data><text_data language="Spanish">
            <text from_TM="False" rev_id="11" status="Complete" time="1222354203">Spanish : rchives - The LE version can only maintain a single archive.</text>
          </text_data><text_data language="English">
            <text from_TM="False" rev_id="11" status="Complete" time="1222354203">Multiple archives - The LE version can only maintain a single archive.</text>
          </text_data>
        </ta_sentence><ta_sentence do_translation="yes" encoding="utf-8" format="1" id="1870" original_language="English">
          <space_before> </space_before>
          <space_after />
          <text_data language="German">
            <text from_TM="False" rev_id="13" status="New" time="1222355938">The full version can handle an unlimited number of independent photo archives.</text>
          </text_data><text_data language="Spanish">
            <text from_TM="False" rev_id="11" status="Complete" time="1222354203">Spanish : ersion can handle an unlimited number of independent photo archives.</text>
          </text_data><text_data language="English">
            <text from_TM="False" rev_id="11" status="Complete" time="1222354203">The full version can handle an unlimited number of independent photo archives.</text>
          </text_data>
        </ta_sentence><ta_sentence do_translation="yes" encoding="utf-8" format="1" id="1871" original_language="English">
          <space_before />
          <space_after />
          <text_data language="German">
            <text from_TM="False" rev_id="13" status="New" time="1222355938">The LE version is FREE</text>
          </text_data><text_data language="Spanish">
            <text from_TM="False" rev_id="11" status="Complete" time="1222354203">Spanish : sion is FREE</text>
          </text_data><text_data language="English">
            <text from_TM="False" rev_id="11" status="Complete" time="1222354203">The LE version is FREE</text>
          </text_data>
        </ta_sentence><ta_sentence do_translation="yes" encoding="utf-8" format="1" id="1872" original_language="English">
          <space_before />
          <space_after />
          <text_data language="German">
            <text from_TM="False" rev_id="13" status="New" time="1222355938">If you need to back up photos from your digital camera to CDs, Photo Backup LE would do a great job for you.</text>
          </text_data><text_data language="Spanish">
            <text from_TM="False" rev_id="11" status="Complete" time="1222354203">Spanish : d to back up photos from your digital camera to CDs, Photo Backup LE would do a great job for you.</text>
          </text_data><text_data language="English">
            <text from_TM="False" rev_id="11" status="Complete" time="1222354203">If you need to back up photos from your digital camera to CDs, Photo Backup LE would do a great job for you.</text>
          </text_data>
        </ta_sentence><ta_sentence do_translation="yes" encoding="utf-8" format="1" id="1873" original_language="English">
          <space_before> </space_before>
          <space_after />
          <text_data language="German">
            <text from_TM="False" rev_id="13" status="New" time="1222355938">You will be able to quickly archive all your photos to as many CDs as needed.</text>
          </text_data><text_data language="Spanish">
            <text from_TM="False" rev_id="11" status="Complete" time="1222354203">Spanish : e able to quickly archive all your photos to as many CDs as needed.</text>
          </text_data><text_data language="English">
            <text from_TM="False" rev_id="11" status="Complete" time="1222354203">You will be able to quickly archive all your photos to as many CDs as needed.</text>
          </text_data>
        </ta_sentence><ta_sentence do_translation="yes" encoding="utf-8" format="1" id="1874" original_language="English">
          <space_before> </space_before>
          <space_after />
          <text_data language="German">
            <text from_TM="False" rev_id="13" status="New" time="1222355938">The ability to search, locate and retrieve photos from the archive is a great asset when you need photos from your CD collection.</text>
          </text_data><text_data language="Spanish">
            <text from_TM="False" rev_id="11" status="Complete" time="1222354203">Spanish : y to search, locate and retrieve photos from the archive is a great asset when you need photos from your CD collection.</text>
          </text_data><text_data language="English">
            <text from_TM="False" rev_id="11" status="Complete" time="1222354203">The ability to search, locate and retrieve photos from the archive is a great asset when you need photos from your CD collection.</text>
          </text_data>
        </ta_sentence><ta_sentence do_translation="no" encoding="utf-8" format="1" id="1875" original_language="English">
          <space_before />
          <space_after />
          <text_data language="German">
            <text from_TM="False" rev_id="13" status="New" time="1222355938">(</text>
            <marker end="1" id="0" start="0" />
          </text_data><text_data language="Spanish">
            <text from_TM="False" rev_id="11" status="Complete" time="1222354203">Spanish : </text>
            <marker end="1" id="0" start="0" />
          </text_data><text_data language="English">
            <text from_TM="False" rev_id="11" status="Complete" time="1222354203">(</text>
            <marker end="1" id="0" start="0" />
          </text_data><marker_def id="0" type="html">
            <html_marker tag="img">
              <attr name="src" val="images/corners/white-left-tp.gif" />
              <attr name="width" val="10" />
              <attr name="height" val="10" />
              <attr name="alt" val="(" />
            </html_marker>
          </marker_def>
        </ta_sentence><ta_sentence do_translation="no" encoding="utf-8" format="1" id="1876" original_language="English">
          <space_before />
          <space_after />
          <text_data language="German">
            <text from_TM="False" rev_id="13" status="New" time="1222355938">)</text>
            <marker end="1" id="0" start="0" />
          </text_data><text_data language="Spanish">
            <text from_TM="False" rev_id="11" status="Complete" time="1222354203">Spanish : </text>
            <marker end="1" id="0" start="0" />
          </text_data><text_data language="English">
            <text from_TM="False" rev_id="11" status="Complete" time="1222354203">)</text>
            <marker end="1" id="0" start="0" />
          </text_data><marker_def id="0" type="html">
            <html_marker tag="img">
              <attr name="src" val="images/corners/white-right-tp.gif" />
              <attr name="width" val="10" />
              <attr name="height" val="10" />
              <attr name="alt" val=")" />
            </html_marker>
          </marker_def>
        </ta_sentence><ta_sentence do_translation="yes" encoding="utf-8" format="1" id="1877" original_language="English">
          <space_before />
          <space_after />
          <text_data language="German">
            <text from_TM="False" rev_id="13" status="New" time="1222355938">For professional photographers, who work with camera RAW files, use Adobe Photoshop to process files and need to make backup on DVDs the full version is recommended.</text>
            <marker end="62" id="0" start="46" />
            <marker end="83" id="1" start="68" />
            <marker end="132" id="2" start="118" />
            <marker end="149" id="3" start="133" />
          </text_data><text_data language="Spanish">
            <text from_TM="False" rev_id="11" status="Complete" time="1222354203">Spanish : sional photographers, who work with camera RAW files, use Adobe Photoshop to process files and need to make backup on DVDs the full version is recommended.</text>
            <marker end="62" id="0" start="46" />
            <marker end="83" id="1" start="68" />
            <marker end="132" id="2" start="118" />
            <marker end="149" id="3" start="133" />
          </text_data><text_data language="English">
            <text from_TM="False" rev_id="11" status="Complete" time="1222354203">For professional photographers, who work with camera RAW files, use Adobe Photoshop to process files and need to make backup on DVDs the full version is recommended.</text>
            <marker end="62" id="0" start="46" />
            <marker end="83" id="1" start="68" />
            <marker end="132" id="2" start="118" />
            <marker end="149" id="3" start="133" />
          </text_data><marker_def id="0" type="html">
            <html_marker tag="b" />
          </marker_def><marker_def id="1" type="html">
            <html_marker tag="b" />
          </marker_def><marker_def id="2" type="html">
            <html_marker tag="b" />
          </marker_def><marker_def id="3" type="html">
            <html_marker tag="a">
              <attr name="href" val="photo_backup.htm" />
            </html_marker>
          </marker_def>
        </ta_sentence><ta_sentence do_translation="no" encoding="utf-8" format="1" id="1878" original_language="English">
          <space_before />
          <space_after />
          <text_data language="German">
            <text from_TM="False" rev_id="13" status="New" time="1222355938">(</text>
            <marker end="1" id="0" start="0" />
          </text_data><text_data language="Spanish">
            <text from_TM="False" rev_id="11" status="Complete" time="1222354203">Spanish : </text>
            <marker end="1" id="0" start="0" />
          </text_data><text_data language="English">
            <text from_TM="False" rev_id="11" status="Complete" time="1222354203">(</text>
            <marker end="1" id="0" start="0" />
          </text_data><marker_def id="0" type="html">
            <html_marker tag="img">
              <attr name="src" val="images/corners/white-left-btm.gif" />
              <attr name="width" val="10" />
              <attr name="height" val="10" />
              <attr name="alt" val="(" />
            </html_marker>
          </marker_def>
        </ta_sentence><ta_sentence do_translation="no" encoding="utf-8" format="1" id="1879" original_language="English">
          <space_before />
          <space_after />
          <text_data language="German">
            <text from_TM="False" rev_id="13" status="New" time="1222355938">)</text>
            <marker end="1" id="0" start="0" />
          </text_data><text_data language="Spanish">
            <text from_TM="False" rev_id="11" status="Complete" time="1222354203">Spanish : </text>
            <marker end="1" id="0" start="0" />
          </text_data><text_data language="English">
            <text from_TM="False" rev_id="11" status="Complete" time="1222354203">)</text>
            <marker end="1" id="0" start="0" />
          </text_data><marker_def id="0" type="html">
            <html_marker tag="img">
              <attr name="src" val="images/corners/white-right-btm.gif" />
              <attr name="width" val="10" />
              <attr name="height" val="10" />
              <attr name="alt" val=")" />
            </html_marker>
          </marker_def>
        </ta_sentence><ta_sentence do_translation="yes" encoding="utf-8" format="1" id="1880" original_language="English">
          <space_before />
          <space_after />
          <text_data language="German">
            <text from_TM="False" rev_id="13" status="New" time="1222355938">Where to get it?</text>
          </text_data><text_data language="Spanish">
            <text from_TM="False" rev_id="11" status="Complete" time="1222354203">Spanish : et it?</text>
          </text_data><text_data language="English">
            <text from_TM="False" rev_id="11" status="Complete" time="1222354203">Where to get it?</text>
          </text_data>
        </ta_sentence><ta_sentence do_translation="yes" encoding="utf-8" format="1" id="1881" original_language="English">
          <space_before />
          <space_after />
          <text_data language="German">
            <text from_TM="False" rev_id="13" status="New" time="1222355938">You can download both Photo Backup LE and the full Photo Backup from the program's download page.</text>
            <marker end="37" id="0" start="22" />
            <marker end="63" id="1" start="51" />
            <marker end="96" id="2" start="83" />
          </text_data><text_data language="Spanish">
            <text from_TM="False" rev_id="11" status="Complete" time="1222354203">Spanish : wnload both Photo Backup LE and the full Photo Backup from the program's download page.</text>
            <marker end="37" id="0" start="22" />
            <marker end="63" id="1" start="51" />
            <marker end="96" id="2" start="83" />
          </text_data><text_data language="English">
            <text from_TM="False" rev_id="11" status="Complete" time="1222354203">You can download both Photo Backup LE and the full Photo Backup from the program's download page.</text>
            <marker end="37" id="0" start="22" />
            <marker end="63" id="1" start="51" />
            <marker end="96" id="2" start="83" />
          </text_data><marker_def id="0" type="html">
            <html_marker tag="b" />
          </marker_def><marker_def id="1" type="html">
            <html_marker tag="b" />
          </marker_def><marker_def id="2" type="html">
            <html_marker tag="a">
              <attr name="href" val="pb_download.htm" />
            </html_marker>
          </marker_def>
        </ta_sentence><ta_sentence do_translation="yes" encoding="utf-8" format="1" id="1882" original_language="English">
          <space_before />
          <space_after />
          <text_data language="German">
            <text from_TM="False" rev_id="13" status="New" time="1222355938">Products&#160;&#160; - &#160;&#160;Passport Photo&#160;&#160; - &#160;&#160;Photo Backup&#160;&#160; - &#160;&#160;Shrink Pic&#160;&#160; - &#160;&#160;Resources&#160;&#160; - &#160;&#160;Partners&#160;&#160; - &#160;&#160;Blog</text>
            <marker end="8" id="0" start="0" />
            <marker end="29" id="1" start="15" />
            <marker end="48" id="2" start="36" />
            <marker end="65" id="3" start="55" />
            <marker end="81" id="4" start="72" />
            <marker end="96" id="5" start="88" />
            <marker end="107" id="6" start="103" />
          </text_data><text_data language="Spanish">
            <text from_TM="False" rev_id="11" status="Complete" time="1222354203">Spanish :  - &#160;&#160;Passport Photo&#160;&#160; - &#160;&#160;Photo Backup&#160;&#160; - &#160;&#160;Shrink Pic&#160;&#160; - &#160;&#160;Resources&#160;&#160; - &#160;&#160;Partners&#160;&#160; - &#160;&#160;Blog</text>
            <marker end="8" id="0" start="0" />
            <marker end="29" id="1" start="15" />
            <marker end="48" id="2" start="36" />
            <marker end="65" id="3" start="55" />
            <marker end="81" id="4" start="72" />
            <marker end="96" id="5" start="88" />
            <marker end="107" id="6" start="103" />
          </text_data><text_data language="English">
            <text from_TM="False" rev_id="11" status="Complete" time="1222354203">Products&#160;&#160; - &#160;&#160;Passport Photo&#160;&#160; - &#160;&#160;Photo Backup&#160;&#160; - &#160;&#160;Shrink Pic&#160;&#160; - &#160;&#160;Resources&#160;&#160; - &#160;&#160;Partners&#160;&#160; - &#160;&#160;Blog</text>
            <marker end="8" id="0" start="0" />
            <marker end="29" id="1" start="15" />
            <marker end="48" id="2" start="36" />
            <marker end="65" id="3" start="55" />
            <marker end="81" id="4" start="72" />
            <marker end="96" id="5" start="88" />
            <marker end="107" id="6" start="103" />
          </text_data><marker_def id="0" type="html">
            <html_marker tag="a">
              <attr name="href" val="./" />
            </html_marker>
          </marker_def><marker_def id="1" type="html">
            <html_marker tag="a">
              <attr name="href" val="passport_photo.htm" />
            </html_marker>
          </marker_def><marker_def id="2" type="html">
            <html_marker tag="a">
              <attr name="href" val="photo_backup.htm" />
            </html_marker>
          </marker_def><marker_def id="3" type="html">
            <html_marker tag="a">
              <attr name="href" val="shrink_pic.htm" />
            </html_marker>
          </marker_def><marker_def id="4" type="html">
            <html_marker tag="a">
              <attr name="href" val="links_nav.htm" />
            </html_marker>
          </marker_def><marker_def id="5" type="html">
            <html_marker tag="a">
              <attr name="href" val="partners.htm" />
            </html_marker>
          </marker_def><marker_def id="6" type="html">
            <html_marker tag="a">
              <attr name="href" val="blog/" />
            </html_marker>
          </marker_def>
        </ta_sentence><ta_sentence do_translation="yes" encoding="utf-8" format="1" id="1883" original_language="English">
          <space_before />
          <space_after />
          <text_data language="German">
            <text from_TM="False" rev_id="13" status="New" time="1222355938">This website has been translated using ICanLocalize - Affordable Website Translation</text>
            <marker end="-1" id="0" start="0" />
            <marker end="84" id="1" start="39" />
            <marker end="-1" id="0" start="0" />
          </text_data><text_data language="Spanish">
            <text from_TM="False" rev_id="11" status="Complete" time="1222354203">Spanish : te has been translated using ICanLocalize - Affordable Website Translation</text>
            <marker end="-1" id="0" start="0" />
            <marker end="84" id="1" start="39" />
            <marker end="-1" id="0" start="0" />
          </text_data><text_data language="English">
            <text from_TM="False" rev_id="11" status="Complete" time="1222354203">This website has been translated using ICanLocalize - Affordable Website Translation</text>
            <marker end="-1" id="0" start="0" />
            <marker end="84" id="1" start="39" />
            <marker end="-1" id="0" start="0" />
          </text_data><marker_def id="0" type="html">
            <html_marker tag="span">
              <attr name="class" val="copyright" />
            </html_marker>
          </marker_def><marker_def id="1" type="html">
            <html_marker tag="a">
              <attr name="target" val="_blank" />
              <attr name="href" val="http://www.icanlocalize.com" />
            </html_marker>
          </marker_def>
        </ta_sentence><ta_sentence do_translation="yes" encoding="utf-8" format="1" id="1884" original_language="English">
          <space_before />
          <space_after />
          <text_data language="German">
            <text from_TM="False" rev_id="13" status="New" time="1222355938">&#169; OnTheGoSystems,INC. 2003-2008</text>
            <marker end="21" id="0" start="2" />
            <marker end="31" id="-1" start="-1" />
          </text_data><text_data language="Spanish">
            <text from_TM="False" rev_id="11" status="Complete" time="1222354203">Spanish : ystems,INC. 2003-2008</text>
            <marker end="21" id="0" start="2" />
            <marker end="31" id="-1" start="-1" />
          </text_data><text_data language="English">
            <text from_TM="False" rev_id="11" status="Complete" time="1222354203">&#169; OnTheGoSystems,INC. 2003-2008</text>
            <marker end="21" id="0" start="2" />
            <marker end="31" id="-1" start="-1" />
          </text_data><marker_def id="0" type="html">
            <html_marker tag="a">
              <attr name="href" val="http://www.onthegosystems.com/" />
              <attr name="target" val="_blank" />
            </html_marker>
          </marker_def><marker_def id="-1" type="html">
            <html_marker tag="span" />
          </marker_def>
        </ta_sentence>
      </sentences><html_output_change_data_3 />
    </translation>
  </ta_buffer><ta_buffer encoding="utf-8" format="1" manual="False" original_language="English" source_file="/photo_types.htm" type="html">
    <extractor>
      <marked_file MD5="7095f595de3e0c67154cd70471b33a4a" encoding="zlib-hex">789cd55d6973e3b8d1febca9ca7f4038b55b3315cb3a6cf978c7564ad6e15162d98ae5594ff68b0b2221096b8a6078f8c887fcf67483a4c45396055ac93b35654a04f0a02f34ba01123afb53f7a673f78f518f7cbb1b5e91d1f78bab418768956af5fea053ad76efba41c1e17ead4eee1c6ab9dce3c2a266b5dabbd65a7ffcc3d9dc5b98f2caa881578f7b266bfdfb13febb6b3fdc0deeae7a9fc6be6d0bc76306b1e7c213c47bb5998b35fe7d560d1a40cb05f328997b9e5d61fff4f9d3b9d61196c72caf7207b535a207dfce358fbd7855ecf62bd1e7d47199778e3de1e707f8f2b0a0ce23733e49ea4c6e3d92b9c3a6e79aebbd9accddd75d57230e33a31b73c63c4d1214226305680a8dab214ff071228c57c91d9d988c3c73c39b9f6bc747358d4c846330e75c838fd4e433eb5cd3814ae600c1cc346d6a18dc9ac962fceeda540fbf031c91ffcefe54a9104fd864422d8b39c49e90099b718b542ab27352f0efcc735aa4b8182b1864cef86c0e426ba200b17b4b7e9ecce09b00b23f35eac7cd76570b3476c61733e23afab9c61774c6dceac4f41990b63fe353e40f806eacbb39bb14633105b1c505b1eaa91569d668ada1be0ae4af652e87c8b7d86d9133833fa5140137ab70b7f5064101c0190dcd65bf1a97494ccb71f1b80b6a9a0fcf6cf28680ea71011d359612a21b12b551a51cce030650eb4437a9eb9e6b7760e277c2d65a2339102fa8fee8db6755ac121235718266ebfa937dc6613d3a83a1c600d61153e6bad247902e9f710faef1be08d498397441a6c221f7dc32c4b39be8ff1dba52b5b06d87cf9ac132119e2716bb1b2f39ce835946e03a62a5167de2338aae3bee5b5004712e1b292ff1149a53c094966b6249977878a2e412cf248f485268570b66f9d081cb4ca6c3f411493e3e48c19e0c5ff75c1c4d71416651d2adc1f42c5350631f2613add50dbf6d0134f15f038c0bfff5fdad7162a3ba172074822fef47718329364009e7db0c0ada10fc418db562032db4ad3c6b891bd36ac0487262e3216904f55aede78415a4d49c368398596706658c71a00c7d8cc9a6debd961dfcd99a6035f7171bd5b404d4fd7f50d3c1719aa999700d2bf5867596a529fd45cad2a23e6cfec2ccbabc9de8225e191d57e41580a67820d197ff70b6553086a38431a03da2badf705f6f100415ed8299b072214c63e94208b7a6a2602e5c8e3319c03e4ce45c26075b02ef9a3ea5a756ba066bf290f04159a8c829ad85114fcc79e2ecb900e3262c5e8b3161169b72cf2dc0e833eaf90e7313187ffc43fe3c38670e8bcd80ff103ea10e23787b098d5fa05d38f765b5836a5f79fd55fed017ce827aee5b5a029631062962e7d7b0987ce3ae279cd7f55a8a69fcc1640590ed89f0bd64a473d5db1c77ce4cbb0ad1107b417c334f8d167a0032a4964fcdb5c010888859f52f2e080f98e4c6793307ee9a3dbb8482776f5b96f02d9dc1bce2a5f57b56b537183e909f711dc23cdf656f2a266457f25ea49db6a3cff9134b868feefa21e0cca8c5ffc5d60307dab909eb3aeb07444028f50d2e0ae04235b7b10ae974d753b8a08fec61a9e01cb4019691de0b5824b8c24ddc876e3c4c7cc782da05909d2eb9082a6ca5d7ef2e9bfaa6f48a38e8c096ded2aeb1a0988223030f96574055cf82f90159ec0edb64280c964f5cce2cb241f8988d5957b3d7e14961e42ec4232e1b3cf8eebe6dcd42c77511de25de9cbbc4869a4b6e0c66729d0bdf8d07ef322789a4023291ab0c96980ad314cf5a28225ce0f8bf6a1500f61161df77abb670bdbff88e798e653f1fb47f6ef4e1fff3f3f33e04837336132e240ffbba58c0ddc069c8f51314ef2f74617f952b28e74b1ff96759e7cfb28e463ceacc1830f33031a9f59867c51197c24aea35466232904c869176eb176be2da5f516d9968323d7bc7c2c9dc6065fbd0a4797a5c1c9ad4fbc7fd53b5305546263fc5932e8772f38dc8641923d793b4158d3bc8cca54e1209ce37b190432410f32f33ef6b28f0c290241381a49bae9f4f3329419ad394160bc2f604c39b44854b591f142f9615f658d0efd9bc1e087bdd12645407007ffa49eab870aa9b33128c677460ae071328751290b94b0a18feb84b0226af8938613f14feb2f380aa35f2aaa7e4d5c8ca6729a5041311c16b56d26243aad1fc399d657efadd6610b4fd757499ce2db7429b2c404517c3512960539343a07a352805ccf52d083bbf5f6f02b666a1693b05a489f1f8740ab637e8f737e62d0da1fb0ec403df6fb70608a5dbd91ac09d01c0f87223f57cb84471926f8dae37b7e23480a1bf4076d6f9b1bd3c6d00e88fb607f066146ce2b2fd3f214fccf65a9783eded93d9104af546e3ad01661330f0cb8bed0ddc468d8e36d3e8c7dba78bcb12e3eed6dc705d404ad1b9d95e9e40c0e5f6fdbfd81086fc180dff37a46980758ebadb5be782eb5a6b38d8def9d9288ed166e20800a2a0fabf28351d6db0b3bd0d2c746e5018d6c3cea0dbde7e64bf4cd0942e7622bb2821c92d83c4882cb3a39c107125e6b6e98a3db262c1a1cf5aebb67d8f2ce4aa20c8b05d22a6b1561d6a098842e4055bee25ca5c2eb00c2e41592ec9abfab8aff012ee2fbc64d01c0691fd1383f2f0d346980e13b28548e3f5fddf315a80bfe992c182eac854704d97fe4d18f4516bc94bbaec8a711d663c7949970db9254c0f4ac30fe9f26bfe889dca4bbaecc67c5dd898c8871fd2e5236a515758e801961f33755820dde09a299d5317b746f1922ebb85648281ac826bba74cc670be04a5eb2651675b00c2e993261bd4211fc951667840b693a5d3087ba321d99faa6f91a4b4a3ea7acd5658c98dc957b485ff6972b034503237f30c9bc869ccd71e0ac192e6bf79c812e0be83ed7a2d4a3178bdad6354cacc582591b2ec1c67be4affd417f2f58fb34c484c9bb64caf1e910892a1f5c195fc84f30d0071e7976b85790da2d7340c4b3716f1bb7bf9f98ec258eba4e7a6f339f9702bc93792430640471d6731c3499086f0e1c3adc060bc94d6c01d3031c83042b697b442ed504c230a9c508c79d5f93d127a8b3f04d8f57265818552f0265dc9b3387f8962e16368a94197b443864041c4db8072daf7ebb9777a4f656b5721183decad0433671d8580bdc00efc0a71cd996e2dd8bab0430cbb3966c38fe4e5b81b627c754d2871f4f29897654708a02d5e06d49ef9ae92cd7b6129d85bc3bbe55319935036363a07083191101a54924bbd2b0fde8099f5a91b76ec6d50601dc8052f9901ae5b8e29e2b17adaeed11ed0aff8c3469bddaede585460cead132b8cc66f9eb9a4145c25ddcb681412c08ee84310210ae7040cd56c467ae1a71210cdb1b0cf5e58442caeb058dc5c44568d723f4897253ae6b05dde442b72d18ae382545a4e07465096f35599521aa6c02bfae19544451d148c1c0b134fec0d0e5b34c903a0646b00742994215b9d03700f767e6b299d70d4a15bb0a61391ad462212c98a9a596b845a6f48550db36210af2e40e6709b2c826df5b38350200d951203d6fccbeb3334d5e173a840a1462e860c449e4f25c78b44eb84712cb59eff4076ddf03c3771f0164203d0180c1952fca534b7689e89d34ca389af421e69a8ff84b89d34b66ad655d33346aa89c72159703709a13c777e725d2955ab378efa4d74dc41be5d1955d8c59d70c2a66dd3240581b39e5acabcd0d88000e3b41c64be11052f4c17043fe86812b0d9d9ce4133ce5159df45e991c4a42c67e712f472614ab01d14553cca0fffdba13ba1b08c3758cc2c1ff987ce250e7b51c1e3d64f26e6bfb1a48e2ee8430ddd09dc53d258405a5c501d9f5aa6d1c3aaa22a07cc87547ee42873c746090081774f4193af9921f029635788a5691d4383aa940164186fac008f2e11243cdecbad93bed44deea74cba428bdb4bd7df0bb0c734a212c5c98259f83891e239d2f5b5089f1428020c1da60ad13ea7d2933efcb2ce02a88f062b847469743790f304b946766db406d94005418d221e91eb3d051078b268580ee5cd8a4b1df943007fbb532f8caee1dbe53fa89791d3d2d1217e45ea5093fbb65ac44643dca123f88dcecfee13bc96d1c56021d37a42f4d502f4d6895d5e72146993e90501e53d9bd82ed87e90f026c2da85d0a5d99edb077d2f50317d6809870387e5e80ecd03cbe90670e026e348ff06123011973aeb0213f85661b88f8bfb8be2b979dbba9a56ac9dd6a95fab67d1f3e6c338d1e5c2ad851294169f1fd9788a0d4b38a6b84e29b459b4f262f909324a9773326f55ab760a72ee8fb6d84839a3244b751abd53aaa2007355584236584c1e5e0ae7d456e7b17bd2b45acbf71d75d3e98ac0455a92b2a080186f8e0e660a00c345640188967e68c615092a39a8aaa5638ed665930bf09b12809ab1cd62eebe5c034ca81392807a61c7d8d1c518e7400e8b81c7501d2698d0cca191e63255f18c3392c0ba71cbd8d616c042daa262f981461362c9e70d7850eabc978f5c0c30e27e317932fd00a147ddbdf7fade06cfafd871a06cceab59e2a46531de3b0a62a8de6716d17469378ea65776673bd8c393e9ec5cca33bbb6373d4a974da43393476c167f8b0d1eef8bb62744a7ea526f4d9687c3c8baba7a676c7629f5b0cf786fac74a233a821937d0579680d354f3304b9ce3da2e8c33f954dbeeb43778910b2e1fcf60fcc1bcddb1d7edd41b2a56d0eda836570990ba1da538addb514a39ba9db18c5bea87f97b66ef46792901667c755bd54bc25164eba0de5459db408403a5d51140385434cff1a1d2da4800d05643683654a5d03c52453852a601105442624450e7e2a83654433856e6e258998b63352e7a37630051590608100e2e1420ae3b98acf55592e38ba34325ff2201bea902a86802fc2cee407c7c6c117fb07f87b1059f71d37f213b88ebd36f27ec92c961fbb24794a29800e2b80408ae8ed156f10c1186cada698871d9dc455a117f6d658746a324e3ba52ded6adabf8bc6e5d69fa6b28f5adb4e2dc6ba8c9add768aab53f3c506cafd8bf62bedf6b1e2ab6575bffe89d28b63f554af67aa7a78acd9b1fefcdd22fdaedcea34126ddacfda620200038aadd2b219cd44ed4107a15a5a8b85257b2904a6307f35ddeab963b9cf7869dca55a7be0336136f8bee8ec11bdbe382a8ec658608873b9051ec9dd91d4ac862e49bd24091084acb3a01824ac88e085778526820bd0fd755f21de6dd69cb681ed4a6267bf9780ee3ef61ef8ebf7157c914c7ddd35d4866f516faee24536f344f1aa727b5cae4d5db8181af5ea72f97c580ac752474c79d4affa4913e77b10071ad08720b264ed129eab9476424bfe71f967166b7724e4fe3b35b3cc8752597e8b4c055e3b0c7e886dad98045a71ec78f370f01829322f170d5c469d1d109784b26e5597853213ce6647fa021f768f4d85990f9e79587e7f2c9bfa442e25f57a7fb0191f8f46b70b46978be5f782f785238831489b00871d3f302d7d2e5ce1d6e3d3ed85c0fcf1c97dfc928381d631304fc710ef7c1a24f01c02d7385efe8ec1d92713c8b396e2493e0dba6ade521b95aeb022e89d17ce6ea0eb7bde07cd0f0b44e3c8b7326c4cc6415884bcd578feb2e1ec859f5f1a85a6bff7737f11322bfd3271aa0a03d059f96b805f51e7caaeb1e3927daf776a57974785a6b56eadad7a0833b0754c39ccf5fbe2ee1b2ae4317f66b7840f81d1e58facc262ebe12034100d82bb3f01c47cb35e5abd5be7c390e64913e1e34714829b2cd756a994207d3fe174396f145466a5d857740b8ede95438867cd3f03eecf12eec8807a7ad2c452b69fe05e9fcba3aac24d65774dce9abebb14520e0cc01a6ade80715824a7b83ebcebe7c08bc51ab1de043562739bf26111bb9cbb32bcfaad18fba54c3dfb0f90fe6f97741</marked_file>
      <paragraph_indexes count="259">88 124 522 598 798 888 991 1037 1046 1165 1335 1414 1713 1743 1775 1816 1848 1878 1910 1948 1980 2018 2793 2841 2850 2917 2926 2988 2997 3056 3065 3124 3135 3202 3207 3263 3272 3339 3348 3427 3436 3516 3525 3604 3624 3672 3681 3759 3768 3841 3850 3921 3930 4004 4013 4076 4096 4150 4159 4233 4337 4419 4437 4622 4631 4651 4984 5135 5349 5375 5385 5525 5666 5694 5744 5771 5821 5848 5898 5925 6039 6068 6106 6133 6171 6198 6236 6263 6377 6404 6442 6469 6507 6534 6572 6599 6713 6740 6778 6805 6843 6870 6908 6935 7049 7076 7114 7141 7179 7204 7242 7269 7383 7410 7448 7475 7513 7540 7693 7720 7758 7791 7829 7856 7989 8744 8842 8890 8899 8976 8990 9062 9095 9143 9152 9218 9232 9454 9487 9533 9542 9620 9653 9699 9708 9822 9836 9894 9927 9973 9982 10124 10157 10203 10212 10277 10291 10368 10382 10423 10456 10502 10511 10599 10613 10691 10724 10770 10779 10860 10874 10929 10962 11013 11022 11098 11131 11177 11186 11251 11284 11330 11339 11403 11436 11480 11489 11555 11588 11634 11643 11706 11720 11781 11814 11858 11867 12009 12042 12088 12097 12180 12213 12259 12268 12384 12417 12469 12478 12561 12594 12640 12649 12707 12740 12786 12795 12860 12893 12952 12961 13030 13063 13109 13118 13196 13229 13275 13284 13412 13445 13491 13500 13577 13610 13656 13665 13752 13785 13831 13840 13965 13998 14044 14053 14117 14150 14196 14205 14320 14442 14554 14587 14645 14734 14769 14800 14836 14867 14905 14936 14971 15002 15037 15068 15113 15144 15188 15219 15253 15284 15326 15357 15392 15423 15464 15495 15535 15566 15611 15642 15683 15714 15754 15785 15825 15856 15896 15927 15967 15998 16040 16071 16114 16145 16191 16222 16263 16294 16335 16366 16407 16438 16457 16492 16578 16667 16708 16739 16776 16807 16844 16875 16912 16943 16978 17009 17022 17057 17145 17234 17249 17284 17376 17465 17481 17516 17600 17689 17708 17743 17827 17916 17956 17987 18028 18059 18100 18131 18150 18185 18273 18362 18375 18410 18496 18585 18618 18649 18681 18712 18744 18775 18807 18838 18870 18901 18940 18971 19011 19042 19083 19114 19155 19186 19221 19252 19287 19318 19352 19383 19417 19448 19483 19514 19549 19580 19615 19646 19681 19712 19747 19778 19813 19844 19879 19910 19945 19976 20011 20042 20077 20108 20143 20174 20210 20241 20276 20307 20341 20372 20406 20437 20471 20502 20515 20550 20636 20725 20740 20775 20865 20954 20990 21021 21057 21088 21125 21156 21193 21224 21261 21292 21309 21344 21430 21519 21549 21580 21612 21643 21674 21705 21736 21767 21798 21829 21860 21891 21924 21955 21988 22019 22052 22083 22116 22147 22180 22211 22244 22275 22308 22339 22372 22403 22435 22466 22498 22529 22539 22574 22664 22753 22787 22818 22853 22884 22919 22950 22981 23012 23044 23075 23085 23120 23214 23303 23316 23351 23439 23528 23563 23594 23608 23643 23729 23818 23853 23884 23919 23950 23985 24016 24036 24071 24159 24248 24262 24297 24383 24472 24504 24535 24544 24579 24665 24754 24773 24808 24892 24959 25006 25441 25866 26042 26213 26222 26331 </paragraph_indexes>
      <support_files>
        <file type="todo">images/bluebottom.gif</file>
        <file type="todo">images/bluetop.gif</file>
        <file type="todo">images/bookmark_us.png</file>
        <file type="todo">images/bottomwhite.gif</file>
        <file type="todo">images/bottomwhite2.gif</file>
        <file type="todo">images/here.gif</file>
        <file type="todo">images/menutabA1.gif</file>
        <file type="todo">images/menutabB1.gif</file>
        <file type="todo">images/photobackup/1bckgrnd.gif</file>
        <file type="todo">images/photobackup/2bckgrnd.gif</file>
        <file type="todo">images/photobackup/3bckgrnd.gif</file>
        <file type="todo">images/small_web.gif</file>
        <file type="todo">images/topline1.gif</file>
        <file type="todo">images/topline2.gif</file>
        <file type="todo">images/topline2WB.gif</file>
        <file type="todo">images/toplineL.gif</file>
        <file type="todo">images/toplineLW.gif</file>
        <file type="todo">images/toplineR.gif</file>
        <file type="todo">images/topwhite2.gif</file>
        <file type="todo">styles.css</file>
      </support_files>
    </extractor><translation>
      <languages>
        <language reviewed="False">Spanish</language>
        <language reviewed="False">German</language>
      </languages><sentences count="259">
        <ta_sentence do_translation="yes" encoding="utf-8" format="1" id="698" original_language="English" type="title">
          <space_before />
          <space_after />
          <text_data language="German">
            <text from_TM="False" rev_id="13" status="New" time="1222355938">Supported photo types</text>
          </text_data><text_data language="Spanish">
            <text from_TM="False" rev_id="11" status="Complete" time="1222354203">Spanish : photo types</text>
          </text_data><text_data language="English">
            <text from_TM="False" rev_id="11" status="Complete" time="1222354203">Supported photo types</text>
          </text_data>
        </ta_sentence><ta_sentence do_translation="yes" encoding="utf-8" format="1" id="699" original_language="English">
          <space_before />
          <space_after />
          <text_data language="German">
            <text from_TM="False" rev_id="13" status="New" time="1222355938">OnTheGoSoft</text>
            <marker end="11" id="0" start="0" />
          </text_data><text_data language="Spanish">
            <text from_TM="False" rev_id="11" status="Complete" time="1222354203">Spanish : t</text>
            <marker end="11" id="0" start="0" />
          </text_data><text_data language="English">
            <text from_TM="False" rev_id="11" status="Complete" time="1222354203">OnTheGoSoft</text>
            <marker end="11" id="0" start="0" />
          </text_data><marker_def id="0" type="html">
            <html_marker tag="img">
              <attr name="src" val="images/bluetop.gif" />
              <attr name="alt" val="OnTheGoSoft" />
              <attr name="width" val="760" />
              <attr name="height" val="5" />
            </html_marker>
          </marker_def>
        </ta_sentence><ta_sentence do_translation="yes" encoding="utf-8" format="1" id="700" original_language="English">
          <space_before />
          <space_after />
          <text_data language="German">
            <text from_TM="False" rev_id="13" status="New" time="1222355938">OnTheGoSoft</text>
            <marker end="11" id="0" start="0" />
          </text_data><text_data language="Spanish">
            <text from_TM="False" rev_id="11" status="Complete" time="1222354203">Spanish : t</text>
            <marker end="11" id="0" start="0" />
          </text_data><text_data language="English">
            <text from_TM="False" rev_id="11" status="Complete" time="1222354203">OnTheGoSoft</text>
            <marker end="11" id="0" start="0" />
          </text_data><marker_def id="0" type="html">
            <html_marker tag="img">
              <attr name="border" val="0" />
              <attr name="src" val="images/small_web.gif" />
              <attr name="alt" val="OnTheGoSoft" />
              <attr name="width" val="160" />
              <attr name="height" val="62" />
            </html_marker>
          </marker_def>
        </ta_sentence><ta_sentence do_translation="yes" encoding="utf-8" format="1" id="701" original_language="English">
          <space_before />
          <space_after />
          <text_data language="German">
            <text from_TM="False" rev_id="13" status="New" time="1222355938">Photo Backup</text>
            <marker end="12" id="0" start="0" />
          </text_data><text_data language="Spanish">
            <text from_TM="False" rev_id="11" status="Complete" time="1222354203">Spanish : up</text>
            <marker end="12" id="0" start="0" />
          </text_data><text_data language="English">
            <text from_TM="False" rev_id="11" status="Complete" time="1222354203">Photo Backup</text>
            <marker end="12" id="0" start="0" />
          </text_data><marker_def id="0" type="html">
            <html_marker tag="span">
              <attr name="class" val="TextTop" />
            </html_marker>
          </marker_def>
        </ta_sentence><ta_sentence do_translation="yes" encoding="utf-8" format="1" id="702" original_language="English">
          <space_before> </space_before>
          <space_after />
          <text_data language="German">
            <text from_TM="False" rev_id="13" status="New" time="1222355938">Professional Digital Photo Backup Program for Windows</text>
            <marker end="53" id="0" start="0" />
          </text_data><text_data language="Spanish">
            <text from_TM="False" rev_id="11" status="Complete" time="1222354203">Spanish : al Digital Photo Backup Program for Windows</text>
            <marker end="53" id="0" start="0" />
          </text_data><text_data language="English">
            <text from_TM="False" rev_id="11" status="Complete" time="1222354203">Professional Digital Photo Backup Program for Windows</text>
            <marker end="53" id="0" start="0" />
          </text_data><marker_def id="0" type="html">
            <html_marker tag="span">
              <attr name="class" val="tagline" />
            </html_marker>
          </marker_def>
        </ta_sentence><ta_sentence do_translation="yes" encoding="utf-8" format="1" id="703" original_language="English">
          <space_before />
          <space_after />
          <text_data language="German">
            <text from_TM="False" rev_id="13" status="New" time="1222355938">OnTheGoSoft</text>
            <marker end="11" id="0" start="0" />
          </text_data><text_data language="Spanish">
            <text from_TM="False" rev_id="11" status="Complete" time="1222354203">Spanish : t</text>
            <marker end="11" id="0" start="0" />
          </text_data><text_data language="English">
            <text from_TM="False" rev_id="11" status="Complete" time="1222354203">OnTheGoSoft</text>
            <marker end="11" id="0" start="0" />
          </text_data><marker_def id="0" type="html">
            <html_marker tag="img">
              <attr name="src" val="images/bluebottom.gif" />
              <attr name="alt" val="OnTheGoSoft" />
              <attr name="width" val="760" />
              <attr name="height" val="5" />
            </html_marker>
          </marker_def>
        </ta_sentence><ta_sentence do_translation="yes" encoding="utf-8" format="1" id="704" original_language="English">
          <space_before />
          <space_after />
          <text_data language="German">
            <text from_TM="False" rev_id="13" status="New" time="1222355938">Products</text>
            <marker end="8" id="0" start="0" />
          </text_data><text_data language="Spanish">
            <text from_TM="False" rev_id="11" status="Complete" time="1222354203">Spanish : </text>
            <marker end="8" id="0" start="0" />
          </text_data><text_data language="English">
            <text from_TM="False" rev_id="11" status="Complete" time="1222354203">Products</text>
            <marker end="8" id="0" start="0" />
          </text_data><marker_def id="0" type="html">
            <html_marker tag="a">
              <attr name="href" val="./" />
            </html_marker>
          </marker_def>
        </ta_sentence><ta_sentence do_translation="yes" encoding="utf-8" format="1" id="705" original_language="English">
          <space_before />
          <space_after />
          <text_data language="German">
            <text from_TM="False" rev_id="13" status="New" time="1222355938">Downloads</text>
            <marker end="9" id="0" start="0" />
          </text_data><text_data language="Spanish">
            <text from_TM="False" rev_id="11" status="Complete" time="1222354203">Spanish : </text>
            <marker end="9" id="0" start="0" />
          </text_data><text_data language="English">
            <text from_TM="False" rev_id="11" status="Complete" time="1222354203">Downloads</text>
            <marker end="9" id="0" start="0" />
          </text_data><marker_def id="0" type="html">
            <html_marker tag="a">
              <attr name="href" val="download.htm" />
            </html_marker>
          </marker_def>
        </ta_sentence><ta_sentence do_translation="yes" encoding="utf-8" format="1" id="706" original_language="English">
          <space_before />
          <space_after />
          <text_data language="German">
            <text from_TM="False" rev_id="13" status="New" time="1222355938">Buy</text>
            <marker end="3" id="0" start="0" />
          </text_data><text_data language="Spanish">
            <text from_TM="False" rev_id="11" status="Complete" time="1222354203">Spanish : </text>
            <marker end="3" id="0" start="0" />
          </text_data><text_data language="English">
            <text from_TM="False" rev_id="11" status="Complete" time="1222354203">Buy</text>
            <marker end="3" id="0" start="0" />
          </text_data><marker_def id="0" type="html">
            <html_marker tag="a">
              <attr name="href" val="buy.htm" />
            </html_marker>
          </marker_def>
        </ta_sentence><ta_sentence do_translation="yes" encoding="utf-8" format="1" id="707" original_language="English">
          <space_before />
          <space_after />
          <text_data language="German">
            <text from_TM="False" rev_id="13" status="New" time="1222355938">Contact</text>
            <marker end="7" id="0" start="0" />
          </text_data><text_data language="Spanish">
            <text from_TM="False" rev_id="11" status="Complete" time="1222354203">Spanish : </text>
            <marker end="7" id="0" start="0" />
          </text_data><text_data language="English">
            <text from_TM="False" rev_id="11" status="Complete" time="1222354203">Contact</text>
            <marker end="7" id="0" start="0" />
          </text_data><marker_def id="0" type="html">
            <html_marker tag="a">
              <attr name="href" val="contact.htm" />
            </html_marker>
          </marker_def>
        </ta_sentence><ta_sentence do_translation="yes" encoding="utf-8" format="1" id="708" original_language="English">
          <space_before />
          <space_after />
          <text_data language="German">
            <text from_TM="False" rev_id="13" status="New" time="1222355938">Support</text>
            <marker end="7" id="0" start="0" />
          </text_data><text_data language="Spanish">
            <text from_TM="False" rev_id="11" status="Complete" time="1222354203">Spanish : </text>
            <marker end="7" id="0" start="0" />
          </text_data><text_data language="English">
            <text from_TM="False" rev_id="11" status="Complete" time="1222354203">Support</text>
            <marker end="7" id="0" start="0" />
          </text_data><marker_def id="0" type="html">
            <html_marker tag="a">
              <attr name="href" val="support.htm" />
            </html_marker>
          </marker_def>
        </ta_sentence><ta_sentence do_translation="yes" encoding="utf-8" format="1" id="709" original_language="English">
          <space_before />
          <space_after />
          <text_data language="German">
            <text from_TM="False" rev_id="13" status="New" time="1222355938">Product info</text>
            <marker end="12" id="0" start="0" />
          </text_data><text_data language="Spanish">
            <text from_TM="False" rev_id="11" status="Complete" time="1222354203">Spanish : fo</text>
            <marker end="12" id="0" start="0" />
          </text_data><text_data language="English">
            <text from_TM="False" rev_id="11" status="Complete" time="1222354203">Product info</text>
            <marker end="12" id="0" start="0" />
          </text_data><marker_def id="0" type="html">
            <html_marker tag="span">
              <attr name="class" val="Text-Bold" />
            </html_marker>
          </marker_def>
        </ta_sentence><ta_sentence do_translation="yes" encoding="utf-8" format="1" id="710" original_language="English">
          <space_before> </space_before>
          <space_after />
          <text_data language="German">
            <text from_TM="False" rev_id="13" status="New" time="1222355938">Photo Backup</text>
            <marker end="12" id="0" start="0" />
          </text_data><text_data language="Spanish">
            <text from_TM="False" rev_id="11" status="Complete" time="1222354203">Spanish : up</text>
            <marker end="12" id="0" start="0" />
          </text_data><text_data language="English">
            <text from_TM="False" rev_id="11" status="Complete" time="1222354203">Photo Backup</text>
            <marker end="12" id="0" start="0" />
          </text_data><marker_def id="0" type="html">
            <html_marker tag="a">
              <attr name="href" val="photo_backup.htm" />
              <attr name="class" val="Text-Nav" />
            </html_marker>
          </marker_def>
        </ta_sentence><ta_sentence do_translation="yes" encoding="utf-8" format="1" id="711" original_language="English">
          <space_before> </space_before>
          <space_after />
          <text_data language="German">
            <text from_TM="False" rev_id="13" status="New" time="1222355938">Download</text>
            <marker end="8" id="0" start="0" />
          </text_data><text_data language="Spanish">
            <text from_TM="False" rev_id="11" status="Complete" time="1222354203">Spanish : </text>
            <marker end="8" id="0" start="0" />
          </text_data><text_data language="English">
            <text from_TM="False" rev_id="11" status="Complete" time="1222354203">Download</text>
            <marker end="8" id="0" start="0" />
          </text_data><marker_def id="0" type="html">
            <html_marker tag="a">
              <attr name="href" val="pb_download.htm" />
              <attr name="class" val="Text-Nav" />
            </html_marker>
          </marker_def>
        </ta_sentence><ta_sentence do_translation="yes" encoding="utf-8" format="1" id="712" original_language="English">
          <space_before> </space_before>
          <space_after />
          <text_data language="German">
            <text from_TM="False" rev_id="13" status="New" time="1222355938">Overview</text>
            <marker end="8" id="0" start="0" />
          </text_data><text_data language="Spanish">
            <text from_TM="False" rev_id="11" status="Complete" time="1222354203">Spanish : </text>
            <marker end="8" id="0" start="0" />
          </text_data><text_data language="English">
            <text from_TM="False" rev_id="11" status="Complete" time="1222354203">Overview</text>
            <marker end="8" id="0" start="0" />
          </text_data><marker_def id="0" type="html">
            <html_marker tag="a">
              <attr name="href" val="overview.htm" />
              <attr name="class" val="Text-Nav" />
            </html_marker>
          </marker_def>
        </ta_sentence><ta_sentence do_translation="yes" encoding="utf-8" format="1" id="713" original_language="English">
          <space_before> </space_before>
          <space_after />
          <text_data language="German">
            <text from_TM="False" rev_id="13" status="New" time="1222355938">Features</text>
            <marker end="8" id="0" start="0" />
          </text_data><text_data language="Spanish">
            <text from_TM="False" rev_id="11" status="Complete" time="1222354203">Spanish : </text>
            <marker end="8" id="0" start="0" />
          </text_data><text_data language="English">
            <text from_TM="False" rev_id="11" status="Complete" time="1222354203">Features</text>
            <marker end="8" id="0" start="0" />
          </text_data><marker_def id="0" type="html">
            <html_marker tag="a">
              <attr name="href" val="benefits.htm" />
              <attr name="class" val="Text-Nav" />
            </html_marker>
          </marker_def>
        </ta_sentence><ta_sentence do_translation="yes" encoding="utf-8" format="1" id="714" original_language="English">
          <space_before />
          <space_after />
          <text_data language="German">
            <text from_TM="False" rev_id="13" status="New" time="1222355938">You are here</text>
            <marker end="12" id="0" start="0" />
          </text_data><text_data language="Spanish">
            <text from_TM="False" rev_id="11" status="Complete" time="1222354203">Spanish : re</text>
            <marker end="12" id="0" start="0" />
          </text_data><text_data language="English">
            <text from_TM="False" rev_id="11" status="Complete" time="1222354203">You are here</text>
            <marker end="12" id="0" start="0" />
          </text_data><marker_def id="0" type="html">
            <html_marker tag="img">
              <attr name="src" val="images/here.gif" />
              <attr name="alt" val="You are here" />
              <attr name="class" val="hereimg" />
            </html_marker>
          </marker_def>
        </ta_sentence><ta_sentence do_translation="yes" encoding="utf-8" format="1" id="715" original_language="English">
          <space_before />
          <space_after />
          <text_data language="German">
            <text from_TM="False" rev_id="13" status="New" time="1222355938">Supported Formats</text>
            <marker end="17" id="0" start="0" />
          </text_data><text_data language="Spanish">
            <text from_TM="False" rev_id="11" status="Complete" time="1222354203">Spanish : Formats</text>
            <marker end="17" id="0" start="0" />
          </text_data><text_data language="English">
            <text from_TM="False" rev_id="11" status="Complete" time="1222354203">Supported Formats</text>
            <marker end="17" id="0" start="0" />
          </text_data><marker_def id="0" type="html">
            <html_marker tag="span">
              <attr name="class" val="leftselected" />
            </html_marker>
          </marker_def>
        </ta_sentence><ta_sentence do_translation="yes" encoding="utf-8" format="1" id="716" original_language="English">
          <space_before> </space_before>
          <space_after />
          <text_data language="German">
            <text from_TM="False" rev_id="13" status="New" time="1222355938">Versions History</text>
            <marker end="16" id="0" start="0" />
          </text_data><text_data language="Spanish">
            <text from_TM="False" rev_id="11" status="Complete" time="1222354203">Spanish : istory</text>
            <marker end="16" id="0" start="0" />
          </text_data><text_data language="English">
            <text from_TM="False" rev_id="11" status="Complete" time="1222354203">Versions History</text>
            <marker end="16" id="0" start="0" />
          </text_data><marker_def id="0" type="html">
            <html_marker tag="a">
              <attr name="href" val="versions.htm" />
              <attr name="class" val="Text-Nav" />
            </html_marker>
          </marker_def>
        </ta_sentence><ta_sentence do_translation="yes" encoding="utf-8" format="1" id="717" original_language="English">
          <space_before> </space_before>
          <space_after />
          <text_data language="German">
            <text from_TM="False" rev_id="13" status="New" time="1222355938">About Photo Backup LE</text>
            <marker end="21" id="0" start="0" />
          </text_data><text_data language="Spanish">
            <text from_TM="False" rev_id="11" status="Complete" time="1222354203">Spanish : o Backup LE</text>
            <marker end="21" id="0" start="0" />
          </text_data><text_data language="English">
            <text from_TM="False" rev_id="11" status="Complete" time="1222354203">About Photo Backup LE</text>
            <marker end="21" id="0" start="0" />
          </text_data><marker_def id="0" type="html">
            <html_marker tag="a">
              <attr name="href" val="photo_backup_le.htm" />
              <attr name="class" val="Text-Nav" />
            </html_marker>
          </marker_def>
        </ta_sentence><ta_sentence do_translation="yes" encoding="utf-8" format="1" id="718" original_language="English">
          <space_before> </space_before>
          <space_after />
          <text_data language="German">
            <text from_TM="False" rev_id="13" status="New" time="1222355938">Online Manual</text>
            <marker end="13" id="0" start="0" />
          </text_data><text_data language="Spanish">
            <text from_TM="False" rev_id="11" status="Complete" time="1222354203">Spanish : ual</text>
            <marker end="13" id="0" start="0" />
          </text_data><text_data language="English">
            <text from_TM="False" rev_id="11" status="Complete" time="1222354203">Online Manual</text>
            <marker end="13" id="0" start="0" />
          </text_data><marker_def id="0" type="html">
            <html_marker tag="a">
              <attr name="href" val="photo_backup_help/index.html" />
              <attr name="class" val="Text-Nav" />
            </html_marker>
          </marker_def>
        </ta_sentence><ta_sentence do_translation="yes" encoding="utf-8" format="1" id="719" original_language="English">
          <space_before> </space_before>
          <space_after />
          <text_data language="German">
            <text from_TM="False" rev_id="13" status="New" time="1222355938">News and Announcements</text>
            <marker end="22" id="0" start="0" />
          </text_data><text_data language="Spanish">
            <text from_TM="False" rev_id="11" status="Complete" time="1222354203">Spanish : nnouncements</text>
            <marker end="22" id="0" start="0" />
          </text_data><text_data language="English">
            <text from_TM="False" rev_id="11" status="Complete" time="1222354203">News and Announcements</text>
            <marker end="22" id="0" start="0" />
          </text_data><marker_def id="0" type="html">
            <html_marker tag="a">
              <attr name="href" val="/blog/?sectionid=5" />
              <attr name="class" val="Text-Nav" />
            </html_marker>
          </marker_def>
        </ta_sentence><ta_sentence do_translation="yes" encoding="utf-8" format="1" id="720" original_language="English">
          <space_before />
          <space_after />
          <text_data language="German">
            <text from_TM="False" rev_id="13" status="New" time="1222355938">Typical uses</text>
            <marker end="12" id="0" start="0" />
          </text_data><text_data language="Spanish">
            <text from_TM="False" rev_id="11" status="Complete" time="1222354203">Spanish : es</text>
            <marker end="12" id="0" start="0" />
          </text_data><text_data language="English">
            <text from_TM="False" rev_id="11" status="Complete" time="1222354203">Typical uses</text>
            <marker end="12" id="0" start="0" />
          </text_data><marker_def id="0" type="html">
            <html_marker tag="span">
              <attr name="class" val="Text-Bold" />
            </html_marker>
          </marker_def>
        </ta_sentence><ta_sentence do_translation="yes" encoding="utf-8" format="1" id="721" original_language="English">
          <space_before> </space_before>
          <space_after />
          <text_data language="German">
            <text from_TM="False" rev_id="13" status="New" time="1222355938">Archive Digital Photos</text>
            <marker end="22" id="0" start="0" />
          </text_data><text_data language="Spanish">
            <text from_TM="False" rev_id="11" status="Complete" time="1222354203">Spanish : gital Photos</text>
            <marker end="22" id="0" start="0" />
          </text_data><text_data language="English">
            <text from_TM="False" rev_id="11" status="Complete" time="1222354203">Archive Digital Photos</text>
            <marker end="22" id="0" start="0" />
          </text_data><marker_def id="0" type="html">
            <html_marker tag="a">
              <attr name="href" val="backup_photos.htm" />
              <attr name="class" val="Text-Nav" />
            </html_marker>
          </marker_def>
        </ta_sentence><ta_sentence do_translation="yes" encoding="utf-8" format="1" id="722" original_language="English">
          <space_before> </space_before>
          <space_after />
          <text_data language="German">
            <text from_TM="False" rev_id="13" status="New" time="1222355938">Photo Organizer</text>
            <marker end="15" id="0" start="0" />
          </text_data><text_data language="Spanish">
            <text from_TM="False" rev_id="11" status="Complete" time="1222354203">Spanish : nizer</text>
            <marker end="15" id="0" start="0" />
          </text_data><text_data language="English">
            <text from_TM="False" rev_id="11" status="Complete" time="1222354203">Photo Organizer</text>
            <marker end="15" id="0" start="0" />
          </text_data><marker_def id="0" type="html">
            <html_marker tag="a">
              <attr name="href" val="organize_photos.htm" />
              <attr name="class" val="Text-Nav" />
            </html_marker>
          </marker_def>
        </ta_sentence><ta_sentence do_translation="yes" encoding="utf-8" format="1" id="723" original_language="English">
          <space_before> </space_before>
          <space_after />
          <text_data language="German">
            <text from_TM="False" rev_id="13" status="New" time="1222355938">Backup Audio CDs</text>
            <marker end="16" id="0" start="0" />
          </text_data><text_data language="Spanish">
            <text from_TM="False" rev_id="11" status="Complete" time="1222354203">Spanish : io CDs</text>
            <marker end="16" id="0" start="0" />
          </text_data><text_data language="English">
            <text from_TM="False" rev_id="11" status="Complete" time="1222354203">Backup Audio CDs</text>
            <marker end="16" id="0" start="0" />
          </text_data><marker_def id="0" type="html">
            <html_marker tag="a">
              <attr name="href" val="backup_audio.htm" />
              <attr name="class" val="Text-Nav" />
            </html_marker>
          </marker_def>
        </ta_sentence><ta_sentence do_translation="yes" encoding="utf-8" format="1" id="724" original_language="English">
          <space_before> </space_before>
          <space_after />
          <text_data language="German">
            <text from_TM="False" rev_id="13" status="New" time="1222355938">Index Existing Backup</text>
            <marker end="21" id="0" start="0" />
          </text_data><text_data language="Spanish">
            <text from_TM="False" rev_id="11" status="Complete" time="1222354203">Spanish : ting Backup</text>
            <marker end="21" id="0" start="0" />
          </text_data><text_data language="English">
            <text from_TM="False" rev_id="11" status="Complete" time="1222354203">Index Existing Backup</text>
            <marker end="21" id="0" start="0" />
          </text_data><marker_def id="0" type="html">
            <html_marker tag="a">
              <attr name="href" val="make_index.htm" />
              <attr name="class" val="Text-Nav" />
            </html_marker>
          </marker_def>
        </ta_sentence><ta_sentence do_translation="yes" encoding="utf-8" format="1" id="725" original_language="English">
          <space_before> </space_before>
          <space_after />
          <text_data language="German">
            <text from_TM="False" rev_id="13" status="New" time="1222355938">CD Burning</text>
            <marker end="10" id="0" start="0" />
          </text_data><text_data language="Spanish">
            <text from_TM="False" rev_id="11" status="Complete" time="1222354203">Spanish : </text>
            <marker end="10" id="0" start="0" />
          </text_data><text_data language="English">
            <text from_TM="False" rev_id="11" status="Complete" time="1222354203">CD Burning</text>
            <marker end="10" id="0" start="0" />
          </text_data><marker_def id="0" type="html">
            <html_marker tag="a">
              <attr name="href" val="cd_burning.htm" />
              <attr name="class" val="Text-Nav" />
            </html_marker>
          </marker_def>
        </ta_sentence><ta_sentence do_translation="yes" encoding="utf-8" format="1" id="726" original_language="English">
          <space_before />
          <space_after />
          <text_data language="German">
            <text from_TM="False" rev_id="13" status="New" time="1222355938">Useful information</text>
            <marker end="18" id="0" start="0" />
          </text_data><text_data language="Spanish">
            <text from_TM="False" rev_id="11" status="Complete" time="1222354203">Spanish : ormation</text>
            <marker end="18" id="0" start="0" />
          </text_data><text_data language="English">
            <text from_TM="False" rev_id="11" status="Complete" time="1222354203">Useful information</text>
            <marker end="18" id="0" start="0" />
          </text_data><marker_def id="0" type="html">
            <html_marker tag="span">
              <attr name="class" val="Text-Bold" />
            </html_marker>
          </marker_def>
        </ta_sentence><ta_sentence do_translation="yes" encoding="utf-8" format="1" id="727" original_language="English">
          <space_before> </space_before>
          <space_after />
          <text_data language="German">
            <text from_TM="False" rev_id="13" status="New" time="1222355938">Enabling DMA Mode</text>
            <marker end="17" id="0" start="0" />
          </text_data><text_data language="Spanish">
            <text from_TM="False" rev_id="11" status="Complete" time="1222354203">Spanish : MA Mode</text>
            <marker end="17" id="0" start="0" />
          </text_data><text_data language="English">
            <text from_TM="False" rev_id="11" status="Complete" time="1222354203">Enabling DMA Mode</text>
            <marker end="17" id="0" start="0" />
          </text_data><marker_def id="0" type="html">
            <html_marker tag="a">
              <attr name="href" val="dma_setting_nt.htm" />
              <attr name="class" val="Text-Nav" />
            </html_marker>
          </marker_def>
        </ta_sentence><ta_sentence do_translation="yes" encoding="utf-8" format="1" id="728" original_language="English">
          <space_before />
          <space_after />
          <text_data language="German">
            <text from_TM="False" rev_id="13" status="New" time="1222355938">Bookmark this page</text>
            <marker end="18" id="0" start="0" />
          </text_data><text_data language="Spanish">
            <text from_TM="False" rev_id="11" status="Complete" time="1222354203">Spanish : his page</text>
            <marker end="18" id="0" start="0" />
          </text_data><text_data language="English">
            <text from_TM="False" rev_id="11" status="Complete" time="1222354203">Bookmark this page</text>
            <marker end="18" id="0" start="0" />
          </text_data><marker_def id="0" type="html">
            <html_marker tag="img">
              <attr name="src" val="images/bookmark_us.png" />
              <attr name="alt" val="Bookmark this page" />
              <attr name="class" val="delicious" />
            </html_marker>
          </marker_def>
        </ta_sentence><ta_sentence do_translation="yes" encoding="utf-8" format="1" id="729" original_language="English">
          <space_before />
          <space_after />
          <text_data language="German">
            <text from_TM="False" rev_id="13" status="New" time="1222355938">Bookmark on</text>
            <marker end="-1" id="0" start="0" />
            <marker end="-1" id="0" start="0" />
          </text_data><text_data language="Spanish">
            <text from_TM="False" rev_id="11" status="Complete" time="1222354203">Spanish : n</text>
            <marker end="-1" id="0" start="0" />
            <marker end="-1" id="0" start="0" />
          </text_data><text_data language="English">
            <text from_TM="False" rev_id="11" status="Complete" time="1222354203">Bookmark on</text>
            <marker end="-1" id="0" start="0" />
            <marker end="-1" id="0" start="0" />
          </text_data><marker_def id="0" type="html">
            <html_marker tag="a">
              <attr name="rel" val="nofollow" />
              <attr name="href" val="http://del.icio.us/post?url=http%3A%2F%2Fwww.onthegosoft.com%2Fphoto_types.htm&amp;title=Supported+photo+types" />
              <attr name="target" val="_blank" />
              <attr name="class" val="Text-Nav" />
            </html_marker>
          </marker_def>
        </ta_sentence><ta_sentence do_translation="yes" encoding="utf-8" format="1" id="730" original_language="English">
          <space_before />
          <space_after />
          <text_data language="German">
            <text from_TM="False" rev_id="13" status="New" time="1222355938">del.icio.us</text>
            <marker end="11" id="-1" start="-1" />
          </text_data><text_data language="Spanish">
            <text from_TM="False" rev_id="11" status="Complete" time="1222354203">Spanish : s</text>
            <marker end="11" id="-1" start="-1" />
          </text_data><text_data language="English">
            <text from_TM="False" rev_id="11" status="Complete" time="1222354203">del.icio.us</text>
            <marker end="11" id="-1" start="-1" />
          </text_data><marker_def id="-1" type="html">
            <html_marker tag="a" />
          </marker_def>
        </ta_sentence><ta_sentence do_translation="yes" encoding="utf-8" format="1" id="731" original_language="English">
          <space_before />
          <space_after />
          <text_data language="German">
            <text from_TM="False" rev_id="13" status="New" time="1222355938">Home&#160;&gt;&#160;Photo Backup&#160;&gt;&#160;Supported Formats</text>
            <marker end="39" id="0" start="0" />
            <marker end="4" id="1" start="0" />
            <marker end="19" id="2" start="7" />
          </text_data><text_data language="Spanish">
            <text from_TM="False" rev_id="11" status="Complete" time="1222354203">Spanish : to Backup&#160;&gt;&#160;Supported Formats</text>
            <marker end="39" id="0" start="0" />
            <marker end="4" id="1" start="0" />
            <marker end="19" id="2" start="7" />
          </text_data><text_data language="English">
            <text from_TM="False" rev_id="11" status="Complete" time="1222354203">Home&#160;&gt;&#160;Photo Backup&#160;&gt;&#160;Supported Formats</text>
            <marker end="39" id="0" start="0" />
            <marker end="4" id="1" start="0" />
            <marker end="19" id="2" start="7" />
          </text_data><marker_def id="0" type="html">
            <html_marker tag="span">
              <attr name="class" val="Text-TopNav" />
            </html_marker>
          </marker_def><marker_def id="1" type="html">
            <html_marker tag="a">
              <attr name="href" val="./" />
            </html_marker>
          </marker_def><marker_def id="2" type="html">
            <html_marker tag="a">
              <attr name="href" val="photo_backup.htm" />
            </html_marker>
          </marker_def>
        </ta_sentence><ta_sentence do_translation="yes" encoding="utf-8" format="1" id="732" original_language="English">
          <space_before />
          <space_after />
          <text_data language="German">
            <text from_TM="False" rev_id="13" status="New" time="1222355938">Supported photo types</text>
          </text_data><text_data language="Spanish">
            <text from_TM="False" rev_id="11" status="Complete" time="1222354203">Spanish : photo types</text>
          </text_data><text_data language="English">
            <text from_TM="False" rev_id="11" status="Complete" time="1222354203">Supported photo types</text>
          </text_data>
        </ta_sentence><ta_sentence do_translation="yes" encoding="utf-8" format="1" id="733" original_language="English">
          <space_before> </space_before>
          <space_after> </space_after>
          <text_data language="German">
            <text from_TM="False" rev_id="13" status="New" time="1222355938">The following standard photo types are supported by Photo Backup.</text>
            <marker end="65" id="0" start="0" />
          </text_data><text_data language="Spanish">
            <text from_TM="False" rev_id="11" status="Complete" time="1222354203">Spanish : ing standard photo types are supported by Photo Backup.</text>
            <marker end="65" id="0" start="0" />
          </text_data><text_data language="English">
            <text from_TM="False" rev_id="11" status="Complete" time="1222354203">The following standard photo types are supported by Photo Backup.</text>
            <marker end="65" id="0" start="0" />
          </text_data><marker_def id="0" type="html">
            <html_marker tag="span">
              <attr name="class" val="Text-Bold" />
            </html_marker>
          </marker_def>
        </ta_sentence><ta_sentence do_translation="yes" encoding="utf-8" format="1" id="734" original_language="English">
          <space_before />
          <space_after />
          <text_data language="German">
            <text from_TM="False" rev_id="13" status="New" time="1222355938">JPG</text>
            <marker end="3" id="0" start="0" />
          </text_data><text_data language="Spanish">
            <text from_TM="False" rev_id="11" status="Complete" time="1222354203">Spanish : </text>
            <marker end="3" id="0" start="0" />
          </text_data><text_data language="English">
            <text from_TM="False" rev_id="11" status="Complete" time="1222354203">JPG</text>
            <marker end="3" id="0" start="0" />
          </text_data><marker_def id="0" type="html">
            <html_marker tag="a">
              <attr name="href" val="#jpeg" />
            </html_marker>
          </marker_def>
        </ta_sentence><ta_sentence do_translation="yes" encoding="utf-8" format="1" id="735" original_language="English">
          <space_before />
          <space_after />
          <text_data language="German">
            <text from_TM="False" rev_id="13" status="New" time="1222355938">BMP</text>
            <marker end="3" id="0" start="0" />
          </text_data><text_data language="Spanish">
            <text from_TM="False" rev_id="11" status="Complete" time="1222354203">Spanish : </text>
            <marker end="3" id="0" start="0" />
          </text_data><text_data language="English">
            <text from_TM="False" rev_id="11" status="Complete" time="1222354203">BMP</text>
            <marker end="3" id="0" start="0" />
          </text_data><marker_def id="0" type="html">
            <html_marker tag="a">
              <attr name="href" val="#bmp" />
            </html_marker>
          </marker_def>
        </ta_sentence><ta_sentence do_translation="yes" encoding="utf-8" format="1" id="736" original_language="English">
          <space_before />
          <space_after />
          <text_data language="German">
            <text from_TM="False" rev_id="13" status="New" time="1222355938">FLI</text>
            <marker end="3" id="0" start="0" />
          </text_data><text_data language="Spanish">
            <text from_TM="False" rev_id="11" status="Complete" time="1222354203">Spanish : </text>
            <marker end="3" id="0" start="0" />
          </text_data><text_data language="English">
            <text from_TM="False" rev_id="11" status="Complete" time="1222354203">FLI</text>
            <marker end="3" id="0" start="0" />
          </text_data><marker_def id="0" type="html">
            <html_marker tag="a">
              <attr name="href" val="#fli" />
            </html_marker>
          </marker_def>
        </ta_sentence><ta_sentence do_translation="yes" encoding="utf-8" format="1" id="737" original_language="English">
          <space_before />
          <space_after />
          <text_data language="German">
            <text from_TM="False" rev_id="13" status="New" time="1222355938">SUN</text>
            <marker end="3" id="0" start="0" />
          </text_data><text_data language="Spanish">
            <text from_TM="False" rev_id="11" status="Complete" time="1222354203">Spanish : </text>
            <marker end="3" id="0" start="0" />
          </text_data><text_data language="English">
            <text from_TM="False" rev_id="11" status="Complete" time="1222354203">SUN</text>
            <marker end="3" id="0" start="0" />
          </text_data><marker_def id="0" type="html">
            <html_marker tag="a">
              <attr name="href" val="#sun" />
            </html_marker>
          </marker_def>
        </ta_sentence><ta_sentence do_translation="yes" encoding="utf-8" format="1" id="738" original_language="English">
          <space_before />
          <space_after />
          <text_data language="German">
            <text from_TM="False" rev_id="13" status="New" time="1222355938">TIFF</text>
            <marker end="4" id="0" start="0" />
          </text_data><text_data language="Spanish">
            <text from_TM="False" rev_id="11" status="Complete" time="1222354203">Spanish : </text>
            <marker end="4" id="0" start="0" />
          </text_data><text_data language="English">
            <text from_TM="False" rev_id="11" status="Complete" time="1222354203">TIFF</text>
            <marker end="4" id="0" start="0" />
          </text_data><marker_def id="0" type="html">
            <html_marker tag="a">
              <attr name="href" val="#tiff" />
            </html_marker>
          </marker_def>
        </ta_sentence><ta_sentence do_translation="yes" encoding="utf-8" format="1" id="739" original_language="English">
          <space_before />
          <space_after />
          <text_data language="German">
            <text from_TM="False" rev_id="13" status="New" time="1222355938">CUR</text>
            <marker end="3" id="0" start="0" />
          </text_data><text_data language="Spanish">
            <text from_TM="False" rev_id="11" status="Complete" time="1222354203">Spanish : </text>
            <marker end="3" id="0" start="0" />
          </text_data><text_data language="English">
            <text from_TM="False" rev_id="11" status="Complete" time="1222354203">CUR</text>
            <marker end="3" id="0" start="0" />
          </text_data><marker_def id="0" type="html">
            <html_marker tag="a">
              <attr name="href" val="#cur" />
            </html_marker>
          </marker_def>
        </ta_sentence><ta_sentence do_translation="yes" encoding="utf-8" format="1" id="740" original_language="English">
          <space_before />
          <space_after />
          <text_data language="German">
            <text from_TM="False" rev_id="13" status="New" time="1222355938">FLC</text>
            <marker end="3" id="0" start="0" />
          </text_data><text_data language="Spanish">
            <text from_TM="False" rev_id="11" status="Complete" time="1222354203">Spanish : </text>
            <marker end="3" id="0" start="0" />
          </text_data><text_data language="English">
            <text from_TM="False" rev_id="11" status="Complete" time="1222354203">FLC</text>
            <marker end="3" id="0" start="0" />
          </text_data><marker_def id="0" type="html">
            <html_marker tag="a">
              <attr name="href" val="#fli" />
            </html_marker>
          </marker_def>
        </ta_sentence><ta_sentence do_translation="yes" encoding="utf-8" format="1" id="741" original_language="English">
          <space_before />
          <space_after />
          <text_data language="German">
            <text from_TM="False" rev_id="13" status="New" time="1222355938">SGI</text>
            <marker end="3" id="0" start="0" />
          </text_data><text_data language="Spanish">
            <text from_TM="False" rev_id="11" status="Complete" time="1222354203">Spanish : </text>
            <marker end="3" id="0" start="0" />
          </text_data><text_data language="English">
            <text from_TM="False" rev_id="11" status="Complete" time="1222354203">SGI</text>
            <marker end="3" id="0" start="0" />
          </text_data><marker_def id="0" type="html">
            <html_marker tag="a">
              <attr name="href" val="#sgi" />
            </html_marker>
          </marker_def>
        </ta_sentence><ta_sentence do_translation="yes" encoding="utf-8" format="1" id="742" original_language="English">
          <space_before />
          <space_after />
          <text_data language="German">
            <text from_TM="False" rev_id="13" status="New" time="1222355938">PNG</text>
            <marker end="3" id="0" start="0" />
          </text_data><text_data language="Spanish">
            <text from_TM="False" rev_id="11" status="Complete" time="1222354203">Spanish : </text>
            <marker end="3" id="0" start="0" />
          </text_data><text_data language="English">
            <text from_TM="False" rev_id="11" status="Complete" time="1222354203">PNG</text>
            <marker end="3" id="0" start="0" />
          </text_data><marker_def id="0" type="html">
            <html_marker tag="a">
              <attr name="href" val="#png" />
            </html_marker>
          </marker_def>
        </ta_sentence><ta_sentence do_translation="yes" encoding="utf-8" format="1" id="743" original_language="English">
          <space_before />
          <space_after />
          <text_data language="German">
            <text from_TM="False" rev_id="13" status="New" time="1222355938">DCX</text>
            <marker end="3" id="0" start="0" />
          </text_data><text_data language="Spanish">
            <text from_TM="False" rev_id="11" status="Complete" time="1222354203">Spanish : </text>
            <marker end="3" id="0" start="0" />
          </text_data><text_data language="English">
            <text from_TM="False" rev_id="11" status="Complete" time="1222354203">DCX</text>
            <marker end="3" id="0" start="0" />
          </text_data><marker_def id="0" type="html">
            <html_marker tag="a">
              <attr name="href" val="#dcx" />
            </html_marker>
          </marker_def>
        </ta_sentence><ta_sentence do_translation="yes" encoding="utf-8" format="1" id="744" original_language="English">
          <space_before />
          <space_after />
          <text_data language="German">
            <text from_TM="False" rev_id="13" status="New" time="1222355938">FPX</text>
            <marker end="3" id="0" start="0" />
          </text_data><text_data language="Spanish">
            <text from_TM="False" rev_id="11" status="Complete" time="1222354203">Spanish : </text>
            <marker end="3" id="0" start="0" />
          </text_data><text_data language="English">
            <text from_TM="False" rev_id="11" status="Complete" time="1222354203">FPX</text>
            <marker end="3" id="0" start="0" />
          </text_data><marker_def id="0" type="html">
            <html_marker tag="a">
              <attr name="href" val="#fpx" />
            </html_marker>
          </marker_def>
        </ta_sentence><ta_sentence do_translation="yes" encoding="utf-8" format="1" id="745" original_language="English">
          <space_before />
          <space_after />
          <text_data language="German">
            <text from_TM="False" rev_id="13" status="New" time="1222355938">TGA</text>
            <marker end="3" id="0" start="0" />
          </text_data><text_data language="Spanish">
            <text from_TM="False" rev_id="11" status="Complete" time="1222354203">Spanish : </text>
            <marker end="3" id="0" start="0" />
          </text_data><text_data language="English">
            <text from_TM="False" rev_id="11" status="Complete" time="1222354203">TGA</text>
            <marker end="3" id="0" start="0" />
          </text_data><marker_def id="0" type="html">
            <html_marker tag="a">
              <attr name="href" val="#tga" />
            </html_marker>
          </marker_def>
        </ta_sentence><ta_sentence do_translation="yes" encoding="utf-8" format="1" id="746" original_language="English">
          <space_before />
          <space_after />
          <text_data language="German">
            <text from_TM="False" rev_id="13" status="New" time="1222355938">GIF</text>
            <marker end="3" id="0" start="0" />
          </text_data><text_data language="Spanish">
            <text from_TM="False" rev_id="11" status="Complete" time="1222354203">Spanish : </text>
            <marker end="3" id="0" start="0" />
          </text_data><text_data language="English">
            <text from_TM="False" rev_id="11" status="Complete" time="1222354203">GIF</text>
            <marker end="3" id="0" start="0" />
          </text_data><marker_def id="0" type="html">
            <html_marker tag="a">
              <attr name="href" val="#gif" />
            </html_marker>
          </marker_def>
        </ta_sentence><ta_sentence do_translation="yes" encoding="utf-8" format="1" id="747" original_language="English">
          <space_before />
          <space_after />
          <text_data language="German">
            <text from_TM="False" rev_id="13" status="New" time="1222355938">EPS</text>
            <marker end="3" id="0" start="0" />
          </text_data><text_data language="Spanish">
            <text from_TM="False" rev_id="11" status="Complete" time="1222354203">Spanish : </text>
            <marker end="3" id="0" start="0" />
          </text_data><text_data language="English">
            <text from_TM="False" rev_id="11" status="Complete" time="1222354203">EPS</text>
            <marker end="3" id="0" start="0" />
          </text_data><marker_def id="0" type="html">
            <html_marker tag="a">
              <attr name="href" val="#eps" />
            </html_marker>
          </marker_def>
        </ta_sentence><ta_sentence do_translation="yes" encoding="utf-8" format="1" id="748" original_language="English">
          <space_before />
          <space_after />
          <text_data language="German">
            <text from_TM="False" rev_id="13" status="New" time="1222355938">GBR</text>
            <marker end="3" id="0" start="0" />
          </text_data><text_data language="Spanish">
            <text from_TM="False" rev_id="11" status="Complete" time="1222354203">Spanish : </text>
            <marker end="3" id="0" start="0" />
          </text_data><text_data language="English">
            <text from_TM="False" rev_id="11" status="Complete" time="1222354203">GBR</text>
            <marker end="3" id="0" start="0" />
          </text_data><marker_def id="0" type="html">
            <html_marker tag="a">
              <attr name="href" val="#gbr" />
            </html_marker>
          </marker_def>
        </ta_sentence><ta_sentence do_translation="yes" encoding="utf-8" format="1" id="749" original_language="English">
          <space_before />
          <space_after />
          <text_data language="German">
            <text from_TM="False" rev_id="13" status="New" time="1222355938">PCX</text>
            <marker end="3" id="0" start="0" />
          </text_data><text_data language="Spanish">
            <text from_TM="False" rev_id="11" status="Complete" time="1222354203">Spanish : </text>
            <marker end="3" id="0" start="0" />
          </text_data><text_data language="English">
            <text from_TM="False" rev_id="11" status="Complete" time="1222354203">PCX</text>
            <marker end="3" id="0" start="0" />
          </text_data><marker_def id="0" type="html">
            <html_marker tag="a">
              <attr name="href" val="#pcx" />
            </html_marker>
          </marker_def>
        </ta_sentence><ta_sentence do_translation="yes" encoding="utf-8" format="1" id="750" original_language="English">
          <space_before />
          <space_after />
          <text_data language="German">
            <text from_TM="False" rev_id="13" status="New" time="1222355938">PSD</text>
            <marker end="3" id="0" start="0" />
          </text_data><text_data language="Spanish">
            <text from_TM="False" rev_id="11" status="Complete" time="1222354203">Spanish : </text>
            <marker end="3" id="0" start="0" />
          </text_data><text_data language="English">
            <text from_TM="False" rev_id="11" status="Complete" time="1222354203">PSD</text>
            <marker end="3" id="0" start="0" />
          </text_data><marker_def id="0" type="html">
            <html_marker tag="a">
              <attr name="href" val="#psd" />
            </html_marker>
          </marker_def>
        </ta_sentence><ta_sentence do_translation="yes" encoding="utf-8" format="1" id="751" original_language="English">
          <space_before />
          <space_after />
          <text_data language="German">
            <text from_TM="False" rev_id="13" status="New" time="1222355938">ICO</text>
            <marker end="3" id="0" start="0" />
          </text_data><text_data language="Spanish">
            <text from_TM="False" rev_id="11" status="Complete" time="1222354203">Spanish : </text>
            <marker end="3" id="0" start="0" />
          </text_data><text_data language="English">
            <text from_TM="False" rev_id="11" status="Complete" time="1222354203">ICO</text>
            <marker end="3" id="0" start="0" />
          </text_data><marker_def id="0" type="html">
            <html_marker tag="a">
              <attr name="href" val="#ico" />
            </html_marker>
          </marker_def>
        </ta_sentence><ta_sentence do_translation="yes" encoding="utf-8" format="1" id="752" original_language="English">
          <space_before />
          <space_after />
          <text_data language="German">
            <text from_TM="False" rev_id="13" status="New" time="1222355938">GD</text>
            <marker end="2" id="0" start="0" />
          </text_data><text_data language="Spanish">
            <text from_TM="False" rev_id="11" status="Complete" time="1222354203">Spanish : </text>
            <marker end="2" id="0" start="0" />
          </text_data><text_data language="English">
            <text from_TM="False" rev_id="11" status="Complete" time="1222354203">GD</text>
            <marker end="2" id="0" start="0" />
          </text_data><marker_def id="0" type="html">
            <html_marker tag="a">
              <attr name="href" val="#gd" />
            </html_marker>
          </marker_def>
        </ta_sentence><ta_sentence do_translation="yes" encoding="utf-8" format="1" id="753" original_language="English">
          <space_before />
          <space_after />
          <text_data language="German">
            <text from_TM="False" rev_id="13" status="New" time="1222355938">XPM</text>
            <marker end="3" id="0" start="0" />
          </text_data><text_data language="Spanish">
            <text from_TM="False" rev_id="11" status="Complete" time="1222354203">Spanish : </text>
            <marker end="3" id="0" start="0" />
          </text_data><text_data language="English">
            <text from_TM="False" rev_id="11" status="Complete" time="1222354203">XPM</text>
            <marker end="3" id="0" start="0" />
          </text_data><marker_def id="0" type="html">
            <html_marker tag="a">
              <attr name="href" val="#xpm" />
            </html_marker>
          </marker_def>
        </ta_sentence><ta_sentence do_translation="yes" encoding="utf-8" format="1" id="754" original_language="English">
          <space_before />
          <space_after />
          <text_data language="German">
            <text from_TM="False" rev_id="13" status="New" time="1222355938">PDF</text>
            <marker end="3" id="0" start="0" />
          </text_data><text_data language="Spanish">
            <text from_TM="False" rev_id="11" status="Complete" time="1222354203">Spanish : </text>
            <marker end="3" id="0" start="0" />
          </text_data><text_data language="English">
            <text from_TM="False" rev_id="11" status="Complete" time="1222354203">PDF</text>
            <marker end="3" id="0" start="0" />
          </text_data><marker_def id="0" type="html">
            <html_marker tag="a">
              <attr name="href" val="#pdf" />
            </html_marker>
          </marker_def>
        </ta_sentence><ta_sentence do_translation="yes" encoding="utf-8" format="1" id="755" original_language="English">
          <space_before />
          <space_after />
          <text_data language="German">
            <text from_TM="False" rev_id="13" status="New" time="1222355938">MIC</text>
            <marker end="3" id="0" start="0" />
          </text_data><text_data language="Spanish">
            <text from_TM="False" rev_id="11" status="Complete" time="1222354203">Spanish : </text>
            <marker end="3" id="0" start="0" />
          </text_data><text_data language="English">
            <text from_TM="False" rev_id="11" status="Complete" time="1222354203">MIC</text>
            <marker end="3" id="0" start="0" />
          </text_data><marker_def id="0" type="html">
            <html_marker tag="a">
              <attr name="href" val="#mic" />
            </html_marker>
          </marker_def>
        </ta_sentence><ta_sentence do_translation="yes" encoding="utf-8" format="1" id="756" original_language="English">
          <space_before />
          <space_after />
          <text_data language="German">
            <text from_TM="False" rev_id="13" status="New" time="1222355938">PPM</text>
            <marker end="3" id="0" start="0" />
          </text_data><text_data language="Spanish">
            <text from_TM="False" rev_id="11" status="Complete" time="1222354203">Spanish : </text>
            <marker end="3" id="0" start="0" />
          </text_data><text_data language="English">
            <text from_TM="False" rev_id="11" status="Complete" time="1222354203">PPM</text>
            <marker end="3" id="0" start="0" />
          </text_data><marker_def id="0" type="html">
            <html_marker tag="a">
              <attr name="href" val="#ppm" />
            </html_marker>
          </marker_def>
        </ta_sentence><ta_sentence do_translation="yes" encoding="utf-8" format="1" id="757" original_language="English">
          <space_before />
          <space_after />
          <text_data language="German">
            <text from_TM="False" rev_id="13" status="New" time="1222355938">PCD</text>
            <marker end="3" id="0" start="0" />
          </text_data><text_data language="Spanish">
            <text from_TM="False" rev_id="11" status="Complete" time="1222354203">Spanish : </text>
            <marker end="3" id="0" start="0" />
          </text_data><text_data language="English">
            <text from_TM="False" rev_id="11" status="Complete" time="1222354203">PCD</text>
            <marker end="3" id="0" start="0" />
          </text_data><marker_def id="0" type="html">
            <html_marker tag="a">
              <attr name="href" val="#pcd" />
            </html_marker>
          </marker_def>
        </ta_sentence><ta_sentence do_translation="yes" encoding="utf-8" format="1" id="758" original_language="English">
          <space_before />
          <space_after />
          <text_data language="German">
            <text from_TM="False" rev_id="13" status="New" time="1222355938">MCIDAS</text>
            <marker end="6" id="0" start="0" />
          </text_data><text_data language="Spanish">
            <text from_TM="False" rev_id="11" status="Complete" time="1222354203">Spanish : </text>
            <marker end="6" id="0" start="0" />
          </text_data><text_data language="English">
            <text from_TM="False" rev_id="11" status="Complete" time="1222354203">MCIDAS</text>
            <marker end="6" id="0" start="0" />
          </text_data><marker_def id="0" type="html">
            <html_marker tag="a">
              <attr name="href" val="#mcidas" />
            </html_marker>
          </marker_def>
        </ta_sentence><ta_sentence do_translation="yes" encoding="utf-8" format="1" id="759" original_language="English">
          <space_before />
          <space_after />
          <text_data language="German">
            <text from_TM="False" rev_id="13" status="New" time="1222355938">XBM</text>
            <marker end="3" id="0" start="0" />
          </text_data><text_data language="Spanish">
            <text from_TM="False" rev_id="11" status="Complete" time="1222354203">Spanish : </text>
            <marker end="3" id="0" start="0" />
          </text_data><text_data language="English">
            <text from_TM="False" rev_id="11" status="Complete" time="1222354203">XBM</text>
            <marker end="3" id="0" start="0" />
          </text_data><marker_def id="0" type="html">
            <html_marker tag="a">
              <attr name="href" val="#xbm" />
            </html_marker>
          </marker_def>
        </ta_sentence><ta_sentence do_translation="yes" encoding="utf-8" format="1" id="760" original_language="English">
          <space_before> </space_before>
          <space_after />
          <text_data language="German">
            <text from_TM="False" rev_id="13" status="New" time="1222355938">Also, RAW formats of Canon, Casio, Contax, Creative, Creo, Fuji, Imacon, Kodak, Leica, Minolta, Nikon, Olympus, Panasonic, Pentax, Phase, Rollei, Sigma, Sinar, Sony digital cameras are fully supported (see list).</text>
            <marker end="-1" id="0" start="0" />
            <marker end="9" id="1" start="6" />
            <marker end="26" id="2" start="21" />
            <marker end="33" id="3" start="28" />
            <marker end="41" id="4" start="35" />
            <marker end="51" id="5" start="43" />
            <marker end="57" id="6" start="53" />
            <marker end="63" id="7" start="59" />
            <marker end="71" id="8" start="65" />
            <marker end="78" id="9" start="73" />
            <marker end="85" id="10" start="80" />
            <marker end="94" id="11" start="87" />
            <marker end="101" id="12" start="96" />
            <marker end="110" id="13" start="103" />
            <marker end="121" id="14" start="112" />
            <marker end="129" id="15" start="123" />
            <marker end="136" id="16" start="131" />
            <marker end="144" id="17" start="138" />
            <marker end="151" id="18" start="146" />
            <marker end="158" id="19" start="153" />
            <marker end="164" id="20" start="160" />
            <marker end="210" id="21" start="202" />
            <marker end="-1" id="0" start="0" />
          </text_data><text_data language="Spanish">
            <text from_TM="False" rev_id="11" status="Complete" time="1222354203">Spanish : formats of Canon, Casio, Contax, Creative, Creo, Fuji, Imacon, Kodak, Leica, Minolta, Nikon, Olympus, Panasonic, Pentax, Phase, Rollei, Sigma, Sinar, Sony digital cameras are fully supported (see list).</text>
            <marker end="-1" id="0" start="0" />
            <marker end="9" id="1" start="6" />
            <marker end="26" id="2" start="21" />
            <marker end="33" id="3" start="28" />
            <marker end="41" id="4" start="35" />
            <marker end="51" id="5" start="43" />
            <marker end="57" id="6" start="53" />
            <marker end="63" id="7" start="59" />
            <marker end="71" id="8" start="65" />
            <marker end="78" id="9" start="73" />
            <marker end="85" id="10" start="80" />
            <marker end="94" id="11" start="87" />
            <marker end="101" id="12" start="96" />
            <marker end="110" id="13" start="103" />
            <marker end="121" id="14" start="112" />
            <marker end="129" id="15" start="123" />
            <marker end="136" id="16" start="131" />
            <marker end="144" id="17" start="138" />
            <marker end="151" id="18" start="146" />
            <marker end="158" id="19" start="153" />
            <marker end="164" id="20" start="160" />
            <marker end="210" id="21" start="202" />
            <marker end="-1" id="0" start="0" />
          </text_data><text_data language="English">
            <text from_TM="False" rev_id="11" status="Complete" time="1222354203">Also, RAW formats of Canon, Casio, Contax, Creative, Creo, Fuji, Imacon, Kodak, Leica, Minolta, Nikon, Olympus, Panasonic, Pentax, Phase, Rollei, Sigma, Sinar, Sony digital cameras are fully supported (see list).</text>
            <marker end="-1" id="0" start="0" />
            <marker end="9" id="1" start="6" />
            <marker end="26" id="2" start="21" />
            <marker end="33" id="3" start="28" />
            <marker end="41" id="4" start="35" />
            <marker end="51" id="5" start="43" />
            <marker end="57" id="6" start="53" />
            <marker end="63" id="7" start="59" />
            <marker end="71" id="8" start="65" />
            <marker end="78" id="9" start="73" />
            <marker end="85" id="10" start="80" />
            <marker end="94" id="11" start="87" />
            <marker end="101" id="12" start="96" />
            <marker end="110" id="13" start="103" />
            <marker end="121" id="14" start="112" />
            <marker end="129" id="15" start="123" />
            <marker end="136" id="16" start="131" />
            <marker end="144" id="17" start="138" />
            <marker end="151" id="18" start="146" />
            <marker end="158" id="19" start="153" />
            <marker end="164" id="20" start="160" />
            <marker end="210" id="21" start="202" />
            <marker end="-1" id="0" start="0" />
          </text_data><marker_def id="0" type="html">
            <html_marker tag="span">
              <attr name="class" val="Text-standard" />
            </html_marker>
          </marker_def><marker_def id="1" type="html">
            <html_marker tag="a">
              <attr name="href" val="#raw" />
            </html_marker>
          </marker_def><marker_def id="2" type="html">
            <html_marker tag="a">
              <attr name="href" val="#Canon" />
            </html_marker>
          </marker_def><marker_def id="3" type="html">
            <html_marker tag="a">
              <attr name="href" val="#Casio" />
            </html_marker>
          </marker_def><marker_def id="4" type="html">
            <html_marker tag="a">
              <attr name="href" val="#Contax" />
            </html_marker>
          </marker_def><marker_def id="5" type="html">
            <html_marker tag="a">
              <attr name="href" val="#Creative" />
            </html_marker>
          </marker_def><marker_def id="6" type="html">
            <html_marker tag="a">
              <attr name="href" val="#Creo" />
            </html_marker>
          </marker_def><marker_def id="7" type="html">
            <html_marker tag="a">
              <attr name="href" val="#Fuji" />
            </html_marker>
          </marker_def><marker_def id="8" type="html">
            <html_marker tag="a">
              <attr name="href" val="#Imacon" />
            </html_marker>
          </marker_def><marker_def id="9" type="html">
            <html_marker tag="a">
              <attr name="href" val="#Kodak" />
            </html_marker>
          </marker_def><marker_def id="10" type="html">
            <html_marker tag="a">
              <attr name="href" val="#Leica" />
            </html_marker>
          </marker_def><marker_def id="11" type="html">
            <html_marker tag="a">
              <attr name="href" val="#Minolta" />
            </html_marker>
          </marker_def><marker_def id="12" type="html">
            <html_marker tag="a">
              <attr name="href" val="#Nikon" />
            </html_marker>
          </marker_def><marker_def id="13" type="html">
            <html_marker tag="a">
              <attr name="href" val="#Olympus" />
            </html_marker>
          </marker_def><marker_def id="14" type="html">
            <html_marker tag="a">
              <attr name="href" val="#Panasonic" />
            </html_marker>
          </marker_def><marker_def id="15" type="html">
            <html_marker tag="a">
              <attr name="href" val="#Pentax" />
            </html_marker>
          </marker_def><marker_def id="16" type="html">
            <html_marker tag="a">
              <attr name="href" val="#Phase" />
            </html_marker>
          </marker_def><marker_def id="17" type="html">
            <html_marker tag="a">
              <attr name="href" val="#Rollei" />
            </html_marker>
          </marker_def><marker_def id="18" type="html">
            <html_marker tag="a">
              <attr name="href" val="#Sigma" />
            </html_marker>
          </marker_def><marker_def id="19" type="html">
            <html_marker tag="a">
              <attr name="href" val="#Sinar" />
            </html_marker>
          </marker_def><marker_def id="20" type="html">
            <html_marker tag="a">
              <attr name="href" val="#Sony" />
            </html_marker>
          </marker_def><marker_def id="21" type="html">
            <html_marker tag="a">
              <attr name="href" val="#raw" />
            </html_marker>
          </marker_def>
        </ta_sentence><ta_sentence do_translation="yes" encoding="utf-8" format="1" id="761" original_language="English">
          <space_before> </space_before>
          <space_after />
          <text_data language="German">
            <text from_TM="False" rev_id="13" status="New" time="1222355938">JPEG</text>
            <marker end="4" id="0" start="0" />
          </text_data><text_data language="Spanish">
            <text from_TM="False" rev_id="11" status="Complete" time="1222354203">Spanish : </text>
            <marker end="4" id="0" start="0" />
          </text_data><text_data language="English">
            <text from_TM="False" rev_id="11" status="Complete" time="1222354203">JPEG</text>
            <marker end="4" id="0" start="0" />
          </text_data><marker_def id="0" type="html">
            <html_marker tag="a">
              <attr name="name" val="jpeg" />
            </html_marker>
          </marker_def>
        </ta_sentence><ta_sentence do_translation="yes" encoding="utf-8" format="1" id="762" original_language="English">
          <space_before> </space_before>
          <space_after />
          <text_data language="German">
            <text from_TM="False" rev_id="13" status="New" time="1222355938">Photo Backup reads JPEG, JFIF, and Adobe JPEG files.</text>
          </text_data><text_data language="Spanish">
            <text from_TM="False" rev_id="11" status="Complete" time="1222354203">Spanish : up reads JPEG, JFIF, and Adobe JPEG files.</text>
          </text_data><text_data language="English">
            <text from_TM="False" rev_id="11" status="Complete" time="1222354203">Photo Backup reads JPEG, JFIF, and Adobe JPEG files.</text>
          </text_data>
        </ta_sentence><ta_sentence do_translation="yes" encoding="utf-8" format="1" id="763" original_language="English">
          <space_before> </space_before>
          <space_after />
          <text_data language="German">
            <text from_TM="False" rev_id="13" status="New" time="1222355938">It writes standard and progressive JFIF files.</text>
          </text_data><text_data language="Spanish">
            <text from_TM="False" rev_id="11" status="Complete" time="1222354203">Spanish : standard and progressive JFIF files.</text>
          </text_data><text_data language="English">
            <text from_TM="False" rev_id="11" status="Complete" time="1222354203">It writes standard and progressive JFIF files.</text>
          </text_data>
        </ta_sentence><ta_sentence do_translation="yes" encoding="utf-8" format="1" id="764" original_language="English">
          <space_before> </space_before>
          <space_after />
          <text_data language="German">
            <text from_TM="False" rev_id="13" status="New" time="1222355938">TIFF</text>
            <marker end="4" id="0" start="0" />
          </text_data><text_data language="Spanish">
            <text from_TM="False" rev_id="11" status="Complete" time="1222354203">Spanish : </text>
            <marker end="4" id="0" start="0" />
          </text_data><text_data language="English">
            <text from_TM="False" rev_id="11" status="Complete" time="1222354203">TIFF</text>
            <marker end="4" id="0" start="0" />
          </text_data><marker_def id="0" type="html">
            <html_marker tag="a">
              <attr name="name" val="tiff" />
            </html_marker>
          </marker_def>
        </ta_sentence><ta_sentence do_translation="yes" encoding="utf-8" format="1" id="765" original_language="English">
          <space_before> </space_before>
          <space_after />
          <text_data language="German">
            <text from_TM="False" rev_id="13" status="New" time="1222355938">Photo Backup reads and writes TIFF files.</text>
          </text_data><text_data language="Spanish">
            <text from_TM="False" rev_id="11" status="Complete" time="1222354203">Spanish : up reads and writes TIFF files.</text>
          </text_data><text_data language="English">
            <text from_TM="False" rev_id="11" status="Complete" time="1222354203">Photo Backup reads and writes TIFF files.</text>
          </text_data>
        </ta_sentence><ta_sentence do_translation="yes" encoding="utf-8" format="1" id="766" original_language="English">
          <space_before> </space_before>
          <space_after />
          <text_data language="German">
            <text from_TM="False" rev_id="13" status="New" time="1222355938">It reads both striped and tiled images, pixel and plane interleaved multi-band images, and either uncompressed, or Packbits, LZW, or JPEG compressed images.</text>
          </text_data><text_data language="Spanish">
            <text from_TM="False" rev_id="11" status="Complete" time="1222354203">Spanish : oth striped and tiled images, pixel and plane interleaved multi-band images, and either uncompressed, or Packbits, LZW, or JPEG compressed images.</text>
          </text_data><text_data language="English">
            <text from_TM="False" rev_id="11" status="Complete" time="1222354203">It reads both striped and tiled images, pixel and plane interleaved multi-band images, and either uncompressed, or Packbits, LZW, or JPEG compressed images.</text>
          </text_data>
        </ta_sentence><ta_sentence do_translation="yes" encoding="utf-8" format="1" id="767" original_language="English">
          <space_before> </space_before>
          <space_after />
          <text_data language="German">
            <text from_TM="False" rev_id="13" status="New" time="1222355938">PNG</text>
            <marker end="3" id="0" start="0" />
          </text_data><text_data language="Spanish">
            <text from_TM="False" rev_id="11" status="Complete" time="1222354203">Spanish : </text>
            <marker end="3" id="0" start="0" />
          </text_data><text_data language="English">
            <text from_TM="False" rev_id="11" status="Complete" time="1222354203">PNG</text>
            <marker end="3" id="0" start="0" />
          </text_data><marker_def id="0" type="html">
            <html_marker tag="a">
              <attr name="name" val="png" />
            </html_marker>
          </marker_def>
        </ta_sentence><ta_sentence do_translation="yes" encoding="utf-8" format="1" id="768" original_language="English">
          <space_before> </space_before>
          <space_after />
          <text_data language="German">
            <text from_TM="False" rev_id="13" status="New" time="1222355938">Photo Backup identifies, reads, and writes PNG files.</text>
          </text_data><text_data language="Spanish">
            <text from_TM="False" rev_id="11" status="Complete" time="1222354203">Spanish : up identifies, reads, and writes PNG files.</text>
          </text_data><text_data language="English">
            <text from_TM="False" rev_id="11" status="Complete" time="1222354203">Photo Backup identifies, reads, and writes PNG files.</text>
          </text_data>
        </ta_sentence><ta_sentence do_translation="yes" encoding="utf-8" format="1" id="769" original_language="English">
          <space_before> </space_before>
          <space_after />
          <text_data language="German">
            <text from_TM="False" rev_id="13" status="New" time="1222355938">GIF</text>
            <marker end="3" id="0" start="0" />
          </text_data><text_data language="Spanish">
            <text from_TM="False" rev_id="11" status="Complete" time="1222354203">Spanish : </text>
            <marker end="3" id="0" start="0" />
          </text_data><text_data language="English">
            <text from_TM="False" rev_id="11" status="Complete" time="1222354203">GIF</text>
            <marker end="3" id="0" start="0" />
          </text_data><marker_def id="0" type="html">
            <html_marker tag="a">
              <attr name="name" val="gif" />
            </html_marker>
          </marker_def>
        </ta_sentence><ta_sentence do_translation="yes" encoding="utf-8" format="1" id="770" original_language="English">
          <space_before> </space_before>
          <space_after />
          <text_data language="German">
            <text from_TM="False" rev_id="13" status="New" time="1222355938">Photo Backup reads GIF87a and GIF89a versions of the GIF file format.</text>
          </text_data><text_data language="Spanish">
            <text from_TM="False" rev_id="11" status="Complete" time="1222354203">Spanish : up reads GIF87a and GIF89a versions of the GIF file format.</text>
          </text_data><text_data language="English">
            <text from_TM="False" rev_id="11" status="Complete" time="1222354203">Photo Backup reads GIF87a and GIF89a versions of the GIF file format.</text>
          </text_data>
        </ta_sentence><ta_sentence do_translation="yes" encoding="utf-8" format="1" id="771" original_language="English">
          <space_before> </space_before>
          <space_after />
          <text_data language="German">
            <text from_TM="False" rev_id="13" status="New" time="1222355938">Photo Backup writes run-length encoded GIF87a files.</text>
          </text_data><text_data language="Spanish">
            <text from_TM="False" rev_id="11" status="Complete" time="1222354203">Spanish : up writes run-length encoded GIF87a files.</text>
          </text_data><text_data language="English">
            <text from_TM="False" rev_id="11" status="Complete" time="1222354203">Photo Backup writes run-length encoded GIF87a files.</text>
          </text_data>
        </ta_sentence><ta_sentence do_translation="yes" encoding="utf-8" format="1" id="772" original_language="English">
          <space_before> </space_before>
          <space_after />
          <text_data language="German">
            <text from_TM="False" rev_id="13" status="New" time="1222355938">BMP</text>
            <marker end="3" id="0" start="0" />
          </text_data><text_data language="Spanish">
            <text from_TM="False" rev_id="11" status="Complete" time="1222354203">Spanish : </text>
            <marker end="3" id="0" start="0" />
          </text_data><text_data language="English">
            <text from_TM="False" rev_id="11" status="Complete" time="1222354203">BMP</text>
            <marker end="3" id="0" start="0" />
          </text_data><marker_def id="0" type="html">
            <html_marker tag="a">
              <attr name="name" val="bmp" />
            </html_marker>
          </marker_def>
        </ta_sentence><ta_sentence do_translation="yes" encoding="utf-8" format="1" id="773" original_language="English">
          <space_before> </space_before>
          <space_after />
          <text_data language="German">
            <text from_TM="False" rev_id="13" status="New" time="1222355938">Photo Backup reads and writes Windows and OS/2 BMP files containing "1", "L", "P", or "RGB" data.</text>
          </text_data><text_data language="Spanish">
            <text from_TM="False" rev_id="11" status="Complete" time="1222354203">Spanish : up reads and writes Windows and OS/2 BMP files containing "1", "L", "P", or "RGB" data.</text>
          </text_data><text_data language="English">
            <text from_TM="False" rev_id="11" status="Complete" time="1222354203">Photo Backup reads and writes Windows and OS/2 BMP files containing "1", "L", "P", or "RGB" data.</text>
          </text_data>
        </ta_sentence><ta_sentence do_translation="yes" encoding="utf-8" format="1" id="774" original_language="English">
          <space_before> </space_before>
          <space_after />
          <text_data language="German">
            <text from_TM="False" rev_id="13" status="New" time="1222355938">CUR</text>
            <marker end="3" id="0" start="0" />
          </text_data><text_data language="Spanish">
            <text from_TM="False" rev_id="11" status="Complete" time="1222354203">Spanish : </text>
            <marker end="3" id="0" start="0" />
          </text_data><text_data language="English">
            <text from_TM="False" rev_id="11" status="Complete" time="1222354203">CUR</text>
            <marker end="3" id="0" start="0" />
          </text_data><marker_def id="0" type="html">
            <html_marker tag="a">
              <attr name="name" val="cur" />
            </html_marker>
          </marker_def>
        </ta_sentence><ta_sentence do_translation="yes" encoding="utf-8" format="1" id="775" original_language="English">
          <space_before> </space_before>
          <space_after />
          <text_data language="German">
            <text from_TM="False" rev_id="13" status="New" time="1222355938">CUR is used to store cursors on Windows.</text>
          </text_data><text_data language="Spanish">
            <text from_TM="False" rev_id="11" status="Complete" time="1222354203">Spanish : d to store cursors on Windows.</text>
          </text_data><text_data language="English">
            <text from_TM="False" rev_id="11" status="Complete" time="1222354203">CUR is used to store cursors on Windows.</text>
          </text_data>
        </ta_sentence><ta_sentence do_translation="yes" encoding="utf-8" format="1" id="776" original_language="English">
          <space_before> </space_before>
          <space_after />
          <text_data language="German">
            <text from_TM="False" rev_id="13" status="New" time="1222355938">The CUR decoder reads the largest available cursor.</text>
          </text_data><text_data language="Spanish">
            <text from_TM="False" rev_id="11" status="Complete" time="1222354203">Spanish : coder reads the largest available cursor.</text>
          </text_data><text_data language="English">
            <text from_TM="False" rev_id="11" status="Complete" time="1222354203">The CUR decoder reads the largest available cursor.</text>
          </text_data>
        </ta_sentence><ta_sentence do_translation="yes" encoding="utf-8" format="1" id="777" original_language="English">
          <space_before> </space_before>
          <space_after />
          <text_data language="German">
            <text from_TM="False" rev_id="13" status="New" time="1222355938">Animated cursors are not supported.</text>
          </text_data><text_data language="Spanish">
            <text from_TM="False" rev_id="11" status="Complete" time="1222354203">Spanish : ursors are not supported.</text>
          </text_data><text_data language="English">
            <text from_TM="False" rev_id="11" status="Complete" time="1222354203">Animated cursors are not supported.</text>
          </text_data>
        </ta_sentence><ta_sentence do_translation="yes" encoding="utf-8" format="1" id="778" original_language="English">
          <space_before> </space_before>
          <space_after />
          <text_data language="German">
            <text from_TM="False" rev_id="13" status="New" time="1222355938">DCX</text>
            <marker end="3" id="0" start="0" />
          </text_data><text_data language="Spanish">
            <text from_TM="False" rev_id="11" status="Complete" time="1222354203">Spanish : </text>
            <marker end="3" id="0" start="0" />
          </text_data><text_data language="English">
            <text from_TM="False" rev_id="11" status="Complete" time="1222354203">DCX</text>
            <marker end="3" id="0" start="0" />
          </text_data><marker_def id="0" type="html">
            <html_marker tag="a">
              <attr name="name" val="dcx" />
            </html_marker>
          </marker_def>
        </ta_sentence><ta_sentence do_translation="yes" encoding="utf-8" format="1" id="779" original_language="English">
          <space_before> </space_before>
          <space_after />
          <text_data language="German">
            <text from_TM="False" rev_id="13" status="New" time="1222355938">DCX is a container file format for PCX files, defined by Intel.</text>
          </text_data><text_data language="Spanish">
            <text from_TM="False" rev_id="11" status="Complete" time="1222354203">Spanish : ontainer file format for PCX files, defined by Intel.</text>
          </text_data><text_data language="English">
            <text from_TM="False" rev_id="11" status="Complete" time="1222354203">DCX is a container file format for PCX files, defined by Intel.</text>
          </text_data>
        </ta_sentence><ta_sentence do_translation="yes" encoding="utf-8" format="1" id="780" original_language="English">
          <space_before> </space_before>
          <space_after />
          <text_data language="German">
            <text from_TM="False" rev_id="13" status="New" time="1222355938">The DCX format is commonly used in fax applications.</text>
          </text_data><text_data language="Spanish">
            <text from_TM="False" rev_id="11" status="Complete" time="1222354203">Spanish : rmat is commonly used in fax applications.</text>
          </text_data><text_data language="English">
            <text from_TM="False" rev_id="11" status="Complete" time="1222354203">The DCX format is commonly used in fax applications.</text>
          </text_data>
        </ta_sentence><ta_sentence do_translation="yes" encoding="utf-8" format="1" id="781" original_language="English">
          <space_before> </space_before>
          <space_after />
          <text_data language="German">
            <text from_TM="False" rev_id="13" status="New" time="1222355938">EPS</text>
            <marker end="3" id="0" start="0" />
          </text_data><text_data language="Spanish">
            <text from_TM="False" rev_id="11" status="Complete" time="1222354203">Spanish : </text>
            <marker end="3" id="0" start="0" />
          </text_data><text_data language="English">
            <text from_TM="False" rev_id="11" status="Complete" time="1222354203">EPS</text>
            <marker end="3" id="0" start="0" />
          </text_data><marker_def id="0" type="html">
            <html_marker tag="a">
              <attr name="name" val="eps" />
            </html_marker>
          </marker_def>
        </ta_sentence><ta_sentence do_translation="yes" encoding="utf-8" format="1" id="782" original_language="English">
          <space_before> </space_before>
          <space_after />
          <text_data language="German">
            <text from_TM="False" rev_id="13" status="New" time="1222355938">Photo Backup identifies EPS files containing image data.</text>
          </text_data><text_data language="Spanish">
            <text from_TM="False" rev_id="11" status="Complete" time="1222354203">Spanish : up identifies EPS files containing image data.</text>
          </text_data><text_data language="English">
            <text from_TM="False" rev_id="11" status="Complete" time="1222354203">Photo Backup identifies EPS files containing image data.</text>
          </text_data>
        </ta_sentence><ta_sentence do_translation="yes" encoding="utf-8" format="1" id="783" original_language="English">
          <space_before> </space_before>
          <space_after />
          <text_data language="German">
            <text from_TM="False" rev_id="13" status="New" time="1222355938">It can also write EPS images.</text>
          </text_data><text_data language="Spanish">
            <text from_TM="False" rev_id="11" status="Complete" time="1222354203">Spanish : o write EPS images.</text>
          </text_data><text_data language="English">
            <text from_TM="False" rev_id="11" status="Complete" time="1222354203">It can also write EPS images.</text>
          </text_data>
        </ta_sentence><ta_sentence do_translation="yes" encoding="utf-8" format="1" id="784" original_language="English">
          <space_before> </space_before>
          <space_after />
          <text_data language="German">
            <text from_TM="False" rev_id="13" status="New" time="1222355938">FLI, FLC</text>
            <marker end="8" id="0" start="0" />
          </text_data><text_data language="Spanish">
            <text from_TM="False" rev_id="11" status="Complete" time="1222354203">Spanish : </text>
            <marker end="8" id="0" start="0" />
          </text_data><text_data language="English">
            <text from_TM="False" rev_id="11" status="Complete" time="1222354203">FLI, FLC</text>
            <marker end="8" id="0" start="0" />
          </text_data><marker_def id="0" type="html">
            <html_marker tag="a">
              <attr name="name" val="fli" />
            </html_marker>
          </marker_def>
        </ta_sentence><ta_sentence do_translation="yes" encoding="utf-8" format="1" id="785" original_language="English">
          <space_before> </space_before>
          <space_after />
          <text_data language="German">
            <text from_TM="False" rev_id="13" status="New" time="1222355938">Photo Backup reads Autodesk FLI and FLC animations.</text>
          </text_data><text_data language="Spanish">
            <text from_TM="False" rev_id="11" status="Complete" time="1222354203">Spanish : up reads Autodesk FLI and FLC animations.</text>
          </text_data><text_data language="English">
            <text from_TM="False" rev_id="11" status="Complete" time="1222354203">Photo Backup reads Autodesk FLI and FLC animations.</text>
          </text_data>
        </ta_sentence><ta_sentence do_translation="yes" encoding="utf-8" format="1" id="786" original_language="English">
          <space_before> </space_before>
          <space_after />
          <text_data language="German">
            <text from_TM="False" rev_id="13" status="New" time="1222355938">FPX</text>
            <marker end="3" id="0" start="0" />
          </text_data><text_data language="Spanish">
            <text from_TM="False" rev_id="11" status="Complete" time="1222354203">Spanish : </text>
            <marker end="3" id="0" start="0" />
          </text_data><text_data language="English">
            <text from_TM="False" rev_id="11" status="Complete" time="1222354203">FPX</text>
            <marker end="3" id="0" start="0" />
          </text_data><marker_def id="0" type="html">
            <html_marker tag="a">
              <attr name="name" val="fpx" />
            </html_marker>
          </marker_def>
        </ta_sentence><ta_sentence do_translation="yes" encoding="utf-8" format="1" id="787" original_language="English">
          <space_before> </space_before>
          <space_after />
          <text_data language="German">
            <text from_TM="False" rev_id="13" status="New" time="1222355938">Photo Backup reads Kodak FlashPix files.</text>
          </text_data><text_data language="Spanish">
            <text from_TM="False" rev_id="11" status="Complete" time="1222354203">Spanish : up reads Kodak FlashPix files.</text>
          </text_data><text_data language="English">
            <text from_TM="False" rev_id="11" status="Complete" time="1222354203">Photo Backup reads Kodak FlashPix files.</text>
          </text_data>
        </ta_sentence><ta_sentence do_translation="yes" encoding="utf-8" format="1" id="788" original_language="English">
          <space_before> </space_before>
          <space_after />
          <text_data language="German">
            <text from_TM="False" rev_id="13" status="New" time="1222355938">GBR</text>
            <marker end="3" id="0" start="0" />
          </text_data><text_data language="Spanish">
            <text from_TM="False" rev_id="11" status="Complete" time="1222354203">Spanish : </text>
            <marker end="3" id="0" start="0" />
          </text_data><text_data language="English">
            <text from_TM="False" rev_id="11" status="Complete" time="1222354203">GBR</text>
            <marker end="3" id="0" start="0" />
          </text_data><marker_def id="0" type="html">
            <html_marker tag="a">
              <attr name="name" val="gbr" />
            </html_marker>
          </marker_def>
        </ta_sentence><ta_sentence do_translation="yes" encoding="utf-8" format="1" id="789" original_language="English">
          <space_before> </space_before>
          <space_after />
          <text_data language="German">
            <text from_TM="False" rev_id="13" status="New" time="1222355938">The GBR decoder reads GIMP brush files.</text>
          </text_data><text_data language="Spanish">
            <text from_TM="False" rev_id="11" status="Complete" time="1222354203">Spanish : coder reads GIMP brush files.</text>
          </text_data><text_data language="English">
            <text from_TM="False" rev_id="11" status="Complete" time="1222354203">The GBR decoder reads GIMP brush files.</text>
          </text_data>
        </ta_sentence><ta_sentence do_translation="yes" encoding="utf-8" format="1" id="790" original_language="English">
          <space_before> </space_before>
          <space_after />
          <text_data language="German">
            <text from_TM="False" rev_id="13" status="New" time="1222355938">GD</text>
            <marker end="2" id="0" start="0" />
          </text_data><text_data language="Spanish">
            <text from_TM="False" rev_id="11" status="Complete" time="1222354203">Spanish : </text>
            <marker end="2" id="0" start="0" />
          </text_data><text_data language="English">
            <text from_TM="False" rev_id="11" status="Complete" time="1222354203">GD</text>
            <marker end="2" id="0" start="0" />
          </text_data><marker_def id="0" type="html">
            <html_marker tag="a">
              <attr name="name" val="gd" />
            </html_marker>
          </marker_def>
        </ta_sentence><ta_sentence do_translation="yes" encoding="utf-8" format="1" id="791" original_language="English">
          <space_before> </space_before>
          <space_after />
          <text_data language="German">
            <text from_TM="False" rev_id="13" status="New" time="1222355938">Photo Backup reads GD uncompressed files.</text>
          </text_data><text_data language="Spanish">
            <text from_TM="False" rev_id="11" status="Complete" time="1222354203">Spanish : up reads GD uncompressed files.</text>
          </text_data><text_data language="English">
            <text from_TM="False" rev_id="11" status="Complete" time="1222354203">Photo Backup reads GD uncompressed files.</text>
          </text_data>
        </ta_sentence><ta_sentence do_translation="yes" encoding="utf-8" format="1" id="792" original_language="English">
          <space_before> </space_before>
          <space_after />
          <text_data language="German">
            <text from_TM="False" rev_id="13" status="New" time="1222355938">ICO</text>
            <marker end="3" id="0" start="0" />
          </text_data><text_data language="Spanish">
            <text from_TM="False" rev_id="11" status="Complete" time="1222354203">Spanish : </text>
            <marker end="3" id="0" start="0" />
          </text_data><text_data language="English">
            <text from_TM="False" rev_id="11" status="Complete" time="1222354203">ICO</text>
            <marker end="3" id="0" start="0" />
          </text_data><marker_def id="0" type="html">
            <html_marker tag="a">
              <attr name="name" val="ico" />
            </html_marker>
          </marker_def>
        </ta_sentence><ta_sentence do_translation="yes" encoding="utf-8" format="1" id="793" original_language="English">
          <space_before> </space_before>
          <space_after />
          <text_data language="German">
            <text from_TM="False" rev_id="13" status="New" time="1222355938">ICO is used to store icons on Windows.</text>
          </text_data><text_data language="Spanish">
            <text from_TM="False" rev_id="11" status="Complete" time="1222354203">Spanish : d to store icons on Windows.</text>
          </text_data><text_data language="English">
            <text from_TM="False" rev_id="11" status="Complete" time="1222354203">ICO is used to store icons on Windows.</text>
          </text_data>
        </ta_sentence><ta_sentence do_translation="yes" encoding="utf-8" format="1" id="794" original_language="English">
          <space_before> </space_before>
          <space_after />
          <text_data language="German">
            <text from_TM="False" rev_id="13" status="New" time="1222355938">The largest available icon is read.</text>
          </text_data><text_data language="Spanish">
            <text from_TM="False" rev_id="11" status="Complete" time="1222354203">Spanish : t available icon is read.</text>
          </text_data><text_data language="English">
            <text from_TM="False" rev_id="11" status="Complete" time="1222354203">The largest available icon is read.</text>
          </text_data>
        </ta_sentence><ta_sentence do_translation="yes" encoding="utf-8" format="1" id="795" original_language="English">
          <space_before> </space_before>
          <space_after />
          <text_data language="German">
            <text from_TM="False" rev_id="13" status="New" time="1222355938">IM</text>
            <marker end="2" id="0" start="0" />
          </text_data><text_data language="Spanish">
            <text from_TM="False" rev_id="11" status="Complete" time="1222354203">Spanish : </text>
            <marker end="2" id="0" start="0" />
          </text_data><text_data language="English">
            <text from_TM="False" rev_id="11" status="Complete" time="1222354203">IM</text>
            <marker end="2" id="0" start="0" />
          </text_data><marker_def id="0" type="html">
            <html_marker tag="a">
              <attr name="name" val="im" />
            </html_marker>
          </marker_def>
        </ta_sentence><ta_sentence do_translation="yes" encoding="utf-8" format="1" id="796" original_language="English">
          <space_before> </space_before>
          <space_after />
          <text_data language="German">
            <text from_TM="False" rev_id="13" status="New" time="1222355938">IM is a format used by LabEye and other applications based on the IFUNC image processing library.</text>
          </text_data><text_data language="Spanish">
            <text from_TM="False" rev_id="11" status="Complete" time="1222354203">Spanish : rmat used by LabEye and other applications based on the IFUNC image processing library.</text>
          </text_data><text_data language="English">
            <text from_TM="False" rev_id="11" status="Complete" time="1222354203">IM is a format used by LabEye and other applications based on the IFUNC image processing library.</text>
          </text_data>
        </ta_sentence><ta_sentence do_translation="yes" encoding="utf-8" format="1" id="797" original_language="English">
          <space_before> </space_before>
          <space_after />
          <text_data language="German">
            <text from_TM="False" rev_id="13" status="New" time="1222355938">IMT</text>
            <marker end="3" id="0" start="0" />
          </text_data><text_data language="Spanish">
            <text from_TM="False" rev_id="11" status="Complete" time="1222354203">Spanish : </text>
            <marker end="3" id="0" start="0" />
          </text_data><text_data language="English">
            <text from_TM="False" rev_id="11" status="Complete" time="1222354203">IMT</text>
            <marker end="3" id="0" start="0" />
          </text_data><marker_def id="0" type="html">
            <html_marker tag="a">
              <attr name="name" val="imt" />
            </html_marker>
          </marker_def>
        </ta_sentence><ta_sentence do_translation="yes" encoding="utf-8" format="1" id="798" original_language="English">
          <space_before> </space_before>
          <space_after />
          <text_data language="German">
            <text from_TM="False" rev_id="13" status="New" time="1222355938">Photo Backup reads Image Tools images containing "L" data.</text>
          </text_data><text_data language="Spanish">
            <text from_TM="False" rev_id="11" status="Complete" time="1222354203">Spanish : up reads Image Tools images containing "L" data.</text>
          </text_data><text_data language="English">
            <text from_TM="False" rev_id="11" status="Complete" time="1222354203">Photo Backup reads Image Tools images containing "L" data.</text>
          </text_data>
        </ta_sentence><ta_sentence do_translation="yes" encoding="utf-8" format="1" id="799" original_language="English">
          <space_before> </space_before>
          <space_after />
          <text_data language="German">
            <text from_TM="False" rev_id="13" status="New" time="1222355938">MIC</text>
            <marker end="3" id="0" start="0" />
          </text_data><text_data language="Spanish">
            <text from_TM="False" rev_id="11" status="Complete" time="1222354203">Spanish : </text>
            <marker end="3" id="0" start="0" />
          </text_data><text_data language="English">
            <text from_TM="False" rev_id="11" status="Complete" time="1222354203">MIC</text>
            <marker end="3" id="0" start="0" />
          </text_data><marker_def id="0" type="html">
            <html_marker tag="a">
              <attr name="name" val="mic" />
            </html_marker>
          </marker_def>
        </ta_sentence><ta_sentence do_translation="yes" encoding="utf-8" format="1" id="800" original_language="English">
          <space_before> </space_before>
          <space_after />
          <text_data language="German">
            <text from_TM="False" rev_id="13" status="New" time="1222355938">Photo Backup identifies and reads Microsoft Image Composer (MIC) files.</text>
          </text_data><text_data language="Spanish">
            <text from_TM="False" rev_id="11" status="Complete" time="1222354203">Spanish : up identifies and reads Microsoft Image Composer (MIC) files.</text>
          </text_data><text_data language="English">
            <text from_TM="False" rev_id="11" status="Complete" time="1222354203">Photo Backup identifies and reads Microsoft Image Composer (MIC) files.</text>
          </text_data>
        </ta_sentence><ta_sentence do_translation="yes" encoding="utf-8" format="1" id="801" original_language="English">
          <space_before> </space_before>
          <space_after />
          <text_data language="German">
            <text from_TM="False" rev_id="13" status="New" time="1222355938">MCIDAS</text>
            <marker end="6" id="0" start="0" />
          </text_data><text_data language="Spanish">
            <text from_TM="False" rev_id="11" status="Complete" time="1222354203">Spanish : </text>
            <marker end="6" id="0" start="0" />
          </text_data><text_data language="English">
            <text from_TM="False" rev_id="11" status="Complete" time="1222354203">MCIDAS</text>
            <marker end="6" id="0" start="0" />
          </text_data><marker_def id="0" type="html">
            <html_marker tag="a">
              <attr name="name" val="mcidas" />
            </html_marker>
          </marker_def>
        </ta_sentence><ta_sentence do_translation="yes" encoding="utf-8" format="1" id="802" original_language="English">
          <space_before> </space_before>
          <space_after />
          <text_data language="German">
            <text from_TM="False" rev_id="13" status="New" time="1222355938">Photo Backup identifies and reads 8-bit McIdas area files.</text>
          </text_data><text_data language="Spanish">
            <text from_TM="False" rev_id="11" status="Complete" time="1222354203">Spanish : up identifies and reads 8-bit McIdas area files.</text>
          </text_data><text_data language="English">
            <text from_TM="False" rev_id="11" status="Complete" time="1222354203">Photo Backup identifies and reads 8-bit McIdas area files.</text>
          </text_data>
        </ta_sentence><ta_sentence do_translation="yes" encoding="utf-8" format="1" id="803" original_language="English">
          <space_before> </space_before>
          <space_after />
          <text_data language="German">
            <text from_TM="False" rev_id="13" status="New" time="1222355938">PCD</text>
            <marker end="3" id="0" start="0" />
          </text_data><text_data language="Spanish">
            <text from_TM="False" rev_id="11" status="Complete" time="1222354203">Spanish : </text>
            <marker end="3" id="0" start="0" />
          </text_data><text_data language="English">
            <text from_TM="False" rev_id="11" status="Complete" time="1222354203">PCD</text>
            <marker end="3" id="0" start="0" />
          </text_data><marker_def id="0" type="html">
            <html_marker tag="a">
              <attr name="name" val="pcd" />
            </html_marker>
          </marker_def>
        </ta_sentence><ta_sentence do_translation="yes" encoding="utf-8" format="1" id="804" original_language="English">
          <space_before> </space_before>
          <space_after />
          <text_data language="German">
            <text from_TM="False" rev_id="13" status="New" time="1222355938">Photo Backup reads PhotoCD files.</text>
          </text_data><text_data language="Spanish">
            <text from_TM="False" rev_id="11" status="Complete" time="1222354203">Spanish : up reads PhotoCD files.</text>
          </text_data><text_data language="English">
            <text from_TM="False" rev_id="11" status="Complete" time="1222354203">Photo Backup reads PhotoCD files.</text>
          </text_data>
        </ta_sentence><ta_sentence do_translation="yes" encoding="utf-8" format="1" id="805" original_language="English">
          <space_before> </space_before>
          <space_after />
          <text_data language="German">
            <text from_TM="False" rev_id="13" status="New" time="1222355938">PCX</text>
            <marker end="3" id="0" start="0" />
          </text_data><text_data language="Spanish">
            <text from_TM="False" rev_id="11" status="Complete" time="1222354203">Spanish : </text>
            <marker end="3" id="0" start="0" />
          </text_data><text_data language="English">
            <text from_TM="False" rev_id="11" status="Complete" time="1222354203">PCX</text>
            <marker end="3" id="0" start="0" />
          </text_data><marker_def id="0" type="html">
            <html_marker tag="a">
              <attr name="name" val="pcx" />
            </html_marker>
          </marker_def>
        </ta_sentence><ta_sentence do_translation="yes" encoding="utf-8" format="1" id="806" original_language="English">
          <space_before> </space_before>
          <space_after />
          <text_data language="German">
            <text from_TM="False" rev_id="13" status="New" time="1222355938">Photo Backup reads and writes PCX files.</text>
          </text_data><text_data language="Spanish">
            <text from_TM="False" rev_id="11" status="Complete" time="1222354203">Spanish : up reads and writes PCX files.</text>
          </text_data><text_data language="English">
            <text from_TM="False" rev_id="11" status="Complete" time="1222354203">Photo Backup reads and writes PCX files.</text>
          </text_data>
        </ta_sentence><ta_sentence do_translation="yes" encoding="utf-8" format="1" id="807" original_language="English">
          <space_before> </space_before>
          <space_after />
          <text_data language="German">
            <text from_TM="False" rev_id="13" status="New" time="1222355938">PDF (write only)</text>
            <marker end="16" id="0" start="0" />
          </text_data><text_data language="Spanish">
            <text from_TM="False" rev_id="11" status="Complete" time="1222354203">Spanish :  only)</text>
            <marker end="16" id="0" start="0" />
          </text_data><text_data language="English">
            <text from_TM="False" rev_id="11" status="Complete" time="1222354203">PDF (write only)</text>
            <marker end="16" id="0" start="0" />
          </text_data><marker_def id="0" type="html">
            <html_marker tag="a">
              <attr name="name" val="pdf" />
            </html_marker>
          </marker_def>
        </ta_sentence><ta_sentence do_translation="yes" encoding="utf-8" format="1" id="808" original_language="English">
          <space_before> </space_before>
          <space_after />
          <text_data language="German">
            <text from_TM="False" rev_id="13" status="New" time="1222355938">Photo Backup can write PDF (Acrobat) images.</text>
          </text_data><text_data language="Spanish">
            <text from_TM="False" rev_id="11" status="Complete" time="1222354203">Spanish : up can write PDF (Acrobat) images.</text>
          </text_data><text_data language="English">
            <text from_TM="False" rev_id="11" status="Complete" time="1222354203">Photo Backup can write PDF (Acrobat) images.</text>
          </text_data>
        </ta_sentence><ta_sentence do_translation="yes" encoding="utf-8" format="1" id="809" original_language="English">
          <space_before> </space_before>
          <space_after />
          <text_data language="German">
            <text from_TM="False" rev_id="13" status="New" time="1222355938">PPM</text>
            <marker end="3" id="0" start="0" />
          </text_data><text_data language="Spanish">
            <text from_TM="False" rev_id="11" status="Complete" time="1222354203">Spanish : </text>
            <marker end="3" id="0" start="0" />
          </text_data><text_data language="English">
            <text from_TM="False" rev_id="11" status="Complete" time="1222354203">PPM</text>
            <marker end="3" id="0" start="0" />
          </text_data><marker_def id="0" type="html">
            <html_marker tag="a">
              <attr name="name" val="ppm" />
            </html_marker>
          </marker_def>
        </ta_sentence><ta_sentence do_translation="yes" encoding="utf-8" format="1" id="810" original_language="English">
          <space_before> </space_before>
          <space_after />
          <text_data language="German">
            <text from_TM="False" rev_id="13" status="New" time="1222355938">Photo Backup reads and writes PBM, PGM and PPM files.</text>
          </text_data><text_data language="Spanish">
            <text from_TM="False" rev_id="11" status="Complete" time="1222354203">Spanish : up reads and writes PBM, PGM and PPM files.</text>
          </text_data><text_data language="English">
            <text from_TM="False" rev_id="11" status="Complete" time="1222354203">Photo Backup reads and writes PBM, PGM and PPM files.</text>
          </text_data>
        </ta_sentence><ta_sentence do_translation="yes" encoding="utf-8" format="1" id="811" original_language="English">
          <space_before> </space_before>
          <space_after />
          <text_data language="German">
            <text from_TM="False" rev_id="13" status="New" time="1222355938">PSD</text>
            <marker end="3" id="0" start="0" />
          </text_data><text_data language="Spanish">
            <text from_TM="False" rev_id="11" status="Complete" time="1222354203">Spanish : </text>
            <marker end="3" id="0" start="0" />
          </text_data><text_data language="English">
            <text from_TM="False" rev_id="11" status="Complete" time="1222354203">PSD</text>
            <marker end="3" id="0" start="0" />
          </text_data><marker_def id="0" type="html">
            <html_marker tag="a">
              <attr name="name" val="psd" />
            </html_marker>
          </marker_def>
        </ta_sentence><ta_sentence do_translation="yes" encoding="utf-8" format="1" id="812" original_language="English">
          <space_before> </space_before>
          <space_after />
          <text_data language="German">
            <text from_TM="False" rev_id="13" status="New" time="1222355938">Photo Backup identifies and reads PSD files written by Adobe Photoshop 2.5 and 3.0.</text>
          </text_data><text_data language="Spanish">
            <text from_TM="False" rev_id="11" status="Complete" time="1222354203">Spanish : up identifies and reads PSD files written by Adobe Photoshop 2.5 and 3.0.</text>
          </text_data><text_data language="English">
            <text from_TM="False" rev_id="11" status="Complete" time="1222354203">Photo Backup identifies and reads PSD files written by Adobe Photoshop 2.5 and 3.0.</text>
          </text_data>
        </ta_sentence><ta_sentence do_translation="yes" encoding="utf-8" format="1" id="813" original_language="English">
          <space_before> </space_before>
          <space_after />
          <text_data language="German">
            <text from_TM="False" rev_id="13" status="New" time="1222355938">SGI</text>
            <marker end="3" id="0" start="0" />
          </text_data><text_data language="Spanish">
            <text from_TM="False" rev_id="11" status="Complete" time="1222354203">Spanish : </text>
            <marker end="3" id="0" start="0" />
          </text_data><text_data language="English">
            <text from_TM="False" rev_id="11" status="Complete" time="1222354203">SGI</text>
            <marker end="3" id="0" start="0" />
          </text_data><marker_def id="0" type="html">
            <html_marker tag="a">
              <attr name="name" val="sgi" />
            </html_marker>
          </marker_def>
        </ta_sentence><ta_sentence do_translation="yes" encoding="utf-8" format="1" id="814" original_language="English">
          <space_before> </space_before>
          <space_after />
          <text_data language="German">
            <text from_TM="False" rev_id="13" status="New" time="1222355938">Photo Backup reads uncompressed "L" and "RGB" files.</text>
          </text_data><text_data language="Spanish">
            <text from_TM="False" rev_id="11" status="Complete" time="1222354203">Spanish : up reads uncompressed "L" and "RGB" files.</text>
          </text_data><text_data language="English">
            <text from_TM="False" rev_id="11" status="Complete" time="1222354203">Photo Backup reads uncompressed "L" and "RGB" files.</text>
          </text_data>
        </ta_sentence><ta_sentence do_translation="yes" encoding="utf-8" format="1" id="815" original_language="English">
          <space_before> </space_before>
          <space_after />
          <text_data language="German">
            <text from_TM="False" rev_id="13" status="New" time="1222355938">SUN</text>
            <marker end="3" id="0" start="0" />
          </text_data><text_data language="Spanish">
            <text from_TM="False" rev_id="11" status="Complete" time="1222354203">Spanish : </text>
            <marker end="3" id="0" start="0" />
          </text_data><text_data language="English">
            <text from_TM="False" rev_id="11" status="Complete" time="1222354203">SUN</text>
            <marker end="3" id="0" start="0" />
          </text_data><marker_def id="0" type="html">
            <html_marker tag="a">
              <attr name="name" val="sun" />
            </html_marker>
          </marker_def>
        </ta_sentence><ta_sentence do_translation="yes" encoding="utf-8" format="1" id="816" original_language="English">
          <space_before> </space_before>
          <space_after />
          <text_data language="German">
            <text from_TM="False" rev_id="13" status="New" time="1222355938">Photo Backup reads uncompressed "1", "P", "L" and "RGB" files.</text>
          </text_data><text_data language="Spanish">
            <text from_TM="False" rev_id="11" status="Complete" time="1222354203">Spanish : up reads uncompressed "1", "P", "L" and "RGB" files.</text>
          </text_data><text_data language="English">
            <text from_TM="False" rev_id="11" status="Complete" time="1222354203">Photo Backup reads uncompressed "1", "P", "L" and "RGB" files.</text>
          </text_data>
        </ta_sentence><ta_sentence do_translation="yes" encoding="utf-8" format="1" id="817" original_language="English">
          <space_before> </space_before>
          <space_after />
          <text_data language="German">
            <text from_TM="False" rev_id="13" status="New" time="1222355938">TGA</text>
            <marker end="3" id="0" start="0" />
          </text_data><text_data language="Spanish">
            <text from_TM="False" rev_id="11" status="Complete" time="1222354203">Spanish : </text>
            <marker end="3" id="0" start="0" />
          </text_data><text_data language="English">
            <text from_TM="False" rev_id="11" status="Complete" time="1222354203">TGA</text>
            <marker end="3" id="0" start="0" />
          </text_data><marker_def id="0" type="html">
            <html_marker tag="a">
              <attr name="name" val="tga" />
            </html_marker>
          </marker_def>
        </ta_sentence><ta_sentence do_translation="yes" encoding="utf-8" format="1" id="818" original_language="English">
          <space_before> </space_before>
          <space_after />
          <text_data language="German">
            <text from_TM="False" rev_id="13" status="New" time="1222355938">Photo Backup reads 24- and 32-bit uncompressed and run-length encoded TGA files.</text>
          </text_data><text_data language="Spanish">
            <text from_TM="False" rev_id="11" status="Complete" time="1222354203">Spanish : up reads 24- and 32-bit uncompressed and run-length encoded TGA files.</text>
          </text_data><text_data language="English">
            <text from_TM="False" rev_id="11" status="Complete" time="1222354203">Photo Backup reads 24- and 32-bit uncompressed and run-length encoded TGA files.</text>
          </text_data>
        </ta_sentence><ta_sentence do_translation="yes" encoding="utf-8" format="1" id="819" original_language="English">
          <space_before> </space_before>
          <space_after />
          <text_data language="German">
            <text from_TM="False" rev_id="13" status="New" time="1222355938">XBM</text>
            <marker end="3" id="0" start="0" />
          </text_data><text_data language="Spanish">
            <text from_TM="False" rev_id="11" status="Complete" time="1222354203">Spanish : </text>
            <marker end="3" id="0" start="0" />
          </text_data><text_data language="English">
            <text from_TM="False" rev_id="11" status="Complete" time="1222354203">XBM</text>
            <marker end="3" id="0" start="0" />
          </text_data><marker_def id="0" type="html">
            <html_marker tag="a">
              <attr name="name" val="xbm" />
            </html_marker>
          </marker_def>
        </ta_sentence><ta_sentence do_translation="yes" encoding="utf-8" format="1" id="820" original_language="English">
          <space_before> </space_before>
          <space_after />
          <text_data language="German">
            <text from_TM="False" rev_id="13" status="New" time="1222355938">Photo Backup reads and writes X bitmap.</text>
          </text_data><text_data language="Spanish">
            <text from_TM="False" rev_id="11" status="Complete" time="1222354203">Spanish : up reads and writes X bitmap.</text>
          </text_data><text_data language="English">
            <text from_TM="False" rev_id="11" status="Complete" time="1222354203">Photo Backup reads and writes X bitmap.</text>
          </text_data>
        </ta_sentence><ta_sentence do_translation="yes" encoding="utf-8" format="1" id="821" original_language="English">
          <space_before> </space_before>
          <space_after />
          <text_data language="German">
            <text from_TM="False" rev_id="13" status="New" time="1222355938">XPM</text>
            <marker end="3" id="0" start="0" />
          </text_data><text_data language="Spanish">
            <text from_TM="False" rev_id="11" status="Complete" time="1222354203">Spanish : </text>
            <marker end="3" id="0" start="0" />
          </text_data><text_data language="English">
            <text from_TM="False" rev_id="11" status="Complete" time="1222354203">XPM</text>
            <marker end="3" id="0" start="0" />
          </text_data><marker_def id="0" type="html">
            <html_marker tag="a">
              <attr name="name" val="xpm" />
            </html_marker>
          </marker_def>
        </ta_sentence><ta_sentence do_translation="yes" encoding="utf-8" format="1" id="822" original_language="English">
          <space_before> </space_before>
          <space_after />
          <text_data language="German">
            <text from_TM="False" rev_id="13" status="New" time="1222355938">Photo Backup reads X pixmap files (mode "P") with 256 colours or less.</text>
          </text_data><text_data language="Spanish">
            <text from_TM="False" rev_id="11" status="Complete" time="1222354203">Spanish : up reads X pixmap files (mode "P") with 256 colours or less.</text>
          </text_data><text_data language="English">
            <text from_TM="False" rev_id="11" status="Complete" time="1222354203">Photo Backup reads X pixmap files (mode "P") with 256 colours or less.</text>
          </text_data>
        </ta_sentence><ta_sentence do_translation="yes" encoding="utf-8" format="1" id="823" original_language="English">
          <space_before> </space_before>
          <space_after> </space_after>
          <text_data language="German">
            <text from_TM="False" rev_id="13" status="New" time="1222355938">Digital cameras with supported RAW photo formats</text>
            <marker end="48" id="0" start="0" />
          </text_data><text_data language="Spanish">
            <text from_TM="False" rev_id="11" status="Complete" time="1222354203">Spanish : meras with supported RAW photo formats</text>
            <marker end="48" id="0" start="0" />
          </text_data><text_data language="English">
            <text from_TM="False" rev_id="11" status="Complete" time="1222354203">Digital cameras with supported RAW photo formats</text>
            <marker end="48" id="0" start="0" />
          </text_data><marker_def id="0" type="html">
            <html_marker tag="a">
              <attr name="name" val="raw" />
            </html_marker>
          </marker_def>
        </ta_sentence><ta_sentence do_translation="yes" encoding="utf-8" format="1" id="824" original_language="English">
          <space_before> </space_before>
          <space_after />
          <text_data language="German">
            <text from_TM="False" rev_id="13" status="New" time="1222355938">Canon cameras</text>
            <marker end="13" id="0" start="0" />
          </text_data><text_data language="Spanish">
            <text from_TM="False" rev_id="11" status="Complete" time="1222354203">Spanish : ras</text>
            <marker end="13" id="0" start="0" />
          </text_data><text_data language="English">
            <text from_TM="False" rev_id="11" status="Complete" time="1222354203">Canon cameras</text>
            <marker end="13" id="0" start="0" />
          </text_data><marker_def id="0" type="html">
            <html_marker tag="a">
              <attr name="name" val="Canon" />
            </html_marker>
          </marker_def>
        </ta_sentence><ta_sentence do_translation="yes" encoding="utf-8" format="1" id="825" original_language="English">
          <space_before />
          <space_after> </space_after>
          <text_data language="German">
            <text from_TM="False" rev_id="13" status="New" time="1222355938">EOS 10D</text>
          </text_data><text_data language="Spanish">
            <text from_TM="False" rev_id="11" status="Complete" time="1222354203">Spanish : </text>
          </text_data><text_data language="English">
            <text from_TM="False" rev_id="11" status="Complete" time="1222354203">EOS 10D</text>
          </text_data>
        </ta_sentence><ta_sentence do_translation="yes" encoding="utf-8" format="1" id="826" original_language="English">
          <space_before />
          <space_after> </space_after>
          <text_data language="German">
            <text from_TM="False" rev_id="13" status="New" time="1222355938">EOS 300D</text>
          </text_data><text_data language="Spanish">
            <text from_TM="False" rev_id="11" status="Complete" time="1222354203">Spanish : </text>
          </text_data><text_data language="English">
            <text from_TM="False" rev_id="11" status="Complete" time="1222354203">EOS 300D</text>
          </text_data>
        </ta_sentence><ta_sentence do_translation="yes" encoding="utf-8" format="1" id="827" original_language="English">
          <space_before />
          <space_after> </space_after>
          <text_data language="German">
            <text from_TM="False" rev_id="13" status="New" time="1222355938">EOS D2000C</text>
          </text_data><text_data language="Spanish">
            <text from_TM="False" rev_id="11" status="Complete" time="1222354203">Spanish : </text>
          </text_data><text_data language="English">
            <text from_TM="False" rev_id="11" status="Complete" time="1222354203">EOS D2000C</text>
          </text_data>
        </ta_sentence><ta_sentence do_translation="yes" encoding="utf-8" format="1" id="828" original_language="English">
          <space_before />
          <space_after> </space_after>
          <text_data language="German">
            <text from_TM="False" rev_id="13" status="New" time="1222355938">EOS D30</text>
          </text_data><text_data language="Spanish">
            <text from_TM="False" rev_id="11" status="Complete" time="1222354203">Spanish : </text>
          </text_data><text_data language="English">
            <text from_TM="False" rev_id="11" status="Complete" time="1222354203">EOS D30</text>
          </text_data>
        </ta_sentence><ta_sentence do_translation="yes" encoding="utf-8" format="1" id="829" original_language="English">
          <space_before />
          <space_after> </space_after>
          <text_data language="German">
            <text from_TM="False" rev_id="13" status="New" time="1222355938">EOS D60</text>
          </text_data><text_data language="Spanish">
            <text from_TM="False" rev_id="11" status="Complete" time="1222354203">Spanish : </text>
          </text_data><text_data language="English">
            <text from_TM="False" rev_id="11" status="Complete" time="1222354203">EOS D60</text>
          </text_data>
        </ta_sentence><ta_sentence do_translation="yes" encoding="utf-8" format="1" id="830" original_language="English">
          <space_before />
          <space_after> </space_after>
          <text_data language="German">
            <text from_TM="False" rev_id="13" status="New" time="1222355938">EOS DIGITAL REBEL</text>
          </text_data><text_data language="Spanish">
            <text from_TM="False" rev_id="11" status="Complete" time="1222354203">Spanish : L REBEL</text>
          </text_data><text_data language="English">
            <text from_TM="False" rev_id="11" status="Complete" time="1222354203">EOS DIGITAL REBEL</text>
          </text_data>
        </ta_sentence><ta_sentence do_translation="yes" encoding="utf-8" format="1" id="831" original_language="English">
          <space_before />
          <space_after> </space_after>
          <text_data language="German">
            <text from_TM="False" rev_id="13" status="New" time="1222355938">EOS Kiss Digital</text>
          </text_data><text_data language="Spanish">
            <text from_TM="False" rev_id="11" status="Complete" time="1222354203">Spanish : igital</text>
          </text_data><text_data language="English">
            <text from_TM="False" rev_id="11" status="Complete" time="1222354203">EOS Kiss Digital</text>
          </text_data>
        </ta_sentence><ta_sentence do_translation="yes" encoding="utf-8" format="1" id="832" original_language="English">
          <space_before />
          <space_after> </space_after>
          <text_data language="German">
            <text from_TM="False" rev_id="13" status="New" time="1222355938">EOS-1D</text>
          </text_data><text_data language="Spanish">
            <text from_TM="False" rev_id="11" status="Complete" time="1222354203">Spanish : </text>
          </text_data><text_data language="English">
            <text from_TM="False" rev_id="11" status="Complete" time="1222354203">EOS-1D</text>
          </text_data>
        </ta_sentence><ta_sentence do_translation="yes" encoding="utf-8" format="1" id="833" original_language="English">
          <space_before />
          <space_after> </space_after>
          <text_data language="German">
            <text from_TM="False" rev_id="13" status="New" time="1222355938">EOS-1D Mark II</text>
          </text_data><text_data language="Spanish">
            <text from_TM="False" rev_id="11" status="Complete" time="1222354203">Spanish : k II</text>
          </text_data><text_data language="English">
            <text from_TM="False" rev_id="11" status="Complete" time="1222354203">EOS-1D Mark II</text>
          </text_data>
        </ta_sentence><ta_sentence do_translation="yes" encoding="utf-8" format="1" id="834" original_language="English">
          <space_before />
          <space_after> </space_after>
          <text_data language="German">
            <text from_TM="False" rev_id="13" status="New" time="1222355938">EOS-1DS</text>
          </text_data><text_data language="Spanish">
            <text from_TM="False" rev_id="11" status="Complete" time="1222354203">Spanish : </text>
          </text_data><text_data language="English">
            <text from_TM="False" rev_id="11" status="Complete" time="1222354203">EOS-1DS</text>
          </text_data>
        </ta_sentence><ta_sentence do_translation="yes" encoding="utf-8" format="1" id="835" original_language="English">
          <space_before />
          <space_after> </space_after>
          <text_data language="German">
            <text from_TM="False" rev_id="13" status="New" time="1222355938">PowerShot 600</text>
          </text_data><text_data language="Spanish">
            <text from_TM="False" rev_id="11" status="Complete" time="1222354203">Spanish : 600</text>
          </text_data><text_data language="English">
            <text from_TM="False" rev_id="11" status="Complete" time="1222354203">PowerShot 600</text>
          </text_data>
        </ta_sentence><ta_sentence do_translation="yes" encoding="utf-8" format="1" id="836" original_language="English">
          <space_before />
          <space_after> </space_after>
          <text_data language="German">
            <text from_TM="False" rev_id="13" status="New" time="1222355938">PowerShot A5</text>
          </text_data><text_data language="Spanish">
            <text from_TM="False" rev_id="11" status="Complete" time="1222354203">Spanish : A5</text>
          </text_data><text_data language="English">
            <text from_TM="False" rev_id="11" status="Complete" time="1222354203">PowerShot A5</text>
          </text_data>
        </ta_sentence><ta_sentence do_translation="yes" encoding="utf-8" format="1" id="837" original_language="English">
          <space_before />
          <space_after> </space_after>
          <text_data language="German">
            <text from_TM="False" rev_id="13" status="New" time="1222355938">PowerShot A5 Zoom</text>
          </text_data><text_data language="Spanish">
            <text from_TM="False" rev_id="11" status="Complete" time="1222354203">Spanish : A5 Zoom</text>
          </text_data><text_data language="English">
            <text from_TM="False" rev_id="11" status="Complete" time="1222354203">PowerShot A5 Zoom</text>
          </text_data>
        </ta_sentence><ta_sentence do_translation="yes" encoding="utf-8" format="1" id="838" original_language="English">
          <space_before />
          <space_after> </space_after>
          <text_data language="German">
            <text from_TM="False" rev_id="13" status="New" time="1222355938">PowerShot A50</text>
          </text_data><text_data language="Spanish">
            <text from_TM="False" rev_id="11" status="Complete" time="1222354203">Spanish : A50</text>
          </text_data><text_data language="English">
            <text from_TM="False" rev_id="11" status="Complete" time="1222354203">PowerShot A50</text>
          </text_data>
        </ta_sentence><ta_sentence do_translation="yes" encoding="utf-8" format="1" id="839" original_language="English">
          <space_before />
          <space_after> </space_after>
          <text_data language="German">
            <text from_TM="False" rev_id="13" status="New" time="1222355938">PowerShot G1</text>
          </text_data><text_data language="Spanish">
            <text from_TM="False" rev_id="11" status="Complete" time="1222354203">Spanish : G1</text>
          </text_data><text_data language="English">
            <text from_TM="False" rev_id="11" status="Complete" time="1222354203">PowerShot G1</text>
          </text_data>
        </ta_sentence><ta_sentence do_translation="yes" encoding="utf-8" format="1" id="840" original_language="English">
          <space_before />
          <space_after> </space_after>
          <text_data language="German">
            <text from_TM="False" rev_id="13" status="New" time="1222355938">PowerShot G2</text>
          </text_data><text_data language="Spanish">
            <text from_TM="False" rev_id="11" status="Complete" time="1222354203">Spanish : G2</text>
          </text_data><text_data language="English">
            <text from_TM="False" rev_id="11" status="Complete" time="1222354203">PowerShot G2</text>
          </text_data>
        </ta_sentence><ta_sentence do_translation="yes" encoding="utf-8" format="1" id="841" original_language="English">
          <space_before />
          <space_after> </space_after>
          <text_data language="German">
            <text from_TM="False" rev_id="13" status="New" time="1222355938">PowerShot G3</text>
          </text_data><text_data language="Spanish">
            <text from_TM="False" rev_id="11" status="Complete" time="1222354203">Spanish : G3</text>
          </text_data><text_data language="English">
            <text from_TM="False" rev_id="11" status="Complete" time="1222354203">PowerShot G3</text>
          </text_data>
        </ta_sentence><ta_sentence do_translation="yes" encoding="utf-8" format="1" id="842" original_language="English">
          <space_before />
          <space_after> </space_after>
          <text_data language="German">
            <text from_TM="False" rev_id="13" status="New" time="1222355938">PowerShot G5</text>
          </text_data><text_data language="Spanish">
            <text from_TM="False" rev_id="11" status="Complete" time="1222354203">Spanish : G5</text>
          </text_data><text_data language="English">
            <text from_TM="False" rev_id="11" status="Complete" time="1222354203">PowerShot G5</text>
          </text_data>
        </ta_sentence><ta_sentence do_translation="yes" encoding="utf-8" format="1" id="843" original_language="English">
          <space_before />
          <space_after> </space_after>
          <text_data language="German">
            <text from_TM="False" rev_id="13" status="New" time="1222355938">PowerShot Pro1</text>
          </text_data><text_data language="Spanish">
            <text from_TM="False" rev_id="11" status="Complete" time="1222354203">Spanish : Pro1</text>
          </text_data><text_data language="English">
            <text from_TM="False" rev_id="11" status="Complete" time="1222354203">PowerShot Pro1</text>
          </text_data>
        </ta_sentence><ta_sentence do_translation="yes" encoding="utf-8" format="1" id="844" original_language="English">
          <space_before />
          <space_after> </space_after>
          <text_data language="German">
            <text from_TM="False" rev_id="13" status="New" time="1222355938">PowerShot Pro70</text>
          </text_data><text_data language="Spanish">
            <text from_TM="False" rev_id="11" status="Complete" time="1222354203">Spanish : Pro70</text>
          </text_data><text_data language="English">
            <text from_TM="False" rev_id="11" status="Complete" time="1222354203">PowerShot Pro70</text>
          </text_data>
        </ta_sentence><ta_sentence do_translation="yes" encoding="utf-8" format="1" id="845" original_language="English">
          <space_before />
          <space_after> </space_after>
          <text_data language="German">
            <text from_TM="False" rev_id="13" status="New" time="1222355938">PowerShot Pro90 IS</text>
          </text_data><text_data language="Spanish">
            <text from_TM="False" rev_id="11" status="Complete" time="1222354203">Spanish : Pro90 IS</text>
          </text_data><text_data language="English">
            <text from_TM="False" rev_id="11" status="Complete" time="1222354203">PowerShot Pro90 IS</text>
          </text_data>
        </ta_sentence><ta_sentence do_translation="yes" encoding="utf-8" format="1" id="846" original_language="English">
          <space_before />
          <space_after> </space_after>
          <text_data language="German">
            <text from_TM="False" rev_id="13" status="New" time="1222355938">PowerShot S30</text>
          </text_data><text_data language="Spanish">
            <text from_TM="False" rev_id="11" status="Complete" time="1222354203">Spanish : S30</text>
          </text_data><text_data language="English">
            <text from_TM="False" rev_id="11" status="Complete" time="1222354203">PowerShot S30</text>
          </text_data>
        </ta_sentence><ta_sentence do_translation="yes" encoding="utf-8" format="1" id="847" original_language="English">
          <space_before />
          <space_after> </space_after>
          <text_data language="German">
            <text from_TM="False" rev_id="13" status="New" time="1222355938">PowerShot S40</text>
          </text_data><text_data language="Spanish">
            <text from_TM="False" rev_id="11" status="Complete" time="1222354203">Spanish : S40</text>
          </text_data><text_data language="English">
            <text from_TM="False" rev_id="11" status="Complete" time="1222354203">PowerShot S40</text>
          </text_data>
        </ta_sentence><ta_sentence do_translation="yes" encoding="utf-8" format="1" id="848" original_language="English">
          <space_before />
          <space_after> </space_after>
          <text_data language="German">
            <text from_TM="False" rev_id="13" status="New" time="1222355938">PowerShot S45</text>
          </text_data><text_data language="Spanish">
            <text from_TM="False" rev_id="11" status="Complete" time="1222354203">Spanish : S45</text>
          </text_data><text_data language="English">
            <text from_TM="False" rev_id="11" status="Complete" time="1222354203">PowerShot S45</text>
          </text_data>
        </ta_sentence><ta_sentence do_translation="yes" encoding="utf-8" format="1" id="849" original_language="English">
          <space_before />
          <space_after> </space_after>
          <text_data language="German">
            <text from_TM="False" rev_id="13" status="New" time="1222355938">PowerShot S50</text>
          </text_data><text_data language="Spanish">
            <text from_TM="False" rev_id="11" status="Complete" time="1222354203">Spanish : S50</text>
          </text_data><text_data language="English">
            <text from_TM="False" rev_id="11" status="Complete" time="1222354203">PowerShot S50</text>
          </text_data>
        </ta_sentence><ta_sentence do_translation="yes" encoding="utf-8" format="1" id="850" original_language="English">
          <space_before> </space_before>
          <space_after />
          <text_data language="German">
            <text from_TM="False" rev_id="13" status="New" time="1222355938">Casio cameras</text>
            <marker end="-1" id="0" start="0" />
            <marker end="13" id="1" start="0" />
            <marker end="-1" id="0" start="0" />
          </text_data><text_data language="Spanish">
            <text from_TM="False" rev_id="11" status="Complete" time="1222354203">Spanish : ras</text>
            <marker end="-1" id="0" start="0" />
            <marker end="13" id="1" start="0" />
            <marker end="-1" id="0" start="0" />
          </text_data><text_data language="English">
            <text from_TM="False" rev_id="11" status="Complete" time="1222354203">Casio cameras</text>
            <marker end="-1" id="0" start="0" />
            <marker end="13" id="1" start="0" />
            <marker end="-1" id="0" start="0" />
          </text_data><marker_def id="0" type="html">
            <html_marker tag="span">
              <attr name="class" val="Text-standard" />
            </html_marker>
          </marker_def><marker_def id="1" type="html">
            <html_marker tag="a">
              <attr name="name" val="Casio" />
            </html_marker>
          </marker_def>
        </ta_sentence><ta_sentence do_translation="yes" encoding="utf-8" format="1" id="851" original_language="English">
          <space_before />
          <space_after> </space_after>
          <text_data language="German">
            <text from_TM="False" rev_id="13" status="New" time="1222355938">Exlim Pro 600</text>
          </text_data><text_data language="Spanish">
            <text from_TM="False" rev_id="11" status="Complete" time="1222354203">Spanish : 600</text>
          </text_data><text_data language="English">
            <text from_TM="False" rev_id="11" status="Complete" time="1222354203">Exlim Pro 600</text>
          </text_data>
        </ta_sentence><ta_sentence do_translation="yes" encoding="utf-8" format="1" id="852" original_language="English">
          <space_before />
          <space_after> </space_after>
          <text_data language="German">
            <text from_TM="False" rev_id="13" status="New" time="1222355938">QV-2000UX</text>
          </text_data><text_data language="Spanish">
            <text from_TM="False" rev_id="11" status="Complete" time="1222354203">Spanish : </text>
          </text_data><text_data language="English">
            <text from_TM="False" rev_id="11" status="Complete" time="1222354203">QV-2000UX</text>
          </text_data>
        </ta_sentence><ta_sentence do_translation="yes" encoding="utf-8" format="1" id="853" original_language="English">
          <space_before />
          <space_after> </space_after>
          <text_data language="German">
            <text from_TM="False" rev_id="13" status="New" time="1222355938">QV-3000EX</text>
          </text_data><text_data language="Spanish">
            <text from_TM="False" rev_id="11" status="Complete" time="1222354203">Spanish : </text>
          </text_data><text_data language="English">
            <text from_TM="False" rev_id="11" status="Complete" time="1222354203">QV-3000EX</text>
          </text_data>
        </ta_sentence><ta_sentence do_translation="yes" encoding="utf-8" format="1" id="854" original_language="English">
          <space_before />
          <space_after> </space_after>
          <text_data language="German">
            <text from_TM="False" rev_id="13" status="New" time="1222355938">QV-3500EX</text>
          </text_data><text_data language="Spanish">
            <text from_TM="False" rev_id="11" status="Complete" time="1222354203">Spanish : </text>
          </text_data><text_data language="English">
            <text from_TM="False" rev_id="11" status="Complete" time="1222354203">QV-3500EX</text>
          </text_data>
        </ta_sentence><ta_sentence do_translation="yes" encoding="utf-8" format="1" id="855" original_language="English">
          <space_before />
          <space_after> </space_after>
          <text_data language="German">
            <text from_TM="False" rev_id="13" status="New" time="1222355938">QV-4000</text>
          </text_data><text_data language="Spanish">
            <text from_TM="False" rev_id="11" status="Complete" time="1222354203">Spanish : </text>
          </text_data><text_data language="English">
            <text from_TM="False" rev_id="11" status="Complete" time="1222354203">QV-4000</text>
          </text_data>
        </ta_sentence><ta_sentence do_translation="yes" encoding="utf-8" format="1" id="856" original_language="English">
          <space_before />
          <space_after> </space_after>
          <text_data language="German">
            <text from_TM="False" rev_id="13" status="New" time="1222355938">QV-5700</text>
          </text_data><text_data language="Spanish">
            <text from_TM="False" rev_id="11" status="Complete" time="1222354203">Spanish : </text>
          </text_data><text_data language="English">
            <text from_TM="False" rev_id="11" status="Complete" time="1222354203">QV-5700</text>
          </text_data>
        </ta_sentence><ta_sentence do_translation="yes" encoding="utf-8" format="1" id="857" original_language="English">
          <space_before> </space_before>
          <space_after />
          <text_data language="German">
            <text from_TM="False" rev_id="13" status="New" time="1222355938">Contax cameras</text>
            <marker end="-1" id="0" start="0" />
            <marker end="14" id="1" start="0" />
            <marker end="-1" id="0" start="0" />
          </text_data><text_data language="Spanish">
            <text from_TM="False" rev_id="11" status="Complete" time="1222354203">Spanish : eras</text>
            <marker end="-1" id="0" start="0" />
            <marker end="14" id="1" start="0" />
            <marker end="-1" id="0" start="0" />
          </text_data><text_data language="English">
            <text from_TM="False" rev_id="11" status="Complete" time="1222354203">Contax cameras</text>
            <marker end="-1" id="0" start="0" />
            <marker end="14" id="1" start="0" />
            <marker end="-1" id="0" start="0" />
          </text_data><marker_def id="0" type="html">
            <html_marker tag="span">
              <attr name="class" val="Text-standard" />
            </html_marker>
          </marker_def><marker_def id="1" type="html">
            <html_marker tag="a">
              <attr name="name" val="Contax" />
            </html_marker>
          </marker_def>
        </ta_sentence><ta_sentence do_translation="yes" encoding="utf-8" format="1" id="858" original_language="English">
          <space_before />
          <space_after> </space_after>
          <text_data language="German">
            <text from_TM="False" rev_id="13" status="New" time="1222355938">N DIGITAL</text>
          </text_data><text_data language="Spanish">
            <text from_TM="False" rev_id="11" status="Complete" time="1222354203">Spanish : </text>
          </text_data><text_data language="English">
            <text from_TM="False" rev_id="11" status="Complete" time="1222354203">N DIGITAL</text>
          </text_data>
        </ta_sentence><ta_sentence do_translation="yes" encoding="utf-8" format="1" id="859" original_language="English">
          <space_before> </space_before>
          <space_after />
          <text_data language="German">
            <text from_TM="False" rev_id="13" status="New" time="1222355938">Creative cameras</text>
            <marker end="-1" id="0" start="0" />
            <marker end="16" id="1" start="0" />
            <marker end="-1" id="0" start="0" />
          </text_data><text_data language="Spanish">
            <text from_TM="False" rev_id="11" status="Complete" time="1222354203">Spanish : ameras</text>
            <marker end="-1" id="0" start="0" />
            <marker end="16" id="1" start="0" />
            <marker end="-1" id="0" start="0" />
          </text_data><text_data language="English">
            <text from_TM="False" rev_id="11" status="Complete" time="1222354203">Creative cameras</text>
            <marker end="-1" id="0" start="0" />
            <marker end="16" id="1" start="0" />
            <marker end="-1" id="0" start="0" />
          </text_data><marker_def id="0" type="html">
            <html_marker tag="span">
              <attr name="class" val="Text-standard" />
            </html_marker>
          </marker_def><marker_def id="1" type="html">
            <html_marker tag="a">
              <attr name="name" val="Creative" />
            </html_marker>
          </marker_def>
        </ta_sentence><ta_sentence do_translation="yes" encoding="utf-8" format="1" id="860" original_language="English">
          <space_before />
          <space_after> </space_after>
          <text_data language="German">
            <text from_TM="False" rev_id="13" status="New" time="1222355938">PC-CAM 600</text>
          </text_data><text_data language="Spanish">
            <text from_TM="False" rev_id="11" status="Complete" time="1222354203">Spanish : </text>
          </text_data><text_data language="English">
            <text from_TM="False" rev_id="11" status="Complete" time="1222354203">PC-CAM 600</text>
          </text_data>
        </ta_sentence><ta_sentence do_translation="yes" encoding="utf-8" format="1" id="861" original_language="English">
          <space_before> </space_before>
          <space_after />
          <text_data language="German">
            <text from_TM="False" rev_id="13" status="New" time="1222355938">Creo cameras</text>
            <marker end="-1" id="0" start="0" />
            <marker end="12" id="1" start="0" />
            <marker end="-1" id="0" start="0" />
          </text_data><text_data language="Spanish">
            <text from_TM="False" rev_id="11" status="Complete" time="1222354203">Spanish : as</text>
            <marker end="-1" id="0" start="0" />
            <marker end="12" id="1" start="0" />
            <marker end="-1" id="0" start="0" />
          </text_data><text_data language="English">
            <text from_TM="False" rev_id="11" status="Complete" time="1222354203">Creo cameras</text>
            <marker end="-1" id="0" start="0" />
            <marker end="12" id="1" start="0" />
            <marker end="-1" id="0" start="0" />
          </text_data><marker_def id="0" type="html">
            <html_marker tag="span">
              <attr name="class" val="Text-standard" />
            </html_marker>
          </marker_def><marker_def id="1" type="html">
            <html_marker tag="a">
              <attr name="name" val="Creo" />
            </html_marker>
          </marker_def>
        </ta_sentence><ta_sentence do_translation="yes" encoding="utf-8" format="1" id="862" original_language="English">
          <space_before />
          <space_after> </space_after>
          <text_data language="German">
            <text from_TM="False" rev_id="13" status="New" time="1222355938">Leaf Valeo 22</text>
          </text_data><text_data language="Spanish">
            <text from_TM="False" rev_id="11" status="Complete" time="1222354203">Spanish :  22</text>
          </text_data><text_data language="English">
            <text from_TM="False" rev_id="11" status="Complete" time="1222354203">Leaf Valeo 22</text>
          </text_data>
        </ta_sentence><ta_sentence do_translation="yes" encoding="utf-8" format="1" id="863" original_language="English">
          <space_before> </space_before>
          <space_after />
          <text_data language="German">
            <text from_TM="False" rev_id="13" status="New" time="1222355938">Fuji cameras</text>
            <marker end="-1" id="0" start="0" />
            <marker end="12" id="1" start="0" />
            <marker end="-1" id="0" start="0" />
          </text_data><text_data language="Spanish">
            <text from_TM="False" rev_id="11" status="Complete" time="1222354203">Spanish : as</text>
            <marker end="-1" id="0" start="0" />
            <marker end="12" id="1" start="0" />
            <marker end="-1" id="0" start="0" />
          </text_data><text_data language="English">
            <text from_TM="False" rev_id="11" status="Complete" time="1222354203">Fuji cameras</text>
            <marker end="-1" id="0" start="0" />
            <marker end="12" id="1" start="0" />
            <marker end="-1" id="0" start="0" />
          </text_data><marker_def id="0" type="html">
            <html_marker tag="span">
              <attr name="class" val="Text-standard" />
            </html_marker>
          </marker_def><marker_def id="1" type="html">
            <html_marker tag="a">
              <attr name="name" val="Fuji" />
            </html_marker>
          </marker_def>
        </ta_sentence><ta_sentence do_translation="yes" encoding="utf-8" format="1" id="864" original_language="English">
          <space_before />
          <space_after> </space_after>
          <text_data language="German">
            <text from_TM="False" rev_id="13" status="New" time="1222355938">FinePix F700</text>
          </text_data><text_data language="Spanish">
            <text from_TM="False" rev_id="11" status="Complete" time="1222354203">Spanish : 00</text>
          </text_data><text_data language="English">
            <text from_TM="False" rev_id="11" status="Complete" time="1222354203">FinePix F700</text>
          </text_data>
        </ta_sentence><ta_sentence do_translation="yes" encoding="utf-8" format="1" id="865" original_language="English">
          <space_before />
          <space_after> </space_after>
          <text_data language="German">
            <text from_TM="False" rev_id="13" status="New" time="1222355938">FinePix S2Pro</text>
          </text_data><text_data language="Spanish">
            <text from_TM="False" rev_id="11" status="Complete" time="1222354203">Spanish : Pro</text>
          </text_data><text_data language="English">
            <text from_TM="False" rev_id="11" status="Complete" time="1222354203">FinePix S2Pro</text>
          </text_data>
        </ta_sentence><ta_sentence do_translation="yes" encoding="utf-8" format="1" id="866" original_language="English">
          <space_before />
          <space_after> </space_after>
          <text_data language="German">
            <text from_TM="False" rev_id="13" status="New" time="1222355938">FinePix S5000</text>
          </text_data><text_data language="Spanish">
            <text from_TM="False" rev_id="11" status="Complete" time="1222354203">Spanish : 000</text>
          </text_data><text_data language="English">
            <text from_TM="False" rev_id="11" status="Complete" time="1222354203">FinePix S5000</text>
          </text_data>
        </ta_sentence><ta_sentence do_translation="yes" encoding="utf-8" format="1" id="867" original_language="English">
          <space_before />
          <space_after> </space_after>
          <text_data language="German">
            <text from_TM="False" rev_id="13" status="New" time="1222355938">FinePix S7000</text>
          </text_data><text_data language="Spanish">
            <text from_TM="False" rev_id="11" status="Complete" time="1222354203">Spanish : 000</text>
          </text_data><text_data language="English">
            <text from_TM="False" rev_id="11" status="Complete" time="1222354203">FinePix S7000</text>
          </text_data>
        </ta_sentence><ta_sentence do_translation="yes" encoding="utf-8" format="1" id="868" original_language="English">
          <space_before> </space_before>
          <space_after />
          <text_data language="German">
            <text from_TM="False" rev_id="13" status="New" time="1222355938">Imacon cameras</text>
            <marker end="-1" id="0" start="0" />
            <marker end="14" id="1" start="0" />
            <marker end="-1" id="0" start="0" />
          </text_data><text_data language="Spanish">
            <text from_TM="False" rev_id="11" status="Complete" time="1222354203">Spanish : eras</text>
            <marker end="-1" id="0" start="0" />
            <marker end="14" id="1" start="0" />
            <marker end="-1" id="0" start="0" />
          </text_data><text_data language="English">
            <text from_TM="False" rev_id="11" status="Complete" time="1222354203">Imacon cameras</text>
            <marker end="-1" id="0" start="0" />
            <marker end="14" id="1" start="0" />
            <marker end="-1" id="0" start="0" />
          </text_data><marker_def id="0" type="html">
            <html_marker tag="span">
              <attr name="class" val="Text-standard" />
            </html_marker>
          </marker_def><marker_def id="1" type="html">
            <html_marker tag="a">
              <attr name="name" val="Imacon" />
            </html_marker>
          </marker_def>
        </ta_sentence><ta_sentence do_translation="yes" encoding="utf-8" format="1" id="869" original_language="English">
          <space_before />
          <space_after> </space_after>
          <text_data language="German">
            <text from_TM="False" rev_id="13" status="New" time="1222355938">Ixpress</text>
          </text_data><text_data language="Spanish">
            <text from_TM="False" rev_id="11" status="Complete" time="1222354203">Spanish : </text>
          </text_data><text_data language="English">
            <text from_TM="False" rev_id="11" status="Complete" time="1222354203">Ixpress</text>
          </text_data>
        </ta_sentence><ta_sentence do_translation="yes" encoding="utf-8" format="1" id="870" original_language="English">
          <space_before> </space_before>
          <space_after />
          <text_data language="German">
            <text from_TM="False" rev_id="13" status="New" time="1222355938">Kodak cameras</text>
            <marker end="-1" id="0" start="0" />
            <marker end="13" id="1" start="0" />
            <marker end="-1" id="0" start="0" />
          </text_data><text_data language="Spanish">
            <text from_TM="False" rev_id="11" status="Complete" time="1222354203">Spanish : ras</text>
            <marker end="-1" id="0" start="0" />
            <marker end="13" id="1" start="0" />
            <marker end="-1" id="0" start="0" />
          </text_data><text_data language="English">
            <text from_TM="False" rev_id="11" status="Complete" time="1222354203">Kodak cameras</text>
            <marker end="-1" id="0" start="0" />
            <marker end="13" id="1" start="0" />
            <marker end="-1" id="0" start="0" />
          </text_data><marker_def id="0" type="html">
            <html_marker tag="span">
              <attr name="class" val="Text-standard" />
            </html_marker>
          </marker_def><marker_def id="1" type="html">
            <html_marker tag="a">
              <attr name="name" val="Kodak" />
            </html_marker>
          </marker_def>
        </ta_sentence><ta_sentence do_translation="yes" encoding="utf-8" format="1" id="871" original_language="English">
          <space_before />
          <space_after> </space_after>
          <text_data language="German">
            <text from_TM="False" rev_id="13" status="New" time="1222355938">DC120</text>
          </text_data><text_data language="Spanish">
            <text from_TM="False" rev_id="11" status="Complete" time="1222354203">Spanish : </text>
          </text_data><text_data language="English">
            <text from_TM="False" rev_id="11" status="Complete" time="1222354203">DC120</text>
          </text_data>
        </ta_sentence><ta_sentence do_translation="yes" encoding="utf-8" format="1" id="872" original_language="English">
          <space_before />
          <space_after> </space_after>
          <text_data language="German">
            <text from_TM="False" rev_id="13" status="New" time="1222355938">DC20</text>
          </text_data><text_data language="Spanish">
            <text from_TM="False" rev_id="11" status="Complete" time="1222354203">Spanish : </text>
          </text_data><text_data language="English">
            <text from_TM="False" rev_id="11" status="Complete" time="1222354203">DC20</text>
          </text_data>
        </ta_sentence><ta_sentence do_translation="yes" encoding="utf-8" format="1" id="873" original_language="English">
          <space_before />
          <space_after> </space_after>
          <text_data language="German">
            <text from_TM="False" rev_id="13" status="New" time="1222355938">DC25</text>
          </text_data><text_data language="Spanish">
            <text from_TM="False" rev_id="11" status="Complete" time="1222354203">Spanish : </text>
          </text_data><text_data language="English">
            <text from_TM="False" rev_id="11" status="Complete" time="1222354203">DC25</text>
          </text_data>
        </ta_sentence><ta_sentence do_translation="yes" encoding="utf-8" format="1" id="874" original_language="English">
          <space_before />
          <space_after> </space_after>
          <text_data language="German">
            <text from_TM="False" rev_id="13" status="New" time="1222355938">DC40</text>
          </text_data><text_data language="Spanish">
            <text from_TM="False" rev_id="11" status="Complete" time="1222354203">Spanish : </text>
          </text_data><text_data language="English">
            <text from_TM="False" rev_id="11" status="Complete" time="1222354203">DC40</text>
          </text_data>
        </ta_sentence><ta_sentence do_translation="yes" encoding="utf-8" format="1" id="875" original_language="English">
          <space_before />
          <space_after> </space_after>
          <text_data language="German">
            <text from_TM="False" rev_id="13" status="New" time="1222355938">DC50</text>
          </text_data><text_data language="Spanish">
            <text from_TM="False" rev_id="11" status="Complete" time="1222354203">Spanish : </text>
          </text_data><text_data language="English">
            <text from_TM="False" rev_id="11" status="Complete" time="1222354203">DC50</text>
          </text_data>
        </ta_sentence><ta_sentence do_translation="yes" encoding="utf-8" format="1" id="876" original_language="English">
          <space_before />
          <space_after> </space_after>
          <text_data language="German">
            <text from_TM="False" rev_id="13" status="New" time="1222355938">DCS Pro 14n</text>
          </text_data><text_data language="Spanish">
            <text from_TM="False" rev_id="11" status="Complete" time="1222354203">Spanish : n</text>
          </text_data><text_data language="English">
            <text from_TM="False" rev_id="11" status="Complete" time="1222354203">DCS Pro 14n</text>
          </text_data>
        </ta_sentence><ta_sentence do_translation="yes" encoding="utf-8" format="1" id="877" original_language="English">
          <space_before />
          <space_after> </space_after>
          <text_data language="German">
            <text from_TM="False" rev_id="13" status="New" time="1222355938">DCS Pro 14nx</text>
          </text_data><text_data language="Spanish">
            <text from_TM="False" rev_id="11" status="Complete" time="1222354203">Spanish : nx</text>
          </text_data><text_data language="English">
            <text from_TM="False" rev_id="11" status="Complete" time="1222354203">DCS Pro 14nx</text>
          </text_data>
        </ta_sentence><ta_sentence do_translation="yes" encoding="utf-8" format="1" id="878" original_language="English">
          <space_before />
          <space_after> </space_after>
          <text_data language="German">
            <text from_TM="False" rev_id="13" status="New" time="1222355938">DCS Pro SLR/c</text>
          </text_data><text_data language="Spanish">
            <text from_TM="False" rev_id="11" status="Complete" time="1222354203">Spanish : R/c</text>
          </text_data><text_data language="English">
            <text from_TM="False" rev_id="11" status="Complete" time="1222354203">DCS Pro SLR/c</text>
          </text_data>
        </ta_sentence><ta_sentence do_translation="yes" encoding="utf-8" format="1" id="879" original_language="English">
          <space_before />
          <space_after> </space_after>
          <text_data language="German">
            <text from_TM="False" rev_id="13" status="New" time="1222355938">DCS Pro SLR/n</text>
          </text_data><text_data language="Spanish">
            <text from_TM="False" rev_id="11" status="Complete" time="1222354203">Spanish : R/n</text>
          </text_data><text_data language="English">
            <text from_TM="False" rev_id="11" status="Complete" time="1222354203">DCS Pro SLR/n</text>
          </text_data>
        </ta_sentence><ta_sentence do_translation="yes" encoding="utf-8" format="1" id="880" original_language="English">
          <space_before />
          <space_after> </space_after>
          <text_data language="German">
            <text from_TM="False" rev_id="13" status="New" time="1222355938">DCS315C</text>
          </text_data><text_data language="Spanish">
            <text from_TM="False" rev_id="11" status="Complete" time="1222354203">Spanish : </text>
          </text_data><text_data language="English">
            <text from_TM="False" rev_id="11" status="Complete" time="1222354203">DCS315C</text>
          </text_data>
        </ta_sentence><ta_sentence do_translation="yes" encoding="utf-8" format="1" id="881" original_language="English">
          <space_before />
          <space_after> </space_after>
          <text_data language="German">
            <text from_TM="False" rev_id="13" status="New" time="1222355938">DCS330C</text>
          </text_data><text_data language="Spanish">
            <text from_TM="False" rev_id="11" status="Complete" time="1222354203">Spanish : </text>
          </text_data><text_data language="English">
            <text from_TM="False" rev_id="11" status="Complete" time="1222354203">DCS330C</text>
          </text_data>
        </ta_sentence><ta_sentence do_translation="yes" encoding="utf-8" format="1" id="882" original_language="English">
          <space_before />
          <space_after> </space_after>
          <text_data language="German">
            <text from_TM="False" rev_id="13" status="New" time="1222355938">DCS420</text>
          </text_data><text_data language="Spanish">
            <text from_TM="False" rev_id="11" status="Complete" time="1222354203">Spanish : </text>
          </text_data><text_data language="English">
            <text from_TM="False" rev_id="11" status="Complete" time="1222354203">DCS420</text>
          </text_data>
        </ta_sentence><ta_sentence do_translation="yes" encoding="utf-8" format="1" id="883" original_language="English">
          <space_before />
          <space_after> </space_after>
          <text_data language="German">
            <text from_TM="False" rev_id="13" status="New" time="1222355938">DCS460</text>
          </text_data><text_data language="Spanish">
            <text from_TM="False" rev_id="11" status="Complete" time="1222354203">Spanish : </text>
          </text_data><text_data language="English">
            <text from_TM="False" rev_id="11" status="Complete" time="1222354203">DCS460</text>
          </text_data>
        </ta_sentence><ta_sentence do_translation="yes" encoding="utf-8" format="1" id="884" original_language="English">
          <space_before />
          <space_after> </space_after>
          <text_data language="German">
            <text from_TM="False" rev_id="13" status="New" time="1222355938">DCS460A</text>
          </text_data><text_data language="Spanish">
            <text from_TM="False" rev_id="11" status="Complete" time="1222354203">Spanish : </text>
          </text_data><text_data language="English">
            <text from_TM="False" rev_id="11" status="Complete" time="1222354203">DCS460A</text>
          </text_data>
        </ta_sentence><ta_sentence do_translation="yes" encoding="utf-8" format="1" id="885" original_language="English">
          <space_before />
          <space_after> </space_after>
          <text_data language="German">
            <text from_TM="False" rev_id="13" status="New" time="1222355938">DCS520C</text>
          </text_data><text_data language="Spanish">
            <text from_TM="False" rev_id="11" status="Complete" time="1222354203">Spanish : </text>
          </text_data><text_data language="English">
            <text from_TM="False" rev_id="11" status="Complete" time="1222354203">DCS520C</text>
          </text_data>
        </ta_sentence><ta_sentence do_translation="yes" encoding="utf-8" format="1" id="886" original_language="English">
          <space_before />
          <space_after> </space_after>
          <text_data language="German">
            <text from_TM="False" rev_id="13" status="New" time="1222355938">DCS560C</text>
          </text_data><text_data language="Spanish">
            <text from_TM="False" rev_id="11" status="Complete" time="1222354203">Spanish : </text>
          </text_data><text_data language="English">
            <text from_TM="False" rev_id="11" status="Complete" time="1222354203">DCS560C</text>
          </text_data>
        </ta_sentence><ta_sentence do_translation="yes" encoding="utf-8" format="1" id="887" original_language="English">
          <space_before />
          <space_after> </space_after>
          <text_data language="German">
            <text from_TM="False" rev_id="13" status="New" time="1222355938">DCS620C</text>
          </text_data><text_data language="Spanish">
            <text from_TM="False" rev_id="11" status="Complete" time="1222354203">Spanish : </text>
          </text_data><text_data language="English">
            <text from_TM="False" rev_id="11" status="Complete" time="1222354203">DCS620C</text>
          </text_data>
        </ta_sentence><ta_sentence do_translation="yes" encoding="utf-8" format="1" id="888" original_language="English">
          <space_before />
          <space_after> </space_after>
          <text_data language="German">
            <text from_TM="False" rev_id="13" status="New" time="1222355938">DCS620X</text>
          </text_data><text_data language="Spanish">
            <text from_TM="False" rev_id="11" status="Complete" time="1222354203">Spanish : </text>
          </text_data><text_data language="English">
            <text from_TM="False" rev_id="11" status="Complete" time="1222354203">DCS620X</text>
          </text_data>
        </ta_sentence><ta_sentence do_translation="yes" encoding="utf-8" format="1" id="889" original_language="English">
          <space_before />
          <space_after> </space_after>
          <text_data language="German">
            <text from_TM="False" rev_id="13" status="New" time="1222355938">DCS660C</text>
          </text_data><text_data language="Spanish">
            <text from_TM="False" rev_id="11" status="Complete" time="1222354203">Spanish : </text>
          </text_data><text_data language="English">
            <text from_TM="False" rev_id="11" status="Complete" time="1222354203">DCS660C</text>
          </text_data>
        </ta_sentence><ta_sentence do_translation="yes" encoding="utf-8" format="1" id="890" original_language="English">
          <space_before />
          <space_after> </space_after>
          <text_data language="German">
            <text from_TM="False" rev_id="13" status="New" time="1222355938">DCS660M</text>
          </text_data><text_data language="Spanish">
            <text from_TM="False" rev_id="11" status="Complete" time="1222354203">Spanish : </text>
          </text_data><text_data language="English">
            <text from_TM="False" rev_id="11" status="Complete" time="1222354203">DCS660M</text>
          </text_data>
        </ta_sentence><ta_sentence do_translation="yes" encoding="utf-8" format="1" id="891" original_language="English">
          <space_before />
          <space_after> </space_after>
          <text_data language="German">
            <text from_TM="False" rev_id="13" status="New" time="1222355938">DCS720X</text>
          </text_data><text_data language="Spanish">
            <text from_TM="False" rev_id="11" status="Complete" time="1222354203">Spanish : </text>
          </text_data><text_data language="English">
            <text from_TM="False" rev_id="11" status="Complete" time="1222354203">DCS720X</text>
          </text_data>
        </ta_sentence><ta_sentence do_translation="yes" encoding="utf-8" format="1" id="892" original_language="English">
          <space_before />
          <space_after> </space_after>
          <text_data language="German">
            <text from_TM="False" rev_id="13" status="New" time="1222355938">DCS760C</text>
          </text_data><text_data language="Spanish">
            <text from_TM="False" rev_id="11" status="Complete" time="1222354203">Spanish : </text>
          </text_data><text_data language="English">
            <text from_TM="False" rev_id="11" status="Complete" time="1222354203">DCS760C</text>
          </text_data>
        </ta_sentence><ta_sentence do_translation="yes" encoding="utf-8" format="1" id="893" original_language="English">
          <space_before />
          <space_after> </space_after>
          <text_data language="German">
            <text from_TM="False" rev_id="13" status="New" time="1222355938">DCS760M</text>
          </text_data><text_data language="Spanish">
            <text from_TM="False" rev_id="11" status="Complete" time="1222354203">Spanish : </text>
          </text_data><text_data language="English">
            <text from_TM="False" rev_id="11" status="Complete" time="1222354203">DCS760M</text>
          </text_data>
        </ta_sentence><ta_sentence do_translation="yes" encoding="utf-8" format="1" id="894" original_language="English">
          <space_before />
          <space_after> </space_after>
          <text_data language="German">
            <text from_TM="False" rev_id="13" status="New" time="1222355938">EOSDCS1</text>
          </text_data><text_data language="Spanish">
            <text from_TM="False" rev_id="11" status="Complete" time="1222354203">Spanish : </text>
          </text_data><text_data language="English">
            <text from_TM="False" rev_id="11" status="Complete" time="1222354203">EOSDCS1</text>
          </text_data>
        </ta_sentence><ta_sentence do_translation="yes" encoding="utf-8" format="1" id="895" original_language="English">
          <space_before />
          <space_after> </space_after>
          <text_data language="German">
            <text from_TM="False" rev_id="13" status="New" time="1222355938">EOSDCS3B</text>
          </text_data><text_data language="Spanish">
            <text from_TM="False" rev_id="11" status="Complete" time="1222354203">Spanish : </text>
          </text_data><text_data language="English">
            <text from_TM="False" rev_id="11" status="Complete" time="1222354203">EOSDCS3B</text>
          </text_data>
        </ta_sentence><ta_sentence do_translation="yes" encoding="utf-8" format="1" id="896" original_language="English">
          <space_before />
          <space_after> </space_after>
          <text_data language="German">
            <text from_TM="False" rev_id="13" status="New" time="1222355938">NC2000F</text>
          </text_data><text_data language="Spanish">
            <text from_TM="False" rev_id="11" status="Complete" time="1222354203">Spanish : </text>
          </text_data><text_data language="English">
            <text from_TM="False" rev_id="11" status="Complete" time="1222354203">NC2000F</text>
          </text_data>
        </ta_sentence><ta_sentence do_translation="yes" encoding="utf-8" format="1" id="897" original_language="English">
          <space_before />
          <space_after> </space_after>
          <text_data language="German">
            <text from_TM="False" rev_id="13" status="New" time="1222355938">PB645C</text>
          </text_data><text_data language="Spanish">
            <text from_TM="False" rev_id="11" status="Complete" time="1222354203">Spanish : </text>
          </text_data><text_data language="English">
            <text from_TM="False" rev_id="11" status="Complete" time="1222354203">PB645C</text>
          </text_data>
        </ta_sentence><ta_sentence do_translation="yes" encoding="utf-8" format="1" id="898" original_language="English">
          <space_before />
          <space_after> </space_after>
          <text_data language="German">
            <text from_TM="False" rev_id="13" status="New" time="1222355938">PB645H</text>
          </text_data><text_data language="Spanish">
            <text from_TM="False" rev_id="11" status="Complete" time="1222354203">Spanish : </text>
          </text_data><text_data language="English">
            <text from_TM="False" rev_id="11" status="Complete" time="1222354203">PB645H</text>
          </text_data>
        </ta_sentence><ta_sentence do_translation="yes" encoding="utf-8" format="1" id="899" original_language="English">
          <space_before />
          <space_after> </space_after>
          <text_data language="German">
            <text from_TM="False" rev_id="13" status="New" time="1222355938">PB645M</text>
          </text_data><text_data language="Spanish">
            <text from_TM="False" rev_id="11" status="Complete" time="1222354203">Spanish : </text>
          </text_data><text_data language="English">
            <text from_TM="False" rev_id="11" status="Complete" time="1222354203">PB645M</text>
          </text_data>
        </ta_sentence><ta_sentence do_translation="yes" encoding="utf-8" format="1" id="900" original_language="English">
          <space_before />
          <space_after> </space_after>
          <text_data language="German">
            <text from_TM="False" rev_id="13" status="New" time="1222355938">ProBack</text>
          </text_data><text_data language="Spanish">
            <text from_TM="False" rev_id="11" status="Complete" time="1222354203">Spanish : </text>
          </text_data><text_data language="English">
            <text from_TM="False" rev_id="11" status="Complete" time="1222354203">ProBack</text>
          </text_data>
        </ta_sentence><ta_sentence do_translation="yes" encoding="utf-8" format="1" id="901" original_language="English">
          <space_before> </space_before>
          <space_after />
          <text_data language="German">
            <text from_TM="False" rev_id="13" status="New" time="1222355938">Leica cameras</text>
            <marker end="-1" id="0" start="0" />
            <marker end="13" id="1" start="0" />
            <marker end="-1" id="0" start="0" />
          </text_data><text_data language="Spanish">
            <text from_TM="False" rev_id="11" status="Complete" time="1222354203">Spanish : ras</text>
            <marker end="-1" id="0" start="0" />
            <marker end="13" id="1" start="0" />
            <marker end="-1" id="0" start="0" />
          </text_data><text_data language="English">
            <text from_TM="False" rev_id="11" status="Complete" time="1222354203">Leica cameras</text>
            <marker end="-1" id="0" start="0" />
            <marker end="13" id="1" start="0" />
            <marker end="-1" id="0" start="0" />
          </text_data><marker_def id="0" type="html">
            <html_marker tag="span">
              <attr name="class" val="Text-standard" />
            </html_marker>
          </marker_def><marker_def id="1" type="html">
            <html_marker tag="a">
              <attr name="name" val="Leica" />
            </html_marker>
          </marker_def>
        </ta_sentence><ta_sentence do_translation="yes" encoding="utf-8" format="1" id="902" original_language="English">
          <space_before />
          <space_after> </space_after>
          <text_data language="German">
            <text from_TM="False" rev_id="13" status="New" time="1222355938">Digilux 2</text>
          </text_data><text_data language="Spanish">
            <text from_TM="False" rev_id="11" status="Complete" time="1222354203">Spanish : </text>
          </text_data><text_data language="English">
            <text from_TM="False" rev_id="11" status="Complete" time="1222354203">Digilux 2</text>
          </text_data>
        </ta_sentence><ta_sentence do_translation="yes" encoding="utf-8" format="1" id="903" original_language="English">
          <space_before> </space_before>
          <space_after />
          <text_data language="German">
            <text from_TM="False" rev_id="13" status="New" time="1222355938">Minolta cameras</text>
            <marker end="-1" id="0" start="0" />
            <marker end="15" id="1" start="0" />
            <marker end="-1" id="0" start="0" />
          </text_data><text_data language="Spanish">
            <text from_TM="False" rev_id="11" status="Complete" time="1222354203">Spanish : meras</text>
            <marker end="-1" id="0" start="0" />
            <marker end="15" id="1" start="0" />
            <marker end="-1" id="0" start="0" />
          </text_data><text_data language="English">
            <text from_TM="False" rev_id="11" status="Complete" time="1222354203">Minolta cameras</text>
            <marker end="-1" id="0" start="0" />
            <marker end="15" id="1" start="0" />
            <marker end="-1" id="0" start="0" />
          </text_data><marker_def id="0" type="html">
            <html_marker tag="span">
              <attr name="class" val="Text-standard" />
            </html_marker>
          </marker_def><marker_def id="1" type="html">
            <html_marker tag="a">
              <attr name="name" val="Minolta" />
            </html_marker>
          </marker_def>
        </ta_sentence><ta_sentence do_translation="yes" encoding="utf-8" format="1" id="904" original_language="English">
          <space_before />
          <space_after> </space_after>
          <text_data language="German">
            <text from_TM="False" rev_id="13" status="New" time="1222355938">DiMAGE 5</text>
          </text_data><text_data language="Spanish">
            <text from_TM="False" rev_id="11" status="Complete" time="1222354203">Spanish : </text>
          </text_data><text_data language="English">
            <text from_TM="False" rev_id="11" status="Complete" time="1222354203">DiMAGE 5</text>
          </text_data>
        </ta_sentence><ta_sentence do_translation="yes" encoding="utf-8" format="1" id="905" original_language="English">
          <space_before />
          <space_after> </space_after>
          <text_data language="German">
            <text from_TM="False" rev_id="13" status="New" time="1222355938">DiMAGE 7</text>
          </text_data><text_data language="Spanish">
            <text from_TM="False" rev_id="11" status="Complete" time="1222354203">Spanish : </text>
          </text_data><text_data language="English">
            <text from_TM="False" rev_id="11" status="Complete" time="1222354203">DiMAGE 7</text>
          </text_data>
        </ta_sentence><ta_sentence do_translation="yes" encoding="utf-8" format="1" id="906" original_language="English">
          <space_before />
          <space_after> </space_after>
          <text_data language="German">
            <text from_TM="False" rev_id="13" status="New" time="1222355938">DiMAGE 7i</text>
          </text_data><text_data language="Spanish">
            <text from_TM="False" rev_id="11" status="Complete" time="1222354203">Spanish : </text>
          </text_data><text_data language="English">
            <text from_TM="False" rev_id="11" status="Complete" time="1222354203">DiMAGE 7i</text>
          </text_data>
        </ta_sentence><ta_sentence do_translation="yes" encoding="utf-8" format="1" id="907" original_language="English">
          <space_before />
          <space_after> </space_after>
          <text_data language="German">
            <text from_TM="False" rev_id="13" status="New" time="1222355938">DiMAGE A1</text>
          </text_data><text_data language="Spanish">
            <text from_TM="False" rev_id="11" status="Complete" time="1222354203">Spanish : </text>
          </text_data><text_data language="English">
            <text from_TM="False" rev_id="11" status="Complete" time="1222354203">DiMAGE A1</text>
          </text_data>
        </ta_sentence><ta_sentence do_translation="yes" encoding="utf-8" format="1" id="908" original_language="English">
          <space_before />
          <space_after> </space_after>
          <text_data language="German">
            <text from_TM="False" rev_id="13" status="New" time="1222355938">DiMAGE A2</text>
          </text_data><text_data language="Spanish">
            <text from_TM="False" rev_id="11" status="Complete" time="1222354203">Spanish : </text>
          </text_data><text_data language="English">
            <text from_TM="False" rev_id="11" status="Complete" time="1222354203">DiMAGE A2</text>
          </text_data>
        </ta_sentence><ta_sentence do_translation="yes" encoding="utf-8" format="1" id="909" original_language="English">
          <space_before />
          <space_after> </space_after>
          <text_data language="German">
            <text from_TM="False" rev_id="13" status="New" time="1222355938">DiMAGE G500</text>
          </text_data><text_data language="Spanish">
            <text from_TM="False" rev_id="11" status="Complete" time="1222354203">Spanish : 0</text>
          </text_data><text_data language="English">
            <text from_TM="False" rev_id="11" status="Complete" time="1222354203">DiMAGE G500</text>
          </text_data>
        </ta_sentence><ta_sentence do_translation="yes" encoding="utf-8" format="1" id="910" original_language="English">
          <space_before> </space_before>
          <space_after />
          <text_data language="German">
            <text from_TM="False" rev_id="13" status="New" time="1222355938">Nikon cameras</text>
            <marker end="-1" id="0" start="0" />
            <marker end="13" id="1" start="0" />
            <marker end="-1" id="0" start="0" />
          </text_data><text_data language="Spanish">
            <text from_TM="False" rev_id="11" status="Complete" time="1222354203">Spanish : ras</text>
            <marker end="-1" id="0" start="0" />
            <marker end="13" id="1" start="0" />
            <marker end="-1" id="0" start="0" />
          </text_data><text_data language="English">
            <text from_TM="False" rev_id="11" status="Complete" time="1222354203">Nikon cameras</text>
            <marker end="-1" id="0" start="0" />
            <marker end="13" id="1" start="0" />
            <marker end="-1" id="0" start="0" />
          </text_data><marker_def id="0" type="html">
            <html_marker tag="span">
              <attr name="class" val="Text-standard" />
            </html_marker>
          </marker_def><marker_def id="1" type="html">
            <html_marker tag="a">
              <attr name="name" val="Nikon" />
            </html_marker>
          </marker_def>
        </ta_sentence><ta_sentence do_translation="yes" encoding="utf-8" format="1" id="911" original_language="English">
          <space_before />
          <space_after> </space_after>
          <text_data language="German">
            <text from_TM="False" rev_id="13" status="New" time="1222355938">D1</text>
          </text_data><text_data language="Spanish">
            <text from_TM="False" rev_id="11" status="Complete" time="1222354203">Spanish : </text>
          </text_data><text_data language="English">
            <text from_TM="False" rev_id="11" status="Complete" time="1222354203">D1</text>
          </text_data>
        </ta_sentence><ta_sentence do_translation="yes" encoding="utf-8" format="1" id="912" original_language="English">
          <space_before />
          <space_after> </space_after>
          <text_data language="German">
            <text from_TM="False" rev_id="13" status="New" time="1222355938">D100</text>
          </text_data><text_data language="Spanish">
            <text from_TM="False" rev_id="11" status="Complete" time="1222354203">Spanish : </text>
          </text_data><text_data language="English">
            <text from_TM="False" rev_id="11" status="Complete" time="1222354203">D100</text>
          </text_data>
        </ta_sentence><ta_sentence do_translation="yes" encoding="utf-8" format="1" id="913" original_language="English">
          <space_before />
          <space_after> </space_after>
          <text_data language="German">
            <text from_TM="False" rev_id="13" status="New" time="1222355938">D1H</text>
          </text_data><text_data language="Spanish">
            <text from_TM="False" rev_id="11" status="Complete" time="1222354203">Spanish : </text>
          </text_data><text_data language="English">
            <text from_TM="False" rev_id="11" status="Complete" time="1222354203">D1H</text>
          </text_data>
        </ta_sentence><ta_sentence do_translation="yes" encoding="utf-8" format="1" id="914" original_language="English">
          <space_before />
          <space_after> </space_after>
          <text_data language="German">
            <text from_TM="False" rev_id="13" status="New" time="1222355938">D1X</text>
          </text_data><text_data language="Spanish">
            <text from_TM="False" rev_id="11" status="Complete" time="1222354203">Spanish : </text>
          </text_data><text_data language="English">
            <text from_TM="False" rev_id="11" status="Complete" time="1222354203">D1X</text>
          </text_data>
        </ta_sentence><ta_sentence do_translation="yes" encoding="utf-8" format="1" id="915" original_language="English">
          <space_before />
          <space_after> </space_after>
          <text_data language="German">
            <text from_TM="False" rev_id="13" status="New" time="1222355938">D2H</text>
          </text_data><text_data language="Spanish">
            <text from_TM="False" rev_id="11" status="Complete" time="1222354203">Spanish : </text>
          </text_data><text_data language="English">
            <text from_TM="False" rev_id="11" status="Complete" time="1222354203">D2H</text>
          </text_data>
        </ta_sentence><ta_sentence do_translation="yes" encoding="utf-8" format="1" id="916" original_language="English">
          <space_before />
          <space_after> </space_after>
          <text_data language="German">
            <text from_TM="False" rev_id="13" status="New" time="1222355938">D70</text>
          </text_data><text_data language="Spanish">
            <text from_TM="False" rev_id="11" status="Complete" time="1222354203">Spanish : </text>
          </text_data><text_data language="English">
            <text from_TM="False" rev_id="11" status="Complete" time="1222354203">D70</text>
          </text_data>
        </ta_sentence><ta_sentence do_translation="yes" encoding="utf-8" format="1" id="917" original_language="English">
          <space_before />
          <space_after> </space_after>
          <text_data language="German">
            <text from_TM="False" rev_id="13" status="New" time="1222355938">E2100</text>
          </text_data><text_data language="Spanish">
            <text from_TM="False" rev_id="11" status="Complete" time="1222354203">Spanish : </text>
          </text_data><text_data language="English">
            <text from_TM="False" rev_id="11" status="Complete" time="1222354203">E2100</text>
          </text_data>
        </ta_sentence><ta_sentence do_translation="yes" encoding="utf-8" format="1" id="918" original_language="English">
          <space_before />
          <space_after> </space_after>
          <text_data language="German">
            <text from_TM="False" rev_id="13" status="New" time="1222355938">E2500</text>
          </text_data><text_data language="Spanish">
            <text from_TM="False" rev_id="11" status="Complete" time="1222354203">Spanish : </text>
          </text_data><text_data language="English">
            <text from_TM="False" rev_id="11" status="Complete" time="1222354203">E2500</text>
          </text_data>
        </ta_sentence><ta_sentence do_translation="yes" encoding="utf-8" format="1" id="919" original_language="English">
          <space_before />
          <space_after> </space_after>
          <text_data language="German">
            <text from_TM="False" rev_id="13" status="New" time="1222355938">E4300</text>
          </text_data><text_data language="Spanish">
            <text from_TM="False" rev_id="11" status="Complete" time="1222354203">Spanish : </text>
          </text_data><text_data language="English">
            <text from_TM="False" rev_id="11" status="Complete" time="1222354203">E4300</text>
          </text_data>
        </ta_sentence><ta_sentence do_translation="yes" encoding="utf-8" format="1" id="920" original_language="English">
          <space_before />
          <space_after> </space_after>
          <text_data language="German">
            <text from_TM="False" rev_id="13" status="New" time="1222355938">E4500</text>
          </text_data><text_data language="Spanish">
            <text from_TM="False" rev_id="11" status="Complete" time="1222354203">Spanish : </text>
          </text_data><text_data language="English">
            <text from_TM="False" rev_id="11" status="Complete" time="1222354203">E4500</text>
          </text_data>
        </ta_sentence><ta_sentence do_translation="yes" encoding="utf-8" format="1" id="921" original_language="English">
          <space_before />
          <space_after> </space_after>
          <text_data language="German">
            <text from_TM="False" rev_id="13" status="New" time="1222355938">E5000</text>
          </text_data><text_data language="Spanish">
            <text from_TM="False" rev_id="11" status="Complete" time="1222354203">Spanish : </text>
          </text_data><text_data language="English">
            <text from_TM="False" rev_id="11" status="Complete" time="1222354203">E5000</text>
          </text_data>
        </ta_sentence><ta_sentence do_translation="yes" encoding="utf-8" format="1" id="922" original_language="English">
          <space_before />
          <space_after> </space_after>
          <text_data language="German">
            <text from_TM="False" rev_id="13" status="New" time="1222355938">E5400</text>
          </text_data><text_data language="Spanish">
            <text from_TM="False" rev_id="11" status="Complete" time="1222354203">Spanish : </text>
          </text_data><text_data language="English">
            <text from_TM="False" rev_id="11" status="Complete" time="1222354203">E5400</text>
          </text_data>
        </ta_sentence><ta_sentence do_translation="yes" encoding="utf-8" format="1" id="923" original_language="English">
          <space_before />
          <space_after> </space_after>
          <text_data language="German">
            <text from_TM="False" rev_id="13" status="New" time="1222355938">E5700</text>
          </text_data><text_data language="Spanish">
            <text from_TM="False" rev_id="11" status="Complete" time="1222354203">Spanish : </text>
          </text_data><text_data language="English">
            <text from_TM="False" rev_id="11" status="Complete" time="1222354203">E5700</text>
          </text_data>
        </ta_sentence><ta_sentence do_translation="yes" encoding="utf-8" format="1" id="924" original_language="English">
          <space_before />
          <space_after> </space_after>
          <text_data language="German">
            <text from_TM="False" rev_id="13" status="New" time="1222355938">E8700</text>
          </text_data><text_data language="Spanish">
            <text from_TM="False" rev_id="11" status="Complete" time="1222354203">Spanish : </text>
          </text_data><text_data language="English">
            <text from_TM="False" rev_id="11" status="Complete" time="1222354203">E8700</text>
          </text_data>
        </ta_sentence><ta_sentence do_translation="yes" encoding="utf-8" format="1" id="925" original_language="English">
          <space_before />
          <space_after> </space_after>
          <text_data language="German">
            <text from_TM="False" rev_id="13" status="New" time="1222355938">E950</text>
          </text_data><text_data language="Spanish">
            <text from_TM="False" rev_id="11" status="Complete" time="1222354203">Spanish : </text>
          </text_data><text_data language="English">
            <text from_TM="False" rev_id="11" status="Complete" time="1222354203">E950</text>
          </text_data>
        </ta_sentence><ta_sentence do_translation="yes" encoding="utf-8" format="1" id="926" original_language="English">
          <space_before />
          <space_after> </space_after>
          <text_data language="German">
            <text from_TM="False" rev_id="13" status="New" time="1222355938">E990</text>
          </text_data><text_data language="Spanish">
            <text from_TM="False" rev_id="11" status="Complete" time="1222354203">Spanish : </text>
          </text_data><text_data language="English">
            <text from_TM="False" rev_id="11" status="Complete" time="1222354203">E990</text>
          </text_data>
        </ta_sentence><ta_sentence do_translation="yes" encoding="utf-8" format="1" id="927" original_language="English">
          <space_before />
          <space_after> </space_after>
          <text_data language="German">
            <text from_TM="False" rev_id="13" status="New" time="1222355938">E995</text>
          </text_data><text_data language="Spanish">
            <text from_TM="False" rev_id="11" status="Complete" time="1222354203">Spanish : </text>
          </text_data><text_data language="English">
            <text from_TM="False" rev_id="11" status="Complete" time="1222354203">E995</text>
          </text_data>
        </ta_sentence><ta_sentence do_translation="yes" encoding="utf-8" format="1" id="928" original_language="English">
          <space_before> </space_before>
          <space_after />
          <text_data language="German">
            <text from_TM="False" rev_id="13" status="New" time="1222355938">Olympus cameras</text>
            <marker end="-1" id="0" start="0" />
            <marker end="15" id="1" start="0" />
            <marker end="-1" id="0" start="0" />
          </text_data><text_data language="Spanish">
            <text from_TM="False" rev_id="11" status="Complete" time="1222354203">Spanish : meras</text>
            <marker end="-1" id="0" start="0" />
            <marker end="15" id="1" start="0" />
            <marker end="-1" id="0" start="0" />
          </text_data><text_data language="English">
            <text from_TM="False" rev_id="11" status="Complete" time="1222354203">Olympus cameras</text>
            <marker end="-1" id="0" start="0" />
            <marker end="15" id="1" start="0" />
            <marker end="-1" id="0" start="0" />
          </text_data><marker_def id="0" type="html">
            <html_marker tag="span">
              <attr name="class" val="Text-standard" />
            </html_marker>
          </marker_def><marker_def id="1" type="html">
            <html_marker tag="a">
              <attr name="name" val="Olympus" />
            </html_marker>
          </marker_def>
        </ta_sentence><ta_sentence do_translation="yes" encoding="utf-8" format="1" id="929" original_language="English">
          <space_before />
          <space_after> </space_after>
          <text_data language="German">
            <text from_TM="False" rev_id="13" status="New" time="1222355938">C5050Z</text>
          </text_data><text_data language="Spanish">
            <text from_TM="False" rev_id="11" status="Complete" time="1222354203">Spanish : </text>
          </text_data><text_data language="English">
            <text from_TM="False" rev_id="11" status="Complete" time="1222354203">C5050Z</text>
          </text_data>
        </ta_sentence><ta_sentence do_translation="yes" encoding="utf-8" format="1" id="930" original_language="English">
          <space_before />
          <space_after> </space_after>
          <text_data language="German">
            <text from_TM="False" rev_id="13" status="New" time="1222355938">C5060WZ</text>
          </text_data><text_data language="Spanish">
            <text from_TM="False" rev_id="11" status="Complete" time="1222354203">Spanish : </text>
          </text_data><text_data language="English">
            <text from_TM="False" rev_id="11" status="Complete" time="1222354203">C5060WZ</text>
          </text_data>
        </ta_sentence><ta_sentence do_translation="yes" encoding="utf-8" format="1" id="931" original_language="English">
          <space_before />
          <space_after> </space_after>
          <text_data language="German">
            <text from_TM="False" rev_id="13" status="New" time="1222355938">C8080WZ</text>
          </text_data><text_data language="Spanish">
            <text from_TM="False" rev_id="11" status="Complete" time="1222354203">Spanish : </text>
          </text_data><text_data language="English">
            <text from_TM="False" rev_id="11" status="Complete" time="1222354203">C8080WZ</text>
          </text_data>
        </ta_sentence><ta_sentence do_translation="yes" encoding="utf-8" format="1" id="932" original_language="English">
          <space_before />
          <space_after> </space_after>
          <text_data language="German">
            <text from_TM="False" rev_id="13" status="New" time="1222355938">E-1</text>
          </text_data><text_data language="Spanish">
            <text from_TM="False" rev_id="11" status="Complete" time="1222354203">Spanish : </text>
          </text_data><text_data language="English">
            <text from_TM="False" rev_id="11" status="Complete" time="1222354203">E-1</text>
          </text_data>
        </ta_sentence><ta_sentence do_translation="yes" encoding="utf-8" format="1" id="933" original_language="English">
          <space_before />
          <space_after> </space_after>
          <text_data language="German">
            <text from_TM="False" rev_id="13" status="New" time="1222355938">E-10</text>
          </text_data><text_data language="Spanish">
            <text from_TM="False" rev_id="11" status="Complete" time="1222354203">Spanish : </text>
          </text_data><text_data language="English">
            <text from_TM="False" rev_id="11" status="Complete" time="1222354203">E-10</text>
          </text_data>
        </ta_sentence><ta_sentence do_translation="yes" encoding="utf-8" format="1" id="934" original_language="English">
          <space_before />
          <space_after> </space_after>
          <text_data language="German">
            <text from_TM="False" rev_id="13" status="New" time="1222355938">E-20</text>
          </text_data><text_data language="Spanish">
            <text from_TM="False" rev_id="11" status="Complete" time="1222354203">Spanish : </text>
          </text_data><text_data language="English">
            <text from_TM="False" rev_id="11" status="Complete" time="1222354203">E-20</text>
          </text_data>
        </ta_sentence><ta_sentence do_translation="yes" encoding="utf-8" format="1" id="935" original_language="English">
          <space_before> </space_before>
          <space_after />
          <text_data language="German">
            <text from_TM="False" rev_id="13" status="New" time="1222355938">Panasonic cameras</text>
            <marker end="-1" id="0" start="0" />
            <marker end="17" id="1" start="0" />
            <marker end="-1" id="0" start="0" />
          </text_data><text_data language="Spanish">
            <text from_TM="False" rev_id="11" status="Complete" time="1222354203">Spanish : cameras</text>
            <marker end="-1" id="0" start="0" />
            <marker end="17" id="1" start="0" />
            <marker end="-1" id="0" start="0" />
          </text_data><text_data language="English">
            <text from_TM="False" rev_id="11" status="Complete" time="1222354203">Panasonic cameras</text>
            <marker end="-1" id="0" start="0" />
            <marker end="17" id="1" start="0" />
            <marker end="-1" id="0" start="0" />
          </text_data><marker_def id="0" type="html">
            <html_marker tag="span">
              <attr name="class" val="Text-standard" />
            </html_marker>
          </marker_def><marker_def id="1" type="html">
            <html_marker tag="a">
              <attr name="name" val="Panasonic" />
            </html_marker>
          </marker_def>
        </ta_sentence><ta_sentence do_translation="yes" encoding="utf-8" format="1" id="936" original_language="English">
          <space_before />
          <space_after> </space_after>
          <text_data language="German">
            <text from_TM="False" rev_id="13" status="New" time="1222355938">DMC-LC1</text>
          </text_data><text_data language="Spanish">
            <text from_TM="False" rev_id="11" status="Complete" time="1222354203">Spanish : </text>
          </text_data><text_data language="English">
            <text from_TM="False" rev_id="11" status="Complete" time="1222354203">DMC-LC1</text>
          </text_data>
        </ta_sentence><ta_sentence do_translation="yes" encoding="utf-8" format="1" id="937" original_language="English">
          <space_before> </space_before>
          <space_after />
          <text_data language="German">
            <text from_TM="False" rev_id="13" status="New" time="1222355938">Pentax cameras</text>
            <marker end="-1" id="0" start="0" />
            <marker end="14" id="1" start="0" />
            <marker end="-1" id="0" start="0" />
          </text_data><text_data language="Spanish">
            <text from_TM="False" rev_id="11" status="Complete" time="1222354203">Spanish : eras</text>
            <marker end="-1" id="0" start="0" />
            <marker end="14" id="1" start="0" />
            <marker end="-1" id="0" start="0" />
          </text_data><text_data language="English">
            <text from_TM="False" rev_id="11" status="Complete" time="1222354203">Pentax cameras</text>
            <marker end="-1" id="0" start="0" />
            <marker end="14" id="1" start="0" />
            <marker end="-1" id="0" start="0" />
          </text_data><marker_def id="0" type="html">
            <html_marker tag="span">
              <attr name="class" val="Text-standard" />
            </html_marker>
          </marker_def><marker_def id="1" type="html">
            <html_marker tag="a">
              <attr name="name" val="Pentax" />
            </html_marker>
          </marker_def>
        </ta_sentence><ta_sentence do_translation="yes" encoding="utf-8" format="1" id="938" original_language="English">
          <space_before />
          <space_after> </space_after>
          <text_data language="German">
            <text from_TM="False" rev_id="13" status="New" time="1222355938">Optio S</text>
          </text_data><text_data language="Spanish">
            <text from_TM="False" rev_id="11" status="Complete" time="1222354203">Spanish : </text>
          </text_data><text_data language="English">
            <text from_TM="False" rev_id="11" status="Complete" time="1222354203">Optio S</text>
          </text_data>
        </ta_sentence><ta_sentence do_translation="yes" encoding="utf-8" format="1" id="939" original_language="English">
          <space_before />
          <space_after> </space_after>
          <text_data language="German">
            <text from_TM="False" rev_id="13" status="New" time="1222355938">Optio S4</text>
          </text_data><text_data language="Spanish">
            <text from_TM="False" rev_id="11" status="Complete" time="1222354203">Spanish : </text>
          </text_data><text_data language="English">
            <text from_TM="False" rev_id="11" status="Complete" time="1222354203">Optio S4</text>
          </text_data>
        </ta_sentence><ta_sentence do_translation="yes" encoding="utf-8" format="1" id="940" original_language="English">
          <space_before> </space_before>
          <space_after />
          <text_data language="German">
            <text from_TM="False" rev_id="13" status="New" time="1222355938">Phase cameras</text>
            <marker end="-1" id="0" start="0" />
            <marker end="13" id="1" start="0" />
            <marker end="-1" id="0" start="0" />
          </text_data><text_data language="Spanish">
            <text from_TM="False" rev_id="11" status="Complete" time="1222354203">Spanish : ras</text>
            <marker end="-1" id="0" start="0" />
            <marker end="13" id="1" start="0" />
            <marker end="-1" id="0" start="0" />
          </text_data><text_data language="English">
            <text from_TM="False" rev_id="11" status="Complete" time="1222354203">Phase cameras</text>
            <marker end="-1" id="0" start="0" />
            <marker end="13" id="1" start="0" />
            <marker end="-1" id="0" start="0" />
          </text_data><marker_def id="0" type="html">
            <html_marker tag="span">
              <attr name="class" val="Text-standard" />
            </html_marker>
          </marker_def><marker_def id="1" type="html">
            <html_marker tag="a">
              <attr name="name" val="Phase" />
            </html_marker>
          </marker_def>
        </ta_sentence><ta_sentence do_translation="yes" encoding="utf-8" format="1" id="941" original_language="English">
          <space_before />
          <space_after> </space_after>
          <text_data language="German">
            <text from_TM="False" rev_id="13" status="New" time="1222355938">One H10</text>
          </text_data><text_data language="Spanish">
            <text from_TM="False" rev_id="11" status="Complete" time="1222354203">Spanish : </text>
          </text_data><text_data language="English">
            <text from_TM="False" rev_id="11" status="Complete" time="1222354203">One H10</text>
          </text_data>
        </ta_sentence><ta_sentence do_translation="yes" encoding="utf-8" format="1" id="942" original_language="English">
          <space_before />
          <space_after> </space_after>
          <text_data language="German">
            <text from_TM="False" rev_id="13" status="New" time="1222355938">One H20</text>
          </text_data><text_data language="Spanish">
            <text from_TM="False" rev_id="11" status="Complete" time="1222354203">Spanish : </text>
          </text_data><text_data language="English">
            <text from_TM="False" rev_id="11" status="Complete" time="1222354203">One H20</text>
          </text_data>
        </ta_sentence><ta_sentence do_translation="yes" encoding="utf-8" format="1" id="943" original_language="English">
          <space_before />
          <space_after> </space_after>
          <text_data language="German">
            <text from_TM="False" rev_id="13" status="New" time="1222355938">One H25</text>
          </text_data><text_data language="Spanish">
            <text from_TM="False" rev_id="11" status="Complete" time="1222354203">Spanish : </text>
          </text_data><text_data language="English">
            <text from_TM="False" rev_id="11" status="Complete" time="1222354203">One H25</text>
          </text_data>
        </ta_sentence><ta_sentence do_translation="yes" encoding="utf-8" format="1" id="944" original_language="English">
          <space_before />
          <space_after> </space_after>
          <text_data language="German">
            <text from_TM="False" rev_id="13" status="New" time="1222355938">One LightPhase</text>
          </text_data><text_data language="Spanish">
            <text from_TM="False" rev_id="11" status="Complete" time="1222354203">Spanish : hase</text>
          </text_data><text_data language="English">
            <text from_TM="False" rev_id="11" status="Complete" time="1222354203">One LightPhase</text>
          </text_data>
        </ta_sentence><ta_sentence do_translation="yes" encoding="utf-8" format="1" id="945" original_language="English">
          <space_before> </space_before>
          <space_after />
          <text_data language="German">
            <text from_TM="False" rev_id="13" status="New" time="1222355938">Rollei cameras</text>
            <marker end="-1" id="0" start="0" />
            <marker end="14" id="1" start="0" />
            <marker end="-1" id="0" start="0" />
          </text_data><text_data language="Spanish">
            <text from_TM="False" rev_id="11" status="Complete" time="1222354203">Spanish : eras</text>
            <marker end="-1" id="0" start="0" />
            <marker end="14" id="1" start="0" />
            <marker end="-1" id="0" start="0" />
          </text_data><text_data language="English">
            <text from_TM="False" rev_id="11" status="Complete" time="1222354203">Rollei cameras</text>
            <marker end="-1" id="0" start="0" />
            <marker end="14" id="1" start="0" />
            <marker end="-1" id="0" start="0" />
          </text_data><marker_def id="0" type="html">
            <html_marker tag="span">
              <attr name="class" val="Text-standard" />
            </html_marker>
          </marker_def><marker_def id="1" type="html">
            <html_marker tag="a">
              <attr name="name" val="Rollei" />
            </html_marker>
          </marker_def>
        </ta_sentence><ta_sentence do_translation="yes" encoding="utf-8" format="1" id="946" original_language="English">
          <space_before />
          <space_after> </space_after>
          <text_data language="German">
            <text from_TM="False" rev_id="13" status="New" time="1222355938">d530flex</text>
          </text_data><text_data language="Spanish">
            <text from_TM="False" rev_id="11" status="Complete" time="1222354203">Spanish : </text>
          </text_data><text_data language="English">
            <text from_TM="False" rev_id="11" status="Complete" time="1222354203">d530flex</text>
          </text_data>
        </ta_sentence><ta_sentence do_translation="yes" encoding="utf-8" format="1" id="947" original_language="English">
          <space_before> </space_before>
          <space_after />
          <text_data language="German">
            <text from_TM="False" rev_id="13" status="New" time="1222355938">Sigma cameras</text>
            <marker end="-1" id="0" start="0" />
            <marker end="13" id="1" start="0" />
            <marker end="-1" id="0" start="0" />
          </text_data><text_data language="Spanish">
            <text from_TM="False" rev_id="11" status="Complete" time="1222354203">Spanish : ras</text>
            <marker end="-1" id="0" start="0" />
            <marker end="13" id="1" start="0" />
            <marker end="-1" id="0" start="0" />
          </text_data><text_data language="English">
            <text from_TM="False" rev_id="11" status="Complete" time="1222354203">Sigma cameras</text>
            <marker end="-1" id="0" start="0" />
            <marker end="13" id="1" start="0" />
            <marker end="-1" id="0" start="0" />
          </text_data><marker_def id="0" type="html">
            <html_marker tag="span">
              <attr name="class" val="Text-standard" />
            </html_marker>
          </marker_def><marker_def id="1" type="html">
            <html_marker tag="a">
              <attr name="name" val="Sigma" />
            </html_marker>
          </marker_def>
        </ta_sentence><ta_sentence do_translation="yes" encoding="utf-8" format="1" id="948" original_language="English">
          <space_before />
          <space_after> </space_after>
          <text_data language="German">
            <text from_TM="False" rev_id="13" status="New" time="1222355938">SD10</text>
          </text_data><text_data language="Spanish">
            <text from_TM="False" rev_id="11" status="Complete" time="1222354203">Spanish : </text>
          </text_data><text_data language="English">
            <text from_TM="False" rev_id="11" status="Complete" time="1222354203">SD10</text>
          </text_data>
        </ta_sentence><ta_sentence do_translation="yes" encoding="utf-8" format="1" id="949" original_language="English">
          <space_before />
          <space_after> </space_after>
          <text_data language="German">
            <text from_TM="False" rev_id="13" status="New" time="1222355938">SD9</text>
          </text_data><text_data language="Spanish">
            <text from_TM="False" rev_id="11" status="Complete" time="1222354203">Spanish : </text>
          </text_data><text_data language="English">
            <text from_TM="False" rev_id="11" status="Complete" time="1222354203">SD9</text>
          </text_data>
        </ta_sentence><ta_sentence do_translation="yes" encoding="utf-8" format="1" id="950" original_language="English">
          <space_before> </space_before>
          <space_after />
          <text_data language="German">
            <text from_TM="False" rev_id="13" status="New" time="1222355938">Sinar cameras</text>
            <marker end="-1" id="0" start="0" />
            <marker end="13" id="1" start="0" />
            <marker end="-1" id="0" start="0" />
          </text_data><text_data language="Spanish">
            <text from_TM="False" rev_id="11" status="Complete" time="1222354203">Spanish : ras</text>
            <marker end="-1" id="0" start="0" />
            <marker end="13" id="1" start="0" />
            <marker end="-1" id="0" start="0" />
          </text_data><text_data language="English">
            <text from_TM="False" rev_id="11" status="Complete" time="1222354203">Sinar cameras</text>
            <marker end="-1" id="0" start="0" />
            <marker end="13" id="1" start="0" />
            <marker end="-1" id="0" start="0" />
          </text_data><marker_def id="0" type="html">
            <html_marker tag="span">
              <attr name="class" val="Text-standard" />
            </html_marker>
          </marker_def><marker_def id="1" type="html">
            <html_marker tag="a">
              <attr name="name" val="Sinar" />
            </html_marker>
          </marker_def>
        </ta_sentence><ta_sentence do_translation="yes" encoding="utf-8" format="1" id="951" original_language="English">
          <space_before />
          <space_after> </space_after>
          <text_data language="German">
            <text from_TM="False" rev_id="13" status="New" time="1222355938">12582980-byte</text>
          </text_data><text_data language="Spanish">
            <text from_TM="False" rev_id="11" status="Complete" time="1222354203">Spanish : yte</text>
          </text_data><text_data language="English">
            <text from_TM="False" rev_id="11" status="Complete" time="1222354203">12582980-byte</text>
          </text_data>
        </ta_sentence><ta_sentence do_translation="yes" encoding="utf-8" format="1" id="952" original_language="English">
          <space_before> </space_before>
          <space_after />
          <text_data language="German">
            <text from_TM="False" rev_id="13" status="New" time="1222355938">Sony cameras</text>
            <marker end="-1" id="0" start="0" />
            <marker end="12" id="1" start="0" />
            <marker end="-1" id="0" start="0" />
          </text_data><text_data language="Spanish">
            <text from_TM="False" rev_id="11" status="Complete" time="1222354203">Spanish : as</text>
            <marker end="-1" id="0" start="0" />
            <marker end="12" id="1" start="0" />
            <marker end="-1" id="0" start="0" />
          </text_data><text_data language="English">
            <text from_TM="False" rev_id="11" status="Complete" time="1222354203">Sony cameras</text>
            <marker end="-1" id="0" start="0" />
            <marker end="12" id="1" start="0" />
            <marker end="-1" id="0" start="0" />
          </text_data><marker_def id="0" type="html">
            <html_marker tag="span">
              <attr name="class" val="Text-standard" />
            </html_marker>
          </marker_def><marker_def id="1" type="html">
            <html_marker tag="a">
              <attr name="name" val="Sony" />
            </html_marker>
          </marker_def>
        </ta_sentence><ta_sentence do_translation="yes" encoding="utf-8" format="1" id="953" original_language="English">
          <space_before />
          <space_after />
          <text_data language="German">
            <text from_TM="False" rev_id="13" status="New" time="1222355938">DSC-F82</text>
            <marker end="7" id="0" start="0" />
          </text_data><text_data language="Spanish">
            <text from_TM="False" rev_id="11" status="Complete" time="1222354203">Spanish : </text>
            <marker end="7" id="0" start="0" />
          </text_data><text_data language="English">
            <text from_TM="False" rev_id="11" status="Complete" time="1222354203">DSC-F82</text>
            <marker end="7" id="0" start="0" />
          </text_data><marker_def id="0" type="html">
            <html_marker tag="span">
              <attr name="class" val="Text-standard" />
            </html_marker>
          </marker_def>
        </ta_sentence><ta_sentence do_translation="yes" encoding="utf-8" format="1" id="954" original_language="English">
          <space_before />
          <space_after />
          <text_data language="German">
            <text from_TM="False" rev_id="13" status="New" time="1222355938">Products&#160;&#160; - &#160;&#160;Passport Photo&#160;&#160; - &#160;&#160;Photo Backup&#160;&#160; - &#160;&#160;Shrink Pic&#160;&#160; - &#160;&#160;Resources&#160;&#160; - &#160;&#160;Partners&#160;&#160; - &#160;&#160;Blog</text>
            <marker end="8" id="0" start="0" />
            <marker end="29" id="1" start="15" />
            <marker end="48" id="2" start="36" />
            <marker end="65" id="3" start="55" />
            <marker end="81" id="4" start="72" />
            <marker end="96" id="5" start="88" />
            <marker end="107" id="6" start="103" />
          </text_data><text_data language="Spanish">
            <text from_TM="False" rev_id="11" status="Complete" time="1222354203">Spanish :  - &#160;&#160;Passport Photo&#160;&#160; - &#160;&#160;Photo Backup&#160;&#160; - &#160;&#160;Shrink Pic&#160;&#160; - &#160;&#160;Resources&#160;&#160; - &#160;&#160;Partners&#160;&#160; - &#160;&#160;Blog</text>
            <marker end="8" id="0" start="0" />
            <marker end="29" id="1" start="15" />
            <marker end="48" id="2" start="36" />
            <marker end="65" id="3" start="55" />
            <marker end="81" id="4" start="72" />
            <marker end="96" id="5" start="88" />
            <marker end="107" id="6" start="103" />
          </text_data><text_data language="English">
            <text from_TM="False" rev_id="11" status="Complete" time="1222354203">Products&#160;&#160; - &#160;&#160;Passport Photo&#160;&#160; - &#160;&#160;Photo Backup&#160;&#160; - &#160;&#160;Shrink Pic&#160;&#160; - &#160;&#160;Resources&#160;&#160; - &#160;&#160;Partners&#160;&#160; - &#160;&#160;Blog</text>
            <marker end="8" id="0" start="0" />
            <marker end="29" id="1" start="15" />
            <marker end="48" id="2" start="36" />
            <marker end="65" id="3" start="55" />
            <marker end="81" id="4" start="72" />
            <marker end="96" id="5" start="88" />
            <marker end="107" id="6" start="103" />
          </text_data><marker_def id="0" type="html">
            <html_marker tag="a">
              <attr name="href" val="./" />
            </html_marker>
          </marker_def><marker_def id="1" type="html">
            <html_marker tag="a">
              <attr name="href" val="passport_photo.htm" />
            </html_marker>
          </marker_def><marker_def id="2" type="html">
            <html_marker tag="a">
              <attr name="href" val="photo_backup.htm" />
            </html_marker>
          </marker_def><marker_def id="3" type="html">
            <html_marker tag="a">
              <attr name="href" val="shrink_pic.htm" />
            </html_marker>
          </marker_def><marker_def id="4" type="html">
            <html_marker tag="a">
              <attr name="href" val="links_nav.htm" />
            </html_marker>
          </marker_def><marker_def id="5" type="html">
            <html_marker tag="a">
              <attr name="href" val="partners.htm" />
            </html_marker>
          </marker_def><marker_def id="6" type="html">
            <html_marker tag="a">
              <attr name="href" val="blog/" />
            </html_marker>
          </marker_def>
        </ta_sentence><ta_sentence do_translation="yes" encoding="utf-8" format="1" id="955" original_language="English">
          <space_before />
          <space_after />
          <text_data language="German">
            <text from_TM="False" rev_id="13" status="New" time="1222355938">This website has been translated using ICanLocalize - Affordable Website Translation</text>
            <marker end="-1" id="0" start="0" />
            <marker end="84" id="1" start="39" />
            <marker end="-1" id="0" start="0" />
          </text_data><text_data language="Spanish">
            <text from_TM="False" rev_id="11" status="Complete" time="1222354203">Spanish : te has been translated using ICanLocalize - Affordable Website Translation</text>
            <marker end="-1" id="0" start="0" />
            <marker end="84" id="1" start="39" />
            <marker end="-1" id="0" start="0" />
          </text_data><text_data language="English">
            <text from_TM="False" rev_id="11" status="Complete" time="1222354203">This website has been translated using ICanLocalize - Affordable Website Translation</text>
            <marker end="-1" id="0" start="0" />
            <marker end="84" id="1" start="39" />
            <marker end="-1" id="0" start="0" />
          </text_data><marker_def id="0" type="html">
            <html_marker tag="span">
              <attr name="class" val="copyright" />
            </html_marker>
          </marker_def><marker_def id="1" type="html">
            <html_marker tag="a">
              <attr name="target" val="_blank" />
              <attr name="href" val="http://www.icanlocalize.com" />
            </html_marker>
          </marker_def>
        </ta_sentence><ta_sentence do_translation="yes" encoding="utf-8" format="1" id="956" original_language="English">
          <space_before />
          <space_after />
          <text_data language="German">
            <text from_TM="False" rev_id="13" status="New" time="1222355938">&#169; OnTheGoSystems,INC. 2003-2008</text>
            <marker end="21" id="0" start="2" />
            <marker end="31" id="-1" start="-1" />
          </text_data><text_data language="Spanish">
            <text from_TM="False" rev_id="11" status="Complete" time="1222354203">Spanish : ystems,INC. 2003-2008</text>
            <marker end="21" id="0" start="2" />
            <marker end="31" id="-1" start="-1" />
          </text_data><text_data language="English">
            <text from_TM="False" rev_id="11" status="Complete" time="1222354203">&#169; OnTheGoSystems,INC. 2003-2008</text>
            <marker end="21" id="0" start="2" />
            <marker end="31" id="-1" start="-1" />
          </text_data><marker_def id="0" type="html">
            <html_marker tag="a">
              <attr name="href" val="http://www.onthegosystems.com/" />
              <attr name="target" val="_blank" />
            </html_marker>
          </marker_def><marker_def id="-1" type="html">
            <html_marker tag="span" />
          </marker_def>
        </ta_sentence>
      </sentences><html_output_change_data_3 />
    </translation>
  </ta_buffer><ta_buffer encoding="utf-8" format="1" manual="False" original_language="English" source_file="/pros.htm" type="html">
    <extractor>
      <marked_file MD5="ecad1aa23c8b8b9922a77fe2a980ebc2" encoding="zlib-hex">789cd55a5b73dcb6157e4e67fa1f90756bc7337bd1cd71524bf2c8929368ead89e588e27d3e968b024968445120c80d57afb90dfdeef1c805c722f92d3b40fcd83b3dc050ecee53bdf3907d4f197176fceaf7e79fb52fc70f5e32bf1f6fd8b5797e762309a4c3e1c9e4f26175717e187a3f1debeb8b2b272da6b53c9623279f97a70fae73f1de7be2cf07f218e732553fe84cf5efb429dfef680febb3abbbebabc7af5f2c10b99dccc6be1cccc2fa4556266aca873e34d66659d2beb68f56fc793b0394a2a959722f7be1ea95fe7faf664706e2aaf2a3fba5ad66a2092f07432f0ea939f9032cf44924beb943fa193e9f3351eae4b696f947d3068e416baba11b955b39381f3cb42b971e2dc405855345fe44af981f038264aa705d8cec64ea2b5fc3035e9b291fbe56824bca9c5545695b28762aa325d89d128ae25dfc869a1c442a73e3f193cfd7a6f20a6c6a6ca9e0cf051163aab4e06096c5216e6a9a2a8659aea2ae39fe9d9d53289cf10fac5b1b7a702ff27c9a9c895ce72b8e309b9869642d8214ec8f06470c48383fda74fce2e062136c7bacc84b3c9c9409732536e322de60ada8f333d235d20e84d7595abefcd3b046dd0537a75d26913b794f59940a1a0d796633735fdfaa0a76a5c8135a9be5d73c7a9d8ae756132b37f8fce87df3e1d74cf0c4ab3bce6c46806ce3ddd62ccbd4ebec3a553e3bd29ff0b5edd8097aad200ae2fda9f2a79ab3349691ac077181690095de50fd620721b7d1d741d9c6ef37f1fbb47dffc21ec1e078ba0525248e74e06a5aae638a071a48ce9399e0c4edf5a93ce13ef8e27b2e797fb77a766511546a66370c3e0f4223efd0782a6f36590f162befcfdbb89a764e28384f3f0f0fba5b8795d1b1ba5bc0b0f1b520829f8872275da41f33a823a3001880e1b14f580de45773ff6fb7b7b7fed057f2dbaebd127d9adf0467ab015ca808c55a1900b6de26d5d5219a78affb33596b2adb3a66114a6b8364a77b14de3f14123b9d69f54b1cf5faf04f7d63e3dda5b253414e91680eff6bf7bfaddb71d9efd0371dd3f1834b634a5cf4a5d6c50509f815a54edf7958c60a7df1a53af50774757a67e2d6f616a97117e30a522e83faca6ae7ef630f3cfc2a776111578770d4d42b6fca49c99db44b96d9b3ee44b11ba93e3091ddf49a85edaac1bb762df756cf7ec3aae7799f642673fa914c1f851de28341fd9bc90289ba151323316f8c5128a8b85b13741aba98d600b10627d8f27f526c4eed26913103dbd9c97552a6dda713af5607f9b4c168bc5d855663193b61c1b9b4d3ece2bb53f7a3ae14e6e828649da0ccdd7e07a5ac8ea06029cb7a6ca7654c75a277e6ed5f863adb2581bb12d7589ac95883fb615f260af53210f9e003e394153116c57a0dd6f2b51ccbd18cca807c53f46237c2156debcac7c283414dc7647bb20088ac13c43078bc808296a6b66ca39ee8b7b0ded7371613ad269f5dc29ec4875a63d1627b254567223dc06f97954b76ea3dc9cf8da7830b71105941232338dc05498daeb04f266ba28b10431009a569a3831121536af54f1b98222a95cba311fc75dfabb17fc090dd16bb310ea56d9a5cf91e742bb46e3adab5ff656ea8ac0e371246bd1333ff6fb6e286eb55a0c854ab5170837660261aaadc25fccfd50e4d087ad5e987991b2dd85ee0987d1374ad5dd439e8b0fbc5a8aa54252c1c77e61c047c85a33cff2217db392b712c5923b728493b7f03105a9d033b53b3e0da08849c819f3a84e13ed20ae85d54e396ffe3e140bf508f8427929489203d905078fc474ee452997d3803eab64512c45a5a0a1f6cfc123f4cbca98452e3d84891c36006e9540df31e72d64158b284da59670967a541402a9cb00ca11c942a28f1bef54131d2c2388780ac023ed7a38a411cf001aecb95256cbfeb037ec68491058681c3fed6cc98c49915bca7b286b76c0e395f28f1c6bcd89c0aacb80a98ef804df2409f8014a16cbdd265df422255ccef080520102a521930003643ba510be2e5139e5321c4a56bbaeef958d3b779ff8a3715ee8921a39244db11c36e4bf3abb94a922c32464cd90d605186fab2f7e3688982ed49a63c1308e4b7c897493c30ebe1353d673c4181ec4989c8ad46a602235ca558fbcf81538d1b365571a5c324ff2ad879f89525b0be77424014352543a5182c13b64ecc20ccce21e0c60e73d6f51fc9932d8998696869cd73e8ff9685135ec3248dfedd3b7217a9c139e331e91c1e711d14c105ea951ca61534bce8a29155f6fb56a83b566de4acfd746d44683e0d0d620b8cc7a789821d55425bc0622e057e528eb20fa11e1025100fed909774adf69d259e1cc10726badbab024e2154aba25d959c277db2934204a7354d9911fcdf41e2b7f0131a48636acdc4866217c0d6ac40ce473233ece9d6f8e8fe0dd2a9be862253fa21ca533a164ea645a4b750896436614111044557c569bec3df64f0dede1a2158240eb6baee60a362ca01f74d64d095b73f25d74fe215068878f3f87c2c7e442da031da648bf255d55012d097993244eefaa12b16caf2ca454aa564411126a4ca48d23a8b6676c7f53fb13cba535d2e19868b2236c4e55da47df909fb08e5498f62fe87667d80782765170cd119c6e11645b237fe9438e05e954080c12cff2d51a158f547ad9ad06c4129a685d228ec81caa77ecaa555fbccd59336bcae0ca95a816abd0f0fcc211795ffc7ce1c6a02b464a0bb0505b17916d1dbace10a54e04bc4063837217f6ec76ce7b47c2ba5e19aec0db6493539e2ca93a67e7caaa75fdfbad0397d41b55138171fd5971ed76c7cff8e090c7bfceb5c76eb4eefd3e108d5512a619f8959e536d55e20dbc134f09644edea10e2157c5f630772dee1c8156be7211e22c88fbbd7986eedfbb60587b24b15b6c86c949496e3061dfd98154c300954e34ef578e3a452a4d38143d01d94d6d12a44c1528bc4f520817764c15d4dae1641f4a17d919ccec544078305525590cabda16a4cf5c2ec9553ae7fea9ed83b864106b51eb64523dd3d0a303f69d0c0bb6c18ab257b46fd8fdec585470eec42817be8ac940b58b7ee71651d257c8405b29fb98965bba76b7eb6c8b4ac4d593750ce0dc1da6b31965a09249de324c189786388eede1a61126ab4f4474202f70751a0abfcfe7e5b4c2dcdd65c388d4eec11bbee0518424a2b62c8207428ab1220177ba69ee9de925452c371451589fdc80bd9bf60070dbe9fcd6029e4489bab647bc9b650479b3099ca653e95c36e888f24e6aedc67bc77e321207d19888f61fa167989196b5aa08decc579774695bf5cac4cb4f75817d3c3aad587ba1a6626ae1d21db3c15da5f407904f18b92e7912a612851c7e7e7f417dc77ce957081f0a1f872308e9706787295756afb1ea3a6dee9a6e9a6402ef5b70d52a9ade04916ba91ba88ef28cd2a203d74e12532bba1db267c87b425d532252c6a74c53ced6e6c8909add12d1922a6625b452ff784991fce7b89167b9be92a8159dd1eade04b0363234a59a9cb8ac921cb1d1ff42670c58314f220788f7a8d5808653ead50fd1ff5710d54dd35ab53d0591cdfee408998f3628e55f38528f515710c0b649f2c6dcf0a81f6a76a7923329c48b8b7831b49d73ee0360891186879c46b70433d86740f08a41463e41d255184ac142b2a0ac417ede2a179be055a372c7c01ab9b673e9407623dff346414235670a69177374b3d3da85dcf61dabf6e859672cc4850e04495f11e97cb5ed66cfaa0c0dc218b0989008ea7727559d8f9a877192e9e7e823ca93fdbda3c3a3d1fee67d1f5222b90917979ac738ba707b4cd0a162dd05788d098c92e59c1ab20f8acb7159d29d6a3037d759de7111cfa37ed964430c5e7b6f86130c415d7155a1bb03305d9c2bd8871dde6c670c9e85ffb2373edc1bf75b04b0938bd304c4509a140a84b35cbb59a0eae1ba15855dcc6d1d7ad7b1785ff109a8b950be51b9ad2fa5ecb239869fe60e63d4572631e8b513ef9856389bb9d705a3cc00494c033353a0e0b8b52c466653aa02a405912069757eb11b376fe8e285f5877c1a984ce573beddd9445f08647b9794f5ea0687846f95d8e2a68eab1006c8e38087db4c817873750bd4ae126d7ab702ed2817ea3466ee30e8f53cca5779242043399dd1a2c2b0ca64f99a5e0415c15700987dd0f9509e49573d7cf0cdc1fed3677e4592dbb9a5b9449edae034c679c869ae12f7d3c88e3793dff38509f9de5b7ebfc8c4f888c61ab5bdc4bf07118698ac4c8c80a1acda3fda7dbf1b1b67eefb6880cc658d7e8ee3a4fd90ef2f42e8fa68ff1f31c634bc501d772fe26734d40e45c1b37e985ab839e61184af1ae02be4275ddd78baa65cdd9ddcf9aa2d3e861766db5e9dddf39a6dfb2bbaee7bf4b83bbc46a737801b9bfbfaf013bd5d9a19439578f30f46b6bd886ff0b7f32d797cc5c5ff024addc7764f0d4de942e19ab92be0f06dfc2e406b43525049ec94489bae63f90bf23aacf1b97ab9dceaeae61a553ebee9e667f156279f2be1335efedde319ebd166b9c627e1e973774f0b93211c2ff0bfd5db7944ecd82556637ae717609d1c42b5ca0a3592952c965e278eb309faa2448d3fbadedf207d94b732482158854faddc1debaee7e85cbd381183f767a3275f1f7dbbf70469f82c1c706589f0ec578f9fb5e236df55d2b8175fa6f1608119c0d16d422ee3ccece94fc30a9eda42b1802fd6d27c933a30f55574f950a0b7249307a797e7b27a15bf8173cf6620b294efae3fc413afe24128193dd7b2ce0f49cf675b698a6a99ca8c5b3a505170f02611357f9513160d2f5f9f8f99890ff6f60e47f8e79bfedb61fed38a4ee6b66f8329bde3df841d4fe21fc8fd1b9744083b</marked_file>
      <paragraph_indexes count="65">94 142 506 582 688 763 768 781 845 924 1174 1204 1236 1277 1309 1339 1371 1409 1441 1479 2190 2328 2409 2478 2667 2789 2807 2862 2870 2964 2984 3075 3089 3121 3135 3214 3228 3380 3400 3452 3472 3619 3639 3757 3771 3830 3850 3944 3964 4025 4039 4150 4164 4284 4304 4373 4387 4467 4481 4495 4515 4561 4575 4603 4617 4695 4709 4852 4887 4927 4947 5150 5170 5201 5215 5435 5455 5578 5592 5688 5702 5797 5817 5845 5859 5935 5949 6073 6087 6220 6240 6341 6355 6454 6468 6597 6611 6719 6754 6800 6820 6913 6933 7032 7046 7360 7395 7443 7463 7518 7532 7611 7631 8179 8199 8476 8508 8538 8558 8616 8630 8675 8689 8907 9148 9573 9749 9920 9929 10038 </paragraph_indexes>
      <support_files>
        <file type="todo">images/bluebottom.gif</file>
        <file type="todo">images/bluetop.gif</file>
        <file type="todo">images/bottomwhite.gif</file>
        <file type="todo">images/bottomwhite2.gif</file>
        <file type="todo">images/logo1.gif</file>
        <file type="todo">images/menutabA1.gif</file>
        <file type="todo">images/menutabB1.gif</file>
        <file type="todo">images/photobackup/1bckgrnd.gif</file>
        <file type="todo">images/photobackup/2bckgrnd.gif</file>
        <file type="todo">images/photobackup/3bckgrnd.gif</file>
        <file type="todo">images/picture.jpeg</file>
        <file type="todo">images/topline1.gif</file>
        <file type="todo">images/topline2.gif</file>
        <file type="todo">images/topline2WB.gif</file>
        <file type="todo">images/toplineL.gif</file>
        <file type="todo">images/toplineLW.gif</file>
        <file type="todo">images/toplineR.gif</file>
        <file type="todo">images/topwhite2.gif</file>
        <file type="todo">styles.css</file>
      </support_files>
    </extractor><translation>
      <languages>
        <language reviewed="False">Spanish</language>
        <language reviewed="False">German</language>
      </languages><sentences count="65">
        <ta_sentence do_translation="yes" encoding="utf-8" format="1" id="1129" original_language="English" type="title">
          <space_before />
          <space_after />
          <text_data language="German">
            <text from_TM="False" rev_id="13" status="New" time="1222355938">Backup software for photographers</text>
          </text_data><text_data language="Spanish">
            <text from_TM="False" rev_id="11" status="Complete" time="1222354203">Spanish : tware for photographers</text>
          </text_data><text_data language="English">
            <text from_TM="False" rev_id="11" status="Complete" time="1222354203">Backup software for photographers</text>
          </text_data>
        </ta_sentence><ta_sentence do_translation="yes" encoding="utf-8" format="1" id="1130" original_language="English">
          <space_before />
          <space_after />
          <text_data language="German">
            <text from_TM="False" rev_id="13" status="New" time="1222355938">OnTheGoSoft</text>
            <marker end="11" id="0" start="0" />
          </text_data><text_data language="Spanish">
            <text from_TM="False" rev_id="11" status="Complete" time="1222354203">Spanish : t</text>
            <marker end="11" id="0" start="0" />
          </text_data><text_data language="English">
            <text from_TM="False" rev_id="11" status="Complete" time="1222354203">OnTheGoSoft</text>
            <marker end="11" id="0" start="0" />
          </text_data><marker_def id="0" type="html">
            <html_marker tag="img">
              <attr name="src" val="images/bluetop.gif" />
              <attr name="alt" val="OnTheGoSoft" />
              <attr name="width" val="760" />
              <attr name="height" val="5" />
            </html_marker>
          </marker_def>
        </ta_sentence><ta_sentence do_translation="yes" encoding="utf-8" format="1" id="1131" original_language="English">
          <space_before />
          <space_after />
          <text_data language="German">
            <text from_TM="False" rev_id="13" status="New" time="1222355938">OnTheGoSoft</text>
            <marker end="11" id="0" start="0" />
          </text_data><text_data language="Spanish">
            <text from_TM="False" rev_id="11" status="Complete" time="1222354203">Spanish : t</text>
            <marker end="11" id="0" start="0" />
          </text_data><text_data language="English">
            <text from_TM="False" rev_id="11" status="Complete" time="1222354203">OnTheGoSoft</text>
            <marker end="11" id="0" start="0" />
          </text_data><marker_def id="0" type="html">
            <html_marker tag="img">
              <attr name="src" val="images/logo1.gif" />
              <attr name="alt" val="OnTheGoSoft" />
              <attr name="width" val="397" />
              <attr name="height" val="62" />
            </html_marker>
          </marker_def>
        </ta_sentence><ta_sentence do_translation="no" encoding="utf-8" format="1" id="1132" original_language="English">
          <space_before> </space_before>
          <space_after />
          <text_data language="German">
            <text from_TM="False" rev_id="13" status="New" time="1222355938" />
          </text_data><text_data language="Spanish">
            <text from_TM="False" rev_id="-1" status="Complete" time="1222355861" />
          </text_data><text_data language="English">
            <text from_TM="False" status="Complete" time="1222355861" />
          </text_data>
        </ta_sentence><ta_sentence do_translation="yes" encoding="utf-8" format="1" id="1133" original_language="English">
          <space_before />
          <space_after />
          <text_data language="German">
            <text from_TM="False" rev_id="13" status="New" time="1222355938">OnTheGoSoft</text>
            <marker end="11" id="0" start="0" />
          </text_data><text_data language="Spanish">
            <text from_TM="False" rev_id="11" status="Complete" time="1222354203">Spanish : t</text>
            <marker end="11" id="0" start="0" />
          </text_data><text_data language="English">
            <text from_TM="False" rev_id="11" status="Complete" time="1222354203">OnTheGoSoft</text>
            <marker end="11" id="0" start="0" />
          </text_data><marker_def id="0" type="html">
            <html_marker tag="img">
              <attr name="src" val="images/bluebottom.gif" />
              <attr name="alt" val="OnTheGoSoft" />
              <attr name="width" val="760" />
              <attr name="height" val="5" />
            </html_marker>
          </marker_def>
        </ta_sentence><ta_sentence do_translation="yes" encoding="utf-8" format="1" id="1134" original_language="English">
          <space_before />
          <space_after />
          <text_data language="German">
            <text from_TM="False" rev_id="13" status="New" time="1222355938">Products</text>
            <marker end="8" id="0" start="0" />
          </text_data><text_data language="Spanish">
            <text from_TM="False" rev_id="11" status="Complete" time="1222354203">Spanish : </text>
            <marker end="8" id="0" start="0" />
          </text_data><text_data language="English">
            <text from_TM="False" rev_id="11" status="Complete" time="1222354203">Products</text>
            <marker end="8" id="0" start="0" />
          </text_data><marker_def id="0" type="html">
            <html_marker tag="a">
              <attr name="href" val="./" />
            </html_marker>
          </marker_def>
        </ta_sentence><ta_sentence do_translation="yes" encoding="utf-8" format="1" id="1135" original_language="English">
          <space_before />
          <space_after />
          <text_data language="German">
            <text from_TM="False" rev_id="13" status="New" time="1222355938">Downloads</text>
            <marker end="9" id="0" start="0" />
          </text_data><text_data language="Spanish">
            <text from_TM="False" rev_id="11" status="Complete" time="1222354203">Spanish : </text>
            <marker end="9" id="0" start="0" />
          </text_data><text_data language="English">
            <text from_TM="False" rev_id="11" status="Complete" time="1222354203">Downloads</text>
            <marker end="9" id="0" start="0" />
          </text_data><marker_def id="0" type="html">
            <html_marker tag="a">
              <attr name="href" val="download.htm" />
            </html_marker>
          </marker_def>
        </ta_sentence><ta_sentence do_translation="yes" encoding="utf-8" format="1" id="1136" original_language="English">
          <space_before />
          <space_after />
          <text_data language="German">
            <text from_TM="False" rev_id="13" status="New" time="1222355938">Buy</text>
            <marker end="3" id="0" start="0" />
          </text_data><text_data language="Spanish">
            <text from_TM="False" rev_id="11" status="Complete" time="1222354203">Spanish : </text>
            <marker end="3" id="0" start="0" />
          </text_data><text_data language="English">
            <text from_TM="False" rev_id="11" status="Complete" time="1222354203">Buy</text>
            <marker end="3" id="0" start="0" />
          </text_data><marker_def id="0" type="html">
            <html_marker tag="a">
              <attr name="href" val="buy.htm" />
            </html_marker>
          </marker_def>
        </ta_sentence><ta_sentence do_translation="yes" encoding="utf-8" format="1" id="1137" original_language="English">
          <space_before />
          <space_after />
          <text_data language="German">
            <text from_TM="False" rev_id="13" status="New" time="1222355938">Contact</text>
            <marker end="7" id="0" start="0" />
          </text_data><text_data language="Spanish">
            <text from_TM="False" rev_id="11" status="Complete" time="1222354203">Spanish : </text>
            <marker end="7" id="0" start="0" />
          </text_data><text_data language="English">
            <text from_TM="False" rev_id="11" status="Complete" time="1222354203">Contact</text>
            <marker end="7" id="0" start="0" />
          </text_data><marker_def id="0" type="html">
            <html_marker tag="a">
              <attr name="href" val="contact.htm" />
            </html_marker>
          </marker_def>
        </ta_sentence><ta_sentence do_translation="yes" encoding="utf-8" format="1" id="1138" original_language="English">
          <space_before />
          <space_after />
          <text_data language="German">
            <text from_TM="False" rev_id="13" status="New" time="1222355938">Support</text>
            <marker end="7" id="0" start="0" />
          </text_data><text_data language="Spanish">
            <text from_TM="False" rev_id="11" status="Complete" time="1222354203">Spanish : </text>
            <marker end="7" id="0" start="0" />
          </text_data><text_data language="English">
            <text from_TM="False" rev_id="11" status="Complete" time="1222354203">Support</text>
            <marker end="7" id="0" start="0" />
          </text_data><marker_def id="0" type="html">
            <html_marker tag="a">
              <attr name="href" val="support.htm" />
            </html_marker>
          </marker_def>
        </ta_sentence><ta_sentence do_translation="yes" encoding="utf-8" format="1" id="1139" original_language="English">
          <space_before />
          <space_after />
          <text_data language="German">
            <text from_TM="False" rev_id="13" status="New" time="1222355938">Home&#160;&gt;&#160;Resources&#160;&gt;&#160;Why Backup</text>
            <marker end="29" id="0" start="0" />
            <marker end="4" id="1" start="0" />
            <marker end="16" id="2" start="7" />
          </text_data><text_data language="Spanish">
            <text from_TM="False" rev_id="11" status="Complete" time="1222354203">Spanish : ources&#160;&gt;&#160;Why Backup</text>
            <marker end="29" id="0" start="0" />
            <marker end="4" id="1" start="0" />
            <marker end="16" id="2" start="7" />
          </text_data><text_data language="English">
            <text from_TM="False" rev_id="11" status="Complete" time="1222354203">Home&#160;&gt;&#160;Resources&#160;&gt;&#160;Why Backup</text>
            <marker end="29" id="0" start="0" />
            <marker end="4" id="1" start="0" />
            <marker end="16" id="2" start="7" />
          </text_data><marker_def id="0" type="html">
            <html_marker tag="span">
              <attr name="class" val="Text-TopNav" />
            </html_marker>
          </marker_def><marker_def id="1" type="html">
            <html_marker tag="a">
              <attr name="href" val="./" />
            </html_marker>
          </marker_def><marker_def id="2" type="html">
            <html_marker tag="a">
              <attr name="href" val="links_nav.htm" />
            </html_marker>
          </marker_def>
        </ta_sentence><ta_sentence do_translation="yes" encoding="utf-8" format="1" id="1140" original_language="English">
          <space_before />
          <space_after />
          <text_data language="German">
            <text from_TM="False" rev_id="13" status="New" time="1222355938"> Make regular backup of your work</text>
            <marker end="-1" id="0" start="0" />
            <marker end="-1" id="0" start="0" />
          </text_data><text_data language="Spanish">
            <text from_TM="False" rev_id="11" status="Complete" time="1222354203">Spanish : lar backup of your work</text>
            <marker end="-1" id="0" start="0" />
            <marker end="-1" id="0" start="0" />
          </text_data><text_data language="English">
            <text from_TM="False" rev_id="11" status="Complete" time="1222354203"> Make regular backup of your work</text>
            <marker end="-1" id="0" start="0" />
            <marker end="-1" id="0" start="0" />
          </text_data><marker_def id="0" type="html">
            <html_marker tag="span">
              <attr name="class" val="Text-BigRed" />
            </html_marker>
          </marker_def>
        </ta_sentence><ta_sentence do_translation="yes" encoding="utf-8" format="1" id="1141" original_language="English">
          <space_before />
          <space_after />
          <text_data language="German">
            <text from_TM="False" rev_id="13" status="New" time="1222355938">landscape picture</text>
            <marker end="17" id="0" start="0" />
          </text_data><text_data language="Spanish">
            <text from_TM="False" rev_id="11" status="Complete" time="1222354203">Spanish : picture</text>
            <marker end="17" id="0" start="0" />
          </text_data><text_data language="English">
            <text from_TM="False" rev_id="11" status="Complete" time="1222354203">landscape picture</text>
            <marker end="17" id="0" start="0" />
          </text_data><marker_def id="0" type="html">
            <html_marker tag="img">
              <attr name="src" val="images/picture.jpeg" />
              <attr name="alt" val="landscape picture" />
              <attr name="width" val="200" />
              <attr name="height" val="251" />
              <attr name="hspace" val="10" />
              <attr name="border" val="1" />
              <attr name="align" val="right" />
            </html_marker>
          </marker_def>
        </ta_sentence><ta_sentence do_translation="yes" encoding="utf-8" format="1" id="1142" original_language="English">
          <space_before />
          <space_after> </space_after>
          <text_data language="German">
            <text from_TM="False" rev_id="13" status="New" time="1222355938"> Introduction </text>
            <marker end="14" id="0" start="0" />
          </text_data><text_data language="Spanish">
            <text from_TM="False" rev_id="11" status="Complete" time="1222354203">Spanish : ion </text>
            <marker end="14" id="0" start="0" />
          </text_data><text_data language="English">
            <text from_TM="False" rev_id="11" status="Complete" time="1222354203"> Introduction </text>
            <marker end="14" id="0" start="0" />
          </text_data><marker_def id="0" type="html">
            <html_marker tag="strong" />
          </marker_def>
        </ta_sentence><ta_sentence do_translation="yes" encoding="utf-8" format="1" id="1143" original_language="English">
          <space_before />
          <space_after />
          <text_data language="German">
            <text from_TM="False" rev_id="13" status="New" time="1222355938">Are you a professional photographer? Do you use a digital camera for your work?</text>
          </text_data><text_data language="Spanish">
            <text from_TM="False" rev_id="11" status="Complete" time="1222354203">Spanish : professional photographer? Do you use a digital camera for your work?</text>
          </text_data><text_data language="English">
            <text from_TM="False" rev_id="11" status="Complete" time="1222354203">Are you a professional photographer? Do you use a digital camera for your work?</text>
          </text_data>
        </ta_sentence><ta_sentence do_translation="yes" encoding="utf-8" format="1" id="1144" original_language="English">
          <space_before />
          <space_after />
          <text_data language="German">
            <text from_TM="False" rev_id="13" status="New" time="1222355938">Not too long ago you used optical film to take photographs - not these days.</text>
          </text_data><text_data language="Spanish">
            <text from_TM="False" rev_id="11" status="Complete" time="1222354203">Spanish : ng ago you used optical film to take photographs - not these days.</text>
          </text_data><text_data language="English">
            <text from_TM="False" rev_id="11" status="Complete" time="1222354203">Not too long ago you used optical film to take photographs - not these days.</text>
          </text_data>
        </ta_sentence><ta_sentence do_translation="yes" encoding="utf-8" format="1" id="1145" original_language="English">
          <space_before> </space_before>
          <space_after />
          <text_data language="German">
            <text from_TM="False" rev_id="13" status="New" time="1222355938">Now everything is digital.</text>
          </text_data><text_data language="Spanish">
            <text from_TM="False" rev_id="11" status="Complete" time="1222354203">Spanish : hing is digital.</text>
          </text_data><text_data language="English">
            <text from_TM="False" rev_id="11" status="Complete" time="1222354203">Now everything is digital.</text>
          </text_data>
        </ta_sentence><ta_sentence do_translation="yes" encoding="utf-8" format="1" id="1146" original_language="English">
          <space_before> </space_before>
          <space_after />
          <text_data language="German">
            <text from_TM="False" rev_id="13" status="New" time="1222355938">Everything is instant - take your photos, view, edit and so on.</text>
          </text_data><text_data language="Spanish">
            <text from_TM="False" rev_id="11" status="Complete" time="1222354203">Spanish :  is instant - take your photos, view, edit and so on.</text>
          </text_data><text_data language="English">
            <text from_TM="False" rev_id="11" status="Complete" time="1222354203">Everything is instant - take your photos, view, edit and so on.</text>
          </text_data>
        </ta_sentence><ta_sentence do_translation="yes" encoding="utf-8" format="1" id="1147" original_language="English">
          <space_before> </space_before>
          <space_after />
          <text_data language="German">
            <text from_TM="False" rev_id="13" status="New" time="1222355938">But, how long would you like to keep your photos? Would a year or two be enough, or would you like your photos saved for life?</text>
          </text_data><text_data language="Spanish">
            <text from_TM="False" rev_id="11" status="Complete" time="1222354203">Spanish : ong would you like to keep your photos? Would a year or two be enough, or would you like your photos saved for life?</text>
          </text_data><text_data language="English">
            <text from_TM="False" rev_id="11" status="Complete" time="1222354203">But, how long would you like to keep your photos? Would a year or two be enough, or would you like your photos saved for life?</text>
          </text_data>
        </ta_sentence><ta_sentence do_translation="yes" encoding="utf-8" format="1" id="1148" original_language="English">
          <space_before />
          <space_after />
          <text_data language="German">
            <text from_TM="False" rev_id="13" status="New" time="1222355938">Backing up your digital photos</text>
            <marker end="30" id="0" start="0" />
          </text_data><text_data language="Spanish">
            <text from_TM="False" rev_id="11" status="Complete" time="1222354203">Spanish :  your digital photos</text>
            <marker end="30" id="0" start="0" />
          </text_data><text_data language="English">
            <text from_TM="False" rev_id="11" status="Complete" time="1222354203">Backing up your digital photos</text>
            <marker end="30" id="0" start="0" />
          </text_data><marker_def id="0" type="html">
            <html_marker tag="strong" />
          </marker_def>
        </ta_sentence><ta_sentence do_translation="yes" encoding="utf-8" format="1" id="1149" original_language="English">
          <space_before />
          <space_after />
          <text_data language="German">
            <text from_TM="False" rev_id="13" status="New" time="1222355938">OK, we're selling something - but maybe you really need it? Maybe what we have can actually save you money? We'll get to this later.</text>
          </text_data><text_data language="Spanish">
            <text from_TM="False" rev_id="11" status="Complete" time="1222354203">Spanish : selling something - but maybe you really need it? Maybe what we have can actually save you money? We'll get to this later.</text>
          </text_data><text_data language="English">
            <text from_TM="False" rev_id="11" status="Complete" time="1222354203">OK, we're selling something - but maybe you really need it? Maybe what we have can actually save you money? We'll get to this later.</text>
          </text_data>
        </ta_sentence><ta_sentence do_translation="yes" encoding="utf-8" format="1" id="1150" original_language="English">
          <space_before />
          <space_after />
          <text_data language="German">
            <text from_TM="False" rev_id="13" status="New" time="1222355938">The days of filing optical film are over for many photographers, and will be over for good pretty soon.</text>
          </text_data><text_data language="Spanish">
            <text from_TM="False" rev_id="11" status="Complete" time="1222354203">Spanish : f filing optical film are over for many photographers, and will be over for good pretty soon.</text>
          </text_data><text_data language="English">
            <text from_TM="False" rev_id="11" status="Complete" time="1222354203">The days of filing optical film are over for many photographers, and will be over for good pretty soon.</text>
          </text_data>
        </ta_sentence><ta_sentence do_translation="yes" encoding="utf-8" format="1" id="1151" original_language="English">
          <space_before> </space_before>
          <space_after />
          <text_data language="German">
            <text from_TM="False" rev_id="13" status="New" time="1222355938">Let's get used to that and act accordingly.</text>
          </text_data><text_data language="Spanish">
            <text from_TM="False" rev_id="11" status="Complete" time="1222354203">Spanish : used to that and act accordingly.</text>
          </text_data><text_data language="English">
            <text from_TM="False" rev_id="11" status="Complete" time="1222354203">Let's get used to that and act accordingly.</text>
          </text_data>
        </ta_sentence><ta_sentence do_translation="yes" encoding="utf-8" format="1" id="1152" original_language="English">
          <space_before />
          <space_after />
          <text_data language="German">
            <text from_TM="False" rev_id="13" status="New" time="1222355938">Digital photos should be saved more or less the same way that films were saved.</text>
          </text_data><text_data language="Spanish">
            <text from_TM="False" rev_id="11" status="Complete" time="1222354203">Spanish : otos should be saved more or less the same way that films were saved.</text>
          </text_data><text_data language="English">
            <text from_TM="False" rev_id="11" status="Complete" time="1222354203">Digital photos should be saved more or less the same way that films were saved.</text>
          </text_data>
        </ta_sentence><ta_sentence do_translation="yes" encoding="utf-8" format="1" id="1153" original_language="English">
          <space_before />
          <space_after />
          <text_data language="German">
            <text from_TM="False" rev_id="13" status="New" time="1222355938">Most importantly, backup should be made to a safe place.</text>
          </text_data><text_data language="Spanish">
            <text from_TM="False" rev_id="11" status="Complete" time="1222354203">Spanish : tantly, backup should be made to a safe place.</text>
          </text_data><text_data language="English">
            <text from_TM="False" rev_id="11" status="Complete" time="1222354203">Most importantly, backup should be made to a safe place.</text>
          </text_data>
        </ta_sentence><ta_sentence do_translation="yes" encoding="utf-8" format="1" id="1154" original_language="English">
          <space_before> </space_before>
          <space_after />
          <text_data language="German">
            <text from_TM="False" rev_id="13" status="New" time="1222355938">Volatile and erasable media, like your computer's hard drive doesn't qualify as such.</text>
          </text_data><text_data language="Spanish">
            <text from_TM="False" rev_id="11" status="Complete" time="1222354203">Spanish : nd erasable media, like your computer's hard drive doesn't qualify as such.</text>
          </text_data><text_data language="English">
            <text from_TM="False" rev_id="11" status="Complete" time="1222354203">Volatile and erasable media, like your computer's hard drive doesn't qualify as such.</text>
          </text_data>
        </ta_sentence><ta_sentence do_translation="yes" encoding="utf-8" format="1" id="1155" original_language="English">
          <space_before> </space_before>
          <space_after />
          <text_data language="German">
            <text from_TM="False" rev_id="13" status="New" time="1222355938">A mirror hard drive is a nice thing, but a smart virus will take that out along with your primary drive.</text>
          </text_data><text_data language="Spanish">
            <text from_TM="False" rev_id="11" status="Complete" time="1222354203">Spanish : ard drive is a nice thing, but a smart virus will take that out along with your primary drive.</text>
          </text_data><text_data language="English">
            <text from_TM="False" rev_id="11" status="Complete" time="1222354203">A mirror hard drive is a nice thing, but a smart virus will take that out along with your primary drive.</text>
          </text_data>
        </ta_sentence><ta_sentence do_translation="yes" encoding="utf-8" format="1" id="1156" original_language="English">
          <space_before />
          <space_after />
          <text_data language="German">
            <text from_TM="False" rev_id="13" status="New" time="1222355938">Photos need to be filed - so that one-day they can be retrieved.</text>
          </text_data><text_data language="Spanish">
            <text from_TM="False" rev_id="11" status="Complete" time="1222354203">Spanish : d to be filed - so that one-day they can be retrieved.</text>
          </text_data><text_data language="English">
            <text from_TM="False" rev_id="11" status="Complete" time="1222354203">Photos need to be filed - so that one-day they can be retrieved.</text>
          </text_data>
        </ta_sentence><ta_sentence do_translation="yes" encoding="utf-8" format="1" id="1157" original_language="English">
          <space_before> </space_before>
          <space_after />
          <text_data language="German">
            <text from_TM="False" rev_id="13" status="New" time="1222355938">No point in saving it if when time comes we can't find anything. </text>
          </text_data><text_data language="Spanish">
            <text from_TM="False" rev_id="11" status="Complete" time="1222354203">Spanish : n saving it if when time comes we can't find anything. </text>
          </text_data><text_data language="English">
            <text from_TM="False" rev_id="11" status="Complete" time="1222354203">No point in saving it if when time comes we can't find anything. </text>
          </text_data>
        </ta_sentence><ta_sentence do_translation="no" encoding="utf-8" format="1" id="1158" original_language="English">
          <space_before />
          <space_after />
          <text_data language="German">
            <text from_TM="False" rev_id="13" status="New" time="1222355938" />
          </text_data><text_data language="Spanish">
            <text from_TM="False" rev_id="-1" status="Complete" time="1222355861" />
          </text_data><text_data language="English">
            <text from_TM="False" status="Complete" time="1222355861" />
          </text_data>
        </ta_sentence><ta_sentence do_translation="yes" encoding="utf-8" format="1" id="1159" original_language="English">
          <space_before />
          <space_after />
          <text_data language="German">
            <text from_TM="False" rev_id="13" status="New" time="1222355938">Also, copies should be very easy to make.</text>
          </text_data><text_data language="Spanish">
            <text from_TM="False" rev_id="11" status="Complete" time="1222354203">Spanish : es should be very easy to make.</text>
          </text_data><text_data language="English">
            <text from_TM="False" rev_id="11" status="Complete" time="1222354203">Also, copies should be very easy to make.</text>
          </text_data>
        </ta_sentence><ta_sentence do_translation="yes" encoding="utf-8" format="1" id="1160" original_language="English">
          <space_before> </space_before>
          <space_after />
          <text_data language="German">
            <text from_TM="False" rev_id="13" status="New" time="1222355938">Backup isn't your job.</text>
          </text_data><text_data language="Spanish">
            <text from_TM="False" rev_id="11" status="Complete" time="1222354203">Spanish : 't your job.</text>
          </text_data><text_data language="English">
            <text from_TM="False" rev_id="11" status="Complete" time="1222354203">Backup isn't your job.</text>
          </text_data>
        </ta_sentence><ta_sentence do_translation="yes" encoding="utf-8" format="1" id="1161" original_language="English">
          <space_before> </space_before>
          <space_after />
          <text_data language="German">
            <text from_TM="False" rev_id="13" status="New" time="1222355938">You don't need to become a computer freak just to make backup.</text>
          </text_data><text_data language="Spanish">
            <text from_TM="False" rev_id="11" status="Complete" time="1222354203">Spanish : need to become a computer freak just to make backup.</text>
          </text_data><text_data language="English">
            <text from_TM="False" rev_id="11" status="Complete" time="1222354203">You don't need to become a computer freak just to make backup.</text>
          </text_data>
        </ta_sentence><ta_sentence do_translation="yes" encoding="utf-8" format="1" id="1162" original_language="English">
          <space_before> </space_before>
          <space_after />
          <text_data language="German">
            <text from_TM="False" rev_id="13" status="New" time="1222355938">The backup process should be something so simple that you just get used to doing every time you produce new material.</text>
          </text_data><text_data language="Spanish">
            <text from_TM="False" rev_id="11" status="Complete" time="1222354203">Spanish :  process should be something so simple that you just get used to doing every time you produce new material.</text>
          </text_data><text_data language="English">
            <text from_TM="False" rev_id="11" status="Complete" time="1222354203">The backup process should be something so simple that you just get used to doing every time you produce new material.</text>
          </text_data>
        </ta_sentence><ta_sentence do_translation="yes" encoding="utf-8" format="1" id="1163" original_language="English">
          <space_before />
          <space_after />
          <text_data language="German">
            <text from_TM="False" rev_id="13" status="New" time="1222355938">What we're selling</text>
            <marker end="18" id="0" start="0" />
          </text_data><text_data language="Spanish">
            <text from_TM="False" rev_id="11" status="Complete" time="1222354203">Spanish :  selling</text>
            <marker end="18" id="0" start="0" />
          </text_data><text_data language="English">
            <text from_TM="False" rev_id="11" status="Complete" time="1222354203">What we're selling</text>
            <marker end="18" id="0" start="0" />
          </text_data><marker_def id="0" type="html">
            <html_marker tag="strong" />
          </marker_def>
        </ta_sentence><ta_sentence do_translation="yes" encoding="utf-8" format="1" id="1164" original_language="English">
          <space_before />
          <space_after />
          <text_data language="German">
            <text from_TM="False" rev_id="13" status="New" time="1222355938">OK. You're probably convinced that backing up your digital photographs is an important thing. We're not going to take credit to that. Let us introduce you to our backup software.</text>
          </text_data><text_data language="Spanish">
            <text from_TM="False" rev_id="11" status="Complete" time="1222354203">Spanish :  probably convinced that backing up your digital photographs is an important thing. We're not going to take credit to that. Let us introduce you to our backup software.</text>
          </text_data><text_data language="English">
            <text from_TM="False" rev_id="11" status="Complete" time="1222354203">OK. You're probably convinced that backing up your digital photographs is an important thing. We're not going to take credit to that. Let us introduce you to our backup software.</text>
          </text_data>
        </ta_sentence><ta_sentence do_translation="yes" encoding="utf-8" format="1" id="1165" original_language="English">
          <space_before />
          <space_after />
          <text_data language="German">
            <text from_TM="False" rev_id="13" status="New" time="1222355938">We called it Photo Backup.</text>
          </text_data><text_data language="Spanish">
            <text from_TM="False" rev_id="11" status="Complete" time="1222354203">Spanish : it Photo Backup.</text>
          </text_data><text_data language="English">
            <text from_TM="False" rev_id="11" status="Complete" time="1222354203">We called it Photo Backup.</text>
          </text_data>
        </ta_sentence><ta_sentence do_translation="yes" encoding="utf-8" format="1" id="1166" original_language="English">
          <space_before> </space_before>
          <space_after />
          <text_data language="German">
            <text from_TM="False" rev_id="13" status="New" time="1222355938">It can backup any other type of data, but it's aimed at making backup of digital photographs from your computer to CDs or DVDs. A very simple thing - we made sure that it stays simple.</text>
          </text_data><text_data language="Spanish">
            <text from_TM="False" rev_id="11" status="Complete" time="1222354203">Spanish : kup any other type of data, but it's aimed at making backup of digital photographs from your computer to CDs or DVDs. A very simple thing - we made sure that it stays simple.</text>
          </text_data><text_data language="English">
            <text from_TM="False" rev_id="11" status="Complete" time="1222354203">It can backup any other type of data, but it's aimed at making backup of digital photographs from your computer to CDs or DVDs. A very simple thing - we made sure that it stays simple.</text>
          </text_data>
        </ta_sentence><ta_sentence do_translation="yes" encoding="utf-8" format="1" id="1167" original_language="English">
          <space_before />
          <space_after />
          <text_data language="German">
            <text from_TM="False" rev_id="13" status="New" time="1222355938">Using Photo Backup, you just need to setup one thing - where your digital photos are kept on the hard drive.</text>
          </text_data><text_data language="Spanish">
            <text from_TM="False" rev_id="11" status="Complete" time="1222354203">Spanish : o Backup, you just need to setup one thing - where your digital photos are kept on the hard drive.</text>
          </text_data><text_data language="English">
            <text from_TM="False" rev_id="11" status="Complete" time="1222354203">Using Photo Backup, you just need to setup one thing - where your digital photos are kept on the hard drive.</text>
          </text_data>
        </ta_sentence><ta_sentence do_translation="yes" encoding="utf-8" format="1" id="1168" original_language="English">
          <space_before> </space_before>
          <space_after />
          <text_data language="German">
            <text from_TM="False" rev_id="13" status="New" time="1222355938">If you don't quite know the location of the directory on the drive - we'll help.</text>
          </text_data><text_data language="Spanish">
            <text from_TM="False" rev_id="11" status="Complete" time="1222354203">Spanish : 't quite know the location of the directory on the drive - we'll help.</text>
          </text_data><text_data language="English">
            <text from_TM="False" rev_id="11" status="Complete" time="1222354203">If you don't quite know the location of the directory on the drive - we'll help.</text>
          </text_data>
        </ta_sentence><ta_sentence do_translation="yes" encoding="utf-8" format="1" id="1169" original_language="English">
          <space_before> </space_before>
          <space_after />
          <text_data language="German">
            <text from_TM="False" rev_id="13" status="New" time="1222355938">Photo Backup scans your drive and suggests photo directories for you to choose.</text>
          </text_data><text_data language="Spanish">
            <text from_TM="False" rev_id="11" status="Complete" time="1222354203">Spanish : up scans your drive and suggests photo directories for you to choose.</text>
          </text_data><text_data language="English">
            <text from_TM="False" rev_id="11" status="Complete" time="1222354203">Photo Backup scans your drive and suggests photo directories for you to choose.</text>
          </text_data>
        </ta_sentence><ta_sentence do_translation="yes" encoding="utf-8" format="1" id="1170" original_language="English">
          <space_before />
          <space_after />
          <text_data language="German">
            <text from_TM="False" rev_id="13" status="New" time="1222355938">Then, it's very simple.</text>
          </text_data><text_data language="Spanish">
            <text from_TM="False" rev_id="11" status="Complete" time="1222354203">Spanish :  very simple.</text>
          </text_data><text_data language="English">
            <text from_TM="False" rev_id="11" status="Complete" time="1222354203">Then, it's very simple.</text>
          </text_data>
        </ta_sentence><ta_sentence do_translation="yes" encoding="utf-8" format="1" id="1171" original_language="English">
          <space_before> </space_before>
          <space_after />
          <text_data language="German">
            <text from_TM="False" rev_id="13" status="New" time="1222355938">Photo Backup keeps a record of what's been backed up before.</text>
          </text_data><text_data language="Spanish">
            <text from_TM="False" rev_id="11" status="Complete" time="1222354203">Spanish : up keeps a record of what's been backed up before.</text>
          </text_data><text_data language="English">
            <text from_TM="False" rev_id="11" status="Complete" time="1222354203">Photo Backup keeps a record of what's been backed up before.</text>
          </text_data>
        </ta_sentence><ta_sentence do_translation="yes" encoding="utf-8" format="1" id="1172" original_language="English">
          <space_before> </space_before>
          <space_after />
          <text_data language="German">
            <text from_TM="False" rev_id="13" status="New" time="1222355938">It will scan your hard drive on demand or according to scheduling and will find new or modified photographs.</text>
          </text_data><text_data language="Spanish">
            <text from_TM="False" rev_id="11" status="Complete" time="1222354203">Spanish : an your hard drive on demand or according to scheduling and will find new or modified photographs.</text>
          </text_data><text_data language="English">
            <text from_TM="False" rev_id="11" status="Complete" time="1222354203">It will scan your hard drive on demand or according to scheduling and will find new or modified photographs.</text>
          </text_data>
        </ta_sentence><ta_sentence do_translation="yes" encoding="utf-8" format="1" id="1173" original_language="English">
          <space_before> </space_before>
          <space_after />
          <text_data language="German">
            <text from_TM="False" rev_id="13" status="New" time="1222355938">The program asks you for as many CDs (or DVDs if you have a DVD burner) as required to copy the new photos.</text>
          </text_data><text_data language="Spanish">
            <text from_TM="False" rev_id="11" status="Complete" time="1222354203">Spanish : m asks you for as many CDs (or DVDs if you have a DVD burner) as required to copy the new photos.</text>
          </text_data><text_data language="English">
            <text from_TM="False" rev_id="11" status="Complete" time="1222354203">The program asks you for as many CDs (or DVDs if you have a DVD burner) as required to copy the new photos.</text>
          </text_data>
        </ta_sentence><ta_sentence do_translation="yes" encoding="utf-8" format="1" id="1174" original_language="English">
          <space_before />
          <space_after />
          <text_data language="German">
            <text from_TM="False" rev_id="13" status="New" time="1222355938">After each backup session, a graphical index is created with thumbnails of the photos.</text>
          </text_data><text_data language="Spanish">
            <text from_TM="False" rev_id="11" status="Complete" time="1222354203">Spanish :  backup session, a graphical index is created with thumbnails of the photos.</text>
          </text_data><text_data language="English">
            <text from_TM="False" rev_id="11" status="Complete" time="1222354203">After each backup session, a graphical index is created with thumbnails of the photos.</text>
          </text_data>
        </ta_sentence><ta_sentence do_translation="yes" encoding="utf-8" format="1" id="1175" original_language="English">
          <space_before> </space_before>
          <space_after />
          <text_data language="German">
            <text from_TM="False" rev_id="13" status="New" time="1222355938">This index shows you where each photo is saved so that you can quickly retrieve it.</text>
          </text_data><text_data language="Spanish">
            <text from_TM="False" rev_id="11" status="Complete" time="1222354203">Spanish :  shows you where each photo is saved so that you can quickly retrieve it.</text>
          </text_data><text_data language="English">
            <text from_TM="False" rev_id="11" status="Complete" time="1222354203">This index shows you where each photo is saved so that you can quickly retrieve it.</text>
          </text_data>
        </ta_sentence><ta_sentence do_translation="yes" encoding="utf-8" format="1" id="1176" original_language="English">
          <space_before> </space_before>
          <space_after />
          <text_data language="German">
            <text from_TM="False" rev_id="13" status="New" time="1222355938">The index is ordered according to the directories on your hard drive so that navigation is very simple.</text>
          </text_data><text_data language="Spanish">
            <text from_TM="False" rev_id="11" status="Complete" time="1222354203">Spanish : is ordered according to the directories on your hard drive so that navigation is very simple.</text>
          </text_data><text_data language="English">
            <text from_TM="False" rev_id="11" status="Complete" time="1222354203">The index is ordered according to the directories on your hard drive so that navigation is very simple.</text>
          </text_data>
        </ta_sentence><ta_sentence do_translation="yes" encoding="utf-8" format="1" id="1177" original_language="English">
          <space_before> </space_before>
          <space_after />
          <text_data language="German">
            <text from_TM="False" rev_id="13" status="New" time="1222355938">This index is stored on a CD and is opened using Internet Explorer or any other web browser.</text>
          </text_data><text_data language="Spanish">
            <text from_TM="False" rev_id="11" status="Complete" time="1222354203">Spanish :  is stored on a CD and is opened using Internet Explorer or any other web browser.</text>
          </text_data><text_data language="English">
            <text from_TM="False" rev_id="11" status="Complete" time="1222354203">This index is stored on a CD and is opened using Internet Explorer or any other web browser.</text>
          </text_data>
        </ta_sentence><ta_sentence do_translation="yes" encoding="utf-8" format="1" id="1178" original_language="English">
          <space_before />
          <space_after />
          <text_data language="German">
            <text from_TM="False" rev_id="13" status="New" time="1222355938">How would I use it then?</text>
            <marker end="24" id="0" start="0" />
          </text_data><text_data language="Spanish">
            <text from_TM="False" rev_id="11" status="Complete" time="1222354203">Spanish : I use it then?</text>
            <marker end="24" id="0" start="0" />
          </text_data><text_data language="English">
            <text from_TM="False" rev_id="11" status="Complete" time="1222354203">How would I use it then?</text>
            <marker end="24" id="0" start="0" />
          </text_data><marker_def id="0" type="html">
            <html_marker tag="strong" />
          </marker_def>
        </ta_sentence><ta_sentence do_translation="yes" encoding="utf-8" format="1" id="1179" original_language="English">
          <space_before />
          <space_after />
          <text_data language="German">
            <text from_TM="False" rev_id="13" status="New" time="1222355938">Setup the program, telling it where your photos are stored on your hard drive.</text>
          </text_data><text_data language="Spanish">
            <text from_TM="False" rev_id="11" status="Complete" time="1222354203">Spanish : program, telling it where your photos are stored on your hard drive.</text>
          </text_data><text_data language="English">
            <text from_TM="False" rev_id="11" status="Complete" time="1222354203">Setup the program, telling it where your photos are stored on your hard drive.</text>
          </text_data>
        </ta_sentence><ta_sentence do_translation="yes" encoding="utf-8" format="1" id="1180" original_language="English">
          <space_before />
          <space_after />
          <text_data language="German">
            <text from_TM="False" rev_id="13" status="New" time="1222355938">The program starts according to your scheduling and scans for new or modified files.</text>
          </text_data><text_data language="Spanish">
            <text from_TM="False" rev_id="11" status="Complete" time="1222354203">Spanish : m starts according to your scheduling and scans for new or modified files.</text>
          </text_data><text_data language="English">
            <text from_TM="False" rev_id="11" status="Complete" time="1222354203">The program starts according to your scheduling and scans for new or modified files.</text>
          </text_data>
        </ta_sentence><ta_sentence do_translation="yes" encoding="utf-8" format="1" id="1181" original_language="English">
          <space_before> </space_before>
          <space_after />
          <text_data language="German">
            <text from_TM="False" rev_id="13" status="New" time="1222355938">All you need to do is add CDs to your burner drive and press [Enter]. All your data is backed up and your computer and backup are synchronized. That's it. It takes about 3 minutes per backup (or 1/4 second per photo) - it probably took longer to create these pictures.</text>
          </text_data><text_data language="Spanish">
            <text from_TM="False" rev_id="11" status="Complete" time="1222354203">Spanish : ed to do is add CDs to your burner drive and press [Enter]. All your data is backed up and your computer and backup are synchronized. That's it. It takes about 3 minutes per backup (or 1/4 second per photo) - it probably took longer to create these pictures.</text>
          </text_data><text_data language="English">
            <text from_TM="False" rev_id="11" status="Complete" time="1222354203">All you need to do is add CDs to your burner drive and press [Enter]. All your data is backed up and your computer and backup are synchronized. That's it. It takes about 3 minutes per backup (or 1/4 second per photo) - it probably took longer to create these pictures.</text>
          </text_data>
        </ta_sentence><ta_sentence do_translation="yes" encoding="utf-8" format="1" id="1182" original_language="English">
          <space_before />
          <space_after />
          <text_data language="German">
            <text from_TM="False" rev_id="13" status="New" time="1222355938">How much does backup cost?</text>
            <marker end="26" id="0" start="0" />
          </text_data><text_data language="Spanish">
            <text from_TM="False" rev_id="11" status="Complete" time="1222354203">Spanish : oes backup cost?</text>
            <marker end="26" id="0" start="0" />
          </text_data><text_data language="English">
            <text from_TM="False" rev_id="11" status="Complete" time="1222354203">How much does backup cost?</text>
            <marker end="26" id="0" start="0" />
          </text_data><marker_def id="0" type="html">
            <html_marker tag="strong" />
          </marker_def>
        </ta_sentence><ta_sentence do_translation="yes" encoding="utf-8" format="1" id="1183" original_language="English">
          <space_before />
          <space_after />
          <text_data language="German">
            <text from_TM="False" rev_id="13" status="New" time="1222355938">There are plenty of alternatives to making backup.</text>
          </text_data><text_data language="Spanish">
            <text from_TM="False" rev_id="11" status="Complete" time="1222354203">Spanish : plenty of alternatives to making backup.</text>
          </text_data><text_data language="English">
            <text from_TM="False" rev_id="11" status="Complete" time="1222354203">There are plenty of alternatives to making backup.</text>
          </text_data>
        </ta_sentence><ta_sentence do_translation="yes" encoding="utf-8" format="1" id="1184" original_language="English">
          <space_before> </space_before>
          <space_after />
          <text_data language="German">
            <text from_TM="False" rev_id="13" status="New" time="1222355938">Let's have a look at how much it would cost using Photo Backup.</text>
          </text_data><text_data language="Spanish">
            <text from_TM="False" rev_id="11" status="Complete" time="1222354203">Spanish :  a look at how much it would cost using Photo Backup.</text>
          </text_data><text_data language="English">
            <text from_TM="False" rev_id="11" status="Complete" time="1222354203">Let's have a look at how much it would cost using Photo Backup.</text>
          </text_data>
        </ta_sentence><ta_sentence do_translation="yes" encoding="utf-8" format="1" id="1185" original_language="English">
          <space_before />
          <space_after />
          <text_data language="German">
            <text from_TM="False" rev_id="13" status="New" time="1222355938">The software itself costs just pennies (check it out). Then, you need to pay for CDs. We recommend using high quality CDs to backup your work. To date, a good CD should cost something like $0.30. Photo Backup uses every CD completely and saves each photo just one time. Unlike manual backup that you may be used to - Photo Backup collects new data from different folders and puts it all on one CD.</text>
            <marker end="52" id="0" start="40" />
          </text_data><text_data language="Spanish">
            <text from_TM="False" rev_id="11" status="Complete" time="1222354203">Spanish : re itself costs just pennies (check it out). Then, you need to pay for CDs. We recommend using high quality CDs to backup your work. To date, a good CD should cost something like $0.30. Photo Backup uses every CD completely and saves each photo just one time. Unlike manual backup that you may be used to - Photo Backup collects new data from different folders and puts it all on one CD.</text>
            <marker end="52" id="0" start="40" />
          </text_data><text_data language="English">
            <text from_TM="False" rev_id="11" status="Complete" time="1222354203">The software itself costs just pennies (check it out). Then, you need to pay for CDs. We recommend using high quality CDs to backup your work. To date, a good CD should cost something like $0.30. Photo Backup uses every CD completely and saves each photo just one time. Unlike manual backup that you may be used to - Photo Backup collects new data from different folders and puts it all on one CD.</text>
            <marker end="52" id="0" start="40" />
          </text_data><marker_def id="0" type="html">
            <html_marker tag="a">
              <attr name="href" val="http://www.regnow.com/softsell/nph-softsell.cgi?item=10434-1" />
              <attr name="target" val="_blank" />
            </html_marker>
          </marker_def>
        </ta_sentence><ta_sentence do_translation="yes" encoding="utf-8" format="1" id="1186" original_language="English">
          <space_before />
          <space_after />
          <text_data language="German">
            <text from_TM="False" rev_id="13" status="New" time="1222355938">Over just a few months of using Photo Backup, you actually get your money back with the cost of CDs. Not to mention the precious time you saved in doing manual backup, or the grief in losing all your work at once if it wasn&#8217;t backed up.</text>
          </text_data><text_data language="Spanish">
            <text from_TM="False" rev_id="11" status="Complete" time="1222354203">Spanish : a few months of using Photo Backup, you actually get your money back with the cost of CDs. Not to mention the precious time you saved in doing manual backup, or the grief in losing all your work at once if it wasn&#8217;t backed up.</text>
          </text_data><text_data language="English">
            <text from_TM="False" rev_id="11" status="Complete" time="1222354203">Over just a few months of using Photo Backup, you actually get your money back with the cost of CDs. Not to mention the precious time you saved in doing manual backup, or the grief in losing all your work at once if it wasn&#8217;t backed up.</text>
          </text_data>
        </ta_sentence><ta_sentence do_translation="yes" encoding="utf-8" format="1" id="1187" original_language="English">
          <space_before> </space_before>
          <space_after />
          <text_data language="German">
            <text from_TM="False" rev_id="13" status="New" time="1222355938">Let's start</text>
            <marker end="11" id="-1" start="-1" />
          </text_data><text_data language="Spanish">
            <text from_TM="False" rev_id="11" status="Complete" time="1222354203">Spanish : t</text>
            <marker end="11" id="-1" start="-1" />
          </text_data><text_data language="English">
            <text from_TM="False" rev_id="11" status="Complete" time="1222354203">Let's start</text>
            <marker end="11" id="-1" start="-1" />
          </text_data><marker_def id="-1" type="html">
            <html_marker tag="strong" />
          </marker_def>
        </ta_sentence><ta_sentence do_translation="yes" encoding="utf-8" format="1" id="1188" original_language="English">
          <space_before />
          <space_after />
          <text_data language="German">
            <text from_TM="False" rev_id="13" status="New" time="1222355938">Give it a try - it's free.</text>
            <marker end="13" id="0" start="0" />
          </text_data><text_data language="Spanish">
            <text from_TM="False" rev_id="11" status="Complete" time="1222354203">Spanish : try - it's free.</text>
            <marker end="13" id="0" start="0" />
          </text_data><text_data language="English">
            <text from_TM="False" rev_id="11" status="Complete" time="1222354203">Give it a try - it's free.</text>
            <marker end="13" id="0" start="0" />
          </text_data><marker_def id="0" type="html">
            <html_marker tag="a">
              <attr name="href" val="download.htm" />
            </html_marker>
          </marker_def>
        </ta_sentence><ta_sentence do_translation="yes" encoding="utf-8" format="1" id="1189" original_language="English">
          <space_before> </space_before>
          <space_after />
          <text_data language="German">
            <text from_TM="False" rev_id="13" status="New" time="1222355938">Use Photo Backup for 14 days.</text>
          </text_data><text_data language="Spanish">
            <text from_TM="False" rev_id="11" status="Complete" time="1222354203">Spanish : Backup for 14 days.</text>
          </text_data><text_data language="English">
            <text from_TM="False" rev_id="11" status="Complete" time="1222354203">Use Photo Backup for 14 days.</text>
          </text_data>
        </ta_sentence><ta_sentence do_translation="yes" encoding="utf-8" format="1" id="1190" original_language="English">
          <space_before> </space_before>
          <space_after> </space_after>
          <text_data language="German">
            <text from_TM="False" rev_id="13" status="New" time="1222355938">Then, if you're happy with it, come back and buy. If not, let us know and we'll make it even better.</text>
            <marker end="48" id="0" start="45" />
          </text_data><text_data language="Spanish">
            <text from_TM="False" rev_id="11" status="Complete" time="1222354203">Spanish : ou're happy with it, come back and buy. If not, let us know and we'll make it even better.</text>
            <marker end="48" id="0" start="45" />
          </text_data><text_data language="English">
            <text from_TM="False" rev_id="11" status="Complete" time="1222354203">Then, if you're happy with it, come back and buy. If not, let us know and we'll make it even better.</text>
            <marker end="48" id="0" start="45" />
          </text_data><marker_def id="0" type="html">
            <html_marker tag="a">
              <attr name="href" val="http://www.regnow.com/softsell/nph-softsell.cgi?item=10434-1" />
              <attr name="target" val="_blank" />
            </html_marker>
          </marker_def>
        </ta_sentence><ta_sentence do_translation="yes" encoding="utf-8" format="1" id="1191" original_language="English">
          <space_before />
          <space_after />
          <text_data language="German">
            <text from_TM="False" rev_id="13" status="New" time="1222355938">Products&#160;&#160; - &#160;&#160;Passport Photo&#160;&#160; - &#160;&#160;Photo Backup&#160;&#160; - &#160;&#160;Shrink Pic&#160;&#160; - &#160;&#160;Resources&#160;&#160; - &#160;&#160;Partners&#160;&#160; - &#160;&#160;Blog</text>
            <marker end="8" id="0" start="0" />
            <marker end="29" id="1" start="15" />
            <marker end="48" id="2" start="36" />
            <marker end="65" id="3" start="55" />
            <marker end="81" id="4" start="72" />
            <marker end="96" id="5" start="88" />
            <marker end="107" id="6" start="103" />
          </text_data><text_data language="Spanish">
            <text from_TM="False" rev_id="11" status="Complete" time="1222354203">Spanish :  - &#160;&#160;Passport Photo&#160;&#160; - &#160;&#160;Photo Backup&#160;&#160; - &#160;&#160;Shrink Pic&#160;&#160; - &#160;&#160;Resources&#160;&#160; - &#160;&#160;Partners&#160;&#160; - &#160;&#160;Blog</text>
            <marker end="8" id="0" start="0" />
            <marker end="29" id="1" start="15" />
            <marker end="48" id="2" start="36" />
            <marker end="65" id="3" start="55" />
            <marker end="81" id="4" start="72" />
            <marker end="96" id="5" start="88" />
            <marker end="107" id="6" start="103" />
          </text_data><text_data language="English">
            <text from_TM="False" rev_id="11" status="Complete" time="1222354203">Products&#160;&#160; - &#160;&#160;Passport Photo&#160;&#160; - &#160;&#160;Photo Backup&#160;&#160; - &#160;&#160;Shrink Pic&#160;&#160; - &#160;&#160;Resources&#160;&#160; - &#160;&#160;Partners&#160;&#160; - &#160;&#160;Blog</text>
            <marker end="8" id="0" start="0" />
            <marker end="29" id="1" start="15" />
            <marker end="48" id="2" start="36" />
            <marker end="65" id="3" start="55" />
            <marker end="81" id="4" start="72" />
            <marker end="96" id="5" start="88" />
            <marker end="107" id="6" start="103" />
          </text_data><marker_def id="0" type="html">
            <html_marker tag="a">
              <attr name="href" val="./" />
            </html_marker>
          </marker_def><marker_def id="1" type="html">
            <html_marker tag="a">
              <attr name="href" val="passport_photo.htm" />
            </html_marker>
          </marker_def><marker_def id="2" type="html">
            <html_marker tag="a">
              <attr name="href" val="photo_backup.htm" />
            </html_marker>
          </marker_def><marker_def id="3" type="html">
            <html_marker tag="a">
              <attr name="href" val="shrink_pic.htm" />
            </html_marker>
          </marker_def><marker_def id="4" type="html">
            <html_marker tag="a">
              <attr name="href" val="links_nav.htm" />
            </html_marker>
          </marker_def><marker_def id="5" type="html">
            <html_marker tag="a">
              <attr name="href" val="partners.htm" />
            </html_marker>
          </marker_def><marker_def id="6" type="html">
            <html_marker tag="a">
              <attr name="href" val="blog/" />
            </html_marker>
          </marker_def>
        </ta_sentence><ta_sentence do_translation="yes" encoding="utf-8" format="1" id="1192" original_language="English">
          <space_before />
          <space_after />
          <text_data language="German">
            <text from_TM="False" rev_id="13" status="New" time="1222355938">This website has been translated using ICanLocalize - Affordable Website Translation</text>
            <marker end="-1" id="0" start="0" />
            <marker end="84" id="1" start="39" />
            <marker end="-1" id="0" start="0" />
          </text_data><text_data language="Spanish">
            <text from_TM="False" rev_id="11" status="Complete" time="1222354203">Spanish : te has been translated using ICanLocalize - Affordable Website Translation</text>
            <marker end="-1" id="0" start="0" />
            <marker end="84" id="1" start="39" />
            <marker end="-1" id="0" start="0" />
          </text_data><text_data language="English">
            <text from_TM="False" rev_id="11" status="Complete" time="1222354203">This website has been translated using ICanLocalize - Affordable Website Translation</text>
            <marker end="-1" id="0" start="0" />
            <marker end="84" id="1" start="39" />
            <marker end="-1" id="0" start="0" />
          </text_data><marker_def id="0" type="html">
            <html_marker tag="span">
              <attr name="class" val="copyright" />
            </html_marker>
          </marker_def><marker_def id="1" type="html">
            <html_marker tag="a">
              <attr name="target" val="_blank" />
              <attr name="href" val="http://www.icanlocalize.com" />
            </html_marker>
          </marker_def>
        </ta_sentence><ta_sentence do_translation="yes" encoding="utf-8" format="1" id="1193" original_language="English">
          <space_before />
          <space_after />
          <text_data language="German">
            <text from_TM="False" rev_id="13" status="New" time="1222355938">&#169; OnTheGoSystems,INC. 2003-2008</text>
            <marker end="21" id="0" start="2" />
            <marker end="31" id="-1" start="-1" />
          </text_data><text_data language="Spanish">
            <text from_TM="False" rev_id="11" status="Complete" time="1222354203">Spanish : ystems,INC. 2003-2008</text>
            <marker end="21" id="0" start="2" />
            <marker end="31" id="-1" start="-1" />
          </text_data><text_data language="English">
            <text from_TM="False" rev_id="11" status="Complete" time="1222354203">&#169; OnTheGoSystems,INC. 2003-2008</text>
            <marker end="21" id="0" start="2" />
            <marker end="31" id="-1" start="-1" />
          </text_data><marker_def id="0" type="html">
            <html_marker tag="a">
              <attr name="href" val="http://www.onthegosystems.com/" />
              <attr name="target" val="_blank" />
            </html_marker>
          </marker_def><marker_def id="-1" type="html">
            <html_marker tag="span" />
          </marker_def>
        </ta_sentence>
      </sentences><html_output_change_data_3 />
    </translation>
  </ta_buffer><ta_buffer encoding="utf-8" format="1" manual="False" original_language="English" source_file="/rating.htm" type="html">
    <extractor>
      <marked_file MD5="49dde1af0bd251e2a10194ae5795bbf9" encoding="zlib-hex">789cd5585b6fdb36147ece80fd075641830da82d2b8e137bb13d244ed306c8da207550ecc9a0245a62238b1a49c5f51efadb7778912cc94ee3a6edc30cd82629f2e339dfb9f050c31717ef27d3bf6f5ea3b7d3bfaed1cdddf9f5d504392dd7fdd89db8eec5f4c23c386a773c34e53815545296e2c4755fbf73c6bffe328ce522817f848631c1a16e415b529990f1977df5999ecda657d3ebd7fb3731930c9de3e03ecf10c792a61162291231e664095f04e044a8255f86ae41b0700b22318aa5cc5ae49f9c3e8c9c094b2549656bbaca888302d31b39927c96ae92e81405802a881ca9ed557b069dd902f37bc2f79d0237a1e93d8a39998f1c21570911ed400807719214033121d24112b6b1e86a022cd71abb5665ddf159b82a705fb45a48b20cf9384d09ef219f443445ad969dab08c27e42d09286321e3927c71d07f98c87848f1c68e28446e9c8094027c2413d9224190e43e04b3f567d91e1c0f601746f28f918c1bf420e514c6814031d3d458d9a9aeab61f418fc116fb87de49efecc231061ad24584040f460e5de08808d74f7202d2b7233a57b200d0fb741a9337ec039b031955a1d73b8d0bbb855a1e170432726dd97643d0e3c39aa466024c09e943838c31da2e73c222e63d21717770e254b734226b3c6477b44ac0bee32daa3c49f15708f599946cf10338dd702e9286c6b5f6ca47297ea01156915a753da54155f6c3867f3c58aa8da8ce781bfd75c73dea7f97e30e8d42205290602146ce82a4396c50f0886d6cb65d677cc3599807520c5d5ca3e5e9d5215ba609c3611b128333beb0bd6700f9f9ca609ce7ab6f5fad92140ea4419898ceb7a3883ccb18b7281f4c670345390afc284b8d2bcedc74a08a97547ca8e6e655dfae9bdeeb745ed66cdf306ed3f80abb042fd08daa200b24629210888432ecb64e499920c9ff6c0e57c1569953e4139de04a237d2dd7148c3b0572463f93c4d3c36be086c1baeb780641aac9ffd2bb3cb91c38e322e7ed60d7d28ec79b76de04de62690b3e18bcac8b65bd5b895c28378553b63565d93bfc00ca5553c05bb620cad72daefa1c44f2149593d4712e66e0d6263cae55572fd0d36e75c53174d566f5cc5af2de14bb26ea306b26c347843fa7d12d09816053f028b8bd5ad52374d903daa08c65798279b306aa0b996d3acfd704adc922244e43ccc3327c1b2a68e1d4295d202c681826c4784781de48ebc571da7d09d34af25579f687eb2e97cb369e734222d60ed8c29d60094d4ee118bc933481f2115a868dd99481b7ba1da80a0687ed2c06d125e611146dcecc4f707abf96427dd6676bc53babc76cb1edfa8cc59730f2460b82e68c23d5552cbf825a96e2c4343f94dc0355e8822c185287b21a2975f50e2b07f349af593aecd9680657ab3bd633099479c09642f39771f240c9d2ed1e79479d63e5d8c9ae3455b9318833e37f86a142b5136fad5ab7bb8e7dcf92589c98686ed9d33c553cd69205cf81e6a9dee8c5cf66c8e74cc684abbd354d85106d2cb23f45ee07c6ed56341c799de303f5189a8750b0749f439fddae4e5ca75aac350b2118ab3b56e17ba8a847841e866897247ca5320309f5883138744a62419f0595eab9bf5a8fe25cc68cb77767ba4c1e3f3ce0e73421d2dc0eb53594022aa0ff54f40ffac747cfe15c81ce0ad41af18d60dc20fe5673d94390fcb8509c5d0254717dfdd99ea90323cf340ffa0098996cd72aecdef2ba5ea7ffec48b6f83375e399f56ac40cfa9548f676e0457be85d565e34f0f8bb3317cbcacca0297856b2aa80183dfbfdcf5daf9da5512942ff095da18228e3ef192152adceca7e363e487d9141c5b1ed4c6e2cd19d4a65b65b15b7bd02acded2ec6a73495305e6c6e2ba20e50b89396360c32def22b65df37cfec41dcc3061f968a16ab75c9381a4ea8232cb541c98a2ecc68e99e26803c988841e45d401e5eb80b27895974abbca25620ea5e12ca381bd47e93ebaa1c1ae088d4af3960896f3807c03335cc2d540149c98deaeab7d880930c739fcadef7e60b1a10838cda489a54a50468c450969e114272b4903535880bc314ddb9f44edf5d627fc800d8a722bd32a711f9937cb7110483442cedd59ab777c34e8f45a9e736a3680ac1bdc13fedbefa725dc66d91cb06c65ef49d3980ab424beaa83518c214d1192227d0c243a7de542bd37042e1a79653317d10043c20dc0b5ffd5b9c8195f4d707a6d4780dcb3391485a12e8b3fda1da77623b814d7a8d5321f28394fb7e63db8cfc7507088159ce60bf148e62b5ef99849afaede4dda3a091d763add16fcf4eb75bfbeb85722b7bca4abf0b6af1b87ae7d01fb1f325299f6</marked_file>
      <paragraph_indexes count="26">94 147 511 587 691 766 771 784 848 927 1176 1206 1238 1279 1311 1341 1373 1411 1443 1481 2177 2297 2366 2462 2732 2873 2878 2898 3027 3163 3168 3188 3346 3525 3530 3550 3718 3829 3834 3854 3997 4104 4224 4328 4333 4353 4636 5061 5237 5408 5417 5526 </paragraph_indexes>
      <support_files>
        <file type="todo">images/afreego.gif</file>
        <file type="todo">images/bluebottom.gif</file>
        <file type="todo">images/bluetop.gif</file>
        <file type="todo">images/bottomwhite.gif</file>
        <file type="todo">images/bottomwhite2.gif</file>
        <file type="todo">images/brother.gif</file>
        <file type="todo">images/file_transit.gif</file>
        <file type="todo">images/logo1.gif</file>
        <file type="todo">images/menutabA1.gif</file>
        <file type="todo">images/menutabB1.gif</file>
        <file type="todo">images/photobackup/1bckgrnd.gif</file>
        <file type="todo">images/photobackup/2bckgrnd.gif</file>
        <file type="todo">images/photobackup/3bckgrnd.gif</file>
        <file type="todo">images/shareup_logo_5.gif</file>
        <file type="todo">images/topline1.gif</file>
        <file type="todo">images/topline2.gif</file>
        <file type="todo">images/topline2WB.gif</file>
        <file type="todo">images/toplineL.gif</file>
        <file type="todo">images/toplineLW.gif</file>
        <file type="todo">images/toplineR.gif</file>
        <file type="todo">images/topshareware_logo_88x31.png</file>
        <file type="todo">images/topwhite2.gif</file>
        <file type="todo">images/tucows_rating.gif</file>
        <file type="todo">styles.css</file>
      </support_files>
    </extractor><translation>
      <languages>
        <language reviewed="False">Spanish</language>
        <language reviewed="False">German</language>
      </languages><sentences count="26">
        <ta_sentence do_translation="yes" encoding="utf-8" format="1" id="672" original_language="English" type="title">
          <space_before />
          <space_after />
          <text_data language="German">
            <text from_TM="False" rev_id="13" status="New" time="1222355938">Photo Backup rating on shareware sites</text>
          </text_data><text_data language="Spanish">
            <text from_TM="False" rev_id="11" status="Complete" time="1222354203">Spanish : up rating on shareware sites</text>
          </text_data><text_data language="English">
            <text from_TM="False" rev_id="11" status="Complete" time="1222354203">Photo Backup rating on shareware sites</text>
          </text_data>
        </ta_sentence><ta_sentence do_translation="yes" encoding="utf-8" format="1" id="673" original_language="English">
          <space_before />
          <space_after />
          <text_data language="German">
            <text from_TM="False" rev_id="13" status="New" time="1222355938">OnTheGoSoft</text>
            <marker end="11" id="0" start="0" />
          </text_data><text_data language="Spanish">
            <text from_TM="False" rev_id="11" status="Complete" time="1222354203">Spanish : t</text>
            <marker end="11" id="0" start="0" />
          </text_data><text_data language="English">
            <text from_TM="False" rev_id="11" status="Complete" time="1222354203">OnTheGoSoft</text>
            <marker end="11" id="0" start="0" />
          </text_data><marker_def id="0" type="html">
            <html_marker tag="img">
              <attr name="src" val="images/bluetop.gif" />
              <attr name="alt" val="OnTheGoSoft" />
              <attr name="width" val="760" />
              <attr name="height" val="5" />
            </html_marker>
          </marker_def>
        </ta_sentence><ta_sentence do_translation="yes" encoding="utf-8" format="1" id="674" original_language="English">
          <space_before />
          <space_after />
          <text_data language="German">
            <text from_TM="False" rev_id="13" status="New" time="1222355938">OnTheGoSoft</text>
            <marker end="11" id="0" start="0" />
          </text_data><text_data language="Spanish">
            <text from_TM="False" rev_id="11" status="Complete" time="1222354203">Spanish : t</text>
            <marker end="11" id="0" start="0" />
          </text_data><text_data language="English">
            <text from_TM="False" rev_id="11" status="Complete" time="1222354203">OnTheGoSoft</text>
            <marker end="11" id="0" start="0" />
          </text_data><marker_def id="0" type="html">
            <html_marker tag="img">
              <attr name="src" val="images/logo1.gif" />
              <attr name="alt" val="OnTheGoSoft" />
              <attr name="width" val="397" />
              <attr name="height" val="62" />
            </html_marker>
          </marker_def>
        </ta_sentence><ta_sentence do_translation="no" encoding="utf-8" format="1" id="675" original_language="English">
          <space_before> </space_before>
          <space_after />
          <text_data language="German">
            <text from_TM="False" rev_id="13" status="New" time="1222355938" />
          </text_data><text_data language="Spanish">
            <text from_TM="False" rev_id="-1" status="Complete" time="1222355861" />
          </text_data><text_data language="English">
            <text from_TM="False" status="Complete" time="1222355861" />
          </text_data>
        </ta_sentence><ta_sentence do_translation="yes" encoding="utf-8" format="1" id="676" original_language="English">
          <space_before />
          <space_after />
          <text_data language="German">
            <text from_TM="False" rev_id="13" status="New" time="1222355938">OnTheGoSoft</text>
            <marker end="11" id="0" start="0" />
          </text_data><text_data language="Spanish">
            <text from_TM="False" rev_id="11" status="Complete" time="1222354203">Spanish : t</text>
            <marker end="11" id="0" start="0" />
          </text_data><text_data language="English">
            <text from_TM="False" rev_id="11" status="Complete" time="1222354203">OnTheGoSoft</text>
            <marker end="11" id="0" start="0" />
          </text_data><marker_def id="0" type="html">
            <html_marker tag="img">
              <attr name="src" val="images/bluebottom.gif" />
              <attr name="alt" val="OnTheGoSoft" />
              <attr name="width" val="760" />
              <attr name="height" val="5" />
            </html_marker>
          </marker_def>
        </ta_sentence><ta_sentence do_translation="yes" encoding="utf-8" format="1" id="677" original_language="English">
          <space_before />
          <space_after />
          <text_data language="German">
            <text from_TM="False" rev_id="13" status="New" time="1222355938">Products</text>
            <marker end="8" id="0" start="0" />
          </text_data><text_data language="Spanish">
            <text from_TM="False" rev_id="11" status="Complete" time="1222354203">Spanish : </text>
            <marker end="8" id="0" start="0" />
          </text_data><text_data language="English">
            <text from_TM="False" rev_id="11" status="Complete" time="1222354203">Products</text>
            <marker end="8" id="0" start="0" />
          </text_data><marker_def id="0" type="html">
            <html_marker tag="a">
              <attr name="href" val="./" />
            </html_marker>
          </marker_def>
        </ta_sentence><ta_sentence do_translation="yes" encoding="utf-8" format="1" id="678" original_language="English">
          <space_before />
          <space_after />
          <text_data language="German">
            <text from_TM="False" rev_id="13" status="New" time="1222355938">Downloads</text>
            <marker end="9" id="0" start="0" />
          </text_data><text_data language="Spanish">
            <text from_TM="False" rev_id="11" status="Complete" time="1222354203">Spanish : </text>
            <marker end="9" id="0" start="0" />
          </text_data><text_data language="English">
            <text from_TM="False" rev_id="11" status="Complete" time="1222354203">Downloads</text>
            <marker end="9" id="0" start="0" />
          </text_data><marker_def id="0" type="html">
            <html_marker tag="a">
              <attr name="href" val="download.htm" />
            </html_marker>
          </marker_def>
        </ta_sentence><ta_sentence do_translation="yes" encoding="utf-8" format="1" id="679" original_language="English">
          <space_before />
          <space_after />
          <text_data language="German">
            <text from_TM="False" rev_id="13" status="New" time="1222355938">Buy</text>
            <marker end="3" id="0" start="0" />
          </text_data><text_data language="Spanish">
            <text from_TM="False" rev_id="11" status="Complete" time="1222354203">Spanish : </text>
            <marker end="3" id="0" start="0" />
          </text_data><text_data language="English">
            <text from_TM="False" rev_id="11" status="Complete" time="1222354203">Buy</text>
            <marker end="3" id="0" start="0" />
          </text_data><marker_def id="0" type="html">
            <html_marker tag="a">
              <attr name="href" val="buy.htm" />
            </html_marker>
          </marker_def>
        </ta_sentence><ta_sentence do_translation="yes" encoding="utf-8" format="1" id="680" original_language="English">
          <space_before />
          <space_after />
          <text_data language="German">
            <text from_TM="False" rev_id="13" status="New" time="1222355938">Contact</text>
            <marker end="7" id="0" start="0" />
          </text_data><text_data language="Spanish">
            <text from_TM="False" rev_id="11" status="Complete" time="1222354203">Spanish : </text>
            <marker end="7" id="0" start="0" />
          </text_data><text_data language="English">
            <text from_TM="False" rev_id="11" status="Complete" time="1222354203">Contact</text>
            <marker end="7" id="0" start="0" />
          </text_data><marker_def id="0" type="html">
            <html_marker tag="a">
              <attr name="href" val="contact.htm" />
            </html_marker>
          </marker_def>
        </ta_sentence><ta_sentence do_translation="yes" encoding="utf-8" format="1" id="681" original_language="English">
          <space_before />
          <space_after />
          <text_data language="German">
            <text from_TM="False" rev_id="13" status="New" time="1222355938">Support</text>
            <marker end="7" id="0" start="0" />
          </text_data><text_data language="Spanish">
            <text from_TM="False" rev_id="11" status="Complete" time="1222354203">Spanish : </text>
            <marker end="7" id="0" start="0" />
          </text_data><text_data language="English">
            <text from_TM="False" rev_id="11" status="Complete" time="1222354203">Support</text>
            <marker end="7" id="0" start="0" />
          </text_data><marker_def id="0" type="html">
            <html_marker tag="a">
              <attr name="href" val="support.htm" />
            </html_marker>
          </marker_def>
        </ta_sentence><ta_sentence do_translation="yes" encoding="utf-8" format="1" id="682" original_language="English">
          <space_before />
          <space_after />
          <text_data language="German">
            <text from_TM="False" rev_id="13" status="New" time="1222355938">Home &gt; Links &gt; Rating</text>
            <marker end="21" id="0" start="0" />
            <marker end="4" id="1" start="0" />
            <marker end="12" id="2" start="7" />
          </text_data><text_data language="Spanish">
            <text from_TM="False" rev_id="11" status="Complete" time="1222354203">Spanish : ks &gt; Rating</text>
            <marker end="21" id="0" start="0" />
            <marker end="4" id="1" start="0" />
            <marker end="12" id="2" start="7" />
          </text_data><text_data language="English">
            <text from_TM="False" rev_id="11" status="Complete" time="1222354203">Home &gt; Links &gt; Rating</text>
            <marker end="21" id="0" start="0" />
            <marker end="4" id="1" start="0" />
            <marker end="12" id="2" start="7" />
          </text_data><marker_def id="0" type="html">
            <html_marker tag="span">
              <attr name="class" val="Text-TopNav" />
            </html_marker>
          </marker_def><marker_def id="1" type="html">
            <html_marker tag="a">
              <attr name="href" val="./" />
            </html_marker>
          </marker_def><marker_def id="2" type="html">
            <html_marker tag="a">
              <attr name="href" val="links_nav.htm" />
            </html_marker>
          </marker_def>
        </ta_sentence><ta_sentence do_translation="yes" encoding="utf-8" format="1" id="683" original_language="English">
          <space_before />
          <space_after />
          <text_data language="German">
            <text from_TM="False" rev_id="13" status="New" time="1222355938"> Photo Backup ratings on some popular shareware sites</text>
            <marker end="53" id="0" start="0" />
          </text_data><text_data language="Spanish">
            <text from_TM="False" rev_id="11" status="Complete" time="1222354203">Spanish : kup ratings on some popular shareware sites</text>
            <marker end="53" id="0" start="0" />
          </text_data><text_data language="English">
            <text from_TM="False" rev_id="11" status="Complete" time="1222354203"> Photo Backup ratings on some popular shareware sites</text>
            <marker end="53" id="0" start="0" />
          </text_data><marker_def id="0" type="html">
            <html_marker tag="span">
              <attr name="class" val="Text-BigRed" />
            </html_marker>
          </marker_def>
        </ta_sentence><ta_sentence do_translation="yes" encoding="utf-8" format="1" id="684" original_language="English">
          <space_before />
          <space_after />
          <text_data language="German">
            <text from_TM="False" rev_id="13" status="New" time="1222355938">aFreeGo.com for Freeware, Trialware, Shareware and Demo Software</text>
            <marker end="64" id="0" start="0" />
          </text_data><text_data language="Spanish">
            <text from_TM="False" rev_id="11" status="Complete" time="1222354203">Spanish : m for Freeware, Trialware, Shareware and Demo Software</text>
            <marker end="64" id="0" start="0" />
          </text_data><text_data language="English">
            <text from_TM="False" rev_id="11" status="Complete" time="1222354203">aFreeGo.com for Freeware, Trialware, Shareware and Demo Software</text>
            <marker end="64" id="0" start="0" />
          </text_data><marker_def id="0" type="html">
            <html_marker tag="img">
              <attr name="border" val="0" />
              <attr name="src" val="images/afreego.gif" />
              <attr name="alt" val="aFreeGo.com for Freeware, Trialware, Shareware and Demo Software" />
              <attr name="width" val="120" />
              <attr name="height" val="75" />
            </html_marker>
          </marker_def>
        </ta_sentence><ta_sentence do_translation="no" encoding="utf-8" format="1" id="685" original_language="English">
          <space_before> </space_before>
          <space_after> </space_after>
          <text_data language="German">
            <text from_TM="False" rev_id="13" status="New" time="1222355938" />
            <marker end="0" id="-1" start="-1" />
          </text_data><text_data language="Spanish">
            <text from_TM="False" rev_id="-1" status="Complete" time="1222355861" />
            <marker end="0" id="-1" start="-1" />
          </text_data><text_data language="English">
            <text from_TM="False" status="Complete" time="1222355861" />
            <marker end="0" id="-1" start="-1" />
          </text_data><marker_def id="-1" type="html">
            <html_marker tag="a" />
          </marker_def>
        </ta_sentence><ta_sentence do_translation="yes" encoding="utf-8" format="1" id="686" original_language="English">
          <space_before />
          <space_after />
          <text_data language="German">
            <text from_TM="False" rev_id="13" status="New" time="1222355938">Download freeware and shareware software from Tucows!</text>
            <marker end="53" id="0" start="0" />
          </text_data><text_data language="Spanish">
            <text from_TM="False" rev_id="11" status="Complete" time="1222354203">Spanish : reeware and shareware software from Tucows!</text>
            <marker end="53" id="0" start="0" />
          </text_data><text_data language="English">
            <text from_TM="False" rev_id="11" status="Complete" time="1222354203">Download freeware and shareware software from Tucows!</text>
            <marker end="53" id="0" start="0" />
          </text_data><marker_def id="0" type="html">
            <html_marker tag="img">
              <attr name="src" val="images/tucows_rating.gif" />
              <attr name="width" val="171" />
              <attr name="height" val="33" />
              <attr name="border" val="1" />
              <attr name="alt" val="Download freeware and shareware software from Tucows!" />
            </html_marker>
          </marker_def>
        </ta_sentence><ta_sentence do_translation="no" encoding="utf-8" format="1" id="687" original_language="English">
          <space_before> </space_before>
          <space_after> </space_after>
          <text_data language="German">
            <text from_TM="False" rev_id="13" status="New" time="1222355938" />
            <marker end="0" id="-1" start="-1" />
          </text_data><text_data language="Spanish">
            <text from_TM="False" rev_id="-1" status="Complete" time="1222355861" />
            <marker end="0" id="-1" start="-1" />
          </text_data><text_data language="English">
            <text from_TM="False" status="Complete" time="1222355861" />
            <marker end="0" id="-1" start="-1" />
          </text_data><marker_def id="-1" type="html">
            <html_marker tag="a" />
          </marker_def>
        </ta_sentence><ta_sentence do_translation="yes" encoding="utf-8" format="1" id="688" original_language="English">
          <space_before />
          <space_after />
          <text_data language="German">
            <text from_TM="False" rev_id="13" status="New" time="1222355938">Shareware and Freeware downloads and tested, rated and reviewed software submitted by software author.</text>
            <marker end="102" id="0" start="0" />
          </text_data><text_data language="Spanish">
            <text from_TM="False" rev_id="11" status="Complete" time="1222354203">Spanish : and Freeware downloads and tested, rated and reviewed software submitted by software author.</text>
            <marker end="102" id="0" start="0" />
          </text_data><text_data language="English">
            <text from_TM="False" rev_id="11" status="Complete" time="1222354203">Shareware and Freeware downloads and tested, rated and reviewed software submitted by software author.</text>
            <marker end="102" id="0" start="0" />
          </text_data><marker_def id="0" type="html">
            <html_marker tag="img">
              <attr name="src" val="images/brother.gif" />
              <attr name="width" val="100" />
              <attr name="height" val="50" />
              <attr name="border" val="0" />
              <attr name="alt" val="Shareware and Freeware downloads and tested, rated and reviewed software submitted by software author." />
            </html_marker>
          </marker_def>
        </ta_sentence><ta_sentence do_translation="no" encoding="utf-8" format="1" id="689" original_language="English">
          <space_before> </space_before>
          <space_after> </space_after>
          <text_data language="German">
            <text from_TM="False" rev_id="13" status="New" time="1222355938" />
            <marker end="0" id="-1" start="-1" />
          </text_data><text_data language="Spanish">
            <text from_TM="False" rev_id="-1" status="Complete" time="1222355861" />
            <marker end="0" id="-1" start="-1" />
          </text_data><text_data language="English">
            <text from_TM="False" status="Complete" time="1222355861" />
            <marker end="0" id="-1" start="-1" />
          </text_data><marker_def id="-1" type="html">
            <html_marker tag="a" />
          </marker_def>
        </ta_sentence><ta_sentence do_translation="yes" encoding="utf-8" format="1" id="690" original_language="English">
          <space_before />
          <space_after />
          <text_data language="German">
            <text from_TM="False" rev_id="13" status="New" time="1222355938">Rated 5 stars by File Transit</text>
            <marker end="29" id="0" start="0" />
          </text_data><text_data language="Spanish">
            <text from_TM="False" rev_id="11" status="Complete" time="1222354203">Spanish : ars by File Transit</text>
            <marker end="29" id="0" start="0" />
          </text_data><text_data language="English">
            <text from_TM="False" rev_id="11" status="Complete" time="1222354203">Rated 5 stars by File Transit</text>
            <marker end="29" id="0" start="0" />
          </text_data><marker_def id="0" type="html">
            <html_marker tag="img">
              <attr name="src" val="images/file_transit.gif" />
              <attr name="width" val="120" />
              <attr name="height" val="75" />
              <attr name="border" val="0" />
              <attr name="alt" val="Rated 5 stars by File Transit" />
            </html_marker>
          </marker_def>
        </ta_sentence><ta_sentence do_translation="no" encoding="utf-8" format="1" id="691" original_language="English">
          <space_before> </space_before>
          <space_after> </space_after>
          <text_data language="German">
            <text from_TM="False" rev_id="13" status="New" time="1222355938" />
            <marker end="0" id="-1" start="-1" />
          </text_data><text_data language="Spanish">
            <text from_TM="False" rev_id="-1" status="Complete" time="1222355861" />
            <marker end="0" id="-1" start="-1" />
          </text_data><text_data language="English">
            <text from_TM="False" status="Complete" time="1222355861" />
            <marker end="0" id="-1" start="-1" />
          </text_data><marker_def id="-1" type="html">
            <html_marker tag="a" />
          </marker_def>
        </ta_sentence><ta_sentence do_translation="yes" encoding="utf-8" format="1" id="692" original_language="English">
          <space_before />
          <space_after />
          <text_data language="German">
            <text from_TM="False" rev_id="13" status="New" time="1222355938">Rated 5 stars by ShareUp</text>
            <marker end="24" id="0" start="0" />
          </text_data><text_data language="Spanish">
            <text from_TM="False" rev_id="11" status="Complete" time="1222354203">Spanish : ars by ShareUp</text>
            <marker end="24" id="0" start="0" />
          </text_data><text_data language="English">
            <text from_TM="False" rev_id="11" status="Complete" time="1222354203">Rated 5 stars by ShareUp</text>
            <marker end="24" id="0" start="0" />
          </text_data><marker_def id="0" type="html">
            <html_marker tag="img">
              <attr name="src" val="images/shareup_logo_5.gif" />
              <attr name="width" val="98" />
              <attr name="height" val="31" />
              <attr name="border" val="0" />
              <attr name="alt" val="Rated 5 stars by ShareUp" />
            </html_marker>
          </marker_def>
        </ta_sentence><ta_sentence do_translation="yes" encoding="utf-8" format="1" id="693" original_language="English">
          <space_before />
          <space_after />
          <text_data language="German">
            <text from_TM="False" rev_id="13" status="New" time="1222355938">TopShareware</text>
            <marker end="12" id="0" start="0" />
          </text_data><text_data language="Spanish">
            <text from_TM="False" rev_id="11" status="Complete" time="1222354203">Spanish : re</text>
            <marker end="12" id="0" start="0" />
          </text_data><text_data language="English">
            <text from_TM="False" rev_id="11" status="Complete" time="1222354203">TopShareware</text>
            <marker end="12" id="0" start="0" />
          </text_data><marker_def id="0" type="html">
            <html_marker tag="img">
              <attr name="src" val="images/topshareware_logo_88x31.png" />
              <attr name="width" val="88" />
              <attr name="height" val="31" />
              <attr name="border" val="0" />
              <attr name="alt" val="TopShareware" />
            </html_marker>
          </marker_def>
        </ta_sentence><ta_sentence do_translation="no" encoding="utf-8" format="1" id="694" original_language="English">
          <space_before> </space_before>
          <space_after> </space_after>
          <text_data language="German">
            <text from_TM="False" rev_id="13" status="New" time="1222355938" />
            <marker end="0" id="-1" start="-1" />
          </text_data><text_data language="Spanish">
            <text from_TM="False" rev_id="-1" status="Complete" time="1222355861" />
            <marker end="0" id="-1" start="-1" />
          </text_data><text_data language="English">
            <text from_TM="False" status="Complete" time="1222355861" />
            <marker end="0" id="-1" start="-1" />
          </text_data><marker_def id="-1" type="html">
            <html_marker tag="a" />
          </marker_def>
        </ta_sentence><ta_sentence do_translation="yes" encoding="utf-8" format="1" id="695" original_language="English">
          <space_before />
          <space_after />
          <text_data language="German">
            <text from_TM="False" rev_id="13" status="New" time="1222355938">Products&#160;&#160; - &#160;&#160;Passport Photo&#160;&#160; - &#160;&#160;Photo Backup&#160;&#160; - &#160;&#160;Shrink Pic&#160;&#160; - &#160;&#160;Resources&#160;&#160; - &#160;&#160;Partners&#160;&#160; - &#160;&#160;Blog</text>
            <marker end="8" id="0" start="0" />
            <marker end="29" id="1" start="15" />
            <marker end="48" id="2" start="36" />
            <marker end="65" id="3" start="55" />
            <marker end="81" id="4" start="72" />
            <marker end="96" id="5" start="88" />
            <marker end="107" id="6" start="103" />
          </text_data><text_data language="Spanish">
            <text from_TM="False" rev_id="11" status="Complete" time="1222354203">Spanish :  - &#160;&#160;Passport Photo&#160;&#160; - &#160;&#160;Photo Backup&#160;&#160; - &#160;&#160;Shrink Pic&#160;&#160; - &#160;&#160;Resources&#160;&#160; - &#160;&#160;Partners&#160;&#160; - &#160;&#160;Blog</text>
            <marker end="8" id="0" start="0" />
            <marker end="29" id="1" start="15" />
            <marker end="48" id="2" start="36" />
            <marker end="65" id="3" start="55" />
            <marker end="81" id="4" start="72" />
            <marker end="96" id="5" start="88" />
            <marker end="107" id="6" start="103" />
          </text_data><text_data language="English">
            <text from_TM="False" rev_id="11" status="Complete" time="1222354203">Products&#160;&#160; - &#160;&#160;Passport Photo&#160;&#160; - &#160;&#160;Photo Backup&#160;&#160; - &#160;&#160;Shrink Pic&#160;&#160; - &#160;&#160;Resources&#160;&#160; - &#160;&#160;Partners&#160;&#160; - &#160;&#160;Blog</text>
            <marker end="8" id="0" start="0" />
            <marker end="29" id="1" start="15" />
            <marker end="48" id="2" start="36" />
            <marker end="65" id="3" start="55" />
            <marker end="81" id="4" start="72" />
            <marker end="96" id="5" start="88" />
            <marker end="107" id="6" start="103" />
          </text_data><marker_def id="0" type="html">
            <html_marker tag="a">
              <attr name="href" val="./" />
            </html_marker>
          </marker_def><marker_def id="1" type="html">
            <html_marker tag="a">
              <attr name="href" val="passport_photo.htm" />
            </html_marker>
          </marker_def><marker_def id="2" type="html">
            <html_marker tag="a">
              <attr name="href" val="photo_backup.htm" />
            </html_marker>
          </marker_def><marker_def id="3" type="html">
            <html_marker tag="a">
              <attr name="href" val="shrink_pic.htm" />
            </html_marker>
          </marker_def><marker_def id="4" type="html">
            <html_marker tag="a">
              <attr name="href" val="links_nav.htm" />
            </html_marker>
          </marker_def><marker_def id="5" type="html">
            <html_marker tag="a">
              <attr name="href" val="partners.htm" />
            </html_marker>
          </marker_def><marker_def id="6" type="html">
            <html_marker tag="a">
              <attr name="href" val="blog/" />
            </html_marker>
          </marker_def>
        </ta_sentence><ta_sentence do_translation="yes" encoding="utf-8" format="1" id="696" original_language="English">
          <space_before />
          <space_after />
          <text_data language="German">
            <text from_TM="False" rev_id="13" status="New" time="1222355938">This website has been translated using ICanLocalize - Affordable Website Translation</text>
            <marker end="-1" id="0" start="0" />
            <marker end="84" id="1" start="39" />
            <marker end="-1" id="0" start="0" />
          </text_data><text_data language="Spanish">
            <text from_TM="False" rev_id="11" status="Complete" time="1222354203">Spanish : te has been translated using ICanLocalize - Affordable Website Translation</text>
            <marker end="-1" id="0" start="0" />
            <marker end="84" id="1" start="39" />
            <marker end="-1" id="0" start="0" />
          </text_data><text_data language="English">
            <text from_TM="False" rev_id="11" status="Complete" time="1222354203">This website has been translated using ICanLocalize - Affordable Website Translation</text>
            <marker end="-1" id="0" start="0" />
            <marker end="84" id="1" start="39" />
            <marker end="-1" id="0" start="0" />
          </text_data><marker_def id="0" type="html">
            <html_marker tag="span">
              <attr name="class" val="copyright" />
            </html_marker>
          </marker_def><marker_def id="1" type="html">
            <html_marker tag="a">
              <attr name="target" val="_blank" />
              <attr name="href" val="http://www.icanlocalize.com" />
            </html_marker>
          </marker_def>
        </ta_sentence><ta_sentence do_translation="yes" encoding="utf-8" format="1" id="697" original_language="English">
          <space_before />
          <space_after />
          <text_data language="German">
            <text from_TM="False" rev_id="13" status="New" time="1222355938">&#169; OnTheGoSystems,INC. 2003-2008</text>
            <marker end="21" id="0" start="2" />
            <marker end="31" id="-1" start="-1" />
          </text_data><text_data language="Spanish">
            <text from_TM="False" rev_id="11" status="Complete" time="1222354203">Spanish : ystems,INC. 2003-2008</text>
            <marker end="21" id="0" start="2" />
            <marker end="31" id="-1" start="-1" />
          </text_data><text_data language="English">
            <text from_TM="False" rev_id="11" status="Complete" time="1222354203">&#169; OnTheGoSystems,INC. 2003-2008</text>
            <marker end="21" id="0" start="2" />
            <marker end="31" id="-1" start="-1" />
          </text_data><marker_def id="0" type="html">
            <html_marker tag="a">
              <attr name="href" val="http://www.onthegosystems.com/" />
              <attr name="target" val="_blank" />
            </html_marker>
          </marker_def><marker_def id="-1" type="html">
            <html_marker tag="span" />
          </marker_def>
        </ta_sentence>
      </sentences><html_output_change_data_3 />
    </translation>
  </ta_buffer><ta_buffer encoding="utf-8" format="1" manual="False" original_language="English" source_file="/sitemap.htm" type="html">
    <extractor>
      <marked_file MD5="3130f34e49187a31f1c362877383ec72" encoding="zlib-hex">789cd55add6ee3b612be6e81be03ab458b16388ae2647fba8d6dc0b193d30049136cdc5d9c2b839668898d2caa24e5ac7bd1d73940effa0cfb62672852b2242b94952e70d05cc42235331c7e339c19921a7e3dbb9dceff7377817e9adf5ca3bb5fceafafa6c8713defc3e9d4f366f3997ef1f2e87880e61c27824aca121c7bdec5cfcef8ab2f87915cc7f08bd0302238c89fe059521993f11f2fd4df7cb2985fcdaf2f5edc26f388fc9bddb39544f754921b9caaf77f0c3d4d6e78d74462144999bae4b78c6e46ce94259224d29d6f53e2205fb7468e241fa5a7863f437e84b92072a4c652cf0b682cd6983f10fec229e4c63479401127ab9123e43626e2c817c2419cc445474488749084618c744500ecf9f43c33bfbcb164c1b69c2b5ec6043dd2404623e7cdeb63072d190f081f39f088631a2623c7078d0907e5491ca738086812e6af555ba4d8376d10f9c550f231825f25394011a16104937da526ae4841d8298c10428bc1102f4e066f5e4d668ec67a48d72112dc1f39748d4322bc659c11c9d2a390ae942e20a86204a7a6f46ea471619520d7c70385b45e2dc3969a8ed130a09bc67ca1d383de7121cb42d9ae7fcc4236e8d0fef4ed9b9df6af4f4af5f7076e995227d41660974c4ab6fe2cd87eedba08ec8412bca121564b0c2d49489353e4ba6a95015955c593863b6c0c985a2367dc0670dd4f5ffef0b7fc7498ebad54f2632cc4c859932483010ab8b05968479e33bee32cc87c29861eaecdbe9b3b608f49cc707004abdc19cf4ceb198296d956cb38cfb6fdb955c4c1bed412a6bad15f8ac8d2947123e55e37f6a4287f807fca52e38a071b3f6973139204c6491aee5cf5e1baed07c7c7dfd48cdfb06ed3fa4a7629bc90aee70aca40582531018f2f97572b49c20489ff61345cadb60a4db15cf3b05f5ac916530ac49d42724a3f927890773bf5e8542e6218bc1ae02ff33f154abb8d581a6d70b26fd58ac8c1e59bcbb7ad76ad2a311e4603edc42a5ba37599aea15b73008f7249280a08bcd521cb44ace844b316abffdb6429d2b3eaffef6a51e22209632a22b522f4eb5d14201e4d02f2d144019249e1b7d1ad7895ee128a954fffc554b45042fcae505e00489ffe62710be1b226f20e566c16669ffeacc8fcbe80e4444d3a2dcc3c87eac115122701e68132740a609e6a4434a3ebeadf3ba057a100dd454c321b4aa9a15ca48ad2e86e43ad8dc10a5f1b43078ead4a59016de3b020bbcc039f07e03d896e0dd502d7225b58114d17f5146387b3496dc7b249dd05e49e2e76149be476087388befab20952ddf9d07d4a7cbaa27e9e59ac2bb66ec485a831f676cd56fe1e9edacadfcb71db67d0c38f5b053ccb2653b65e435ebfa3becc3841103f21eaafadd6f07316a3486a180eb08285cf8abe85af03759ba656b42d8ccf4279df933949c8238e8dcc6261bcd3bdbb42ad8f489c4219a13da22176b27bd34bb41fd13858d060e143e433f39faa3e74354353d5d74b9c543bfa184b12b86abf2bdc15e32e0ddc8af479498272120424c82f86f4f78654c13a7d3a565b32e10ebfdcc84bec3f64a9c12d0f4fe779cfde68bd53c36ea06533a29b562f10d986f00d258f5ac4ad69f512b1042f5b5159ac2182d5d2ef674a1856ec22cf7bd3423f512119dff6f3df0afe8b9868899325cb8a3ca10d81ae2f9e21569dae88da26083ceb92f13596fd266cf4cba51a81130e8eb9216846432a71acb5ed2795f11027f4775293ab677d6b5ef1e7a889b3809a62c7a037513d683aeba7df1a3f9045a526bd528fe8e2239819eafcb625d2195282c532e309709b703243e7badd4b4cb0c6ead44d69b14864917c60c7a2d49add4cd00d0bc8678a14f71157677990226d5951e4548b94fa07a4c226b135ff35893b92de9e22d64cd7a4fe3fd5c6a2576dbc476dc7af676dbcaf8b1dc17eb5b1f1c362c35a1e33d9d0e9014d0f5c7a81d2079183e130fbd8028bf36c6b43a13c56b302505259e75e52754c7b37a675c625d9f337ed2d81671204e6fe03a519241b2c54746369e77e09c792f004eabd0d51d5ab4f8460fc00ec2c7c56342d7c1df8da34b5226e61ec55a19b9da9869720230ad16495170980b40de888c4e9e230bfac935ae1ac937620d850c10a5a9db6579c3207d1f67d61e5e0ba632758a1ecd8fb55283b777bd5f13bf67715d2cfba662bdb322e13a88b8bad986eb5952405c4a640b5a6c9eaa9be3d455629ede9b14ad9951a6be3dbd36295f4f01c508a50f7a76291e08d96f08e08068bb4ba4df93bc6e145b1fd21da1e50c636d80ba5de539e093487ce8eed44833f9f9b1671438844b71947979c92c4bea16e48e1589665f4bbfcb90733e0546c003f90a53a5247ef29fcc076fb1e5ea902df6ff5d6ea093c286c2e83bec8af28baef2dfadc53b4df71542f220db7be875457287bcc551d4c4b4d60c518a48fea0d8279d976935960f9e4356375ad2217559bd6e3f4fa79e89e24ad127a5262e7b9c5217a35ebffdd66e75009b6857a18324f05ca43b897310bc11ce7f053f3d6a1f0394da5be45579f77fce8798f8f8f472163614c5c0c45d556b9f891cfd69ecafe3439fa55d43ec7f8156fb096a2dc4a3f95729fa05b64d8f7251a21e79789fbeaf5cbb7c7afdc8173a6079873300de1df7d7f568ad38ea51cba70669fa55b7313388fa8408f6675427902fe4a12b43b4543595e10021612f390c891b358c63879708aea64376dea6328c97d70eddf899a326ce5a738b9363d00ee6405054f905ff915f1a0388b6b3d35fc56e979867695d06e2cc8ad110999d80aa94e4d15c04e53c371f1f18226fad7d5cfd32335083a393e3e75e1df0f0011a052fbbaa2b272cbc8a396b7f93c66e899af83fe072fb4ebe5</marked_file>
      <paragraph_indexes count="50">94 128 458 534 650 725 803 882 1106 1136 1168 1209 1241 1271 1303 1341 1373 1411 2082 2095 2141 2370 2415 2716 2757 3039 3048 3443 3452 3801 3810 3884 3893 3975 3984 4054 4063 4169 4217 4279 4320 4379 4388 4446 4455 4513 4522 4588 4597 4675 4684 4754 4763 4840 4849 4921 4930 5000 5009 5082 5091 5153 5162 5235 5283 5560 5601 5883 5902 6154 6170 6391 6428 6779 6788 7075 7094 7339 7376 7430 7449 7694 7710 7752 7789 7841 7850 7905 7914 7975 7984 8036 8045 8116 8377 8802 8978 9149 9158 9267 </paragraph_indexes>
      <support_files>
        <file type="todo">images/bluebottom.gif</file>
        <file type="todo">images/bluetop.gif</file>
        <file type="todo">images/bottomwhite.gif</file>
        <file type="todo">images/bottomwhite2.gif</file>
        <file type="todo">images/logo1.gif</file>
        <file type="todo">images/menutabA1.gif</file>
        <file type="todo">images/menutabB1.gif</file>
        <file type="todo">images/photobackup/1bckgrnd.gif</file>
        <file type="todo">images/photobackup/2bckgrnd.gif</file>
        <file type="todo">images/photobackup/3bckgrnd.gif</file>
        <file type="todo">images/topline1.gif</file>
        <file type="todo">images/topline2.gif</file>
        <file type="todo">images/topline2WB.gif</file>
        <file type="todo">images/toplineL.gif</file>
        <file type="todo">images/toplineLW.gif</file>
        <file type="todo">images/toplineR.gif</file>
        <file type="todo">images/topwhite2.gif</file>
        <file type="todo">styles.css</file>
      </support_files>
    </extractor><translation>
      <languages>
        <language reviewed="False">Spanish</language>
        <language reviewed="False">German</language>
      </languages><sentences count="50">
        <ta_sentence do_translation="yes" encoding="utf-8" format="1" id="1336" original_language="English" type="title">
          <space_before />
          <space_after />
          <text_data language="German">
            <text from_TM="False" rev_id="13" status="New" time="1222355938">OnTheGoSoft SiteMap</text>
          </text_data><text_data language="Spanish">
            <text from_TM="False" rev_id="11" status="Complete" time="1222354203">Spanish : t SiteMap</text>
          </text_data><text_data language="English">
            <text from_TM="False" rev_id="11" status="Complete" time="1222354203">OnTheGoSoft SiteMap</text>
          </text_data>
        </ta_sentence><ta_sentence do_translation="yes" encoding="utf-8" format="1" id="1337" original_language="English">
          <space_before />
          <space_after />
          <text_data language="German">
            <text from_TM="False" rev_id="13" status="New" time="1222355938">OnTheGoSoft</text>
            <marker end="11" id="0" start="0" />
          </text_data><text_data language="Spanish">
            <text from_TM="False" rev_id="11" status="Complete" time="1222354203">Spanish : t</text>
            <marker end="11" id="0" start="0" />
          </text_data><text_data language="English">
            <text from_TM="False" rev_id="11" status="Complete" time="1222354203">OnTheGoSoft</text>
            <marker end="11" id="0" start="0" />
          </text_data><marker_def id="0" type="html">
            <html_marker tag="img">
              <attr name="src" val="images/bluetop.gif" />
              <attr name="alt" val="OnTheGoSoft" />
              <attr name="width" val="760" />
              <attr name="height" val="5" />
            </html_marker>
          </marker_def>
        </ta_sentence><ta_sentence do_translation="yes" encoding="utf-8" format="1" id="1338" original_language="English">
          <space_before />
          <space_after />
          <text_data language="German">
            <text from_TM="False" rev_id="13" status="New" time="1222355938">OnTheGoSoft</text>
            <marker end="11" id="0" start="0" />
          </text_data><text_data language="Spanish">
            <text from_TM="False" rev_id="11" status="Complete" time="1222354203">Spanish : t</text>
            <marker end="11" id="0" start="0" />
          </text_data><text_data language="English">
            <text from_TM="False" rev_id="11" status="Complete" time="1222354203">OnTheGoSoft</text>
            <marker end="11" id="0" start="0" />
          </text_data><marker_def id="0" type="html">
            <html_marker tag="img">
              <attr name="src" val="images/logo1.gif" />
              <attr name="alt" val="OnTheGoSoft" />
              <attr name="width" val="397" />
              <attr name="height" val="62" />
            </html_marker>
          </marker_def>
        </ta_sentence><ta_sentence do_translation="yes" encoding="utf-8" format="1" id="1339" original_language="English">
          <space_before />
          <space_after />
          <text_data language="German">
            <text from_TM="False" rev_id="13" status="New" time="1222355938">OnTheGoSoft</text>
            <marker end="11" id="0" start="0" />
          </text_data><text_data language="Spanish">
            <text from_TM="False" rev_id="11" status="Complete" time="1222354203">Spanish : t</text>
            <marker end="11" id="0" start="0" />
          </text_data><text_data language="English">
            <text from_TM="False" rev_id="11" status="Complete" time="1222354203">OnTheGoSoft</text>
            <marker end="11" id="0" start="0" />
          </text_data><marker_def id="0" type="html">
            <html_marker tag="img">
              <attr name="src" val="images/bluebottom.gif" />
              <attr name="alt" val="OnTheGoSoft" />
              <attr name="width" val="760" />
              <attr name="height" val="5" />
            </html_marker>
          </marker_def>
        </ta_sentence><ta_sentence do_translation="yes" encoding="utf-8" format="1" id="1340" original_language="English">
          <space_before />
          <space_after />
          <text_data language="German">
            <text from_TM="False" rev_id="13" status="New" time="1222355938">Products</text>
            <marker end="8" id="0" start="0" />
          </text_data><text_data language="Spanish">
            <text from_TM="False" rev_id="11" status="Complete" time="1222354203">Spanish : </text>
            <marker end="8" id="0" start="0" />
          </text_data><text_data language="English">
            <text from_TM="False" rev_id="11" status="Complete" time="1222354203">Products</text>
            <marker end="8" id="0" start="0" />
          </text_data><marker_def id="0" type="html">
            <html_marker tag="a">
              <attr name="href" val="./" />
            </html_marker>
          </marker_def>
        </ta_sentence><ta_sentence do_translation="yes" encoding="utf-8" format="1" id="1341" original_language="English">
          <space_before />
          <space_after />
          <text_data language="German">
            <text from_TM="False" rev_id="13" status="New" time="1222355938">Downloads</text>
            <marker end="9" id="0" start="0" />
          </text_data><text_data language="Spanish">
            <text from_TM="False" rev_id="11" status="Complete" time="1222354203">Spanish : </text>
            <marker end="9" id="0" start="0" />
          </text_data><text_data language="English">
            <text from_TM="False" rev_id="11" status="Complete" time="1222354203">Downloads</text>
            <marker end="9" id="0" start="0" />
          </text_data><marker_def id="0" type="html">
            <html_marker tag="a">
              <attr name="href" val="download.htm" />
            </html_marker>
          </marker_def>
        </ta_sentence><ta_sentence do_translation="yes" encoding="utf-8" format="1" id="1342" original_language="English">
          <space_before />
          <space_after />
          <text_data language="German">
            <text from_TM="False" rev_id="13" status="New" time="1222355938">Buy</text>
            <marker end="3" id="0" start="0" />
          </text_data><text_data language="Spanish">
            <text from_TM="False" rev_id="11" status="Complete" time="1222354203">Spanish : </text>
            <marker end="3" id="0" start="0" />
          </text_data><text_data language="English">
            <text from_TM="False" rev_id="11" status="Complete" time="1222354203">Buy</text>
            <marker end="3" id="0" start="0" />
          </text_data><marker_def id="0" type="html">
            <html_marker tag="a">
              <attr name="href" val="buy.htm" />
            </html_marker>
          </marker_def>
        </ta_sentence><ta_sentence do_translation="yes" encoding="utf-8" format="1" id="1343" original_language="English">
          <space_before />
          <space_after />
          <text_data language="German">
            <text from_TM="False" rev_id="13" status="New" time="1222355938">Contact</text>
            <marker end="7" id="0" start="0" />
          </text_data><text_data language="Spanish">
            <text from_TM="False" rev_id="11" status="Complete" time="1222354203">Spanish : </text>
            <marker end="7" id="0" start="0" />
          </text_data><text_data language="English">
            <text from_TM="False" rev_id="11" status="Complete" time="1222354203">Contact</text>
            <marker end="7" id="0" start="0" />
          </text_data><marker_def id="0" type="html">
            <html_marker tag="a">
              <attr name="href" val="contact.htm" />
            </html_marker>
          </marker_def>
        </ta_sentence><ta_sentence do_translation="yes" encoding="utf-8" format="1" id="1344" original_language="English">
          <space_before />
          <space_after />
          <text_data language="German">
            <text from_TM="False" rev_id="13" status="New" time="1222355938">Support</text>
            <marker end="7" id="0" start="0" />
          </text_data><text_data language="Spanish">
            <text from_TM="False" rev_id="11" status="Complete" time="1222354203">Spanish : </text>
            <marker end="7" id="0" start="0" />
          </text_data><text_data language="English">
            <text from_TM="False" rev_id="11" status="Complete" time="1222354203">Support</text>
            <marker end="7" id="0" start="0" />
          </text_data><marker_def id="0" type="html">
            <html_marker tag="a">
              <attr name="href" val="support.htm" />
            </html_marker>
          </marker_def>
        </ta_sentence><ta_sentence do_translation="yes" encoding="utf-8" format="1" id="1345" original_language="English">
          <space_before />
          <space_after />
          <text_data language="German">
            <text from_TM="False" rev_id="13" status="New" time="1222355938">Site map</text>
          </text_data><text_data language="Spanish">
            <text from_TM="False" rev_id="11" status="Complete" time="1222354203">Spanish : </text>
          </text_data><text_data language="English">
            <text from_TM="False" rev_id="11" status="Complete" time="1222354203">Site map</text>
          </text_data>
        </ta_sentence><ta_sentence do_translation="yes" encoding="utf-8" format="1" id="1346" original_language="English">
          <space_before />
          <space_after />
          <text_data language="German">
            <text from_TM="False" rev_id="13" status="New" time="1222355938">Products&#160;&#160;&#160;(English&#160;Deutsch&#160;Fran&#231;ais&#160;Espa&#241;ol&#160;Portugu&#234;s&#160;)</text>
            <marker end="19" id="0" start="12" />
            <marker end="27" id="1" start="20" />
            <marker end="36" id="2" start="28" />
            <marker end="44" id="3" start="37" />
            <marker end="54" id="4" start="45" />
          </text_data><text_data language="Spanish">
            <text from_TM="False" rev_id="11" status="Complete" time="1222354203">Spanish : &#160;(English&#160;Deutsch&#160;Fran&#231;ais&#160;Espa&#241;ol&#160;Portugu&#234;s&#160;)</text>
            <marker end="19" id="0" start="12" />
            <marker end="27" id="1" start="20" />
            <marker end="36" id="2" start="28" />
            <marker end="44" id="3" start="37" />
            <marker end="54" id="4" start="45" />
          </text_data><text_data language="English">
            <text from_TM="False" rev_id="11" status="Complete" time="1222354203">Products&#160;&#160;&#160;(English&#160;Deutsch&#160;Fran&#231;ais&#160;Espa&#241;ol&#160;Portugu&#234;s&#160;)</text>
            <marker end="19" id="0" start="12" />
            <marker end="27" id="1" start="20" />
            <marker end="36" id="2" start="28" />
            <marker end="44" id="3" start="37" />
            <marker end="54" id="4" start="45" />
          </text_data><marker_def id="0" type="html">
            <html_marker tag="a">
              <attr name="href" val="./" />
            </html_marker>
          </marker_def><marker_def id="1" type="html">
            <html_marker tag="a">
              <attr name="href" val="de/index.htm" />
            </html_marker>
          </marker_def><marker_def id="2" type="html">
            <html_marker tag="a">
              <attr name="href" val="fr/index.htm" />
            </html_marker>
          </marker_def><marker_def id="3" type="html">
            <html_marker tag="a">
              <attr name="href" val="es/index.htm" />
            </html_marker>
          </marker_def><marker_def id="4" type="html">
            <html_marker tag="a">
              <attr name="href" val="br/index.htm" />
            </html_marker>
          </marker_def>
        </ta_sentence><ta_sentence do_translation="yes" encoding="utf-8" format="1" id="1347" original_language="English">
          <space_before>&#160;</space_before>
          <space_after />
          <text_data language="German">
            <text from_TM="False" rev_id="13" status="New" time="1222355938">--&#160;Passport Photo&#160;&#160;&#160;(English&#160;Deutsch&#160;Fran&#231;ais&#160;Espa&#241;ol&#160;Portugu&#234;s&#160;)</text>
            <marker end="28" id="0" start="21" />
            <marker end="36" id="1" start="29" />
            <marker end="45" id="2" start="37" />
            <marker end="53" id="3" start="46" />
            <marker end="63" id="4" start="54" />
          </text_data><text_data language="Spanish">
            <text from_TM="False" rev_id="11" status="Complete" time="1222354203">Spanish : t Photo&#160;&#160;&#160;(English&#160;Deutsch&#160;Fran&#231;ais&#160;Espa&#241;ol&#160;Portugu&#234;s&#160;)</text>
            <marker end="28" id="0" start="21" />
            <marker end="36" id="1" start="29" />
            <marker end="45" id="2" start="37" />
            <marker end="53" id="3" start="46" />
            <marker end="63" id="4" start="54" />
          </text_data><text_data language="English">
            <text from_TM="False" rev_id="11" status="Complete" time="1222354203">--&#160;Passport Photo&#160;&#160;&#160;(English&#160;Deutsch&#160;Fran&#231;ais&#160;Espa&#241;ol&#160;Portugu&#234;s&#160;)</text>
            <marker end="28" id="0" start="21" />
            <marker end="36" id="1" start="29" />
            <marker end="45" id="2" start="37" />
            <marker end="53" id="3" start="46" />
            <marker end="63" id="4" start="54" />
          </text_data><marker_def id="0" type="html">
            <html_marker tag="a">
              <attr name="href" val="passport_photo.htm" />
            </html_marker>
          </marker_def><marker_def id="1" type="html">
            <html_marker tag="a">
              <attr name="href" val="de/passport_photo.htm" />
            </html_marker>
          </marker_def><marker_def id="2" type="html">
            <html_marker tag="a">
              <attr name="href" val="fr/passport_photo.htm" />
            </html_marker>
          </marker_def><marker_def id="3" type="html">
            <html_marker tag="a">
              <attr name="href" val="es/passport_photo.htm" />
            </html_marker>
          </marker_def><marker_def id="4" type="html">
            <html_marker tag="a">
              <attr name="href" val="br/passport_photo.htm" />
            </html_marker>
          </marker_def>
        </ta_sentence><ta_sentence do_translation="yes" encoding="utf-8" format="1" id="1348" original_language="English">
          <space_before>&#160;</space_before>
          <space_after />
          <text_data language="German">
            <text from_TM="False" rev_id="13" status="New" time="1222355938">----&#160;Download&#160;&#160;&#160;(English&#160;Deutsch&#160;Fran&#231;ais&#160;Espa&#241;ol&#160;Portugu&#234;s&#160;)</text>
            <marker end="24" id="0" start="17" />
            <marker end="32" id="1" start="25" />
            <marker end="41" id="2" start="33" />
            <marker end="49" id="3" start="42" />
            <marker end="59" id="4" start="50" />
          </text_data><text_data language="Spanish">
            <text from_TM="False" rev_id="11" status="Complete" time="1222354203">Spanish : oad&#160;&#160;&#160;(English&#160;Deutsch&#160;Fran&#231;ais&#160;Espa&#241;ol&#160;Portugu&#234;s&#160;)</text>
            <marker end="24" id="0" start="17" />
            <marker end="32" id="1" start="25" />
            <marker end="41" id="2" start="33" />
            <marker end="49" id="3" start="42" />
            <marker end="59" id="4" start="50" />
          </text_data><text_data language="English">
            <text from_TM="False" rev_id="11" status="Complete" time="1222354203">----&#160;Download&#160;&#160;&#160;(English&#160;Deutsch&#160;Fran&#231;ais&#160;Espa&#241;ol&#160;Portugu&#234;s&#160;)</text>
            <marker end="24" id="0" start="17" />
            <marker end="32" id="1" start="25" />
            <marker end="41" id="2" start="33" />
            <marker end="49" id="3" start="42" />
            <marker end="59" id="4" start="50" />
          </text_data><marker_def id="0" type="html">
            <html_marker tag="a">
              <attr name="href" val="pp_download.htm" />
            </html_marker>
          </marker_def><marker_def id="1" type="html">
            <html_marker tag="a">
              <attr name="href" val="de/pp_download.htm" />
            </html_marker>
          </marker_def><marker_def id="2" type="html">
            <html_marker tag="a">
              <attr name="href" val="fr/pp_download.htm" />
            </html_marker>
          </marker_def><marker_def id="3" type="html">
            <html_marker tag="a">
              <attr name="href" val="es/pp_download.htm" />
            </html_marker>
          </marker_def><marker_def id="4" type="html">
            <html_marker tag="a">
              <attr name="href" val="br/pp_download.htm" />
            </html_marker>
          </marker_def>
        </ta_sentence><ta_sentence do_translation="yes" encoding="utf-8" format="1" id="1349" original_language="English">
          <space_before> &#160;</space_before>
          <space_after />
          <text_data language="German">
            <text from_TM="False" rev_id="13" status="New" time="1222355938">----&#160;Passport Photo Specifications&#160;&#160;&#160;(English&#160;Deutsch&#160;Fran&#231;ais&#160;Espa&#241;ol&#160;Portugu&#234;s&#160;)</text>
            <marker end="45" id="0" start="38" />
            <marker end="53" id="1" start="46" />
            <marker end="62" id="2" start="54" />
            <marker end="70" id="3" start="63" />
            <marker end="80" id="4" start="71" />
          </text_data><text_data language="Spanish">
            <text from_TM="False" rev_id="11" status="Complete" time="1222354203">Spanish : ort Photo Specifications&#160;&#160;&#160;(English&#160;Deutsch&#160;Fran&#231;ais&#160;Espa&#241;ol&#160;Portugu&#234;s&#160;)</text>
            <marker end="45" id="0" start="38" />
            <marker end="53" id="1" start="46" />
            <marker end="62" id="2" start="54" />
            <marker end="70" id="3" start="63" />
            <marker end="80" id="4" start="71" />
          </text_data><text_data language="English">
            <text from_TM="False" rev_id="11" status="Complete" time="1222354203">----&#160;Passport Photo Specifications&#160;&#160;&#160;(English&#160;Deutsch&#160;Fran&#231;ais&#160;Espa&#241;ol&#160;Portugu&#234;s&#160;)</text>
            <marker end="45" id="0" start="38" />
            <marker end="53" id="1" start="46" />
            <marker end="62" id="2" start="54" />
            <marker end="70" id="3" start="63" />
            <marker end="80" id="4" start="71" />
          </text_data><marker_def id="0" type="html">
            <html_marker tag="a">
              <attr name="href" val="passport_photo_specifications.htm" />
            </html_marker>
          </marker_def><marker_def id="1" type="html">
            <html_marker tag="a">
              <attr name="href" val="de/passport_photo_specifications.htm" />
            </html_marker>
          </marker_def><marker_def id="2" type="html">
            <html_marker tag="a">
              <attr name="href" val="fr/passport_photo_specifications.htm" />
            </html_marker>
          </marker_def><marker_def id="3" type="html">
            <html_marker tag="a">
              <attr name="href" val="es/passport_photo_specifications.htm" />
            </html_marker>
          </marker_def><marker_def id="4" type="html">
            <html_marker tag="a">
              <attr name="href" val="br/passport_photo_specifications.htm" />
            </html_marker>
          </marker_def>
        </ta_sentence><ta_sentence do_translation="yes" encoding="utf-8" format="1" id="1350" original_language="English">
          <space_before> &#160;</space_before>
          <space_after />
          <text_data language="German">
            <text from_TM="False" rev_id="13" status="New" time="1222355938">----&#160;Common Picture Problems&#160;&#160;&#160;(English&#160;Deutsch&#160;Fran&#231;ais&#160;Espa&#241;ol&#160;Portugu&#234;s&#160;)</text>
            <marker end="39" id="0" start="32" />
            <marker end="47" id="1" start="40" />
            <marker end="56" id="2" start="48" />
            <marker end="64" id="3" start="57" />
            <marker end="74" id="4" start="65" />
          </text_data><text_data language="Spanish">
            <text from_TM="False" rev_id="11" status="Complete" time="1222354203">Spanish : n Picture Problems&#160;&#160;&#160;(English&#160;Deutsch&#160;Fran&#231;ais&#160;Espa&#241;ol&#160;Portugu&#234;s&#160;)</text>
            <marker end="39" id="0" start="32" />
            <marker end="47" id="1" start="40" />
            <marker end="56" id="2" start="48" />
            <marker end="64" id="3" start="57" />
            <marker end="74" id="4" start="65" />
          </text_data><text_data language="English">
            <text from_TM="False" rev_id="11" status="Complete" time="1222354203">----&#160;Common Picture Problems&#160;&#160;&#160;(English&#160;Deutsch&#160;Fran&#231;ais&#160;Espa&#241;ol&#160;Portugu&#234;s&#160;)</text>
            <marker end="39" id="0" start="32" />
            <marker end="47" id="1" start="40" />
            <marker end="56" id="2" start="48" />
            <marker end="64" id="3" start="57" />
            <marker end="74" id="4" start="65" />
          </text_data><marker_def id="0" type="html">
            <html_marker tag="a">
              <attr name="href" val="common_photo_problems.htm" />
            </html_marker>
          </marker_def><marker_def id="1" type="html">
            <html_marker tag="a">
              <attr name="href" val="de/common_photo_problems.htm" />
            </html_marker>
          </marker_def><marker_def id="2" type="html">
            <html_marker tag="a">
              <attr name="href" val="fr/common_photo_problems.htm" />
            </html_marker>
          </marker_def><marker_def id="3" type="html">
            <html_marker tag="a">
              <attr name="href" val="es/common_photo_problems.htm" />
            </html_marker>
          </marker_def><marker_def id="4" type="html">
            <html_marker tag="a">
              <attr name="href" val="br/common_photo_problems.htm" />
            </html_marker>
          </marker_def>
        </ta_sentence><ta_sentence do_translation="yes" encoding="utf-8" format="1" id="1351" original_language="English">
          <space_before> &#160;</space_before>
          <space_after />
          <text_data language="German">
            <text from_TM="False" rev_id="13" status="New" time="1222355938">----&#160;Passport Renewal</text>
            <marker end="21" id="0" start="5" />
          </text_data><text_data language="Spanish">
            <text from_TM="False" rev_id="11" status="Complete" time="1222354203">Spanish : ort Renewal</text>
            <marker end="21" id="0" start="5" />
          </text_data><text_data language="English">
            <text from_TM="False" rev_id="11" status="Complete" time="1222354203">----&#160;Passport Renewal</text>
            <marker end="21" id="0" start="5" />
          </text_data><marker_def id="0" type="html">
            <html_marker tag="a">
              <attr name="href" val="passport_renewal.htm" />
            </html_marker>
          </marker_def>
        </ta_sentence><ta_sentence do_translation="yes" encoding="utf-8" format="1" id="1352" original_language="English">
          <space_before> &#160;</space_before>
          <space_after />
          <text_data language="German">
            <text from_TM="False" rev_id="13" status="New" time="1222355938">----&#160;Passport Application</text>
            <marker end="25" id="0" start="5" />
          </text_data><text_data language="Spanish">
            <text from_TM="False" rev_id="11" status="Complete" time="1222354203">Spanish : ort Application</text>
            <marker end="25" id="0" start="5" />
          </text_data><text_data language="English">
            <text from_TM="False" rev_id="11" status="Complete" time="1222354203">----&#160;Passport Application</text>
            <marker end="25" id="0" start="5" />
          </text_data><marker_def id="0" type="html">
            <html_marker tag="a">
              <attr name="href" val="passport_application.htm" />
            </html_marker>
          </marker_def>
        </ta_sentence><ta_sentence do_translation="yes" encoding="utf-8" format="1" id="1353" original_language="English">
          <space_before> &#160;</space_before>
          <space_after />
          <text_data language="German">
            <text from_TM="False" rev_id="13" status="New" time="1222355938">----&#160;Child ID Cards</text>
            <marker end="19" id="0" start="5" />
          </text_data><text_data language="Spanish">
            <text from_TM="False" rev_id="11" status="Complete" time="1222354203">Spanish :  ID Cards</text>
            <marker end="19" id="0" start="5" />
          </text_data><text_data language="English">
            <text from_TM="False" rev_id="11" status="Complete" time="1222354203">----&#160;Child ID Cards</text>
            <marker end="19" id="0" start="5" />
          </text_data><marker_def id="0" type="html">
            <html_marker tag="a">
              <attr name="href" val="child_id_cards.htm" />
            </html_marker>
          </marker_def>
        </ta_sentence><ta_sentence do_translation="yes" encoding="utf-8" format="1" id="1354" original_language="English">
          <space_before> &#160;</space_before>
          <space_after />
          <text_data language="German">
            <text from_TM="False" rev_id="13" status="New" time="1222355938">----&#160;Translated texts for child ID cards</text>
            <marker end="40" id="0" start="5" />
          </text_data><text_data language="Spanish">
            <text from_TM="False" rev_id="11" status="Complete" time="1222354203">Spanish : lated texts for child ID cards</text>
            <marker end="40" id="0" start="5" />
          </text_data><text_data language="English">
            <text from_TM="False" rev_id="11" status="Complete" time="1222354203">----&#160;Translated texts for child ID cards</text>
            <marker end="40" id="0" start="5" />
          </text_data><marker_def id="0" type="html">
            <html_marker tag="a">
              <attr name="href" val="translated-texts-for-id-cards.htm" />
            </html_marker>
          </marker_def>
        </ta_sentence><ta_sentence do_translation="yes" encoding="utf-8" format="1" id="1355" original_language="English">
          <space_before>&#160;</space_before>
          <space_after />
          <text_data language="German">
            <text from_TM="False" rev_id="13" status="New" time="1222355938">--&#160;Photo Backup</text>
            <marker end="15" id="0" start="3" />
          </text_data><text_data language="Spanish">
            <text from_TM="False" rev_id="11" status="Complete" time="1222354203">Spanish : ackup</text>
            <marker end="15" id="0" start="3" />
          </text_data><text_data language="English">
            <text from_TM="False" rev_id="11" status="Complete" time="1222354203">--&#160;Photo Backup</text>
            <marker end="15" id="0" start="3" />
          </text_data><marker_def id="0" type="html">
            <html_marker tag="a">
              <attr name="href" val="photo_backup.htm" />
            </html_marker>
          </marker_def>
        </ta_sentence><ta_sentence do_translation="yes" encoding="utf-8" format="1" id="1356" original_language="English">
          <space_before>&#160;</space_before>
          <space_after />
          <text_data language="German">
            <text from_TM="False" rev_id="13" status="New" time="1222355938">----&#160;Download</text>
            <marker end="13" id="0" start="5" />
          </text_data><text_data language="Spanish">
            <text from_TM="False" rev_id="11" status="Complete" time="1222354203">Spanish : oad</text>
            <marker end="13" id="0" start="5" />
          </text_data><text_data language="English">
            <text from_TM="False" rev_id="11" status="Complete" time="1222354203">----&#160;Download</text>
            <marker end="13" id="0" start="5" />
          </text_data><marker_def id="0" type="html">
            <html_marker tag="a">
              <attr name="href" val="pb_download.htm" />
            </html_marker>
          </marker_def>
        </ta_sentence><ta_sentence do_translation="yes" encoding="utf-8" format="1" id="1357" original_language="English">
          <space_before> &#160;</space_before>
          <space_after />
          <text_data language="German">
            <text from_TM="False" rev_id="13" status="New" time="1222355938">----&#160;Overview</text>
            <marker end="13" id="0" start="5" />
          </text_data><text_data language="Spanish">
            <text from_TM="False" rev_id="11" status="Complete" time="1222354203">Spanish : iew</text>
            <marker end="13" id="0" start="5" />
          </text_data><text_data language="English">
            <text from_TM="False" rev_id="11" status="Complete" time="1222354203">----&#160;Overview</text>
            <marker end="13" id="0" start="5" />
          </text_data><marker_def id="0" type="html">
            <html_marker tag="a">
              <attr name="href" val="overview.htm" />
            </html_marker>
          </marker_def>
        </ta_sentence><ta_sentence do_translation="yes" encoding="utf-8" format="1" id="1358" original_language="English">
          <space_before> &#160;</space_before>
          <space_after />
          <text_data language="German">
            <text from_TM="False" rev_id="13" status="New" time="1222355938">----&#160;Features</text>
            <marker end="13" id="0" start="5" />
          </text_data><text_data language="Spanish">
            <text from_TM="False" rev_id="11" status="Complete" time="1222354203">Spanish : res</text>
            <marker end="13" id="0" start="5" />
          </text_data><text_data language="English">
            <text from_TM="False" rev_id="11" status="Complete" time="1222354203">----&#160;Features</text>
            <marker end="13" id="0" start="5" />
          </text_data><marker_def id="0" type="html">
            <html_marker tag="a">
              <attr name="href" val="benefits.htm" />
            </html_marker>
          </marker_def>
        </ta_sentence><ta_sentence do_translation="yes" encoding="utf-8" format="1" id="1359" original_language="English">
          <space_before> &#160;</space_before>
          <space_after />
          <text_data language="German">
            <text from_TM="False" rev_id="13" status="New" time="1222355938">----&#160;Versions History</text>
            <marker end="21" id="0" start="5" />
          </text_data><text_data language="Spanish">
            <text from_TM="False" rev_id="11" status="Complete" time="1222354203">Spanish : ons History</text>
            <marker end="21" id="0" start="5" />
          </text_data><text_data language="English">
            <text from_TM="False" rev_id="11" status="Complete" time="1222354203">----&#160;Versions History</text>
            <marker end="21" id="0" start="5" />
          </text_data><marker_def id="0" type="html">
            <html_marker tag="a">
              <attr name="href" val="versions.htm" />
            </html_marker>
          </marker_def>
        </ta_sentence><ta_sentence do_translation="yes" encoding="utf-8" format="1" id="1360" original_language="English">
          <space_before> &#160;</space_before>
          <space_after />
          <text_data language="German">
            <text from_TM="False" rev_id="13" status="New" time="1222355938">----&#160;About Photo Backup LE</text>
            <marker end="26" id="0" start="5" />
          </text_data><text_data language="Spanish">
            <text from_TM="False" rev_id="11" status="Complete" time="1222354203">Spanish :  Photo Backup LE</text>
            <marker end="26" id="0" start="5" />
          </text_data><text_data language="English">
            <text from_TM="False" rev_id="11" status="Complete" time="1222354203">----&#160;About Photo Backup LE</text>
            <marker end="26" id="0" start="5" />
          </text_data><marker_def id="0" type="html">
            <html_marker tag="a">
              <attr name="href" val="photo_backup_le.htm" />
            </html_marker>
          </marker_def>
        </ta_sentence><ta_sentence do_translation="yes" encoding="utf-8" format="1" id="1361" original_language="English">
          <space_before> &#160;</space_before>
          <space_after />
          <text_data language="German">
            <text from_TM="False" rev_id="13" status="New" time="1222355938">----&#160;Supported Formats</text>
            <marker end="22" id="0" start="5" />
          </text_data><text_data language="Spanish">
            <text from_TM="False" rev_id="11" status="Complete" time="1222354203">Spanish : rted Formats</text>
            <marker end="22" id="0" start="5" />
          </text_data><text_data language="English">
            <text from_TM="False" rev_id="11" status="Complete" time="1222354203">----&#160;Supported Formats</text>
            <marker end="22" id="0" start="5" />
          </text_data><marker_def id="0" type="html">
            <html_marker tag="a">
              <attr name="href" val="photo_types.htm" />
            </html_marker>
          </marker_def>
        </ta_sentence><ta_sentence do_translation="yes" encoding="utf-8" format="1" id="1362" original_language="English">
          <space_before> &#160;</space_before>
          <space_after />
          <text_data language="German">
            <text from_TM="False" rev_id="13" status="New" time="1222355938">----&#160;Archive Digital Photos</text>
            <marker end="27" id="0" start="5" />
          </text_data><text_data language="Spanish">
            <text from_TM="False" rev_id="11" status="Complete" time="1222354203">Spanish : ve Digital Photos</text>
            <marker end="27" id="0" start="5" />
          </text_data><text_data language="English">
            <text from_TM="False" rev_id="11" status="Complete" time="1222354203">----&#160;Archive Digital Photos</text>
            <marker end="27" id="0" start="5" />
          </text_data><marker_def id="0" type="html">
            <html_marker tag="a">
              <attr name="href" val="backup_photos.htm" />
            </html_marker>
          </marker_def>
        </ta_sentence><ta_sentence do_translation="yes" encoding="utf-8" format="1" id="1363" original_language="English">
          <space_before> &#160;</space_before>
          <space_after />
          <text_data language="German">
            <text from_TM="False" rev_id="13" status="New" time="1222355938">----&#160;Photo Organizer</text>
            <marker end="20" id="0" start="5" />
          </text_data><text_data language="Spanish">
            <text from_TM="False" rev_id="11" status="Complete" time="1222354203">Spanish :  Organizer</text>
            <marker end="20" id="0" start="5" />
          </text_data><text_data language="English">
            <text from_TM="False" rev_id="11" status="Complete" time="1222354203">----&#160;Photo Organizer</text>
            <marker end="20" id="0" start="5" />
          </text_data><marker_def id="0" type="html">
            <html_marker tag="a">
              <attr name="href" val="organize_photos.htm" />
            </html_marker>
          </marker_def>
        </ta_sentence><ta_sentence do_translation="yes" encoding="utf-8" format="1" id="1364" original_language="English">
          <space_before> &#160;</space_before>
          <space_after />
          <text_data language="German">
            <text from_TM="False" rev_id="13" status="New" time="1222355938">----&#160;Backup Audio CDs</text>
            <marker end="21" id="0" start="5" />
          </text_data><text_data language="Spanish">
            <text from_TM="False" rev_id="11" status="Complete" time="1222354203">Spanish : p Audio CDs</text>
            <marker end="21" id="0" start="5" />
          </text_data><text_data language="English">
            <text from_TM="False" rev_id="11" status="Complete" time="1222354203">----&#160;Backup Audio CDs</text>
            <marker end="21" id="0" start="5" />
          </text_data><marker_def id="0" type="html">
            <html_marker tag="a">
              <attr name="href" val="backup_audio.htm" />
            </html_marker>
          </marker_def>
        </ta_sentence><ta_sentence do_translation="yes" encoding="utf-8" format="1" id="1365" original_language="English">
          <space_before> &#160;</space_before>
          <space_after />
          <text_data language="German">
            <text from_TM="False" rev_id="13" status="New" time="1222355938">----&#160;Index Existing Backup</text>
            <marker end="26" id="0" start="5" />
          </text_data><text_data language="Spanish">
            <text from_TM="False" rev_id="11" status="Complete" time="1222354203">Spanish :  Existing Backup</text>
            <marker end="26" id="0" start="5" />
          </text_data><text_data language="English">
            <text from_TM="False" rev_id="11" status="Complete" time="1222354203">----&#160;Index Existing Backup</text>
            <marker end="26" id="0" start="5" />
          </text_data><marker_def id="0" type="html">
            <html_marker tag="a">
              <attr name="href" val="make_index.htm" />
            </html_marker>
          </marker_def>
        </ta_sentence><ta_sentence do_translation="yes" encoding="utf-8" format="1" id="1366" original_language="English">
          <space_before> &#160;</space_before>
          <space_after />
          <text_data language="German">
            <text from_TM="False" rev_id="13" status="New" time="1222355938">----&#160;CD Burning</text>
            <marker end="15" id="0" start="5" />
          </text_data><text_data language="Spanish">
            <text from_TM="False" rev_id="11" status="Complete" time="1222354203">Spanish : rning</text>
            <marker end="15" id="0" start="5" />
          </text_data><text_data language="English">
            <text from_TM="False" rev_id="11" status="Complete" time="1222354203">----&#160;CD Burning</text>
            <marker end="15" id="0" start="5" />
          </text_data><marker_def id="0" type="html">
            <html_marker tag="a">
              <attr name="href" val="cd_burning.htm" />
            </html_marker>
          </marker_def>
        </ta_sentence><ta_sentence do_translation="yes" encoding="utf-8" format="1" id="1367" original_language="English">
          <space_before> &#160;</space_before>
          <space_after />
          <text_data language="German">
            <text from_TM="False" rev_id="13" status="New" time="1222355938">----&#160;Enabling DMA Mode</text>
            <marker end="22" id="0" start="5" />
          </text_data><text_data language="Spanish">
            <text from_TM="False" rev_id="11" status="Complete" time="1222354203">Spanish : ing DMA Mode</text>
            <marker end="22" id="0" start="5" />
          </text_data><text_data language="English">
            <text from_TM="False" rev_id="11" status="Complete" time="1222354203">----&#160;Enabling DMA Mode</text>
            <marker end="22" id="0" start="5" />
          </text_data><marker_def id="0" type="html">
            <html_marker tag="a">
              <attr name="href" val="dma_setting_nt.htm" />
            </html_marker>
          </marker_def>
        </ta_sentence><ta_sentence do_translation="yes" encoding="utf-8" format="1" id="1368" original_language="English">
          <space_before>&#160;</space_before>
          <space_after />
          <text_data language="German">
            <text from_TM="False" rev_id="13" status="New" time="1222355938">--&#160;Shrink Pic&#160;&#160;&#160;(English&#160;Deutsch&#160;Fran&#231;ais&#160;Espa&#241;ol&#160;Portugu&#234;s&#160;)</text>
            <marker end="24" id="0" start="17" />
            <marker end="32" id="1" start="25" />
            <marker end="41" id="2" start="33" />
            <marker end="49" id="3" start="42" />
            <marker end="59" id="4" start="50" />
          </text_data><text_data language="Spanish">
            <text from_TM="False" rev_id="11" status="Complete" time="1222354203">Spanish : Pic&#160;&#160;&#160;(English&#160;Deutsch&#160;Fran&#231;ais&#160;Espa&#241;ol&#160;Portugu&#234;s&#160;)</text>
            <marker end="24" id="0" start="17" />
            <marker end="32" id="1" start="25" />
            <marker end="41" id="2" start="33" />
            <marker end="49" id="3" start="42" />
            <marker end="59" id="4" start="50" />
          </text_data><text_data language="English">
            <text from_TM="False" rev_id="11" status="Complete" time="1222354203">--&#160;Shrink Pic&#160;&#160;&#160;(English&#160;Deutsch&#160;Fran&#231;ais&#160;Espa&#241;ol&#160;Portugu&#234;s&#160;)</text>
            <marker end="24" id="0" start="17" />
            <marker end="32" id="1" start="25" />
            <marker end="41" id="2" start="33" />
            <marker end="49" id="3" start="42" />
            <marker end="59" id="4" start="50" />
          </text_data><marker_def id="0" type="html">
            <html_marker tag="a">
              <attr name="href" val="shrink_pic.htm" />
            </html_marker>
          </marker_def><marker_def id="1" type="html">
            <html_marker tag="a">
              <attr name="href" val="de/shrink_pic.htm" />
            </html_marker>
          </marker_def><marker_def id="2" type="html">
            <html_marker tag="a">
              <attr name="href" val="fr/shrink_pic.htm" />
            </html_marker>
          </marker_def><marker_def id="3" type="html">
            <html_marker tag="a">
              <attr name="href" val="es/shrink_pic.htm" />
            </html_marker>
          </marker_def><marker_def id="4" type="html">
            <html_marker tag="a">
              <attr name="href" val="br/shrink_pic.htm" />
            </html_marker>
          </marker_def>
        </ta_sentence><ta_sentence do_translation="yes" encoding="utf-8" format="1" id="1369" original_language="English">
          <space_before>&#160;</space_before>
          <space_after />
          <text_data language="German">
            <text from_TM="False" rev_id="13" status="New" time="1222355938">----&#160;Download&#160;&#160;&#160;(English&#160;Deutsch&#160;Fran&#231;ais&#160;Espa&#241;ol&#160;Portugu&#234;s&#160;)</text>
            <marker end="24" id="0" start="17" />
            <marker end="32" id="1" start="25" />
            <marker end="41" id="2" start="33" />
            <marker end="49" id="3" start="42" />
            <marker end="59" id="4" start="50" />
          </text_data><text_data language="Spanish">
            <text from_TM="False" rev_id="11" status="Complete" time="1222354203">Spanish : oad&#160;&#160;&#160;(English&#160;Deutsch&#160;Fran&#231;ais&#160;Espa&#241;ol&#160;Portugu&#234;s&#160;)</text>
            <marker end="24" id="0" start="17" />
            <marker end="32" id="1" start="25" />
            <marker end="41" id="2" start="33" />
            <marker end="49" id="3" start="42" />
            <marker end="59" id="4" start="50" />
          </text_data><text_data language="English">
            <text from_TM="False" rev_id="11" status="Complete" time="1222354203">----&#160;Download&#160;&#160;&#160;(English&#160;Deutsch&#160;Fran&#231;ais&#160;Espa&#241;ol&#160;Portugu&#234;s&#160;)</text>
            <marker end="24" id="0" start="17" />
            <marker end="32" id="1" start="25" />
            <marker end="41" id="2" start="33" />
            <marker end="49" id="3" start="42" />
            <marker end="59" id="4" start="50" />
          </text_data><marker_def id="0" type="html">
            <html_marker tag="a">
              <attr name="href" val="sp_download.htm" />
            </html_marker>
          </marker_def><marker_def id="1" type="html">
            <html_marker tag="a">
              <attr name="href" val="de/sp_download.htm" />
            </html_marker>
          </marker_def><marker_def id="2" type="html">
            <html_marker tag="a">
              <attr name="href" val="fr/sp_download.htm" />
            </html_marker>
          </marker_def><marker_def id="3" type="html">
            <html_marker tag="a">
              <attr name="href" val="es/sp_download.htm" />
            </html_marker>
          </marker_def><marker_def id="4" type="html">
            <html_marker tag="a">
              <attr name="href" val="br/sp_download.htm" />
            </html_marker>
          </marker_def>
        </ta_sentence><ta_sentence do_translation="yes" encoding="utf-8" format="1" id="1370" original_language="English">
          <space_before />
          <space_after />
          <text_data language="German">
            <text from_TM="False" rev_id="13" status="New" time="1222355938">Downloads&#160;&#160;&#160;(English&#160;Deutsch&#160;Fran&#231;ais&#160;Espa&#241;ol&#160;Portugu&#234;s&#160;)</text>
            <marker end="20" id="0" start="13" />
            <marker end="28" id="1" start="21" />
            <marker end="37" id="2" start="29" />
            <marker end="45" id="3" start="38" />
            <marker end="55" id="4" start="46" />
          </text_data><text_data language="Spanish">
            <text from_TM="False" rev_id="11" status="Complete" time="1222354203">Spanish : &#160;&#160;(English&#160;Deutsch&#160;Fran&#231;ais&#160;Espa&#241;ol&#160;Portugu&#234;s&#160;)</text>
            <marker end="20" id="0" start="13" />
            <marker end="28" id="1" start="21" />
            <marker end="37" id="2" start="29" />
            <marker end="45" id="3" start="38" />
            <marker end="55" id="4" start="46" />
          </text_data><text_data language="English">
            <text from_TM="False" rev_id="11" status="Complete" time="1222354203">Downloads&#160;&#160;&#160;(English&#160;Deutsch&#160;Fran&#231;ais&#160;Espa&#241;ol&#160;Portugu&#234;s&#160;)</text>
            <marker end="20" id="0" start="13" />
            <marker end="28" id="1" start="21" />
            <marker end="37" id="2" start="29" />
            <marker end="45" id="3" start="38" />
            <marker end="55" id="4" start="46" />
          </text_data><marker_def id="0" type="html">
            <html_marker tag="a">
              <attr name="href" val="download.htm" />
            </html_marker>
          </marker_def><marker_def id="1" type="html">
            <html_marker tag="a">
              <attr name="href" val="de/download.htm" />
            </html_marker>
          </marker_def><marker_def id="2" type="html">
            <html_marker tag="a">
              <attr name="href" val="fr/download.htm" />
            </html_marker>
          </marker_def><marker_def id="3" type="html">
            <html_marker tag="a">
              <attr name="href" val="es/download.htm" />
            </html_marker>
          </marker_def><marker_def id="4" type="html">
            <html_marker tag="a">
              <attr name="href" val="br/download.htm" />
            </html_marker>
          </marker_def>
        </ta_sentence><ta_sentence do_translation="yes" encoding="utf-8" format="1" id="1371" original_language="English">
          <space_before />
          <space_after />
          <text_data language="German">
            <text from_TM="False" rev_id="13" status="New" time="1222355938">Buy&#160;&#160;&#160;(English&#160;Deutsch&#160;Fran&#231;ais&#160;Espa&#241;ol&#160;Portugu&#234;s&#160;)</text>
            <marker end="14" id="0" start="7" />
            <marker end="22" id="1" start="15" />
            <marker end="31" id="2" start="23" />
            <marker end="39" id="3" start="32" />
            <marker end="49" id="4" start="40" />
          </text_data><text_data language="Spanish">
            <text from_TM="False" rev_id="11" status="Complete" time="1222354203">Spanish : lish&#160;Deutsch&#160;Fran&#231;ais&#160;Espa&#241;ol&#160;Portugu&#234;s&#160;)</text>
            <marker end="14" id="0" start="7" />
            <marker end="22" id="1" start="15" />
            <marker end="31" id="2" start="23" />
            <marker end="39" id="3" start="32" />
            <marker end="49" id="4" start="40" />
          </text_data><text_data language="English">
            <text from_TM="False" rev_id="11" status="Complete" time="1222354203">Buy&#160;&#160;&#160;(English&#160;Deutsch&#160;Fran&#231;ais&#160;Espa&#241;ol&#160;Portugu&#234;s&#160;)</text>
            <marker end="14" id="0" start="7" />
            <marker end="22" id="1" start="15" />
            <marker end="31" id="2" start="23" />
            <marker end="39" id="3" start="32" />
            <marker end="49" id="4" start="40" />
          </text_data><marker_def id="0" type="html">
            <html_marker tag="a">
              <attr name="href" val="buy.htm" />
            </html_marker>
          </marker_def><marker_def id="1" type="html">
            <html_marker tag="a">
              <attr name="href" val="de/buy.htm" />
            </html_marker>
          </marker_def><marker_def id="2" type="html">
            <html_marker tag="a">
              <attr name="href" val="fr/buy.htm" />
            </html_marker>
          </marker_def><marker_def id="3" type="html">
            <html_marker tag="a">
              <attr name="href" val="es/buy.htm" />
            </html_marker>
          </marker_def><marker_def id="4" type="html">
            <html_marker tag="a">
              <attr name="href" val="br/buy.htm" />
            </html_marker>
          </marker_def>
        </ta_sentence><ta_sentence do_translation="yes" encoding="utf-8" format="1" id="1372" original_language="English">
          <space_before>&#160;</space_before>
          <space_after />
          <text_data language="German">
            <text from_TM="False" rev_id="13" status="New" time="1222355938">--&#160;Additional purchasing options&#160;&#160;&#160;(English&#160;Deutsch&#160;Fran&#231;ais&#160;Espa&#241;ol&#160;Portugu&#234;s&#160;)</text>
            <marker end="43" id="0" start="36" />
            <marker end="51" id="1" start="44" />
            <marker end="60" id="2" start="52" />
            <marker end="68" id="3" start="61" />
            <marker end="78" id="4" start="69" />
          </text_data><text_data language="Spanish">
            <text from_TM="False" rev_id="11" status="Complete" time="1222354203">Spanish : nal purchasing options&#160;&#160;&#160;(English&#160;Deutsch&#160;Fran&#231;ais&#160;Espa&#241;ol&#160;Portugu&#234;s&#160;)</text>
            <marker end="43" id="0" start="36" />
            <marker end="51" id="1" start="44" />
            <marker end="60" id="2" start="52" />
            <marker end="68" id="3" start="61" />
            <marker end="78" id="4" start="69" />
          </text_data><text_data language="English">
            <text from_TM="False" rev_id="11" status="Complete" time="1222354203">--&#160;Additional purchasing options&#160;&#160;&#160;(English&#160;Deutsch&#160;Fran&#231;ais&#160;Espa&#241;ol&#160;Portugu&#234;s&#160;)</text>
            <marker end="43" id="0" start="36" />
            <marker end="51" id="1" start="44" />
            <marker end="60" id="2" start="52" />
            <marker end="68" id="3" start="61" />
            <marker end="78" id="4" start="69" />
          </text_data><marker_def id="0" type="html">
            <html_marker tag="a">
              <attr name="href" val="alternative_processor.htm" />
            </html_marker>
          </marker_def><marker_def id="1" type="html">
            <html_marker tag="a">
              <attr name="href" val="de/alternative_processor.htm" />
            </html_marker>
          </marker_def><marker_def id="2" type="html">
            <html_marker tag="a">
              <attr name="href" val="fr/alternative_processor.htm" />
            </html_marker>
          </marker_def><marker_def id="3" type="html">
            <html_marker tag="a">
              <attr name="href" val="es/alternative_processor.htm" />
            </html_marker>
          </marker_def><marker_def id="4" type="html">
            <html_marker tag="a">
              <attr name="href" val="br/alternative_processor.htm" />
            </html_marker>
          </marker_def>
        </ta_sentence><ta_sentence do_translation="yes" encoding="utf-8" format="1" id="1373" original_language="English">
          <space_before> &#160;</space_before>
          <space_after />
          <text_data language="German">
            <text from_TM="False" rev_id="13" status="New" time="1222355938">--&#160;Purchase process information&#160;&#160;&#160;(English&#160;Deutsch&#160;Fran&#231;ais&#160;Espa&#241;ol&#160;Portugu&#234;s&#160;)</text>
            <marker end="42" id="0" start="35" />
            <marker end="50" id="1" start="43" />
            <marker end="59" id="2" start="51" />
            <marker end="67" id="3" start="60" />
            <marker end="77" id="4" start="68" />
          </text_data><text_data language="Spanish">
            <text from_TM="False" rev_id="11" status="Complete" time="1222354203">Spanish : e process information&#160;&#160;&#160;(English&#160;Deutsch&#160;Fran&#231;ais&#160;Espa&#241;ol&#160;Portugu&#234;s&#160;)</text>
            <marker end="42" id="0" start="35" />
            <marker end="50" id="1" start="43" />
            <marker end="59" id="2" start="51" />
            <marker end="67" id="3" start="60" />
            <marker end="77" id="4" start="68" />
          </text_data><text_data language="English">
            <text from_TM="False" rev_id="11" status="Complete" time="1222354203">--&#160;Purchase process information&#160;&#160;&#160;(English&#160;Deutsch&#160;Fran&#231;ais&#160;Espa&#241;ol&#160;Portugu&#234;s&#160;)</text>
            <marker end="42" id="0" start="35" />
            <marker end="50" id="1" start="43" />
            <marker end="59" id="2" start="51" />
            <marker end="67" id="3" start="60" />
            <marker end="77" id="4" start="68" />
          </text_data><marker_def id="0" type="html">
            <html_marker tag="a">
              <attr name="href" val="help_buy.htm" />
            </html_marker>
          </marker_def><marker_def id="1" type="html">
            <html_marker tag="a">
              <attr name="href" val="de/help_buy.htm" />
            </html_marker>
          </marker_def><marker_def id="2" type="html">
            <html_marker tag="a">
              <attr name="href" val="fr/help_buy.htm" />
            </html_marker>
          </marker_def><marker_def id="3" type="html">
            <html_marker tag="a">
              <attr name="href" val="es/help_buy.htm" />
            </html_marker>
          </marker_def><marker_def id="4" type="html">
            <html_marker tag="a">
              <attr name="href" val="br/help_buy.htm" />
            </html_marker>
          </marker_def>
        </ta_sentence><ta_sentence do_translation="yes" encoding="utf-8" format="1" id="1374" original_language="English">
          <space_before />
          <space_after />
          <text_data language="German">
            <text from_TM="False" rev_id="13" status="New" time="1222355938">Contact&#160;&#160;&#160;(English&#160;Deutsch&#160;Fran&#231;ais&#160;Espa&#241;ol&#160;Portugu&#234;s&#160;)</text>
            <marker end="18" id="0" start="11" />
            <marker end="26" id="1" start="19" />
            <marker end="35" id="2" start="27" />
            <marker end="43" id="3" start="36" />
            <marker end="53" id="4" start="44" />
          </text_data><text_data language="Spanish">
            <text from_TM="False" rev_id="11" status="Complete" time="1222354203">Spanish : (English&#160;Deutsch&#160;Fran&#231;ais&#160;Espa&#241;ol&#160;Portugu&#234;s&#160;)</text>
            <marker end="18" id="0" start="11" />
            <marker end="26" id="1" start="19" />
            <marker end="35" id="2" start="27" />
            <marker end="43" id="3" start="36" />
            <marker end="53" id="4" start="44" />
          </text_data><text_data language="English">
            <text from_TM="False" rev_id="11" status="Complete" time="1222354203">Contact&#160;&#160;&#160;(English&#160;Deutsch&#160;Fran&#231;ais&#160;Espa&#241;ol&#160;Portugu&#234;s&#160;)</text>
            <marker end="18" id="0" start="11" />
            <marker end="26" id="1" start="19" />
            <marker end="35" id="2" start="27" />
            <marker end="43" id="3" start="36" />
            <marker end="53" id="4" start="44" />
          </text_data><marker_def id="0" type="html">
            <html_marker tag="a">
              <attr name="href" val="contact.htm" />
            </html_marker>
          </marker_def><marker_def id="1" type="html">
            <html_marker tag="a">
              <attr name="href" val="de/contact.htm" />
            </html_marker>
          </marker_def><marker_def id="2" type="html">
            <html_marker tag="a">
              <attr name="href" val="fr/contact.htm" />
            </html_marker>
          </marker_def><marker_def id="3" type="html">
            <html_marker tag="a">
              <attr name="href" val="es/contact.htm" />
            </html_marker>
          </marker_def><marker_def id="4" type="html">
            <html_marker tag="a">
              <attr name="href" val="br/contact.htm" />
            </html_marker>
          </marker_def>
        </ta_sentence><ta_sentence do_translation="yes" encoding="utf-8" format="1" id="1375" original_language="English">
          <space_before>&#160;</space_before>
          <space_after />
          <text_data language="German">
            <text from_TM="False" rev_id="13" status="New" time="1222355938">--&#160;Partners</text>
            <marker end="11" id="0" start="3" />
          </text_data><text_data language="Spanish">
            <text from_TM="False" rev_id="11" status="Complete" time="1222354203">Spanish : s</text>
            <marker end="11" id="0" start="3" />
          </text_data><text_data language="English">
            <text from_TM="False" rev_id="11" status="Complete" time="1222354203">--&#160;Partners</text>
            <marker end="11" id="0" start="3" />
          </text_data><marker_def id="0" type="html">
            <html_marker tag="a">
              <attr name="href" val="partners.htm" />
            </html_marker>
          </marker_def>
        </ta_sentence><ta_sentence do_translation="yes" encoding="utf-8" format="1" id="1376" original_language="English">
          <space_before />
          <space_after />
          <text_data language="German">
            <text from_TM="False" rev_id="13" status="New" time="1222355938">Support&#160;&#160;&#160;(English&#160;Deutsch&#160;Fran&#231;ais&#160;Espa&#241;ol&#160;Portugu&#234;s&#160;)</text>
            <marker end="18" id="0" start="11" />
            <marker end="26" id="1" start="19" />
            <marker end="35" id="2" start="27" />
            <marker end="43" id="3" start="36" />
            <marker end="53" id="4" start="44" />
          </text_data><text_data language="Spanish">
            <text from_TM="False" rev_id="11" status="Complete" time="1222354203">Spanish : (English&#160;Deutsch&#160;Fran&#231;ais&#160;Espa&#241;ol&#160;Portugu&#234;s&#160;)</text>
            <marker end="18" id="0" start="11" />
            <marker end="26" id="1" start="19" />
            <marker end="35" id="2" start="27" />
            <marker end="43" id="3" start="36" />
            <marker end="53" id="4" start="44" />
          </text_data><text_data language="English">
            <text from_TM="False" rev_id="11" status="Complete" time="1222354203">Support&#160;&#160;&#160;(English&#160;Deutsch&#160;Fran&#231;ais&#160;Espa&#241;ol&#160;Portugu&#234;s&#160;)</text>
            <marker end="18" id="0" start="11" />
            <marker end="26" id="1" start="19" />
            <marker end="35" id="2" start="27" />
            <marker end="43" id="3" start="36" />
            <marker end="53" id="4" start="44" />
          </text_data><marker_def id="0" type="html">
            <html_marker tag="a">
              <attr name="href" val="support.htm" />
            </html_marker>
          </marker_def><marker_def id="1" type="html">
            <html_marker tag="a">
              <attr name="href" val="de/support.htm" />
            </html_marker>
          </marker_def><marker_def id="2" type="html">
            <html_marker tag="a">
              <attr name="href" val="fr/support.htm" />
            </html_marker>
          </marker_def><marker_def id="3" type="html">
            <html_marker tag="a">
              <attr name="href" val="es/support.htm" />
            </html_marker>
          </marker_def><marker_def id="4" type="html">
            <html_marker tag="a">
              <attr name="href" val="br/support.htm" />
            </html_marker>
          </marker_def>
        </ta_sentence><ta_sentence do_translation="yes" encoding="utf-8" format="1" id="1377" original_language="English">
          <space_before />
          <space_after />
          <text_data language="German">
            <text from_TM="False" rev_id="13" status="New" time="1222355938">Resources</text>
            <marker end="9" id="0" start="0" />
          </text_data><text_data language="Spanish">
            <text from_TM="False" rev_id="11" status="Complete" time="1222354203">Spanish : </text>
            <marker end="9" id="0" start="0" />
          </text_data><text_data language="English">
            <text from_TM="False" rev_id="11" status="Complete" time="1222354203">Resources</text>
            <marker end="9" id="0" start="0" />
          </text_data><marker_def id="0" type="html">
            <html_marker tag="a">
              <attr name="href" val="links_nav.htm" />
            </html_marker>
          </marker_def>
        </ta_sentence><ta_sentence do_translation="yes" encoding="utf-8" format="1" id="1378" original_language="English">
          <space_before>&#160;</space_before>
          <space_after />
          <text_data language="German">
            <text from_TM="False" rev_id="13" status="New" time="1222355938">--&#160;Why Backup</text>
            <marker end="13" id="0" start="3" />
          </text_data><text_data language="Spanish">
            <text from_TM="False" rev_id="11" status="Complete" time="1222354203">Spanish : kup</text>
            <marker end="13" id="0" start="3" />
          </text_data><text_data language="English">
            <text from_TM="False" rev_id="11" status="Complete" time="1222354203">--&#160;Why Backup</text>
            <marker end="13" id="0" start="3" />
          </text_data><marker_def id="0" type="html">
            <html_marker tag="a">
              <attr name="href" val="pros.htm" />
            </html_marker>
          </marker_def>
        </ta_sentence><ta_sentence do_translation="yes" encoding="utf-8" format="1" id="1379" original_language="English">
          <space_before> &#160;</space_before>
          <space_after />
          <text_data language="German">
            <text from_TM="False" rev_id="13" status="New" time="1222355938">--&#160;Virus Threats</text>
            <marker end="16" id="0" start="3" />
          </text_data><text_data language="Spanish">
            <text from_TM="False" rev_id="11" status="Complete" time="1222354203">Spanish : hreats</text>
            <marker end="16" id="0" start="3" />
          </text_data><text_data language="English">
            <text from_TM="False" rev_id="11" status="Complete" time="1222354203">--&#160;Virus Threats</text>
            <marker end="16" id="0" start="3" />
          </text_data><marker_def id="0" type="html">
            <html_marker tag="a">
              <attr name="href" val="av.htm" />
            </html_marker>
          </marker_def>
        </ta_sentence><ta_sentence do_translation="yes" encoding="utf-8" format="1" id="1380" original_language="English">
          <space_before> &#160;</space_before>
          <space_after />
          <text_data language="German">
            <text from_TM="False" rev_id="13" status="New" time="1222355938">--&#160;Meet Our Friends</text>
            <marker end="19" id="0" start="3" />
          </text_data><text_data language="Spanish">
            <text from_TM="False" rev_id="11" status="Complete" time="1222354203">Spanish : r Friends</text>
            <marker end="19" id="0" start="3" />
          </text_data><text_data language="English">
            <text from_TM="False" rev_id="11" status="Complete" time="1222354203">--&#160;Meet Our Friends</text>
            <marker end="19" id="0" start="3" />
          </text_data><marker_def id="0" type="html">
            <html_marker tag="a">
              <attr name="href" val="links.htm" />
            </html_marker>
          </marker_def>
        </ta_sentence><ta_sentence do_translation="yes" encoding="utf-8" format="1" id="1381" original_language="English">
          <space_before> &#160;</space_before>
          <space_after />
          <text_data language="German">
            <text from_TM="False" rev_id="13" status="New" time="1222355938">--&#160;Rating</text>
            <marker end="9" id="0" start="3" />
          </text_data><text_data language="Spanish">
            <text from_TM="False" rev_id="11" status="Complete" time="1222354203">Spanish : </text>
            <marker end="9" id="0" start="3" />
          </text_data><text_data language="English">
            <text from_TM="False" rev_id="11" status="Complete" time="1222354203">--&#160;Rating</text>
            <marker end="9" id="0" start="3" />
          </text_data><marker_def id="0" type="html">
            <html_marker tag="a">
              <attr name="href" val="rating.htm" />
            </html_marker>
          </marker_def>
        </ta_sentence><ta_sentence do_translation="yes" encoding="utf-8" format="1" id="1382" original_language="English">
          <space_before> &#160;</space_before>
          <space_after />
          <text_data language="German">
            <text from_TM="False" rev_id="13" status="New" time="1222355938">--&#160;Website Visitor Statistics</text>
            <marker end="29" id="0" start="3" />
          </text_data><text_data language="Spanish">
            <text from_TM="False" rev_id="11" status="Complete" time="1222354203">Spanish :  Visitor Statistics</text>
            <marker end="29" id="0" start="3" />
          </text_data><text_data language="English">
            <text from_TM="False" rev_id="11" status="Complete" time="1222354203">--&#160;Website Visitor Statistics</text>
            <marker end="29" id="0" start="3" />
          </text_data><marker_def id="0" type="html">
            <html_marker tag="a">
              <attr name="href" val="stats.htm" />
            </html_marker>
          </marker_def>
        </ta_sentence><ta_sentence do_translation="yes" encoding="utf-8" format="1" id="1383" original_language="English">
          <space_before />
          <space_after />
          <text_data language="German">
            <text from_TM="False" rev_id="13" status="New" time="1222355938">Products&#160;&#160; - &#160;&#160;Passport Photo&#160;&#160; - &#160;&#160;Photo Backup&#160;&#160; - &#160;&#160;Shrink Pic&#160;&#160; - &#160;&#160;Resources&#160;&#160; - &#160;&#160;Partners&#160;&#160; - &#160;&#160;Blog</text>
            <marker end="8" id="0" start="0" />
            <marker end="29" id="1" start="15" />
            <marker end="48" id="2" start="36" />
            <marker end="65" id="3" start="55" />
            <marker end="81" id="4" start="72" />
            <marker end="96" id="5" start="88" />
            <marker end="107" id="6" start="103" />
          </text_data><text_data language="Spanish">
            <text from_TM="False" rev_id="11" status="Complete" time="1222354203">Spanish :  - &#160;&#160;Passport Photo&#160;&#160; - &#160;&#160;Photo Backup&#160;&#160; - &#160;&#160;Shrink Pic&#160;&#160; - &#160;&#160;Resources&#160;&#160; - &#160;&#160;Partners&#160;&#160; - &#160;&#160;Blog</text>
            <marker end="8" id="0" start="0" />
            <marker end="29" id="1" start="15" />
            <marker end="48" id="2" start="36" />
            <marker end="65" id="3" start="55" />
            <marker end="81" id="4" start="72" />
            <marker end="96" id="5" start="88" />
            <marker end="107" id="6" start="103" />
          </text_data><text_data language="English">
            <text from_TM="False" rev_id="11" status="Complete" time="1222354203">Products&#160;&#160; - &#160;&#160;Passport Photo&#160;&#160; - &#160;&#160;Photo Backup&#160;&#160; - &#160;&#160;Shrink Pic&#160;&#160; - &#160;&#160;Resources&#160;&#160; - &#160;&#160;Partners&#160;&#160; - &#160;&#160;Blog</text>
            <marker end="8" id="0" start="0" />
            <marker end="29" id="1" start="15" />
            <marker end="48" id="2" start="36" />
            <marker end="65" id="3" start="55" />
            <marker end="81" id="4" start="72" />
            <marker end="96" id="5" start="88" />
            <marker end="107" id="6" start="103" />
          </text_data><marker_def id="0" type="html">
            <html_marker tag="a">
              <attr name="href" val="./" />
            </html_marker>
          </marker_def><marker_def id="1" type="html">
            <html_marker tag="a">
              <attr name="href" val="passport_photo.htm" />
            </html_marker>
          </marker_def><marker_def id="2" type="html">
            <html_marker tag="a">
              <attr name="href" val="photo_backup.htm" />
            </html_marker>
          </marker_def><marker_def id="3" type="html">
            <html_marker tag="a">
              <attr name="href" val="shrink_pic.htm" />
            </html_marker>
          </marker_def><marker_def id="4" type="html">
            <html_marker tag="a">
              <attr name="href" val="links_nav.htm" />
            </html_marker>
          </marker_def><marker_def id="5" type="html">
            <html_marker tag="a">
              <attr name="href" val="partners.htm" />
            </html_marker>
          </marker_def><marker_def id="6" type="html">
            <html_marker tag="a">
              <attr name="href" val="blog/" />
            </html_marker>
          </marker_def>
        </ta_sentence><ta_sentence do_translation="yes" encoding="utf-8" format="1" id="1384" original_language="English">
          <space_before />
          <space_after />
          <text_data language="German">
            <text from_TM="False" rev_id="13" status="New" time="1222355938">This website has been translated using ICanLocalize - Affordable Website Translation</text>
            <marker end="-1" id="0" start="0" />
            <marker end="84" id="1" start="39" />
            <marker end="-1" id="0" start="0" />
          </text_data><text_data language="Spanish">
            <text from_TM="False" rev_id="11" status="Complete" time="1222354203">Spanish : te has been translated using ICanLocalize - Affordable Website Translation</text>
            <marker end="-1" id="0" start="0" />
            <marker end="84" id="1" start="39" />
            <marker end="-1" id="0" start="0" />
          </text_data><text_data language="English">
            <text from_TM="False" rev_id="11" status="Complete" time="1222354203">This website has been translated using ICanLocalize - Affordable Website Translation</text>
            <marker end="-1" id="0" start="0" />
            <marker end="84" id="1" start="39" />
            <marker end="-1" id="0" start="0" />
          </text_data><marker_def id="0" type="html">
            <html_marker tag="span">
              <attr name="class" val="copyright" />
            </html_marker>
          </marker_def><marker_def id="1" type="html">
            <html_marker tag="a">
              <attr name="target" val="_blank" />
              <attr name="href" val="http://www.icanlocalize.com" />
            </html_marker>
          </marker_def>
        </ta_sentence><ta_sentence do_translation="yes" encoding="utf-8" format="1" id="1385" original_language="English">
          <space_before />
          <space_after />
          <text_data language="German">
            <text from_TM="False" rev_id="13" status="New" time="1222355938">&#169; OnTheGoSystems,INC. 2003-2008</text>
            <marker end="21" id="0" start="2" />
            <marker end="31" id="-1" start="-1" />
          </text_data><text_data language="Spanish">
            <text from_TM="False" rev_id="11" status="Complete" time="1222354203">Spanish : ystems,INC. 2003-2008</text>
            <marker end="21" id="0" start="2" />
            <marker end="31" id="-1" start="-1" />
          </text_data><text_data language="English">
            <text from_TM="False" rev_id="11" status="Complete" time="1222354203">&#169; OnTheGoSystems,INC. 2003-2008</text>
            <marker end="21" id="0" start="2" />
            <marker end="31" id="-1" start="-1" />
          </text_data><marker_def id="0" type="html">
            <html_marker tag="a">
              <attr name="href" val="http://www.onthegosystems.com/" />
              <attr name="target" val="_blank" />
            </html_marker>
          </marker_def><marker_def id="-1" type="html">
            <html_marker tag="span" />
          </marker_def>
        </ta_sentence>
      </sentences><html_output_change_data_3 />
    </translation>
  </ta_buffer><ta_buffer encoding="utf-8" format="1" manual="False" original_language="English" source_file="/stats.htm" type="html">
    <extractor>
      <marked_file MD5="efadb2e60eee46b183fe490bf35d0e8b" encoding="zlib-hex">789ccd1a6d6fdb36fa730fb8ffc0a958930eb614c74ed2268e8bbc750dd0b541e2ae180e878092684b8b2c6a2215c7fbb0dfbee7212989966527597787f56e89a490cffb3b39fceefcf3d9f897ab0bf261fcd34772f5e5f4e3e51971ba9ef7b57fe679e7e373fd8781bbd323e39ca62296314f69e279179f9cd1bfff358ce42c81df840c234643f504cf3296091bfdf112ff8d4f6ec797e38f172faf222e3939a5c15d91919cca389d129e1211d19ccde13f02c099c02d7f0c3d0dc1809b3149492465d665bf15f1fdb173c653c952d91d2f32e69040bf1d3b923d480f293a220140154c1e237a7cbe8597db19cdef58fed229e126717a47a29c4d8e1d211709136e2084437296941f22c6a44324a031d071016c571c7b8665f5e2f37051c2fdaedb259267c4a769caf23de2b3699c926ed7ac4501513f61641e87323a760ef6771ce2f33c64f9b1038f3489a7e9b113004f2c07f6589264340c415eeacff82e321a987700fa6228f31181df083924118ba71188630f45834b53f5ec4fe18d038a97bbbd83bd9373472b6818cfa644e4c1b113cfe89409cf4f0a06d4bbd37882b400a0cfe938623ff21b3e0161d844d79846a5de42458f070469ba5ad0ae10babfbb44a95e004bc2f8be218c1169a739e153de7b84e2fedb03c746a94956f088c1689800bca316561e15f10681fa5c4a3efb1b64ba625c2c0db569bda8fe94d2fb784ad1536dd3430e6cda771bf6716f44ad4975466de25f36dcc19b6f32dca16608480a122ac4b133636901084a3952e39baee78cae721e168114438f2e89e5f1dd219fa709a7a10b81c1199d9bb7bf00c82f161ac669b178fe6e0c5234901ac2997e793e14516419cf0d941bfdb202050d057ea0a6469631370dc8b212cb8696ccdcb6ed65d5f77676be5fd27d43b94de523ec0a78095db30ab440206609034fa8dcae758960c9232b52fecf5a93a3ab596bca68a2c25ba5a24d91a694b75342cee20796f4d4e71a70435dfdda9b81103bf4bf57ff9c5119f19ea0d54a8bfbab5ab600f7de1fbc7fdbaa6703fceddbef97c932b68d2497cc8d21c776c73cfb44ef81393b007ce03386966ee0e2bf57537944aa4598ccc52d18b5768e8ff8aa36a8655f998fe505b98fe117cf899060f942c601ac410296636da58b262b4be40fb3751c9cc6d36b168294dfe70c84dbc08de05ec81c0a2110e332fa6cd5543691b08414584a439a87955c65ced3e9e86b44258905a115fe12b5254ac979f20e2cd2ec3189d0f0378e603b3041324867644e0599d19011c82bc0369b4c200601000294804449c6c0f4990d3b5f20325811cfb29cdf33222386fb5820e37b066e2df04b9c238eae4f050b895f08f477e1567229e195445ddcb37ca1760896c3331a7f0210050aa850460d450199c450c575c83c8a838804141322504d93c5ef80a5a61124470a44bc914a3e210b5ee4a5423571aac2bd39554f50497c2de55403af6d4d514013c1910cc00392a3a94449862c88d1cb0ca534049660137e09e82ca3a07261d39b5bb429eacdbe9ca55b72bdd44e59c2e71de4429152e646300e01e4241ad4048db6f22bacbb0f3d6f3e9fbbd942463c75793ec58cac5e1a2e29823cce64296f0138442b240a31246206d2897a6940aa94d72a65a89d0c2e92e5710a5ae785042e2ad3ce190a97806d1206d04bdb6f055623bd94d08ef0b9b2c73a5480ca03863c812349c009151409e3d0889dc1da5c7d32c25c322cf6c08242c7d86d5c2fad8520f3dfd9ebf5ca527ed7d40b7a6a69c8ca052296649322412302296aee15a93511e8bba2c8272c17ca72a0f42868922c8012d38429b35e6bd3206d61b993425f4307429eee3a3cc5b4f804ff56ccaf442cc53d10219115a5f2026a5570af40af1520243eab256c59263697643b863a0ce201d80e63d87b72096f1852c3582eb400056132705f2b9103b90b92307acf6cefb35145c50ca461a4bb467aa84665564a2f2640a22294fc8d0cfcbc96c1ff220ffcdc2acb9aa92ef95cc80c44ca1e289a5c950c2af288feb1a162e83d5207f6757d50b3d22c5c06ed6dc72369f6673bb1b66756a05c013148959457e1f1242c5b0d30e89b2225efc1757a7ba4d73fdc7d7338e891dd9d9dc172cab69b454b5b4d1e37f1a5e57c79d5107903f413c19c53d9d4dd5f03f4e5fae3df02e746c5cfcda096c4b6c69a6d612a04bbbdbedbdbdd757b3db737d8592ee0ec75bd81076af4507587bbbdc3fedbc35e6ffd6aef1d242b96e760cf53cea709dbb0b6dbf8d333d92039040553b01b9676f6dcddfe3ef073e0ee6f6269af6669a7875cedbc79064bfdf56bad24add7ba019f79dfc6e73a9afb830d34db7dfbfa65711ab2075c421ee3f16fa1b97fd8dbdb40b399440a2ff37bfddbb70f2ea47fb23d38d8edbf19f45f3f858b0d5c3f978157a92fb2a326be6ff9fa0fa2a0ad81fe965439cc5a338bcee05760553879b607d456c55224d5b31a2a9b0286635904a510647f4cb59daa772011176afa0d4541914019a8e7384457d4a6ae2dfbb317db0a02fc7fc6a162802c97603d5552ae2a5ce8758b07a23b2703bb2a2b819c16e254019d511961d5a6f13e7d3d5677ba66af6ac28d9bad62bd2cdd7ef9fce59aa04c99906baa260ebe00a8287413b124296321ca91dca57cae05a38a299069a7aed4b0afa1415015964d98f44ed5a682a9164da88d509be0b71902d79d3990bb5526afd9e2562dadd2d71649b0cbdd16508bfbd84db5497ae85936b1c9b4ceab060c28114c16d9da82786992a8824c90d379721bb21977e583744667491cdc691ea025c156a12e8465a503ecb35cd427f60b349d9a6afd01600a9c05c2ae927968f8ea91c072b3cca05e46bd50e2c71bfa4ddd3960a98b4826710ea29bb03951d33c6c0a6abad6751ed0e42b2f410b204121a0de8f7f070b3fb4286aada0abe7e5c396e7d4ab83f67a755d3d5a879397df7985c8bd840734f1fc38f532cbc75a6a513d0b00af866676dac9408f09eb70d109a67147c633d6110b414cdd590e673615fde097b79394ce18b1901c9357bf155c1e5d7d196b07bc3a197f201f2eae2ff4f7252db6996e0349e91b00f83f5b1e90da454e6babdcea6c9d9c9fdb14dc7cfee982fcf4f9fa42a1be51b8b7fe5be17d24ce3fc5a12e53906111e054bb25526f64a7e79233ecff944d2ec7c6ba455e0809a162d917322e44ec43f80938d41f8154007a60e9aad5dd2ebda9d5222aff7abd6a1b1ac3ae4d1634fa49459b8ec15ba28ac28a9a904de2141295458f3555418a06354db59d1c13d7751fa7a6ef921ba6395471105c58db0046ea3a08ab0e99502382fd1ae14a3cb5885324bc76cdb841839dc7c0b08ff129480a1cada8a61bd1eb098fc9aa14270dd8c1d7d02063a65c9230165942172cb436b9ebb81bb8e44b56c5cb49fc00dbee215f99b8881f4b468cb9d77c8431ca9ae78b8e3d7530b2ca583e8b4533be1eeced55fbd7d2b4e7125d4a1c129e41d0a6aa84f0b17560c0b83c7ca69997c84da18fe20bf98ca2e7ae78f03b283de4f1ab441ea5c5cc67a6c3069d43fec9632670b4fe6e9233111df756e7050d467e80b08b868be915e16e2973dd52dbe1399f16334c6b2a5bf04cdf33504bccb4ab860419404a16ae15d90fa6f2aa1119e02a253289ca48f502c317b064664d7a5463cfb7e274691cd818313e8588068b4885bfc8a89e7b037c2008790dc09dd53c6ea2abc6e658956c478cdec7486e198ed4e8bb7d84b8c1229622e645fa2b5f6884d580f199267539b1f6b7cfeccc94d2f60d9cc4c590863146a8853e6c00c110f0574cc778628103ce190f990ea6772839e43be233db1ed4bc7d1b5b56288d2236e5824f24f6ad104cce78b65062c6eb1bba62abca3e08510220cd55b5649997350f3dfc7fd7169be48c8e68aa409db1ad66bdc1b9fe7b9d7b25181f9366dbad9fd0f44e3fa30bffc8a4e6d8d797731088ba91a3826d1b7420c4a3ea60cd6058d7abb6e7efc70ba84b352f2611c5e30da5e0f2500187a94a6966c4fd226709957afeac3ece71aeda21ed27ef09b05a08d5456021ac7b07dd4e3015689499294b047840425b596af5388dd3bb8ac52857d37d34833ac5958cff0879a90cc31412c73496cafd672ca71d72768e5ddef9cfe7c42ff294e55560edc0877a636ada95727ba6ae57690d565bdead8b4e6bae470cedac0c4b559b808af87471714e966e70754173d86f28e7c12ef4fdf5c5059e8fd0a4426f5d4d2865d36cd6f17fadddfc738ebfdb8fceedcb2d66b7bedb8245c9cae6654b556f785362c23984e7962b5c6db7634a39afbdbaa2e719fa2748d07eadf66062c0cc72ab34aaf57265be6915ac40d22491b51071d3ad360d03cfd2e453e91211342777b7d09c98eb27ea9d5cc5c15321348ee8af993e5a7b86647299e2318b91897e7bea6e1f8a5d50c729fcaaed12343634d9555dd95a197f76d569311edeaa4128d00b39dafd552cdd0afc95de530d05cd4a3f5570d7acbb2d6800b5f93171be9c74f7f6076f77f6ba3de748231863f264f9f6eba30adc6ac80c20b5990b26e511bdba67105101f60a8e2bf1c6a60e8e853a4a06599844e0e81ce0ac1ecdc61005559702e10b5986587c46d38fe60b08f7044ffc4395f7ca5b15638328d607c2cb41e715d279d47a0c5ca615d55569013b4d0a47e54d39bda873f9e9cc5567c5bb3b3bfd2efc78d3721e63796e75b709dddbdcd21c7ae6deea9f8f42c6d1</marked_file>
      <paragraph_indexes count="79">94 147 511 587 691 766 771 784 848 927 1176 1206 1238 1279 1311 1341 1373 1411 1443 1481 2175 2315 2369 2442 2519 2585 2593 2722 2742 2879 2893 3032 3052 3237 3251 3314 3328 3461 3481 3603 3617 3714 3734 3921 3935 3974 4063 4133 4264 4324 4333 4413 4480 4504 4551 4577 4624 4649 4696 4724 4793 4812 4833 4858 4879 4902 4923 4929 5004 5023 5044 5069 5090 5113 5134 5161 5224 5249 5270 5288 5309 5341 5404 5429 5450 5486 5507 5534 5921 5940 5975 6108 6132 6156 6180 6217 6241 6279 6293 6363 6377 6470 6524 6547 6567 6728 6748 6797 6811 6856 6968 7024 7033 7094 7124 7182 7225 7302 7373 7390 7432 7564 7573 7706 7715 7928 7937 8076 8085 8133 8175 8277 8286 8383 8392 8516 8525 8648 8703 8728 8770 8996 9130 9290 9337 9508 9522 9544 9586 9698 9707 9828 10067 10492 10668 10839 10848 10957 </paragraph_indexes>
      <support_files>
        <file type="todo">images/bluebottom.gif</file>
        <file type="todo">images/bluetop.gif</file>
        <file type="todo">images/bottomwhite.gif</file>
        <file type="todo">images/bottomwhite2.gif</file>
        <file type="todo">images/logo1.gif</file>
        <file type="todo">images/menutabA1.gif</file>
        <file type="todo">images/menutabB1.gif</file>
        <file type="todo">images/photobackup/1bckgrnd.gif</file>
        <file type="todo">images/photobackup/2bckgrnd.gif</file>
        <file type="todo">images/photobackup/3bckgrnd.gif</file>
        <file type="todo">images/topline1.gif</file>
        <file type="todo">images/topline2.gif</file>
        <file type="todo">images/topline2WB.gif</file>
        <file type="todo">images/toplineL.gif</file>
        <file type="todo">images/toplineLW.gif</file>
        <file type="todo">images/toplineR.gif</file>
        <file type="todo">images/topwhite2.gif</file>
        <file type="todo">styles.css</file>
      </support_files>
    </extractor><translation>
      <languages>
        <language reviewed="False">Spanish</language>
        <language reviewed="False">German</language>
      </languages><sentences count="79">
        <ta_sentence do_translation="yes" encoding="utf-8" format="1" id="593" original_language="English" type="title">
          <space_before />
          <space_after />
          <text_data language="German">
            <text from_TM="False" rev_id="13" status="New" time="1222355938">Photo Backup rating on shareware sites</text>
          </text_data><text_data language="Spanish">
            <text from_TM="False" rev_id="11" status="Complete" time="1222354203">Spanish : up rating on shareware sites</text>
          </text_data><text_data language="English">
            <text from_TM="False" rev_id="11" status="Complete" time="1222354203">Photo Backup rating on shareware sites</text>
          </text_data>
        </ta_sentence><ta_sentence do_translation="yes" encoding="utf-8" format="1" id="594" original_language="English">
          <space_before />
          <space_after />
          <text_data language="German">
            <text from_TM="False" rev_id="13" status="New" time="1222355938">OnTheGoSoft</text>
            <marker end="11" id="0" start="0" />
          </text_data><text_data language="Spanish">
            <text from_TM="False" rev_id="11" status="Complete" time="1222354203">Spanish : t</text>
            <marker end="11" id="0" start="0" />
          </text_data><text_data language="English">
            <text from_TM="False" rev_id="11" status="Complete" time="1222354203">OnTheGoSoft</text>
            <marker end="11" id="0" start="0" />
          </text_data><marker_def id="0" type="html">
            <html_marker tag="img">
              <attr name="src" val="images/bluetop.gif" />
              <attr name="alt" val="OnTheGoSoft" />
              <attr name="width" val="760" />
              <attr name="height" val="5" />
            </html_marker>
          </marker_def>
        </ta_sentence><ta_sentence do_translation="yes" encoding="utf-8" format="1" id="595" original_language="English">
          <space_before />
          <space_after />
          <text_data language="German">
            <text from_TM="False" rev_id="13" status="New" time="1222355938">OnTheGoSoft</text>
            <marker end="11" id="0" start="0" />
          </text_data><text_data language="Spanish">
            <text from_TM="False" rev_id="11" status="Complete" time="1222354203">Spanish : t</text>
            <marker end="11" id="0" start="0" />
          </text_data><text_data language="English">
            <text from_TM="False" rev_id="11" status="Complete" time="1222354203">OnTheGoSoft</text>
            <marker end="11" id="0" start="0" />
          </text_data><marker_def id="0" type="html">
            <html_marker tag="img">
              <attr name="src" val="images/logo1.gif" />
              <attr name="alt" val="OnTheGoSoft" />
              <attr name="width" val="397" />
              <attr name="height" val="62" />
            </html_marker>
          </marker_def>
        </ta_sentence><ta_sentence do_translation="no" encoding="utf-8" format="1" id="596" original_language="English">
          <space_before> </space_before>
          <space_after />
          <text_data language="German">
            <text from_TM="False" rev_id="13" status="New" time="1222355938" />
          </text_data><text_data language="Spanish">
            <text from_TM="False" rev_id="-1" status="Complete" time="1222355861" />
          </text_data><text_data language="English">
            <text from_TM="False" status="Complete" time="1222355861" />
          </text_data>
        </ta_sentence><ta_sentence do_translation="yes" encoding="utf-8" format="1" id="597" original_language="English">
          <space_before />
          <space_after />
          <text_data language="German">
            <text from_TM="False" rev_id="13" status="New" time="1222355938">OnTheGoSoft</text>
            <marker end="11" id="0" start="0" />
          </text_data><text_data language="Spanish">
            <text from_TM="False" rev_id="11" status="Complete" time="1222354203">Spanish : t</text>
            <marker end="11" id="0" start="0" />
          </text_data><text_data language="English">
            <text from_TM="False" rev_id="11" status="Complete" time="1222354203">OnTheGoSoft</text>
            <marker end="11" id="0" start="0" />
          </text_data><marker_def id="0" type="html">
            <html_marker tag="img">
              <attr name="src" val="images/bluebottom.gif" />
              <attr name="alt" val="OnTheGoSoft" />
              <attr name="width" val="760" />
              <attr name="height" val="5" />
            </html_marker>
          </marker_def>
        </ta_sentence><ta_sentence do_translation="yes" encoding="utf-8" format="1" id="598" original_language="English">
          <space_before />
          <space_after />
          <text_data language="German">
            <text from_TM="False" rev_id="13" status="New" time="1222355938">Products</text>
            <marker end="8" id="0" start="0" />
          </text_data><text_data language="Spanish">
            <text from_TM="False" rev_id="11" status="Complete" time="1222354203">Spanish : </text>
            <marker end="8" id="0" start="0" />
          </text_data><text_data language="English">
            <text from_TM="False" rev_id="11" status="Complete" time="1222354203">Products</text>
            <marker end="8" id="0" start="0" />
          </text_data><marker_def id="0" type="html">
            <html_marker tag="a">
              <attr name="href" val="./" />
            </html_marker>
          </marker_def>
        </ta_sentence><ta_sentence do_translation="yes" encoding="utf-8" format="1" id="599" original_language="English">
          <space_before />
          <space_after />
          <text_data language="German">
            <text from_TM="False" rev_id="13" status="New" time="1222355938">Downloads</text>
            <marker end="9" id="0" start="0" />
          </text_data><text_data language="Spanish">
            <text from_TM="False" rev_id="11" status="Complete" time="1222354203">Spanish : </text>
            <marker end="9" id="0" start="0" />
          </text_data><text_data language="English">
            <text from_TM="False" rev_id="11" status="Complete" time="1222354203">Downloads</text>
            <marker end="9" id="0" start="0" />
          </text_data><marker_def id="0" type="html">
            <html_marker tag="a">
              <attr name="href" val="download.htm" />
            </html_marker>
          </marker_def>
        </ta_sentence><ta_sentence do_translation="yes" encoding="utf-8" format="1" id="600" original_language="English">
          <space_before />
          <space_after />
          <text_data language="German">
            <text from_TM="False" rev_id="13" status="New" time="1222355938">Buy</text>
            <marker end="3" id="0" start="0" />
          </text_data><text_data language="Spanish">
            <text from_TM="False" rev_id="11" status="Complete" time="1222354203">Spanish : </text>
            <marker end="3" id="0" start="0" />
          </text_data><text_data language="English">
            <text from_TM="False" rev_id="11" status="Complete" time="1222354203">Buy</text>
            <marker end="3" id="0" start="0" />
          </text_data><marker_def id="0" type="html">
            <html_marker tag="a">
              <attr name="href" val="buy.htm" />
            </html_marker>
          </marker_def>
        </ta_sentence><ta_sentence do_translation="yes" encoding="utf-8" format="1" id="601" original_language="English">
          <space_before />
          <space_after />
          <text_data language="German">
            <text from_TM="False" rev_id="13" status="New" time="1222355938">Contact</text>
            <marker end="7" id="0" start="0" />
          </text_data><text_data language="Spanish">
            <text from_TM="False" rev_id="11" status="Complete" time="1222354203">Spanish : </text>
            <marker end="7" id="0" start="0" />
          </text_data><text_data language="English">
            <text from_TM="False" rev_id="11" status="Complete" time="1222354203">Contact</text>
            <marker end="7" id="0" start="0" />
          </text_data><marker_def id="0" type="html">
            <html_marker tag="a">
              <attr name="href" val="contact.htm" />
            </html_marker>
          </marker_def>
        </ta_sentence><ta_sentence do_translation="yes" encoding="utf-8" format="1" id="602" original_language="English">
          <space_before />
          <space_after />
          <text_data language="German">
            <text from_TM="False" rev_id="13" status="New" time="1222355938">Support</text>
            <marker end="7" id="0" start="0" />
          </text_data><text_data language="Spanish">
            <text from_TM="False" rev_id="11" status="Complete" time="1222354203">Spanish : </text>
            <marker end="7" id="0" start="0" />
          </text_data><text_data language="English">
            <text from_TM="False" rev_id="11" status="Complete" time="1222354203">Support</text>
            <marker end="7" id="0" start="0" />
          </text_data><marker_def id="0" type="html">
            <html_marker tag="a">
              <attr name="href" val="support.htm" />
            </html_marker>
          </marker_def>
        </ta_sentence><ta_sentence do_translation="yes" encoding="utf-8" format="1" id="603" original_language="English">
          <space_before />
          <space_after />
          <text_data language="German">
            <text from_TM="False" rev_id="13" status="New" time="1222355938">Home &gt; Links &gt; Website visitor statistics</text>
            <marker end="41" id="0" start="0" />
            <marker end="4" id="1" start="0" />
            <marker end="12" id="2" start="7" />
          </text_data><text_data language="Spanish">
            <text from_TM="False" rev_id="11" status="Complete" time="1222354203">Spanish : ks &gt; Website visitor statistics</text>
            <marker end="41" id="0" start="0" />
            <marker end="4" id="1" start="0" />
            <marker end="12" id="2" start="7" />
          </text_data><text_data language="English">
            <text from_TM="False" rev_id="11" status="Complete" time="1222354203">Home &gt; Links &gt; Website visitor statistics</text>
            <marker end="41" id="0" start="0" />
            <marker end="4" id="1" start="0" />
            <marker end="12" id="2" start="7" />
          </text_data><marker_def id="0" type="html">
            <html_marker tag="span">
              <attr name="class" val="Text-TopNav" />
            </html_marker>
          </marker_def><marker_def id="1" type="html">
            <html_marker tag="a">
              <attr name="href" val="./" />
            </html_marker>
          </marker_def><marker_def id="2" type="html">
            <html_marker tag="a">
              <attr name="href" val="links_nav.htm" />
            </html_marker>
          </marker_def>
        </ta_sentence><ta_sentence do_translation="yes" encoding="utf-8" format="1" id="604" original_language="English">
          <space_before />
          <space_after />
          <text_data language="German">
            <text from_TM="False" rev_id="13" status="New" time="1222355938"> Free website visitor tracking</text>
            <marker end="30" id="0" start="0" />
          </text_data><text_data language="Spanish">
            <text from_TM="False" rev_id="11" status="Complete" time="1222354203">Spanish : ite visitor tracking</text>
            <marker end="30" id="0" start="0" />
          </text_data><text_data language="English">
            <text from_TM="False" rev_id="11" status="Complete" time="1222354203"> Free website visitor tracking</text>
            <marker end="30" id="0" start="0" />
          </text_data><marker_def id="0" type="html">
            <html_marker tag="span">
              <attr name="class" val="Text-BigRed" />
            </html_marker>
          </marker_def>
        </ta_sentence><ta_sentence do_translation="yes" encoding="utf-8" format="1" id="605" original_language="English">
          <space_before />
          <space_after> </space_after>
          <text_data language="German">
            <text from_TM="False" rev_id="13" status="New" time="1222355938">What is a visitor tracking tool? </text>
            <marker end="33" id="0" start="0" />
          </text_data><text_data language="Spanish">
            <text from_TM="False" rev_id="11" status="Complete" time="1222354203">Spanish : visitor tracking tool? </text>
            <marker end="33" id="0" start="0" />
          </text_data><text_data language="English">
            <text from_TM="False" rev_id="11" status="Complete" time="1222354203">What is a visitor tracking tool? </text>
            <marker end="33" id="0" start="0" />
          </text_data><marker_def id="0" type="html">
            <html_marker tag="strong" />
          </marker_def>
        </ta_sentence><ta_sentence do_translation="yes" encoding="utf-8" format="1" id="606" original_language="English">
          <space_before />
          <space_after />
          <text_data language="German">
            <text from_TM="False" rev_id="13" status="New" time="1222355938">This web page was made in an effort to assist people trying to improve the effectiveness their web-based business.</text>
          </text_data><text_data language="Spanish">
            <text from_TM="False" rev_id="11" status="Complete" time="1222354203">Spanish : age was made in an effort to assist people trying to improve the effectiveness their web-based business.</text>
          </text_data><text_data language="English">
            <text from_TM="False" rev_id="11" status="Complete" time="1222354203">This web page was made in an effort to assist people trying to improve the effectiveness their web-based business.</text>
          </text_data>
        </ta_sentence><ta_sentence do_translation="yes" encoding="utf-8" format="1" id="607" original_language="English">
          <space_before />
          <space_after />
          <text_data language="German">
            <text from_TM="False" rev_id="13" status="New" time="1222355938">Every web-server collects valuable log files, which can be analyzed and used to improve the effectiveness of your website.</text>
          </text_data><text_data language="Spanish">
            <text from_TM="False" rev_id="11" status="Complete" time="1222354203">Spanish : server collects valuable log files, which can be analyzed and used to improve the effectiveness of your website.</text>
          </text_data><text_data language="English">
            <text from_TM="False" rev_id="11" status="Complete" time="1222354203">Every web-server collects valuable log files, which can be analyzed and used to improve the effectiveness of your website.</text>
          </text_data>
        </ta_sentence><ta_sentence do_translation="yes" encoding="utf-8" format="1" id="608" original_language="English">
          <space_before> </space_before>
          <space_after />
          <text_data language="German">
            <text from_TM="False" rev_id="13" status="New" time="1222355938">Web page statistics can also be important in deciding which advertising campaigns are effective and which aren't.</text>
          </text_data><text_data language="Spanish">
            <text from_TM="False" rev_id="11" status="Complete" time="1222354203">Spanish : tatistics can also be important in deciding which advertising campaigns are effective and which aren't.</text>
          </text_data><text_data language="English">
            <text from_TM="False" rev_id="11" status="Complete" time="1222354203">Web page statistics can also be important in deciding which advertising campaigns are effective and which aren't.</text>
          </text_data>
        </ta_sentence><ta_sentence do_translation="yes" encoding="utf-8" format="1" id="609" original_language="English">
          <space_before />
          <space_after />
          <text_data language="German">
            <text from_TM="False" rev_id="13" status="New" time="1222355938">Below, you can download a simple and free Python script, which scans Apache log files.</text>
            <marker end="48" id="0" start="42" />
            <marker end="75" id="1" start="69" />
          </text_data><text_data language="Spanish">
            <text from_TM="False" rev_id="11" status="Complete" time="1222354203">Spanish :  can download a simple and free Python script, which scans Apache log files.</text>
            <marker end="48" id="0" start="42" />
            <marker end="75" id="1" start="69" />
          </text_data><text_data language="English">
            <text from_TM="False" rev_id="11" status="Complete" time="1222354203">Below, you can download a simple and free Python script, which scans Apache log files.</text>
            <marker end="48" id="0" start="42" />
            <marker end="75" id="1" start="69" />
          </text_data><marker_def id="0" type="html">
            <html_marker tag="a">
              <attr name="href" val="http://www.python.org/" />
            </html_marker>
          </marker_def><marker_def id="1" type="html">
            <html_marker tag="a">
              <attr name="href" val="http://www.apache.org/" />
            </html_marker>
          </marker_def>
        </ta_sentence><ta_sentence do_translation="yes" encoding="utf-8" format="1" id="610" original_language="English">
          <space_before> </space_before>
          <space_after />
          <text_data language="German">
            <text from_TM="False" rev_id="13" status="New" time="1222355938">The script prints out a tracking report for each visitor.</text>
          </text_data><text_data language="Spanish">
            <text from_TM="False" rev_id="11" status="Complete" time="1222354203">Spanish :  prints out a tracking report for each visitor.</text>
          </text_data><text_data language="English">
            <text from_TM="False" rev_id="11" status="Complete" time="1222354203">The script prints out a tracking report for each visitor.</text>
          </text_data>
        </ta_sentence><ta_sentence do_translation="yes" encoding="utf-8" format="1" id="611" original_language="English">
          <space_before> </space_before>
          <space_after />
          <text_data language="German">
            <text from_TM="False" rev_id="13" status="New" time="1222355938">It shows the visitor source, what trip he did and whether he downloaded executable (and the download size).</text>
          </text_data><text_data language="Spanish">
            <text from_TM="False" rev_id="11" status="Complete" time="1222354203">Spanish : he visitor source, what trip he did and whether he downloaded executable (and the download size).</text>
          </text_data><text_data language="English">
            <text from_TM="False" rev_id="11" status="Complete" time="1222354203">It shows the visitor source, what trip he did and whether he downloaded executable (and the download size).</text>
          </text_data>
        </ta_sentence><ta_sentence do_translation="yes" encoding="utf-8" format="1" id="612" original_language="English">
          <space_before />
          <space_after />
          <text_data language="German">
            <text from_TM="False" rev_id="13" status="New" time="1222355938">This simple and free tool can be very helpful in checking what web surfers are actually doing on your site.</text>
          </text_data><text_data language="Spanish">
            <text from_TM="False" rev_id="11" status="Complete" time="1222354203">Spanish : e and free tool can be very helpful in checking what web surfers are actually doing on your site.</text>
          </text_data><text_data language="English">
            <text from_TM="False" rev_id="11" status="Complete" time="1222354203">This simple and free tool can be very helpful in checking what web surfers are actually doing on your site.</text>
          </text_data>
        </ta_sentence><ta_sentence do_translation="yes" encoding="utf-8" format="1" id="613" original_language="English">
          <space_before> </space_before>
          <space_after />
          <text_data language="German">
            <text from_TM="False" rev_id="13" status="New" time="1222355938">These log files can be used to improve the effectiveness of your online business.</text>
          </text_data><text_data language="Spanish">
            <text from_TM="False" rev_id="11" status="Complete" time="1222354203">Spanish : files can be used to improve the effectiveness of your online business.</text>
          </text_data><text_data language="English">
            <text from_TM="False" rev_id="11" status="Complete" time="1222354203">These log files can be used to improve the effectiveness of your online business.</text>
          </text_data>
        </ta_sentence><ta_sentence do_translation="yes" encoding="utf-8" format="1" id="614" original_language="English">
          <space_before />
          <space_after />
          <text_data language="German">
            <text from_TM="False" rev_id="13" status="New" time="1222355938">This visitor tracking tool filters out automatic visits from download sites (icons, screen shots, validity checks etc.) and only leaves visits from human surfers.</text>
          </text_data><text_data language="Spanish">
            <text from_TM="False" rev_id="11" status="Complete" time="1222354203">Spanish : or tracking tool filters out automatic visits from download sites (icons, screen shots, validity checks etc.) and only leaves visits from human surfers.</text>
          </text_data><text_data language="English">
            <text from_TM="False" rev_id="11" status="Complete" time="1222354203">This visitor tracking tool filters out automatic visits from download sites (icons, screen shots, validity checks etc.) and only leaves visits from human surfers.</text>
          </text_data>
        </ta_sentence><ta_sentence do_translation="yes" encoding="utf-8" format="1" id="615" original_language="English">
          <space_before> </space_before>
          <space_after />
          <text_data language="German">
            <text from_TM="False" rev_id="13" status="New" time="1222355938">This shows what people are doing.</text>
          </text_data><text_data language="Spanish">
            <text from_TM="False" rev_id="11" status="Complete" time="1222354203">Spanish :  what people are doing.</text>
          </text_data><text_data language="English">
            <text from_TM="False" rev_id="11" status="Complete" time="1222354203">This shows what people are doing.</text>
          </text_data>
        </ta_sentence><ta_sentence do_translation="yes" encoding="utf-8" format="1" id="616" original_language="English">
          <space_before />
          <space_after />
          <text_data language="German">
            <text from_TM="False" rev_id="13" status="New" time="1222355938">Visitor tracking tool - Output example</text>
            <marker end="38" id="0" start="0" />
          </text_data><text_data language="Spanish">
            <text from_TM="False" rev_id="11" status="Complete" time="1222354203">Spanish : acking tool - Output example</text>
            <marker end="38" id="0" start="0" />
          </text_data><text_data language="English">
            <text from_TM="False" rev_id="11" status="Complete" time="1222354203">Visitor tracking tool - Output example</text>
            <marker end="38" id="0" start="0" />
          </text_data><marker_def id="0" type="html">
            <html_marker tag="strong" />
          </marker_def>
        </ta_sentence><ta_sentence do_translation="yes" encoding="utf-8" format="1" id="617" original_language="English">
          <space_before />
          <space_after />
          <text_data language="German">
            <text from_TM="False" rev_id="13" status="New" time="1222355938">Visitor tracking</text>
            <marker end="16" id="0" start="0" />
          </text_data><text_data language="Spanish">
            <text from_TM="False" rev_id="11" status="Complete" time="1222354203">Spanish : acking</text>
            <marker end="16" id="0" start="0" />
          </text_data><text_data language="English">
            <text from_TM="False" rev_id="11" status="Complete" time="1222354203">Visitor tracking</text>
            <marker end="16" id="0" start="0" />
          </text_data><marker_def id="0" type="html">
            <html_marker tag="span">
              <attr name="class" val="Text-BigRed" />
            </html_marker>
          </marker_def>
        </ta_sentence><ta_sentence do_translation="yes" encoding="utf-8" format="1" id="618" original_language="English">
          <space_before> </space_before>
          <space_after />
          <text_data language="German">
            <text from_TM="False" rev_id="13" status="New" time="1222355938">Produced Sun Feb 15 13:28:41 2004</text>
            <marker end="33" id="0" start="0" />
          </text_data><text_data language="Spanish">
            <text from_TM="False" rev_id="11" status="Complete" time="1222354203">Spanish : un Feb 15 13:28:41 2004</text>
            <marker end="33" id="0" start="0" />
          </text_data><text_data language="English">
            <text from_TM="False" rev_id="11" status="Complete" time="1222354203">Produced Sun Feb 15 13:28:41 2004</text>
            <marker end="33" id="0" start="0" />
          </text_data><marker_def id="0" type="html">
            <html_marker tag="span">
              <attr name="class" val="Text-Bold" />
            </html_marker>
          </marker_def>
        </ta_sentence><ta_sentence do_translation="yes" encoding="utf-8" format="1" id="619" original_language="English">
          <space_before />
          <space_after />
          <text_data language="German">
            <text from_TM="False" rev_id="13" status="New" time="1222355938">IP</text>
            <marker end="2" id="0" start="0" />
          </text_data><text_data language="Spanish">
            <text from_TM="False" rev_id="11" status="Complete" time="1222354203">Spanish : </text>
            <marker end="2" id="0" start="0" />
          </text_data><text_data language="English">
            <text from_TM="False" rev_id="11" status="Complete" time="1222354203">IP</text>
            <marker end="2" id="0" start="0" />
          </text_data><marker_def id="0" type="html">
            <html_marker tag="strong" />
          </marker_def>
        </ta_sentence><ta_sentence do_translation="yes" encoding="utf-8" format="1" id="620" original_language="English">
          <space_before />
          <space_after />
          <text_data language="German">
            <text from_TM="False" rev_id="13" status="New" time="1222355938">Date</text>
            <marker end="4" id="0" start="0" />
          </text_data><text_data language="Spanish">
            <text from_TM="False" rev_id="11" status="Complete" time="1222354203">Spanish : </text>
            <marker end="4" id="0" start="0" />
          </text_data><text_data language="English">
            <text from_TM="False" rev_id="11" status="Complete" time="1222354203">Date</text>
            <marker end="4" id="0" start="0" />
          </text_data><marker_def id="0" type="html">
            <html_marker tag="strong" />
          </marker_def>
        </ta_sentence><ta_sentence do_translation="yes" encoding="utf-8" format="1" id="621" original_language="English">
          <space_before />
          <space_after />
          <text_data language="German">
            <text from_TM="False" rev_id="13" status="New" time="1222355938">URL</text>
            <marker end="3" id="0" start="0" />
          </text_data><text_data language="Spanish">
            <text from_TM="False" rev_id="11" status="Complete" time="1222354203">Spanish : </text>
            <marker end="3" id="0" start="0" />
          </text_data><text_data language="English">
            <text from_TM="False" rev_id="11" status="Complete" time="1222354203">URL</text>
            <marker end="3" id="0" start="0" />
          </text_data><marker_def id="0" type="html">
            <html_marker tag="strong" />
          </marker_def>
        </ta_sentence><ta_sentence do_translation="yes" encoding="utf-8" format="1" id="622" original_language="English">
          <space_before />
          <space_after />
          <text_data language="German">
            <text from_TM="False" rev_id="13" status="New" time="1222355938">Source</text>
            <marker end="6" id="0" start="0" />
          </text_data><text_data language="Spanish">
            <text from_TM="False" rev_id="11" status="Complete" time="1222354203">Spanish : </text>
            <marker end="6" id="0" start="0" />
          </text_data><text_data language="English">
            <text from_TM="False" rev_id="11" status="Complete" time="1222354203">Source</text>
            <marker end="6" id="0" start="0" />
          </text_data><marker_def id="0" type="html">
            <html_marker tag="strong" />
          </marker_def>
        </ta_sentence><ta_sentence do_translation="no" encoding="utf-8" format="1" id="623" original_language="English">
          <space_before />
          <space_after />
          <text_data language="German">
            <text from_TM="False" rev_id="13" status="New" time="1222355938">213.122.11.140</text>
          </text_data><text_data language="Spanish">
            <text from_TM="False" rev_id="11" status="Complete" time="1222354203">Spanish : .140</text>
          </text_data><text_data language="English">
            <text from_TM="False" rev_id="11" status="Complete" time="1222354203">213.122.11.140</text>
          </text_data>
        </ta_sentence><ta_sentence do_translation="yes" encoding="utf-8" format="1" id="624" original_language="English">
          <space_before />
          <space_after />
          <text_data language="German">
            <text from_TM="False" rev_id="13" status="New" time="1222355938">14/Feb/2004:21:39:11</text>
          </text_data><text_data language="Spanish">
            <text from_TM="False" rev_id="11" status="Complete" time="1222354203">Spanish : 4:21:39:11</text>
          </text_data><text_data language="English">
            <text from_TM="False" rev_id="11" status="Complete" time="1222354203">14/Feb/2004:21:39:11</text>
          </text_data>
        </ta_sentence><ta_sentence do_translation="yes" encoding="utf-8" format="1" id="625" original_language="English">
          <space_before />
          <space_after />
          <text_data language="German">
            <text from_TM="False" rev_id="13" status="New" time="1222355938">/?referrer=google1</text>
          </text_data><text_data language="Spanish">
            <text from_TM="False" rev_id="11" status="Complete" time="1222354203">Spanish : =google1</text>
          </text_data><text_data language="English">
            <text from_TM="False" rev_id="11" status="Complete" time="1222354203">/?referrer=google1</text>
          </text_data>
        </ta_sentence><ta_sentence do_translation="no" encoding="utf-8" format="1" id="626" original_language="English">
          <space_before />
          <space_after />
          <text_data language="German">
            <text from_TM="False" rev_id="13" status="New" time="1222355938">-</text>
          </text_data><text_data language="Spanish">
            <text from_TM="False" rev_id="11" status="Complete" time="1222354203">Spanish : </text>
          </text_data><text_data language="English">
            <text from_TM="False" rev_id="11" status="Complete" time="1222354203">-</text>
          </text_data>
        </ta_sentence><ta_sentence do_translation="no" encoding="utf-8" format="1" id="627" original_language="English">
          <space_before />
          <space_after />
          <text_data language="German">
            <text from_TM="False" rev_id="13" status="New" time="1222355938">205.236.147.60</text>
          </text_data><text_data language="Spanish">
            <text from_TM="False" rev_id="11" status="Complete" time="1222354203">Spanish : 7.60</text>
          </text_data><text_data language="English">
            <text from_TM="False" rev_id="11" status="Complete" time="1222354203">205.236.147.60</text>
          </text_data>
        </ta_sentence><ta_sentence do_translation="yes" encoding="utf-8" format="1" id="628" original_language="English">
          <space_before />
          <space_after />
          <text_data language="German">
            <text from_TM="False" rev_id="13" status="New" time="1222355938">15/Feb/2004:01:21:08</text>
          </text_data><text_data language="Spanish">
            <text from_TM="False" rev_id="11" status="Complete" time="1222354203">Spanish : 4:01:21:08</text>
          </text_data><text_data language="English">
            <text from_TM="False" rev_id="11" status="Complete" time="1222354203">15/Feb/2004:01:21:08</text>
          </text_data>
        </ta_sentence><ta_sentence do_translation="yes" encoding="utf-8" format="1" id="629" original_language="English">
          <space_before />
          <space_after />
          <text_data language="German">
            <text from_TM="False" rev_id="13" status="New" time="1222355938">/?referrer=google3</text>
          </text_data><text_data language="Spanish">
            <text from_TM="False" rev_id="11" status="Complete" time="1222354203">Spanish : =google3</text>
          </text_data><text_data language="English">
            <text from_TM="False" rev_id="11" status="Complete" time="1222354203">/?referrer=google3</text>
          </text_data>
        </ta_sentence><ta_sentence do_translation="yes" encoding="utf-8" format="1" id="630" original_language="English">
          <space_before />
          <space_after />
          <text_data language="German">
            <text from_TM="False" rev_id="13" status="New" time="1222355938">http://www.google.com/</text>
          </text_data><text_data language="Spanish">
            <text from_TM="False" rev_id="11" status="Complete" time="1222354203">Spanish : .google.com/</text>
          </text_data><text_data language="English">
            <text from_TM="False" rev_id="11" status="Complete" time="1222354203">http://www.google.com/</text>
          </text_data>
        </ta_sentence><ta_sentence do_translation="yes" encoding="utf-8" format="1" id="631" original_language="English">
          <space_before />
          <space_after />
          <text_data language="German">
            <text from_TM="False" rev_id="13" status="New" time="1222355938">15/Feb/2004:01:21:34</text>
          </text_data><text_data language="Spanish">
            <text from_TM="False" rev_id="11" status="Complete" time="1222354203">Spanish : 4:01:21:34</text>
          </text_data><text_data language="English">
            <text from_TM="False" rev_id="11" status="Complete" time="1222354203">15/Feb/2004:01:21:34</text>
          </text_data>
        </ta_sentence><ta_sentence do_translation="yes" encoding="utf-8" format="1" id="632" original_language="English">
          <space_before />
          <space_after />
          <text_data language="German">
            <text from_TM="False" rev_id="13" status="New" time="1222355938">/download.htm</text>
          </text_data><text_data language="Spanish">
            <text from_TM="False" rev_id="11" status="Complete" time="1222354203">Spanish : htm</text>
          </text_data><text_data language="English">
            <text from_TM="False" rev_id="11" status="Complete" time="1222354203">/download.htm</text>
          </text_data>
        </ta_sentence><ta_sentence do_translation="yes" encoding="utf-8" format="1" id="633" original_language="English">
          <space_before />
          <space_after />
          <text_data language="German">
            <text from_TM="False" rev_id="13" status="New" time="1222355938">index.htm ?referrer=google3</text>
          </text_data><text_data language="Spanish">
            <text from_TM="False" rev_id="11" status="Complete" time="1222354203">Spanish : ?referrer=google3</text>
          </text_data><text_data language="English">
            <text from_TM="False" rev_id="11" status="Complete" time="1222354203">index.htm ?referrer=google3</text>
          </text_data>
        </ta_sentence><ta_sentence do_translation="yes" encoding="utf-8" format="1" id="634" original_language="English">
          <space_before />
          <space_after />
          <text_data language="German">
            <text from_TM="False" rev_id="13" status="New" time="1222355938">15/Feb/2004:01:23:15</text>
          </text_data><text_data language="Spanish">
            <text from_TM="False" rev_id="11" status="Complete" time="1222354203">Spanish : 4:01:23:15</text>
          </text_data><text_data language="English">
            <text from_TM="False" rev_id="11" status="Complete" time="1222354203">15/Feb/2004:01:23:15</text>
          </text_data>
        </ta_sentence><ta_sentence do_translation="yes" encoding="utf-8" format="1" id="635" original_language="English">
          <space_before />
          <space_after />
          <text_data language="German">
            <text from_TM="False" rev_id="13" status="New" time="1222355938">/contents/pb13_9x.exe (4723843)</text>
          </text_data><text_data language="Spanish">
            <text from_TM="False" rev_id="11" status="Complete" time="1222354203">Spanish : pb13_9x.exe (4723843)</text>
          </text_data><text_data language="English">
            <text from_TM="False" rev_id="11" status="Complete" time="1222354203">/contents/pb13_9x.exe (4723843)</text>
          </text_data>
        </ta_sentence><ta_sentence do_translation="yes" encoding="utf-8" format="1" id="636" original_language="English">
          <space_before />
          <space_after />
          <text_data language="German">
            <text from_TM="False" rev_id="13" status="New" time="1222355938">index.htm download.htm</text>
          </text_data><text_data language="Spanish">
            <text from_TM="False" rev_id="11" status="Complete" time="1222354203">Spanish : download.htm</text>
          </text_data><text_data language="English">
            <text from_TM="False" rev_id="11" status="Complete" time="1222354203">index.htm download.htm</text>
          </text_data>
        </ta_sentence><ta_sentence do_translation="yes" encoding="utf-8" format="1" id="637" original_language="English">
          <space_before> </space_before>
          <space_after />
          <text_data language="German">
            <text from_TM="False" rev_id="13" status="New" time="1222355938">Prerequisites</text>
          </text_data><text_data language="Spanish">
            <text from_TM="False" rev_id="11" status="Complete" time="1222354203">Spanish : tes</text>
          </text_data><text_data language="English">
            <text from_TM="False" rev_id="11" status="Complete" time="1222354203">Prerequisites</text>
          </text_data>
        </ta_sentence><ta_sentence do_translation="yes" encoding="utf-8" format="1" id="638" original_language="English">
          <space_before />
          <space_after />
          <text_data language="German">
            <text from_TM="False" rev_id="13" status="New" time="1222355938">To use this tool, your web hosting should support Python scripting (this is more or less standard for Linux based hosting).</text>
          </text_data><text_data language="Spanish">
            <text from_TM="False" rev_id="11" status="Complete" time="1222354203">Spanish : s tool, your web hosting should support Python scripting (this is more or less standard for Linux based hosting).</text>
          </text_data><text_data language="English">
            <text from_TM="False" rev_id="11" status="Complete" time="1222354203">To use this tool, your web hosting should support Python scripting (this is more or less standard for Linux based hosting).</text>
          </text_data>
        </ta_sentence><ta_sentence do_translation="yes" encoding="utf-8" format="1" id="639" original_language="English">
          <space_before> </space_before>
          <space_after />
          <text_data language="German">
            <text from_TM="False" rev_id="13" status="New" time="1222355938">The path to Python</text>
          </text_data><text_data language="Spanish">
            <text from_TM="False" rev_id="11" status="Complete" time="1222354203">Spanish : o Python</text>
          </text_data><text_data language="English">
            <text from_TM="False" rev_id="11" status="Complete" time="1222354203">The path to Python</text>
          </text_data>
        </ta_sentence><ta_sentence do_translation="yes" encoding="utf-8" format="1" id="640" original_language="English">
          <space_before> </space_before>
          <space_after />
          <text_data language="German">
            <text from_TM="False" rev_id="13" status="New" time="1222355938">The path to the Apache log file</text>
          </text_data><text_data language="Spanish">
            <text from_TM="False" rev_id="11" status="Complete" time="1222354203">Spanish : o the Apache log file</text>
          </text_data><text_data language="English">
            <text from_TM="False" rev_id="11" status="Complete" time="1222354203">The path to the Apache log file</text>
          </text_data>
        </ta_sentence><ta_sentence do_translation="yes" encoding="utf-8" format="1" id="641" original_language="English">
          <space_before />
          <space_after />
          <text_data language="German">
            <text from_TM="False" rev_id="13" status="New" time="1222355938">The script filters YOUR requests.</text>
          </text_data><text_data language="Spanish">
            <text from_TM="False" rev_id="11" status="Complete" time="1222354203">Spanish :  filters YOUR requests.</text>
          </text_data><text_data language="English">
            <text from_TM="False" rev_id="11" status="Complete" time="1222354203">The script filters YOUR requests.</text>
          </text_data>
        </ta_sentence><ta_sentence do_translation="yes" encoding="utf-8" format="1" id="642" original_language="English">
          <space_before> </space_before>
          <space_after />
          <text_data language="German">
            <text from_TM="False" rev_id="13" status="New" time="1222355938">To do that, it needs to know what you, and only you access.</text>
          </text_data><text_data language="Spanish">
            <text from_TM="False" rev_id="11" status="Complete" time="1222354203">Spanish : , it needs to know what you, and only you access.</text>
          </text_data><text_data language="English">
            <text from_TM="False" rev_id="11" status="Complete" time="1222354203">To do that, it needs to know what you, and only you access.</text>
          </text_data>
        </ta_sentence><ta_sentence do_translation="yes" encoding="utf-8" format="1" id="643" original_language="English">
          <space_before> </space_before>
          <space_after />
          <text_data language="German">
            <text from_TM="False" rev_id="13" status="New" time="1222355938">Take these pages and add them to the 'my_pages' list (see below).</text>
            <marker end="46" id="0" start="38" />
          </text_data><text_data language="Spanish">
            <text from_TM="False" rev_id="11" status="Complete" time="1222354203">Spanish :  pages and add them to the 'my_pages' list (see below).</text>
            <marker end="46" id="0" start="38" />
          </text_data><text_data language="English">
            <text from_TM="False" rev_id="11" status="Complete" time="1222354203">Take these pages and add them to the 'my_pages' list (see below).</text>
            <marker end="46" id="0" start="38" />
          </text_data><marker_def id="0" type="html">
            <html_marker tag="strong" />
          </marker_def>
        </ta_sentence><ta_sentence do_translation="yes" encoding="utf-8" format="1" id="644" original_language="English">
          <space_before />
          <space_after />
          <text_data language="German">
            <text from_TM="False" rev_id="13" status="New" time="1222355938">Download and setup</text>
          </text_data><text_data language="Spanish">
            <text from_TM="False" rev_id="11" status="Complete" time="1222354203">Spanish : nd setup</text>
          </text_data><text_data language="English">
            <text from_TM="False" rev_id="11" status="Complete" time="1222354203">Download and setup</text>
          </text_data>
        </ta_sentence><ta_sentence do_translation="yes" encoding="utf-8" format="1" id="645" original_language="English">
          <space_before />
          <space_after />
          <text_data language="German">
            <text from_TM="False" rev_id="13" status="New" time="1222355938">Click here to download the script. Then change the extension to .py and edit it a bit.</text>
            <marker end="33" id="0" start="0" />
            <marker end="67" id="1" start="64" />
          </text_data><text_data language="Spanish">
            <text from_TM="False" rev_id="11" status="Complete" time="1222354203">Spanish :  to download the script. Then change the extension to .py and edit it a bit.</text>
            <marker end="33" id="0" start="0" />
            <marker end="67" id="1" start="64" />
          </text_data><text_data language="English">
            <text from_TM="False" rev_id="11" status="Complete" time="1222354203">Click here to download the script. Then change the extension to .py and edit it a bit.</text>
            <marker end="33" id="0" start="0" />
            <marker end="67" id="1" start="64" />
          </text_data><marker_def id="0" type="html">
            <html_marker tag="a">
              <attr name="href" val="contents/crawl_demo.txt" />
            </html_marker>
          </marker_def><marker_def id="1" type="html">
            <html_marker tag="strong" />
          </marker_def>
        </ta_sentence><ta_sentence do_translation="yes" encoding="utf-8" format="1" id="646" original_language="English">
          <space_before />
          <space_after />
          <text_data language="German">
            <text from_TM="False" rev_id="13" status="New" time="1222355938">These are the first few lines of the script.</text>
          </text_data><text_data language="Spanish">
            <text from_TM="False" rev_id="11" status="Complete" time="1222354203">Spanish : the first few lines of the script.</text>
          </text_data><text_data language="English">
            <text from_TM="False" rev_id="11" status="Complete" time="1222354203">These are the first few lines of the script.</text>
          </text_data>
        </ta_sentence><ta_sentence do_translation="yes" encoding="utf-8" format="1" id="647" original_language="English">
          <space_before> </space_before>
          <space_after> </space_after>
          <text_data language="German">
            <text from_TM="False" rev_id="13" status="New" time="1222355938">They would need customizing:</text>
          </text_data><text_data language="Spanish">
            <text from_TM="False" rev_id="11" status="Complete" time="1222354203">Spanish :  need customizing:</text>
          </text_data><text_data language="English">
            <text from_TM="False" rev_id="11" status="Complete" time="1222354203">They would need customizing:</text>
          </text_data>
        </ta_sentence><ta_sentence do_translation="yes" encoding="utf-8" format="1" id="648" original_language="English">
          <space_before />
          <space_after />
          <text_data language="German">
            <text from_TM="False" rev_id="13" status="New" time="1222355938">#!/usr/local/bin/python</text>
            <marker end="-1" id="0" start="0" />
            <marker end="-1" id="0" start="0" />
          </text_data><text_data language="Spanish">
            <text from_TM="False" rev_id="11" status="Complete" time="1222354203">Spanish : al/bin/python</text>
            <marker end="-1" id="0" start="0" />
            <marker end="-1" id="0" start="0" />
          </text_data><text_data language="English">
            <text from_TM="False" rev_id="11" status="Complete" time="1222354203">#!/usr/local/bin/python</text>
            <marker end="-1" id="0" start="0" />
            <marker end="-1" id="0" start="0" />
          </text_data><marker_def id="0" type="html">
            <html_marker tag="span">
              <attr name="class" val="Text-standard" />
            </html_marker>
          </marker_def>
        </ta_sentence><ta_sentence do_translation="yes" encoding="utf-8" format="1" id="649" original_language="English">
          <space_before> </space_before>
          <space_after> </space_after>
          <text_data language="German">
            <text from_TM="False" rev_id="13" status="New" time="1222355938">import string,pickle,os,cgi,time,sys </text>
            <marker end="37" id="-1" start="-1" />
          </text_data><text_data language="Spanish">
            <text from_TM="False" rev_id="11" status="Complete" time="1222354203">Spanish : ing,pickle,os,cgi,time,sys </text>
            <marker end="37" id="-1" start="-1" />
          </text_data><text_data language="English">
            <text from_TM="False" rev_id="11" status="Complete" time="1222354203">import string,pickle,os,cgi,time,sys </text>
            <marker end="37" id="-1" start="-1" />
          </text_data><marker_def id="-1" type="html">
            <html_marker tag="span" />
          </marker_def>
        </ta_sentence><ta_sentence do_translation="yes" encoding="utf-8" format="1" id="650" original_language="English">
          <space_before />
          <space_after />
          <text_data language="German">
            <text from_TM="False" rev_id="13" status="New" time="1222355938">log_fname = "PUT YOUR PATH HERE"</text>
          </text_data><text_data language="Spanish">
            <text from_TM="False" rev_id="11" status="Complete" time="1222354203">Spanish : = "PUT YOUR PATH HERE"</text>
          </text_data><text_data language="English">
            <text from_TM="False" rev_id="11" status="Complete" time="1222354203">log_fname = "PUT YOUR PATH HERE"</text>
          </text_data>
        </ta_sentence><ta_sentence do_translation="yes" encoding="utf-8" format="1" id="651" original_language="English">
          <space_before />
          <space_after />
          <text_data language="German">
            <text from_TM="False" rev_id="13" status="New" time="1222355938">my_pages = ['/cgi-bin/crawl_demo','ADD SOME MORE PATHS HERE']</text>
          </text_data><text_data language="Spanish">
            <text from_TM="False" rev_id="11" status="Complete" time="1222354203">Spanish :  ['/cgi-bin/crawl_demo','ADD SOME MORE PATHS HERE']</text>
          </text_data><text_data language="English">
            <text from_TM="False" rev_id="11" status="Complete" time="1222354203">my_pages = ['/cgi-bin/crawl_demo','ADD SOME MORE PATHS HERE']</text>
          </text_data>
        </ta_sentence><ta_sentence do_translation="yes" encoding="utf-8" format="1" id="652" original_language="English">
          <space_before />
          <space_after />
          <text_data language="German">
            <text from_TM="False" rev_id="13" status="New" time="1222355938">Instructions</text>
          </text_data><text_data language="Spanish">
            <text from_TM="False" rev_id="11" status="Complete" time="1222354203">Spanish : ns</text>
          </text_data><text_data language="English">
            <text from_TM="False" rev_id="11" status="Complete" time="1222354203">Instructions</text>
          </text_data>
        </ta_sentence><ta_sentence do_translation="yes" encoding="utf-8" format="1" id="653" original_language="English">
          <space_before />
          <space_after />
          <text_data language="German">
            <text from_TM="False" rev_id="13" status="New" time="1222355938">1. Check the path to Python on your system and possibly correct the 1st line (/usr/local/bin/python)</text>
            <marker end="99" id="0" start="78" />
          </text_data><text_data language="Spanish">
            <text from_TM="False" rev_id="11" status="Complete" time="1222354203">Spanish : he path to Python on your system and possibly correct the 1st line (/usr/local/bin/python)</text>
            <marker end="99" id="0" start="78" />
          </text_data><text_data language="English">
            <text from_TM="False" rev_id="11" status="Complete" time="1222354203">1. Check the path to Python on your system and possibly correct the 1st line (/usr/local/bin/python)</text>
            <marker end="99" id="0" start="78" />
          </text_data><marker_def id="0" type="html">
            <html_marker tag="strong" />
          </marker_def>
        </ta_sentence><ta_sentence do_translation="yes" encoding="utf-8" format="1" id="654" original_language="English">
          <space_before> </space_before>
          <space_after />
          <text_data language="German">
            <text from_TM="False" rev_id="13" status="New" time="1222355938">2. Check the full path to Apache's log file and definitely correct line 4 (log_fname = ...)</text>
            <marker end="90" id="0" start="75" />
          </text_data><text_data language="Spanish">
            <text from_TM="False" rev_id="11" status="Complete" time="1222354203">Spanish : he full path to Apache's log file and definitely correct line 4 (log_fname = ...)</text>
            <marker end="90" id="0" start="75" />
          </text_data><text_data language="English">
            <text from_TM="False" rev_id="11" status="Complete" time="1222354203">2. Check the full path to Apache's log file and definitely correct line 4 (log_fname = ...)</text>
            <marker end="90" id="0" start="75" />
          </text_data><marker_def id="0" type="html">
            <html_marker tag="strong" />
          </marker_def>
        </ta_sentence><ta_sentence do_translation="yes" encoding="utf-8" format="1" id="655" original_language="English">
          <space_before> </space_before>
          <space_after />
          <text_data language="German">
            <text from_TM="False" rev_id="13" status="New" time="1222355938">3. Set the list of pages that only you visit at line 6 (my_pages = ...). These pages will be excluded from the report, your activity is not displayed the report.</text>
            <marker end="64" id="0" start="56" />
          </text_data><text_data language="Spanish">
            <text from_TM="False" rev_id="11" status="Complete" time="1222354203">Spanish :  list of pages that only you visit at line 6 (my_pages = ...). These pages will be excluded from the report, your activity is not displayed the report.</text>
            <marker end="64" id="0" start="56" />
          </text_data><text_data language="English">
            <text from_TM="False" rev_id="11" status="Complete" time="1222354203">3. Set the list of pages that only you visit at line 6 (my_pages = ...). These pages will be excluded from the report, your activity is not displayed the report.</text>
            <marker end="64" id="0" start="56" />
          </text_data><marker_def id="0" type="html">
            <html_marker tag="strong" />
          </marker_def>
        </ta_sentence><ta_sentence do_translation="yes" encoding="utf-8" format="1" id="656" original_language="English">
          <space_before> </space_before>
          <space_after />
          <text_data language="German">
            <text from_TM="False" rev_id="13" status="New" time="1222355938">4. Upload the fixed version to the cgi-bin directory, set the permission to 755.</text>
            <marker end="42" id="0" start="35" />
            <marker end="79" id="1" start="76" />
          </text_data><text_data language="Spanish">
            <text from_TM="False" rev_id="11" status="Complete" time="1222354203">Spanish : the fixed version to the cgi-bin directory, set the permission to 755.</text>
            <marker end="42" id="0" start="35" />
            <marker end="79" id="1" start="76" />
          </text_data><text_data language="English">
            <text from_TM="False" rev_id="11" status="Complete" time="1222354203">4. Upload the fixed version to the cgi-bin directory, set the permission to 755.</text>
            <marker end="42" id="0" start="35" />
            <marker end="79" id="1" start="76" />
          </text_data><marker_def id="0" type="html">
            <html_marker tag="strong" />
          </marker_def><marker_def id="1" type="html">
            <html_marker tag="strong" />
          </marker_def>
        </ta_sentence><ta_sentence do_translation="yes" encoding="utf-8" format="1" id="657" original_language="English">
          <space_before> </space_before>
          <space_after />
          <text_data language="German">
            <text from_TM="False" rev_id="13" status="New" time="1222355938">5. To use: open a web browser at:</text>
          </text_data><text_data language="Spanish">
            <text from_TM="False" rev_id="11" status="Complete" time="1222354203">Spanish :  open a web browser at:</text>
          </text_data><text_data language="English">
            <text from_TM="False" rev_id="11" status="Complete" time="1222354203">5. To use: open a web browser at:</text>
          </text_data>
        </ta_sentence><ta_sentence do_translation="yes" encoding="utf-8" format="1" id="658" original_language="English">
          <space_before />
          <space_after />
          <text_data language="German">
            <text from_TM="False" rev_id="13" status="New" time="1222355938">http://yourdomain/cgi-bin/crawl_demo?hist=&lt;number of entries&gt;?fresh=1</text>
            <marker end="69" id="0" start="0" />
          </text_data><text_data language="Spanish">
            <text from_TM="False" rev_id="11" status="Complete" time="1222354203">Spanish : rdomain/cgi-bin/crawl_demo?hist=&lt;number of entries&gt;?fresh=1</text>
            <marker end="69" id="0" start="0" />
          </text_data><text_data language="English">
            <text from_TM="False" rev_id="11" status="Complete" time="1222354203">http://yourdomain/cgi-bin/crawl_demo?hist=&lt;number of entries&gt;?fresh=1</text>
            <marker end="69" id="0" start="0" />
          </text_data><marker_def id="0" type="html">
            <html_marker tag="strong" />
          </marker_def>
        </ta_sentence><ta_sentence do_translation="yes" encoding="utf-8" format="1" id="659" original_language="English">
          <space_before> </space_before>
          <space_after />
          <text_data language="German">
            <text from_TM="False" rev_id="13" status="New" time="1222355938">* both the 'hist' and 'fresh' arguments are optional and can be omitted.</text>
          </text_data><text_data language="Spanish">
            <text from_TM="False" rev_id="11" status="Complete" time="1222354203">Spanish :  'hist' and 'fresh' arguments are optional and can be omitted.</text>
          </text_data><text_data language="English">
            <text from_TM="False" rev_id="11" status="Complete" time="1222354203">* both the 'hist' and 'fresh' arguments are optional and can be omitted.</text>
          </text_data>
        </ta_sentence><ta_sentence do_translation="yes" encoding="utf-8" format="1" id="660" original_language="English">
          <space_before> </space_before>
          <space_after />
          <text_data language="German">
            <text from_TM="False" rev_id="13" status="New" time="1222355938">* use the 'hist' argument to determine the number of visitors shown in the visitor tracking report.</text>
          </text_data><text_data language="Spanish">
            <text from_TM="False" rev_id="11" status="Complete" time="1222354203">Spanish : 'hist' argument to determine the number of visitors shown in the visitor tracking report.</text>
          </text_data><text_data language="English">
            <text from_TM="False" rev_id="11" status="Complete" time="1222354203">* use the 'hist' argument to determine the number of visitors shown in the visitor tracking report.</text>
          </text_data>
        </ta_sentence><ta_sentence do_translation="yes" encoding="utf-8" format="1" id="661" original_language="English">
          <space_before> </space_before>
          <space_after />
          <text_data language="German">
            <text from_TM="False" rev_id="13" status="New" time="1222355938">* use the 'fresh' argument to bypass the internal caching of this script (heavier on your server).</text>
          </text_data><text_data language="Spanish">
            <text from_TM="False" rev_id="11" status="Complete" time="1222354203">Spanish : 'fresh' argument to bypass the internal caching of this script (heavier on your server).</text>
          </text_data><text_data language="English">
            <text from_TM="False" rev_id="11" status="Complete" time="1222354203">* use the 'fresh' argument to bypass the internal caching of this script (heavier on your server).</text>
          </text_data>
        </ta_sentence><ta_sentence do_translation="yes" encoding="utf-8" format="1" id="662" original_language="English">
          <space_before />
          <space_after />
          <text_data language="German">
            <text from_TM="False" rev_id="13" status="New" time="1222355938">Enjoy this free tool</text>
          </text_data><text_data language="Spanish">
            <text from_TM="False" rev_id="11" status="Complete" time="1222354203">Spanish :  free tool</text>
          </text_data><text_data language="English">
            <text from_TM="False" rev_id="11" status="Complete" time="1222354203">Enjoy this free tool</text>
          </text_data>
        </ta_sentence><ta_sentence do_translation="yes" encoding="utf-8" format="1" id="663" original_language="English">
          <space_before />
          <space_after> </space_after>
          <text_data language="German">
            <text from_TM="False" rev_id="13" status="New" time="1222355938">If this free visitor tracking tool helpful, consider linking back by placing a very modest link to our home page (www.onthegosoft.com). Copy the text below and add it somewhere on your site:</text>
          </text_data><text_data language="Spanish">
            <text from_TM="False" rev_id="11" status="Complete" time="1222354203">Spanish : ee visitor tracking tool helpful, consider linking back by placing a very modest link to our home page (www.onthegosoft.com). Copy the text below and add it somewhere on your site:</text>
          </text_data><text_data language="English">
            <text from_TM="False" rev_id="11" status="Complete" time="1222354203">If this free visitor tracking tool helpful, consider linking back by placing a very modest link to our home page (www.onthegosoft.com). Copy the text below and add it somewhere on your site:</text>
          </text_data>
        </ta_sentence><ta_sentence do_translation="yes" encoding="utf-8" format="1" id="664" original_language="English">
          <space_before />
          <space_after> </space_after>
          <text_data language="German">
            <text from_TM="False" rev_id="13" status="New" time="1222355938">&lt;a href="http://www.onthegosoft.com" target="_blank"&gt;Get your backup software from www.onthegosoft.com&lt;/a&gt;</text>
          </text_data><text_data language="Spanish">
            <text from_TM="False" rev_id="11" status="Complete" time="1222354203">Spanish : ttp://www.onthegosoft.com" target="_blank"&gt;Get your backup software from www.onthegosoft.com&lt;/a&gt;</text>
          </text_data><text_data language="English">
            <text from_TM="False" rev_id="11" status="Complete" time="1222354203">&lt;a href="http://www.onthegosoft.com" target="_blank"&gt;Get your backup software from www.onthegosoft.com&lt;/a&gt;</text>
          </text_data>
        </ta_sentence><ta_sentence do_translation="yes" encoding="utf-8" format="1" id="665" original_language="English">
          <space_before />
          <space_after />
          <text_data language="German">
            <text from_TM="False" rev_id="13" status="New" time="1222355938">If you have a page, which is somewhat related to what we do, let us know, and we can link back to you. </text>
            <marker end="103" id="0" start="0" />
            <marker end="72" id="1" start="61" />
          </text_data><text_data language="Spanish">
            <text from_TM="False" rev_id="11" status="Complete" time="1222354203">Spanish : e a page, which is somewhat related to what we do, let us know, and we can link back to you. </text>
            <marker end="103" id="0" start="0" />
            <marker end="72" id="1" start="61" />
          </text_data><text_data language="English">
            <text from_TM="False" rev_id="11" status="Complete" time="1222354203">If you have a page, which is somewhat related to what we do, let us know, and we can link back to you. </text>
            <marker end="103" id="0" start="0" />
            <marker end="72" id="1" start="61" />
          </text_data><marker_def id="0" type="html">
            <html_marker tag="span">
              <attr name="class" val="Text-standard" />
            </html_marker>
          </marker_def><marker_def id="1" type="html">
            <html_marker tag="a">
              <attr name="href" val="contact.htm" />
            </html_marker>
          </marker_def>
        </ta_sentence><ta_sentence do_translation="no" encoding="utf-8" format="1" id="666" original_language="English">
          <space_before />
          <space_after />
          <text_data language="German">
            <text from_TM="False" rev_id="13" status="New" time="1222355938" />
          </text_data><text_data language="Spanish">
            <text from_TM="False" rev_id="-1" status="Complete" time="1222355861" />
          </text_data><text_data language="English">
            <text from_TM="False" status="Complete" time="1222355861" />
          </text_data>
        </ta_sentence><ta_sentence do_translation="yes" encoding="utf-8" format="1" id="667" original_language="English">
          <space_before />
          <space_after />
          <text_data language="German">
            <text from_TM="False" rev_id="13" status="New" time="1222355938">Got a digital camera, CD or DVD burner, but no digital photo backup?</text>
            <marker end="38" id="0" start="4" />
            <marker end="67" id="1" start="44" />
          </text_data><text_data language="Spanish">
            <text from_TM="False" rev_id="11" status="Complete" time="1222354203">Spanish : tal camera, CD or DVD burner, but no digital photo backup?</text>
            <marker end="38" id="0" start="4" />
            <marker end="67" id="1" start="44" />
          </text_data><text_data language="English">
            <text from_TM="False" rev_id="11" status="Complete" time="1222354203">Got a digital camera, CD or DVD burner, but no digital photo backup?</text>
            <marker end="38" id="0" start="4" />
            <marker end="67" id="1" start="44" />
          </text_data><marker_def id="0" type="html">
            <html_marker tag="strong" />
          </marker_def><marker_def id="1" type="html">
            <html_marker tag="strong" />
          </marker_def>
        </ta_sentence><ta_sentence do_translation="yes" encoding="utf-8" format="1" id="668" original_language="English">
          <space_before> </space_before>
          <space_after />
          <text_data language="German">
            <text from_TM="False" rev_id="13" status="New" time="1222355938"> Then you NEED Photo Backup - click here for FREE trial</text>
            <marker end="55" id="0" start="0" />
            <marker end="55" id="1" start="0" />
          </text_data><text_data language="Spanish">
            <text from_TM="False" rev_id="11" status="Complete" time="1222354203">Spanish : NEED Photo Backup - click here for FREE trial</text>
            <marker end="55" id="0" start="0" />
            <marker end="55" id="1" start="0" />
          </text_data><text_data language="English">
            <text from_TM="False" rev_id="11" status="Complete" time="1222354203"> Then you NEED Photo Backup - click here for FREE trial</text>
            <marker end="55" id="0" start="0" />
            <marker end="55" id="1" start="0" />
          </text_data><marker_def id="0" type="html">
            <html_marker tag="a">
              <attr name="href" val="download.htm" />
            </html_marker>
          </marker_def><marker_def id="1" type="html">
            <html_marker tag="strong" />
          </marker_def>
        </ta_sentence><ta_sentence do_translation="yes" encoding="utf-8" format="1" id="669" original_language="English">
          <space_before />
          <space_after />
          <text_data language="German">
            <text from_TM="False" rev_id="13" status="New" time="1222355938">Products&#160;&#160; - &#160;&#160;Passport Photo&#160;&#160; - &#160;&#160;Photo Backup&#160;&#160; - &#160;&#160;Shrink Pic&#160;&#160; - &#160;&#160;Resources&#160;&#160; - &#160;&#160;Partners&#160;&#160; - &#160;&#160;Blog</text>
            <marker end="8" id="0" start="0" />
            <marker end="29" id="1" start="15" />
            <marker end="48" id="2" start="36" />
            <marker end="65" id="3" start="55" />
            <marker end="81" id="4" start="72" />
            <marker end="96" id="5" start="88" />
            <marker end="107" id="6" start="103" />
          </text_data><text_data language="Spanish">
            <text from_TM="False" rev_id="11" status="Complete" time="1222354203">Spanish :  - &#160;&#160;Passport Photo&#160;&#160; - &#160;&#160;Photo Backup&#160;&#160; - &#160;&#160;Shrink Pic&#160;&#160; - &#160;&#160;Resources&#160;&#160; - &#160;&#160;Partners&#160;&#160; - &#160;&#160;Blog</text>
            <marker end="8" id="0" start="0" />
            <marker end="29" id="1" start="15" />
            <marker end="48" id="2" start="36" />
            <marker end="65" id="3" start="55" />
            <marker end="81" id="4" start="72" />
            <marker end="96" id="5" start="88" />
            <marker end="107" id="6" start="103" />
          </text_data><text_data language="English">
            <text from_TM="False" rev_id="11" status="Complete" time="1222354203">Products&#160;&#160; - &#160;&#160;Passport Photo&#160;&#160; - &#160;&#160;Photo Backup&#160;&#160; - &#160;&#160;Shrink Pic&#160;&#160; - &#160;&#160;Resources&#160;&#160; - &#160;&#160;Partners&#160;&#160; - &#160;&#160;Blog</text>
            <marker end="8" id="0" start="0" />
            <marker end="29" id="1" start="15" />
            <marker end="48" id="2" start="36" />
            <marker end="65" id="3" start="55" />
            <marker end="81" id="4" start="72" />
            <marker end="96" id="5" start="88" />
            <marker end="107" id="6" start="103" />
          </text_data><marker_def id="0" type="html">
            <html_marker tag="a">
              <attr name="href" val="./" />
            </html_marker>
          </marker_def><marker_def id="1" type="html">
            <html_marker tag="a">
              <attr name="href" val="passport_photo.htm" />
            </html_marker>
          </marker_def><marker_def id="2" type="html">
            <html_marker tag="a">
              <attr name="href" val="photo_backup.htm" />
            </html_marker>
          </marker_def><marker_def id="3" type="html">
            <html_marker tag="a">
              <attr name="href" val="shrink_pic.htm" />
            </html_marker>
          </marker_def><marker_def id="4" type="html">
            <html_marker tag="a">
              <attr name="href" val="links_nav.htm" />
            </html_marker>
          </marker_def><marker_def id="5" type="html">
            <html_marker tag="a">
              <attr name="href" val="partners.htm" />
            </html_marker>
          </marker_def><marker_def id="6" type="html">
            <html_marker tag="a">
              <attr name="href" val="blog/" />
            </html_marker>
          </marker_def>
        </ta_sentence><ta_sentence do_translation="yes" encoding="utf-8" format="1" id="670" original_language="English">
          <space_before />
          <space_after />
          <text_data language="German">
            <text from_TM="False" rev_id="13" status="New" time="1222355938">This website has been translated using ICanLocalize - Affordable Website Translation</text>
            <marker end="-1" id="0" start="0" />
            <marker end="84" id="1" start="39" />
            <marker end="-1" id="0" start="0" />
          </text_data><text_data language="Spanish">
            <text from_TM="False" rev_id="11" status="Complete" time="1222354203">Spanish : te has been translated using ICanLocalize - Affordable Website Translation</text>
            <marker end="-1" id="0" start="0" />
            <marker end="84" id="1" start="39" />
            <marker end="-1" id="0" start="0" />
          </text_data><text_data language="English">
            <text from_TM="False" rev_id="11" status="Complete" time="1222354203">This website has been translated using ICanLocalize - Affordable Website Translation</text>
            <marker end="-1" id="0" start="0" />
            <marker end="84" id="1" start="39" />
            <marker end="-1" id="0" start="0" />
          </text_data><marker_def id="0" type="html">
            <html_marker tag="span">
              <attr name="class" val="copyright" />
            </html_marker>
          </marker_def><marker_def id="1" type="html">
            <html_marker tag="a">
              <attr name="target" val="_blank" />
              <attr name="href" val="http://www.icanlocalize.com" />
            </html_marker>
          </marker_def>
        </ta_sentence><ta_sentence do_translation="yes" encoding="utf-8" format="1" id="671" original_language="English">
          <space_before />
          <space_after />
          <text_data language="German">
            <text from_TM="False" rev_id="13" status="New" time="1222355938">&#169; OnTheGoSystems,INC. 2003-2008</text>
            <marker end="21" id="0" start="2" />
            <marker end="31" id="-1" start="-1" />
          </text_data><text_data language="Spanish">
            <text from_TM="False" rev_id="11" status="Complete" time="1222354203">Spanish : ystems,INC. 2003-2008</text>
            <marker end="21" id="0" start="2" />
            <marker end="31" id="-1" start="-1" />
          </text_data><text_data language="English">
            <text from_TM="False" rev_id="11" status="Complete" time="1222354203">&#169; OnTheGoSystems,INC. 2003-2008</text>
            <marker end="21" id="0" start="2" />
            <marker end="31" id="-1" start="-1" />
          </text_data><marker_def id="0" type="html">
            <html_marker tag="a">
              <attr name="href" val="http://www.onthegosystems.com/" />
              <attr name="target" val="_blank" />
            </html_marker>
          </marker_def><marker_def id="-1" type="html">
            <html_marker tag="span" />
          </marker_def>
        </ta_sentence>
      </sentences><html_output_change_data_3 />
    </translation>
  </ta_buffer><ta_buffer encoding="utf-8" format="1" manual="False" original_language="English" source_file="/translated-texts-for-id-cards.htm" type="html">
    <extractor>
      <marked_file MD5="001a447d7b49a524d0d3cb0b3ba88a98" encoding="zlib-hex">789ccd594d6e23b9155e3b40eec02ea37b123852596ebb7f62490d5bb6bb0d74bb8d9106c6ac04aa8a52714c913524cb6a6531c83572846c6633cb5964d137c90572853cfe54a94a2afdd88d00110cb9587c7ce4fbde3ff59fdfffd57e76f1b937f8f1f6127d187cfa886e7f38ff78dd4341230cef5ef6c2f06270e1268e9b872d3490982baaa9e09885e1e54dd0fde31fda899e32f88f503b2138b64ff0aca966a4fbcbbef90cce8683ebc1c7cbfd4f19d3b4c1289f6498214dbe6885c642a228a12c46d71728c2325666c92fedd071f0eca6446394689d36c8cf197de8043dc135e1ba3198a72440911b7502c33334273a05a6582aa23b667bf33c84c1708ae53d91fbc156be7d3d67a4967ba4547539c753d20962a2224953034e694501c0a74bf8ba39fb74b95f22ac4ef41321b547452758031a1c8d08ca148911e54b289937311d8f89848d10c306d30971e015e703a8ef5122c9b8132823906a9ad3234958fe2221440748839c35e2d9e59618334d24c79ae4b4384d198db09122944a1d7c993298322aeb049ff92021ef455f8c353a676212f823189cff1a86b3d9ac09f824642214903423310d474066f834d3247df74064e7c81da21d7aa3b2839188e78581e111236846639d7482d7af0e033412328695013c624627bc1344000d91a00ec2588ae3180ccf4e9bb14a71e4c79e25307dd668202d5234c29c13895278221300bad13096ae6517e5a4759fb68e5142e82401c59f1823309b70fb3c9ac048c0e1f68f5aaf4fce2e02e71a6d3a9d2025a34e40a7467b804346e000cd091d1b298051509171c1be9bbb49dc5d7f2698969ba6b5ac39d93619bba81dd387258ce165086fbb5b0ee418b4b1b788665806a2a4c032266a8a191bcec8a8844ac9c40a805a65805e1d1508e11d0fb513518de44e00a36a1431ac54271880230d441a746f61981aafbe4d8416edd010f9638da45bb86947bb6b99b1c613f04912747b92803322cc63944a0a0120cd774acd4e363a084ed094f24c9367959d1fa1a76fb5aea7facb06ef1809adc5f47fec2035818000d4360cec15931c3fd0890d81cb61a22cd9d1522878f0e6e304096a4daa1add8edf7c53746b5b11cd91bc154d0918051e29c248a4499ca35d76ca5b29e22cd2ca784f19c7552ecbab6331e34ce0b8095938e85ef8d113188db2b9e3719ecd1fbfda64601c69c7a1e7068fe7a2b2d43895e3d27783152ec684e0cb68ac5b722e6f5a75d652b225e7237bce19ca1e503581d6e1e1f38a0d2c2979d9080cef8279ceddc710919a18c2c858df05b98bd7d38085dc9d6fa1e102a8fe8f68a4f1ba128d57c39ef776af253799cf55b590431ee49c53fa85b0967dbd605ca535a127776c384839e15fd98f4990dfa0d157412e830f4e467d5b02d096f30061ba267735ce058b8b2000b964bc2e77159e92e79fa1cd3fd6612a1c6ff0c36a3ac41bf8a5c34a2459659687968d6c5c61f94e41a0039468dc39aee1744366caa6d233ce45c62302d1a01cfa46d68fc37417c88c60163039b58a791c6e439592888e7d61ad768211f52b6b36c201a5f65470bf572a05d8e374dd2e3d4b8b6e69a43349d0ada77e122cef89d660c7081775caceb8941a8d6d709c2d4837db56ce1b5a2732c36c1bdfef1dd99324ff0c7d8e4463a8d60044b54d6adbe20d693cb42dde3ac5e47d60cf102d9daabe7082339052c9f4a3c810069d9ad7c5066600eb7cddb42a9489388b92c15e0530a841e3b57dfcb2b00564357170871a66b5705ac4dfe3376b4b4621ee4dd33fcca0b7e4130fc0b97f0b7d3655609393050c31011ba22253e502d216c3b9be405bb627e6622c1813b3a5f61618340d8766a6c25428fd2e93ac63e69ebf3c7b7e74057f350d30bcd505a20d8b6803106dd0b85198c20b3c4d4f5d8b5db94839b0e407407e601570707d71601741438ee58480bcc311c3fcbec6960a2004af1a65498a6ac1532d77d2ee0b3e52e9a9d1ec4ad5b39ca316654f5d327e72f23d79fb7a7df26d5dbdbe7afb6dd5d44aee054d51b625f916a55cab7ab675d102da45ab904a15fe414c8941df61fc62a24f3dda1bb26e4d925d5efe58df5da96697e55f2876af68fbf6f6f216af80e2e512143991b93a6c39606a8f9629b27affe58f060b4b6c3668b9b5a4d593aa37280d0500f075a7b215a1d3944eba971cba6e95000449d78cdf1348eebc18f641b8f2f415a495c80d73fce482ab092596f367cee608f23dbe57a8bc835b9353dd641288248d12eda9a2a41a972c59ffeb6f4ca004c4c7e81ac8befe53d550dd1088751210fa3923887d87811053b5a2e4e593de32824105794bd56cd6b03ea75a03f2600984a33e2548c191a1a842f5e4b75f7fe313c314a83d5f611ed690f7fffdf77f80c93d40584629c35f7fd5c8943219a7208944f881444b2b73498a36dfc69afa8b8076bac614ecde77e43b4895ce6cd054c0b3bfa2152e7bf8dad26d6eef7afbe7f6697f1f7d809321055e0c94b07a0e799713b06ddba4202e66efd0c68e15b9e89b0b96d60ab053abf398e85adf1695ef30fc6a97894dd7556e134b772a55dc6df0180ba14165a590e927ebae414a29b7fe6ec28736fb8d1aa83c7c5a90749c7298d771b4f5f30847f759eaf9d94afcdcbed9f55c2a9194df0f531af9fb053b3605f7ae1cccfdbc1a4220760cbe274a6432228f40466ae898558e891bedbadab6565042c0bf4a11da76bf6fb832ac74e73f1162c2480373cce69a46ca5efcc379c1359a3fa9ca8f103fe107ecb818b3724f05df3574c30c47e0311d14fc70d6387975fcf6f0a4d10a4edd069057a27b22fff4e7d382dd6a228e443af7d70703e3d933325214a25a8215d82b44aa4589068e691c1ab0582eb1567eea808e04fad4084cfb6fc4881c74af7b987ff46f00dcb33124b9d866ae3bbf639e066b3b9917e69ca78bc051f3b3ca5c69d3d81980578ac06e7e77ee88fe727dd36b9a4dd0d1e1e1cb067cbda9b92d2e796e91ec8d7bfb5f64daa1ff15f0bfaa31a474</marked_file>
      <paragraph_indexes count="45">97 150 354 467 892 957 1157 1247 1350 1398 1407 1520 1690 1758 2056 2086 2118 2159 2191 2221 2253 2291 2323 2361 3074 3122 3131 3202 3211 3273 3282 3361 3381 3434 3443 3544 3553 3640 3660 3714 3723 3806 3815 3890 3910 3960 3969 4040 4051 4118 4123 4197 4301 4383 4401 4621 4630 4650 4980 5153 5261 5308 5406 5473 5496 5525 5534 5559 5573 5597 5611 5638 5666 5688 5702 5735 5749 5782 5796 5840 5920 5965 5979 6057 6308 6733 6909 7080 7089 7198 </paragraph_indexes>
      <support_files>
        <file type="todo">images/bluebottom.gif</file>
        <file type="todo">images/bluetop.gif</file>
        <file type="todo">images/bookmark_us.png</file>
        <file type="todo">images/bottomwhite.gif</file>
        <file type="todo">images/bottomwhite2.gif</file>
        <file type="todo">images/here.gif</file>
        <file type="todo">images/menutabA1.gif</file>
        <file type="todo">images/menutabB1.gif</file>
        <file type="todo">images/photobackup/1bckgrnd.gif</file>
        <file type="todo">images/photobackup/2bckgrnd.gif</file>
        <file type="todo">images/photobackup/3bckgrnd.gif</file>
        <file type="todo">images/small_web.gif</file>
        <file type="todo">images/topline1.gif</file>
        <file type="todo">images/topline2.gif</file>
        <file type="todo">images/topline2WB.gif</file>
        <file type="todo">images/toplineL.gif</file>
        <file type="todo">images/toplineLW.gif</file>
        <file type="todo">images/toplineR.gif</file>
        <file type="todo">images/topwhite2.gif</file>
        <file type="todo">styles.css</file>
      </support_files>
    </extractor><translation>
      <languages>
        <language reviewed="False">Spanish</language>
        <language reviewed="False">German</language>
      </languages><sentences count="45">
        <ta_sentence do_translation="yes" encoding="utf-8" format="1" id="1785" original_language="English" type="title">
          <space_before />
          <space_after />
          <text_data language="German">
            <text from_TM="False" rev_id="13" status="New" time="1222355938">Multi-lingual texts for child ID cards</text>
          </text_data><text_data language="Spanish">
            <text from_TM="False" rev_id="11" status="Complete" time="1222354203">Spanish : ual texts for child ID cards</text>
          </text_data><text_data language="English">
            <text from_TM="False" rev_id="11" status="Complete" time="1222354203">Multi-lingual texts for child ID cards</text>
          </text_data>
        </ta_sentence><ta_sentence do_translation="yes" encoding="utf-8" format="1" id="1786" meta_name="description" original_language="English" type="meta">
          <space_before />
          <space_after />
          <text_data language="German">
            <text from_TM="False" rev_id="13" status="New" time="1222355938">Short texts that can be used in child ID cards in different languages</text>
          </text_data><text_data language="Spanish">
            <text from_TM="False" rev_id="11" status="Complete" time="1222354203">Spanish : s that can be used in child ID cards in different languages</text>
          </text_data><text_data language="English">
            <text from_TM="False" rev_id="11" status="Complete" time="1222354203">Short texts that can be used in child ID cards in different languages</text>
          </text_data>
        </ta_sentence><ta_sentence do_translation="no" encoding="utf-8" format="1" id="1787" original_language="English">
          <space_before />
          <space_after />
          <text_data language="German">
            <text from_TM="False" rev_id="13" status="New" time="1222355938" />
            <marker end="0" id="0" start="0" />
          </text_data><text_data language="Spanish">
            <text from_TM="False" rev_id="-1" status="Complete" time="1222355861" />
            <marker end="0" id="0" start="0" />
          </text_data><text_data language="English">
            <text from_TM="False" status="Complete" time="1222355861" />
            <marker end="0" id="0" start="0" />
          </text_data><marker_def id="0" type="html">
            <html_marker tag="img">
              <attr name="src" val="images/bluetop.gif" />
              <attr name="alt" val="" />
              <attr name="width" val="760" />
              <attr name="height" val="5" />
            </html_marker>
          </marker_def>
        </ta_sentence><ta_sentence do_translation="yes" encoding="utf-8" format="1" id="1788" original_language="English">
          <space_before />
          <space_after />
          <text_data language="German">
            <text from_TM="False" rev_id="13" status="New" time="1222355938">OnTheGoSoft</text>
            <marker end="11" id="0" start="0" />
          </text_data><text_data language="Spanish">
            <text from_TM="False" rev_id="11" status="Complete" time="1222354203">Spanish : t</text>
            <marker end="11" id="0" start="0" />
          </text_data><text_data language="English">
            <text from_TM="False" rev_id="11" status="Complete" time="1222354203">OnTheGoSoft</text>
            <marker end="11" id="0" start="0" />
          </text_data><marker_def id="0" type="html">
            <html_marker tag="img">
              <attr name="border" val="0" />
              <attr name="src" val="images/small_web.gif" />
              <attr name="alt" val="OnTheGoSoft" />
              <attr name="width" val="160" />
              <attr name="height" val="62" />
            </html_marker>
          </marker_def>
        </ta_sentence><ta_sentence do_translation="yes" encoding="utf-8" format="1" id="1789" original_language="English">
          <space_before />
          <space_after />
          <text_data language="German">
            <text from_TM="False" rev_id="13" status="New" time="1222355938">Passport Photo</text>
            <marker end="14" id="0" start="0" />
          </text_data><text_data language="Spanish">
            <text from_TM="False" rev_id="11" status="Complete" time="1222354203">Spanish : hoto</text>
            <marker end="14" id="0" start="0" />
          </text_data><text_data language="English">
            <text from_TM="False" rev_id="11" status="Complete" time="1222354203">Passport Photo</text>
            <marker end="14" id="0" start="0" />
          </text_data><marker_def id="0" type="html">
            <html_marker tag="span">
              <attr name="class" val="TextTop" />
            </html_marker>
          </marker_def>
        </ta_sentence><ta_sentence do_translation="yes" encoding="utf-8" format="1" id="1790" original_language="English">
          <space_before> </space_before>
          <space_after />
          <text_data language="German">
            <text from_TM="False" rev_id="13" status="New" time="1222355938">Create and print passport photos in one minute!</text>
            <marker end="47" id="0" start="0" />
          </text_data><text_data language="Spanish">
            <text from_TM="False" rev_id="11" status="Complete" time="1222354203">Spanish :  print passport photos in one minute!</text>
            <marker end="47" id="0" start="0" />
          </text_data><text_data language="English">
            <text from_TM="False" rev_id="11" status="Complete" time="1222354203">Create and print passport photos in one minute!</text>
            <marker end="47" id="0" start="0" />
          </text_data><marker_def id="0" type="html">
            <html_marker tag="span">
              <attr name="class" val="tagline" />
            </html_marker>
          </marker_def>
        </ta_sentence><ta_sentence do_translation="no" encoding="utf-8" format="1" id="1791" original_language="English">
          <space_before />
          <space_after />
          <text_data language="German">
            <text from_TM="False" rev_id="13" status="New" time="1222355938" />
            <marker end="0" id="0" start="0" />
          </text_data><text_data language="Spanish">
            <text from_TM="False" rev_id="-1" status="Complete" time="1222355861" />
            <marker end="0" id="0" start="0" />
          </text_data><text_data language="English">
            <text from_TM="False" status="Complete" time="1222355861" />
            <marker end="0" id="0" start="0" />
          </text_data><marker_def id="0" type="html">
            <html_marker tag="img">
              <attr name="src" val="images/bluebottom.gif" />
              <attr name="alt" val="" />
              <attr name="width" val="760" />
              <attr name="height" val="5" />
            </html_marker>
          </marker_def>
        </ta_sentence><ta_sentence do_translation="yes" encoding="utf-8" format="1" id="1792" original_language="English">
          <space_before />
          <space_after />
          <text_data language="German">
            <text from_TM="False" rev_id="13" status="New" time="1222355938">Products</text>
            <marker end="8" id="0" start="0" />
          </text_data><text_data language="Spanish">
            <text from_TM="False" rev_id="11" status="Complete" time="1222354203">Spanish : </text>
            <marker end="8" id="0" start="0" />
          </text_data><text_data language="English">
            <text from_TM="False" rev_id="11" status="Complete" time="1222354203">Products</text>
            <marker end="8" id="0" start="0" />
          </text_data><marker_def id="0" type="html">
            <html_marker tag="a">
              <attr name="href" val="./" />
            </html_marker>
          </marker_def>
        </ta_sentence><ta_sentence do_translation="yes" encoding="utf-8" format="1" id="1793" original_language="English">
          <space_before />
          <space_after />
          <text_data language="German">
            <text from_TM="False" rev_id="13" status="New" time="1222355938">Downloads</text>
            <marker end="9" id="0" start="0" />
          </text_data><text_data language="Spanish">
            <text from_TM="False" rev_id="11" status="Complete" time="1222354203">Spanish : </text>
            <marker end="9" id="0" start="0" />
          </text_data><text_data language="English">
            <text from_TM="False" rev_id="11" status="Complete" time="1222354203">Downloads</text>
            <marker end="9" id="0" start="0" />
          </text_data><marker_def id="0" type="html">
            <html_marker tag="a">
              <attr name="href" val="download.htm" />
            </html_marker>
          </marker_def>
        </ta_sentence><ta_sentence do_translation="yes" encoding="utf-8" format="1" id="1794" original_language="English">
          <space_before />
          <space_after />
          <text_data language="German">
            <text from_TM="False" rev_id="13" status="New" time="1222355938">Buy</text>
            <marker end="3" id="0" start="0" />
          </text_data><text_data language="Spanish">
            <text from_TM="False" rev_id="11" status="Complete" time="1222354203">Spanish : </text>
            <marker end="3" id="0" start="0" />
          </text_data><text_data language="English">
            <text from_TM="False" rev_id="11" status="Complete" time="1222354203">Buy</text>
            <marker end="3" id="0" start="0" />
          </text_data><marker_def id="0" type="html">
            <html_marker tag="a">
              <attr name="href" val="buy.htm" />
            </html_marker>
          </marker_def>
        </ta_sentence><ta_sentence do_translation="yes" encoding="utf-8" format="1" id="1795" original_language="English">
          <space_before />
          <space_after />
          <text_data language="German">
            <text from_TM="False" rev_id="13" status="New" time="1222355938">Contact</text>
            <marker end="7" id="0" start="0" />
          </text_data><text_data language="Spanish">
            <text from_TM="False" rev_id="11" status="Complete" time="1222354203">Spanish : </text>
            <marker end="7" id="0" start="0" />
          </text_data><text_data language="English">
            <text from_TM="False" rev_id="11" status="Complete" time="1222354203">Contact</text>
            <marker end="7" id="0" start="0" />
          </text_data><marker_def id="0" type="html">
            <html_marker tag="a">
              <attr name="href" val="contact.htm" />
            </html_marker>
          </marker_def>
        </ta_sentence><ta_sentence do_translation="yes" encoding="utf-8" format="1" id="1796" original_language="English">
          <space_before />
          <space_after />
          <text_data language="German">
            <text from_TM="False" rev_id="13" status="New" time="1222355938">Support</text>
            <marker end="7" id="0" start="0" />
          </text_data><text_data language="Spanish">
            <text from_TM="False" rev_id="11" status="Complete" time="1222354203">Spanish : </text>
            <marker end="7" id="0" start="0" />
          </text_data><text_data language="English">
            <text from_TM="False" rev_id="11" status="Complete" time="1222354203">Support</text>
            <marker end="7" id="0" start="0" />
          </text_data><marker_def id="0" type="html">
            <html_marker tag="a">
              <attr name="href" val="support.htm" />
            </html_marker>
          </marker_def>
        </ta_sentence><ta_sentence do_translation="yes" encoding="utf-8" format="1" id="1797" original_language="English">
          <space_before />
          <space_after />
          <text_data language="German">
            <text from_TM="False" rev_id="13" status="New" time="1222355938">Product info</text>
            <marker end="12" id="0" start="0" />
          </text_data><text_data language="Spanish">
            <text from_TM="False" rev_id="11" status="Complete" time="1222354203">Spanish : fo</text>
            <marker end="12" id="0" start="0" />
          </text_data><text_data language="English">
            <text from_TM="False" rev_id="11" status="Complete" time="1222354203">Product info</text>
            <marker end="12" id="0" start="0" />
          </text_data><marker_def id="0" type="html">
            <html_marker tag="span">
              <attr name="class" val="Text-Bold" />
            </html_marker>
          </marker_def>
        </ta_sentence><ta_sentence do_translation="yes" encoding="utf-8" format="1" id="1798" original_language="English">
          <space_before> </space_before>
          <space_after />
          <text_data language="German">
            <text from_TM="False" rev_id="13" status="New" time="1222355938">Passport Photo</text>
            <marker end="14" id="0" start="0" />
          </text_data><text_data language="Spanish">
            <text from_TM="False" rev_id="11" status="Complete" time="1222354203">Spanish : hoto</text>
            <marker end="14" id="0" start="0" />
          </text_data><text_data language="English">
            <text from_TM="False" rev_id="11" status="Complete" time="1222354203">Passport Photo</text>
            <marker end="14" id="0" start="0" />
          </text_data><marker_def id="0" type="html">
            <html_marker tag="a">
              <attr name="href" val="passport_photo.htm" />
              <attr name="class" val="Text-Nav" />
            </html_marker>
          </marker_def>
        </ta_sentence><ta_sentence do_translation="yes" encoding="utf-8" format="1" id="1799" original_language="English">
          <space_before> </space_before>
          <space_after />
          <text_data language="German">
            <text from_TM="False" rev_id="13" status="New" time="1222355938">Download</text>
            <marker end="8" id="0" start="0" />
          </text_data><text_data language="Spanish">
            <text from_TM="False" rev_id="11" status="Complete" time="1222354203">Spanish : </text>
            <marker end="8" id="0" start="0" />
          </text_data><text_data language="English">
            <text from_TM="False" rev_id="11" status="Complete" time="1222354203">Download</text>
            <marker end="8" id="0" start="0" />
          </text_data><marker_def id="0" type="html">
            <html_marker tag="a">
              <attr name="href" val="pp_download.htm" />
              <attr name="class" val="Text-Nav" />
            </html_marker>
          </marker_def>
        </ta_sentence><ta_sentence do_translation="yes" encoding="utf-8" format="1" id="1800" original_language="English">
          <space_before> </space_before>
          <space_after />
          <text_data language="German">
            <text from_TM="False" rev_id="13" status="New" time="1222355938">News and Announcements</text>
            <marker end="22" id="0" start="0" />
          </text_data><text_data language="Spanish">
            <text from_TM="False" rev_id="11" status="Complete" time="1222354203">Spanish : nnouncements</text>
            <marker end="22" id="0" start="0" />
          </text_data><text_data language="English">
            <text from_TM="False" rev_id="11" status="Complete" time="1222354203">News and Announcements</text>
            <marker end="22" id="0" start="0" />
          </text_data><marker_def id="0" type="html">
            <html_marker tag="a">
              <attr name="href" val="/blog/?sectionid=4" />
              <attr name="class" val="Text-Nav" />
            </html_marker>
          </marker_def>
        </ta_sentence><ta_sentence do_translation="yes" encoding="utf-8" format="1" id="1801" original_language="English">
          <space_before />
          <space_after />
          <text_data language="German">
            <text from_TM="False" rev_id="13" status="New" time="1222355938">Photo information</text>
            <marker end="17" id="0" start="0" />
          </text_data><text_data language="Spanish">
            <text from_TM="False" rev_id="11" status="Complete" time="1222354203">Spanish : rmation</text>
            <marker end="17" id="0" start="0" />
          </text_data><text_data language="English">
            <text from_TM="False" rev_id="11" status="Complete" time="1222354203">Photo information</text>
            <marker end="17" id="0" start="0" />
          </text_data><marker_def id="0" type="html">
            <html_marker tag="span">
              <attr name="class" val="Text-Bold" />
            </html_marker>
          </marker_def>
        </ta_sentence><ta_sentence do_translation="yes" encoding="utf-8" format="1" id="1802" original_language="English">
          <space_before> </space_before>
          <space_after />
          <text_data language="German">
            <text from_TM="False" rev_id="13" status="New" time="1222355938">Passport Photo Specifications</text>
            <marker end="29" id="0" start="0" />
          </text_data><text_data language="Spanish">
            <text from_TM="False" rev_id="11" status="Complete" time="1222354203">Spanish : hoto Specifications</text>
            <marker end="29" id="0" start="0" />
          </text_data><text_data language="English">
            <text from_TM="False" rev_id="11" status="Complete" time="1222354203">Passport Photo Specifications</text>
            <marker end="29" id="0" start="0" />
          </text_data><marker_def id="0" type="html">
            <html_marker tag="a">
              <attr name="href" val="passport_photo_specifications.htm" />
              <attr name="class" val="Text-Nav" />
            </html_marker>
          </marker_def>
        </ta_sentence><ta_sentence do_translation="yes" encoding="utf-8" format="1" id="1803" original_language="English">
          <space_before> </space_before>
          <space_after />
          <text_data language="German">
            <text from_TM="False" rev_id="13" status="New" time="1222355938">Common Picture Problems</text>
            <marker end="23" id="0" start="0" />
          </text_data><text_data language="Spanish">
            <text from_TM="False" rev_id="11" status="Complete" time="1222354203">Spanish : ture Problems</text>
            <marker end="23" id="0" start="0" />
          </text_data><text_data language="English">
            <text from_TM="False" rev_id="11" status="Complete" time="1222354203">Common Picture Problems</text>
            <marker end="23" id="0" start="0" />
          </text_data><marker_def id="0" type="html">
            <html_marker tag="a">
              <attr name="href" val="common_photo_problems.htm" />
              <attr name="class" val="Text-Nav" />
            </html_marker>
          </marker_def>
        </ta_sentence><ta_sentence do_translation="yes" encoding="utf-8" format="1" id="1804" original_language="English">
          <space_before />
          <space_after />
          <text_data language="German">
            <text from_TM="False" rev_id="13" status="New" time="1222355938">Getting a passport</text>
            <marker end="18" id="0" start="0" />
          </text_data><text_data language="Spanish">
            <text from_TM="False" rev_id="11" status="Complete" time="1222354203">Spanish : passport</text>
            <marker end="18" id="0" start="0" />
          </text_data><text_data language="English">
            <text from_TM="False" rev_id="11" status="Complete" time="1222354203">Getting a passport</text>
            <marker end="18" id="0" start="0" />
          </text_data><marker_def id="0" type="html">
            <html_marker tag="span">
              <attr name="class" val="Text-Bold" />
            </html_marker>
          </marker_def>
        </ta_sentence><ta_sentence do_translation="yes" encoding="utf-8" format="1" id="1805" original_language="English">
          <space_before> </space_before>
          <space_after />
          <text_data language="German">
            <text from_TM="False" rev_id="13" status="New" time="1222355938">Passport Application</text>
            <marker end="20" id="0" start="0" />
          </text_data><text_data language="Spanish">
            <text from_TM="False" rev_id="11" status="Complete" time="1222354203">Spanish : pplication</text>
            <marker end="20" id="0" start="0" />
          </text_data><text_data language="English">
            <text from_TM="False" rev_id="11" status="Complete" time="1222354203">Passport Application</text>
            <marker end="20" id="0" start="0" />
          </text_data><marker_def id="0" type="html">
            <html_marker tag="a">
              <attr name="href" val="passport_application.htm" />
              <attr name="class" val="Text-Nav" />
            </html_marker>
          </marker_def>
        </ta_sentence><ta_sentence do_translation="yes" encoding="utf-8" format="1" id="1806" original_language="English">
          <space_before> </space_before>
          <space_after />
          <text_data language="German">
            <text from_TM="False" rev_id="13" status="New" time="1222355938">Passport Renewal</text>
            <marker end="16" id="0" start="0" />
          </text_data><text_data language="Spanish">
            <text from_TM="False" rev_id="11" status="Complete" time="1222354203">Spanish : enewal</text>
            <marker end="16" id="0" start="0" />
          </text_data><text_data language="English">
            <text from_TM="False" rev_id="11" status="Complete" time="1222354203">Passport Renewal</text>
            <marker end="16" id="0" start="0" />
          </text_data><marker_def id="0" type="html">
            <html_marker tag="a">
              <attr name="href" val="passport_renewal.htm" />
              <attr name="class" val="Text-Nav" />
            </html_marker>
          </marker_def>
        </ta_sentence><ta_sentence do_translation="yes" encoding="utf-8" format="1" id="1807" original_language="English">
          <space_before />
          <space_after />
          <text_data language="German">
            <text from_TM="False" rev_id="13" status="New" time="1222355938">Other features</text>
            <marker end="14" id="0" start="0" />
          </text_data><text_data language="Spanish">
            <text from_TM="False" rev_id="11" status="Complete" time="1222354203">Spanish : ures</text>
            <marker end="14" id="0" start="0" />
          </text_data><text_data language="English">
            <text from_TM="False" rev_id="11" status="Complete" time="1222354203">Other features</text>
            <marker end="14" id="0" start="0" />
          </text_data><marker_def id="0" type="html">
            <html_marker tag="span">
              <attr name="class" val="Text-Bold" />
            </html_marker>
          </marker_def>
        </ta_sentence><ta_sentence do_translation="yes" encoding="utf-8" format="1" id="1808" original_language="English">
          <space_before> </space_before>
          <space_after />
          <text_data language="German">
            <text from_TM="False" rev_id="13" status="New" time="1222355938">Child ID Cards</text>
            <marker end="14" id="0" start="0" />
          </text_data><text_data language="Spanish">
            <text from_TM="False" rev_id="11" status="Complete" time="1222354203">Spanish : ards</text>
            <marker end="14" id="0" start="0" />
          </text_data><text_data language="English">
            <text from_TM="False" rev_id="11" status="Complete" time="1222354203">Child ID Cards</text>
            <marker end="14" id="0" start="0" />
          </text_data><marker_def id="0" type="html">
            <html_marker tag="a">
              <attr name="href" val="child_id_cards.htm" />
              <attr name="class" val="Text-Nav" />
            </html_marker>
          </marker_def>
        </ta_sentence><ta_sentence do_translation="yes" encoding="utf-8" format="1" id="1809" original_language="English">
          <space_before />
          <space_after />
          <text_data language="German">
            <text from_TM="False" rev_id="13" status="New" time="1222355938">You are here</text>
            <marker end="12" id="0" start="0" />
          </text_data><text_data language="Spanish">
            <text from_TM="False" rev_id="11" status="Complete" time="1222354203">Spanish : re</text>
            <marker end="12" id="0" start="0" />
          </text_data><text_data language="English">
            <text from_TM="False" rev_id="11" status="Complete" time="1222354203">You are here</text>
            <marker end="12" id="0" start="0" />
          </text_data><marker_def id="0" type="html">
            <html_marker tag="img">
              <attr name="src" val="images/here.gif" />
              <attr name="alt" val="You are here" />
              <attr name="class" val="hereimg" />
            </html_marker>
          </marker_def>
        </ta_sentence><ta_sentence do_translation="yes" encoding="utf-8" format="1" id="1810" original_language="English">
          <space_before />
          <space_after />
          <text_data language="German">
            <text from_TM="False" rev_id="13" status="New" time="1222355938">Translated texts for child ID cards</text>
            <marker end="35" id="0" start="0" />
          </text_data><text_data language="Spanish">
            <text from_TM="False" rev_id="11" status="Complete" time="1222354203">Spanish :  texts for child ID cards</text>
            <marker end="35" id="0" start="0" />
          </text_data><text_data language="English">
            <text from_TM="False" rev_id="11" status="Complete" time="1222354203">Translated texts for child ID cards</text>
            <marker end="35" id="0" start="0" />
          </text_data><marker_def id="0" type="html">
            <html_marker tag="span">
              <attr name="class" val="leftselected" />
            </html_marker>
          </marker_def>
        </ta_sentence><ta_sentence do_translation="yes" encoding="utf-8" format="1" id="1811" original_language="English">
          <space_before />
          <space_after />
          <text_data language="German">
            <text from_TM="False" rev_id="13" status="New" time="1222355938">Bookmark this page</text>
            <marker end="18" id="0" start="0" />
          </text_data><text_data language="Spanish">
            <text from_TM="False" rev_id="11" status="Complete" time="1222354203">Spanish : his page</text>
            <marker end="18" id="0" start="0" />
          </text_data><text_data language="English">
            <text from_TM="False" rev_id="11" status="Complete" time="1222354203">Bookmark this page</text>
            <marker end="18" id="0" start="0" />
          </text_data><marker_def id="0" type="html">
            <html_marker tag="img">
              <attr name="src" val="images/bookmark_us.png" />
              <attr name="alt" val="Bookmark this page" />
              <attr name="class" val="delicious" />
            </html_marker>
          </marker_def>
        </ta_sentence><ta_sentence do_translation="yes" encoding="utf-8" format="1" id="1812" original_language="English">
          <space_before />
          <space_after />
          <text_data language="German">
            <text from_TM="False" rev_id="13" status="New" time="1222355938">Bookmark on</text>
            <marker end="-1" id="0" start="0" />
            <marker end="-1" id="0" start="0" />
          </text_data><text_data language="Spanish">
            <text from_TM="False" rev_id="11" status="Complete" time="1222354203">Spanish : n</text>
            <marker end="-1" id="0" start="0" />
            <marker end="-1" id="0" start="0" />
          </text_data><text_data language="English">
            <text from_TM="False" rev_id="11" status="Complete" time="1222354203">Bookmark on</text>
            <marker end="-1" id="0" start="0" />
            <marker end="-1" id="0" start="0" />
          </text_data><marker_def id="0" type="html">
            <html_marker tag="a">
              <attr name="rel" val="nofollow" />
              <attr name="href" val="http://del.icio.us/post?url=http%3A%2F%2Fwww.onthegosoft.com%2Ftranslated-texts-for-id-cards.htm&amp;title=Multi-lingual+texts+for+child+ID+cards" />
              <attr name="target" val="_blank" />
              <attr name="class" val="Text-Nav" />
            </html_marker>
          </marker_def>
        </ta_sentence><ta_sentence do_translation="yes" encoding="utf-8" format="1" id="1813" original_language="English">
          <space_before />
          <space_after />
          <text_data language="German">
            <text from_TM="False" rev_id="13" status="New" time="1222355938">del.icio.us</text>
            <marker end="11" id="-1" start="-1" />
          </text_data><text_data language="Spanish">
            <text from_TM="False" rev_id="11" status="Complete" time="1222354203">Spanish : s</text>
            <marker end="11" id="-1" start="-1" />
          </text_data><text_data language="English">
            <text from_TM="False" rev_id="11" status="Complete" time="1222354203">del.icio.us</text>
            <marker end="11" id="-1" start="-1" />
          </text_data><marker_def id="-1" type="html">
            <html_marker tag="a" />
          </marker_def>
        </ta_sentence><ta_sentence do_translation="yes" encoding="utf-8" format="1" id="1814" original_language="English">
          <space_before />
          <space_after />
          <text_data language="German">
            <text from_TM="False" rev_id="13" status="New" time="1222355938">Home&#160;&gt;&#160;Passport Photo&#160;&gt;&#160;Translated texts for child ID cards</text>
            <marker end="59" id="0" start="0" />
            <marker end="4" id="1" start="0" />
            <marker end="21" id="2" start="7" />
          </text_data><text_data language="Spanish">
            <text from_TM="False" rev_id="11" status="Complete" time="1222354203">Spanish : sport Photo&#160;&gt;&#160;Translated texts for child ID cards</text>
            <marker end="59" id="0" start="0" />
            <marker end="4" id="1" start="0" />
            <marker end="21" id="2" start="7" />
          </text_data><text_data language="English">
            <text from_TM="False" rev_id="11" status="Complete" time="1222354203">Home&#160;&gt;&#160;Passport Photo&#160;&gt;&#160;Translated texts for child ID cards</text>
            <marker end="59" id="0" start="0" />
            <marker end="4" id="1" start="0" />
            <marker end="21" id="2" start="7" />
          </text_data><marker_def id="0" type="html">
            <html_marker tag="span">
              <attr name="class" val="Text-TopNav" />
            </html_marker>
          </marker_def><marker_def id="1" type="html">
            <html_marker tag="a">
              <attr name="href" val="./" />
            </html_marker>
          </marker_def><marker_def id="2" type="html">
            <html_marker tag="a">
              <attr name="href" val="passport_photo.htm" />
            </html_marker>
          </marker_def>
        </ta_sentence><ta_sentence do_translation="yes" encoding="utf-8" format="1" id="1815" original_language="English">
          <space_before />
          <space_after />
          <text_data language="German">
            <text from_TM="False" rev_id="13" status="New" time="1222355938">Translated texts for use in child ID cards</text>
          </text_data><text_data language="Spanish">
            <text from_TM="False" rev_id="11" status="Complete" time="1222354203">Spanish :  texts for use in child ID cards</text>
          </text_data><text_data language="English">
            <text from_TM="False" rev_id="11" status="Complete" time="1222354203">Translated texts for use in child ID cards</text>
          </text_data>
        </ta_sentence><ta_sentence do_translation="yes" encoding="utf-8" format="1" id="1816" original_language="English">
          <space_before />
          <space_after />
          <text_data language="German">
            <text from_TM="False" rev_id="13" status="New" time="1222355938">EnglishGermanSpanishFrench</text>
            <marker end="7" id="0" start="0" />
            <marker end="13" id="1" start="7" />
            <marker end="20" id="2" start="13" />
            <marker end="26" id="3" start="20" />
          </text_data><text_data language="Spanish">
            <text from_TM="False" rev_id="11" status="Complete" time="1222354203">Spanish : manSpanishFrench</text>
            <marker end="7" id="0" start="0" />
            <marker end="13" id="1" start="7" />
            <marker end="20" id="2" start="13" />
            <marker end="26" id="3" start="20" />
          </text_data><text_data language="English">
            <text from_TM="False" rev_id="11" status="Complete" time="1222354203">EnglishGermanSpanishFrench</text>
            <marker end="7" id="0" start="0" />
            <marker end="13" id="1" start="7" />
            <marker end="20" id="2" start="13" />
            <marker end="26" id="3" start="20" />
          </text_data><marker_def id="0" type="html">
            <html_marker tag="th" />
          </marker_def><marker_def id="1" type="html">
            <html_marker tag="th" />
          </marker_def><marker_def id="2" type="html">
            <html_marker tag="th" />
          </marker_def><marker_def id="3" type="html">
            <html_marker tag="th" />
          </marker_def>
        </ta_sentence><ta_sentence do_translation="yes" encoding="utf-8" format="1" id="1817" original_language="English">
          <space_before />
          <space_after />
          <text_data language="German">
            <text from_TM="False" rev_id="13" status="New" time="1222355938">Only speaks English</text>
            <marker end="19" id="-1" start="-1" />
          </text_data><text_data language="Spanish">
            <text from_TM="False" rev_id="11" status="Complete" time="1222354203">Spanish : s English</text>
            <marker end="19" id="-1" start="-1" />
          </text_data><text_data language="English">
            <text from_TM="False" rev_id="11" status="Complete" time="1222354203">Only speaks English</text>
            <marker end="19" id="-1" start="-1" />
          </text_data><marker_def id="-1" type="html">
            <html_marker tag="th" />
          </marker_def>
        </ta_sentence><ta_sentence do_translation="yes" encoding="utf-8" format="1" id="1818" original_language="English">
          <space_before />
          <space_after />
          <text_data language="German">
            <text from_TM="False" rev_id="13" status="New" time="1222355938">Nur spricht Englisch</text>
          </text_data><text_data language="Spanish">
            <text from_TM="False" rev_id="11" status="Complete" time="1222354203">Spanish : t Englisch</text>
          </text_data><text_data language="English">
            <text from_TM="False" rev_id="11" status="Complete" time="1222354203">Nur spricht Englisch</text>
          </text_data>
        </ta_sentence><ta_sentence do_translation="yes" encoding="utf-8" format="1" id="1819" original_language="English">
          <space_before />
          <space_after />
          <text_data language="German">
            <text from_TM="False" rev_id="13" status="New" time="1222355938">S&#243;lo habla Ingl&#233;s</text>
          </text_data><text_data language="Spanish">
            <text from_TM="False" rev_id="11" status="Complete" time="1222354203">Spanish :  Ingl&#233;s</text>
          </text_data><text_data language="English">
            <text from_TM="False" rev_id="11" status="Complete" time="1222354203">S&#243;lo habla Ingl&#233;s</text>
          </text_data>
        </ta_sentence><ta_sentence do_translation="yes" encoding="utf-8" format="1" id="1820" original_language="English">
          <space_before />
          <space_after />
          <text_data language="German">
            <text from_TM="False" rev_id="13" status="New" time="1222355938">Ne parle que l'anglais</text>
          </text_data><text_data language="Spanish">
            <text from_TM="False" rev_id="11" status="Complete" time="1222354203">Spanish : ue l'anglais</text>
          </text_data><text_data language="English">
            <text from_TM="False" rev_id="11" status="Complete" time="1222354203">Ne parle que l'anglais</text>
          </text_data>
        </ta_sentence><ta_sentence do_translation="yes" encoding="utf-8" format="1" id="1821" original_language="English">
          <space_before />
          <space_after />
          <text_data language="German">
            <text from_TM="False" rev_id="13" status="New" time="1222355938">Please contact...</text>
          </text_data><text_data language="Spanish">
            <text from_TM="False" rev_id="11" status="Complete" time="1222354203">Spanish : tact...</text>
          </text_data><text_data language="English">
            <text from_TM="False" rev_id="11" status="Complete" time="1222354203">Please contact...</text>
          </text_data>
        </ta_sentence><ta_sentence do_translation="yes" encoding="utf-8" format="1" id="1822" original_language="English">
          <space_before />
          <space_after />
          <text_data language="German">
            <text from_TM="False" rev_id="13" status="New" time="1222355938">Bitte wenden Sie sich an ...</text>
          </text_data><text_data language="Spanish">
            <text from_TM="False" rev_id="11" status="Complete" time="1222354203">Spanish : en Sie sich an ...</text>
          </text_data><text_data language="English">
            <text from_TM="False" rev_id="11" status="Complete" time="1222354203">Bitte wenden Sie sich an ...</text>
          </text_data>
        </ta_sentence><ta_sentence do_translation="yes" encoding="utf-8" format="1" id="1823" original_language="English">
          <space_before />
          <space_after />
          <text_data language="German">
            <text from_TM="False" rev_id="13" status="New" time="1222355938">P&#243;ngase en contacto con ...</text>
          </text_data><text_data language="Spanish">
            <text from_TM="False" rev_id="11" status="Complete" time="1222354203">Spanish :  contacto con ...</text>
          </text_data><text_data language="English">
            <text from_TM="False" rev_id="11" status="Complete" time="1222354203">P&#243;ngase en contacto con ...</text>
          </text_data>
        </ta_sentence><ta_sentence do_translation="yes" encoding="utf-8" format="1" id="1824" original_language="English">
          <space_before />
          <space_after />
          <text_data language="German">
            <text from_TM="False" rev_id="13" status="New" time="1222355938">S&#8217;il vous pla&#238;t communiquer avec ...</text>
          </text_data><text_data language="Spanish">
            <text from_TM="False" rev_id="11" status="Complete" time="1222354203">Spanish : pla&#238;t communiquer avec ...</text>
          </text_data><text_data language="English">
            <text from_TM="False" rev_id="11" status="Complete" time="1222354203">S&#8217;il vous pla&#238;t communiquer avec ...</text>
          </text_data>
        </ta_sentence><ta_sentence do_translation="yes" encoding="utf-8" format="1" id="1825" original_language="English">
          <space_before />
          <space_after />
          <text_data language="German">
            <text from_TM="False" rev_id="13" status="New" time="1222355938">We're adding more texts to this section.</text>
          </text_data><text_data language="Spanish">
            <text from_TM="False" rev_id="11" status="Complete" time="1222354203">Spanish : ng more texts to this section.</text>
          </text_data><text_data language="English">
            <text from_TM="False" rev_id="11" status="Complete" time="1222354203">We're adding more texts to this section.</text>
          </text_data>
        </ta_sentence><ta_sentence do_translation="yes" encoding="utf-8" format="1" id="1826" original_language="English">
          <space_before> </space_before>
          <space_after />
          <text_data language="German">
            <text from_TM="False" rev_id="13" status="New" time="1222355938">Have something you need right now? Contact us.</text>
            <marker end="45" id="0" start="35" />
          </text_data><text_data language="Spanish">
            <text from_TM="False" rev_id="11" status="Complete" time="1222354203">Spanish : hing you need right now? Contact us.</text>
            <marker end="45" id="0" start="35" />
          </text_data><text_data language="English">
            <text from_TM="False" rev_id="11" status="Complete" time="1222354203">Have something you need right now? Contact us.</text>
            <marker end="45" id="0" start="35" />
          </text_data><marker_def id="0" type="html">
            <html_marker tag="a">
              <attr name="href" val="contact.htm" />
            </html_marker>
          </marker_def>
        </ta_sentence><ta_sentence do_translation="yes" encoding="utf-8" format="1" id="1827" original_language="English">
          <space_before />
          <space_after />
          <text_data language="German">
            <text from_TM="False" rev_id="13" status="New" time="1222355938">Products&#160;&#160; - &#160;&#160;Passport Photo&#160;&#160; - &#160;&#160;Photo Backup&#160;&#160; - &#160;&#160;Shrink Pic&#160;&#160; - &#160;&#160;Resources&#160;&#160; - &#160;&#160;Partners&#160;&#160; - &#160;&#160;Blog</text>
            <marker end="8" id="0" start="0" />
            <marker end="29" id="1" start="15" />
            <marker end="48" id="2" start="36" />
            <marker end="65" id="3" start="55" />
            <marker end="81" id="4" start="72" />
            <marker end="96" id="5" start="88" />
            <marker end="107" id="6" start="103" />
          </text_data><text_data language="Spanish">
            <text from_TM="False" rev_id="11" status="Complete" time="1222354203">Spanish :  - &#160;&#160;Passport Photo&#160;&#160; - &#160;&#160;Photo Backup&#160;&#160; - &#160;&#160;Shrink Pic&#160;&#160; - &#160;&#160;Resources&#160;&#160; - &#160;&#160;Partners&#160;&#160; - &#160;&#160;Blog</text>
            <marker end="8" id="0" start="0" />
            <marker end="29" id="1" start="15" />
            <marker end="48" id="2" start="36" />
            <marker end="65" id="3" start="55" />
            <marker end="81" id="4" start="72" />
            <marker end="96" id="5" start="88" />
            <marker end="107" id="6" start="103" />
          </text_data><text_data language="English">
            <text from_TM="False" rev_id="11" status="Complete" time="1222354203">Products&#160;&#160; - &#160;&#160;Passport Photo&#160;&#160; - &#160;&#160;Photo Backup&#160;&#160; - &#160;&#160;Shrink Pic&#160;&#160; - &#160;&#160;Resources&#160;&#160; - &#160;&#160;Partners&#160;&#160; - &#160;&#160;Blog</text>
            <marker end="8" id="0" start="0" />
            <marker end="29" id="1" start="15" />
            <marker end="48" id="2" start="36" />
            <marker end="65" id="3" start="55" />
            <marker end="81" id="4" start="72" />
            <marker end="96" id="5" start="88" />
            <marker end="107" id="6" start="103" />
          </text_data><marker_def id="0" type="html">
            <html_marker tag="a">
              <attr name="href" val="./" />
            </html_marker>
          </marker_def><marker_def id="1" type="html">
            <html_marker tag="a">
              <attr name="href" val="passport_photo.htm" />
            </html_marker>
          </marker_def><marker_def id="2" type="html">
            <html_marker tag="a">
              <attr name="href" val="photo_backup.htm" />
            </html_marker>
          </marker_def><marker_def id="3" type="html">
            <html_marker tag="a">
              <attr name="href" val="shrink_pic.htm" />
            </html_marker>
          </marker_def><marker_def id="4" type="html">
            <html_marker tag="a">
              <attr name="href" val="links_nav.htm" />
            </html_marker>
          </marker_def><marker_def id="5" type="html">
            <html_marker tag="a">
              <attr name="href" val="partners.htm" />
            </html_marker>
          </marker_def><marker_def id="6" type="html">
            <html_marker tag="a">
              <attr name="href" val="blog/" />
            </html_marker>
          </marker_def>
        </ta_sentence><ta_sentence do_translation="yes" encoding="utf-8" format="1" id="1828" original_language="English">
          <space_before />
          <space_after />
          <text_data language="German">
            <text from_TM="False" rev_id="13" status="New" time="1222355938">This website has been translated using ICanLocalize - Affordable Website Translation</text>
            <marker end="-1" id="0" start="0" />
            <marker end="84" id="1" start="39" />
            <marker end="-1" id="0" start="0" />
          </text_data><text_data language="Spanish">
            <text from_TM="False" rev_id="11" status="Complete" time="1222354203">Spanish : te has been translated using ICanLocalize - Affordable Website Translation</text>
            <marker end="-1" id="0" start="0" />
            <marker end="84" id="1" start="39" />
            <marker end="-1" id="0" start="0" />
          </text_data><text_data language="English">
            <text from_TM="False" rev_id="11" status="Complete" time="1222354203">This website has been translated using ICanLocalize - Affordable Website Translation</text>
            <marker end="-1" id="0" start="0" />
            <marker end="84" id="1" start="39" />
            <marker end="-1" id="0" start="0" />
          </text_data><marker_def id="0" type="html">
            <html_marker tag="span">
              <attr name="class" val="copyright" />
            </html_marker>
          </marker_def><marker_def id="1" type="html">
            <html_marker tag="a">
              <attr name="target" val="_blank" />
              <attr name="href" val="http://www.icanlocalize.com" />
            </html_marker>
          </marker_def>
        </ta_sentence><ta_sentence do_translation="yes" encoding="utf-8" format="1" id="1829" original_language="English">
          <space_before />
          <space_after />
          <text_data language="German">
            <text from_TM="False" rev_id="13" status="New" time="1222355938">&#169; OnTheGoSystems,INC. 2003-2008</text>
            <marker end="21" id="0" start="2" />
            <marker end="31" id="-1" start="-1" />
          </text_data><text_data language="Spanish">
            <text from_TM="False" rev_id="11" status="Complete" time="1222354203">Spanish : ystems,INC. 2003-2008</text>
            <marker end="21" id="0" start="2" />
            <marker end="31" id="-1" start="-1" />
          </text_data><text_data language="English">
            <text from_TM="False" rev_id="11" status="Complete" time="1222354203">&#169; OnTheGoSystems,INC. 2003-2008</text>
            <marker end="21" id="0" start="2" />
            <marker end="31" id="-1" start="-1" />
          </text_data><marker_def id="0" type="html">
            <html_marker tag="a">
              <attr name="href" val="http://www.onthegosystems.com/" />
              <attr name="target" val="_blank" />
            </html_marker>
          </marker_def><marker_def id="-1" type="html">
            <html_marker tag="span" />
          </marker_def>
        </ta_sentence>
      </sentences><html_output_change_data_3 />
    </translation>
  </ta_buffer><ta_buffer encoding="utf-8" format="1" manual="False" original_language="English" source_file="/versions.htm" type="html">
    <extractor>
      <marked_file MD5="50efe38f21598b3eb0c77c92e54363c8" encoding="zlib-hex">789cd55c6b73db36d6fe9c9de97fc02ad336796b89966f49135b3b8a2faddf499c4ced36bb9f3c2009495893044b8056b41ff6b7ef3907e04da26e71dca6994c4252e001702ecfb900e0f1dfcfde9fdefcebc339fbf9e6dd5bf6e1d7376f2f4f59a7eb791ff74f3defece6ccfe70d0dbedb39b8c275a1aa9121e79def95567f0cddf8e27268ee07fc68e2782877405d7469a480cfefb14ffdc0c6f6f2e6fde9e3ffd305146b1373cb8cb53762f320d94349b486d5436c396ff3df6ec8b8e4a2c0c671363d2aef83d97f7279d5395189198eecd2c151d16d8bb938e119f8c870379cd8209cfb43027d82b5edfc2cd6dccb33b913ded14742399dcb1492646271d6d6691d0bd40eb0ecb44543c9808613acc40378e3a3680d769a29e9b29ddf82a9c95b3e67e24d854866672d27971b4db61beca42919d74e09247729c9c740218b1c860f0228a521e863219d3cf78af531eb87b471288febddb6546a5cce749223296facc176399b06ed70da1fdcfb1c9066cf9cfd820641321c71360e0213213bb4fe8da1fc39d82613fddebbf381c9e75ac248f653c663a0b4e3a32e663a13d3fca050cad3796239c1f107a9fdc4cc44fea5a8d807d7546543d0d0a49878315a3f760f82b27d732c875d31db0e350decf09021e7af074b0664096c031776ad3f3ea3ca949b9ce1e1df328ba9d0a7f0d83fa75061ded951ce21b0e6aa3462d33b71340a9b320e25a9f746e40d56f54da19d44df5d8c3266e507e665f5bd51ff559276bf8184c4e00d94c8d84d68420ec4c8ea581ff1bb0002dc6198fd94865eca34c4235d58dfeb790d54335ec73cd6785b1f8ca1815ff71f6d2021e22092d743c297f4cf8bd1c73c4f53ab42007ea93dc9b03897ba74d764e9d560d6b22e2c1cb0721e2314d1187e4d42a16490e1d681189c088b0607cdd46419dc23c301a8da9cec7452af36f83e62591e2610ffc4a6770e6ee3e83909fcf2c8d37f96cfbb7d1c7f1c0580aa7f6667b2a3a4f5395392ad7f666810aaa10fc83121bd4eccca9569bb6d474c99acb136b17756368aa407f77f7db860ecc09795e09907649bca0ee4045a5082a9118998f9dc2dadbdb80867c7cb3a64da2a0d557d42643ababb5716278e2acdd49c9fe58fcd69442c1f24e4139959f44d4a7c715e1665b849ec2b06120f550e082fea0bf7c80448f3ac51c1c38a1f8d600d09af140c374892bebbe515158820093c9482d7166a5a5a4e88c6e7d7246642e0d7a57fc7ede37f215b4fcdb068a2c922a6065251905a1f2bd14d32534debb9f57d2f0452246d2e825342e04377926f4eae9106b30265e46c6218b08d985ca626e9af4bef95bbb639c884cd45ce2bf54ce7826183e2efbc01b78cf39c34569a31a557ee0b722b7f8d9e616db08fd36124b6637f4556e9ad1cadbf30d38e6e84e44947a10d1884f483f6a93648286cfdef124e7d14ac2104ca8b1f70f0df38579caf0e4b085dc95986ac601a28749a2f22410e01c164472eca51b5810e45b3280502dd742af63a69b2ecd7d99a20cb36022ef4533045cad7d2a1bf344fe47ac266ca5f3deb5cd56db841d28cf43a9969073621e6213767ab67a8431bf13b7a5805ba85de26fecfc13282580e126081284b77e9e25d07a09c9d333f6c636f82cb9feaac5288f0818d15e4197d649378c39a6d43881dbc42c19d579021e02a778f66ec8dea950b40faec58f6c10032e069e95ff3a78b934fa56ea0ecb00b7b9eea5c9d861cd1bf7949989d42c8596e56c4211c940aa5cd70370ca2b0aae004fa86290a8918a2235ed381661c1e295e701811e52e8e5da4b9536ffc8b3e8047ffb767ff8edde05fc9d4ea73d88e82662ac342400bd40c5f0b4288c206fbfe371fa9a4a2227a4d93f589df9a168f3832b9e7498e1d958c08c6efd8827776daa5c4c55254de1d6c6d90c099b01613af82ef175fa1a65b71017ce7bf12a306c0b573e3b3c39fcf1c5f2f0a47ff1e2e2c787c59b0bd189c9b88cd6842765b0db6f8e6d99e5417e4d0269e4293fab988cc4f2f8bbb179edb8bd342e590843e65f5de9041702fbf98956129c0fbf1b733c9ef4ed3cdb6a7b73a53d68eac800a1b4c1136dc04ff1ac48e12e641481490aac02c4c073302e10a899309d8fc1980d4d0b2b04053946ad1320852629b8164c8d1aaeba4783a062e4f51bba7afa947d14df43477742a46c0651479e86dcc09b099b4e44d2240e14472e48a2e844c669440e5584cb48432b1e69c5c6f21eb1904ff98c5dfc727e0e1a934a2053d19f1b2be31aa631057ed85926625a750eb29a70c3a68205a058e5307a8ec9e962c6b05a80cb0451597b29339206a790034290602cbbbe4c3c27935e0a28140b335121682be05da7f01dc52c8f47524421380fa2f8e4381263d0b2c1a2855483385531052dcc6b885ee77e2ca98ce494fad873c42ce515146b5e085bdad799bd592856d846c83557e57de2385130b4985905512f7631435ac25446c5e593ce14f0a8eb50e815db4dcd6b06d00cc8d20599341f5827679f95d6916963bb87fe131e8b45d92f0eacdfdfb7237be818ca9e57b1b96cc498f3c7490ac173cc3f452219d3782064d510a3c1d55e876671d219e17ff5b2bb9357d96321ed9533dddf7b7411bce5db48a0f4107b9dbf9234a2bf8a34ce63705e1bd9c0cb83af8aebfb25d7f7fa05d7054ee673b85ec2fd570051d715586f661947a5651cfcf8f2cf91d131321b5c3ba75141b0b9df61999ac2d57e219bc0ba238a4e5de3c15f4a2e2e26dc4c26fb155a1df6bf2abba9d0eaa8108d0b391f0c5725303fa2142e9320ca4351ce1302ce32ffdc04c60a48fd33a561b92eed4c28f1c9e1fefd1564541311dc090802dd452112baf5d5a77a0d6f4e362b27efa2565b17ffaa10ddf28282d272d34071e718736d6fb79e7a1d3ce0ba0a438b9cdadeb878b6580b6c04daee11c4eed5eda46a3fa7eab62e54070bcd22352e87b73681ab158d8a013942af80b72653c978b0d7dbef1dc0c4eddd7cada978ed0c92b1ea9dfe917726026f6f77f768f1cddae45be8081d6432456ff46a595f452f57b5546bed00ff8f0dc35084ccadae51ae360c952fd8d9d54f6c2423a1b77ff5c3f559fd556239be514aae88d33a5f4e16bbdbcac2bb52f722f64586f238fc7ae481cd5dc194859904a7409c2db80c7936e6d267bf9db169260db062ad7c684d014bd5548081b41c2b1a62f96b97719a016f9a928db038c7b82d7a6f21d87575921661f67b2de25829ccbd43ef5aa4a614678b61fe59e2fca8b23b4d951f5c79e1ecf4cc43d9052a4968a567f99b37933cf613ac69691002955f82007c035e81186d9d272343abe56fab05caef85878b75ccc858e89a60c73c8a4486259d679cd6883ef5779f2fa778213f2139dc1c04ca3a663261b46ac0c622111995df7668dd86930a7e4f68f0caf3bcef196e3c138db29762b8996d7378b6c53a5b224b147081aa49583dcbc45882446cf94f83b78e45ada309d7b8b72e192fab7761c52c4fc719271e8f321583c0d24cdc630dbda808ee504f690e968003a8c8672210a043206b640a0ee6f75c664bfaba1c35c9142f073c8129e1eb910a40c2e14ead87f61d15ee86d9da37717d4a4541e01d7003cb82bd45e66e05c2cb2d756b1778e00df371aecd5766a6162a4d6972951e23e2da05180c724fcfd6d138ffe7e5457d350a444bfab420822f2d8afd2d45f1e26b96444c0bc84d8306100b44086408b7d468444bcd90d04200bbd20f5ab43a3d63087d68da0859548c8f788afb8136a0e17c2915abb17f2c6d93ade17a06ddd4561e000e47395820304900a658bf5b51c3ad0e227ba04d6e1618f57b7b4be553c862ce4277bdffcfa3599b566c0cce9ba8c70da68bc52a0b5c72f048c05183eb01e0ad504cb916dc979134b3de722a02021c93a720cfffa0148052a2a60c9c83042f036c07222427bbc0b994d0109739acb782dc49d1d819454b31b84e1bce5a9780b83dc1ae283a637c048ac3fcb6159acac41f5dcafd6da5fc070a19858b26d71dc94f85c45b9de2b5805fc1ea13957481b4a1fd1af022c44f02ad1ecdb8f5c59a18b12f009a3c323bccae8992f4498c7863b75e38e71ef979ac6da0e22cbba2648d568492422fa756711e4cd8886b1079eb401ecdcfee6e2bdf7d1070221e5dc0457f3f91bf8ccaae5a38b1b22f0baff7323308fb563004f314def22cc3b0adb648d862c04421cd646210ea2b07bee60deba831202fc0e81986c91462cbd108140f08d2286c4bfd7c0dc17ad614bacd4101c4e71967bf0c3f1654d610a1888305994a53dc39b366d211078f83f542178583dbb18ee8991d840ec0d3f9a21ed6d466b1d2d317022eb391f53ebc4a5c7c2c3ed7ccc75a8eb5b7582940d26cc7ad8a3bd387b1c26c66353b945ae7021793b58aee0bfbdf78d897c447eb70d70edc2944cd73cbdaeb5bf60c3ae817db9ad6f48b1152a17c106de26bc0a548fa19cf66963fbe30c8b9ba6e6905d90de692b6bd7eac207fb777b82df8bcf40e9ac853bcb2252a9c6688bfaf703be10cb3bc045269b0cba29f771292a7887d80dce9ae429e6a7804f2c31c03c848f22f817e1b497e1e0b97718ff24d90bb1c81a323731da17dedb86003b768d0a92fc2a84684d142ecda9e49c1b200f731a30493a33a4f88698bddb6777ab6f4f58bb24b571e0a91d181ca203145758b3067071b0593a0cc7566874755051b0155b4e647faa5f1e5d4e6f00c12f57422035d5a4ab74ae0ec5c10731ce4e1388bc2465d456abe7c1594597a152d324a9e18899aa55162c6869b296dd48608518e27ec77706610bdd6d18c32c9a5fd91a2c70abb2a26e7fc45391f5d6e50b62b1708af587045502544d58f0991f5c64efc30690dee0d5882479d70e30f4fd3a85069fbf4f1b0697f4b6cda3d9ac7a62f8449bcb975123746ea84a764cbb82dd2eb0c169ed5362b3e262cb56f9cad60aa6db76c050c983b63c24c5536ac86d18e3180a63b4aa5ed762f48cbf14ee05a513dea7a04896f9beaecee3d50e28fef09ea315f5583a203139bbce2cc91302953060bc3880601b7596c517c594a8bbc830bd32c481e1605e2b654e701e9ec52a96e29d3bdbeb7ff95cbb4f052124f068e78401945318ae25ca85df35d23643c100751819e00ec07b9d115d457f4b0089ca9685d5a0141696eb0a242957e8a3d663b60bc16afc50e83a969f1fc718cb7df3bd852ccfd236fef4f127315beb3cfeddcb21ccf36405000713d8aedfd875348d48249a222359e95f17cd57f170b56995bb4c3e5f195c6b741ff06e239bb5408fe3a04114f21ac98a0a9e3691e3c3ad1dc854c7b1c6c91d44e3fe519b877ac8e6224892b58e57256c8017f0838cc4387c973a3b0601e94fdea54c0f3107a0e6c2eab459d51764ab61158d6eea609ed354c30cce968c767c993d3c21250a872d78a2240aeab58d6634ce02fc2292bf64153acfd0cee709f56eccba45c68c0daa20fa6dd66812bc7f6a5ea3057f57302668a39b04d85a98c27dd42e2633b84fed661ddde81d7ff2261dd3051c92cc6f53e8254e9835e667a4b628bb0b3b5202bfc69a8f593552cb9522e20a07215c88bea40a0b3ddd2a8e061cc43c14289895d34b33972454b65120c1a926aa7a4b582a70bf59e6fab526eadd81486e10a3a144e0a3c4856a453d528a8b4510c196bed53c87e0ae4b2d55df2ac0ccf1ce16f3053ae274075cbb1fd461eb0a8e14387e5124048a704ee6de2583fe8108a1187fedb7a1a6c817a65f635b76cbeb9b47fb219228f5cd1afccc6e86b37aeac498c0dc0bbdfd1c1802ab89c4f4969caf55342b931b8716a5b33e208866e44087c3048192e6c0e4030b705bf9ad005585ca8598a8934b817cdf10e409154716bb51b960e65a1f34adca85f9f599b9aa75f903378cab2b12af4b93d58d5b096aab21945e745a73c02db2d4e0bd7bd22ca3b51e0675cd988a209d05999d0578fbe94dafe317ee691c2d06d9744f70ebd3ec5a1f34bec5b7b975f8618fef1f88ff3273668c1cd2411057cdb06169798bed80005d731008c011729403565f44a98b933af85bf26328080b351b386b407d8b8ebfdf3032e5a1804a947aa5b6fbf248a2144bf29e56db5ba2ea7edad5d6235b13cfc8771bb2ddeba5cf1c797de3b5ad043f6f59681cafcd1b96f1e7e7eb5fdd31cf5efe8b8b7ed7664dc9551ff5449edbb3ed58e5fbac3539b23a50829e7bf07d6fa299edab1e5f6efe3b803a4f42f443df5dbea182a8c1515d29ec2770751dd337b86718152f155a26514373dd8ba725c7a92c9e4ee369581fbc60dddb30f32d894026ea3d3b7e0c42d815f84567916882d3893195a49723cb1779bbe4ddf73e80cdec07f8db3f2c7d626ec51f65a7574acd438125d0eb832038f668ba4b81f4e26bd7febc697ebfecdefb9a5826a65af4aba4bdadde63c080c3b619d5f87ddc3a3831f770fbbfdce6bdbc10da0d89dc89e3d7f5d9273eead562b0d543a739fb0a17d0c53e16bcc39711fa18f1ecbe0c704230a11735ae6045ecc1f625f280a83ef4e088e01e070ca9dc1e5294fdeba27c0dce1086031a470eda3ebf1c67544a745e7bfb5f01d8ef3756b01ba38993f0328895d157a7e8483e2fb5db6d1cee5d5698f3612221276e19f972d1f2fab596e79ca1acddb6dee3ff6dc2715ff07ad0ee8de</marked_file>
      <paragraph_indexes count="194">94 138 552 628 828 918 1021 1067 1076 1195 1365 1444 1742 1772 1804 1845 1877 1907 1939 1977 2009 2047 2760 2808 2817 2884 2893 2955 2964 3023 3032 3091 3100 3171 3182 3249 3254 3309 3318 3397 3406 3486 3495 3574 3594 3642 3651 3729 3738 3811 3820 3891 3900 3974 3983 4046 4066 4120 4129 4203 4307 4389 4407 4597 4606 4626 4956 5106 5188 5221 5265 5354 5368 5445 5459 5578 5725 5873 6063 6086 6243 6305 6450 6472 6641 6703 6848 6858 7015 7077 7250 7266 7658 7670 7839 7902 8048 8081 8237 8309 8314 8334 8505 8560 8565 8585 8727 8744 8790 8836 8845 8894 8917 8944 8953 8997 9006 9056 9065 9115 9186 9232 9241 9294 9317 9344 9353 9397 9406 9472 9481 9527 9536 9588 9657 9693 9702 9757 9780 9807 9816 9860 9869 9918 9927 9992 10001 10074 10083 10183 10225 10293 10307 10401 10415 10532 10595 10631 10640 10692 10715 10742 10751 10795 10804 10863 10872 10919 10990 11026 11035 11086 11109 11136 11145 11189 11198 11272 11281 11340 11349 11448 11515 11552 11561 11620 11662 11679 11688 11749 11758 11822 11831 11916 12001 12038 12047 12105 12147 12164 12173 12214 12228 12271 12285 12408 12422 12428 12491 12518 12527 12586 12628 12645 12654 12694 12736 12783 12792 12833 12842 12914 12923 12983 12992 13028 13037 13112 13135 13177 13186 13295 13318 13362 13371 13417 13440 13482 13491 13577 13640 13667 13676 13740 13782 13864 13906 13923 13946 13985 13994 14062 14071 14125 14134 14232 14255 14297 14306 14404 14413 14516 14525 14610 14633 14677 14686 14757 14820 14847 14856 14912 14954 15039 15081 15098 15121 15174 15183 15255 15318 15345 15354 15410 15452 15469 15492 15531 15540 15582 15591 15658 15667 15715 15788 15813 15822 15878 15920 15937 15960 15999 16008 16067 16076 16142 16151 16212 16275 16300 16309 16365 16407 16424 16447 16490 16532 16608 16660 16775 16827 16905 16928 16954 16996 17110 17152 17182 17224 17268 17341 17366 17375 17431 17473 17508 17550 17567 17609 17632 17650 17777 17819 17933 17975 18039 18097 18126 18144 18270 18312 18408 18450 18504 18546 18602 18644 18734 18792 18822 18864 18907 18970 18995 19004 19061 19103 19124 19166 19183 19225 19247 19289 19393 19456 19481 19490 19548 19590 19608 19650 19711 19950 20375 20551 20722 20731 20840 </paragraph_indexes>
      <support_files>
        <file type="todo">images/bluebottom.gif</file>
        <file type="todo">images/bluetop.gif</file>
        <file type="todo">images/bookmark_us.png</file>
        <file type="todo">images/bottomwhite.gif</file>
        <file type="todo">images/bottomwhite2.gif</file>
        <file type="todo">images/here.gif</file>
        <file type="todo">images/menutabA1.gif</file>
        <file type="todo">images/menutabB1.gif</file>
        <file type="todo">images/photobackup/1bckgrnd.gif</file>
        <file type="todo">images/photobackup/2bckgrnd.gif</file>
        <file type="todo">images/photobackup/3bckgrnd.gif</file>
        <file type="todo">images/small_web.gif</file>
        <file type="todo">images/topline1.gif</file>
        <file type="todo">images/topline2.gif</file>
        <file type="todo">images/topline2WB.gif</file>
        <file type="todo">images/toplineL.gif</file>
        <file type="todo">images/toplineLW.gif</file>
        <file type="todo">images/toplineR.gif</file>
        <file type="todo">images/topwhite2.gif</file>
        <file type="todo">styles.css</file>
      </support_files>
    </extractor><translation>
      <languages>
        <language reviewed="False">Spanish</language>
        <language reviewed="False">German</language>
      </languages><sentences count="194">
        <ta_sentence do_translation="yes" encoding="utf-8" format="1" id="62" original_language="English" type="title">
          <space_before />
          <space_after />
          <text_data language="German">
            <text from_TM="False" rev_id="13" status="New" time="1222355938">Photo Backup versions history</text>
          </text_data><text_data language="Spanish">
            <text from_TM="False" rev_id="11" status="Complete" time="1222354203">Spanish : up versions history</text>
          </text_data><text_data language="English">
            <text from_TM="False" rev_id="11" status="Complete" time="1222354203">Photo Backup versions history</text>
          </text_data>
        </ta_sentence><ta_sentence do_translation="yes" encoding="utf-8" format="1" id="63" original_language="English">
          <space_before />
          <space_after />
          <text_data language="German">
            <text from_TM="False" rev_id="13" status="New" time="1222355938">OnTheGoSoft</text>
            <marker end="11" id="0" start="0" />
          </text_data><text_data language="Spanish">
            <text from_TM="False" rev_id="11" status="Complete" time="1222354203">Spanish : t</text>
            <marker end="11" id="0" start="0" />
          </text_data><text_data language="English">
            <text from_TM="False" rev_id="11" status="Complete" time="1222354203">OnTheGoSoft</text>
            <marker end="11" id="0" start="0" />
          </text_data><marker_def id="0" type="html">
            <html_marker tag="img">
              <attr name="src" val="images/bluetop.gif" />
              <attr name="alt" val="OnTheGoSoft" />
              <attr name="width" val="760" />
              <attr name="height" val="5" />
            </html_marker>
          </marker_def>
        </ta_sentence><ta_sentence do_translation="yes" encoding="utf-8" format="1" id="64" original_language="English">
          <space_before />
          <space_after />
          <text_data language="German">
            <text from_TM="False" rev_id="13" status="New" time="1222355938">OnTheGoSoft</text>
            <marker end="11" id="0" start="0" />
          </text_data><text_data language="Spanish">
            <text from_TM="False" rev_id="11" status="Complete" time="1222354203">Spanish : t</text>
            <marker end="11" id="0" start="0" />
          </text_data><text_data language="English">
            <text from_TM="False" rev_id="11" status="Complete" time="1222354203">OnTheGoSoft</text>
            <marker end="11" id="0" start="0" />
          </text_data><marker_def id="0" type="html">
            <html_marker tag="img">
              <attr name="border" val="0" />
              <attr name="src" val="images/small_web.gif" />
              <attr name="alt" val="OnTheGoSoft" />
              <attr name="width" val="160" />
              <attr name="height" val="62" />
            </html_marker>
          </marker_def>
        </ta_sentence><ta_sentence do_translation="yes" encoding="utf-8" format="1" id="65" original_language="English">
          <space_before />
          <space_after />
          <text_data language="German">
            <text from_TM="False" rev_id="13" status="New" time="1222355938">Photo Backup</text>
            <marker end="12" id="0" start="0" />
          </text_data><text_data language="Spanish">
            <text from_TM="False" rev_id="11" status="Complete" time="1222354203">Spanish : up</text>
            <marker end="12" id="0" start="0" />
          </text_data><text_data language="English">
            <text from_TM="False" rev_id="11" status="Complete" time="1222354203">Photo Backup</text>
            <marker end="12" id="0" start="0" />
          </text_data><marker_def id="0" type="html">
            <html_marker tag="span">
              <attr name="class" val="TextTop" />
            </html_marker>
          </marker_def>
        </ta_sentence><ta_sentence do_translation="yes" encoding="utf-8" format="1" id="66" original_language="English">
          <space_before> </space_before>
          <space_after />
          <text_data language="German">
            <text from_TM="False" rev_id="13" status="New" time="1222355938">Professional Digital Photo Backup Program for Windows</text>
            <marker end="53" id="0" start="0" />
          </text_data><text_data language="Spanish">
            <text from_TM="False" rev_id="11" status="Complete" time="1222354203">Spanish : al Digital Photo Backup Program for Windows</text>
            <marker end="53" id="0" start="0" />
          </text_data><text_data language="English">
            <text from_TM="False" rev_id="11" status="Complete" time="1222354203">Professional Digital Photo Backup Program for Windows</text>
            <marker end="53" id="0" start="0" />
          </text_data><marker_def id="0" type="html">
            <html_marker tag="span">
              <attr name="class" val="tagline" />
            </html_marker>
          </marker_def>
        </ta_sentence><ta_sentence do_translation="yes" encoding="utf-8" format="1" id="67" original_language="English">
          <space_before />
          <space_after />
          <text_data language="German">
            <text from_TM="False" rev_id="13" status="New" time="1222355938">OnTheGoSoft</text>
            <marker end="11" id="0" start="0" />
          </text_data><text_data language="Spanish">
            <text from_TM="False" rev_id="11" status="Complete" time="1222354203">Spanish : t</text>
            <marker end="11" id="0" start="0" />
          </text_data><text_data language="English">
            <text from_TM="False" rev_id="11" status="Complete" time="1222354203">OnTheGoSoft</text>
            <marker end="11" id="0" start="0" />
          </text_data><marker_def id="0" type="html">
            <html_marker tag="img">
              <attr name="src" val="images/bluebottom.gif" />
              <attr name="alt" val="OnTheGoSoft" />
              <attr name="width" val="760" />
              <attr name="height" val="5" />
            </html_marker>
          </marker_def>
        </ta_sentence><ta_sentence do_translation="yes" encoding="utf-8" format="1" id="68" original_language="English">
          <space_before />
          <space_after />
          <text_data language="German">
            <text from_TM="False" rev_id="13" status="New" time="1222355938">Products</text>
            <marker end="8" id="0" start="0" />
          </text_data><text_data language="Spanish">
            <text from_TM="False" rev_id="11" status="Complete" time="1222354203">Spanish : </text>
            <marker end="8" id="0" start="0" />
          </text_data><text_data language="English">
            <text from_TM="False" rev_id="11" status="Complete" time="1222354203">Products</text>
            <marker end="8" id="0" start="0" />
          </text_data><marker_def id="0" type="html">
            <html_marker tag="a">
              <attr name="href" val="./" />
            </html_marker>
          </marker_def>
        </ta_sentence><ta_sentence do_translation="yes" encoding="utf-8" format="1" id="69" original_language="English">
          <space_before />
          <space_after />
          <text_data language="German">
            <text from_TM="False" rev_id="13" status="New" time="1222355938">Downloads</text>
            <marker end="9" id="0" start="0" />
          </text_data><text_data language="Spanish">
            <text from_TM="False" rev_id="11" status="Complete" time="1222354203">Spanish : </text>
            <marker end="9" id="0" start="0" />
          </text_data><text_data language="English">
            <text from_TM="False" rev_id="11" status="Complete" time="1222354203">Downloads</text>
            <marker end="9" id="0" start="0" />
          </text_data><marker_def id="0" type="html">
            <html_marker tag="a">
              <attr name="href" val="download.htm" />
            </html_marker>
          </marker_def>
        </ta_sentence><ta_sentence do_translation="yes" encoding="utf-8" format="1" id="70" original_language="English">
          <space_before />
          <space_after />
          <text_data language="German">
            <text from_TM="False" rev_id="13" status="New" time="1222355938">Buy</text>
            <marker end="3" id="0" start="0" />
          </text_data><text_data language="Spanish">
            <text from_TM="False" rev_id="11" status="Complete" time="1222354203">Spanish : </text>
            <marker end="3" id="0" start="0" />
          </text_data><text_data language="English">
            <text from_TM="False" rev_id="11" status="Complete" time="1222354203">Buy</text>
            <marker end="3" id="0" start="0" />
          </text_data><marker_def id="0" type="html">
            <html_marker tag="a">
              <attr name="href" val="buy.htm" />
            </html_marker>
          </marker_def>
        </ta_sentence><ta_sentence do_translation="yes" encoding="utf-8" format="1" id="71" original_language="English">
          <space_before />
          <space_after />
          <text_data language="German">
            <text from_TM="False" rev_id="13" status="New" time="1222355938">Contact</text>
            <marker end="7" id="0" start="0" />
          </text_data><text_data language="Spanish">
            <text from_TM="False" rev_id="11" status="Complete" time="1222354203">Spanish : </text>
            <marker end="7" id="0" start="0" />
          </text_data><text_data language="English">
            <text from_TM="False" rev_id="11" status="Complete" time="1222354203">Contact</text>
            <marker end="7" id="0" start="0" />
          </text_data><marker_def id="0" type="html">
            <html_marker tag="a">
              <attr name="href" val="contact.htm" />
            </html_marker>
          </marker_def>
        </ta_sentence><ta_sentence do_translation="yes" encoding="utf-8" format="1" id="72" original_language="English">
          <space_before />
          <space_after />
          <text_data language="German">
            <text from_TM="False" rev_id="13" status="New" time="1222355938">Support</text>
            <marker end="7" id="0" start="0" />
          </text_data><text_data language="Spanish">
            <text from_TM="False" rev_id="11" status="Complete" time="1222354203">Spanish : </text>
            <marker end="7" id="0" start="0" />
          </text_data><text_data language="English">
            <text from_TM="False" rev_id="11" status="Complete" time="1222354203">Support</text>
            <marker end="7" id="0" start="0" />
          </text_data><marker_def id="0" type="html">
            <html_marker tag="a">
              <attr name="href" val="support.htm" />
            </html_marker>
          </marker_def>
        </ta_sentence><ta_sentence do_translation="yes" encoding="utf-8" format="1" id="73" original_language="English">
          <space_before />
          <space_after />
          <text_data language="German">
            <text from_TM="False" rev_id="13" status="New" time="1222355938">Product info</text>
            <marker end="12" id="0" start="0" />
          </text_data><text_data language="Spanish">
            <text from_TM="False" rev_id="11" status="Complete" time="1222354203">Spanish : fo</text>
            <marker end="12" id="0" start="0" />
          </text_data><text_data language="English">
            <text from_TM="False" rev_id="11" status="Complete" time="1222354203">Product info</text>
            <marker end="12" id="0" start="0" />
          </text_data><marker_def id="0" type="html">
            <html_marker tag="span">
              <attr name="class" val="Text-Bold" />
            </html_marker>
          </marker_def>
        </ta_sentence><ta_sentence do_translation="yes" encoding="utf-8" format="1" id="74" original_language="English">
          <space_before> </space_before>
          <space_after />
          <text_data language="German">
            <text from_TM="False" rev_id="13" status="New" time="1222355938">Photo Backup</text>
            <marker end="12" id="0" start="0" />
          </text_data><text_data language="Spanish">
            <text from_TM="False" rev_id="11" status="Complete" time="1222354203">Spanish : up</text>
            <marker end="12" id="0" start="0" />
          </text_data><text_data language="English">
            <text from_TM="False" rev_id="11" status="Complete" time="1222354203">Photo Backup</text>
            <marker end="12" id="0" start="0" />
          </text_data><marker_def id="0" type="html">
            <html_marker tag="a">
              <attr name="href" val="photo_backup.htm" />
              <attr name="class" val="Text-Nav" />
            </html_marker>
          </marker_def>
        </ta_sentence><ta_sentence do_translation="yes" encoding="utf-8" format="1" id="75" original_language="English">
          <space_before> </space_before>
          <space_after />
          <text_data language="German">
            <text from_TM="False" rev_id="13" status="New" time="1222355938">Download</text>
            <marker end="8" id="0" start="0" />
          </text_data><text_data language="Spanish">
            <text from_TM="False" rev_id="11" status="Complete" time="1222354203">Spanish : </text>
            <marker end="8" id="0" start="0" />
          </text_data><text_data language="English">
            <text from_TM="False" rev_id="11" status="Complete" time="1222354203">Download</text>
            <marker end="8" id="0" start="0" />
          </text_data><marker_def id="0" type="html">
            <html_marker tag="a">
              <attr name="href" val="pb_download.htm" />
              <attr name="class" val="Text-Nav" />
            </html_marker>
          </marker_def>
        </ta_sentence><ta_sentence do_translation="yes" encoding="utf-8" format="1" id="76" original_language="English">
          <space_before> </space_before>
          <space_after />
          <text_data language="German">
            <text from_TM="False" rev_id="13" status="New" time="1222355938">Overview</text>
            <marker end="8" id="0" start="0" />
          </text_data><text_data language="Spanish">
            <text from_TM="False" rev_id="11" status="Complete" time="1222354203">Spanish : </text>
            <marker end="8" id="0" start="0" />
          </text_data><text_data language="English">
            <text from_TM="False" rev_id="11" status="Complete" time="1222354203">Overview</text>
            <marker end="8" id="0" start="0" />
          </text_data><marker_def id="0" type="html">
            <html_marker tag="a">
              <attr name="href" val="overview.htm" />
              <attr name="class" val="Text-Nav" />
            </html_marker>
          </marker_def>
        </ta_sentence><ta_sentence do_translation="yes" encoding="utf-8" format="1" id="77" original_language="English">
          <space_before> </space_before>
          <space_after />
          <text_data language="German">
            <text from_TM="False" rev_id="13" status="New" time="1222355938">Features</text>
            <marker end="8" id="0" start="0" />
          </text_data><text_data language="Spanish">
            <text from_TM="False" rev_id="11" status="Complete" time="1222354203">Spanish : </text>
            <marker end="8" id="0" start="0" />
          </text_data><text_data language="English">
            <text from_TM="False" rev_id="11" status="Complete" time="1222354203">Features</text>
            <marker end="8" id="0" start="0" />
          </text_data><marker_def id="0" type="html">
            <html_marker tag="a">
              <attr name="href" val="benefits.htm" />
              <attr name="class" val="Text-Nav" />
            </html_marker>
          </marker_def>
        </ta_sentence><ta_sentence do_translation="yes" encoding="utf-8" format="1" id="78" original_language="English">
          <space_before> </space_before>
          <space_after />
          <text_data language="German">
            <text from_TM="False" rev_id="13" status="New" time="1222355938">Supported Formats</text>
            <marker end="17" id="0" start="0" />
          </text_data><text_data language="Spanish">
            <text from_TM="False" rev_id="11" status="Complete" time="1222354203">Spanish : Formats</text>
            <marker end="17" id="0" start="0" />
          </text_data><text_data language="English">
            <text from_TM="False" rev_id="11" status="Complete" time="1222354203">Supported Formats</text>
            <marker end="17" id="0" start="0" />
          </text_data><marker_def id="0" type="html">
            <html_marker tag="a">
              <attr name="href" val="photo_types.htm" />
              <attr name="class" val="Text-Nav" />
            </html_marker>
          </marker_def>
        </ta_sentence><ta_sentence do_translation="yes" encoding="utf-8" format="1" id="79" original_language="English">
          <space_before />
          <space_after />
          <text_data language="German">
            <text from_TM="False" rev_id="13" status="New" time="1222355938">You are here</text>
            <marker end="12" id="0" start="0" />
          </text_data><text_data language="Spanish">
            <text from_TM="False" rev_id="11" status="Complete" time="1222354203">Spanish : re</text>
            <marker end="12" id="0" start="0" />
          </text_data><text_data language="English">
            <text from_TM="False" rev_id="11" status="Complete" time="1222354203">You are here</text>
            <marker end="12" id="0" start="0" />
          </text_data><marker_def id="0" type="html">
            <html_marker tag="img">
              <attr name="src" val="images/here.gif" />
              <attr name="alt" val="You are here" />
              <attr name="class" val="hereimg" />
            </html_marker>
          </marker_def>
        </ta_sentence><ta_sentence do_translation="yes" encoding="utf-8" format="1" id="80" original_language="English">
          <space_before />
          <space_after />
          <text_data language="German">
            <text from_TM="False" rev_id="13" status="New" time="1222355938">Versions History</text>
            <marker end="16" id="0" start="0" />
          </text_data><text_data language="Spanish">
            <text from_TM="False" rev_id="11" status="Complete" time="1222354203">Spanish : istory</text>
            <marker end="16" id="0" start="0" />
          </text_data><text_data language="English">
            <text from_TM="False" rev_id="11" status="Complete" time="1222354203">Versions History</text>
            <marker end="16" id="0" start="0" />
          </text_data><marker_def id="0" type="html">
            <html_marker tag="span">
              <attr name="class" val="leftselected" />
            </html_marker>
          </marker_def>
        </ta_sentence><ta_sentence do_translation="yes" encoding="utf-8" format="1" id="81" original_language="English">
          <space_before> </space_before>
          <space_after />
          <text_data language="German">
            <text from_TM="False" rev_id="13" status="New" time="1222355938">About Photo Backup LE</text>
            <marker end="21" id="0" start="0" />
          </text_data><text_data language="Spanish">
            <text from_TM="False" rev_id="11" status="Complete" time="1222354203">Spanish : o Backup LE</text>
            <marker end="21" id="0" start="0" />
          </text_data><text_data language="English">
            <text from_TM="False" rev_id="11" status="Complete" time="1222354203">About Photo Backup LE</text>
            <marker end="21" id="0" start="0" />
          </text_data><marker_def id="0" type="html">
            <html_marker tag="a">
              <attr name="href" val="photo_backup_le.htm" />
              <attr name="class" val="Text-Nav" />
            </html_marker>
          </marker_def>
        </ta_sentence><ta_sentence do_translation="yes" encoding="utf-8" format="1" id="82" original_language="English">
          <space_before> </space_before>
          <space_after />
          <text_data language="German">
            <text from_TM="False" rev_id="13" status="New" time="1222355938">Online Manual</text>
            <marker end="13" id="0" start="0" />
          </text_data><text_data language="Spanish">
            <text from_TM="False" rev_id="11" status="Complete" time="1222354203">Spanish : ual</text>
            <marker end="13" id="0" start="0" />
          </text_data><text_data language="English">
            <text from_TM="False" rev_id="11" status="Complete" time="1222354203">Online Manual</text>
            <marker end="13" id="0" start="0" />
          </text_data><marker_def id="0" type="html">
            <html_marker tag="a">
              <attr name="href" val="photo_backup_help/index.html" />
              <attr name="class" val="Text-Nav" />
            </html_marker>
          </marker_def>
        </ta_sentence><ta_sentence do_translation="yes" encoding="utf-8" format="1" id="83" original_language="English">
          <space_before> </space_before>
          <space_after />
          <text_data language="German">
            <text from_TM="False" rev_id="13" status="New" time="1222355938">News and Announcements</text>
            <marker end="22" id="0" start="0" />
          </text_data><text_data language="Spanish">
            <text from_TM="False" rev_id="11" status="Complete" time="1222354203">Spanish : nnouncements</text>
            <marker end="22" id="0" start="0" />
          </text_data><text_data language="English">
            <text from_TM="False" rev_id="11" status="Complete" time="1222354203">News and Announcements</text>
            <marker end="22" id="0" start="0" />
          </text_data><marker_def id="0" type="html">
            <html_marker tag="a">
              <attr name="href" val="/blog/?sectionid=5" />
              <attr name="class" val="Text-Nav" />
            </html_marker>
          </marker_def>
        </ta_sentence><ta_sentence do_translation="yes" encoding="utf-8" format="1" id="84" original_language="English">
          <space_before />
          <space_after />
          <text_data language="German">
            <text from_TM="False" rev_id="13" status="New" time="1222355938">Typical uses</text>
            <marker end="12" id="0" start="0" />
          </text_data><text_data language="Spanish">
            <text from_TM="False" rev_id="11" status="Complete" time="1222354203">Spanish : es</text>
            <marker end="12" id="0" start="0" />
          </text_data><text_data language="English">
            <text from_TM="False" rev_id="11" status="Complete" time="1222354203">Typical uses</text>
            <marker end="12" id="0" start="0" />
          </text_data><marker_def id="0" type="html">
            <html_marker tag="span">
              <attr name="class" val="Text-Bold" />
            </html_marker>
          </marker_def>
        </ta_sentence><ta_sentence do_translation="yes" encoding="utf-8" format="1" id="85" original_language="English">
          <space_before> </space_before>
          <space_after />
          <text_data language="German">
            <text from_TM="False" rev_id="13" status="New" time="1222355938">Archive Digital Photos</text>
            <marker end="22" id="0" start="0" />
          </text_data><text_data language="Spanish">
            <text from_TM="False" rev_id="11" status="Complete" time="1222354203">Spanish : gital Photos</text>
            <marker end="22" id="0" start="0" />
          </text_data><text_data language="English">
            <text from_TM="False" rev_id="11" status="Complete" time="1222354203">Archive Digital Photos</text>
            <marker end="22" id="0" start="0" />
          </text_data><marker_def id="0" type="html">
            <html_marker tag="a">
              <attr name="href" val="backup_photos.htm" />
              <attr name="class" val="Text-Nav" />
            </html_marker>
          </marker_def>
        </ta_sentence><ta_sentence do_translation="yes" encoding="utf-8" format="1" id="86" original_language="English">
          <space_before> </space_before>
          <space_after />
          <text_data language="German">
            <text from_TM="False" rev_id="13" status="New" time="1222355938">Photo Organizer</text>
            <marker end="15" id="0" start="0" />
          </text_data><text_data language="Spanish">
            <text from_TM="False" rev_id="11" status="Complete" time="1222354203">Spanish : nizer</text>
            <marker end="15" id="0" start="0" />
          </text_data><text_data language="English">
            <text from_TM="False" rev_id="11" status="Complete" time="1222354203">Photo Organizer</text>
            <marker end="15" id="0" start="0" />
          </text_data><marker_def id="0" type="html">
            <html_marker tag="a">
              <attr name="href" val="organize_photos.htm" />
              <attr name="class" val="Text-Nav" />
            </html_marker>
          </marker_def>
        </ta_sentence><ta_sentence do_translation="yes" encoding="utf-8" format="1" id="87" original_language="English">
          <space_before> </space_before>
          <space_after />
          <text_data language="German">
            <text from_TM="False" rev_id="13" status="New" time="1222355938">Backup Audio CDs</text>
            <marker end="16" id="0" start="0" />
          </text_data><text_data language="Spanish">
            <text from_TM="False" rev_id="11" status="Complete" time="1222354203">Spanish : io CDs</text>
            <marker end="16" id="0" start="0" />
          </text_data><text_data language="English">
            <text from_TM="False" rev_id="11" status="Complete" time="1222354203">Backup Audio CDs</text>
            <marker end="16" id="0" start="0" />
          </text_data><marker_def id="0" type="html">
            <html_marker tag="a">
              <attr name="href" val="backup_audio.htm" />
              <attr name="class" val="Text-Nav" />
            </html_marker>
          </marker_def>
        </ta_sentence><ta_sentence do_translation="yes" encoding="utf-8" format="1" id="88" original_language="English">
          <space_before> </space_before>
          <space_after />
          <text_data language="German">
            <text from_TM="False" rev_id="13" status="New" time="1222355938">Index Existing Backup</text>
            <marker end="21" id="0" start="0" />
          </text_data><text_data language="Spanish">
            <text from_TM="False" rev_id="11" status="Complete" time="1222354203">Spanish : ting Backup</text>
            <marker end="21" id="0" start="0" />
          </text_data><text_data language="English">
            <text from_TM="False" rev_id="11" status="Complete" time="1222354203">Index Existing Backup</text>
            <marker end="21" id="0" start="0" />
          </text_data><marker_def id="0" type="html">
            <html_marker tag="a">
              <attr name="href" val="make_index.htm" />
              <attr name="class" val="Text-Nav" />
            </html_marker>
          </marker_def>
        </ta_sentence><ta_sentence do_translation="yes" encoding="utf-8" format="1" id="89" original_language="English">
          <space_before> </space_before>
          <space_after />
          <text_data language="German">
            <text from_TM="False" rev_id="13" status="New" time="1222355938">CD Burning</text>
            <marker end="10" id="0" start="0" />
          </text_data><text_data language="Spanish">
            <text from_TM="False" rev_id="11" status="Complete" time="1222354203">Spanish : </text>
            <marker end="10" id="0" start="0" />
          </text_data><text_data language="English">
            <text from_TM="False" rev_id="11" status="Complete" time="1222354203">CD Burning</text>
            <marker end="10" id="0" start="0" />
          </text_data><marker_def id="0" type="html">
            <html_marker tag="a">
              <attr name="href" val="cd_burning.htm" />
              <attr name="class" val="Text-Nav" />
            </html_marker>
          </marker_def>
        </ta_sentence><ta_sentence do_translation="yes" encoding="utf-8" format="1" id="90" original_language="English">
          <space_before />
          <space_after />
          <text_data language="German">
            <text from_TM="False" rev_id="13" status="New" time="1222355938">Useful information</text>
            <marker end="18" id="0" start="0" />
          </text_data><text_data language="Spanish">
            <text from_TM="False" rev_id="11" status="Complete" time="1222354203">Spanish : ormation</text>
            <marker end="18" id="0" start="0" />
          </text_data><text_data language="English">
            <text from_TM="False" rev_id="11" status="Complete" time="1222354203">Useful information</text>
            <marker end="18" id="0" start="0" />
          </text_data><marker_def id="0" type="html">
            <html_marker tag="span">
              <attr name="class" val="Text-Bold" />
            </html_marker>
          </marker_def>
        </ta_sentence><ta_sentence do_translation="yes" encoding="utf-8" format="1" id="91" original_language="English">
          <space_before> </space_before>
          <space_after />
          <text_data language="German">
            <text from_TM="False" rev_id="13" status="New" time="1222355938">Enabling DMA Mode</text>
            <marker end="17" id="0" start="0" />
          </text_data><text_data language="Spanish">
            <text from_TM="False" rev_id="11" status="Complete" time="1222354203">Spanish : MA Mode</text>
            <marker end="17" id="0" start="0" />
          </text_data><text_data language="English">
            <text from_TM="False" rev_id="11" status="Complete" time="1222354203">Enabling DMA Mode</text>
            <marker end="17" id="0" start="0" />
          </text_data><marker_def id="0" type="html">
            <html_marker tag="a">
              <attr name="href" val="dma_setting_nt.htm" />
              <attr name="class" val="Text-Nav" />
            </html_marker>
          </marker_def>
        </ta_sentence><ta_sentence do_translation="yes" encoding="utf-8" format="1" id="92" original_language="English">
          <space_before />
          <space_after />
          <text_data language="German">
            <text from_TM="False" rev_id="13" status="New" time="1222355938">Bookmark this page</text>
            <marker end="18" id="0" start="0" />
          </text_data><text_data language="Spanish">
            <text from_TM="False" rev_id="11" status="Complete" time="1222354203">Spanish : his page</text>
            <marker end="18" id="0" start="0" />
          </text_data><text_data language="English">
            <text from_TM="False" rev_id="11" status="Complete" time="1222354203">Bookmark this page</text>
            <marker end="18" id="0" start="0" />
          </text_data><marker_def id="0" type="html">
            <html_marker tag="img">
              <attr name="src" val="images/bookmark_us.png" />
              <attr name="alt" val="Bookmark this page" />
              <attr name="class" val="delicious" />
            </html_marker>
          </marker_def>
        </ta_sentence><ta_sentence do_translation="yes" encoding="utf-8" format="1" id="93" original_language="English">
          <space_before />
          <space_after />
          <text_data language="German">
            <text from_TM="False" rev_id="13" status="New" time="1222355938">Bookmark on</text>
            <marker end="-1" id="0" start="0" />
            <marker end="-1" id="0" start="0" />
          </text_data><text_data language="Spanish">
            <text from_TM="False" rev_id="11" status="Complete" time="1222354203">Spanish : n</text>
            <marker end="-1" id="0" start="0" />
            <marker end="-1" id="0" start="0" />
          </text_data><text_data language="English">
            <text from_TM="False" rev_id="11" status="Complete" time="1222354203">Bookmark on</text>
            <marker end="-1" id="0" start="0" />
            <marker end="-1" id="0" start="0" />
          </text_data><marker_def id="0" type="html">
            <html_marker tag="a">
              <attr name="rel" val="nofollow" />
              <attr name="href" val="http://del.icio.us/post?url=http%3A%2F%2Fwww.onthegosoft.com%2Fversions.htm&amp;title=Photo+Backup+versions+history" />
              <attr name="target" val="_blank" />
              <attr name="class" val="Text-Nav" />
            </html_marker>
          </marker_def>
        </ta_sentence><ta_sentence do_translation="yes" encoding="utf-8" format="1" id="94" original_language="English">
          <space_before />
          <space_after />
          <text_data language="German">
            <text from_TM="False" rev_id="13" status="New" time="1222355938">del.icio.us</text>
            <marker end="11" id="-1" start="-1" />
          </text_data><text_data language="Spanish">
            <text from_TM="False" rev_id="11" status="Complete" time="1222354203">Spanish : s</text>
            <marker end="11" id="-1" start="-1" />
          </text_data><text_data language="English">
            <text from_TM="False" rev_id="11" status="Complete" time="1222354203">del.icio.us</text>
            <marker end="11" id="-1" start="-1" />
          </text_data><marker_def id="-1" type="html">
            <html_marker tag="a" />
          </marker_def>
        </ta_sentence><ta_sentence do_translation="yes" encoding="utf-8" format="1" id="95" original_language="English">
          <space_before />
          <space_after />
          <text_data language="German">
            <text from_TM="False" rev_id="13" status="New" time="1222355938">Home&#160;&gt;&#160;Photo Backup&#160;&gt;&#160;Versions History</text>
            <marker end="38" id="0" start="0" />
            <marker end="4" id="1" start="0" />
            <marker end="19" id="2" start="7" />
          </text_data><text_data language="Spanish">
            <text from_TM="False" rev_id="11" status="Complete" time="1222354203">Spanish : to Backup&#160;&gt;&#160;Versions History</text>
            <marker end="38" id="0" start="0" />
            <marker end="4" id="1" start="0" />
            <marker end="19" id="2" start="7" />
          </text_data><text_data language="English">
            <text from_TM="False" rev_id="11" status="Complete" time="1222354203">Home&#160;&gt;&#160;Photo Backup&#160;&gt;&#160;Versions History</text>
            <marker end="38" id="0" start="0" />
            <marker end="4" id="1" start="0" />
            <marker end="19" id="2" start="7" />
          </text_data><marker_def id="0" type="html">
            <html_marker tag="span">
              <attr name="class" val="Text-TopNav" />
            </html_marker>
          </marker_def><marker_def id="1" type="html">
            <html_marker tag="a">
              <attr name="href" val="./" />
            </html_marker>
          </marker_def><marker_def id="2" type="html">
            <html_marker tag="a">
              <attr name="href" val="photo_backup.htm" />
            </html_marker>
          </marker_def>
        </ta_sentence><ta_sentence do_translation="yes" encoding="utf-8" format="1" id="96" original_language="English">
          <space_before />
          <space_after />
          <text_data language="German">
            <text from_TM="False" rev_id="13" status="New" time="1222355938">Photo Backup version history</text>
          </text_data><text_data language="Spanish">
            <text from_TM="False" rev_id="11" status="Complete" time="1222354203">Spanish : up version history</text>
          </text_data><text_data language="English">
            <text from_TM="False" rev_id="11" status="Complete" time="1222354203">Photo Backup version history</text>
          </text_data>
        </ta_sentence><ta_sentence do_translation="yes" encoding="utf-8" format="1" id="97" original_language="English">
          <space_before />
          <space_after />
          <text_data language="German">
            <text from_TM="False" rev_id="13" status="New" time="1222355938">Fill the form below with suggestions for the next release of Photo Backup.</text>
          </text_data><text_data language="Spanish">
            <text from_TM="False" rev_id="11" status="Complete" time="1222354203">Spanish : orm below with suggestions for the next release of Photo Backup.</text>
          </text_data><text_data language="English">
            <text from_TM="False" rev_id="11" status="Complete" time="1222354203">Fill the form below with suggestions for the next release of Photo Backup.</text>
          </text_data>
        </ta_sentence><ta_sentence do_translation="yes" encoding="utf-8" format="1" id="98" original_language="English">
          <space_before> </space_before>
          <space_after />
          <text_data language="German">
            <text from_TM="False" rev_id="13" status="New" time="1222355938">We'll keep you update on when these features are implemented.</text>
          </text_data><text_data language="Spanish">
            <text from_TM="False" rev_id="11" status="Complete" time="1222354203">Spanish :  you update on when these features are implemented.</text>
          </text_data><text_data language="English">
            <text from_TM="False" rev_id="11" status="Complete" time="1222354203">We'll keep you update on when these features are implemented.</text>
          </text_data>
        </ta_sentence><ta_sentence do_translation="yes" encoding="utf-8" format="1" id="99" original_language="English">
          <space_before> </space_before>
          <space_after />
          <text_data language="German">
            <text from_TM="False" rev_id="13" status="New" time="1222355938">We're also giving away FREE copies of Photo Backup as rewards for new features - that we can implement.</text>
          </text_data><text_data language="Spanish">
            <text from_TM="False" rev_id="11" status="Complete" time="1222354203">Spanish :  giving away FREE copies of Photo Backup as rewards for new features - that we can implement.</text>
          </text_data><text_data language="English">
            <text from_TM="False" rev_id="11" status="Complete" time="1222354203">We're also giving away FREE copies of Photo Backup as rewards for new features - that we can implement.</text>
          </text_data>
        </ta_sentence><ta_sentence do_translation="yes" encoding="utf-8" format="1" id="100" original_language="English">
          <space_before> </space_before>
          <space_after />
          <text_data language="German">
            <text from_TM="False" rev_id="13" status="New" time="1222355938"> Comments / suggestions submission </text>
            <marker end="-1" id="0" start="0" />
            <marker end="34" id="1" start="1" />
            <marker end="34" id="2" start="1" />
            <marker end="-1" id="3" start="35" />
            <marker end="-1" id="0" start="0" />
            <marker end="-1" id="3" start="35" />
          </text_data><text_data language="Spanish">
            <text from_TM="False" rev_id="11" status="Complete" time="1222354203">Spanish : / suggestions submission </text>
            <marker end="-1" id="0" start="0" />
            <marker end="34" id="1" start="1" />
            <marker end="34" id="2" start="1" />
            <marker end="-1" id="3" start="35" />
            <marker end="-1" id="0" start="0" />
            <marker end="-1" id="3" start="35" />
          </text_data><text_data language="English">
            <text from_TM="False" rev_id="11" status="Complete" time="1222354203"> Comments / suggestions submission </text>
            <marker end="-1" id="0" start="0" />
            <marker end="34" id="1" start="1" />
            <marker end="34" id="2" start="1" />
            <marker end="-1" id="3" start="35" />
            <marker end="-1" id="0" start="0" />
            <marker end="-1" id="3" start="35" />
          </text_data><marker_def id="0" type="html">
            <html_marker tag="fieldset" />
          </marker_def><marker_def id="1" type="html">
            <html_marker tag="legend" />
          </marker_def><marker_def id="2" type="html">
            <html_marker tag="span">
              <attr name="class" val="Text-standard" />
            </html_marker>
          </marker_def><marker_def id="3" type="html">
            <html_marker tag="span">
              <attr name="class" val="Text-standard" />
            </html_marker>
          </marker_def>
        </ta_sentence><ta_sentence do_translation="yes" encoding="utf-8" format="1" id="101" original_language="English">
          <space_before />
          <space_after />
          <text_data language="German">
            <text from_TM="False" rev_id="13" status="New" time="1222355938">First name</text>
          </text_data><text_data language="Spanish">
            <text from_TM="False" rev_id="11" status="Complete" time="1222354203">Spanish : </text>
          </text_data><text_data language="English">
            <text from_TM="False" rev_id="11" status="Complete" time="1222354203">First name</text>
          </text_data>
        </ta_sentence><ta_sentence do_translation="no" encoding="utf-8" format="1" id="102" original_language="English">
          <space_before />
          <space_after />
          <text_data language="German">
            <text from_TM="False" rev_id="13" status="New" time="1222355938" />
            <marker end="0" id="0" start="0" />
          </text_data><text_data language="Spanish">
            <text from_TM="False" rev_id="-1" status="Complete" time="1222355861" />
            <marker end="0" id="0" start="0" />
          </text_data><text_data language="English">
            <text from_TM="False" status="Complete" time="1222355861" />
            <marker end="0" id="0" start="0" />
          </text_data><marker_def id="0" type="html">
            <html_marker tag="input">
              <attr name="maxlength" val="15" />
              <attr name="size" val="12" />
              <attr name="name" val="fname" />
              <attr name="type" val="text" />
            </html_marker>
          </marker_def>
        </ta_sentence><ta_sentence do_translation="yes" encoding="utf-8" format="1" id="103" original_language="English">
          <space_before />
          <space_after />
          <text_data language="German">
            <text from_TM="False" rev_id="13" status="New" time="1222355938">Last name</text>
          </text_data><text_data language="Spanish">
            <text from_TM="False" rev_id="11" status="Complete" time="1222354203">Spanish : </text>
          </text_data><text_data language="English">
            <text from_TM="False" rev_id="11" status="Complete" time="1222354203">Last name</text>
          </text_data>
        </ta_sentence><ta_sentence do_translation="no" encoding="utf-8" format="1" id="104" original_language="English">
          <space_before />
          <space_after />
          <text_data language="German">
            <text from_TM="False" rev_id="13" status="New" time="1222355938" />
            <marker end="0" id="0" start="0" />
          </text_data><text_data language="Spanish">
            <text from_TM="False" rev_id="-1" status="Complete" time="1222355861" />
            <marker end="0" id="0" start="0" />
          </text_data><text_data language="English">
            <text from_TM="False" status="Complete" time="1222355861" />
            <marker end="0" id="0" start="0" />
          </text_data><marker_def id="0" type="html">
            <html_marker tag="input">
              <attr name="maxlength" val="15" />
              <attr name="size" val="12" />
              <attr name="name" val="lname" />
              <attr name="type" val="text" />
            </html_marker>
          </marker_def>
        </ta_sentence><ta_sentence do_translation="yes" encoding="utf-8" format="1" id="105" original_language="English">
          <space_before />
          <space_after />
          <text_data language="German">
            <text from_TM="False" rev_id="13" status="New" time="1222355938">Email</text>
          </text_data><text_data language="Spanish">
            <text from_TM="False" rev_id="11" status="Complete" time="1222354203">Spanish : </text>
          </text_data><text_data language="English">
            <text from_TM="False" rev_id="11" status="Complete" time="1222354203">Email</text>
          </text_data>
        </ta_sentence><ta_sentence do_translation="no" encoding="utf-8" format="1" id="106" original_language="English">
          <space_before />
          <space_after />
          <text_data language="German">
            <text from_TM="False" rev_id="13" status="New" time="1222355938" />
            <marker end="0" id="0" start="0" />
          </text_data><text_data language="Spanish">
            <text from_TM="False" rev_id="-1" status="Complete" time="1222355861" />
            <marker end="0" id="0" start="0" />
          </text_data><text_data language="English">
            <text from_TM="False" status="Complete" time="1222355861" />
            <marker end="0" id="0" start="0" />
          </text_data><marker_def id="0" type="html">
            <html_marker tag="input">
              <attr name="maxlength" val="35" />
              <attr name="size" val="21" />
              <attr name="name" val="email" />
              <attr name="type" val="text" />
            </html_marker>
          </marker_def>
        </ta_sentence><ta_sentence do_translation="yes" encoding="utf-8" format="1" id="107" original_language="English">
          <space_before />
          <space_after />
          <text_data language="German">
            <text from_TM="False" rev_id="13" status="New" time="1222355938">Suggestions</text>
          </text_data><text_data language="Spanish">
            <text from_TM="False" rev_id="11" status="Complete" time="1222354203">Spanish : s</text>
          </text_data><text_data language="English">
            <text from_TM="False" rev_id="11" status="Complete" time="1222354203">Suggestions</text>
          </text_data>
        </ta_sentence><ta_sentence do_translation="yes" encoding="utf-8" format="1" id="108" original_language="English">
          <space_before />
          <space_after />
          <text_data language="German">
            <text from_TM="False" rev_id="13" status="New" time="1222355938">Version</text>
          </text_data><text_data language="Spanish">
            <text from_TM="False" rev_id="11" status="Complete" time="1222354203">Spanish : </text>
          </text_data><text_data language="English">
            <text from_TM="False" rev_id="11" status="Complete" time="1222354203">Version</text>
          </text_data>
        </ta_sentence><ta_sentence do_translation="no" encoding="utf-8" format="1" id="109" original_language="English">
          <space_before />
          <space_after />
          <text_data language="German">
            <text from_TM="False" rev_id="13" status="New" time="1222355938" />
            <marker end="0" id="0" start="0" />
          </text_data><text_data language="Spanish">
            <text from_TM="False" rev_id="-1" status="Complete" time="1222355861" />
            <marker end="0" id="0" start="0" />
          </text_data><text_data language="English">
            <text from_TM="False" status="Complete" time="1222355861" />
            <marker end="0" id="0" start="0" />
          </text_data><marker_def id="0" type="html">
            <html_marker tag="input">
              <attr name="maxlength" val="15" />
              <attr name="size" val="6" />
              <attr name="name" val="version" />
              <attr name="type" val="text" />
            </html_marker>
          </marker_def>
        </ta_sentence><ta_sentence do_translation="yes" encoding="utf-8" format="1" id="110" original_language="English">
          <space_before />
          <space_after />
          <text_data language="German">
            <text from_TM="False" rev_id="13" status="New" time="1222355938">Include on this page</text>
          </text_data><text_data language="Spanish">
            <text from_TM="False" rev_id="11" status="Complete" time="1222354203">Spanish :  this page</text>
          </text_data><text_data language="English">
            <text from_TM="False" rev_id="11" status="Complete" time="1222354203">Include on this page</text>
          </text_data>
        </ta_sentence><ta_sentence do_translation="yes" encoding="utf-8" format="1" id="111" original_language="English">
          <space_before />
          <space_after />
          <text_data language="German">
            <text from_TM="False" rev_id="13" status="New" time="1222355938">ON</text>
            <marker end="2" id="0" start="0" />
          </text_data><text_data language="Spanish">
            <text from_TM="False" rev_id="11" status="Complete" time="1222354203">Spanish : </text>
            <marker end="2" id="0" start="0" />
          </text_data><text_data language="English">
            <text from_TM="False" rev_id="11" status="Complete" time="1222354203">ON</text>
            <marker end="2" id="0" start="0" />
          </text_data><marker_def id="0" type="html">
            <html_marker tag="input">
              <attr name="name" val="include" />
              <attr name="value" val="ON" />
              <attr name="checked" val="checked" />
              <attr name="type" val="checkbox" />
            </html_marker>
          </marker_def>
        </ta_sentence><ta_sentence do_translation="no" encoding="utf-8" format="1" id="112" original_language="English">
          <space_before> </space_before>
          <space_after />
          <text_data language="German">
            <text from_TM="False" rev_id="13" status="New" time="1222355938" />
            <marker end="0" id="-1" start="-1" />
          </text_data><text_data language="Spanish">
            <text from_TM="False" rev_id="-1" status="Complete" time="1222355861" />
            <marker end="0" id="-1" start="-1" />
          </text_data><text_data language="English">
            <text from_TM="False" status="Complete" time="1222355861" />
            <marker end="0" id="-1" start="-1" />
          </text_data><marker_def id="-1" type="html">
            <html_marker tag="span" />
          </marker_def>
        </ta_sentence><ta_sentence do_translation="yes" encoding="utf-8" format="1" id="113" original_language="English">
          <space_before />
          <space_after />
          <text_data language="German">
            <text from_TM="False" rev_id="13" status="New" time="1222355938">Submit</text>
            <marker end="6" id="0" start="0" />
          </text_data><text_data language="Spanish">
            <text from_TM="False" rev_id="11" status="Complete" time="1222354203">Spanish : </text>
            <marker end="6" id="0" start="0" />
          </text_data><text_data language="English">
            <text from_TM="False" rev_id="11" status="Complete" time="1222354203">Submit</text>
            <marker end="6" id="0" start="0" />
          </text_data><marker_def id="0" type="html">
            <html_marker tag="input">
              <attr name="name" val="submit" />
              <attr name="type" val="submit" />
              <attr name="value" val="Submit" />
            </html_marker>
          </marker_def>
        </ta_sentence><ta_sentence do_translation="no" encoding="utf-8" format="1" id="114" original_language="English">
          <space_before> </space_before>
          <space_after />
          <text_data language="German">
            <text from_TM="False" rev_id="13" status="New" time="1222355938" />
            <marker end="0" id="-1" start="-1" />
          </text_data><text_data language="Spanish">
            <text from_TM="False" rev_id="-1" status="Complete" time="1222355861" />
            <marker end="0" id="-1" start="-1" />
          </text_data><text_data language="English">
            <text from_TM="False" status="Complete" time="1222355861" />
            <marker end="0" id="-1" start="-1" />
          </text_data><marker_def id="-1" type="html">
            <html_marker tag="span" />
          </marker_def>
        </ta_sentence><ta_sentence do_translation="yes" encoding="utf-8" format="1" id="115" original_language="English">
          <space_before />
          <space_after />
          <text_data language="German">
            <text from_TM="False" rev_id="13" status="New" time="1222355938">Versions log</text>
          </text_data><text_data language="Spanish">
            <text from_TM="False" rev_id="11" status="Complete" time="1222354203">Spanish : og</text>
          </text_data><text_data language="English">
            <text from_TM="False" rev_id="11" status="Complete" time="1222354203">Versions log</text>
          </text_data>
        </ta_sentence><ta_sentence do_translation="yes" encoding="utf-8" format="1" id="116" original_language="English">
          <space_before> </space_before>
          <space_after />
          <text_data language="German">
            <text from_TM="False" rev_id="13" status="New" time="1222355938">Version: 2.3.4</text>
            <marker end="14" id="0" start="9" />
          </text_data><text_data language="Spanish">
            <text from_TM="False" rev_id="11" status="Complete" time="1222354203">Spanish : .3.4</text>
            <marker end="14" id="0" start="9" />
          </text_data><text_data language="English">
            <text from_TM="False" rev_id="11" status="Complete" time="1222354203">Version: 2.3.4</text>
            <marker end="14" id="0" start="9" />
          </text_data><marker_def id="0" type="html">
            <html_marker tag="strong" />
          </marker_def>
        </ta_sentence><ta_sentence do_translation="yes" encoding="utf-8" format="1" id="117" original_language="English">
          <space_before> </space_before>
          <space_after />
          <text_data language="German">
            <text from_TM="False" rev_id="13" status="New" time="1222355938">Date: 16/Dec/2006</text>
            <marker end="17" id="0" start="6" />
          </text_data><text_data language="Spanish">
            <text from_TM="False" rev_id="11" status="Complete" time="1222354203">Spanish : ec/2006</text>
            <marker end="17" id="0" start="6" />
          </text_data><text_data language="English">
            <text from_TM="False" rev_id="11" status="Complete" time="1222354203">Date: 16/Dec/2006</text>
            <marker end="17" id="0" start="6" />
          </text_data><marker_def id="0" type="html">
            <html_marker tag="strong" />
          </marker_def>
        </ta_sentence><ta_sentence do_translation="yes" encoding="utf-8" format="1" id="118" original_language="English">
          <space_before> </space_before>
          <space_after />
          <text_data language="German">
            <text from_TM="False" rev_id="13" status="New" time="1222355938">Description:</text>
          </text_data><text_data language="Spanish">
            <text from_TM="False" rev_id="11" status="Complete" time="1222354203">Spanish : n:</text>
          </text_data><text_data language="English">
            <text from_TM="False" rev_id="11" status="Complete" time="1222354203">Description:</text>
          </text_data>
        </ta_sentence><ta_sentence do_translation="yes" encoding="utf-8" format="1" id="119" original_language="English">
          <space_before> </space_before>
          <space_after />
          <text_data language="German">
            <text from_TM="False" rev_id="13" status="New" time="1222355938">New features</text>
            <marker end="12" id="0" start="0" />
          </text_data><text_data language="Spanish">
            <text from_TM="False" rev_id="11" status="Complete" time="1222354203">Spanish : es</text>
            <marker end="12" id="0" start="0" />
          </text_data><text_data language="English">
            <text from_TM="False" rev_id="11" status="Complete" time="1222354203">New features</text>
            <marker end="12" id="0" start="0" />
          </text_data><marker_def id="0" type="html">
            <html_marker tag="strong" />
          </marker_def>
        </ta_sentence><ta_sentence do_translation="yes" encoding="utf-8" format="1" id="120" original_language="English">
          <space_before> </space_before>
          <space_after />
          <text_data language="German">
            <text from_TM="False" rev_id="13" status="New" time="1222355938">* Added support for Adobe DNG files</text>
          </text_data><text_data language="Spanish">
            <text from_TM="False" rev_id="11" status="Complete" time="1222354203">Spanish : pport for Adobe DNG files</text>
          </text_data><text_data language="English">
            <text from_TM="False" rev_id="11" status="Complete" time="1222354203">* Added support for Adobe DNG files</text>
          </text_data>
        </ta_sentence><ta_sentence do_translation="yes" encoding="utf-8" format="1" id="121" original_language="English">
          <space_before> </space_before>
          <space_after />
          <text_data language="German">
            <text from_TM="False" rev_id="13" status="New" time="1222355938">* Added support for Adobe PSD files</text>
          </text_data><text_data language="Spanish">
            <text from_TM="False" rev_id="11" status="Complete" time="1222354203">Spanish : pport for Adobe PSD files</text>
          </text_data><text_data language="English">
            <text from_TM="False" rev_id="11" status="Complete" time="1222354203">* Added support for Adobe PSD files</text>
          </text_data>
        </ta_sentence><ta_sentence do_translation="yes" encoding="utf-8" format="1" id="122" original_language="English">
          <space_before> </space_before>
          <space_after />
          <text_data language="German">
            <text from_TM="False" rev_id="13" status="New" time="1222355938">Version: 2.3.0</text>
            <marker end="14" id="0" start="9" />
          </text_data><text_data language="Spanish">
            <text from_TM="False" rev_id="11" status="Complete" time="1222354203">Spanish : .3.0</text>
            <marker end="14" id="0" start="9" />
          </text_data><text_data language="English">
            <text from_TM="False" rev_id="11" status="Complete" time="1222354203">Version: 2.3.0</text>
            <marker end="14" id="0" start="9" />
          </text_data><marker_def id="0" type="html">
            <html_marker tag="strong" />
          </marker_def>
        </ta_sentence><ta_sentence do_translation="yes" encoding="utf-8" format="1" id="123" original_language="English">
          <space_before> </space_before>
          <space_after />
          <text_data language="German">
            <text from_TM="False" rev_id="13" status="New" time="1222355938">Date: 1/November/2005</text>
            <marker end="21" id="0" start="6" />
          </text_data><text_data language="Spanish">
            <text from_TM="False" rev_id="11" status="Complete" time="1222354203">Spanish : vember/2005</text>
            <marker end="21" id="0" start="6" />
          </text_data><text_data language="English">
            <text from_TM="False" rev_id="11" status="Complete" time="1222354203">Date: 1/November/2005</text>
            <marker end="21" id="0" start="6" />
          </text_data><marker_def id="0" type="html">
            <html_marker tag="strong" />
          </marker_def>
        </ta_sentence><ta_sentence do_translation="yes" encoding="utf-8" format="1" id="124" original_language="English">
          <space_before> </space_before>
          <space_after />
          <text_data language="German">
            <text from_TM="False" rev_id="13" status="New" time="1222355938">Description:</text>
          </text_data><text_data language="Spanish">
            <text from_TM="False" rev_id="11" status="Complete" time="1222354203">Spanish : n:</text>
          </text_data><text_data language="English">
            <text from_TM="False" rev_id="11" status="Complete" time="1222354203">Description:</text>
          </text_data>
        </ta_sentence><ta_sentence do_translation="yes" encoding="utf-8" format="1" id="125" original_language="English">
          <space_before> </space_before>
          <space_after />
          <text_data language="German">
            <text from_TM="False" rev_id="13" status="New" time="1222355938">New features</text>
            <marker end="12" id="0" start="0" />
          </text_data><text_data language="Spanish">
            <text from_TM="False" rev_id="11" status="Complete" time="1222354203">Spanish : es</text>
            <marker end="12" id="0" start="0" />
          </text_data><text_data language="English">
            <text from_TM="False" rev_id="11" status="Complete" time="1222354203">New features</text>
            <marker end="12" id="0" start="0" />
          </text_data><marker_def id="0" type="html">
            <html_marker tag="strong" />
          </marker_def>
        </ta_sentence><ta_sentence do_translation="yes" encoding="utf-8" format="1" id="126" original_language="English">
          <space_before> </space_before>
          <space_after />
          <text_data language="German">
            <text from_TM="False" rev_id="13" status="New" time="1222355938">* New burning driver for support of new DVD writers</text>
          </text_data><text_data language="Spanish">
            <text from_TM="False" rev_id="11" status="Complete" time="1222354203">Spanish : ing driver for support of new DVD writers</text>
          </text_data><text_data language="English">
            <text from_TM="False" rev_id="11" status="Complete" time="1222354203">* New burning driver for support of new DVD writers</text>
          </text_data>
        </ta_sentence><ta_sentence do_translation="yes" encoding="utf-8" format="1" id="127" original_language="English">
          <space_before> </space_before>
          <space_after />
          <text_data language="German">
            <text from_TM="False" rev_id="13" status="New" time="1222355938">* Added selective photo restore</text>
          </text_data><text_data language="Spanish">
            <text from_TM="False" rev_id="11" status="Complete" time="1222354203">Spanish : lective photo restore</text>
          </text_data><text_data language="English">
            <text from_TM="False" rev_id="11" status="Complete" time="1222354203">* Added selective photo restore</text>
          </text_data>
        </ta_sentence><ta_sentence do_translation="yes" encoding="utf-8" format="1" id="128" original_language="English">
          <space_before> </space_before>
          <space_after />
          <text_data language="German">
            <text from_TM="False" rev_id="13" status="New" time="1222355938">* Improved support for large archives</text>
          </text_data><text_data language="Spanish">
            <text from_TM="False" rev_id="11" status="Complete" time="1222354203">Spanish :  support for large archives</text>
          </text_data><text_data language="English">
            <text from_TM="False" rev_id="11" status="Complete" time="1222354203">* Improved support for large archives</text>
          </text_data>
        </ta_sentence><ta_sentence do_translation="yes" encoding="utf-8" format="1" id="129" original_language="English">
          <space_before />
          <space_after />
          <text_data language="German">
            <text from_TM="False" rev_id="13" status="New" time="1222355938">Version: 2.1.5</text>
            <marker end="14" id="0" start="9" />
          </text_data><text_data language="Spanish">
            <text from_TM="False" rev_id="11" status="Complete" time="1222354203">Spanish : .1.5</text>
            <marker end="14" id="0" start="9" />
          </text_data><text_data language="English">
            <text from_TM="False" rev_id="11" status="Complete" time="1222354203">Version: 2.1.5</text>
            <marker end="14" id="0" start="9" />
          </text_data><marker_def id="0" type="html">
            <html_marker tag="strong" />
          </marker_def>
        </ta_sentence><ta_sentence do_translation="yes" encoding="utf-8" format="1" id="130" original_language="English">
          <space_before> </space_before>
          <space_after />
          <text_data language="German">
            <text from_TM="False" rev_id="13" status="New" time="1222355938">Date: 25/September/2004</text>
            <marker end="23" id="0" start="6" />
          </text_data><text_data language="Spanish">
            <text from_TM="False" rev_id="11" status="Complete" time="1222354203">Spanish : eptember/2004</text>
            <marker end="23" id="0" start="6" />
          </text_data><text_data language="English">
            <text from_TM="False" rev_id="11" status="Complete" time="1222354203">Date: 25/September/2004</text>
            <marker end="23" id="0" start="6" />
          </text_data><marker_def id="0" type="html">
            <html_marker tag="strong" />
          </marker_def>
        </ta_sentence><ta_sentence do_translation="yes" encoding="utf-8" format="1" id="131" original_language="English">
          <space_before> </space_before>
          <space_after />
          <text_data language="German">
            <text from_TM="False" rev_id="13" status="New" time="1222355938">Description:</text>
          </text_data><text_data language="Spanish">
            <text from_TM="False" rev_id="11" status="Complete" time="1222354203">Spanish : n:</text>
          </text_data><text_data language="English">
            <text from_TM="False" rev_id="11" status="Complete" time="1222354203">Description:</text>
          </text_data>
        </ta_sentence><ta_sentence do_translation="yes" encoding="utf-8" format="1" id="132" original_language="English">
          <space_before> </space_before>
          <space_after />
          <text_data language="German">
            <text from_TM="False" rev_id="13" status="New" time="1222355938">New features</text>
            <marker end="12" id="0" start="0" />
          </text_data><text_data language="Spanish">
            <text from_TM="False" rev_id="11" status="Complete" time="1222354203">Spanish : es</text>
            <marker end="12" id="0" start="0" />
          </text_data><text_data language="English">
            <text from_TM="False" rev_id="11" status="Complete" time="1222354203">New features</text>
            <marker end="12" id="0" start="0" />
          </text_data><marker_def id="0" type="html">
            <html_marker tag="strong" />
          </marker_def>
        </ta_sentence><ta_sentence do_translation="yes" encoding="utf-8" format="1" id="133" original_language="English">
          <space_before> </space_before>
          <space_after />
          <text_data language="German">
            <text from_TM="False" rev_id="13" status="New" time="1222355938">* Works without a CD/DVD connected</text>
          </text_data><text_data language="Spanish">
            <text from_TM="False" rev_id="11" status="Complete" time="1222354203">Spanish : thout a CD/DVD connected</text>
          </text_data><text_data language="English">
            <text from_TM="False" rev_id="11" status="Complete" time="1222354203">* Works without a CD/DVD connected</text>
          </text_data>
        </ta_sentence><ta_sentence do_translation="yes" encoding="utf-8" format="1" id="134" original_language="English">
          <space_before> </space_before>
          <space_after />
          <text_data language="German">
            <text from_TM="False" rev_id="13" status="New" time="1222355938">* Thumbnail sorting according to date or file name</text>
          </text_data><text_data language="Spanish">
            <text from_TM="False" rev_id="11" status="Complete" time="1222354203">Spanish : l sorting according to date or file name</text>
          </text_data><text_data language="English">
            <text from_TM="False" rev_id="11" status="Complete" time="1222354203">* Thumbnail sorting according to date or file name</text>
          </text_data>
        </ta_sentence><ta_sentence do_translation="yes" encoding="utf-8" format="1" id="135" original_language="English">
          <space_before> </space_before>
          <space_after />
          <text_data language="German">
            <text from_TM="False" rev_id="13" status="New" time="1222355938">* Improved save/load times for large galleries (about x10)</text>
          </text_data><text_data language="Spanish">
            <text from_TM="False" rev_id="11" status="Complete" time="1222354203">Spanish :  save/load times for large galleries (about x10)</text>
          </text_data><text_data language="English">
            <text from_TM="False" rev_id="11" status="Complete" time="1222354203">* Improved save/load times for large galleries (about x10)</text>
          </text_data>
        </ta_sentence><ta_sentence do_translation="yes" encoding="utf-8" format="1" id="136" original_language="English">
          <space_before> </space_before>
          <space_after />
          <text_data language="German">
            <text from_TM="False" rev_id="13" status="New" time="1222355938">* Fixed small bug in index generation, and added 'files:///' header to link</text>
          </text_data><text_data language="Spanish">
            <text from_TM="False" rev_id="11" status="Complete" time="1222354203">Spanish : all bug in index generation, and added 'files:///' header to link</text>
          </text_data><text_data language="English">
            <text from_TM="False" rev_id="11" status="Complete" time="1222354203">* Fixed small bug in index generation, and added 'files:///' header to link</text>
          </text_data>
        </ta_sentence><ta_sentence do_translation="yes" encoding="utf-8" format="1" id="137" original_language="English">
          <space_before />
          <space_after />
          <text_data language="German">
            <text from_TM="False" rev_id="13" status="New" time="1222355938">Please note that the registration scheme has changed.</text>
          </text_data><text_data language="Spanish">
            <text from_TM="False" rev_id="11" status="Complete" time="1222354203">Spanish : e that the registration scheme has changed.</text>
          </text_data><text_data language="English">
            <text from_TM="False" rev_id="11" status="Complete" time="1222354203">Please note that the registration scheme has changed.</text>
          </text_data>
        </ta_sentence><ta_sentence do_translation="yes" encoding="utf-8" format="1" id="138" original_language="English">
          <space_before> </space_before>
          <space_after />
          <text_data language="German">
            <text from_TM="False" rev_id="13" status="New" time="1222355938">When upgrading from a previous version, the purchase receipt will be required.</text>
          </text_data><text_data language="Spanish">
            <text from_TM="False" rev_id="11" status="Complete" time="1222354203">Spanish : ding from a previous version, the purchase receipt will be required.</text>
          </text_data><text_data language="English">
            <text from_TM="False" rev_id="11" status="Complete" time="1222354203">When upgrading from a previous version, the purchase receipt will be required.</text>
          </text_data>
        </ta_sentence><ta_sentence do_translation="yes" encoding="utf-8" format="1" id="139" original_language="English">
          <space_before> </space_before>
          <space_after />
          <text_data language="German">
            <text from_TM="False" rev_id="13" status="New" time="1222355938">If the purchase receipt cannot be located, contact us and we'll assist you.</text>
            <marker end="53" id="0" start="43" />
          </text_data><text_data language="Spanish">
            <text from_TM="False" rev_id="11" status="Complete" time="1222354203">Spanish : chase receipt cannot be located, contact us and we'll assist you.</text>
            <marker end="53" id="0" start="43" />
          </text_data><text_data language="English">
            <text from_TM="False" rev_id="11" status="Complete" time="1222354203">If the purchase receipt cannot be located, contact us and we'll assist you.</text>
            <marker end="53" id="0" start="43" />
          </text_data><marker_def id="0" type="html">
            <html_marker tag="a">
              <attr name="href" val="contact.htm" />
            </html_marker>
          </marker_def>
        </ta_sentence><ta_sentence do_translation="yes" encoding="utf-8" format="1" id="140" original_language="English">
          <space_before />
          <space_after />
          <text_data language="German">
            <text from_TM="False" rev_id="13" status="New" time="1222355938">Version: 2.1.4</text>
            <marker end="14" id="0" start="9" />
          </text_data><text_data language="Spanish">
            <text from_TM="False" rev_id="11" status="Complete" time="1222354203">Spanish : .1.4</text>
            <marker end="14" id="0" start="9" />
          </text_data><text_data language="English">
            <text from_TM="False" rev_id="11" status="Complete" time="1222354203">Version: 2.1.4</text>
            <marker end="14" id="0" start="9" />
          </text_data><marker_def id="0" type="html">
            <html_marker tag="strong" />
          </marker_def>
        </ta_sentence><ta_sentence do_translation="yes" encoding="utf-8" format="1" id="141" original_language="English">
          <space_before> </space_before>
          <space_after />
          <text_data language="German">
            <text from_TM="False" rev_id="13" status="New" time="1222355938">Date: 14/August/2004</text>
            <marker end="20" id="0" start="6" />
          </text_data><text_data language="Spanish">
            <text from_TM="False" rev_id="11" status="Complete" time="1222354203">Spanish : ugust/2004</text>
            <marker end="20" id="0" start="6" />
          </text_data><text_data language="English">
            <text from_TM="False" rev_id="11" status="Complete" time="1222354203">Date: 14/August/2004</text>
            <marker end="20" id="0" start="6" />
          </text_data><marker_def id="0" type="html">
            <html_marker tag="strong" />
          </marker_def>
        </ta_sentence><ta_sentence do_translation="yes" encoding="utf-8" format="1" id="142" original_language="English">
          <space_before> </space_before>
          <space_after />
          <text_data language="German">
            <text from_TM="False" rev_id="13" status="New" time="1222355938">Description:</text>
          </text_data><text_data language="Spanish">
            <text from_TM="False" rev_id="11" status="Complete" time="1222354203">Spanish : n:</text>
          </text_data><text_data language="English">
            <text from_TM="False" rev_id="11" status="Complete" time="1222354203">Description:</text>
          </text_data>
        </ta_sentence><ta_sentence do_translation="yes" encoding="utf-8" format="1" id="143" original_language="English">
          <space_before> </space_before>
          <space_after />
          <text_data language="German">
            <text from_TM="False" rev_id="13" status="New" time="1222355938">New features</text>
            <marker end="12" id="0" start="0" />
          </text_data><text_data language="Spanish">
            <text from_TM="False" rev_id="11" status="Complete" time="1222354203">Spanish : es</text>
            <marker end="12" id="0" start="0" />
          </text_data><text_data language="English">
            <text from_TM="False" rev_id="11" status="Complete" time="1222354203">New features</text>
            <marker end="12" id="0" start="0" />
          </text_data><marker_def id="0" type="html">
            <html_marker tag="strong" />
          </marker_def>
        </ta_sentence><ta_sentence do_translation="yes" encoding="utf-8" format="1" id="144" original_language="English">
          <space_before> </space_before>
          <space_after />
          <text_data language="German">
            <text from_TM="False" rev_id="13" status="New" time="1222355938">* Added thumbnail generation of images on CD</text>
          </text_data><text_data language="Spanish">
            <text from_TM="False" rev_id="11" status="Complete" time="1222354203">Spanish : umbnail generation of images on CD</text>
          </text_data><text_data language="English">
            <text from_TM="False" rev_id="11" status="Complete" time="1222354203">* Added thumbnail generation of images on CD</text>
          </text_data>
        </ta_sentence><ta_sentence do_translation="yes" encoding="utf-8" format="1" id="145" original_language="English">
          <space_before> </space_before>
          <space_after />
          <text_data language="German">
            <text from_TM="False" rev_id="13" status="New" time="1222355938">* Added EXIF information reading</text>
          </text_data><text_data language="Spanish">
            <text from_TM="False" rev_id="11" status="Complete" time="1222354203">Spanish : IF information reading</text>
          </text_data><text_data language="English">
            <text from_TM="False" rev_id="11" status="Complete" time="1222354203">* Added EXIF information reading</text>
          </text_data>
        </ta_sentence><ta_sentence do_translation="yes" encoding="utf-8" format="1" id="146" original_language="English">
          <space_before />
          <space_after />
          <text_data language="German">
            <text from_TM="False" rev_id="13" status="New" time="1222355938">Version: 2.1.3</text>
            <marker end="14" id="0" start="9" />
          </text_data><text_data language="Spanish">
            <text from_TM="False" rev_id="11" status="Complete" time="1222354203">Spanish : .1.3</text>
            <marker end="14" id="0" start="9" />
          </text_data><text_data language="English">
            <text from_TM="False" rev_id="11" status="Complete" time="1222354203">Version: 2.1.3</text>
            <marker end="14" id="0" start="9" />
          </text_data><marker_def id="0" type="html">
            <html_marker tag="strong" />
          </marker_def>
        </ta_sentence><ta_sentence do_translation="yes" encoding="utf-8" format="1" id="147" original_language="English">
          <space_before> </space_before>
          <space_after />
          <text_data language="German">
            <text from_TM="False" rev_id="13" status="New" time="1222355938">Date: 7/August/2004</text>
            <marker end="19" id="0" start="6" />
          </text_data><text_data language="Spanish">
            <text from_TM="False" rev_id="11" status="Complete" time="1222354203">Spanish : gust/2004</text>
            <marker end="19" id="0" start="6" />
          </text_data><text_data language="English">
            <text from_TM="False" rev_id="11" status="Complete" time="1222354203">Date: 7/August/2004</text>
            <marker end="19" id="0" start="6" />
          </text_data><marker_def id="0" type="html">
            <html_marker tag="strong" />
          </marker_def>
        </ta_sentence><ta_sentence do_translation="yes" encoding="utf-8" format="1" id="148" original_language="English">
          <space_before> </space_before>
          <space_after />
          <text_data language="German">
            <text from_TM="False" rev_id="13" status="New" time="1222355938">Description:</text>
          </text_data><text_data language="Spanish">
            <text from_TM="False" rev_id="11" status="Complete" time="1222354203">Spanish : n:</text>
          </text_data><text_data language="English">
            <text from_TM="False" rev_id="11" status="Complete" time="1222354203">Description:</text>
          </text_data>
        </ta_sentence><ta_sentence do_translation="yes" encoding="utf-8" format="1" id="149" original_language="English">
          <space_before> </space_before>
          <space_after />
          <text_data language="German">
            <text from_TM="False" rev_id="13" status="New" time="1222355938">New features</text>
            <marker end="12" id="0" start="0" />
          </text_data><text_data language="Spanish">
            <text from_TM="False" rev_id="11" status="Complete" time="1222354203">Spanish : es</text>
            <marker end="12" id="0" start="0" />
          </text_data><text_data language="English">
            <text from_TM="False" rev_id="11" status="Complete" time="1222354203">New features</text>
            <marker end="12" id="0" start="0" />
          </text_data><marker_def id="0" type="html">
            <html_marker tag="strong" />
          </marker_def>
        </ta_sentence><ta_sentence do_translation="yes" encoding="utf-8" format="1" id="150" original_language="English">
          <space_before> </space_before>
          <space_after />
          <text_data language="German">
            <text from_TM="False" rev_id="13" status="New" time="1222355938">* Added manual registration procedure for offline computers</text>
          </text_data><text_data language="Spanish">
            <text from_TM="False" rev_id="11" status="Complete" time="1222354203">Spanish : nual registration procedure for offline computers</text>
          </text_data><text_data language="English">
            <text from_TM="False" rev_id="11" status="Complete" time="1222354203">* Added manual registration procedure for offline computers</text>
          </text_data>
        </ta_sentence><ta_sentence do_translation="yes" encoding="utf-8" format="1" id="151" original_language="English">
          <space_before> </space_before>
          <space_after />
          <text_data language="German">
            <text from_TM="False" rev_id="13" status="New" time="1222355938">* Fixed CD loading bug with laptop computers</text>
          </text_data><text_data language="Spanish">
            <text from_TM="False" rev_id="11" status="Complete" time="1222354203">Spanish :  loading bug with laptop computers</text>
          </text_data><text_data language="English">
            <text from_TM="False" rev_id="11" status="Complete" time="1222354203">* Fixed CD loading bug with laptop computers</text>
          </text_data>
        </ta_sentence><ta_sentence do_translation="yes" encoding="utf-8" format="1" id="152" original_language="English">
          <space_before> </space_before>
          <space_after />
          <text_data language="German">
            <text from_TM="False" rev_id="13" status="New" time="1222355938">* Added simple forward and backward navigation in full screen photo viewer</text>
          </text_data><text_data language="Spanish">
            <text from_TM="False" rev_id="11" status="Complete" time="1222354203">Spanish : mple forward and backward navigation in full screen photo viewer</text>
          </text_data><text_data language="English">
            <text from_TM="False" rev_id="11" status="Complete" time="1222354203">* Added simple forward and backward navigation in full screen photo viewer</text>
          </text_data>
        </ta_sentence><ta_sentence do_translation="yes" encoding="utf-8" format="1" id="153" original_language="English">
          <space_before> </space_before>
          <space_after />
          <text_data language="German">
            <text from_TM="False" rev_id="13" status="New" time="1222355938">Version: 2.1.2</text>
            <marker end="-1" id="0" start="9" />
            <marker end="-1" id="0" start="9" />
          </text_data><text_data language="Spanish">
            <text from_TM="False" rev_id="11" status="Complete" time="1222354203">Spanish : .1.2</text>
            <marker end="-1" id="0" start="9" />
            <marker end="-1" id="0" start="9" />
          </text_data><text_data language="English">
            <text from_TM="False" rev_id="11" status="Complete" time="1222354203">Version: 2.1.2</text>
            <marker end="-1" id="0" start="9" />
            <marker end="-1" id="0" start="9" />
          </text_data><marker_def id="0" type="html">
            <html_marker tag="strong" />
          </marker_def>
        </ta_sentence><ta_sentence do_translation="yes" encoding="utf-8" format="1" id="154" original_language="English">
          <space_before> </space_before>
          <space_after />
          <text_data language="German">
            <text from_TM="False" rev_id="13" status="New" time="1222355938">Date: 10/July/2004</text>
            <marker end="0" id="-1" start="-1" />
            <marker end="18" id="0" start="6" />
          </text_data><text_data language="Spanish">
            <text from_TM="False" rev_id="11" status="Complete" time="1222354203">Spanish : uly/2004</text>
            <marker end="0" id="-1" start="-1" />
            <marker end="18" id="0" start="6" />
          </text_data><text_data language="English">
            <text from_TM="False" rev_id="11" status="Complete" time="1222354203">Date: 10/July/2004</text>
            <marker end="0" id="-1" start="-1" />
            <marker end="18" id="0" start="6" />
          </text_data><marker_def id="-1" type="html">
            <html_marker tag="strong" />
          </marker_def><marker_def id="0" type="html">
            <html_marker tag="strong" />
          </marker_def>
        </ta_sentence><ta_sentence do_translation="yes" encoding="utf-8" format="1" id="155" original_language="English">
          <space_before />
          <space_after />
          <text_data language="German">
            <text from_TM="False" rev_id="13" status="New" time="1222355938">Description:</text>
          </text_data><text_data language="Spanish">
            <text from_TM="False" rev_id="11" status="Complete" time="1222354203">Spanish : n:</text>
          </text_data><text_data language="English">
            <text from_TM="False" rev_id="11" status="Complete" time="1222354203">Description:</text>
          </text_data>
        </ta_sentence><ta_sentence do_translation="yes" encoding="utf-8" format="1" id="156" original_language="English">
          <space_before> </space_before>
          <space_after />
          <text_data language="German">
            <text from_TM="False" rev_id="13" status="New" time="1222355938">This version is aimed at improving useability.</text>
          </text_data><text_data language="Spanish">
            <text from_TM="False" rev_id="11" status="Complete" time="1222354203">Spanish : on is aimed at improving useability.</text>
          </text_data><text_data language="English">
            <text from_TM="False" rev_id="11" status="Complete" time="1222354203">This version is aimed at improving useability.</text>
          </text_data>
        </ta_sentence><ta_sentence do_translation="yes" encoding="utf-8" format="1" id="157" original_language="English">
          <space_before> </space_before>
          <space_after />
          <text_data language="German">
            <text from_TM="False" rev_id="13" status="New" time="1222355938">The setup wizard is now easier to use and follow.</text>
          </text_data><text_data language="Spanish">
            <text from_TM="False" rev_id="11" status="Complete" time="1222354203">Spanish : wizard is now easier to use and follow.</text>
          </text_data><text_data language="English">
            <text from_TM="False" rev_id="11" status="Complete" time="1222354203">The setup wizard is now easier to use and follow.</text>
          </text_data>
        </ta_sentence><ta_sentence do_translation="yes" encoding="utf-8" format="1" id="158" original_language="English">
          <space_before> </space_before>
          <space_after />
          <text_data language="German">
            <text from_TM="False" rev_id="13" status="New" time="1222355938">Also added an option to remove files from the hard drive after backup.</text>
          </text_data><text_data language="Spanish">
            <text from_TM="False" rev_id="11" status="Complete" time="1222354203">Spanish :  an option to remove files from the hard drive after backup.</text>
          </text_data><text_data language="English">
            <text from_TM="False" rev_id="11" status="Complete" time="1222354203">Also added an option to remove files from the hard drive after backup.</text>
          </text_data>
        </ta_sentence><ta_sentence do_translation="yes" encoding="utf-8" format="1" id="159" original_language="English">
          <space_before> </space_before>
          <space_after />
          <text_data language="German">
            <text from_TM="False" rev_id="13" status="New" time="1222355938">Version: 2.1.1</text>
            <marker end="-1" id="0" start="9" />
            <marker end="-1" id="0" start="9" />
          </text_data><text_data language="Spanish">
            <text from_TM="False" rev_id="11" status="Complete" time="1222354203">Spanish : .1.1</text>
            <marker end="-1" id="0" start="9" />
            <marker end="-1" id="0" start="9" />
          </text_data><text_data language="English">
            <text from_TM="False" rev_id="11" status="Complete" time="1222354203">Version: 2.1.1</text>
            <marker end="-1" id="0" start="9" />
            <marker end="-1" id="0" start="9" />
          </text_data><marker_def id="0" type="html">
            <html_marker tag="strong" />
          </marker_def>
        </ta_sentence><ta_sentence do_translation="yes" encoding="utf-8" format="1" id="160" original_language="English">
          <space_before> </space_before>
          <space_after />
          <text_data language="German">
            <text from_TM="False" rev_id="13" status="New" time="1222355938">Date: 1/July/2004</text>
            <marker end="0" id="-1" start="-1" />
            <marker end="17" id="0" start="6" />
          </text_data><text_data language="Spanish">
            <text from_TM="False" rev_id="11" status="Complete" time="1222354203">Spanish : ly/2004</text>
            <marker end="0" id="-1" start="-1" />
            <marker end="17" id="0" start="6" />
          </text_data><text_data language="English">
            <text from_TM="False" rev_id="11" status="Complete" time="1222354203">Date: 1/July/2004</text>
            <marker end="0" id="-1" start="-1" />
            <marker end="17" id="0" start="6" />
          </text_data><marker_def id="-1" type="html">
            <html_marker tag="strong" />
          </marker_def><marker_def id="0" type="html">
            <html_marker tag="strong" />
          </marker_def>
        </ta_sentence><ta_sentence do_translation="yes" encoding="utf-8" format="1" id="161" original_language="English">
          <space_before />
          <space_after />
          <text_data language="German">
            <text from_TM="False" rev_id="13" status="New" time="1222355938">Description:</text>
          </text_data><text_data language="Spanish">
            <text from_TM="False" rev_id="11" status="Complete" time="1222354203">Spanish : n:</text>
          </text_data><text_data language="English">
            <text from_TM="False" rev_id="11" status="Complete" time="1222354203">Description:</text>
          </text_data>
        </ta_sentence><ta_sentence do_translation="yes" encoding="utf-8" format="1" id="162" original_language="English">
          <space_before> </space_before>
          <space_after />
          <text_data language="German">
            <text from_TM="False" rev_id="13" status="New" time="1222355938">This is a bug-fix version.</text>
          </text_data><text_data language="Spanish">
            <text from_TM="False" rev_id="11" status="Complete" time="1222354203">Spanish : bug-fix version.</text>
          </text_data><text_data language="English">
            <text from_TM="False" rev_id="11" status="Complete" time="1222354203">This is a bug-fix version.</text>
          </text_data>
        </ta_sentence><ta_sentence do_translation="yes" encoding="utf-8" format="1" id="163" original_language="English">
          <space_before> </space_before>
          <space_after />
          <text_data language="German">
            <text from_TM="False" rev_id="13" status="New" time="1222355938">Several non-critical bugs were fixed.</text>
          </text_data><text_data language="Spanish">
            <text from_TM="False" rev_id="11" status="Complete" time="1222354203">Spanish : n-critical bugs were fixed.</text>
          </text_data><text_data language="English">
            <text from_TM="False" rev_id="11" status="Complete" time="1222354203">Several non-critical bugs were fixed.</text>
          </text_data>
        </ta_sentence><ta_sentence do_translation="yes" encoding="utf-8" format="1" id="164" original_language="English">
          <space_before> </space_before>
          <space_after />
          <text_data language="German">
            <text from_TM="False" rev_id="13" status="New" time="1222355938">As a result, adding and removing photos from albums, and simple photo editing is now much faster. </text>
          </text_data><text_data language="Spanish">
            <text from_TM="False" rev_id="11" status="Complete" time="1222354203">Spanish : t, adding and removing photos from albums, and simple photo editing is now much faster. </text>
          </text_data><text_data language="English">
            <text from_TM="False" rev_id="11" status="Complete" time="1222354203">As a result, adding and removing photos from albums, and simple photo editing is now much faster. </text>
          </text_data>
        </ta_sentence><ta_sentence do_translation="no" encoding="utf-8" format="1" id="165" original_language="English">
          <space_before />
          <space_after />
          <text_data language="German">
            <text from_TM="False" rev_id="13" status="New" time="1222355938" />
          </text_data><text_data language="Spanish">
            <text from_TM="False" rev_id="-1" status="Complete" time="1222355861" />
          </text_data><text_data language="English">
            <text from_TM="False" status="Complete" time="1222355861" />
          </text_data>
        </ta_sentence><ta_sentence do_translation="yes" encoding="utf-8" format="1" id="166" original_language="English">
          <space_before />
          <space_after />
          <text_data language="German">
            <text from_TM="False" rev_id="13" status="New" time="1222355938">Version: 2.1.0</text>
            <marker end="-1" id="0" start="9" />
            <marker end="-1" id="0" start="9" />
          </text_data><text_data language="Spanish">
            <text from_TM="False" rev_id="11" status="Complete" time="1222354203">Spanish : .1.0</text>
            <marker end="-1" id="0" start="9" />
            <marker end="-1" id="0" start="9" />
          </text_data><text_data language="English">
            <text from_TM="False" rev_id="11" status="Complete" time="1222354203">Version: 2.1.0</text>
            <marker end="-1" id="0" start="9" />
            <marker end="-1" id="0" start="9" />
          </text_data><marker_def id="0" type="html">
            <html_marker tag="strong" />
          </marker_def>
        </ta_sentence><ta_sentence do_translation="yes" encoding="utf-8" format="1" id="167" original_language="English">
          <space_before> </space_before>
          <space_after />
          <text_data language="German">
            <text from_TM="False" rev_id="13" status="New" time="1222355938">Date: 13/June/2004</text>
            <marker end="0" id="-1" start="-1" />
            <marker end="18" id="0" start="6" />
          </text_data><text_data language="Spanish">
            <text from_TM="False" rev_id="11" status="Complete" time="1222354203">Spanish : une/2004</text>
            <marker end="0" id="-1" start="-1" />
            <marker end="18" id="0" start="6" />
          </text_data><text_data language="English">
            <text from_TM="False" rev_id="11" status="Complete" time="1222354203">Date: 13/June/2004</text>
            <marker end="0" id="-1" start="-1" />
            <marker end="18" id="0" start="6" />
          </text_data><marker_def id="-1" type="html">
            <html_marker tag="strong" />
          </marker_def><marker_def id="0" type="html">
            <html_marker tag="strong" />
          </marker_def>
        </ta_sentence><ta_sentence do_translation="yes" encoding="utf-8" format="1" id="168" original_language="English">
          <space_before />
          <space_after />
          <text_data language="German">
            <text from_TM="False" rev_id="13" status="New" time="1222355938">Description:</text>
          </text_data><text_data language="Spanish">
            <text from_TM="False" rev_id="11" status="Complete" time="1222354203">Spanish : n:</text>
          </text_data><text_data language="English">
            <text from_TM="False" rev_id="11" status="Complete" time="1222354203">Description:</text>
          </text_data>
        </ta_sentence><ta_sentence do_translation="yes" encoding="utf-8" format="1" id="169" original_language="English">
          <space_before> </space_before>
          <space_after> </space_after>
          <text_data language="German">
            <text from_TM="False" rev_id="13" status="New" time="1222355938">General</text>
            <marker end="7" id="0" start="0" />
          </text_data><text_data language="Spanish">
            <text from_TM="False" rev_id="11" status="Complete" time="1222354203">Spanish : </text>
            <marker end="7" id="0" start="0" />
          </text_data><text_data language="English">
            <text from_TM="False" rev_id="11" status="Complete" time="1222354203">General</text>
            <marker end="7" id="0" start="0" />
          </text_data><marker_def id="0" type="html">
            <html_marker tag="strong" />
          </marker_def>
        </ta_sentence><ta_sentence do_translation="yes" encoding="utf-8" format="1" id="170" original_language="English">
          <space_before />
          <space_after />
          <text_data language="German">
            <text from_TM="False" rev_id="13" status="New" time="1222355938">Added virtual albums for file arrangement.</text>
          </text_data><text_data language="Spanish">
            <text from_TM="False" rev_id="11" status="Complete" time="1222354203">Spanish : ual albums for file arrangement.</text>
          </text_data><text_data language="English">
            <text from_TM="False" rev_id="11" status="Complete" time="1222354203">Added virtual albums for file arrangement.</text>
          </text_data>
        </ta_sentence><ta_sentence do_translation="yes" encoding="utf-8" format="1" id="171" original_language="English">
          <space_before> </space_before>
          <space_after />
          <text_data language="German">
            <text from_TM="False" rev_id="13" status="New" time="1222355938">Added print CD generation.</text>
          </text_data><text_data language="Spanish">
            <text from_TM="False" rev_id="11" status="Complete" time="1222354203">Spanish : t CD generation.</text>
          </text_data><text_data language="English">
            <text from_TM="False" rev_id="11" status="Complete" time="1222354203">Added print CD generation.</text>
          </text_data>
        </ta_sentence><ta_sentence do_translation="yes" encoding="utf-8" format="1" id="172" original_language="English">
          <space_before> </space_before>
          <space_after />
          <text_data language="German">
            <text from_TM="False" rev_id="13" status="New" time="1222355938">Added format conversion (save to different file formats).</text>
          </text_data><text_data language="Spanish">
            <text from_TM="False" rev_id="11" status="Complete" time="1222354203">Spanish : at conversion (save to different file formats).</text>
          </text_data><text_data language="English">
            <text from_TM="False" rev_id="11" status="Complete" time="1222354203">Added format conversion (save to different file formats).</text>
          </text_data>
        </ta_sentence><ta_sentence do_translation="yes" encoding="utf-8" format="1" id="173" original_language="English">
          <space_before> </space_before>
          <space_after />
          <text_data language="German">
            <text from_TM="False" rev_id="13" status="New" time="1222355938">Added support for digital camera RAW formats.</text>
          </text_data><text_data language="Spanish">
            <text from_TM="False" rev_id="11" status="Complete" time="1222354203">Spanish : ort for digital camera RAW formats.</text>
          </text_data><text_data language="English">
            <text from_TM="False" rev_id="11" status="Complete" time="1222354203">Added support for digital camera RAW formats.</text>
          </text_data>
        </ta_sentence><ta_sentence do_translation="yes" encoding="utf-8" format="1" id="174" original_language="English">
          <space_before> </space_before>
          <space_after />
          <text_data language="German">
            <text from_TM="False" rev_id="13" status="New" time="1222355938">Added image cropping.</text>
          </text_data><text_data language="Spanish">
            <text from_TM="False" rev_id="11" status="Complete" time="1222354203">Spanish : e cropping.</text>
          </text_data><text_data language="English">
            <text from_TM="False" rev_id="11" status="Complete" time="1222354203">Added image cropping.</text>
          </text_data>
        </ta_sentence><ta_sentence do_translation="yes" encoding="utf-8" format="1" id="175" original_language="English">
          <space_before> </space_before>
          <space_after />
          <text_data language="German">
            <text from_TM="False" rev_id="13" status="New" time="1222355938">Added plain text index creation (for disc label generation).</text>
          </text_data><text_data language="Spanish">
            <text from_TM="False" rev_id="11" status="Complete" time="1222354203">Spanish : n text index creation (for disc label generation).</text>
          </text_data><text_data language="English">
            <text from_TM="False" rev_id="11" status="Complete" time="1222354203">Added plain text index creation (for disc label generation).</text>
          </text_data>
        </ta_sentence><ta_sentence do_translation="yes" encoding="utf-8" format="1" id="176" original_language="English">
          <space_before> </space_before>
          <space_after />
          <text_data language="German">
            <text from_TM="False" rev_id="13" status="New" time="1222355938">Thumbnails</text>
            <marker end="10" id="0" start="0" />
          </text_data><text_data language="Spanish">
            <text from_TM="False" rev_id="11" status="Complete" time="1222354203">Spanish : </text>
            <marker end="10" id="0" start="0" />
          </text_data><text_data language="English">
            <text from_TM="False" rev_id="11" status="Complete" time="1222354203">Thumbnails</text>
            <marker end="10" id="0" start="0" />
          </text_data><marker_def id="0" type="html">
            <html_marker tag="strong" />
          </marker_def>
        </ta_sentence><ta_sentence do_translation="yes" encoding="utf-8" format="1" id="177" original_language="English">
          <space_before> </space_before>
          <space_after />
          <text_data language="German">
            <text from_TM="False" rev_id="13" status="New" time="1222355938">Thumbnail browsing is now faster and smoother, with several display issues resolved.</text>
          </text_data><text_data language="Spanish">
            <text from_TM="False" rev_id="11" status="Complete" time="1222354203">Spanish : browsing is now faster and smoother, with several display issues resolved.</text>
          </text_data><text_data language="English">
            <text from_TM="False" rev_id="11" status="Complete" time="1222354203">Thumbnail browsing is now faster and smoother, with several display issues resolved.</text>
          </text_data>
        </ta_sentence><ta_sentence do_translation="yes" encoding="utf-8" format="1" id="178" original_language="English">
          <space_before> </space_before>
          <space_after />
          <text_data language="German">
            <text from_TM="False" rev_id="13" status="New" time="1222355938">Image viewer</text>
            <marker end="12" id="0" start="0" />
          </text_data><text_data language="Spanish">
            <text from_TM="False" rev_id="11" status="Complete" time="1222354203">Spanish : er</text>
            <marker end="12" id="0" start="0" />
          </text_data><text_data language="English">
            <text from_TM="False" rev_id="11" status="Complete" time="1222354203">Image viewer</text>
            <marker end="12" id="0" start="0" />
          </text_data><marker_def id="0" type="html">
            <html_marker tag="strong" />
          </marker_def>
        </ta_sentence><ta_sentence do_translation="yes" encoding="utf-8" format="1" id="179" original_language="English">
          <space_before> </space_before>
          <space_after />
          <text_data language="German">
            <text from_TM="False" rev_id="13" status="New" time="1222355938">Added full screen image viewer.</text>
          </text_data><text_data language="Spanish">
            <text from_TM="False" rev_id="11" status="Complete" time="1222354203">Spanish :  screen image viewer.</text>
          </text_data><text_data language="English">
            <text from_TM="False" rev_id="11" status="Complete" time="1222354203">Added full screen image viewer.</text>
          </text_data>
        </ta_sentence><ta_sentence do_translation="yes" encoding="utf-8" format="1" id="180" original_language="English">
          <space_before> </space_before>
          <space_after />
          <text_data language="German">
            <text from_TM="False" rev_id="13" status="New" time="1222355938">CD burning</text>
            <marker end="10" id="0" start="0" />
          </text_data><text_data language="Spanish">
            <text from_TM="False" rev_id="11" status="Complete" time="1222354203">Spanish : </text>
            <marker end="10" id="0" start="0" />
          </text_data><text_data language="English">
            <text from_TM="False" rev_id="11" status="Complete" time="1222354203">CD burning</text>
            <marker end="10" id="0" start="0" />
          </text_data><marker_def id="0" type="html">
            <html_marker tag="strong" />
          </marker_def>
        </ta_sentence><ta_sentence do_translation="yes" encoding="utf-8" format="1" id="181" original_language="English">
          <space_before> </space_before>
          <space_after />
          <text_data language="German">
            <text from_TM="False" rev_id="13" status="New" time="1222355938">New version of burner library with better support for some DVD burners.</text>
          </text_data><text_data language="Spanish">
            <text from_TM="False" rev_id="11" status="Complete" time="1222354203">Spanish : n of burner library with better support for some DVD burners.</text>
          </text_data><text_data language="English">
            <text from_TM="False" rev_id="11" status="Complete" time="1222354203">New version of burner library with better support for some DVD burners.</text>
          </text_data>
        </ta_sentence><ta_sentence do_translation="yes" encoding="utf-8" format="1" id="182" original_language="English">
          <space_before />
          <space_after />
          <text_data language="German">
            <text from_TM="False" rev_id="13" status="New" time="1222355938">Version: 2.0.5</text>
            <marker end="-1" id="0" start="9" />
            <marker end="-1" id="0" start="9" />
          </text_data><text_data language="Spanish">
            <text from_TM="False" rev_id="11" status="Complete" time="1222354203">Spanish : .0.5</text>
            <marker end="-1" id="0" start="9" />
            <marker end="-1" id="0" start="9" />
          </text_data><text_data language="English">
            <text from_TM="False" rev_id="11" status="Complete" time="1222354203">Version: 2.0.5</text>
            <marker end="-1" id="0" start="9" />
            <marker end="-1" id="0" start="9" />
          </text_data><marker_def id="0" type="html">
            <html_marker tag="strong" />
          </marker_def>
        </ta_sentence><ta_sentence do_translation="yes" encoding="utf-8" format="1" id="183" original_language="English">
          <space_before> </space_before>
          <space_after> </space_after>
          <text_data language="German">
            <text from_TM="False" rev_id="13" status="New" time="1222355938">Date: 18/4/2004</text>
            <marker end="0" id="-1" start="-1" />
            <marker end="15" id="0" start="6" />
          </text_data><text_data language="Spanish">
            <text from_TM="False" rev_id="11" status="Complete" time="1222354203">Spanish : /2004</text>
            <marker end="0" id="-1" start="-1" />
            <marker end="15" id="0" start="6" />
          </text_data><text_data language="English">
            <text from_TM="False" rev_id="11" status="Complete" time="1222354203">Date: 18/4/2004</text>
            <marker end="0" id="-1" start="-1" />
            <marker end="15" id="0" start="6" />
          </text_data><marker_def id="-1" type="html">
            <html_marker tag="strong" />
          </marker_def><marker_def id="0" type="html">
            <html_marker tag="strong" />
          </marker_def>
        </ta_sentence><ta_sentence do_translation="yes" encoding="utf-8" format="1" id="184" original_language="English">
          <space_before />
          <space_after />
          <text_data language="German">
            <text from_TM="False" rev_id="13" status="New" time="1222355938">Credit: Many thanks to Michal Pecek from Australia</text>
            <marker end="35" id="0" start="23" />
          </text_data><text_data language="Spanish">
            <text from_TM="False" rev_id="11" status="Complete" time="1222354203">Spanish : ny thanks to Michal Pecek from Australia</text>
            <marker end="35" id="0" start="23" />
          </text_data><text_data language="English">
            <text from_TM="False" rev_id="11" status="Complete" time="1222354203">Credit: Many thanks to Michal Pecek from Australia</text>
            <marker end="35" id="0" start="23" />
          </text_data><marker_def id="0" type="html">
            <html_marker tag="strong" />
          </marker_def>
        </ta_sentence><ta_sentence do_translation="yes" encoding="utf-8" format="1" id="185" original_language="English">
          <space_before />
          <space_after />
          <text_data language="German">
            <text from_TM="False" rev_id="13" status="New" time="1222355938">Description:</text>
          </text_data><text_data language="Spanish">
            <text from_TM="False" rev_id="11" status="Complete" time="1222354203">Spanish : n:</text>
          </text_data><text_data language="English">
            <text from_TM="False" rev_id="11" status="Complete" time="1222354203">Description:</text>
          </text_data>
        </ta_sentence><ta_sentence do_translation="yes" encoding="utf-8" format="1" id="186" original_language="English">
          <space_before> </space_before>
          <space_after />
          <text_data language="German">
            <text from_TM="False" rev_id="13" status="New" time="1222355938">General</text>
            <marker end="7" id="0" start="0" />
          </text_data><text_data language="Spanish">
            <text from_TM="False" rev_id="11" status="Complete" time="1222354203">Spanish : </text>
            <marker end="7" id="0" start="0" />
          </text_data><text_data language="English">
            <text from_TM="False" rev_id="11" status="Complete" time="1222354203">General</text>
            <marker end="7" id="0" start="0" />
          </text_data><marker_def id="0" type="html">
            <html_marker tag="strong" />
          </marker_def>
        </ta_sentence><ta_sentence do_translation="yes" encoding="utf-8" format="1" id="187" original_language="English">
          <space_before> </space_before>
          <space_after />
          <text_data language="German">
            <text from_TM="False" rev_id="13" status="New" time="1222355938">When verification fails, files are marked for backup.</text>
          </text_data><text_data language="Spanish">
            <text from_TM="False" rev_id="11" status="Complete" time="1222354203">Spanish : ication fails, files are marked for backup.</text>
          </text_data><text_data language="English">
            <text from_TM="False" rev_id="11" status="Complete" time="1222354203">When verification fails, files are marked for backup.</text>
          </text_data>
        </ta_sentence><ta_sentence do_translation="yes" encoding="utf-8" format="1" id="188" original_language="English">
          <space_before> </space_before>
          <space_after />
          <text_data language="German">
            <text from_TM="False" rev_id="13" status="New" time="1222355938">Session database is stored on Index CD.</text>
          </text_data><text_data language="Spanish">
            <text from_TM="False" rev_id="11" status="Complete" time="1222354203">Spanish : tabase is stored on Index CD.</text>
          </text_data><text_data language="English">
            <text from_TM="False" rev_id="11" status="Complete" time="1222354203">Session database is stored on Index CD.</text>
          </text_data>
        </ta_sentence><ta_sentence do_translation="yes" encoding="utf-8" format="1" id="189" original_language="English">
          <space_before> </space_before>
          <space_after />
          <text_data language="German">
            <text from_TM="False" rev_id="13" status="New" time="1222355938">Files are restored to correct folder even if they are moved after backup.</text>
          </text_data><text_data language="Spanish">
            <text from_TM="False" rev_id="11" status="Complete" time="1222354203">Spanish : restored to correct folder even if they are moved after backup.</text>
          </text_data><text_data language="English">
            <text from_TM="False" rev_id="11" status="Complete" time="1222354203">Files are restored to correct folder even if they are moved after backup.</text>
          </text_data>
        </ta_sentence><ta_sentence do_translation="yes" encoding="utf-8" format="1" id="190" original_language="English">
          <space_before> </space_before>
          <space_after />
          <text_data language="German">
            <text from_TM="False" rev_id="13" status="New" time="1222355938">Thumbnails</text>
            <marker end="10" id="0" start="0" />
          </text_data><text_data language="Spanish">
            <text from_TM="False" rev_id="11" status="Complete" time="1222354203">Spanish : </text>
            <marker end="10" id="0" start="0" />
          </text_data><text_data language="English">
            <text from_TM="False" rev_id="11" status="Complete" time="1222354203">Thumbnails</text>
            <marker end="10" id="0" start="0" />
          </text_data><marker_def id="0" type="html">
            <html_marker tag="strong" />
          </marker_def>
        </ta_sentence><ta_sentence do_translation="yes" encoding="utf-8" format="1" id="191" original_language="English">
          <space_before> </space_before>
          <space_after />
          <text_data language="German">
            <text from_TM="False" rev_id="13" status="New" time="1222355938">Changed graphics library - thumbnails are now generated about x10 faster.</text>
          </text_data><text_data language="Spanish">
            <text from_TM="False" rev_id="11" status="Complete" time="1222354203">Spanish : aphics library - thumbnails are now generated about x10 faster.</text>
          </text_data><text_data language="English">
            <text from_TM="False" rev_id="11" status="Complete" time="1222354203">Changed graphics library - thumbnails are now generated about x10 faster.</text>
          </text_data>
        </ta_sentence><ta_sentence do_translation="yes" encoding="utf-8" format="1" id="192" original_language="English">
          <space_before> </space_before>
          <space_after />
          <text_data language="German">
            <text from_TM="False" rev_id="13" status="New" time="1222355938">Thumbnails are generated with antialias filter to produce high quality images.</text>
          </text_data><text_data language="Spanish">
            <text from_TM="False" rev_id="11" status="Complete" time="1222354203">Spanish :  are generated with antialias filter to produce high quality images.</text>
          </text_data><text_data language="English">
            <text from_TM="False" rev_id="11" status="Complete" time="1222354203">Thumbnails are generated with antialias filter to produce high quality images.</text>
          </text_data>
        </ta_sentence><ta_sentence do_translation="yes" encoding="utf-8" format="1" id="193" original_language="English">
          <space_before> </space_before>
          <space_after />
          <text_data language="German">
            <text from_TM="False" rev_id="13" status="New" time="1222355938">Many more graphics formats are now supported including PSD and others.</text>
          </text_data><text_data language="Spanish">
            <text from_TM="False" rev_id="11" status="Complete" time="1222354203">Spanish : graphics formats are now supported including PSD and others.</text>
          </text_data><text_data language="English">
            <text from_TM="False" rev_id="11" status="Complete" time="1222354203">Many more graphics formats are now supported including PSD and others.</text>
          </text_data>
        </ta_sentence><ta_sentence do_translation="yes" encoding="utf-8" format="1" id="194" original_language="English">
          <space_before> </space_before>
          <space_after />
          <text_data language="German">
            <text from_TM="False" rev_id="13" status="New" time="1222355938">Image viewer</text>
            <marker end="12" id="0" start="0" />
          </text_data><text_data language="Spanish">
            <text from_TM="False" rev_id="11" status="Complete" time="1222354203">Spanish : er</text>
            <marker end="12" id="0" start="0" />
          </text_data><text_data language="English">
            <text from_TM="False" rev_id="11" status="Complete" time="1222354203">Image viewer</text>
            <marker end="12" id="0" start="0" />
          </text_data><marker_def id="0" type="html">
            <html_marker tag="strong" />
          </marker_def>
        </ta_sentence><ta_sentence do_translation="yes" encoding="utf-8" format="1" id="195" original_language="English">
          <space_before> </space_before>
          <space_after />
          <text_data language="German">
            <text from_TM="False" rev_id="13" status="New" time="1222355938">Image viewer moved to same window as application window.</text>
          </text_data><text_data language="Spanish">
            <text from_TM="False" rev_id="11" status="Complete" time="1222354203">Spanish : er moved to same window as application window.</text>
          </text_data><text_data language="English">
            <text from_TM="False" rev_id="11" status="Complete" time="1222354203">Image viewer moved to same window as application window.</text>
          </text_data>
        </ta_sentence><ta_sentence do_translation="yes" encoding="utf-8" format="1" id="196" original_language="English">
          <space_before />
          <space_after />
          <text_data language="German">
            <text from_TM="False" rev_id="13" status="New" time="1222355938">Version: 2.0.3</text>
            <marker end="-1" id="0" start="9" />
            <marker end="-1" id="0" start="9" />
          </text_data><text_data language="Spanish">
            <text from_TM="False" rev_id="11" status="Complete" time="1222354203">Spanish : .0.3</text>
            <marker end="-1" id="0" start="9" />
            <marker end="-1" id="0" start="9" />
          </text_data><text_data language="English">
            <text from_TM="False" rev_id="11" status="Complete" time="1222354203">Version: 2.0.3</text>
            <marker end="-1" id="0" start="9" />
            <marker end="-1" id="0" start="9" />
          </text_data><marker_def id="0" type="html">
            <html_marker tag="strong" />
          </marker_def>
        </ta_sentence><ta_sentence do_translation="yes" encoding="utf-8" format="1" id="197" original_language="English">
          <space_before> </space_before>
          <space_after />
          <text_data language="German">
            <text from_TM="False" rev_id="13" status="New" time="1222355938">Date: 06/4/2004</text>
            <marker end="0" id="-1" start="-1" />
            <marker end="15" id="0" start="6" />
          </text_data><text_data language="Spanish">
            <text from_TM="False" rev_id="11" status="Complete" time="1222354203">Spanish : /2004</text>
            <marker end="0" id="-1" start="-1" />
            <marker end="15" id="0" start="6" />
          </text_data><text_data language="English">
            <text from_TM="False" rev_id="11" status="Complete" time="1222354203">Date: 06/4/2004</text>
            <marker end="0" id="-1" start="-1" />
            <marker end="15" id="0" start="6" />
          </text_data><marker_def id="-1" type="html">
            <html_marker tag="strong" />
          </marker_def><marker_def id="0" type="html">
            <html_marker tag="strong" />
          </marker_def>
        </ta_sentence><ta_sentence do_translation="yes" encoding="utf-8" format="1" id="198" original_language="English">
          <space_before />
          <space_after />
          <text_data language="German">
            <text from_TM="False" rev_id="13" status="New" time="1222355938">Credit: Many thanks to www.snapfiles.com</text>
            <marker end="40" id="0" start="23" />
          </text_data><text_data language="Spanish">
            <text from_TM="False" rev_id="11" status="Complete" time="1222354203">Spanish : ny thanks to www.snapfiles.com</text>
            <marker end="40" id="0" start="23" />
          </text_data><text_data language="English">
            <text from_TM="False" rev_id="11" status="Complete" time="1222354203">Credit: Many thanks to www.snapfiles.com</text>
            <marker end="40" id="0" start="23" />
          </text_data><marker_def id="0" type="html">
            <html_marker tag="a">
              <attr name="href" val="http://www.snapfiles.com/" />
            </html_marker>
          </marker_def>
        </ta_sentence><ta_sentence do_translation="yes" encoding="utf-8" format="1" id="199" original_language="English">
          <space_before />
          <space_after />
          <text_data language="German">
            <text from_TM="False" rev_id="13" status="New" time="1222355938">Description:</text>
          </text_data><text_data language="Spanish">
            <text from_TM="False" rev_id="11" status="Complete" time="1222354203">Spanish : n:</text>
          </text_data><text_data language="English">
            <text from_TM="False" rev_id="11" status="Complete" time="1222354203">Description:</text>
          </text_data>
        </ta_sentence><ta_sentence do_translation="yes" encoding="utf-8" format="1" id="200" original_language="English">
          <space_before> </space_before>
          <space_after />
          <text_data language="German">
            <text from_TM="False" rev_id="13" status="New" time="1222355938">General</text>
            <marker end="7" id="0" start="0" />
          </text_data><text_data language="Spanish">
            <text from_TM="False" rev_id="11" status="Complete" time="1222354203">Spanish : </text>
            <marker end="7" id="0" start="0" />
          </text_data><text_data language="English">
            <text from_TM="False" rev_id="11" status="Complete" time="1222354203">General</text>
            <marker end="7" id="0" start="0" />
          </text_data><marker_def id="0" type="html">
            <html_marker tag="span">
              <attr name="class" val="Text-Bold" />
            </html_marker>
          </marker_def>
        </ta_sentence><ta_sentence do_translation="yes" encoding="utf-8" format="1" id="201" original_language="English">
          <space_before> </space_before>
          <space_after />
          <text_data language="German">
            <text from_TM="False" rev_id="13" status="New" time="1222355938">Fixed bug that prevented making backup during evaluation.</text>
          </text_data><text_data language="Spanish">
            <text from_TM="False" rev_id="11" status="Complete" time="1222354203">Spanish : that prevented making backup during evaluation.</text>
          </text_data><text_data language="English">
            <text from_TM="False" rev_id="11" status="Complete" time="1222354203">Fixed bug that prevented making backup during evaluation.</text>
          </text_data>
        </ta_sentence><ta_sentence do_translation="yes" encoding="utf-8" format="1" id="202" original_language="English">
          <space_before />
          <space_after />
          <text_data language="German">
            <text from_TM="False" rev_id="13" status="New" time="1222355938">Version: 2.0.1</text>
            <marker end="-1" id="0" start="9" />
            <marker end="-1" id="0" start="9" />
          </text_data><text_data language="Spanish">
            <text from_TM="False" rev_id="11" status="Complete" time="1222354203">Spanish : .0.1</text>
            <marker end="-1" id="0" start="9" />
            <marker end="-1" id="0" start="9" />
          </text_data><text_data language="English">
            <text from_TM="False" rev_id="11" status="Complete" time="1222354203">Version: 2.0.1</text>
            <marker end="-1" id="0" start="9" />
            <marker end="-1" id="0" start="9" />
          </text_data><marker_def id="0" type="html">
            <html_marker tag="strong" />
          </marker_def>
        </ta_sentence><ta_sentence do_translation="yes" encoding="utf-8" format="1" id="203" original_language="English">
          <space_before> </space_before>
          <space_after />
          <text_data language="German">
            <text from_TM="False" rev_id="13" status="New" time="1222355938">Date: 02/4/2004</text>
            <marker end="0" id="-1" start="-1" />
            <marker end="15" id="0" start="6" />
          </text_data><text_data language="Spanish">
            <text from_TM="False" rev_id="11" status="Complete" time="1222354203">Spanish : /2004</text>
            <marker end="0" id="-1" start="-1" />
            <marker end="15" id="0" start="6" />
          </text_data><text_data language="English">
            <text from_TM="False" rev_id="11" status="Complete" time="1222354203">Date: 02/4/2004</text>
            <marker end="0" id="-1" start="-1" />
            <marker end="15" id="0" start="6" />
          </text_data><marker_def id="-1" type="html">
            <html_marker tag="strong" />
          </marker_def><marker_def id="0" type="html">
            <html_marker tag="strong" />
          </marker_def>
        </ta_sentence><ta_sentence do_translation="yes" encoding="utf-8" format="1" id="204" original_language="English">
          <space_before />
          <space_after />
          <text_data language="German">
            <text from_TM="False" rev_id="13" status="New" time="1222355938">Description:</text>
          </text_data><text_data language="Spanish">
            <text from_TM="False" rev_id="11" status="Complete" time="1222354203">Spanish : n:</text>
          </text_data><text_data language="English">
            <text from_TM="False" rev_id="11" status="Complete" time="1222354203">Description:</text>
          </text_data>
        </ta_sentence><ta_sentence do_translation="yes" encoding="utf-8" format="1" id="205" original_language="English">
          <space_before> </space_before>
          <space_after />
          <text_data language="German">
            <text from_TM="False" rev_id="13" status="New" time="1222355938">General</text>
            <marker end="7" id="0" start="0" />
          </text_data><text_data language="Spanish">
            <text from_TM="False" rev_id="11" status="Complete" time="1222354203">Spanish : </text>
            <marker end="7" id="0" start="0" />
          </text_data><text_data language="English">
            <text from_TM="False" rev_id="11" status="Complete" time="1222354203">General</text>
            <marker end="7" id="0" start="0" />
          </text_data><marker_def id="0" type="html">
            <html_marker tag="strong" />
          </marker_def>
        </ta_sentence><ta_sentence do_translation="yes" encoding="utf-8" format="1" id="206" original_language="English">
          <space_before> </space_before>
          <space_after />
          <text_data language="German">
            <text from_TM="False" rev_id="13" status="New" time="1222355938">Added image thumbnail view.</text>
          </text_data><text_data language="Spanish">
            <text from_TM="False" rev_id="11" status="Complete" time="1222354203">Spanish : e thumbnail view.</text>
          </text_data><text_data language="English">
            <text from_TM="False" rev_id="11" status="Complete" time="1222354203">Added image thumbnail view.</text>
          </text_data>
        </ta_sentence><ta_sentence do_translation="yes" encoding="utf-8" format="1" id="207" original_language="English">
          <space_before> </space_before>
          <space_after />
          <text_data language="German">
            <text from_TM="False" rev_id="13" status="New" time="1222355938">Added image viewer with rotate and caption features.</text>
          </text_data><text_data language="Spanish">
            <text from_TM="False" rev_id="11" status="Complete" time="1222354203">Spanish : e viewer with rotate and caption features.</text>
          </text_data><text_data language="English">
            <text from_TM="False" rev_id="11" status="Complete" time="1222354203">Added image viewer with rotate and caption features.</text>
          </text_data>
        </ta_sentence><ta_sentence do_translation="yes" encoding="utf-8" format="1" id="208" original_language="English">
          <space_before> </space_before>
          <space_after />
          <text_data language="German">
            <text from_TM="False" rev_id="13" status="New" time="1222355938">Indexing is about 5 times faster.</text>
          </text_data><text_data language="Spanish">
            <text from_TM="False" rev_id="11" status="Complete" time="1222354203">Spanish : s about 5 times faster.</text>
          </text_data><text_data language="English">
            <text from_TM="False" rev_id="11" status="Complete" time="1222354203">Indexing is about 5 times faster.</text>
          </text_data>
        </ta_sentence><ta_sentence do_translation="yes" encoding="utf-8" format="1" id="209" original_language="English">
          <space_before />
          <space_after />
          <text_data language="German">
            <text from_TM="False" rev_id="13" status="New" time="1222355938">Version: 2.0</text>
            <marker end="-1" id="0" start="9" />
            <marker end="-1" id="0" start="9" />
          </text_data><text_data language="Spanish">
            <text from_TM="False" rev_id="11" status="Complete" time="1222354203">Spanish : .0</text>
            <marker end="-1" id="0" start="9" />
            <marker end="-1" id="0" start="9" />
          </text_data><text_data language="English">
            <text from_TM="False" rev_id="11" status="Complete" time="1222354203">Version: 2.0</text>
            <marker end="-1" id="0" start="9" />
            <marker end="-1" id="0" start="9" />
          </text_data><marker_def id="0" type="html">
            <html_marker tag="strong" />
          </marker_def>
        </ta_sentence><ta_sentence do_translation="yes" encoding="utf-8" format="1" id="210" original_language="English">
          <space_before> </space_before>
          <space_after />
          <text_data language="German">
            <text from_TM="False" rev_id="13" status="New" time="1222355938">Date: 21/3/2004</text>
            <marker end="0" id="-1" start="-1" />
            <marker end="15" id="0" start="6" />
          </text_data><text_data language="Spanish">
            <text from_TM="False" rev_id="11" status="Complete" time="1222354203">Spanish : /2004</text>
            <marker end="0" id="-1" start="-1" />
            <marker end="15" id="0" start="6" />
          </text_data><text_data language="English">
            <text from_TM="False" rev_id="11" status="Complete" time="1222354203">Date: 21/3/2004</text>
            <marker end="0" id="-1" start="-1" />
            <marker end="15" id="0" start="6" />
          </text_data><marker_def id="-1" type="html">
            <html_marker tag="strong" />
          </marker_def><marker_def id="0" type="html">
            <html_marker tag="strong" />
          </marker_def>
        </ta_sentence><ta_sentence do_translation="yes" encoding="utf-8" format="1" id="211" original_language="English">
          <space_before />
          <space_after />
          <text_data language="German">
            <text from_TM="False" rev_id="13" status="New" time="1222355938">Description:</text>
          </text_data><text_data language="Spanish">
            <text from_TM="False" rev_id="11" status="Complete" time="1222354203">Spanish : n:</text>
          </text_data><text_data language="English">
            <text from_TM="False" rev_id="11" status="Complete" time="1222354203">Description:</text>
          </text_data>
        </ta_sentence><ta_sentence do_translation="yes" encoding="utf-8" format="1" id="212" original_language="English">
          <space_before> </space_before>
          <space_after />
          <text_data language="German">
            <text from_TM="False" rev_id="13" status="New" time="1222355938">General</text>
            <marker end="7" id="0" start="0" />
          </text_data><text_data language="Spanish">
            <text from_TM="False" rev_id="11" status="Complete" time="1222354203">Spanish : </text>
            <marker end="7" id="0" start="0" />
          </text_data><text_data language="English">
            <text from_TM="False" rev_id="11" status="Complete" time="1222354203">General</text>
            <marker end="7" id="0" start="0" />
          </text_data><marker_def id="0" type="html">
            <html_marker tag="strong" />
          </marker_def>
        </ta_sentence><ta_sentence do_translation="yes" encoding="utf-8" format="1" id="213" original_language="English">
          <space_before> </space_before>
          <space_after />
          <text_data language="German">
            <text from_TM="False" rev_id="13" status="New" time="1222355938">Changed interface to standard Windows style.</text>
          </text_data><text_data language="Spanish">
            <text from_TM="False" rev_id="11" status="Complete" time="1222354203">Spanish : terface to standard Windows style.</text>
          </text_data><text_data language="English">
            <text from_TM="False" rev_id="11" status="Complete" time="1222354203">Changed interface to standard Windows style.</text>
          </text_data>
        </ta_sentence><ta_sentence do_translation="yes" encoding="utf-8" format="1" id="214" original_language="English">
          <space_before> </space_before>
          <space_after />
          <text_data language="German">
            <text from_TM="False" rev_id="13" status="New" time="1222355938">Added menus, shortcuts and other standard controls.</text>
          </text_data><text_data language="Spanish">
            <text from_TM="False" rev_id="11" status="Complete" time="1222354203">Spanish : s, shortcuts and other standard controls.</text>
          </text_data><text_data language="English">
            <text from_TM="False" rev_id="11" status="Complete" time="1222354203">Added menus, shortcuts and other standard controls.</text>
          </text_data>
        </ta_sentence><ta_sentence do_translation="yes" encoding="utf-8" format="1" id="215" original_language="English">
          <space_before> </space_before>
          <space_after />
          <text_data language="German">
            <text from_TM="False" rev_id="13" status="New" time="1222355938">Added CD utilities (verify, duplicate, erase).</text>
          </text_data><text_data language="Spanish">
            <text from_TM="False" rev_id="11" status="Complete" time="1222354203">Spanish : tilities (verify, duplicate, erase).</text>
          </text_data><text_data language="English">
            <text from_TM="False" rev_id="11" status="Complete" time="1222354203">Added CD utilities (verify, duplicate, erase).</text>
          </text_data>
        </ta_sentence><ta_sentence do_translation="yes" encoding="utf-8" format="1" id="216" original_language="English">
          <space_before />
          <space_after />
          <text_data language="German">
            <text from_TM="False" rev_id="13" status="New" time="1222355938">Version: 1.4</text>
            <marker end="-1" id="0" start="9" />
            <marker end="-1" id="0" start="9" />
          </text_data><text_data language="Spanish">
            <text from_TM="False" rev_id="11" status="Complete" time="1222354203">Spanish : .4</text>
            <marker end="-1" id="0" start="9" />
            <marker end="-1" id="0" start="9" />
          </text_data><text_data language="English">
            <text from_TM="False" rev_id="11" status="Complete" time="1222354203">Version: 1.4</text>
            <marker end="-1" id="0" start="9" />
            <marker end="-1" id="0" start="9" />
          </text_data><marker_def id="0" type="html">
            <html_marker tag="strong" />
          </marker_def>
        </ta_sentence><ta_sentence do_translation="yes" encoding="utf-8" format="1" id="217" original_language="English">
          <space_before> </space_before>
          <space_after />
          <text_data language="German">
            <text from_TM="False" rev_id="13" status="New" time="1222355938">Date: 16/2/2004</text>
            <marker end="0" id="-1" start="-1" />
            <marker end="15" id="0" start="6" />
          </text_data><text_data language="Spanish">
            <text from_TM="False" rev_id="11" status="Complete" time="1222354203">Spanish : /2004</text>
            <marker end="0" id="-1" start="-1" />
            <marker end="15" id="0" start="6" />
          </text_data><text_data language="English">
            <text from_TM="False" rev_id="11" status="Complete" time="1222354203">Date: 16/2/2004</text>
            <marker end="0" id="-1" start="-1" />
            <marker end="15" id="0" start="6" />
          </text_data><marker_def id="-1" type="html">
            <html_marker tag="strong" />
          </marker_def><marker_def id="0" type="html">
            <html_marker tag="strong" />
          </marker_def>
        </ta_sentence><ta_sentence do_translation="yes" encoding="utf-8" format="1" id="218" original_language="English">
          <space_before />
          <space_after />
          <text_data language="German">
            <text from_TM="False" rev_id="13" status="New" time="1222355938">Description:</text>
          </text_data><text_data language="Spanish">
            <text from_TM="False" rev_id="11" status="Complete" time="1222354203">Spanish : n:</text>
          </text_data><text_data language="English">
            <text from_TM="False" rev_id="11" status="Complete" time="1222354203">Description:</text>
          </text_data>
        </ta_sentence><ta_sentence do_translation="yes" encoding="utf-8" format="1" id="219" original_language="English">
          <space_before> </space_before>
          <space_after />
          <text_data language="German">
            <text from_TM="False" rev_id="13" status="New" time="1222355938">CD burning </text>
            <marker end="11" id="0" start="0" />
          </text_data><text_data language="Spanish">
            <text from_TM="False" rev_id="11" status="Complete" time="1222354203">Spanish :  </text>
            <marker end="11" id="0" start="0" />
          </text_data><text_data language="English">
            <text from_TM="False" rev_id="11" status="Complete" time="1222354203">CD burning </text>
            <marker end="11" id="0" start="0" />
          </text_data><marker_def id="0" type="html">
            <html_marker tag="strong" />
          </marker_def>
        </ta_sentence><ta_sentence do_translation="yes" encoding="utf-8" format="1" id="220" original_language="English">
          <space_before />
          <space_after />
          <text_data language="German">
            <text from_TM="False" rev_id="13" status="New" time="1222355938">Added Burnproof and OPC technology support - user selectable.</text>
          </text_data><text_data language="Spanish">
            <text from_TM="False" rev_id="11" status="Complete" time="1222354203">Spanish : proof and OPC technology support - user selectable.</text>
          </text_data><text_data language="English">
            <text from_TM="False" rev_id="11" status="Complete" time="1222354203">Added Burnproof and OPC technology support - user selectable.</text>
          </text_data>
        </ta_sentence><ta_sentence do_translation="yes" encoding="utf-8" format="1" id="221" original_language="English">
          <space_before />
          <space_after />
          <text_data language="German">
            <text from_TM="False" rev_id="13" status="New" time="1222355938">Added test write mode, which is helpful for checking burning parameters on a CD without damaging it.</text>
          </text_data><text_data language="Spanish">
            <text from_TM="False" rev_id="11" status="Complete" time="1222354203">Spanish :  write mode, which is helpful for checking burning parameters on a CD without damaging it.</text>
          </text_data><text_data language="English">
            <text from_TM="False" rev_id="11" status="Complete" time="1222354203">Added test write mode, which is helpful for checking burning parameters on a CD without damaging it.</text>
          </text_data>
        </ta_sentence><ta_sentence do_translation="yes" encoding="utf-8" format="1" id="222" original_language="English">
          <space_before />
          <space_after />
          <text_data language="German">
            <text from_TM="False" rev_id="13" status="New" time="1222355938">Added automatic burning speed detection (set write speed to 0).</text>
          </text_data><text_data language="Spanish">
            <text from_TM="False" rev_id="11" status="Complete" time="1222354203">Spanish : matic burning speed detection (set write speed to 0).</text>
          </text_data><text_data language="English">
            <text from_TM="False" rev_id="11" status="Complete" time="1222354203">Added automatic burning speed detection (set write speed to 0).</text>
          </text_data>
        </ta_sentence><ta_sentence do_translation="yes" encoding="utf-8" format="1" id="223" original_language="English">
          <space_before> </space_before>
          <space_after> </space_after>
          <text_data language="German">
            <text from_TM="False" rev_id="13" status="New" time="1222355938">Scheduling</text>
          </text_data><text_data language="Spanish">
            <text from_TM="False" rev_id="11" status="Complete" time="1222354203">Spanish : </text>
          </text_data><text_data language="English">
            <text from_TM="False" rev_id="11" status="Complete" time="1222354203">Scheduling</text>
          </text_data>
        </ta_sentence><ta_sentence do_translation="yes" encoding="utf-8" format="1" id="224" original_language="English">
          <space_before />
          <space_after />
          <text_data language="German">
            <text from_TM="False" rev_id="13" status="New" time="1222355938">Added a scheduler, with scheduling capability for time or new files (or a combination of the both).</text>
          </text_data><text_data language="Spanish">
            <text from_TM="False" rev_id="11" status="Complete" time="1222354203">Spanish : heduler, with scheduling capability for time or new files (or a combination of the both).</text>
          </text_data><text_data language="English">
            <text from_TM="False" rev_id="11" status="Complete" time="1222354203">Added a scheduler, with scheduling capability for time or new files (or a combination of the both).</text>
          </text_data>
        </ta_sentence><ta_sentence do_translation="yes" encoding="utf-8" format="1" id="225" original_language="English">
          <space_before />
          <space_after> </space_after>
          <text_data language="German">
            <text from_TM="False" rev_id="13" status="New" time="1222355938">General</text>
            <marker end="7" id="0" start="0" />
          </text_data><text_data language="Spanish">
            <text from_TM="False" rev_id="11" status="Complete" time="1222354203">Spanish : </text>
            <marker end="7" id="0" start="0" />
          </text_data><text_data language="English">
            <text from_TM="False" rev_id="11" status="Complete" time="1222354203">General</text>
            <marker end="7" id="0" start="0" />
          </text_data><marker_def id="0" type="html">
            <html_marker tag="strong" />
          </marker_def>
        </ta_sentence><ta_sentence do_translation="yes" encoding="utf-8" format="1" id="226" original_language="English">
          <space_before />
          <space_after />
          <text_data language="German">
            <text from_TM="False" rev_id="13" status="New" time="1222355938">Navigation between screens is improved.</text>
          </text_data><text_data language="Spanish">
            <text from_TM="False" rev_id="11" status="Complete" time="1222354203">Spanish :  between screens is improved.</text>
          </text_data><text_data language="English">
            <text from_TM="False" rev_id="11" status="Complete" time="1222354203">Navigation between screens is improved.</text>
          </text_data>
        </ta_sentence><ta_sentence do_translation="yes" encoding="utf-8" format="1" id="227" original_language="English">
          <space_before />
          <space_after />
          <text_data language="German">
            <text from_TM="False" rev_id="13" status="New" time="1222355938">Version: 1.3</text>
            <marker end="-1" id="0" start="9" />
            <marker end="-1" id="0" start="9" />
          </text_data><text_data language="Spanish">
            <text from_TM="False" rev_id="11" status="Complete" time="1222354203">Spanish : .3</text>
            <marker end="-1" id="0" start="9" />
            <marker end="-1" id="0" start="9" />
          </text_data><text_data language="English">
            <text from_TM="False" rev_id="11" status="Complete" time="1222354203">Version: 1.3</text>
            <marker end="-1" id="0" start="9" />
            <marker end="-1" id="0" start="9" />
          </text_data><marker_def id="0" type="html">
            <html_marker tag="strong" />
          </marker_def>
        </ta_sentence><ta_sentence do_translation="yes" encoding="utf-8" format="1" id="228" original_language="English">
          <space_before> </space_before>
          <space_after />
          <text_data language="German">
            <text from_TM="False" rev_id="13" status="New" time="1222355938">Date: 24/1/2004</text>
            <marker end="0" id="-1" start="-1" />
            <marker end="15" id="0" start="6" />
          </text_data><text_data language="Spanish">
            <text from_TM="False" rev_id="11" status="Complete" time="1222354203">Spanish : /2004</text>
            <marker end="0" id="-1" start="-1" />
            <marker end="15" id="0" start="6" />
          </text_data><text_data language="English">
            <text from_TM="False" rev_id="11" status="Complete" time="1222354203">Date: 24/1/2004</text>
            <marker end="0" id="-1" start="-1" />
            <marker end="15" id="0" start="6" />
          </text_data><marker_def id="-1" type="html">
            <html_marker tag="strong" />
          </marker_def><marker_def id="0" type="html">
            <html_marker tag="strong" />
          </marker_def>
        </ta_sentence><ta_sentence do_translation="yes" encoding="utf-8" format="1" id="229" original_language="English">
          <space_before />
          <space_after />
          <text_data language="German">
            <text from_TM="False" rev_id="13" status="New" time="1222355938">Credit: Anonymous contributors</text>
          </text_data><text_data language="Spanish">
            <text from_TM="False" rev_id="11" status="Complete" time="1222354203">Spanish : onymous contributors</text>
          </text_data><text_data language="English">
            <text from_TM="False" rev_id="11" status="Complete" time="1222354203">Credit: Anonymous contributors</text>
          </text_data>
        </ta_sentence><ta_sentence do_translation="yes" encoding="utf-8" format="1" id="230" original_language="English">
          <space_before />
          <space_after />
          <text_data language="German">
            <text from_TM="False" rev_id="13" status="New" time="1222355938">Description:</text>
          </text_data><text_data language="Spanish">
            <text from_TM="False" rev_id="11" status="Complete" time="1222354203">Spanish : n:</text>
          </text_data><text_data language="English">
            <text from_TM="False" rev_id="11" status="Complete" time="1222354203">Description:</text>
          </text_data>
        </ta_sentence><ta_sentence do_translation="yes" encoding="utf-8" format="1" id="231" original_language="English">
          <space_before />
          <space_after />
          <text_data language="German">
            <text from_TM="False" rev_id="13" status="New" time="1222355938">CD burning</text>
            <marker end="-1" id="0" start="0" />
            <marker end="-1" id="0" start="0" />
          </text_data><text_data language="Spanish">
            <text from_TM="False" rev_id="11" status="Complete" time="1222354203">Spanish : </text>
            <marker end="-1" id="0" start="0" />
            <marker end="-1" id="0" start="0" />
          </text_data><text_data language="English">
            <text from_TM="False" rev_id="11" status="Complete" time="1222354203">CD burning</text>
            <marker end="-1" id="0" start="0" />
            <marker end="-1" id="0" start="0" />
          </text_data><marker_def id="0" type="html">
            <html_marker tag="strong" />
          </marker_def>
        </ta_sentence><ta_sentence do_translation="yes" encoding="utf-8" format="1" id="232" original_language="English">
          <space_before> </space_before>
          <space_after> </space_after>
          <text_data language="German">
            <text from_TM="False" rev_id="13" status="New" time="1222355938">No image file is created - burning is made directly from original files (much faster backup)</text>
            <marker end="0" id="-1" start="-1" />
          </text_data><text_data language="Spanish">
            <text from_TM="False" rev_id="11" status="Complete" time="1222354203">Spanish : ile is created - burning is made directly from original files (much faster backup)</text>
            <marker end="0" id="-1" start="-1" />
          </text_data><text_data language="English">
            <text from_TM="False" rev_id="11" status="Complete" time="1222354203">No image file is created - burning is made directly from original files (much faster backup)</text>
            <marker end="0" id="-1" start="-1" />
          </text_data><marker_def id="-1" type="html">
            <html_marker tag="strong" />
          </marker_def>
        </ta_sentence><ta_sentence do_translation="yes" encoding="utf-8" format="1" id="233" original_language="English">
          <space_before />
          <space_after> </space_after>
          <text_data language="German">
            <text from_TM="False" rev_id="13" status="New" time="1222355938">Fixed stability issues that existed with some burning hardware, which resulted in software crashes</text>
          </text_data><text_data language="Spanish">
            <text from_TM="False" rev_id="11" status="Complete" time="1222354203">Spanish : ility issues that existed with some burning hardware, which resulted in software crashes</text>
          </text_data><text_data language="English">
            <text from_TM="False" rev_id="11" status="Complete" time="1222354203">Fixed stability issues that existed with some burning hardware, which resulted in software crashes</text>
          </text_data>
        </ta_sentence><ta_sentence do_translation="yes" encoding="utf-8" format="1" id="234" original_language="English">
          <space_before />
          <space_after> </space_after>
          <text_data language="German">
            <text from_TM="False" rev_id="13" status="New" time="1222355938">Verify after burn added and activated as default</text>
          </text_data><text_data language="Spanish">
            <text from_TM="False" rev_id="11" status="Complete" time="1222354203">Spanish : er burn added and activated as default</text>
          </text_data><text_data language="English">
            <text from_TM="False" rev_id="11" status="Complete" time="1222354203">Verify after burn added and activated as default</text>
          </text_data>
        </ta_sentence><ta_sentence do_translation="yes" encoding="utf-8" format="1" id="235" original_language="English">
          <space_before />
          <space_after />
          <text_data language="German">
            <text from_TM="False" rev_id="13" status="New" time="1222355938">Index generation</text>
            <marker end="-1" id="0" start="0" />
            <marker end="-1" id="0" start="0" />
          </text_data><text_data language="Spanish">
            <text from_TM="False" rev_id="11" status="Complete" time="1222354203">Spanish : ration</text>
            <marker end="-1" id="0" start="0" />
            <marker end="-1" id="0" start="0" />
          </text_data><text_data language="English">
            <text from_TM="False" rev_id="11" status="Complete" time="1222354203">Index generation</text>
            <marker end="-1" id="0" start="0" />
            <marker end="-1" id="0" start="0" />
          </text_data><marker_def id="0" type="html">
            <html_marker tag="strong" />
          </marker_def>
        </ta_sentence><ta_sentence do_translation="yes" encoding="utf-8" format="1" id="236" original_language="English">
          <space_before> </space_before>
          <space_after> </space_after>
          <text_data language="German">
            <text from_TM="False" rev_id="13" status="New" time="1222355938">Graphical index moved to HTML format with clickable thumbnail images and navigation buttons</text>
            <marker end="0" id="-1" start="-1" />
          </text_data><text_data language="Spanish">
            <text from_TM="False" rev_id="11" status="Complete" time="1222354203">Spanish : index moved to HTML format with clickable thumbnail images and navigation buttons</text>
            <marker end="0" id="-1" start="-1" />
          </text_data><text_data language="English">
            <text from_TM="False" rev_id="11" status="Complete" time="1222354203">Graphical index moved to HTML format with clickable thumbnail images and navigation buttons</text>
            <marker end="0" id="-1" start="-1" />
          </text_data><marker_def id="-1" type="html">
            <html_marker tag="strong" />
          </marker_def>
        </ta_sentence><ta_sentence do_translation="yes" encoding="utf-8" format="1" id="237" original_language="English">
          <space_before />
          <space_after> </space_after>
          <text_data language="German">
            <text from_TM="False" rev_id="13" status="New" time="1222355938">Cached index for rapid index generation (several seconds per thousands of files)</text>
          </text_data><text_data language="Spanish">
            <text from_TM="False" rev_id="11" status="Complete" time="1222354203">Spanish : ex for rapid index generation (several seconds per thousands of files)</text>
          </text_data><text_data language="English">
            <text from_TM="False" rev_id="11" status="Complete" time="1222354203">Cached index for rapid index generation (several seconds per thousands of files)</text>
          </text_data>
        </ta_sentence><ta_sentence do_translation="yes" encoding="utf-8" format="1" id="238" original_language="English">
          <space_before />
          <space_after> </space_after>
          <text_data language="German">
            <text from_TM="False" rev_id="13" status="New" time="1222355938">Automatic index generation after burning</text>
          </text_data><text_data language="Spanish">
            <text from_TM="False" rev_id="11" status="Complete" time="1222354203">Spanish : index generation after burning</text>
          </text_data><text_data language="English">
            <text from_TM="False" rev_id="11" status="Complete" time="1222354203">Automatic index generation after burning</text>
          </text_data>
        </ta_sentence><ta_sentence do_translation="yes" encoding="utf-8" format="1" id="239" original_language="English">
          <space_before />
          <space_after> </space_after>
          <text_data language="German">
            <text from_TM="False" rev_id="13" status="New" time="1222355938">Automatic index burning to CD after backup</text>
          </text_data><text_data language="Spanish">
            <text from_TM="False" rev_id="11" status="Complete" time="1222354203">Spanish : index burning to CD after backup</text>
          </text_data><text_data language="English">
            <text from_TM="False" rev_id="11" status="Complete" time="1222354203">Automatic index burning to CD after backup</text>
          </text_data>
        </ta_sentence><ta_sentence do_translation="yes" encoding="utf-8" format="1" id="240" original_language="English">
          <space_before />
          <space_after> </space_after>
          <text_data language="German">
            <text from_TM="False" rev_id="13" status="New" time="1222355938">Index directory is automatically selected with no need for user definition</text>
          </text_data><text_data language="Spanish">
            <text from_TM="False" rev_id="11" status="Complete" time="1222354203">Spanish : ctory is automatically selected with no need for user definition</text>
          </text_data><text_data language="English">
            <text from_TM="False" rev_id="11" status="Complete" time="1222354203">Index directory is automatically selected with no need for user definition</text>
          </text_data>
        </ta_sentence><ta_sentence do_translation="yes" encoding="utf-8" format="1" id="241" original_language="English">
          <space_before />
          <space_after> </space_after>
          <text_data language="German">
            <text from_TM="False" rev_id="13" status="New" time="1222355938">General</text>
            <marker end="7" id="0" start="0" />
          </text_data><text_data language="Spanish">
            <text from_TM="False" rev_id="11" status="Complete" time="1222354203">Spanish : </text>
            <marker end="7" id="0" start="0" />
          </text_data><text_data language="English">
            <text from_TM="False" rev_id="11" status="Complete" time="1222354203">General</text>
            <marker end="7" id="0" start="0" />
          </text_data><marker_def id="0" type="html">
            <html_marker tag="strong" />
          </marker_def>
        </ta_sentence><ta_sentence do_translation="yes" encoding="utf-8" format="1" id="242" original_language="English">
          <space_before />
          <space_after />
          <text_data language="German">
            <text from_TM="False" rev_id="13" status="New" time="1222355938">Navigation between screens is improved</text>
          </text_data><text_data language="Spanish">
            <text from_TM="False" rev_id="11" status="Complete" time="1222354203">Spanish :  between screens is improved</text>
          </text_data><text_data language="English">
            <text from_TM="False" rev_id="11" status="Complete" time="1222354203">Navigation between screens is improved</text>
          </text_data>
        </ta_sentence><ta_sentence do_translation="yes" encoding="utf-8" format="1" id="243" original_language="English">
          <space_before />
          <space_after />
          <text_data language="German">
            <text from_TM="False" rev_id="13" status="New" time="1222355938">Version: 1.2</text>
            <marker end="-1" id="0" start="9" />
            <marker end="-1" id="0" start="9" />
          </text_data><text_data language="Spanish">
            <text from_TM="False" rev_id="11" status="Complete" time="1222354203">Spanish : .2</text>
            <marker end="-1" id="0" start="9" />
            <marker end="-1" id="0" start="9" />
          </text_data><text_data language="English">
            <text from_TM="False" rev_id="11" status="Complete" time="1222354203">Version: 1.2</text>
            <marker end="-1" id="0" start="9" />
            <marker end="-1" id="0" start="9" />
          </text_data><marker_def id="0" type="html">
            <html_marker tag="strong" />
          </marker_def>
        </ta_sentence><ta_sentence do_translation="yes" encoding="utf-8" format="1" id="244" original_language="English">
          <space_before> </space_before>
          <space_after />
          <text_data language="German">
            <text from_TM="False" rev_id="13" status="New" time="1222355938">Date: 25/12/2003</text>
            <marker end="0" id="-1" start="-1" />
            <marker end="16" id="0" start="6" />
          </text_data><text_data language="Spanish">
            <text from_TM="False" rev_id="11" status="Complete" time="1222354203">Spanish : 2/2003</text>
            <marker end="0" id="-1" start="-1" />
            <marker end="16" id="0" start="6" />
          </text_data><text_data language="English">
            <text from_TM="False" rev_id="11" status="Complete" time="1222354203">Date: 25/12/2003</text>
            <marker end="0" id="-1" start="-1" />
            <marker end="16" id="0" start="6" />
          </text_data><marker_def id="-1" type="html">
            <html_marker tag="strong" />
          </marker_def><marker_def id="0" type="html">
            <html_marker tag="strong" />
          </marker_def>
        </ta_sentence><ta_sentence do_translation="yes" encoding="utf-8" format="1" id="245" original_language="English">
          <space_before />
          <space_after />
          <text_data language="German">
            <text from_TM="False" rev_id="13" status="New" time="1222355938">Credit: RAC team</text>
          </text_data><text_data language="Spanish">
            <text from_TM="False" rev_id="11" status="Complete" time="1222354203">Spanish : C team</text>
          </text_data><text_data language="English">
            <text from_TM="False" rev_id="11" status="Complete" time="1222354203">Credit: RAC team</text>
          </text_data>
        </ta_sentence><ta_sentence do_translation="yes" encoding="utf-8" format="1" id="246" original_language="English">
          <space_before />
          <space_after />
          <text_data language="German">
            <text from_TM="False" rev_id="13" status="New" time="1222355938">Description:</text>
          </text_data><text_data language="Spanish">
            <text from_TM="False" rev_id="11" status="Complete" time="1222354203">Spanish : n:</text>
          </text_data><text_data language="English">
            <text from_TM="False" rev_id="11" status="Complete" time="1222354203">Description:</text>
          </text_data>
        </ta_sentence><ta_sentence do_translation="yes" encoding="utf-8" format="1" id="247" original_language="English">
          <space_before />
          <space_after />
          <text_data language="German">
            <text from_TM="False" rev_id="13" status="New" time="1222355938">Added local help.</text>
          </text_data><text_data language="Spanish">
            <text from_TM="False" rev_id="11" status="Complete" time="1222354203">Spanish : l help.</text>
          </text_data><text_data language="English">
            <text from_TM="False" rev_id="11" status="Complete" time="1222354203">Added local help.</text>
          </text_data>
        </ta_sentence><ta_sentence do_translation="yes" encoding="utf-8" format="1" id="248" original_language="English">
          <space_before />
          <space_after />
          <text_data language="German">
            <text from_TM="False" rev_id="13" status="New" time="1222355938">International character set support added, with Unicode support for Win2000/XP platforms.</text>
          </text_data><text_data language="Spanish">
            <text from_TM="False" rev_id="11" status="Complete" time="1222354203">Spanish : nal character set support added, with Unicode support for Win2000/XP platforms.</text>
          </text_data><text_data language="English">
            <text from_TM="False" rev_id="11" status="Complete" time="1222354203">International character set support added, with Unicode support for Win2000/XP platforms.</text>
          </text_data>
        </ta_sentence><ta_sentence do_translation="yes" encoding="utf-8" format="1" id="249" original_language="English">
          <space_before />
          <space_after />
          <text_data language="German">
            <text from_TM="False" rev_id="13" status="New" time="1222355938">Version: 1.1</text>
            <marker end="-1" id="0" start="9" />
            <marker end="-1" id="0" start="9" />
          </text_data><text_data language="Spanish">
            <text from_TM="False" rev_id="11" status="Complete" time="1222354203">Spanish : .1</text>
            <marker end="-1" id="0" start="9" />
            <marker end="-1" id="0" start="9" />
          </text_data><text_data language="English">
            <text from_TM="False" rev_id="11" status="Complete" time="1222354203">Version: 1.1</text>
            <marker end="-1" id="0" start="9" />
            <marker end="-1" id="0" start="9" />
          </text_data><marker_def id="0" type="html">
            <html_marker tag="strong" />
          </marker_def>
        </ta_sentence><ta_sentence do_translation="yes" encoding="utf-8" format="1" id="250" original_language="English">
          <space_before> </space_before>
          <space_after> </space_after>
          <text_data language="German">
            <text from_TM="False" rev_id="13" status="New" time="1222355938">Date: 24/11/2003</text>
            <marker end="0" id="-1" start="-1" />
            <marker end="16" id="0" start="6" />
          </text_data><text_data language="Spanish">
            <text from_TM="False" rev_id="11" status="Complete" time="1222354203">Spanish : 1/2003</text>
            <marker end="0" id="-1" start="-1" />
            <marker end="16" id="0" start="6" />
          </text_data><text_data language="English">
            <text from_TM="False" rev_id="11" status="Complete" time="1222354203">Date: 24/11/2003</text>
            <marker end="0" id="-1" start="-1" />
            <marker end="16" id="0" start="6" />
          </text_data><marker_def id="-1" type="html">
            <html_marker tag="strong" />
          </marker_def><marker_def id="0" type="html">
            <html_marker tag="strong" />
          </marker_def>
        </ta_sentence><ta_sentence do_translation="yes" encoding="utf-8" format="1" id="251" original_language="English">
          <space_before />
          <space_after> </space_after>
          <text_data language="German">
            <text from_TM="False" rev_id="13" status="New" time="1222355938">Description:</text>
          </text_data><text_data language="Spanish">
            <text from_TM="False" rev_id="11" status="Complete" time="1222354203">Spanish : n:</text>
          </text_data><text_data language="English">
            <text from_TM="False" rev_id="11" status="Complete" time="1222354203">Description:</text>
          </text_data>
        </ta_sentence><ta_sentence do_translation="yes" encoding="utf-8" format="1" id="252" original_language="English">
          <space_before />
          <space_after> </space_after>
          <text_data language="German">
            <text from_TM="False" rev_id="13" status="New" time="1222355938">Initial release tested on Windows98/Me/2000/XP.</text>
          </text_data><text_data language="Spanish">
            <text from_TM="False" rev_id="11" status="Complete" time="1222354203">Spanish : lease tested on Windows98/Me/2000/XP.</text>
          </text_data><text_data language="English">
            <text from_TM="False" rev_id="11" status="Complete" time="1222354203">Initial release tested on Windows98/Me/2000/XP.</text>
          </text_data>
        </ta_sentence><ta_sentence do_translation="yes" encoding="utf-8" format="1" id="253" original_language="English">
          <space_before />
          <space_after />
          <text_data language="German">
            <text from_TM="False" rev_id="13" status="New" time="1222355938">Products&#160;&#160; - &#160;&#160;Passport Photo&#160;&#160; - &#160;&#160;Photo Backup&#160;&#160; - &#160;&#160;Shrink Pic&#160;&#160; - &#160;&#160;Resources&#160;&#160; - &#160;&#160;Partners&#160;&#160; - &#160;&#160;Blog</text>
            <marker end="8" id="0" start="0" />
            <marker end="29" id="1" start="15" />
            <marker end="48" id="2" start="36" />
            <marker end="65" id="3" start="55" />
            <marker end="81" id="4" start="72" />
            <marker end="96" id="5" start="88" />
            <marker end="107" id="6" start="103" />
          </text_data><text_data language="Spanish">
            <text from_TM="False" rev_id="11" status="Complete" time="1222354203">Spanish :  - &#160;&#160;Passport Photo&#160;&#160; - &#160;&#160;Photo Backup&#160;&#160; - &#160;&#160;Shrink Pic&#160;&#160; - &#160;&#160;Resources&#160;&#160; - &#160;&#160;Partners&#160;&#160; - &#160;&#160;Blog</text>
            <marker end="8" id="0" start="0" />
            <marker end="29" id="1" start="15" />
            <marker end="48" id="2" start="36" />
            <marker end="65" id="3" start="55" />
            <marker end="81" id="4" start="72" />
            <marker end="96" id="5" start="88" />
            <marker end="107" id="6" start="103" />
          </text_data><text_data language="English">
            <text from_TM="False" rev_id="11" status="Complete" time="1222354203">Products&#160;&#160; - &#160;&#160;Passport Photo&#160;&#160; - &#160;&#160;Photo Backup&#160;&#160; - &#160;&#160;Shrink Pic&#160;&#160; - &#160;&#160;Resources&#160;&#160; - &#160;&#160;Partners&#160;&#160; - &#160;&#160;Blog</text>
            <marker end="8" id="0" start="0" />
            <marker end="29" id="1" start="15" />
            <marker end="48" id="2" start="36" />
            <marker end="65" id="3" start="55" />
            <marker end="81" id="4" start="72" />
            <marker end="96" id="5" start="88" />
            <marker end="107" id="6" start="103" />
          </text_data><marker_def id="0" type="html">
            <html_marker tag="a">
              <attr name="href" val="./" />
            </html_marker>
          </marker_def><marker_def id="1" type="html">
            <html_marker tag="a">
              <attr name="href" val="passport_photo.htm" />
            </html_marker>
          </marker_def><marker_def id="2" type="html">
            <html_marker tag="a">
              <attr name="href" val="photo_backup.htm" />
            </html_marker>
          </marker_def><marker_def id="3" type="html">
            <html_marker tag="a">
              <attr name="href" val="shrink_pic.htm" />
            </html_marker>
          </marker_def><marker_def id="4" type="html">
            <html_marker tag="a">
              <attr name="href" val="links_nav.htm" />
            </html_marker>
          </marker_def><marker_def id="5" type="html">
            <html_marker tag="a">
              <attr name="href" val="partners.htm" />
            </html_marker>
          </marker_def><marker_def id="6" type="html">
            <html_marker tag="a">
              <attr name="href" val="blog/" />
            </html_marker>
          </marker_def>
        </ta_sentence><ta_sentence do_translation="yes" encoding="utf-8" format="1" id="254" original_language="English">
          <space_before />
          <space_after />
          <text_data language="German">
            <text from_TM="False" rev_id="13" status="New" time="1222355938">This website has been translated using ICanLocalize - Affordable Website Translation</text>
            <marker end="-1" id="0" start="0" />
            <marker end="84" id="1" start="39" />
            <marker end="-1" id="0" start="0" />
          </text_data><text_data language="Spanish">
            <text from_TM="False" rev_id="11" status="Complete" time="1222354203">Spanish : te has been translated using ICanLocalize - Affordable Website Translation</text>
            <marker end="-1" id="0" start="0" />
            <marker end="84" id="1" start="39" />
            <marker end="-1" id="0" start="0" />
          </text_data><text_data language="English">
            <text from_TM="False" rev_id="11" status="Complete" time="1222354203">This website has been translated using ICanLocalize - Affordable Website Translation</text>
            <marker end="-1" id="0" start="0" />
            <marker end="84" id="1" start="39" />
            <marker end="-1" id="0" start="0" />
          </text_data><marker_def id="0" type="html">
            <html_marker tag="span">
              <attr name="class" val="copyright" />
            </html_marker>
          </marker_def><marker_def id="1" type="html">
            <html_marker tag="a">
              <attr name="target" val="_blank" />
              <attr name="href" val="http://www.icanlocalize.com" />
            </html_marker>
          </marker_def>
        </ta_sentence><ta_sentence do_translation="yes" encoding="utf-8" format="1" id="255" original_language="English">
          <space_before />
          <space_after />
          <text_data language="German">
            <text from_TM="False" rev_id="13" status="New" time="1222355938">&#169; OnTheGoSystems,INC. 2003-2008</text>
            <marker end="21" id="0" start="2" />
            <marker end="31" id="-1" start="-1" />
          </text_data><text_data language="Spanish">
            <text from_TM="False" rev_id="11" status="Complete" time="1222354203">Spanish : ystems,INC. 2003-2008</text>
            <marker end="21" id="0" start="2" />
            <marker end="31" id="-1" start="-1" />
          </text_data><text_data language="English">
            <text from_TM="False" rev_id="11" status="Complete" time="1222354203">&#169; OnTheGoSystems,INC. 2003-2008</text>
            <marker end="21" id="0" start="2" />
            <marker end="31" id="-1" start="-1" />
          </text_data><marker_def id="0" type="html">
            <html_marker tag="a">
              <attr name="href" val="http://www.onthegosystems.com/" />
              <attr name="target" val="_blank" />
            </html_marker>
          </marker_def><marker_def id="-1" type="html">
            <html_marker tag="span" />
          </marker_def>
        </ta_sentence>
      </sentences><html_output_change_data_3 />
    </translation>
  </ta_buffer><HTML_output mode="folder">
    <folders />
    <domains />
    <sites />
    <extensions />
    <language_selector include="True" position="0" type="0" />
    <output_languages />
    <support_files Duplicate="NONE">
      <files_to_duplicate />
    </support_files><custom_path />
    <custom_support_path />
    <output_path />
    <ta_support_path />
    <lang_select_search_text use_re="False" />
  </HTML_output><external_link_replacement scan_required="True" />
  <blog_output />
  <spell_ignore_words>
    <language name="German">Pasport</language>
    <language name="Spanish">Photo</language>
  </spell_ignore_words>
</TA_project>